Iteration 0
Elapsed time for kappa 71.0102 sec
Elapsed time for experts 21.2753 sec
Elapsed time for households 16.8878 sec
Iteration 1
Elapsed time for kappa 39.2659 sec
Elapsed time for experts 14.6253 sec
Elapsed time for households 13.4316 sec
Iteration 2
Elapsed time for kappa 36.9065 sec
Elapsed time for experts 18.8685 sec
Elapsed time for households 13.4445 sec
Iteration 3
Elapsed time for kappa 32.5703 sec
Elapsed time for experts 14.3005 sec
Elapsed time for households 13.0714 sec
Iteration 4
Elapsed time for kappa 32.9049 sec
Elapsed time for experts 11.9707 sec
Elapsed time for households 13.0623 sec
Iteration 5
Elapsed time for kappa 32.5736 sec
Elapsed time for experts 14.5668 sec
Elapsed time for households 11.0120 sec
Iteration 6
Elapsed time for kappa 32.9638 sec
Elapsed time for experts 11.8406 sec
Elapsed time for households 13.0788 sec
Iteration 7
Elapsed time for kappa 33.1546 sec
Elapsed time for experts 11.8397 sec
Elapsed time for households 13.9750 sec
Iteration 8
Elapsed time for kappa 32.7108 sec
Elapsed time for experts 19.2329 sec
Elapsed time for households 12.2144 sec
Iteration 9
Elapsed time for kappa 33.3583 sec
Elapsed time for experts 13.0627 sec
Elapsed time for households 12.9587 sec
Iteration 10
Elapsed time for kappa 34.4284 sec
Elapsed time for experts 12.8209 sec
Elapsed time for households 11.6531 sec
Iteration 11
Elapsed time for kappa 34.1739 sec
Elapsed time for experts 12.2479 sec
Elapsed time for households 10.8103 sec
Iteration 12
Elapsed time for kappa 33.5307 sec
Elapsed time for experts 12.4954 sec
Elapsed time for households 11.7320 sec
Iteration 13
Elapsed time for kappa 37.7181 sec
Elapsed time for experts 13.9151 sec
Elapsed time for households 13.6755 sec
Iteration 14
Elapsed time for kappa 34.7643 sec
Elapsed time for experts 21.5123 sec
Elapsed time for households 13.3017 sec
Iteration 15
Elapsed time for kappa 35.1893 sec
Elapsed time for experts 13.9150 sec
Elapsed time for households 11.8140 sec
Iteration 16
Elapsed time for kappa 33.8625 sec
Elapsed time for experts 12.7936 sec
Elapsed time for households 10.9751 sec
Iteration 17
Elapsed time for kappa 33.5714 sec
Elapsed time for experts 13.2323 sec
Elapsed time for households 11.0959 sec
Iteration 18
Elapsed time for kappa 33.0976 sec
Elapsed time for experts 13.0077 sec
Elapsed time for households 12.0122 sec
Iteration 19
Elapsed time for kappa 32.8340 sec
Elapsed time for experts 12.5224 sec
Elapsed time for households 12.1291 sec
Iteration 20
Elapsed time for kappa 42.5947 sec
Elapsed time for experts 13.8006 sec
Elapsed time for households 13.5626 sec
Iteration 21
Elapsed time for kappa 33.4932 sec
Elapsed time for experts 13.0917 sec
Elapsed time for households 12.4640 sec
Iteration 22
Elapsed time for kappa 33.1614 sec
Elapsed time for experts 12.4144 sec
Elapsed time for households 11.4605 sec
Iteration 23
Elapsed time for kappa 33.2347 sec
Elapsed time for experts 12.4508 sec
Elapsed time for households 12.6987 sec
Iteration 24
Elapsed time for kappa 33.1270 sec
Elapsed time for experts 12.8250 sec
Elapsed time for households 10.9658 sec
Iteration 25
Elapsed time for kappa 34.5400 sec
Elapsed time for experts 12.0213 sec
Elapsed time for households 12.0795 sec
Iteration 26
Elapsed time for kappa 43.9350 sec
Elapsed time for experts 14.3371 sec
Elapsed time for households 12.4422 sec
Iteration 27
Elapsed time for kappa 37.0541 sec
Elapsed time for experts 13.4591 sec
Elapsed time for households 12.3380 sec
Iteration 28
Elapsed time for kappa 36.1861 sec
Elapsed time for experts 13.5145 sec
Elapsed time for households 11.8962 sec
Iteration 29
Elapsed time for kappa 33.1244 sec
Elapsed time for experts 14.7502 sec
Elapsed time for households 11.4336 sec
Iteration 30
Elapsed time for kappa 33.2554 sec
Elapsed time for experts 12.1814 sec
Elapsed time for households 11.4829 sec
Iteration 31
Elapsed time for kappa 32.5410 sec
Elapsed time for experts 12.9127 sec
Elapsed time for households 11.5450 sec
Iteration 32
Elapsed time for kappa 43.0359 sec
Elapsed time for experts 13.5375 sec
Elapsed time for households 11.4425 sec
Iteration 33
Elapsed time for kappa 34.0810 sec
Elapsed time for experts 13.0278 sec
Elapsed time for households 12.2786 sec
Iteration 34
Elapsed time for kappa 34.4028 sec
Elapsed time for experts 12.1732 sec
Elapsed time for households 11.0424 sec
Iteration 35
Elapsed time for kappa 33.0922 sec
Elapsed time for experts 13.0582 sec
Elapsed time for households 11.7592 sec
Iteration 36
Elapsed time for kappa 34.8964 sec
Elapsed time for experts 12.5548 sec
Elapsed time for households 10.9100 sec
Iteration 37
Elapsed time for kappa 33.7135 sec
Elapsed time for experts 13.4178 sec
Elapsed time for households 11.5542 sec
Iteration 38
Elapsed time for kappa 42.8734 sec
Elapsed time for experts 14.0536 sec
Elapsed time for households 12.5004 sec
Iteration 39
Elapsed time for kappa 34.0833 sec
Elapsed time for experts 13.0411 sec
Elapsed time for households 12.4134 sec
Iteration 40
Elapsed time for kappa 36.3750 sec
Elapsed time for experts 14.1684 sec
Elapsed time for households 11.1978 sec
Iteration 41
Elapsed time for kappa 33.9724 sec
Elapsed time for experts 12.6352 sec
Elapsed time for households 11.0848 sec
Iteration 42
Elapsed time for kappa 33.2750 sec
Elapsed time for experts 12.7209 sec
Elapsed time for households 11.5899 sec
Iteration 43
Elapsed time for kappa 34.6977 sec
Elapsed time for experts 12.2554 sec
Elapsed time for households 11.0343 sec
Iteration 44
Elapsed time for kappa 41.3891 sec
Elapsed time for experts 13.3801 sec
Elapsed time for households 11.7384 sec
Iteration 45
Elapsed time for kappa 33.7005 sec
Elapsed time for experts 13.0319 sec
Elapsed time for households 11.1480 sec
Iteration 46
Elapsed time for kappa 34.4902 sec
Elapsed time for experts 13.0283 sec
Elapsed time for households 11.4833 sec
Iteration 47
Elapsed time for kappa 33.5119 sec
Elapsed time for experts 12.9333 sec
Elapsed time for households 11.1187 sec
Iteration 48
Elapsed time for kappa 32.8792 sec
Elapsed time for experts 12.2178 sec
Elapsed time for households 13.0086 sec
Iteration 49
Elapsed time for kappa 32.7372 sec
Elapsed time for experts 12.5186 sec
Elapsed time for households 18.9763 sec
Iteration 50
Elapsed time for kappa 36.1996 sec
Elapsed time for experts 13.9786 sec
Elapsed time for households 12.4591 sec
Iteration 51
Elapsed time for kappa 33.6924 sec
Elapsed time for experts 12.8748 sec
Elapsed time for households 11.1985 sec
Iteration 52
Elapsed time for kappa 33.0905 sec
Elapsed time for experts 12.5914 sec
Elapsed time for households 12.6683 sec
Iteration 53
Elapsed time for kappa 32.9743 sec
Elapsed time for experts 13.5974 sec
Elapsed time for households 11.2844 sec
Iteration 54
Elapsed time for kappa 32.9944 sec
Elapsed time for experts 11.9112 sec
Elapsed time for households 11.2900 sec
Iteration 55
Elapsed time for kappa 32.9850 sec
Elapsed time for experts 11.9612 sec
Elapsed time for households 10.8268 sec
Iteration 56
Elapsed time for kappa 42.8715 sec
Elapsed time for experts 12.9839 sec
Elapsed time for households 11.7148 sec
Iteration 57
Elapsed time for kappa 34.2697 sec
Elapsed time for experts 12.6792 sec
Elapsed time for households 14.0297 sec
Iteration 58
Elapsed time for kappa 37.1122 sec
Elapsed time for experts 14.7842 sec
Elapsed time for households 13.1027 sec
Iteration 59
Elapsed time for kappa 36.1574 sec
Elapsed time for experts 13.8526 sec
Elapsed time for households 12.6956 sec
Iteration 60
Elapsed time for kappa 36.8001 sec
Elapsed time for experts 12.3279 sec
Elapsed time for households 11.0365 sec
Iteration 61
Elapsed time for kappa 32.6918 sec
Elapsed time for experts 19.7145 sec
Elapsed time for households 14.2563 sec
Iteration 62
Elapsed time for kappa 34.3470 sec
Elapsed time for experts 13.6771 sec
Elapsed time for households 12.7965 sec
Iteration 63
Elapsed time for kappa 34.1594 sec
Elapsed time for experts 13.0587 sec
Elapsed time for households 11.0562 sec
Iteration 64
Elapsed time for kappa 33.1588 sec
Elapsed time for experts 12.5648 sec
Elapsed time for households 10.9479 sec
Iteration 65
Elapsed time for kappa 33.6275 sec
Elapsed time for experts 13.6100 sec
Elapsed time for households 11.0350 sec
Iteration 66
Elapsed time for kappa 32.7356 sec
Elapsed time for experts 12.5032 sec
Elapsed time for households 11.7906 sec
Iteration 67
Elapsed time for kappa 32.6005 sec
Elapsed time for experts 20.5596 sec
Elapsed time for households 12.6146 sec
Iteration 68
Elapsed time for kappa 34.7179 sec
Elapsed time for experts 12.9347 sec
Elapsed time for households 11.9074 sec
Iteration 69
Elapsed time for kappa 34.4555 sec
Elapsed time for experts 12.2707 sec
Elapsed time for households 11.1348 sec
Iteration 70
Elapsed time for kappa 33.7132 sec
Elapsed time for experts 12.3266 sec
Elapsed time for households 11.2398 sec
Iteration 71
Elapsed time for kappa 33.6917 sec
Elapsed time for experts 12.6519 sec
Elapsed time for households 11.0840 sec
Iteration 72
Elapsed time for kappa 32.8565 sec
Elapsed time for experts 12.1672 sec
Elapsed time for households 11.1237 sec
Iteration 73
Elapsed time for kappa 32.8408 sec
Elapsed time for experts 21.1382 sec
Elapsed time for households 14.8819 sec
Iteration 74
Elapsed time for kappa 34.5983 sec
Elapsed time for experts 13.4017 sec
Elapsed time for households 11.5422 sec
Iteration 75
Elapsed time for kappa 34.4147 sec
Elapsed time for experts 12.4955 sec
Elapsed time for households 11.3203 sec
Iteration 76
Elapsed time for kappa 33.9984 sec
Elapsed time for experts 12.6047 sec
Elapsed time for households 11.1577 sec
Iteration 77
Elapsed time for kappa 33.2996 sec
Elapsed time for experts 12.7799 sec
Elapsed time for households 12.7707 sec
Iteration 78
Elapsed time for kappa 38.1675 sec
Elapsed time for experts 13.3385 sec
Elapsed time for households 12.9047 sec
Iteration 79
Elapsed time for kappa 32.6806 sec
Elapsed time for experts 21.3051 sec
Elapsed time for households 12.5471 sec
Iteration 80
Elapsed time for kappa 35.6878 sec
Elapsed time for experts 13.1015 sec
Elapsed time for households 11.7838 sec
Iteration 81
Elapsed time for kappa 34.0224 sec
Elapsed time for experts 13.9652 sec
Elapsed time for households 11.3122 sec
Iteration 82
Elapsed time for kappa 33.6415 sec
Elapsed time for experts 13.2860 sec
Elapsed time for households 12.6447 sec
Iteration 83
Elapsed time for kappa 33.5428 sec
Elapsed time for experts 12.7731 sec
Elapsed time for households 10.8891 sec
Iteration 84
Elapsed time for kappa 33.9195 sec
Elapsed time for experts 13.6926 sec
Elapsed time for households 11.7204 sec
Iteration 85
Elapsed time for kappa 45.2255 sec
Elapsed time for experts 15.5034 sec
Elapsed time for households 13.9498 sec
Iteration 86
Elapsed time for kappa 35.4975 sec
Elapsed time for experts 12.9265 sec
Elapsed time for households 11.5325 sec
Iteration 87
Elapsed time for kappa 33.9318 sec
Elapsed time for experts 12.4446 sec
Elapsed time for households 11.0542 sec
Iteration 88
Elapsed time for kappa 33.9098 sec
Elapsed time for experts 12.4687 sec
Elapsed time for households 11.0325 sec
Iteration 89
Elapsed time for kappa 33.3255 sec
Elapsed time for experts 12.3355 sec
Elapsed time for households 10.9580 sec
Iteration 90
Elapsed time for kappa 34.0279 sec
Elapsed time for experts 12.8683 sec
Elapsed time for households 10.7639 sec
Iteration 91
Elapsed time for kappa 43.4597 sec
Elapsed time for experts 13.4323 sec
Elapsed time for households 11.6716 sec
Iteration 92
Elapsed time for kappa 34.3061 sec
Elapsed time for experts 13.3395 sec
Elapsed time for households 11.5560 sec
Iteration 93
Elapsed time for kappa 34.2938 sec
Elapsed time for experts 13.5786 sec
Elapsed time for households 12.3274 sec
Iteration 94
Elapsed time for kappa 36.4235 sec
Elapsed time for experts 14.4461 sec
Elapsed time for households 12.0532 sec
Iteration 95
Elapsed time for kappa 33.6661 sec
Elapsed time for experts 12.2574 sec
Elapsed time for households 11.0646 sec
Iteration 96
Elapsed time for kappa 33.5130 sec
Elapsed time for experts 12.5864 sec
Elapsed time for households 10.8798 sec
Iteration 97
Elapsed time for kappa 43.0472 sec
Elapsed time for experts 13.6061 sec
Elapsed time for households 11.9977 sec
Iteration 98
Elapsed time for kappa 35.9720 sec
Elapsed time for experts 13.8739 sec
Elapsed time for households 12.2949 sec
Iteration 99
Elapsed time for kappa 33.9990 sec
Elapsed time for experts 12.7082 sec
Elapsed time for households 11.0987 sec
Iteration 100
Elapsed time for kappa 33.7921 sec
Elapsed time for experts 12.5038 sec
Elapsed time for households 11.2577 sec
Iteration 101
Elapsed time for kappa 33.5146 sec
Elapsed time for experts 12.5385 sec
Elapsed time for households 10.9266 sec
Iteration 102
Elapsed time for kappa 32.7946 sec
Elapsed time for experts 12.7006 sec
Elapsed time for households 11.0270 sec
Iteration 103
Elapsed time for kappa 42.9451 sec
Elapsed time for experts 14.0082 sec
Elapsed time for households 12.6864 sec
Iteration 104
Elapsed time for kappa 36.0920 sec
Elapsed time for experts 13.0725 sec
Elapsed time for households 11.7145 sec
Iteration 105
Elapsed time for kappa 36.1993 sec
Elapsed time for experts 13.9526 sec
Elapsed time for households 12.6195 sec
Iteration 106
Elapsed time for kappa 33.6248 sec
Elapsed time for experts 13.5399 sec
Elapsed time for households 11.8128 sec
Iteration 107
Elapsed time for kappa 33.2061 sec
Elapsed time for experts 12.1839 sec
Elapsed time for households 10.9110 sec
Iteration 108
Elapsed time for kappa 33.1202 sec
Elapsed time for experts 12.4567 sec
Elapsed time for households 11.0461 sec
Iteration 109
Elapsed time for kappa 44.3986 sec
Elapsed time for experts 14.3104 sec
Elapsed time for households 11.8166 sec
Iteration 110
Elapsed time for kappa 34.8476 sec
Elapsed time for experts 12.9238 sec
Elapsed time for households 11.7674 sec
Iteration 111
Elapsed time for kappa 34.3872 sec
Elapsed time for experts 12.7913 sec
Elapsed time for households 11.1372 sec
Iteration 112
Elapsed time for kappa 33.5968 sec
Elapsed time for experts 12.2180 sec
Elapsed time for households 11.1330 sec
Iteration 113
Elapsed time for kappa 34.0244 sec
Elapsed time for experts 12.2597 sec
Elapsed time for households 11.0259 sec
Iteration 114
Elapsed time for kappa 33.4327 sec
Elapsed time for experts 12.6893 sec
Elapsed time for households 10.9150 sec
Iteration 115
Elapsed time for kappa 42.9684 sec
Elapsed time for experts 13.4460 sec
Elapsed time for households 11.7424 sec
Iteration 116
Elapsed time for kappa 35.4793 sec
Elapsed time for experts 14.3926 sec
Elapsed time for households 12.5782 sec
Iteration 117
Elapsed time for kappa 34.8798 sec
Elapsed time for experts 13.9903 sec
Elapsed time for households 12.2927 sec
Iteration 118
Elapsed time for kappa 36.6510 sec
Elapsed time for experts 13.9379 sec
Elapsed time for households 12.2558 sec
Iteration 119
Elapsed time for kappa 33.3848 sec
Elapsed time for experts 13.1773 sec
Elapsed time for households 11.6586 sec
Iteration 120
Elapsed time for kappa 32.7884 sec
Elapsed time for experts 12.7989 sec
Elapsed time for households 18.4662 sec
Iteration 121
Elapsed time for kappa 35.6060 sec
Elapsed time for experts 13.1514 sec
Elapsed time for households 11.7063 sec
Iteration 122
Elapsed time for kappa 34.7579 sec
Elapsed time for experts 13.3381 sec
Elapsed time for households 11.6999 sec
Iteration 123
Elapsed time for kappa 36.8950 sec
Elapsed time for experts 13.6272 sec
Elapsed time for households 12.2006 sec
Iteration 124
Elapsed time for kappa 36.4215 sec
Elapsed time for experts 12.3684 sec
Elapsed time for households 11.7906 sec
Iteration 125
Elapsed time for kappa 34.9505 sec
Elapsed time for experts 13.3248 sec
Elapsed time for households 11.9397 sec
Iteration 126
Elapsed time for kappa 32.7599 sec
Elapsed time for experts 21.2859 sec
Elapsed time for households 12.5068 sec
Iteration 127
Elapsed time for kappa 35.3296 sec
Elapsed time for experts 12.9287 sec
Elapsed time for households 11.9202 sec
Iteration 128
Elapsed time for kappa 34.4698 sec
Elapsed time for experts 13.0250 sec
Elapsed time for households 11.4890 sec
Iteration 129
Elapsed time for kappa 33.7830 sec
Elapsed time for experts 12.8947 sec
Elapsed time for households 11.0957 sec
Iteration 130
Elapsed time for kappa 35.0900 sec
Elapsed time for experts 13.0187 sec
Elapsed time for households 11.6518 sec
Iteration 131
Elapsed time for kappa 33.1751 sec
Elapsed time for experts 12.4867 sec
Elapsed time for households 10.7280 sec
Iteration 132
Elapsed time for kappa 32.8967 sec
Elapsed time for experts 22.4010 sec
Elapsed time for households 13.2395 sec
Iteration 133
Elapsed time for kappa 35.7674 sec
Elapsed time for experts 13.0032 sec
Elapsed time for households 11.7066 sec
Iteration 134
Elapsed time for kappa 34.8368 sec
Elapsed time for experts 13.4406 sec
Elapsed time for households 11.6497 sec
Iteration 135
Elapsed time for kappa 34.2080 sec
Elapsed time for experts 12.5810 sec
Elapsed time for households 11.3654 sec
Iteration 136
Elapsed time for kappa 33.4322 sec
Elapsed time for experts 12.3564 sec
Elapsed time for households 11.1036 sec
Iteration 137
Elapsed time for kappa 32.9991 sec
Elapsed time for experts 12.2963 sec
Elapsed time for households 10.9327 sec
Iteration 138
Elapsed time for kappa 33.2439 sec
Elapsed time for experts 21.3933 sec
Elapsed time for households 13.2105 sec
Iteration 139
Elapsed time for kappa 36.0983 sec
Elapsed time for experts 13.3571 sec
Elapsed time for households 12.1184 sec
Iteration 140
Elapsed time for kappa 34.6210 sec
Elapsed time for experts 13.2381 sec
Elapsed time for households 11.7553 sec
Iteration 141
Elapsed time for kappa 35.0136 sec
Elapsed time for experts 13.9425 sec
Elapsed time for households 12.1690 sec
Iteration 142
Elapsed time for kappa 35.8148 sec
Elapsed time for experts 13.3709 sec
Elapsed time for households 11.0739 sec
Iteration 143
Elapsed time for kappa 32.9557 sec
Elapsed time for experts 12.3374 sec
Elapsed time for households 12.2855 sec
Iteration 144
Elapsed time for kappa 36.8434 sec
Elapsed time for experts 21.2924 sec
Elapsed time for households 12.2289 sec
Iteration 145
Elapsed time for kappa 37.0476 sec
Elapsed time for experts 13.5705 sec
Elapsed time for households 12.7752 sec
Iteration 146
Elapsed time for kappa 35.4587 sec
Elapsed time for experts 13.6017 sec
Elapsed time for households 11.9512 sec
Iteration 147
Elapsed time for kappa 34.2100 sec
Elapsed time for experts 12.7479 sec
Elapsed time for households 11.2913 sec
Iteration 148
Elapsed time for kappa 33.9192 sec
Elapsed time for experts 12.4868 sec
Elapsed time for households 11.1727 sec
Iteration 149
Elapsed time for kappa 33.3890 sec
Elapsed time for experts 12.5222 sec
Elapsed time for households 11.3961 sec
Iteration 150
Elapsed time for kappa 44.1544 sec
Elapsed time for experts 14.5185 sec
Elapsed time for households 12.9765 sec
Iteration 151
Elapsed time for kappa 35.9404 sec
Elapsed time for experts 13.5089 sec
Elapsed time for households 11.7869 sec
Iteration 152
Elapsed time for kappa 35.2359 sec
Elapsed time for experts 13.1551 sec
Elapsed time for households 11.4170 sec
Iteration 153
Elapsed time for kappa 34.1748 sec
Elapsed time for experts 12.5984 sec
Elapsed time for households 11.1990 sec
Iteration 154
Elapsed time for kappa 33.1490 sec
Elapsed time for experts 12.4896 sec
Elapsed time for households 11.9978 sec
Iteration 155
Elapsed time for kappa 33.0897 sec
Elapsed time for experts 12.9114 sec
Elapsed time for households 11.7954 sec
Iteration 156
Elapsed time for kappa 45.7654 sec
Elapsed time for experts 13.7038 sec
Elapsed time for households 11.7895 sec
Iteration 157
Elapsed time for kappa 35.3915 sec
Elapsed time for experts 15.1689 sec
Elapsed time for households 13.7978 sec
Iteration 158
Elapsed time for kappa 36.5007 sec
Elapsed time for experts 13.4092 sec
Elapsed time for households 11.4239 sec
Iteration 159
Elapsed time for kappa 34.4195 sec
Elapsed time for experts 13.1454 sec
Elapsed time for households 11.6104 sec
Iteration 160
Elapsed time for kappa 33.6949 sec
Elapsed time for experts 13.1114 sec
Elapsed time for households 12.0664 sec
Iteration 161
Elapsed time for kappa 33.3810 sec
Elapsed time for experts 13.0754 sec
Elapsed time for households 11.0057 sec
Iteration 162
Elapsed time for kappa 44.0833 sec
Elapsed time for experts 13.8851 sec
Elapsed time for households 12.0456 sec
Iteration 163
Elapsed time for kappa 35.3042 sec
Elapsed time for experts 12.9951 sec
Elapsed time for households 11.8230 sec
Iteration 164
Elapsed time for kappa 34.9862 sec
Elapsed time for experts 13.5212 sec
Elapsed time for households 12.4542 sec
Iteration 165
Elapsed time for kappa 34.9972 sec
Elapsed time for experts 12.7480 sec
Elapsed time for households 11.2845 sec
Iteration 166
Elapsed time for kappa 33.6046 sec
Elapsed time for experts 12.6234 sec
Elapsed time for households 11.1153 sec
Iteration 167
Elapsed time for kappa 33.6549 sec
Elapsed time for experts 12.4434 sec
Elapsed time for households 11.2342 sec
Iteration 168
Elapsed time for kappa 43.6318 sec
Elapsed time for experts 13.5837 sec
Elapsed time for households 11.8747 sec
Iteration 169
Elapsed time for kappa 35.4632 sec
Elapsed time for experts 13.2115 sec
Elapsed time for households 12.0858 sec
Iteration 170
Elapsed time for kappa 34.8878 sec
Elapsed time for experts 12.8898 sec
Elapsed time for households 11.6037 sec
Iteration 171
Elapsed time for kappa 35.2837 sec
Elapsed time for experts 13.0756 sec
Elapsed time for households 11.2824 sec
Iteration 172
Elapsed time for kappa 33.5119 sec
Elapsed time for experts 12.9244 sec
Elapsed time for households 11.0832 sec
Iteration 173
Elapsed time for kappa 33.1393 sec
Elapsed time for experts 13.0942 sec
Elapsed time for households 11.1168 sec
Iteration 174
Elapsed time for kappa 44.2730 sec
Elapsed time for experts 13.7191 sec
Elapsed time for households 11.9358 sec
Iteration 175
Elapsed time for kappa 37.6930 sec
Elapsed time for experts 14.1126 sec
Elapsed time for households 12.2618 sec
Iteration 176
Elapsed time for kappa 35.4650 sec
Elapsed time for experts 12.8747 sec
Elapsed time for households 11.6321 sec
Iteration 177
Elapsed time for kappa 34.3797 sec
Elapsed time for experts 12.7086 sec
Elapsed time for households 11.8970 sec
Iteration 178
Elapsed time for kappa 35.5816 sec
Elapsed time for experts 12.5303 sec
Elapsed time for households 11.0751 sec
Iteration 179
Elapsed time for kappa 33.0329 sec
Elapsed time for experts 13.5156 sec
Elapsed time for households 12.3549 sec
Iteration 180
Elapsed time for kappa 43.4562 sec
Elapsed time for experts 14.0750 sec
Elapsed time for households 12.7238 sec
Iteration 181
Elapsed time for kappa 35.7837 sec
Elapsed time for experts 12.7525 sec
Elapsed time for households 12.7486 sec
Iteration 182
Elapsed time for kappa 35.0323 sec
Elapsed time for experts 13.0455 sec
Elapsed time for households 11.8942 sec
Iteration 183
Elapsed time for kappa 35.7579 sec
Elapsed time for experts 12.8113 sec
Elapsed time for households 11.2704 sec
Iteration 184
Elapsed time for kappa 33.6741 sec
Elapsed time for experts 12.5824 sec
Elapsed time for households 11.1266 sec
Iteration 185
Elapsed time for kappa 32.9477 sec
Elapsed time for experts 12.3795 sec
Elapsed time for households 10.8843 sec
Iteration 186
Elapsed time for kappa 42.8857 sec
Elapsed time for experts 13.9568 sec
Elapsed time for households 13.7217 sec
Iteration 187
Elapsed time for kappa 35.5898 sec
Elapsed time for experts 13.7632 sec
Elapsed time for households 13.1055 sec
Iteration 188
Elapsed time for kappa 34.9211 sec
Elapsed time for experts 13.3140 sec
Elapsed time for households 12.3991 sec
Iteration 189
Elapsed time for kappa 35.1261 sec
Elapsed time for experts 12.8153 sec
Elapsed time for households 11.5110 sec
Iteration 190
Elapsed time for kappa 33.5358 sec
Elapsed time for experts 12.4735 sec
Elapsed time for households 11.2363 sec
Iteration 191
Elapsed time for kappa 33.0933 sec
Elapsed time for experts 21.0059 sec
Elapsed time for households 13.6182 sec
Iteration 192
Elapsed time for kappa 35.3306 sec
Elapsed time for experts 13.3373 sec
Elapsed time for households 12.5222 sec
Iteration 193
Elapsed time for kappa 35.3386 sec
Elapsed time for experts 14.0051 sec
Elapsed time for households 12.5323 sec
Iteration 194
Elapsed time for kappa 34.6338 sec
Elapsed time for experts 13.7488 sec
Elapsed time for households 11.8439 sec
Iteration 195
Elapsed time for kappa 34.1164 sec
Elapsed time for experts 12.7077 sec
Elapsed time for households 11.7983 sec
Iteration 196
Elapsed time for kappa 32.8547 sec
Elapsed time for experts 12.3134 sec
Elapsed time for households 12.5177 sec
Iteration 197
Elapsed time for kappa 37.5272 sec
Elapsed time for experts 13.9970 sec
Elapsed time for households 21.2412 sec
Iteration 198
Elapsed time for kappa 40.6357 sec
Elapsed time for experts 13.8369 sec
Elapsed time for households 12.6144 sec
Iteration 199
Elapsed time for kappa 35.4636 sec
Elapsed time for experts 13.5428 sec
Elapsed time for households 12.4374 sec
Iteration 200
Elapsed time for kappa 34.9308 sec
Elapsed time for experts 14.2655 sec
Elapsed time for households 11.6096 sec
Iteration 201
Elapsed time for kappa 33.9569 sec
Elapsed time for experts 12.6401 sec
Elapsed time for households 11.5194 sec
Iteration 202
Elapsed time for kappa 33.4843 sec
Elapsed time for experts 12.9144 sec
Elapsed time for households 11.6002 sec
Iteration 203
Elapsed time for kappa 32.8360 sec
Elapsed time for experts 12.2488 sec
Elapsed time for households 20.0282 sec
Iteration 204
Elapsed time for kappa 35.8901 sec
Elapsed time for experts 12.9719 sec
Elapsed time for households 11.6617 sec
Iteration 205
Elapsed time for kappa 35.6347 sec
Elapsed time for experts 14.5953 sec
Elapsed time for households 12.5199 sec
Iteration 206
Elapsed time for kappa 35.3258 sec
Elapsed time for experts 13.5873 sec
Elapsed time for households 11.6742 sec
Iteration 207
Elapsed time for kappa 33.7445 sec
Elapsed time for experts 12.7705 sec
Elapsed time for households 11.1329 sec
Iteration 208
Elapsed time for kappa 33.7259 sec
Elapsed time for experts 13.5042 sec
Elapsed time for households 11.1031 sec
Iteration 209
Elapsed time for kappa 32.8042 sec
Elapsed time for experts 13.3993 sec
Elapsed time for households 12.6478 sec
Iteration 210
Elapsed time for kappa 44.1898 sec
Elapsed time for experts 13.5759 sec
Elapsed time for households 12.0426 sec
Iteration 211
Elapsed time for kappa 36.8745 sec
Elapsed time for experts 12.8619 sec
Elapsed time for households 12.0316 sec
Iteration 212
Elapsed time for kappa 35.3333 sec
Elapsed time for experts 12.9814 sec
Elapsed time for households 11.8076 sec
Iteration 213
Elapsed time for kappa 35.0360 sec
Elapsed time for experts 12.9989 sec
Elapsed time for households 11.2876 sec
Iteration 214
Elapsed time for kappa 34.2679 sec
Elapsed time for experts 12.3802 sec
Elapsed time for households 11.0383 sec
Iteration 215
Elapsed time for kappa 32.9165 sec
Elapsed time for experts 13.0793 sec
Elapsed time for households 10.8940 sec
Iteration 216
Elapsed time for kappa 44.4911 sec
Elapsed time for experts 13.1891 sec
Elapsed time for households 12.0764 sec
Iteration 217
Elapsed time for kappa 34.8181 sec
Elapsed time for experts 12.6699 sec
Elapsed time for households 13.6445 sec
Iteration 218
Elapsed time for kappa 36.5762 sec
Elapsed time for experts 13.7258 sec
Elapsed time for households 13.0559 sec
Iteration 219
Elapsed time for kappa 35.5108 sec
Elapsed time for experts 12.7492 sec
Elapsed time for households 11.2402 sec
Iteration 220
Elapsed time for kappa 33.9060 sec
Elapsed time for experts 13.4683 sec
Elapsed time for households 11.8186 sec
Iteration 221
Elapsed time for kappa 33.6157 sec
Elapsed time for experts 20.3202 sec
Elapsed time for households 12.6343 sec
Iteration 222
Elapsed time for kappa 36.9746 sec
Elapsed time for experts 13.8847 sec
Elapsed time for households 12.5382 sec
Iteration 223
Elapsed time for kappa 34.6148 sec
Elapsed time for experts 12.7174 sec
Elapsed time for households 12.8440 sec
Iteration 224
Elapsed time for kappa 34.6379 sec
Elapsed time for experts 13.3241 sec
Elapsed time for households 11.7031 sec
Iteration 225
Elapsed time for kappa 35.0747 sec
Elapsed time for experts 13.2122 sec
Elapsed time for households 11.8856 sec
Iteration 226
Elapsed time for kappa 33.2082 sec
Elapsed time for experts 12.6738 sec
Elapsed time for households 10.7870 sec
Iteration 227
Elapsed time for kappa 32.9111 sec
Elapsed time for experts 12.6073 sec
Elapsed time for households 19.8668 sec
Iteration 228
Elapsed time for kappa 36.4100 sec
Elapsed time for experts 13.4518 sec
Elapsed time for households 12.5916 sec
Iteration 229
Elapsed time for kappa 34.9186 sec
Elapsed time for experts 13.0049 sec
Elapsed time for households 11.3405 sec
Iteration 230
Elapsed time for kappa 34.1384 sec
Elapsed time for experts 12.5978 sec
Elapsed time for households 11.7244 sec
Iteration 231
Elapsed time for kappa 34.7245 sec
Elapsed time for experts 13.6068 sec
Elapsed time for households 12.9298 sec
Iteration 232
Elapsed time for kappa 33.1886 sec
Elapsed time for experts 12.1909 sec
Elapsed time for households 10.7845 sec
Iteration 233
Elapsed time for kappa 36.1603 sec
Elapsed time for experts 14.0645 sec
Elapsed time for households 20.4003 sec
Iteration 234
Elapsed time for kappa 34.7978 sec
Elapsed time for experts 12.8512 sec
Elapsed time for households 12.2834 sec
Iteration 235
Elapsed time for kappa 35.5895 sec
Elapsed time for experts 13.9144 sec
Elapsed time for households 11.3738 sec
Iteration 236
Elapsed time for kappa 33.4607 sec
Elapsed time for experts 12.4904 sec
Elapsed time for households 11.3134 sec
Iteration 237
Elapsed time for kappa 32.7260 sec
Elapsed time for experts 12.6139 sec
Elapsed time for households 11.2052 sec
Iteration 238
Elapsed time for kappa 32.1728 sec
Elapsed time for experts 12.2935 sec
Elapsed time for households 10.8823 sec
Iteration 239
Elapsed time for kappa 32.1553 sec
Elapsed time for experts 12.8583 sec
Elapsed time for households 10.6746 sec
Iteration 240
Elapsed time for kappa 42.1435 sec
Elapsed time for experts 13.3584 sec
Elapsed time for households 11.8906 sec
Iteration 241
Elapsed time for kappa 33.4433 sec
Elapsed time for experts 12.8957 sec
Elapsed time for households 11.9229 sec
Iteration 242
Elapsed time for kappa 35.2899 sec
Elapsed time for experts 13.5740 sec
Elapsed time for households 12.2632 sec
Iteration 243
Elapsed time for kappa 33.4811 sec
Elapsed time for experts 12.3861 sec
Elapsed time for households 11.2276 sec
Iteration 244
Elapsed time for kappa 32.4279 sec
Elapsed time for experts 12.0991 sec
Elapsed time for households 12.0686 sec
Iteration 245
Elapsed time for kappa 32.5129 sec
Elapsed time for experts 12.1036 sec
Elapsed time for households 18.4656 sec
Iteration 246
Elapsed time for kappa 33.9176 sec
Elapsed time for experts 12.6138 sec
Elapsed time for households 11.2432 sec
Iteration 247
Elapsed time for kappa 32.7330 sec
Elapsed time for experts 13.3164 sec
Elapsed time for households 11.5772 sec
Iteration 248
Elapsed time for kappa 33.2098 sec
Elapsed time for experts 12.7236 sec
Elapsed time for households 11.5719 sec
Iteration 249
Elapsed time for kappa 32.3468 sec
Elapsed time for experts 12.6438 sec
Elapsed time for households 10.9889 sec
Iteration 250
Elapsed time for kappa 32.4561 sec
Elapsed time for experts 12.7529 sec
Elapsed time for households 12.5021 sec
Iteration 251
Elapsed time for kappa 31.6487 sec
Elapsed time for experts 11.7821 sec
Elapsed time for households 11.4172 sec
Iteration 252
Elapsed time for kappa 41.3770 sec
Elapsed time for experts 13.1457 sec
Elapsed time for households 11.2034 sec
Iteration 253
Elapsed time for kappa 32.5910 sec
Elapsed time for experts 12.2165 sec
Elapsed time for households 11.2357 sec
Iteration 254
Elapsed time for kappa 33.4815 sec
Elapsed time for experts 13.2490 sec
Elapsed time for households 12.7208 sec
Iteration 255
Elapsed time for kappa 33.0639 sec
Elapsed time for experts 12.6657 sec
Elapsed time for households 10.9726 sec
Iteration 256
Elapsed time for kappa 31.7105 sec
Elapsed time for experts 11.8847 sec
Elapsed time for households 10.7224 sec
Iteration 257
Elapsed time for kappa 33.2593 sec
Elapsed time for experts 12.6446 sec
Elapsed time for households 11.1809 sec
Iteration 258
Elapsed time for kappa 40.1471 sec
Elapsed time for experts 12.6912 sec
Elapsed time for households 11.4379 sec
Iteration 259
Elapsed time for kappa 33.2220 sec
Elapsed time for experts 12.1866 sec
Elapsed time for households 10.7776 sec
Iteration 260
Elapsed time for kappa 32.2775 sec
Elapsed time for experts 12.6948 sec
Elapsed time for households 10.9280 sec
Iteration 261
Elapsed time for kappa 31.9294 sec
Elapsed time for experts 12.1701 sec
Elapsed time for households 10.6910 sec
Iteration 262
Elapsed time for kappa 31.3696 sec
Elapsed time for experts 13.3675 sec
Elapsed time for households 11.2436 sec
Iteration 263
Elapsed time for kappa 32.0567 sec
Elapsed time for experts 19.7146 sec
Elapsed time for households 12.0224 sec
Iteration 264
Elapsed time for kappa 35.7015 sec
Elapsed time for experts 13.8945 sec
Elapsed time for households 10.8362 sec
Iteration 265
Elapsed time for kappa 32.0984 sec
Elapsed time for experts 13.3304 sec
Elapsed time for households 11.5082 sec
Iteration 266
Elapsed time for kappa 31.5886 sec
Elapsed time for experts 12.5650 sec
Elapsed time for households 10.8038 sec
Iteration 267
Elapsed time for kappa 31.1252 sec
Elapsed time for experts 11.9352 sec
Elapsed time for households 10.7041 sec
Iteration 268
Elapsed time for kappa 30.7737 sec
Elapsed time for experts 11.7070 sec
Elapsed time for households 10.6537 sec
Iteration 269
Elapsed time for kappa 31.9339 sec
Elapsed time for experts 12.4348 sec
Elapsed time for households 17.9626 sec
Iteration 270
Elapsed time for kappa 32.2672 sec
Elapsed time for experts 13.2049 sec
Elapsed time for households 11.8835 sec
Iteration 271
Elapsed time for kappa 32.7360 sec
Elapsed time for experts 13.0073 sec
Elapsed time for households 11.5731 sec
Iteration 272
Elapsed time for kappa 31.8140 sec
Elapsed time for experts 12.5059 sec
Elapsed time for households 10.8569 sec
Iteration 273
Elapsed time for kappa 33.7974 sec
Elapsed time for experts 13.6441 sec
Elapsed time for households 12.0588 sec
Iteration 274
Elapsed time for kappa 31.9840 sec
Elapsed time for experts 12.4092 sec
Elapsed time for households 11.4312 sec
Iteration 275
Elapsed time for kappa 30.5480 sec
Elapsed time for experts 12.0697 sec
Elapsed time for households 17.3774 sec
Iteration 276
Elapsed time for kappa 32.1110 sec
Elapsed time for experts 12.2876 sec
Elapsed time for households 10.8549 sec
Iteration 277
Elapsed time for kappa 31.2352 sec
Elapsed time for experts 12.2118 sec
Elapsed time for households 10.9243 sec
Iteration 278
Elapsed time for kappa 31.3061 sec
Elapsed time for experts 12.1248 sec
Elapsed time for households 10.7717 sec
Iteration 279
Elapsed time for kappa 30.6775 sec
Elapsed time for experts 12.0933 sec
Elapsed time for households 10.5978 sec
Iteration 280
Elapsed time for kappa 30.3130 sec
Elapsed time for experts 11.8165 sec
Elapsed time for households 10.5357 sec
Iteration 281
Elapsed time for kappa 29.6602 sec
Elapsed time for experts 11.7621 sec
Elapsed time for households 10.5659 sec
Iteration 282
Elapsed time for kappa 38.8584 sec
Elapsed time for experts 12.8267 sec
Elapsed time for households 11.4488 sec
Iteration 283
Elapsed time for kappa 31.2615 sec
Elapsed time for experts 12.1032 sec
Elapsed time for households 10.9542 sec
Iteration 284
Elapsed time for kappa 31.2999 sec
Elapsed time for experts 11.9282 sec
Elapsed time for households 10.9142 sec
Iteration 285
Elapsed time for kappa 30.8647 sec
Elapsed time for experts 11.9758 sec
Elapsed time for households 10.8432 sec
Iteration 286
Elapsed time for kappa 30.5056 sec
Elapsed time for experts 11.8897 sec
Elapsed time for households 10.6466 sec
Iteration 287
Elapsed time for kappa 30.0709 sec
Elapsed time for experts 11.8139 sec
Elapsed time for households 10.3447 sec
Iteration 288
Elapsed time for kappa 40.2726 sec
Elapsed time for experts 13.5345 sec
Elapsed time for households 11.8199 sec
Iteration 289
Elapsed time for kappa 34.0702 sec
Elapsed time for experts 12.9706 sec
Elapsed time for households 11.6335 sec
Iteration 290
Elapsed time for kappa 33.7824 sec
Elapsed time for experts 12.3597 sec
Elapsed time for households 10.9066 sec
Iteration 291
Elapsed time for kappa 30.6152 sec
Elapsed time for experts 11.7021 sec
Elapsed time for households 10.6814 sec
Iteration 292
Elapsed time for kappa 30.0488 sec
Elapsed time for experts 11.7600 sec
Elapsed time for households 10.4457 sec
Iteration 293
Elapsed time for kappa 29.9183 sec
Elapsed time for experts 12.0618 sec
Elapsed time for households 16.7012 sec
Iteration 294
Elapsed time for kappa 31.4154 sec
Elapsed time for experts 12.4107 sec
Elapsed time for households 10.8594 sec
Iteration 295
Elapsed time for kappa 30.8628 sec
Elapsed time for experts 11.8843 sec
Elapsed time for households 10.9660 sec
Iteration 296
Elapsed time for kappa 30.8207 sec
Elapsed time for experts 13.4769 sec
Elapsed time for households 11.8241 sec
Iteration 297
Elapsed time for kappa 33.1694 sec
Elapsed time for experts 12.3730 sec
Elapsed time for households 11.3014 sec
Iteration 298
Elapsed time for kappa 29.7775 sec
Elapsed time for experts 12.3889 sec
Elapsed time for households 10.1751 sec
Iteration 299
Elapsed time for kappa 29.3740 sec
Elapsed time for experts 11.7263 sec
Elapsed time for households 10.2645 sec
Elapsed time for training 18076.5913 sec
90000 90000 90000 90000
