Iteration 0
Elapsed time for kappa 119.5464 sec
Elapsed time for experts 45.5884 sec
Elapsed time for households 39.0192 sec
Iteration 1
Elapsed time for kappa 86.1211 sec
Elapsed time for experts 39.9092 sec
Elapsed time for households 35.2174 sec
Iteration 2
Elapsed time for kappa 92.1218 sec
Elapsed time for experts 39.5184 sec
Elapsed time for households 35.1122 sec
Iteration 3
Elapsed time for kappa 85.3760 sec
Elapsed time for experts 40.3258 sec
Elapsed time for households 35.1428 sec
Iteration 4
Elapsed time for kappa 84.5407 sec
Elapsed time for experts 39.0017 sec
Elapsed time for households 34.8629 sec
Iteration 5
Elapsed time for kappa 85.0655 sec
Elapsed time for experts 38.3215 sec
Elapsed time for households 35.4479 sec
Iteration 6
Elapsed time for kappa 86.2761 sec
Elapsed time for experts 38.1658 sec
Elapsed time for households 35.6591 sec
Iteration 7
Elapsed time for kappa 86.8178 sec
Elapsed time for experts 45.2714 sec
Elapsed time for households 36.2263 sec
Iteration 8
Elapsed time for kappa 85.0108 sec
Elapsed time for experts 38.6432 sec
Elapsed time for households 35.0518 sec
Iteration 9
Elapsed time for kappa 85.0879 sec
Elapsed time for experts 38.7737 sec
Elapsed time for households 35.8511 sec
Iteration 10
Elapsed time for kappa 83.9175 sec
Elapsed time for experts 39.4073 sec
Elapsed time for households 35.4051 sec
Iteration 11
Elapsed time for kappa 84.4406 sec
Elapsed time for experts 10.6935 sec
Elapsed time for households 35.4737 sec
Iteration 12
Elapsed time for kappa 84.5822 sec
Elapsed time for experts 38.4894 sec
Elapsed time for households 35.6277 sec
Iteration 13
Elapsed time for kappa 90.7977 sec
Elapsed time for experts 39.2458 sec
Elapsed time for households 35.2930 sec
Iteration 14
Elapsed time for kappa 82.3392 sec
Elapsed time for experts 38.2804 sec
Elapsed time for households 36.4379 sec
Elapsed time for training 2428.3042 sec
