Iteration 0
Elapsed time for kappa 69.8542 sec
Elapsed time for experts 17.7760 sec
Elapsed time for households 13.4415 sec
Iteration 1
Elapsed time for kappa 31.5461 sec
Elapsed time for experts 12.2882 sec
Elapsed time for households 11.4057 sec
Iteration 2
Elapsed time for kappa 36.2776 sec
Elapsed time for experts 13.1540 sec
Elapsed time for households 11.8985 sec
Iteration 3
Elapsed time for kappa 37.0799 sec
Elapsed time for experts 12.6463 sec
Elapsed time for households 11.3416 sec
Iteration 4
Elapsed time for kappa 32.1012 sec
Elapsed time for experts 11.9368 sec
Elapsed time for households 10.8803 sec
Iteration 5
Elapsed time for kappa 32.2372 sec
Elapsed time for experts 12.9140 sec
Elapsed time for households 11.3855 sec
Iteration 6
Elapsed time for kappa 32.4962 sec
Elapsed time for experts 13.4100 sec
Elapsed time for households 10.2535 sec
Iteration 7
Elapsed time for kappa 31.2012 sec
Elapsed time for experts 11.8470 sec
Elapsed time for households 16.5432 sec
Iteration 8
Elapsed time for kappa 31.8842 sec
Elapsed time for experts 11.8478 sec
Elapsed time for households 10.3259 sec
Iteration 9
Elapsed time for kappa 31.5107 sec
Elapsed time for experts 11.9140 sec
Elapsed time for households 10.6376 sec
Iteration 10
Elapsed time for kappa 34.4204 sec
Elapsed time for experts 12.5612 sec
Elapsed time for households 10.4117 sec
Iteration 11
Elapsed time for kappa 31.3676 sec
Elapsed time for experts 11.8142 sec
Elapsed time for households 10.0950 sec
Iteration 12
Elapsed time for kappa 30.9209 sec
Elapsed time for experts 11.5608 sec
Elapsed time for households 10.7091 sec
Iteration 13
Elapsed time for kappa 32.5062 sec
Elapsed time for experts 12.4211 sec
Elapsed time for households 17.9581 sec
Iteration 14
Elapsed time for kappa 32.0387 sec
Elapsed time for experts 12.0609 sec
Elapsed time for households 10.5752 sec
Iteration 15
Elapsed time for kappa 33.0804 sec
Elapsed time for experts 12.2687 sec
Elapsed time for households 10.8831 sec
Iteration 16
Elapsed time for kappa 35.3765 sec
Elapsed time for experts 13.3858 sec
Elapsed time for households 10.4149 sec
Iteration 17
Elapsed time for kappa 32.1388 sec
Elapsed time for experts 12.1594 sec
Elapsed time for households 11.2117 sec
Iteration 18
Elapsed time for kappa 31.3082 sec
Elapsed time for experts 12.1040 sec
Elapsed time for households 10.4918 sec
Iteration 19
Elapsed time for kappa 31.0926 sec
Elapsed time for experts 19.3686 sec
Elapsed time for households 11.4124 sec
Iteration 20
Elapsed time for kappa 31.8152 sec
Elapsed time for experts 13.5890 sec
Elapsed time for households 11.1778 sec
Iteration 21
Elapsed time for kappa 31.6251 sec
Elapsed time for experts 11.8507 sec
Elapsed time for households 10.2458 sec
Iteration 22
Elapsed time for kappa 31.2772 sec
Elapsed time for experts 11.6604 sec
Elapsed time for households 10.3318 sec
Iteration 23
Elapsed time for kappa 31.3126 sec
Elapsed time for experts 11.9427 sec
Elapsed time for households 10.3822 sec
Iteration 24
Elapsed time for kappa 32.7559 sec
Elapsed time for experts 11.3455 sec
Elapsed time for households 10.1040 sec
Iteration 25
Elapsed time for kappa 32.1067 sec
Elapsed time for experts 19.8579 sec
Elapsed time for households 11.7272 sec
Iteration 26
Elapsed time for kappa 33.9185 sec
Elapsed time for experts 12.0723 sec
Elapsed time for households 10.5618 sec
Iteration 27
Elapsed time for kappa 31.9116 sec
Elapsed time for experts 11.8257 sec
Elapsed time for households 11.5182 sec
Iteration 28
Elapsed time for kappa 31.4013 sec
Elapsed time for experts 11.6483 sec
Elapsed time for households 10.3290 sec
Iteration 29
Elapsed time for kappa 31.3394 sec
Elapsed time for experts 12.2438 sec
Elapsed time for households 10.8255 sec
Iteration 30
Elapsed time for kappa 32.7894 sec
Elapsed time for experts 12.9239 sec
Elapsed time for households 10.6561 sec
Iteration 31
Elapsed time for kappa 31.5458 sec
Elapsed time for experts 19.8287 sec
Elapsed time for households 11.0904 sec
Iteration 32
Elapsed time for kappa 35.6657 sec
Elapsed time for experts 11.9874 sec
Elapsed time for households 10.7705 sec
Iteration 33
Elapsed time for kappa 32.0128 sec
Elapsed time for experts 11.9439 sec
Elapsed time for households 10.8564 sec
Iteration 34
Elapsed time for kappa 31.6792 sec
Elapsed time for experts 11.7524 sec
Elapsed time for households 10.7211 sec
Iteration 35
Elapsed time for kappa 31.8487 sec
Elapsed time for experts 12.2134 sec
Elapsed time for households 10.2275 sec
Iteration 36
Elapsed time for kappa 34.6866 sec
Elapsed time for experts 11.6260 sec
Elapsed time for households 10.6238 sec
Iteration 37
Elapsed time for kappa 40.1843 sec
Elapsed time for experts 13.1498 sec
Elapsed time for households 11.0119 sec
Iteration 38
Elapsed time for kappa 32.6364 sec
Elapsed time for experts 12.4178 sec
Elapsed time for households 10.7433 sec
Iteration 39
Elapsed time for kappa 32.3476 sec
Elapsed time for experts 11.7004 sec
Elapsed time for households 10.4291 sec
Iteration 40
Elapsed time for kappa 31.8298 sec
Elapsed time for experts 12.0504 sec
Elapsed time for households 10.7392 sec
Iteration 41
Elapsed time for kappa 31.8438 sec
Elapsed time for experts 12.0274 sec
Elapsed time for households 10.3914 sec
Iteration 42
Elapsed time for kappa 34.4499 sec
Elapsed time for experts 13.4584 sec
Elapsed time for households 10.2506 sec
Iteration 43
Elapsed time for kappa 40.2347 sec
Elapsed time for experts 13.7509 sec
Elapsed time for households 11.0678 sec
Iteration 44
Elapsed time for kappa 32.3801 sec
Elapsed time for experts 12.5583 sec
Elapsed time for households 11.2219 sec
Iteration 45
Elapsed time for kappa 32.1120 sec
Elapsed time for experts 12.4835 sec
Elapsed time for households 10.5338 sec
Iteration 46
Elapsed time for kappa 31.6474 sec
Elapsed time for experts 12.0333 sec
Elapsed time for households 10.2266 sec
Iteration 47
Elapsed time for kappa 31.9175 sec
Elapsed time for experts 11.4030 sec
Elapsed time for households 10.2745 sec
Iteration 48
Elapsed time for kappa 31.3918 sec
Elapsed time for experts 11.6540 sec
Elapsed time for households 10.2582 sec
Iteration 49
Elapsed time for kappa 40.7686 sec
Elapsed time for experts 13.3910 sec
Elapsed time for households 11.2133 sec
Iteration 50
Elapsed time for kappa 33.0034 sec
Elapsed time for experts 12.5798 sec
Elapsed time for households 10.7103 sec
Iteration 51
Elapsed time for kappa 32.6930 sec
Elapsed time for experts 11.9602 sec
Elapsed time for households 10.5562 sec
Iteration 52
Elapsed time for kappa 32.1977 sec
Elapsed time for experts 12.0104 sec
Elapsed time for households 10.4521 sec
Iteration 53
Elapsed time for kappa 33.2594 sec
Elapsed time for experts 12.0208 sec
Elapsed time for households 10.9210 sec
Iteration 54
Elapsed time for kappa 32.5830 sec
Elapsed time for experts 12.1864 sec
Elapsed time for households 10.7102 sec
Iteration 55
Elapsed time for kappa 41.8229 sec
Elapsed time for experts 13.8596 sec
Elapsed time for households 11.5328 sec
Iteration 56
Elapsed time for kappa 33.6655 sec
Elapsed time for experts 12.8649 sec
Elapsed time for households 10.9929 sec
Iteration 57
Elapsed time for kappa 33.1222 sec
Elapsed time for experts 12.4124 sec
Elapsed time for households 11.0989 sec
Iteration 58
Elapsed time for kappa 32.7419 sec
Elapsed time for experts 12.1684 sec
Elapsed time for households 10.7686 sec
Iteration 59
Elapsed time for kappa 35.1599 sec
Elapsed time for experts 13.2711 sec
Elapsed time for households 11.9826 sec
Iteration 60
Elapsed time for kappa 35.4840 sec
Elapsed time for experts 13.9339 sec
Elapsed time for households 10.7599 sec
Iteration 61
Elapsed time for kappa 40.6682 sec
Elapsed time for experts 13.2341 sec
Elapsed time for households 11.2637 sec
Iteration 62
Elapsed time for kappa 33.1902 sec
Elapsed time for experts 12.3929 sec
Elapsed time for households 11.1111 sec
Iteration 63
Elapsed time for kappa 32.8471 sec
Elapsed time for experts 12.4739 sec
Elapsed time for households 10.6396 sec
Iteration 64
Elapsed time for kappa 32.5076 sec
Elapsed time for experts 12.1794 sec
Elapsed time for households 10.6111 sec
Iteration 65
Elapsed time for kappa 32.4724 sec
Elapsed time for experts 12.5450 sec
Elapsed time for households 10.5849 sec
Iteration 66
Elapsed time for kappa 35.5111 sec
Elapsed time for experts 12.0460 sec
Elapsed time for households 10.5296 sec
Iteration 67
Elapsed time for kappa 40.4913 sec
Elapsed time for experts 13.2235 sec
Elapsed time for households 11.1952 sec
Iteration 68
Elapsed time for kappa 33.2334 sec
Elapsed time for experts 12.5888 sec
Elapsed time for households 10.7291 sec
Iteration 69
Elapsed time for kappa 32.3498 sec
Elapsed time for experts 12.5224 sec
Elapsed time for households 10.8392 sec
Iteration 70
Elapsed time for kappa 32.1147 sec
Elapsed time for experts 12.0883 sec
Elapsed time for households 10.9833 sec
Iteration 71
Elapsed time for kappa 31.9656 sec
Elapsed time for experts 12.2648 sec
Elapsed time for households 10.9135 sec
Iteration 72
Elapsed time for kappa 32.3551 sec
Elapsed time for experts 11.7625 sec
Elapsed time for households 17.1987 sec
Iteration 73
Elapsed time for kappa 33.3093 sec
Elapsed time for experts 12.9897 sec
Elapsed time for households 11.2913 sec
Iteration 74
Elapsed time for kappa 32.4862 sec
Elapsed time for experts 12.1119 sec
Elapsed time for households 11.0233 sec
Iteration 75
Elapsed time for kappa 31.9871 sec
Elapsed time for experts 12.4030 sec
Elapsed time for households 10.7468 sec
Iteration 76
Elapsed time for kappa 31.6097 sec
Elapsed time for experts 12.0832 sec
Elapsed time for households 10.2886 sec
Iteration 77
Elapsed time for kappa 31.6884 sec
Elapsed time for experts 12.1533 sec
Elapsed time for households 10.4014 sec
Iteration 78
Elapsed time for kappa 32.4507 sec
Elapsed time for experts 12.4490 sec
Elapsed time for households 17.3657 sec
Iteration 79
Elapsed time for kappa 32.6795 sec
Elapsed time for experts 12.5559 sec
Elapsed time for households 11.0305 sec
Iteration 80
Elapsed time for kappa 32.4689 sec
Elapsed time for experts 12.5828 sec
Elapsed time for households 11.7683 sec
Iteration 81
Elapsed time for kappa 31.5835 sec
Elapsed time for experts 12.2188 sec
Elapsed time for households 10.5153 sec
Iteration 82
Elapsed time for kappa 31.5016 sec
Elapsed time for experts 12.0412 sec
Elapsed time for households 10.4682 sec
Iteration 83
Elapsed time for kappa 31.8557 sec
Elapsed time for experts 12.0586 sec
Elapsed time for households 10.3135 sec
Iteration 84
Elapsed time for kappa 32.0805 sec
Elapsed time for experts 18.8375 sec
Elapsed time for households 11.3173 sec
Iteration 85
Elapsed time for kappa 32.6345 sec
Elapsed time for experts 12.3781 sec
Elapsed time for households 10.9067 sec
Iteration 86
Elapsed time for kappa 31.4764 sec
Elapsed time for experts 12.4682 sec
Elapsed time for households 11.8460 sec
Iteration 87
Elapsed time for kappa 31.3303 sec
Elapsed time for experts 12.0124 sec
Elapsed time for households 10.4208 sec
Iteration 88
Elapsed time for kappa 31.0628 sec
Elapsed time for experts 11.7382 sec
Elapsed time for households 10.5114 sec
Iteration 89
Elapsed time for kappa 31.1866 sec
Elapsed time for experts 12.2698 sec
Elapsed time for households 10.4499 sec
Iteration 90
Elapsed time for kappa 31.7285 sec
Elapsed time for experts 18.7800 sec
Elapsed time for households 11.2639 sec
Iteration 91
Elapsed time for kappa 32.2441 sec
Elapsed time for experts 12.7672 sec
Elapsed time for households 11.0356 sec
Iteration 92
Elapsed time for kappa 34.5899 sec
Elapsed time for experts 13.4793 sec
Elapsed time for households 10.5815 sec
Iteration 93
Elapsed time for kappa 30.8842 sec
Elapsed time for experts 12.3840 sec
Elapsed time for households 11.1713 sec
Iteration 94
Elapsed time for kappa 30.5838 sec
Elapsed time for experts 11.9798 sec
Elapsed time for households 10.6467 sec
Iteration 95
Elapsed time for kappa 31.1150 sec
Elapsed time for experts 11.3148 sec
Elapsed time for households 10.2092 sec
Iteration 96
Elapsed time for kappa 31.3507 sec
Elapsed time for experts 18.9716 sec
Elapsed time for households 11.2225 sec
Iteration 97
Elapsed time for kappa 31.5478 sec
Elapsed time for experts 12.1134 sec
Elapsed time for households 10.6348 sec
Iteration 98
Elapsed time for kappa 34.1971 sec
Elapsed time for experts 12.9783 sec
Elapsed time for households 11.7534 sec
Iteration 99
Elapsed time for kappa 33.9196 sec
Elapsed time for experts 13.1648 sec
Elapsed time for households 10.1145 sec
Iteration 100
Elapsed time for kappa 30.3162 sec
Elapsed time for experts 12.2488 sec
Elapsed time for households 10.3586 sec
Iteration 101
Elapsed time for kappa 30.6097 sec
Elapsed time for experts 12.0338 sec
Elapsed time for households 10.3197 sec
Iteration 102
Elapsed time for kappa 38.0972 sec
Elapsed time for experts 12.7311 sec
Elapsed time for households 10.8061 sec
Iteration 103
Elapsed time for kappa 31.0156 sec
Elapsed time for experts 11.6622 sec
Elapsed time for households 10.5375 sec
Iteration 104
Elapsed time for kappa 30.3661 sec
Elapsed time for experts 11.9839 sec
Elapsed time for households 10.7877 sec
Iteration 105
Elapsed time for kappa 30.4638 sec
Elapsed time for experts 11.8321 sec
Elapsed time for households 10.4879 sec
Iteration 106
Elapsed time for kappa 30.2548 sec
Elapsed time for experts 11.8095 sec
Elapsed time for households 11.1452 sec
Iteration 107
Elapsed time for kappa 33.3571 sec
Elapsed time for experts 11.4896 sec
Elapsed time for households 10.2351 sec
Iteration 108
Elapsed time for kappa 37.9795 sec
Elapsed time for experts 12.5563 sec
Elapsed time for households 10.5946 sec
Iteration 109
Elapsed time for kappa 31.0735 sec
Elapsed time for experts 12.3871 sec
Elapsed time for households 10.7829 sec
Iteration 110
Elapsed time for kappa 30.3924 sec
Elapsed time for experts 11.4654 sec
Elapsed time for households 10.4592 sec
Iteration 111
Elapsed time for kappa 30.2369 sec
Elapsed time for experts 11.4008 sec
Elapsed time for households 10.2831 sec
Iteration 112
Elapsed time for kappa 29.9955 sec
Elapsed time for experts 11.6957 sec
Elapsed time for households 10.1797 sec
Iteration 113
Elapsed time for kappa 30.1253 sec
Elapsed time for experts 12.3676 sec
Elapsed time for households 11.2655 sec
Iteration 114
Elapsed time for kappa 37.6738 sec
Elapsed time for experts 12.7989 sec
Elapsed time for households 11.1888 sec
Iteration 115
Elapsed time for kappa 30.8290 sec
Elapsed time for experts 12.0274 sec
Elapsed time for households 10.6412 sec
Iteration 116
Elapsed time for kappa 30.0445 sec
Elapsed time for experts 12.1192 sec
Elapsed time for households 11.6848 sec
Iteration 117
Elapsed time for kappa 29.7459 sec
Elapsed time for experts 11.5847 sec
Elapsed time for households 10.3140 sec
Iteration 118
Elapsed time for kappa 29.5379 sec
Elapsed time for experts 11.4148 sec
Elapsed time for households 10.2052 sec
Iteration 119
Elapsed time for kappa 29.4406 sec
Elapsed time for experts 11.4730 sec
Elapsed time for households 9.7849 sec
Iteration 120
Elapsed time for kappa 36.6627 sec
Elapsed time for experts 12.1044 sec
Elapsed time for households 10.5508 sec
Iteration 121
Elapsed time for kappa 30.5231 sec
Elapsed time for experts 12.2674 sec
Elapsed time for households 10.6436 sec
Iteration 122
Elapsed time for kappa 30.1993 sec
Elapsed time for experts 11.8949 sec
Elapsed time for households 10.6478 sec
Iteration 123
Elapsed time for kappa 29.7159 sec
Elapsed time for experts 11.3540 sec
Elapsed time for households 10.1790 sec
Iteration 124
Elapsed time for kappa 29.4209 sec
Elapsed time for experts 11.0785 sec
Elapsed time for households 10.2722 sec
Iteration 125
Elapsed time for kappa 29.0748 sec
Elapsed time for experts 11.4854 sec
Elapsed time for households 9.9362 sec
Iteration 126
Elapsed time for kappa 36.5340 sec
Elapsed time for experts 12.7223 sec
Elapsed time for households 10.5343 sec
Iteration 127
Elapsed time for kappa 30.3980 sec
Elapsed time for experts 11.9955 sec
Elapsed time for households 10.8053 sec
Iteration 128
Elapsed time for kappa 29.6831 sec
Elapsed time for experts 11.4734 sec
Elapsed time for households 11.4717 sec
Iteration 129
Elapsed time for kappa 32.7419 sec
Elapsed time for experts 12.0017 sec
Elapsed time for households 10.0753 sec
Iteration 130
Elapsed time for kappa 29.1957 sec
Elapsed time for experts 11.3217 sec
Elapsed time for households 9.8979 sec
Iteration 131
Elapsed time for kappa 28.9462 sec
Elapsed time for experts 11.3571 sec
Elapsed time for households 9.7967 sec
Iteration 132
Elapsed time for kappa 35.9595 sec
Elapsed time for experts 11.8888 sec
Elapsed time for households 10.4749 sec
Iteration 133
Elapsed time for kappa 30.5299 sec
Elapsed time for experts 12.4229 sec
Elapsed time for households 11.9179 sec
Iteration 134
Elapsed time for kappa 29.9366 sec
Elapsed time for experts 11.9083 sec
Elapsed time for households 10.2945 sec
Iteration 135
Elapsed time for kappa 29.6404 sec
Elapsed time for experts 11.6029 sec
Elapsed time for households 10.5293 sec
Iteration 136
Elapsed time for kappa 29.1658 sec
Elapsed time for experts 11.6782 sec
Elapsed time for households 10.1778 sec
Iteration 137
Elapsed time for kappa 29.1016 sec
Elapsed time for experts 11.7824 sec
Elapsed time for households 10.0764 sec
Iteration 138
Elapsed time for kappa 36.2183 sec
Elapsed time for experts 12.5948 sec
Elapsed time for households 11.8489 sec
Iteration 139
Elapsed time for kappa 33.5131 sec
Elapsed time for experts 12.0743 sec
Elapsed time for households 10.5429 sec
Iteration 140
Elapsed time for kappa 29.7382 sec
Elapsed time for experts 11.5920 sec
Elapsed time for households 10.1247 sec
Iteration 141
Elapsed time for kappa 29.3159 sec
Elapsed time for experts 11.8516 sec
Elapsed time for households 10.2411 sec
Iteration 142
Elapsed time for kappa 29.2357 sec
Elapsed time for experts 11.7509 sec
Elapsed time for households 10.1434 sec
Iteration 143
Elapsed time for kappa 28.8858 sec
Elapsed time for experts 11.0470 sec
Elapsed time for households 15.6917 sec
Iteration 144
Elapsed time for kappa 30.6926 sec
Elapsed time for experts 11.9750 sec
Elapsed time for households 10.5540 sec
Iteration 145
Elapsed time for kappa 33.3399 sec
Elapsed time for experts 13.0531 sec
Elapsed time for households 10.4462 sec
Iteration 146
Elapsed time for kappa 29.7519 sec
Elapsed time for experts 11.7016 sec
Elapsed time for households 10.0268 sec
Iteration 147
Elapsed time for kappa 29.3476 sec
Elapsed time for experts 11.3479 sec
Elapsed time for households 10.3738 sec
Iteration 148
Elapsed time for kappa 29.2753 sec
Elapsed time for experts 11.8914 sec
Elapsed time for households 10.1453 sec
Iteration 149
Elapsed time for kappa 28.8665 sec
Elapsed time for experts 11.8123 sec
Elapsed time for households 17.6531 sec
Iteration 150
Elapsed time for kappa 30.8540 sec
Elapsed time for experts 12.2477 sec
Elapsed time for households 11.0325 sec
Iteration 151
Elapsed time for kappa 30.3222 sec
Elapsed time for experts 12.2497 sec
Elapsed time for households 10.7995 sec
Iteration 152
Elapsed time for kappa 29.8412 sec
Elapsed time for experts 11.5712 sec
Elapsed time for households 10.3895 sec
Iteration 153
Elapsed time for kappa 29.4043 sec
Elapsed time for experts 11.4309 sec
Elapsed time for households 11.2872 sec
Iteration 154
Elapsed time for kappa 32.1898 sec
Elapsed time for experts 12.6494 sec
Elapsed time for households 11.2387 sec
Iteration 155
Elapsed time for kappa 28.8877 sec
Elapsed time for experts 11.4965 sec
Elapsed time for households 16.5471 sec
Iteration 156
Elapsed time for kappa 30.9924 sec
Elapsed time for experts 11.6649 sec
Elapsed time for households 10.7033 sec
Iteration 157
Elapsed time for kappa 30.1623 sec
Elapsed time for experts 11.6675 sec
Elapsed time for households 10.7375 sec
Iteration 158
Elapsed time for kappa 29.9436 sec
Elapsed time for experts 11.6173 sec
Elapsed time for households 10.1638 sec
Iteration 159
Elapsed time for kappa 29.6827 sec
Elapsed time for experts 12.0493 sec
Elapsed time for households 10.4587 sec
Iteration 160
Elapsed time for kappa 29.4698 sec
Elapsed time for experts 11.7249 sec
Elapsed time for households 10.2509 sec
Iteration 161
Elapsed time for kappa 29.0385 sec
Elapsed time for experts 11.0869 sec
Elapsed time for households 9.8710 sec
Iteration 162
Elapsed time for kappa 37.1355 sec
Elapsed time for experts 12.1651 sec
Elapsed time for households 10.6791 sec
Iteration 163
Elapsed time for kappa 30.4190 sec
Elapsed time for experts 11.7038 sec
Elapsed time for households 10.7746 sec
Iteration 164
Elapsed time for kappa 30.1204 sec
Elapsed time for experts 12.0376 sec
Elapsed time for households 10.7930 sec
Iteration 165
Elapsed time for kappa 29.6600 sec
Elapsed time for experts 11.9462 sec
Elapsed time for households 10.5680 sec
Iteration 166
Elapsed time for kappa 29.3496 sec
Elapsed time for experts 11.7035 sec
Elapsed time for households 10.0993 sec
Iteration 167
Elapsed time for kappa 29.1768 sec
Elapsed time for experts 11.7727 sec
Elapsed time for households 10.0918 sec
Iteration 168
Elapsed time for kappa 36.1177 sec
Elapsed time for experts 12.0722 sec
Elapsed time for households 11.8334 sec
Iteration 169
Elapsed time for kappa 30.5773 sec
Elapsed time for experts 12.2284 sec
Elapsed time for households 10.5851 sec
Iteration 170
Elapsed time for kappa 29.8919 sec
Elapsed time for experts 11.7387 sec
Elapsed time for households 10.4007 sec
Iteration 171
Elapsed time for kappa 29.8100 sec
Elapsed time for experts 12.0754 sec
Elapsed time for households 10.1304 sec
Iteration 172
Elapsed time for kappa 29.4478 sec
Elapsed time for experts 11.2721 sec
Elapsed time for households 10.1783 sec
Iteration 173
Elapsed time for kappa 29.3582 sec
Elapsed time for experts 17.7568 sec
Elapsed time for households 11.2902 sec
Iteration 174
Elapsed time for kappa 30.7497 sec
Elapsed time for experts 11.9058 sec
Elapsed time for households 11.8067 sec
Iteration 175
Elapsed time for kappa 33.4247 sec
Elapsed time for experts 12.9021 sec
Elapsed time for households 10.2865 sec
Iteration 176
Elapsed time for kappa 29.7151 sec
Elapsed time for experts 12.2239 sec
Elapsed time for households 10.8016 sec
Iteration 177
Elapsed time for kappa 29.5807 sec
Elapsed time for experts 11.9767 sec
Elapsed time for households 9.9999 sec
Iteration 178
Elapsed time for kappa 29.2961 sec
Elapsed time for experts 11.8769 sec
Elapsed time for households 9.9455 sec
Iteration 179
Elapsed time for kappa 28.7671 sec
Elapsed time for experts 11.5252 sec
Elapsed time for households 16.5776 sec
Iteration 180
Elapsed time for kappa 30.9772 sec
Elapsed time for experts 11.7561 sec
Elapsed time for households 10.5625 sec
Iteration 181
Elapsed time for kappa 31.0165 sec
Elapsed time for experts 12.2612 sec
Elapsed time for households 10.5328 sec
Iteration 182
Elapsed time for kappa 29.9647 sec
Elapsed time for experts 12.1225 sec
Elapsed time for households 10.6457 sec
Iteration 183
Elapsed time for kappa 29.5925 sec
Elapsed time for experts 11.5665 sec
Elapsed time for households 10.3823 sec
Iteration 184
Elapsed time for kappa 29.1211 sec
Elapsed time for experts 11.7141 sec
Elapsed time for households 10.1983 sec
Iteration 185
Elapsed time for kappa 28.8933 sec
Elapsed time for experts 11.5342 sec
Elapsed time for households 16.4370 sec
Iteration 186
Elapsed time for kappa 30.7556 sec
Elapsed time for experts 11.9314 sec
Elapsed time for households 10.5818 sec
Iteration 187
Elapsed time for kappa 30.2267 sec
Elapsed time for experts 12.0679 sec
Elapsed time for households 10.6593 sec
Iteration 188
Elapsed time for kappa 30.4614 sec
Elapsed time for experts 13.1712 sec
Elapsed time for households 10.1676 sec
Iteration 189
Elapsed time for kappa 29.4124 sec
Elapsed time for experts 11.4435 sec
Elapsed time for households 10.2051 sec
Iteration 190
Elapsed time for kappa 28.9383 sec
Elapsed time for experts 11.8649 sec
Elapsed time for households 10.2541 sec
Iteration 191
Elapsed time for kappa 28.6505 sec
Elapsed time for experts 11.6153 sec
Elapsed time for households 9.8905 sec
Iteration 192
Elapsed time for kappa 37.2732 sec
Elapsed time for experts 12.2737 sec
Elapsed time for households 10.7628 sec
Iteration 193
Elapsed time for kappa 30.4936 sec
Elapsed time for experts 12.0831 sec
Elapsed time for households 11.4231 sec
Iteration 194
Elapsed time for kappa 29.8581 sec
Elapsed time for experts 12.1332 sec
Elapsed time for households 10.4614 sec
Iteration 195
Elapsed time for kappa 29.4321 sec
Elapsed time for experts 11.5425 sec
Elapsed time for households 10.2303 sec
Iteration 196
Elapsed time for kappa 29.2814 sec
Elapsed time for experts 11.4699 sec
Elapsed time for households 9.8254 sec
Iteration 197
Elapsed time for kappa 29.0724 sec
Elapsed time for experts 11.7583 sec
Elapsed time for households 9.9227 sec
Iteration 198
Elapsed time for kappa 35.8027 sec
Elapsed time for experts 12.3912 sec
Elapsed time for households 10.3519 sec
Iteration 199
Elapsed time for kappa 30.0948 sec
Elapsed time for experts 12.0755 sec
Elapsed time for households 10.4793 sec
Iteration 200
Elapsed time for kappa 29.8679 sec
Elapsed time for experts 12.0649 sec
Elapsed time for households 10.3601 sec
Iteration 201
Elapsed time for kappa 29.0652 sec
Elapsed time for experts 11.5011 sec
Elapsed time for households 9.8785 sec
Iteration 202
Elapsed time for kappa 28.8455 sec
Elapsed time for experts 11.6986 sec
Elapsed time for households 10.1022 sec
Iteration 203
Elapsed time for kappa 28.7352 sec
Elapsed time for experts 11.1252 sec
Elapsed time for households 17.3441 sec
Iteration 204
Elapsed time for kappa 30.6741 sec
Elapsed time for experts 11.8796 sec
Elapsed time for households 10.3844 sec
Iteration 205
Elapsed time for kappa 30.2177 sec
Elapsed time for experts 11.7486 sec
Elapsed time for households 10.4550 sec
Iteration 206
Elapsed time for kappa 29.7820 sec
Elapsed time for experts 12.0488 sec
Elapsed time for households 10.1805 sec
Iteration 207
Elapsed time for kappa 29.3357 sec
Elapsed time for experts 11.6033 sec
Elapsed time for households 9.9885 sec
Iteration 208
Elapsed time for kappa 29.0503 sec
Elapsed time for experts 11.6665 sec
Elapsed time for households 10.0503 sec
Iteration 209
Elapsed time for kappa 28.6176 sec
Elapsed time for experts 11.4817 sec
Elapsed time for households 9.9993 sec
Iteration 210
Elapsed time for kappa 36.5410 sec
Elapsed time for experts 12.2777 sec
Elapsed time for households 10.5932 sec
Iteration 211
Elapsed time for kappa 30.3519 sec
Elapsed time for experts 12.0181 sec
Elapsed time for households 10.3015 sec
Iteration 212
Elapsed time for kappa 29.9728 sec
Elapsed time for experts 12.1151 sec
Elapsed time for households 10.3678 sec
Iteration 213
Elapsed time for kappa 29.6671 sec
Elapsed time for experts 11.6008 sec
Elapsed time for households 11.2996 sec
Iteration 214
Elapsed time for kappa 28.9013 sec
Elapsed time for experts 11.4818 sec
Elapsed time for households 10.0364 sec
Iteration 215
Elapsed time for kappa 28.6037 sec
Elapsed time for experts 11.5208 sec
Elapsed time for households 15.7322 sec
Iteration 216
Elapsed time for kappa 31.0292 sec
Elapsed time for experts 12.3517 sec
Elapsed time for households 10.6867 sec
Iteration 217
Elapsed time for kappa 30.0377 sec
Elapsed time for experts 11.8892 sec
Elapsed time for households 10.5031 sec
Iteration 218
Elapsed time for kappa 29.9426 sec
Elapsed time for experts 13.1822 sec
Elapsed time for households 10.3402 sec
Iteration 219
Elapsed time for kappa 29.2673 sec
Elapsed time for experts 11.6768 sec
Elapsed time for households 10.2688 sec
Iteration 220
Elapsed time for kappa 29.0706 sec
Elapsed time for experts 11.1201 sec
Elapsed time for households 9.9490 sec
Iteration 221
Elapsed time for kappa 29.0032 sec
Elapsed time for experts 11.3728 sec
Elapsed time for households 10.8886 sec
Iteration 222
Elapsed time for kappa 40.3040 sec
Elapsed time for experts 14.0381 sec
Elapsed time for households 10.4968 sec
Iteration 223
Elapsed time for kappa 30.5247 sec
Elapsed time for experts 12.2409 sec
Elapsed time for households 10.5559 sec
Iteration 224
Elapsed time for kappa 30.3698 sec
Elapsed time for experts 11.9238 sec
Elapsed time for households 10.5310 sec
Iteration 225
Elapsed time for kappa 32.6989 sec
Elapsed time for experts 11.8584 sec
Elapsed time for households 10.1792 sec
Iteration 226
Elapsed time for kappa 29.0255 sec
Elapsed time for experts 11.0959 sec
Elapsed time for households 10.0804 sec
Iteration 227
Elapsed time for kappa 28.7599 sec
Elapsed time for experts 11.9226 sec
Elapsed time for households 15.9788 sec
Iteration 228
Elapsed time for kappa 31.0815 sec
Elapsed time for experts 12.6030 sec
Elapsed time for households 10.7292 sec
Iteration 229
Elapsed time for kappa 30.7323 sec
Elapsed time for experts 12.3712 sec
Elapsed time for households 11.8603 sec
Iteration 230
Elapsed time for kappa 30.3448 sec
Elapsed time for experts 12.1675 sec
Elapsed time for households 10.3390 sec
Iteration 231
Elapsed time for kappa 29.9308 sec
Elapsed time for experts 11.7966 sec
Elapsed time for households 10.3350 sec
Iteration 232
Elapsed time for kappa 29.2078 sec
Elapsed time for experts 11.6648 sec
Elapsed time for households 10.0939 sec
Iteration 233
Elapsed time for kappa 28.9906 sec
Elapsed time for experts 11.4855 sec
Elapsed time for households 10.2211 sec
Iteration 234
Elapsed time for kappa 37.5684 sec
Elapsed time for experts 11.9684 sec
Elapsed time for households 10.4230 sec
Iteration 235
Elapsed time for kappa 30.2137 sec
Elapsed time for experts 12.0712 sec
Elapsed time for households 10.1611 sec
Iteration 236
Elapsed time for kappa 29.8064 sec
Elapsed time for experts 11.9838 sec
Elapsed time for households 10.5028 sec
Iteration 237
Elapsed time for kappa 29.8915 sec
Elapsed time for experts 11.7557 sec
Elapsed time for households 10.3532 sec
Iteration 238
Elapsed time for kappa 29.3161 sec
Elapsed time for experts 11.2759 sec
Elapsed time for households 9.9071 sec
Iteration 239
Elapsed time for kappa 28.2537 sec
Elapsed time for experts 11.2093 sec
Elapsed time for households 9.7001 sec
Iteration 240
Elapsed time for kappa 35.7371 sec
Elapsed time for experts 12.0549 sec
Elapsed time for households 10.2739 sec
Iteration 241
Elapsed time for kappa 29.4589 sec
Elapsed time for experts 12.9908 sec
Elapsed time for households 10.1558 sec
Iteration 242
Elapsed time for kappa 29.3895 sec
Elapsed time for experts 11.4856 sec
Elapsed time for households 10.1620 sec
Iteration 243
Elapsed time for kappa 29.0587 sec
Elapsed time for experts 11.8314 sec
Elapsed time for households 10.0236 sec
Iteration 244
Elapsed time for kappa 28.4077 sec
Elapsed time for experts 11.0104 sec
Elapsed time for households 9.6729 sec
Iteration 245
Elapsed time for kappa 28.5448 sec
Elapsed time for experts 10.8558 sec
Elapsed time for households 16.8697 sec
Iteration 246
Elapsed time for kappa 33.1211 sec
Elapsed time for experts 13.0841 sec
Elapsed time for households 11.0936 sec
Iteration 247
Elapsed time for kappa 29.9259 sec
Elapsed time for experts 11.9059 sec
Elapsed time for households 10.5878 sec
Iteration 248
Elapsed time for kappa 30.3572 sec
Elapsed time for experts 11.4570 sec
Elapsed time for households 10.2151 sec
Iteration 249
Elapsed time for kappa 29.6890 sec
Elapsed time for experts 11.8293 sec
Elapsed time for households 10.3870 sec
Iteration 250
Elapsed time for kappa 29.5038 sec
Elapsed time for experts 11.1586 sec
Elapsed time for households 9.7403 sec
Iteration 251
Elapsed time for kappa 28.0741 sec
Elapsed time for experts 10.5962 sec
Elapsed time for households 10.2000 sec
Iteration 252
Elapsed time for kappa 36.9358 sec
Elapsed time for experts 12.1895 sec
Elapsed time for households 11.5433 sec
Iteration 253
Elapsed time for kappa 32.5367 sec
Elapsed time for experts 11.5370 sec
Elapsed time for households 10.3207 sec
Iteration 254
Elapsed time for kappa 29.3270 sec
Elapsed time for experts 11.6421 sec
Elapsed time for households 10.1735 sec
Iteration 255
Elapsed time for kappa 28.9300 sec
Elapsed time for experts 11.2916 sec
Elapsed time for households 10.5987 sec
Iteration 256
Elapsed time for kappa 29.5623 sec
Elapsed time for experts 13.5091 sec
Elapsed time for households 10.5271 sec
Iteration 257
Elapsed time for kappa 29.2887 sec
Elapsed time for experts 11.0203 sec
Elapsed time for households 15.7137 sec
Iteration 258
Elapsed time for kappa 30.0978 sec
Elapsed time for experts 11.6770 sec
Elapsed time for households 10.0697 sec
Iteration 259
Elapsed time for kappa 29.4820 sec
Elapsed time for experts 12.0904 sec
Elapsed time for households 10.8226 sec
Iteration 260
Elapsed time for kappa 30.4702 sec
Elapsed time for experts 12.7805 sec
Elapsed time for households 10.8988 sec
Iteration 261
Elapsed time for kappa 30.7927 sec
Elapsed time for experts 12.7818 sec
Elapsed time for households 9.9134 sec
Iteration 262
Elapsed time for kappa 28.5322 sec
Elapsed time for experts 11.0943 sec
Elapsed time for households 10.0992 sec
Iteration 263
Elapsed time for kappa 28.2150 sec
Elapsed time for experts 10.9110 sec
Elapsed time for households 9.6941 sec
Iteration 264
Elapsed time for kappa 36.8962 sec
Elapsed time for experts 11.7115 sec
Elapsed time for households 11.0373 sec
Iteration 265
Elapsed time for kappa 30.7289 sec
Elapsed time for experts 12.1188 sec
Elapsed time for households 11.7457 sec
Iteration 266
Elapsed time for kappa 29.5948 sec
Elapsed time for experts 11.3705 sec
Elapsed time for households 10.4027 sec
Iteration 267
Elapsed time for kappa 29.4639 sec
Elapsed time for experts 11.4922 sec
Elapsed time for households 9.9610 sec
Iteration 268
Elapsed time for kappa 28.9724 sec
Elapsed time for experts 11.6582 sec
Elapsed time for households 9.9042 sec
Iteration 269
Elapsed time for kappa 28.0880 sec
Elapsed time for experts 10.9341 sec
Elapsed time for households 9.5086 sec
Iteration 270
Elapsed time for kappa 36.1301 sec
Elapsed time for experts 12.3240 sec
Elapsed time for households 10.3452 sec
Iteration 271
Elapsed time for kappa 29.6738 sec
Elapsed time for experts 12.0745 sec
Elapsed time for households 10.3431 sec
Iteration 272
Elapsed time for kappa 29.4500 sec
Elapsed time for experts 11.8981 sec
Elapsed time for households 10.1502 sec
Iteration 273
Elapsed time for kappa 29.1657 sec
Elapsed time for experts 11.7307 sec
Elapsed time for households 10.1530 sec
Iteration 274
Elapsed time for kappa 28.6203 sec
Elapsed time for experts 11.7051 sec
Elapsed time for households 10.1827 sec
Iteration 275
Elapsed time for kappa 28.8258 sec
Elapsed time for experts 11.5767 sec
Elapsed time for households 15.7454 sec
Iteration 276
Elapsed time for kappa 30.0489 sec
Elapsed time for experts 11.6123 sec
Elapsed time for households 10.3815 sec
Iteration 277
Elapsed time for kappa 29.3247 sec
Elapsed time for experts 11.2269 sec
Elapsed time for households 10.2578 sec
Iteration 278
Elapsed time for kappa 29.6922 sec
Elapsed time for experts 11.4889 sec
Elapsed time for households 10.1427 sec
Iteration 279
Elapsed time for kappa 29.0809 sec
Elapsed time for experts 11.8034 sec
Elapsed time for households 10.0502 sec
Iteration 280
Elapsed time for kappa 28.3040 sec
Elapsed time for experts 11.4215 sec
Elapsed time for households 9.5781 sec
Iteration 281
Elapsed time for kappa 27.9392 sec
Elapsed time for experts 10.9759 sec
Elapsed time for households 9.7593 sec
Iteration 282
Elapsed time for kappa 37.1791 sec
Elapsed time for experts 11.8790 sec
Elapsed time for households 10.6981 sec
Iteration 283
Elapsed time for kappa 30.1037 sec
Elapsed time for experts 11.7129 sec
Elapsed time for households 10.2242 sec
Iteration 284
Elapsed time for kappa 30.1332 sec
Elapsed time for experts 11.7145 sec
Elapsed time for households 10.0494 sec
Iteration 285
Elapsed time for kappa 29.4555 sec
Elapsed time for experts 11.8985 sec
Elapsed time for households 11.3555 sec
Iteration 286
Elapsed time for kappa 28.9739 sec
Elapsed time for experts 11.8340 sec
Elapsed time for households 10.2743 sec
Iteration 287
Elapsed time for kappa 28.5160 sec
Elapsed time for experts 11.1016 sec
Elapsed time for households 16.1735 sec
Iteration 288
Elapsed time for kappa 30.7672 sec
Elapsed time for experts 12.0773 sec
Elapsed time for households 10.3199 sec
Iteration 289
Elapsed time for kappa 29.5422 sec
Elapsed time for experts 12.1842 sec
Elapsed time for households 11.2739 sec
Iteration 290
Elapsed time for kappa 29.6940 sec
Elapsed time for experts 11.7919 sec
Elapsed time for households 10.3026 sec
Iteration 291
Elapsed time for kappa 29.1602 sec
Elapsed time for experts 11.7900 sec
Elapsed time for households 10.0300 sec
Iteration 292
Elapsed time for kappa 28.5519 sec
Elapsed time for experts 11.3522 sec
Elapsed time for households 9.7154 sec
Iteration 293
Elapsed time for kappa 28.3689 sec
Elapsed time for experts 10.9957 sec
Elapsed time for households 9.7521 sec
Iteration 294
Elapsed time for kappa 37.6587 sec
Elapsed time for experts 13.4128 sec
Elapsed time for households 11.6413 sec
Iteration 295
Elapsed time for kappa 33.0781 sec
Elapsed time for experts 13.1243 sec
Elapsed time for households 10.0870 sec
Iteration 296
Elapsed time for kappa 29.6470 sec
Elapsed time for experts 11.7674 sec
Elapsed time for households 10.1265 sec
Iteration 297
Elapsed time for kappa 29.3581 sec
Elapsed time for experts 11.9367 sec
Elapsed time for households 10.3457 sec
Iteration 298
Elapsed time for kappa 29.0613 sec
Elapsed time for experts 11.3067 sec
Elapsed time for households 10.0470 sec
Iteration 299
Elapsed time for kappa 28.4882 sec
Elapsed time for experts 11.3829 sec
Elapsed time for households 15.9613 sec
Elapsed time for training 16389.7359 sec
90000 90000 90000 90000
