Iteration 0
Elapsed time for kappa 148.0657 sec
Elapsed time for experts 68.0784 sec
Elapsed time for households 16.6068 sec
Iteration 1
Elapsed time for kappa 113.2413 sec
Elapsed time for experts 59.3927 sec
Elapsed time for households 59.1916 sec
Iteration 2
Elapsed time for kappa 113.6304 sec
Elapsed time for experts 61.1653 sec
Elapsed time for households 53.1749 sec
Iteration 3
Elapsed time for kappa 111.5132 sec
Elapsed time for experts 59.3892 sec
Elapsed time for households 54.0847 sec
Iteration 4
Elapsed time for kappa 110.3012 sec
Elapsed time for experts 60.6421 sec
Elapsed time for households 35.7399 sec
Iteration 5
Elapsed time for kappa 110.5312 sec
Elapsed time for experts 60.9061 sec
Elapsed time for households 53.1622 sec
Iteration 6
Elapsed time for kappa 113.0977 sec
Elapsed time for experts 59.7530 sec
Elapsed time for households 54.8912 sec
Iteration 7
Elapsed time for kappa 46.3154 sec
Elapsed time for experts 67.1482 sec
Elapsed time for households 22.1072 sec
Iteration 8
Elapsed time for kappa 112.6976 sec
Elapsed time for experts 59.2216 sec
Elapsed time for households 46.5806 sec
Iteration 9
Elapsed time for kappa 111.8633 sec
Elapsed time for experts 60.1784 sec
Elapsed time for households 56.2734 sec
Iteration 10
Elapsed time for kappa 111.4804 sec
Elapsed time for experts 62.2172 sec
Elapsed time for households 36.1729 sec
Iteration 11
Elapsed time for kappa 109.0225 sec
Elapsed time for experts 61.1143 sec
Elapsed time for households 53.9870 sec
Iteration 12
Elapsed time for kappa 111.8233 sec
Elapsed time for experts 61.1793 sec
Elapsed time for households 10.1126 sec
Iteration 13
Elapsed time for kappa 118.4296 sec
Elapsed time for experts 62.3518 sec
Elapsed time for households 57.7657 sec
Iteration 14
Elapsed time for kappa 112.8189 sec
Elapsed time for experts 59.7192 sec
Elapsed time for households 55.4025 sec
Elapsed time for training 3243.3484 sec
