Iteration 0
Elapsed time for kappa 168.0862 sec
Elapsed time for experts 65.8885 sec
Elapsed time for households 60.9878 sec
Iteration 1
Elapsed time for kappa 136.7973 sec
Elapsed time for experts 62.1439 sec
Elapsed time for households 61.2561 sec
Iteration 2
Elapsed time for kappa 134.8248 sec
Elapsed time for experts 61.5715 sec
Elapsed time for households 57.2509 sec
Iteration 3
Elapsed time for kappa 139.0620 sec
Elapsed time for experts 62.9356 sec
Elapsed time for households 60.8360 sec
Iteration 4
Elapsed time for kappa 137.2303 sec
Elapsed time for experts 63.0712 sec
Elapsed time for households 60.1598 sec
Iteration 5
Elapsed time for kappa 140.3757 sec
Elapsed time for experts 62.4972 sec
Elapsed time for households 60.9394 sec
Iteration 6
Elapsed time for kappa 137.2582 sec
Elapsed time for experts 60.4883 sec
Elapsed time for households 59.5210 sec
Iteration 7
Elapsed time for kappa 143.1932 sec
Elapsed time for experts 61.3378 sec
Elapsed time for households 57.8884 sec
Iteration 8
Elapsed time for kappa 134.4412 sec
Elapsed time for experts 62.3451 sec
Elapsed time for households 60.5104 sec
Iteration 9
Elapsed time for kappa 138.7128 sec
Elapsed time for experts 60.9210 sec
Elapsed time for households 59.6351 sec
Iteration 10
Elapsed time for kappa 139.4432 sec
Elapsed time for experts 63.0918 sec
Elapsed time for households 60.8842 sec
Iteration 11
Elapsed time for kappa 138.4273 sec
Elapsed time for experts 61.9309 sec
Elapsed time for households 59.1016 sec
Iteration 12
Elapsed time for kappa 138.0510 sec
Elapsed time for experts 61.9702 sec
Elapsed time for households 59.8728 sec
Iteration 13
Elapsed time for kappa 147.9241 sec
Elapsed time for experts 63.1501 sec
Elapsed time for households 60.8442 sec
Iteration 14
Elapsed time for kappa 138.1970 sec
Elapsed time for experts 62.8434 sec
Elapsed time for households 59.7558 sec
Elapsed time for training 3948.4568 sec
