Iteration 0
Elapsed time for kappa 66.1119 sec
Elapsed time for experts 23.4920 sec
Elapsed time for households 16.5680 sec
Iteration 1
Elapsed time for kappa 33.7272 sec
Elapsed time for experts 15.4333 sec
Elapsed time for households 16.6594 sec
Iteration 2
Elapsed time for kappa 33.5087 sec
Elapsed time for experts 14.6883 sec
Elapsed time for households 13.9488 sec
Iteration 3
Elapsed time for kappa 33.4884 sec
Elapsed time for experts 17.4135 sec
Elapsed time for households 13.6462 sec
Iteration 4
Elapsed time for kappa 35.6511 sec
Elapsed time for experts 15.2451 sec
Elapsed time for households 12.7873 sec
Iteration 5
Elapsed time for kappa 35.6958 sec
Elapsed time for experts 15.0715 sec
Elapsed time for households 13.3910 sec
Iteration 6
Elapsed time for kappa 34.3676 sec
Elapsed time for experts 14.1571 sec
Elapsed time for households 13.9306 sec
Iteration 7
Elapsed time for kappa 40.1019 sec
Elapsed time for experts 25.1129 sec
Elapsed time for households 13.9249 sec
Iteration 8
Elapsed time for kappa 37.2622 sec
Elapsed time for experts 14.8840 sec
Elapsed time for households 15.7286 sec
Iteration 9
Elapsed time for kappa 34.6869 sec
Elapsed time for experts 14.4380 sec
Elapsed time for households 13.4504 sec
Iteration 10
Elapsed time for kappa 34.2154 sec
Elapsed time for experts 15.1519 sec
Elapsed time for households 13.2496 sec
Iteration 11
Elapsed time for kappa 33.5218 sec
Elapsed time for experts 14.5737 sec
Elapsed time for households 14.3080 sec
Iteration 12
Elapsed time for kappa 34.0085 sec
Elapsed time for experts 15.6522 sec
Elapsed time for households 13.6045 sec
Iteration 13
Elapsed time for kappa 35.8301 sec
Elapsed time for experts 23.3033 sec
Elapsed time for households 14.8401 sec
Iteration 14
Elapsed time for kappa 36.5515 sec
Elapsed time for experts 14.7698 sec
Elapsed time for households 15.3831 sec
Iteration 15
Elapsed time for kappa 39.5729 sec
Elapsed time for experts 16.6624 sec
Elapsed time for households 13.0038 sec
Iteration 16
Elapsed time for kappa 35.9152 sec
Elapsed time for experts 17.1366 sec
Elapsed time for households 15.0001 sec
Iteration 17
Elapsed time for kappa 35.1133 sec
Elapsed time for experts 14.8001 sec
Elapsed time for households 15.0495 sec
Iteration 18
Elapsed time for kappa 34.7931 sec
Elapsed time for experts 14.4588 sec
Elapsed time for households 14.5180 sec
Iteration 19
Elapsed time for kappa 34.1320 sec
Elapsed time for experts 22.5367 sec
Elapsed time for households 13.7857 sec
Iteration 20
Elapsed time for kappa 35.3364 sec
Elapsed time for experts 14.4016 sec
Elapsed time for households 15.7246 sec
Iteration 21
Elapsed time for kappa 37.4878 sec
Elapsed time for experts 13.6844 sec
Elapsed time for households 12.8434 sec
Iteration 22
Elapsed time for kappa 36.5128 sec
Elapsed time for experts 16.0860 sec
Elapsed time for households 13.3717 sec
Iteration 23
Elapsed time for kappa 38.1544 sec
Elapsed time for experts 14.6999 sec
Elapsed time for households 13.2340 sec
Iteration 24
Elapsed time for kappa 36.3365 sec
Elapsed time for experts 12.4857 sec
Elapsed time for households 13.2131 sec
Iteration 25
Elapsed time for kappa 47.2047 sec
Elapsed time for experts 13.6289 sec
Elapsed time for households 12.5877 sec
Iteration 26
Elapsed time for kappa 35.7447 sec
Elapsed time for experts 16.5167 sec
Elapsed time for households 13.3613 sec
Iteration 27
Elapsed time for kappa 36.9671 sec
Elapsed time for experts 13.3107 sec
Elapsed time for households 11.9273 sec
Iteration 28
Elapsed time for kappa 35.5492 sec
Elapsed time for experts 12.9668 sec
Elapsed time for households 11.5218 sec
Iteration 29
Elapsed time for kappa 35.6619 sec
Elapsed time for experts 14.0264 sec
Elapsed time for households 11.6743 sec
Iteration 30
Elapsed time for kappa 34.5528 sec
Elapsed time for experts 13.3733 sec
Elapsed time for households 11.4231 sec
Iteration 31
Elapsed time for kappa 48.8938 sec
Elapsed time for experts 14.7135 sec
Elapsed time for households 11.9071 sec
Iteration 32
Elapsed time for kappa 36.4586 sec
Elapsed time for experts 12.7554 sec
Elapsed time for households 11.6645 sec
Iteration 33
Elapsed time for kappa 35.5482 sec
Elapsed time for experts 14.8043 sec
Elapsed time for households 11.8538 sec
Iteration 34
Elapsed time for kappa 35.2723 sec
Elapsed time for experts 12.3960 sec
Elapsed time for households 11.5608 sec
Iteration 35
Elapsed time for kappa 34.8658 sec
Elapsed time for experts 17.0438 sec
Elapsed time for households 12.1361 sec
Iteration 36
Elapsed time for kappa 34.7676 sec
Elapsed time for experts 12.4404 sec
Elapsed time for households 13.4493 sec
Iteration 37
Elapsed time for kappa 44.3202 sec
Elapsed time for experts 15.0503 sec
Elapsed time for households 12.7503 sec
Iteration 38
Elapsed time for kappa 35.1021 sec
Elapsed time for experts 14.2398 sec
Elapsed time for households 11.9092 sec
Iteration 39
Elapsed time for kappa 34.9763 sec
Elapsed time for experts 13.6224 sec
Elapsed time for households 11.7270 sec
Iteration 40
Elapsed time for kappa 34.4099 sec
Elapsed time for experts 13.6221 sec
Elapsed time for households 11.8935 sec
Iteration 41
Elapsed time for kappa 34.1469 sec
Elapsed time for experts 16.1237 sec
Elapsed time for households 11.9283 sec
Iteration 42
Elapsed time for kappa 33.9868 sec
Elapsed time for experts 13.2134 sec
Elapsed time for households 11.7828 sec
Iteration 43
Elapsed time for kappa 43.8876 sec
Elapsed time for experts 16.6851 sec
Elapsed time for households 12.7012 sec
Iteration 44
Elapsed time for kappa 35.3595 sec
Elapsed time for experts 15.2586 sec
Elapsed time for households 11.6380 sec
Iteration 45
Elapsed time for kappa 35.1481 sec
Elapsed time for experts 14.1079 sec
Elapsed time for households 11.8190 sec
Iteration 46
Elapsed time for kappa 34.4753 sec
Elapsed time for experts 12.9777 sec
Elapsed time for households 11.7298 sec
Iteration 47
Elapsed time for kappa 34.0361 sec
Elapsed time for experts 14.0032 sec
Elapsed time for households 11.5863 sec
Iteration 48
Elapsed time for kappa 33.9125 sec
Elapsed time for experts 14.3052 sec
Elapsed time for households 11.7019 sec
Iteration 49
Elapsed time for kappa 43.3507 sec
Elapsed time for experts 16.0456 sec
Elapsed time for households 12.5101 sec
Iteration 50
Elapsed time for kappa 35.6988 sec
Elapsed time for experts 15.2129 sec
Elapsed time for households 11.4403 sec
Iteration 51
Elapsed time for kappa 34.6914 sec
Elapsed time for experts 13.3523 sec
Elapsed time for households 11.7692 sec
Iteration 52
Elapsed time for kappa 34.7583 sec
Elapsed time for experts 13.0096 sec
Elapsed time for households 11.8101 sec
Iteration 53
Elapsed time for kappa 34.6294 sec
Elapsed time for experts 13.0317 sec
Elapsed time for households 11.5140 sec
Iteration 54
Elapsed time for kappa 33.9254 sec
Elapsed time for experts 14.3088 sec
Elapsed time for households 12.0083 sec
Iteration 55
Elapsed time for kappa 44.1233 sec
Elapsed time for experts 15.9182 sec
Elapsed time for households 12.5970 sec
Iteration 56
Elapsed time for kappa 36.0583 sec
Elapsed time for experts 14.3384 sec
Elapsed time for households 11.9516 sec
Iteration 57
Elapsed time for kappa 35.2088 sec
Elapsed time for experts 14.1636 sec
Elapsed time for households 11.7529 sec
Iteration 58
Elapsed time for kappa 34.8738 sec
Elapsed time for experts 13.0508 sec
Elapsed time for households 11.5735 sec
Iteration 59
Elapsed time for kappa 34.5820 sec
Elapsed time for experts 12.9502 sec
Elapsed time for households 11.4540 sec
Iteration 60
Elapsed time for kappa 34.2835 sec
Elapsed time for experts 12.5343 sec
Elapsed time for households 19.2127 sec
Iteration 61
Elapsed time for kappa 36.5151 sec
Elapsed time for experts 14.5920 sec
Elapsed time for households 12.2687 sec
Iteration 62
Elapsed time for kappa 36.1230 sec
Elapsed time for experts 13.1282 sec
Elapsed time for households 11.4728 sec
Iteration 63
Elapsed time for kappa 35.2702 sec
Elapsed time for experts 13.7933 sec
Elapsed time for households 11.6286 sec
Iteration 64
Elapsed time for kappa 34.6802 sec
Elapsed time for experts 14.5955 sec
Elapsed time for households 11.8041 sec
Iteration 65
Elapsed time for kappa 34.0038 sec
Elapsed time for experts 12.6482 sec
Elapsed time for households 11.2762 sec
Iteration 66
Elapsed time for kappa 34.1939 sec
Elapsed time for experts 13.8600 sec
Elapsed time for households 20.1499 sec
Iteration 67
Elapsed time for kappa 36.8401 sec
Elapsed time for experts 13.2561 sec
Elapsed time for households 12.0284 sec
Iteration 68
Elapsed time for kappa 35.5209 sec
Elapsed time for experts 12.8390 sec
Elapsed time for households 11.3869 sec
Iteration 69
Elapsed time for kappa 34.8663 sec
Elapsed time for experts 12.6286 sec
Elapsed time for households 11.5138 sec
Iteration 70
Elapsed time for kappa 34.6634 sec
Elapsed time for experts 12.6550 sec
Elapsed time for households 11.8294 sec
Iteration 71
Elapsed time for kappa 34.5515 sec
Elapsed time for experts 12.9937 sec
Elapsed time for households 11.0899 sec
Iteration 72
Elapsed time for kappa 34.5945 sec
Elapsed time for experts 21.7019 sec
Elapsed time for households 13.3779 sec
Iteration 73
Elapsed time for kappa 36.4566 sec
Elapsed time for experts 14.5656 sec
Elapsed time for households 12.3049 sec
Iteration 74
Elapsed time for kappa 35.3702 sec
Elapsed time for experts 13.0448 sec
Elapsed time for households 11.7329 sec
Iteration 75
Elapsed time for kappa 35.0159 sec
Elapsed time for experts 13.3358 sec
Elapsed time for households 11.5134 sec
Iteration 76
Elapsed time for kappa 34.8856 sec
Elapsed time for experts 13.8290 sec
Elapsed time for households 11.3920 sec
Iteration 77
Elapsed time for kappa 34.3466 sec
Elapsed time for experts 12.7371 sec
Elapsed time for households 11.4787 sec
Iteration 78
Elapsed time for kappa 34.0384 sec
Elapsed time for experts 21.0587 sec
Elapsed time for households 12.3990 sec
Iteration 79
Elapsed time for kappa 35.9729 sec
Elapsed time for experts 14.1662 sec
Elapsed time for households 12.2694 sec
Iteration 80
Elapsed time for kappa 35.5021 sec
Elapsed time for experts 13.8396 sec
Elapsed time for households 11.6560 sec
Iteration 81
Elapsed time for kappa 34.9451 sec
Elapsed time for experts 13.5185 sec
Elapsed time for households 11.1905 sec
Iteration 82
Elapsed time for kappa 34.9430 sec
Elapsed time for experts 13.1777 sec
Elapsed time for households 11.3522 sec
Iteration 83
Elapsed time for kappa 34.4618 sec
Elapsed time for experts 12.7503 sec
Elapsed time for households 11.0365 sec
Iteration 84
Elapsed time for kappa 33.8158 sec
Elapsed time for experts 22.6407 sec
Elapsed time for households 13.0611 sec
Iteration 85
Elapsed time for kappa 36.7053 sec
Elapsed time for experts 14.3261 sec
Elapsed time for households 12.5458 sec
Iteration 86
Elapsed time for kappa 35.7527 sec
Elapsed time for experts 13.9792 sec
Elapsed time for households 11.6533 sec
Iteration 87
Elapsed time for kappa 34.8495 sec
Elapsed time for experts 13.5571 sec
Elapsed time for households 11.7920 sec
Iteration 88
Elapsed time for kappa 34.7344 sec
Elapsed time for experts 12.7922 sec
Elapsed time for households 11.7492 sec
Iteration 89
Elapsed time for kappa 34.3304 sec
Elapsed time for experts 12.5680 sec
Elapsed time for households 11.3018 sec
Iteration 90
Elapsed time for kappa 45.8358 sec
Elapsed time for experts 15.0141 sec
Elapsed time for households 13.1540 sec
Iteration 91
Elapsed time for kappa 35.9783 sec
Elapsed time for experts 14.8515 sec
Elapsed time for households 12.2455 sec
Iteration 92
Elapsed time for kappa 35.1992 sec
Elapsed time for experts 13.0382 sec
Elapsed time for households 11.6349 sec
Iteration 93
Elapsed time for kappa 34.8206 sec
Elapsed time for experts 13.6203 sec
Elapsed time for households 11.8486 sec
Iteration 94
Elapsed time for kappa 34.1806 sec
Elapsed time for experts 13.3359 sec
Elapsed time for households 12.0673 sec
Iteration 95
Elapsed time for kappa 34.0744 sec
Elapsed time for experts 12.5340 sec
Elapsed time for households 11.6038 sec
Iteration 96
Elapsed time for kappa 45.1338 sec
Elapsed time for experts 15.4243 sec
Elapsed time for households 12.7823 sec
Iteration 97
Elapsed time for kappa 36.0134 sec
Elapsed time for experts 14.5262 sec
Elapsed time for households 12.3112 sec
Iteration 98
Elapsed time for kappa 35.1976 sec
Elapsed time for experts 13.6637 sec
Elapsed time for households 11.8766 sec
Iteration 99
Elapsed time for kappa 34.9723 sec
Elapsed time for experts 14.1657 sec
Elapsed time for households 11.8238 sec
Iteration 100
Elapsed time for kappa 34.3414 sec
Elapsed time for experts 13.1787 sec
Elapsed time for households 11.8081 sec
Iteration 101
Elapsed time for kappa 34.3015 sec
Elapsed time for experts 12.8808 sec
Elapsed time for households 12.6652 sec
Iteration 102
Elapsed time for kappa 46.4162 sec
Elapsed time for experts 14.9371 sec
Elapsed time for households 12.3685 sec
Iteration 103
Elapsed time for kappa 36.1825 sec
Elapsed time for experts 14.1629 sec
Elapsed time for households 12.1072 sec
Iteration 104
Elapsed time for kappa 34.9422 sec
Elapsed time for experts 13.2645 sec
Elapsed time for households 11.5852 sec
Iteration 105
Elapsed time for kappa 34.6785 sec
Elapsed time for experts 13.5512 sec
Elapsed time for households 11.7307 sec
Iteration 106
Elapsed time for kappa 33.9521 sec
Elapsed time for experts 13.4503 sec
Elapsed time for households 11.6188 sec
Iteration 107
Elapsed time for kappa 33.8689 sec
Elapsed time for experts 13.2037 sec
Elapsed time for households 11.3206 sec
Iteration 108
Elapsed time for kappa 45.3370 sec
Elapsed time for experts 14.9473 sec
Elapsed time for households 12.7232 sec
Iteration 109
Elapsed time for kappa 36.5442 sec
Elapsed time for experts 13.7883 sec
Elapsed time for households 12.2901 sec
Iteration 110
Elapsed time for kappa 35.6828 sec
Elapsed time for experts 13.7596 sec
Elapsed time for households 12.5253 sec
Iteration 111
Elapsed time for kappa 35.4029 sec
Elapsed time for experts 13.7913 sec
Elapsed time for households 12.0261 sec
Iteration 112
Elapsed time for kappa 34.6458 sec
Elapsed time for experts 13.2024 sec
Elapsed time for households 11.7909 sec
Iteration 113
Elapsed time for kappa 33.8011 sec
Elapsed time for experts 12.8927 sec
Elapsed time for households 11.1600 sec
Iteration 114
Elapsed time for kappa 44.4598 sec
Elapsed time for experts 14.2663 sec
Elapsed time for households 12.7072 sec
Iteration 115
Elapsed time for kappa 36.7478 sec
Elapsed time for experts 14.5430 sec
Elapsed time for households 12.1175 sec
Iteration 116
Elapsed time for kappa 35.3653 sec
Elapsed time for experts 14.2100 sec
Elapsed time for households 12.1497 sec
Iteration 117
Elapsed time for kappa 35.5334 sec
Elapsed time for experts 14.1678 sec
Elapsed time for households 11.5866 sec
Iteration 118
Elapsed time for kappa 34.6299 sec
Elapsed time for experts 13.7027 sec
Elapsed time for households 11.5698 sec
Iteration 119
Elapsed time for kappa 34.0104 sec
Elapsed time for experts 13.6778 sec
Elapsed time for households 11.3487 sec
Iteration 120
Elapsed time for kappa 45.4539 sec
Elapsed time for experts 17.5413 sec
Elapsed time for households 12.2304 sec
Iteration 121
Elapsed time for kappa 36.8107 sec
Elapsed time for experts 14.0888 sec
Elapsed time for households 12.2995 sec
Iteration 122
Elapsed time for kappa 35.7868 sec
Elapsed time for experts 13.5393 sec
Elapsed time for households 11.8807 sec
Iteration 123
Elapsed time for kappa 35.2525 sec
Elapsed time for experts 12.9252 sec
Elapsed time for households 11.3733 sec
Iteration 124
Elapsed time for kappa 34.6318 sec
Elapsed time for experts 12.9689 sec
Elapsed time for households 11.3897 sec
Iteration 125
Elapsed time for kappa 34.2639 sec
Elapsed time for experts 12.7217 sec
Elapsed time for households 11.1393 sec
Iteration 126
Elapsed time for kappa 44.9732 sec
Elapsed time for experts 14.1745 sec
Elapsed time for households 11.8012 sec
Iteration 127
Elapsed time for kappa 36.1552 sec
Elapsed time for experts 13.6633 sec
Elapsed time for households 11.9510 sec
Iteration 128
Elapsed time for kappa 35.7734 sec
Elapsed time for experts 13.6040 sec
Elapsed time for households 11.5893 sec
Iteration 129
Elapsed time for kappa 35.1564 sec
Elapsed time for experts 14.8101 sec
Elapsed time for households 11.3718 sec
Iteration 130
Elapsed time for kappa 34.7512 sec
Elapsed time for experts 13.2147 sec
Elapsed time for households 11.4050 sec
Iteration 131
Elapsed time for kappa 34.0340 sec
Elapsed time for experts 12.4165 sec
Elapsed time for households 19.0679 sec
Iteration 132
Elapsed time for kappa 37.2701 sec
Elapsed time for experts 13.4188 sec
Elapsed time for households 12.4350 sec
Iteration 133
Elapsed time for kappa 36.1821 sec
Elapsed time for experts 13.2622 sec
Elapsed time for households 11.5397 sec
Iteration 134
Elapsed time for kappa 35.3732 sec
Elapsed time for experts 12.9570 sec
Elapsed time for households 11.7882 sec
Iteration 135
Elapsed time for kappa 34.9649 sec
Elapsed time for experts 12.8492 sec
Elapsed time for households 11.6207 sec
Iteration 136
Elapsed time for kappa 33.8886 sec
Elapsed time for experts 12.5695 sec
Elapsed time for households 11.3904 sec
Iteration 137
Elapsed time for kappa 33.7448 sec
Elapsed time for experts 14.0089 sec
Elapsed time for households 20.4213 sec
Iteration 138
Elapsed time for kappa 37.3775 sec
Elapsed time for experts 14.7565 sec
Elapsed time for households 12.2625 sec
Iteration 139
Elapsed time for kappa 36.0277 sec
Elapsed time for experts 14.0325 sec
Elapsed time for households 11.8862 sec
Iteration 140
Elapsed time for kappa 35.0729 sec
Elapsed time for experts 13.7094 sec
Elapsed time for households 11.6859 sec
Iteration 141
Elapsed time for kappa 34.5673 sec
Elapsed time for experts 12.7897 sec
Elapsed time for households 11.2192 sec
Iteration 142
Elapsed time for kappa 34.1164 sec
Elapsed time for experts 12.6820 sec
Elapsed time for households 11.2575 sec
Iteration 143
Elapsed time for kappa 33.8745 sec
Elapsed time for experts 12.6724 sec
Elapsed time for households 19.5385 sec
Iteration 144
Elapsed time for kappa 36.5150 sec
Elapsed time for experts 14.1660 sec
Elapsed time for households 12.0387 sec
Iteration 145
Elapsed time for kappa 36.0598 sec
Elapsed time for experts 14.3073 sec
Elapsed time for households 12.2519 sec
Iteration 146
Elapsed time for kappa 35.1729 sec
Elapsed time for experts 13.8836 sec
Elapsed time for households 11.9237 sec
Iteration 147
Elapsed time for kappa 34.6540 sec
Elapsed time for experts 13.6358 sec
Elapsed time for households 11.4832 sec
Iteration 148
Elapsed time for kappa 33.9715 sec
Elapsed time for experts 14.6921 sec
Elapsed time for households 11.1105 sec
Iteration 149
Elapsed time for kappa 33.5711 sec
Elapsed time for experts 13.0871 sec
Elapsed time for households 11.0179 sec
Iteration 150
Elapsed time for kappa 44.3882 sec
Elapsed time for experts 14.6973 sec
Elapsed time for households 11.8708 sec
Iteration 151
Elapsed time for kappa 35.5994 sec
Elapsed time for experts 14.1388 sec
Elapsed time for households 12.0414 sec
Iteration 152
Elapsed time for kappa 34.4069 sec
Elapsed time for experts 13.7847 sec
Elapsed time for households 11.5114 sec
Iteration 153
Elapsed time for kappa 33.7863 sec
Elapsed time for experts 13.4750 sec
Elapsed time for households 11.4548 sec
Iteration 154
Elapsed time for kappa 33.6012 sec
Elapsed time for experts 12.8619 sec
Elapsed time for households 11.2363 sec
Iteration 155
Elapsed time for kappa 33.3210 sec
Elapsed time for experts 13.4599 sec
Elapsed time for households 11.3304 sec
Iteration 156
Elapsed time for kappa 42.0474 sec
Elapsed time for experts 13.4889 sec
Elapsed time for households 11.9102 sec
Iteration 157
Elapsed time for kappa 34.6176 sec
Elapsed time for experts 13.8681 sec
Elapsed time for households 11.6661 sec
Iteration 158
Elapsed time for kappa 33.5093 sec
Elapsed time for experts 13.6213 sec
Elapsed time for households 11.5735 sec
Iteration 159
Elapsed time for kappa 33.0978 sec
Elapsed time for experts 12.6671 sec
Elapsed time for households 11.3028 sec
Iteration 160
Elapsed time for kappa 33.1278 sec
Elapsed time for experts 12.6848 sec
Elapsed time for households 11.3814 sec
Iteration 161
Elapsed time for kappa 32.9808 sec
Elapsed time for experts 19.9153 sec
Elapsed time for households 12.9227 sec
Iteration 162
Elapsed time for kappa 34.9176 sec
Elapsed time for experts 13.5744 sec
Elapsed time for households 12.3103 sec
Iteration 163
Elapsed time for kappa 33.9744 sec
Elapsed time for experts 13.5345 sec
Elapsed time for households 12.1488 sec
Iteration 164
Elapsed time for kappa 33.4448 sec
Elapsed time for experts 12.5070 sec
Elapsed time for households 11.4610 sec
Iteration 165
Elapsed time for kappa 32.8783 sec
Elapsed time for experts 12.5466 sec
Elapsed time for households 11.6996 sec
Iteration 166
Elapsed time for kappa 32.7933 sec
Elapsed time for experts 12.1502 sec
Elapsed time for households 10.7789 sec
Iteration 167
Elapsed time for kappa 33.5178 sec
Elapsed time for experts 12.2532 sec
Elapsed time for households 18.8940 sec
Iteration 168
Elapsed time for kappa 34.9061 sec
Elapsed time for experts 12.7824 sec
Elapsed time for households 11.7211 sec
Iteration 169
Elapsed time for kappa 33.8780 sec
Elapsed time for experts 12.7032 sec
Elapsed time for households 11.0461 sec
Iteration 170
Elapsed time for kappa 33.1128 sec
Elapsed time for experts 13.4867 sec
Elapsed time for households 11.3036 sec
Iteration 171
Elapsed time for kappa 32.6930 sec
Elapsed time for experts 13.0394 sec
Elapsed time for households 10.7395 sec
Iteration 172
Elapsed time for kappa 32.2379 sec
Elapsed time for experts 12.3155 sec
Elapsed time for households 10.8534 sec
Iteration 173
Elapsed time for kappa 32.5207 sec
Elapsed time for experts 13.0308 sec
Elapsed time for households 18.4353 sec
Iteration 174
Elapsed time for kappa 33.8549 sec
Elapsed time for experts 13.5831 sec
Elapsed time for households 11.4938 sec
Iteration 175
Elapsed time for kappa 33.5704 sec
Elapsed time for experts 13.3990 sec
Elapsed time for households 11.4243 sec
Iteration 176
Elapsed time for kappa 32.5522 sec
Elapsed time for experts 13.3980 sec
Elapsed time for households 11.3135 sec
Iteration 177
Elapsed time for kappa 31.8317 sec
Elapsed time for experts 12.5119 sec
Elapsed time for households 11.0090 sec
Iteration 178
Elapsed time for kappa 31.5909 sec
Elapsed time for experts 13.0513 sec
Elapsed time for households 11.0857 sec
Iteration 179
Elapsed time for kappa 31.7336 sec
Elapsed time for experts 13.3121 sec
Elapsed time for households 10.7215 sec
Iteration 180
Elapsed time for kappa 40.4815 sec
Elapsed time for experts 13.2744 sec
Elapsed time for households 11.4382 sec
Iteration 181
Elapsed time for kappa 32.6680 sec
Elapsed time for experts 12.7230 sec
Elapsed time for households 11.7865 sec
Iteration 182
Elapsed time for kappa 32.6354 sec
Elapsed time for experts 12.9008 sec
Elapsed time for households 10.8398 sec
Iteration 183
Elapsed time for kappa 32.1083 sec
Elapsed time for experts 13.4857 sec
Elapsed time for households 11.2476 sec
Iteration 184
Elapsed time for kappa 31.5704 sec
Elapsed time for experts 13.3327 sec
Elapsed time for households 10.9125 sec
Iteration 185
Elapsed time for kappa 31.5276 sec
Elapsed time for experts 13.0790 sec
Elapsed time for households 10.9424 sec
Iteration 186
Elapsed time for kappa 39.7677 sec
Elapsed time for experts 13.2387 sec
Elapsed time for households 11.6363 sec
Iteration 187
Elapsed time for kappa 32.7620 sec
Elapsed time for experts 12.4827 sec
Elapsed time for households 11.1688 sec
Iteration 188
Elapsed time for kappa 32.0564 sec
Elapsed time for experts 12.7030 sec
Elapsed time for households 11.0645 sec
Iteration 189
Elapsed time for kappa 31.3496 sec
Elapsed time for experts 12.5993 sec
Elapsed time for households 11.4668 sec
Iteration 190
Elapsed time for kappa 31.0842 sec
Elapsed time for experts 12.5934 sec
Elapsed time for households 11.1223 sec
Iteration 191
Elapsed time for kappa 30.6599 sec
Elapsed time for experts 18.9205 sec
Elapsed time for households 11.9071 sec
Iteration 192
Elapsed time for kappa 32.2212 sec
Elapsed time for experts 12.5927 sec
Elapsed time for households 11.3715 sec
Iteration 193
Elapsed time for kappa 31.8079 sec
Elapsed time for experts 12.2447 sec
Elapsed time for households 11.0808 sec
Iteration 194
Elapsed time for kappa 31.9240 sec
Elapsed time for experts 12.2833 sec
Elapsed time for households 11.0835 sec
Iteration 195
Elapsed time for kappa 31.8440 sec
Elapsed time for experts 11.9012 sec
Elapsed time for households 10.3862 sec
Iteration 196
Elapsed time for kappa 30.7384 sec
Elapsed time for experts 12.2053 sec
Elapsed time for households 10.4066 sec
Iteration 197
Elapsed time for kappa 30.3946 sec
Elapsed time for experts 12.0092 sec
Elapsed time for households 17.6156 sec
Iteration 198
Elapsed time for kappa 32.3201 sec
Elapsed time for experts 13.1610 sec
Elapsed time for households 11.1008 sec
Iteration 199
Elapsed time for kappa 31.8352 sec
Elapsed time for experts 12.2480 sec
Elapsed time for households 11.6130 sec
Iteration 200
Elapsed time for kappa 31.2302 sec
Elapsed time for experts 12.4895 sec
Elapsed time for households 11.1073 sec
Iteration 201
Elapsed time for kappa 30.6001 sec
Elapsed time for experts 12.0621 sec
Elapsed time for households 10.8888 sec
Iteration 202
Elapsed time for kappa 30.5042 sec
Elapsed time for experts 11.6411 sec
Elapsed time for households 10.2208 sec
Iteration 203
Elapsed time for kappa 30.3092 sec
Elapsed time for experts 12.2845 sec
Elapsed time for households 17.1273 sec
Iteration 204
Elapsed time for kappa 32.5881 sec
Elapsed time for experts 12.5208 sec
Elapsed time for households 11.1509 sec
Iteration 205
Elapsed time for kappa 31.6728 sec
Elapsed time for experts 12.2261 sec
Elapsed time for households 10.7653 sec
Iteration 206
Elapsed time for kappa 31.0884 sec
Elapsed time for experts 12.9943 sec
Elapsed time for households 10.8336 sec
Iteration 207
Elapsed time for kappa 30.6803 sec
Elapsed time for experts 12.5446 sec
Elapsed time for households 10.7562 sec
Iteration 208
Elapsed time for kappa 30.2245 sec
Elapsed time for experts 12.5780 sec
Elapsed time for households 10.8183 sec
Iteration 209
Elapsed time for kappa 29.8935 sec
Elapsed time for experts 11.7835 sec
Elapsed time for households 10.6038 sec
Iteration 210
Elapsed time for kappa 39.0536 sec
Elapsed time for experts 12.7478 sec
Elapsed time for households 11.4838 sec
Iteration 211
Elapsed time for kappa 31.9673 sec
Elapsed time for experts 13.6793 sec
Elapsed time for households 11.0534 sec
Iteration 212
Elapsed time for kappa 32.2495 sec
Elapsed time for experts 13.1590 sec
Elapsed time for households 11.2270 sec
Iteration 213
Elapsed time for kappa 31.3712 sec
Elapsed time for experts 12.7449 sec
Elapsed time for households 10.6348 sec
Iteration 214
Elapsed time for kappa 30.5459 sec
Elapsed time for experts 11.9740 sec
Elapsed time for households 10.7583 sec
Iteration 215
Elapsed time for kappa 30.1921 sec
Elapsed time for experts 12.6256 sec
Elapsed time for households 17.1929 sec
Iteration 216
Elapsed time for kappa 32.0927 sec
Elapsed time for experts 13.4055 sec
Elapsed time for households 10.9387 sec
Iteration 217
Elapsed time for kappa 31.3971 sec
Elapsed time for experts 12.2254 sec
Elapsed time for households 11.1615 sec
Iteration 218
Elapsed time for kappa 31.2494 sec
Elapsed time for experts 12.0680 sec
Elapsed time for households 11.0176 sec
Iteration 219
Elapsed time for kappa 30.7372 sec
Elapsed time for experts 11.8411 sec
Elapsed time for households 10.6278 sec
Iteration 220
Elapsed time for kappa 30.2596 sec
Elapsed time for experts 12.0800 sec
Elapsed time for households 10.4918 sec
Iteration 221
Elapsed time for kappa 30.4887 sec
Elapsed time for experts 13.4384 sec
Elapsed time for households 10.3265 sec
Iteration 222
Elapsed time for kappa 39.5002 sec
Elapsed time for experts 13.4092 sec
Elapsed time for households 10.9364 sec
Iteration 223
Elapsed time for kappa 31.4679 sec
Elapsed time for experts 12.3801 sec
Elapsed time for households 10.7627 sec
Iteration 224
Elapsed time for kappa 31.0969 sec
Elapsed time for experts 13.2912 sec
Elapsed time for households 10.9141 sec
Iteration 225
Elapsed time for kappa 30.6661 sec
Elapsed time for experts 12.2223 sec
Elapsed time for households 11.3175 sec
Iteration 226
Elapsed time for kappa 30.3863 sec
Elapsed time for experts 13.1577 sec
Elapsed time for households 11.2403 sec
Iteration 227
Elapsed time for kappa 30.3785 sec
Elapsed time for experts 12.9051 sec
Elapsed time for households 10.6282 sec
Iteration 228
Elapsed time for kappa 38.0831 sec
Elapsed time for experts 13.0539 sec
Elapsed time for households 11.1117 sec
Iteration 229
Elapsed time for kappa 32.0899 sec
Elapsed time for experts 12.0981 sec
Elapsed time for households 10.7783 sec
Iteration 230
Elapsed time for kappa 31.6696 sec
Elapsed time for experts 12.2768 sec
Elapsed time for households 11.2140 sec
Iteration 231
Elapsed time for kappa 30.8220 sec
Elapsed time for experts 12.9282 sec
Elapsed time for households 10.8182 sec
Iteration 232
Elapsed time for kappa 30.4662 sec
Elapsed time for experts 12.5877 sec
Elapsed time for households 11.3236 sec
Iteration 233
Elapsed time for kappa 30.2384 sec
Elapsed time for experts 18.4461 sec
Elapsed time for households 12.1758 sec
Iteration 234
Elapsed time for kappa 31.5837 sec
Elapsed time for experts 12.7246 sec
Elapsed time for households 11.1849 sec
Iteration 235
Elapsed time for kappa 31.6244 sec
Elapsed time for experts 12.7776 sec
Elapsed time for households 11.2511 sec
Iteration 236
Elapsed time for kappa 31.1073 sec
Elapsed time for experts 12.0238 sec
Elapsed time for households 11.0359 sec
Iteration 237
Elapsed time for kappa 30.9165 sec
Elapsed time for experts 12.5341 sec
Elapsed time for households 10.6467 sec
Iteration 238
Elapsed time for kappa 30.8023 sec
Elapsed time for experts 12.6357 sec
Elapsed time for households 10.2816 sec
Iteration 239
Elapsed time for kappa 30.2794 sec
Elapsed time for experts 11.5025 sec
Elapsed time for households 17.2025 sec
Iteration 240
Elapsed time for kappa 32.6645 sec
Elapsed time for experts 12.5783 sec
Elapsed time for households 11.1252 sec
Iteration 241
Elapsed time for kappa 32.1042 sec
Elapsed time for experts 12.4066 sec
Elapsed time for households 10.7564 sec
Iteration 242
Elapsed time for kappa 31.6820 sec
Elapsed time for experts 12.9567 sec
Elapsed time for households 11.7626 sec
Iteration 243
Elapsed time for kappa 30.6255 sec
Elapsed time for experts 12.8472 sec
Elapsed time for households 11.0070 sec
Iteration 244
Elapsed time for kappa 30.3782 sec
Elapsed time for experts 11.9027 sec
Elapsed time for households 10.7550 sec
Iteration 245
Elapsed time for kappa 30.1848 sec
Elapsed time for experts 12.3562 sec
Elapsed time for households 17.9284 sec
Iteration 246
Elapsed time for kappa 32.7911 sec
Elapsed time for experts 12.9462 sec
Elapsed time for households 11.2903 sec
Iteration 247
Elapsed time for kappa 31.5517 sec
Elapsed time for experts 11.9541 sec
Elapsed time for households 11.1525 sec
Iteration 248
Elapsed time for kappa 31.4323 sec
Elapsed time for experts 12.6706 sec
Elapsed time for households 11.1396 sec
Iteration 249
Elapsed time for kappa 31.5405 sec
Elapsed time for experts 12.1849 sec
Elapsed time for households 10.6372 sec
Iteration 250
Elapsed time for kappa 30.5980 sec
Elapsed time for experts 12.5256 sec
Elapsed time for households 10.6239 sec
Iteration 251
Elapsed time for kappa 30.0381 sec
Elapsed time for experts 11.7729 sec
Elapsed time for households 10.7631 sec
Iteration 252
Elapsed time for kappa 39.0751 sec
Elapsed time for experts 13.4753 sec
Elapsed time for households 11.4394 sec
Iteration 253
Elapsed time for kappa 31.6612 sec
Elapsed time for experts 13.0577 sec
Elapsed time for households 11.0580 sec
Iteration 254
Elapsed time for kappa 31.6026 sec
Elapsed time for experts 12.5740 sec
Elapsed time for households 11.5296 sec
Iteration 255
Elapsed time for kappa 31.4588 sec
Elapsed time for experts 12.2402 sec
Elapsed time for households 11.4086 sec
Iteration 256
Elapsed time for kappa 30.6239 sec
Elapsed time for experts 11.7032 sec
Elapsed time for households 10.6479 sec
Iteration 257
Elapsed time for kappa 30.2458 sec
Elapsed time for experts 11.6244 sec
Elapsed time for households 10.2956 sec
Iteration 258
Elapsed time for kappa 38.4187 sec
Elapsed time for experts 12.4895 sec
Elapsed time for households 11.1149 sec
Iteration 259
Elapsed time for kappa 32.0519 sec
Elapsed time for experts 13.5216 sec
Elapsed time for households 10.6321 sec
Iteration 260
Elapsed time for kappa 31.6158 sec
Elapsed time for experts 13.2822 sec
Elapsed time for households 10.7145 sec
Iteration 261
Elapsed time for kappa 31.0646 sec
Elapsed time for experts 12.7873 sec
Elapsed time for households 11.1372 sec
Iteration 262
Elapsed time for kappa 30.8579 sec
Elapsed time for experts 12.0333 sec
Elapsed time for households 10.5980 sec
Iteration 263
Elapsed time for kappa 29.9414 sec
Elapsed time for experts 11.9505 sec
Elapsed time for households 17.2593 sec
Iteration 264
Elapsed time for kappa 32.1098 sec
Elapsed time for experts 12.6529 sec
Elapsed time for households 11.3930 sec
Iteration 265
Elapsed time for kappa 31.4381 sec
Elapsed time for experts 12.6530 sec
Elapsed time for households 11.2289 sec
Iteration 266
Elapsed time for kappa 31.4459 sec
Elapsed time for experts 13.0139 sec
Elapsed time for households 11.1128 sec
Iteration 267
Elapsed time for kappa 31.2205 sec
Elapsed time for experts 11.9201 sec
Elapsed time for households 10.8522 sec
Iteration 268
Elapsed time for kappa 30.4487 sec
Elapsed time for experts 12.1545 sec
Elapsed time for households 10.8807 sec
Iteration 269
Elapsed time for kappa 30.4596 sec
Elapsed time for experts 11.5302 sec
Elapsed time for households 10.2938 sec
Iteration 270
Elapsed time for kappa 39.2424 sec
Elapsed time for experts 12.5604 sec
Elapsed time for households 11.1400 sec
Iteration 271
Elapsed time for kappa 31.9299 sec
Elapsed time for experts 12.1301 sec
Elapsed time for households 10.6505 sec
Iteration 272
Elapsed time for kappa 32.0463 sec
Elapsed time for experts 12.8207 sec
Elapsed time for households 10.8066 sec
Iteration 273
Elapsed time for kappa 31.6353 sec
Elapsed time for experts 12.3513 sec
Elapsed time for households 10.6992 sec
Iteration 274
Elapsed time for kappa 31.3915 sec
Elapsed time for experts 12.2028 sec
Elapsed time for households 10.6674 sec
Iteration 275
Elapsed time for kappa 30.2396 sec
Elapsed time for experts 12.5180 sec
Elapsed time for households 17.2315 sec
Iteration 276
Elapsed time for kappa 32.5898 sec
Elapsed time for experts 12.6778 sec
Elapsed time for households 11.0893 sec
Iteration 277
Elapsed time for kappa 31.4655 sec
Elapsed time for experts 12.3419 sec
Elapsed time for households 11.1368 sec
Iteration 278
Elapsed time for kappa 31.2930 sec
Elapsed time for experts 12.3983 sec
Elapsed time for households 10.9419 sec
Iteration 279
Elapsed time for kappa 30.6126 sec
Elapsed time for experts 12.2374 sec
Elapsed time for households 10.6970 sec
Iteration 280
Elapsed time for kappa 30.2863 sec
Elapsed time for experts 12.4650 sec
Elapsed time for households 10.8776 sec
Iteration 281
Elapsed time for kappa 30.2011 sec
Elapsed time for experts 12.2119 sec
Elapsed time for households 10.9114 sec
Iteration 282
Elapsed time for kappa 39.5145 sec
Elapsed time for experts 13.6169 sec
Elapsed time for households 11.1966 sec
Iteration 283
Elapsed time for kappa 32.8875 sec
Elapsed time for experts 13.1328 sec
Elapsed time for households 11.1996 sec
Iteration 284
Elapsed time for kappa 31.5795 sec
Elapsed time for experts 13.6483 sec
Elapsed time for households 11.0417 sec
Iteration 285
Elapsed time for kappa 31.5153 sec
Elapsed time for experts 12.8367 sec
Elapsed time for households 10.7868 sec
Iteration 286
Elapsed time for kappa 30.7964 sec
Elapsed time for experts 11.8141 sec
Elapsed time for households 10.9803 sec
Iteration 287
Elapsed time for kappa 30.5146 sec
Elapsed time for experts 12.0852 sec
Elapsed time for households 17.4848 sec
Iteration 288
Elapsed time for kappa 32.9639 sec
Elapsed time for experts 12.4569 sec
Elapsed time for households 11.5931 sec
Iteration 289
Elapsed time for kappa 31.8022 sec
Elapsed time for experts 12.7681 sec
Elapsed time for households 11.4603 sec
Iteration 290
Elapsed time for kappa 32.0979 sec
Elapsed time for experts 12.5655 sec
Elapsed time for households 11.0541 sec
Iteration 291
Elapsed time for kappa 31.4649 sec
Elapsed time for experts 12.8135 sec
Elapsed time for households 11.0489 sec
Iteration 292
Elapsed time for kappa 31.0337 sec
Elapsed time for experts 12.2315 sec
Elapsed time for households 10.3342 sec
Iteration 293
Elapsed time for kappa 30.4441 sec
Elapsed time for experts 12.0305 sec
Elapsed time for households 10.6085 sec
Iteration 294
Elapsed time for kappa 40.1600 sec
Elapsed time for experts 12.8666 sec
Elapsed time for households 11.3161 sec
Iteration 295
Elapsed time for kappa 32.2842 sec
Elapsed time for experts 12.6784 sec
Elapsed time for households 11.2961 sec
Iteration 296
Elapsed time for kappa 32.0570 sec
Elapsed time for experts 13.0406 sec
Elapsed time for households 10.9607 sec
Iteration 297
Elapsed time for kappa 31.4563 sec
Elapsed time for experts 12.2218 sec
Elapsed time for households 10.8868 sec
Iteration 298
Elapsed time for kappa 31.0020 sec
Elapsed time for experts 12.8811 sec
Elapsed time for households 10.8253 sec
Iteration 299
Elapsed time for kappa 31.0187 sec
Elapsed time for experts 13.1274 sec
Elapsed time for households 10.5520 sec
Elapsed time for training 18000.3162 sec
90000 90000 90000 90000
