Iteration 0
Elapsed time for kappa 65.3508 sec
Elapsed time for experts 18.2880 sec
Elapsed time for households 13.8155 sec
Iteration 1
Elapsed time for kappa 32.6135 sec
Elapsed time for experts 12.8776 sec
Elapsed time for households 11.4683 sec
Iteration 2
Elapsed time for kappa 31.5732 sec
Elapsed time for experts 14.9915 sec
Elapsed time for households 11.6688 sec
Iteration 3
Elapsed time for kappa 31.9633 sec
Elapsed time for experts 12.9092 sec
Elapsed time for households 11.4345 sec
Iteration 4
Elapsed time for kappa 31.7278 sec
Elapsed time for experts 13.3002 sec
Elapsed time for households 11.7381 sec
Iteration 5
Elapsed time for kappa 32.7396 sec
Elapsed time for experts 12.0728 sec
Elapsed time for households 11.5007 sec
Iteration 6
Elapsed time for kappa 32.1666 sec
Elapsed time for experts 11.2890 sec
Elapsed time for households 11.2861 sec
Iteration 7
Elapsed time for kappa 32.2548 sec
Elapsed time for experts 12.0552 sec
Elapsed time for households 11.6519 sec
Iteration 8
Elapsed time for kappa 40.5800 sec
Elapsed time for experts 12.8062 sec
Elapsed time for households 11.8690 sec
Iteration 9
Elapsed time for kappa 32.5542 sec
Elapsed time for experts 11.9967 sec
Elapsed time for households 11.3624 sec
Iteration 10
Elapsed time for kappa 32.1190 sec
Elapsed time for experts 13.0783 sec
Elapsed time for households 11.2363 sec
Iteration 11
Elapsed time for kappa 31.9383 sec
Elapsed time for experts 12.0847 sec
Elapsed time for households 10.3739 sec
Iteration 12
Elapsed time for kappa 31.6057 sec
Elapsed time for experts 12.8029 sec
Elapsed time for households 10.5603 sec
Iteration 13
Elapsed time for kappa 31.7925 sec
Elapsed time for experts 12.9642 sec
Elapsed time for households 10.2722 sec
Iteration 14
Elapsed time for kappa 39.1007 sec
Elapsed time for experts 12.5257 sec
Elapsed time for households 11.0731 sec
Iteration 15
Elapsed time for kappa 32.6375 sec
Elapsed time for experts 11.9386 sec
Elapsed time for households 10.7764 sec
Iteration 16
Elapsed time for kappa 31.8417 sec
Elapsed time for experts 11.9512 sec
Elapsed time for households 11.2432 sec
Iteration 17
Elapsed time for kappa 32.5647 sec
Elapsed time for experts 11.6894 sec
Elapsed time for households 10.9612 sec
Iteration 18
Elapsed time for kappa 32.3229 sec
Elapsed time for experts 12.9335 sec
Elapsed time for households 10.3827 sec
Iteration 19
Elapsed time for kappa 32.3126 sec
Elapsed time for experts 12.0924 sec
Elapsed time for households 10.6079 sec
Iteration 20
Elapsed time for kappa 41.2699 sec
Elapsed time for experts 12.5259 sec
Elapsed time for households 12.1074 sec
Iteration 21
Elapsed time for kappa 32.4004 sec
Elapsed time for experts 11.9857 sec
Elapsed time for households 11.0830 sec
Iteration 22
Elapsed time for kappa 32.1245 sec
Elapsed time for experts 13.3842 sec
Elapsed time for households 10.7945 sec
Iteration 23
Elapsed time for kappa 31.9029 sec
Elapsed time for experts 12.1923 sec
Elapsed time for households 11.6417 sec
Iteration 24
Elapsed time for kappa 31.5305 sec
Elapsed time for experts 12.3063 sec
Elapsed time for households 11.6192 sec
Iteration 25
Elapsed time for kappa 31.7962 sec
Elapsed time for experts 11.3372 sec
Elapsed time for households 10.4939 sec
Iteration 26
Elapsed time for kappa 39.8624 sec
Elapsed time for experts 12.6565 sec
Elapsed time for households 11.1494 sec
Iteration 27
Elapsed time for kappa 32.6293 sec
Elapsed time for experts 12.0004 sec
Elapsed time for households 10.6469 sec
Iteration 28
Elapsed time for kappa 31.4711 sec
Elapsed time for experts 11.4652 sec
Elapsed time for households 10.5781 sec
Iteration 29
Elapsed time for kappa 31.5374 sec
Elapsed time for experts 12.9988 sec
Elapsed time for households 10.6674 sec
Iteration 30
Elapsed time for kappa 31.7775 sec
Elapsed time for experts 12.5990 sec
Elapsed time for households 10.7771 sec
Iteration 31
Elapsed time for kappa 31.8668 sec
Elapsed time for experts 11.9353 sec
Elapsed time for households 10.5440 sec
Iteration 32
Elapsed time for kappa 39.8182 sec
Elapsed time for experts 13.3596 sec
Elapsed time for households 10.7632 sec
Iteration 33
Elapsed time for kappa 32.6813 sec
Elapsed time for experts 11.8570 sec
Elapsed time for households 11.5970 sec
Iteration 34
Elapsed time for kappa 31.8042 sec
Elapsed time for experts 11.8187 sec
Elapsed time for households 11.4950 sec
Iteration 35
Elapsed time for kappa 31.6384 sec
Elapsed time for experts 11.3979 sec
Elapsed time for households 11.1805 sec
Iteration 36
Elapsed time for kappa 31.2138 sec
Elapsed time for experts 11.2394 sec
Elapsed time for households 10.8870 sec
Iteration 37
Elapsed time for kappa 31.0385 sec
Elapsed time for experts 11.7941 sec
Elapsed time for households 10.2354 sec
Iteration 38
Elapsed time for kappa 38.7240 sec
Elapsed time for experts 11.9552 sec
Elapsed time for households 10.9206 sec
Iteration 39
Elapsed time for kappa 31.7091 sec
Elapsed time for experts 11.7925 sec
Elapsed time for households 10.7220 sec
Iteration 40
Elapsed time for kappa 31.1801 sec
Elapsed time for experts 12.0279 sec
Elapsed time for households 10.0669 sec
Iteration 41
Elapsed time for kappa 30.8090 sec
Elapsed time for experts 11.7078 sec
Elapsed time for households 10.5075 sec
Iteration 42
Elapsed time for kappa 31.6244 sec
Elapsed time for experts 11.8460 sec
Elapsed time for households 10.7461 sec
Iteration 43
Elapsed time for kappa 31.9108 sec
Elapsed time for experts 11.4965 sec
Elapsed time for households 16.0794 sec
Iteration 44
Elapsed time for kappa 32.3156 sec
Elapsed time for experts 12.1735 sec
Elapsed time for households 10.4401 sec
Iteration 45
Elapsed time for kappa 31.4412 sec
Elapsed time for experts 11.8659 sec
Elapsed time for households 10.6239 sec
Iteration 46
Elapsed time for kappa 30.8398 sec
Elapsed time for experts 12.0095 sec
Elapsed time for households 10.8523 sec
Iteration 47
Elapsed time for kappa 30.6171 sec
Elapsed time for experts 11.3830 sec
Elapsed time for households 11.0669 sec
Iteration 48
Elapsed time for kappa 30.9568 sec
Elapsed time for experts 11.8693 sec
Elapsed time for households 11.1736 sec
Iteration 49
Elapsed time for kappa 32.2204 sec
Elapsed time for experts 11.9013 sec
Elapsed time for households 17.2107 sec
Iteration 50
Elapsed time for kappa 31.0754 sec
Elapsed time for experts 11.8544 sec
Elapsed time for households 11.3686 sec
Iteration 51
Elapsed time for kappa 31.2825 sec
Elapsed time for experts 11.7978 sec
Elapsed time for households 10.2187 sec
Iteration 52
Elapsed time for kappa 30.9995 sec
Elapsed time for experts 12.0634 sec
Elapsed time for households 10.2950 sec
Iteration 53
Elapsed time for kappa 30.4850 sec
Elapsed time for experts 11.9882 sec
Elapsed time for households 11.3121 sec
Iteration 54
Elapsed time for kappa 31.1801 sec
Elapsed time for experts 11.8822 sec
Elapsed time for households 10.8241 sec
Iteration 55
Elapsed time for kappa 31.2486 sec
Elapsed time for experts 18.8621 sec
Elapsed time for households 11.0982 sec
Iteration 56
Elapsed time for kappa 31.2864 sec
Elapsed time for experts 11.5641 sec
Elapsed time for households 10.5624 sec
Iteration 57
Elapsed time for kappa 30.6978 sec
Elapsed time for experts 11.4427 sec
Elapsed time for households 10.2384 sec
Iteration 58
Elapsed time for kappa 30.4182 sec
Elapsed time for experts 11.5544 sec
Elapsed time for households 10.7191 sec
Iteration 59
Elapsed time for kappa 30.1917 sec
Elapsed time for experts 11.1377 sec
Elapsed time for households 11.1199 sec
Iteration 60
Elapsed time for kappa 30.1421 sec
Elapsed time for experts 11.0222 sec
Elapsed time for households 10.3751 sec
Iteration 61
Elapsed time for kappa 32.1639 sec
Elapsed time for experts 18.0866 sec
Elapsed time for households 11.8183 sec
Iteration 62
Elapsed time for kappa 30.8342 sec
Elapsed time for experts 11.7050 sec
Elapsed time for households 10.9921 sec
Iteration 63
Elapsed time for kappa 31.0160 sec
Elapsed time for experts 11.4968 sec
Elapsed time for households 11.2603 sec
Iteration 64
Elapsed time for kappa 29.8602 sec
Elapsed time for experts 11.2480 sec
Elapsed time for households 11.1471 sec
Iteration 65
Elapsed time for kappa 29.0679 sec
Elapsed time for experts 10.9009 sec
Elapsed time for households 10.6020 sec
Iteration 66
Elapsed time for kappa 29.9803 sec
Elapsed time for experts 11.2307 sec
Elapsed time for households 9.9300 sec
Iteration 67
Elapsed time for kappa 31.2005 sec
Elapsed time for experts 17.6387 sec
Elapsed time for households 11.5266 sec
Iteration 68
Elapsed time for kappa 30.4639 sec
Elapsed time for experts 11.9348 sec
Elapsed time for households 11.2131 sec
Iteration 69
Elapsed time for kappa 30.4260 sec
Elapsed time for experts 11.4156 sec
Elapsed time for households 10.0318 sec
Iteration 70
Elapsed time for kappa 29.5443 sec
Elapsed time for experts 11.2471 sec
Elapsed time for households 10.8769 sec
Iteration 71
Elapsed time for kappa 29.5463 sec
Elapsed time for experts 11.1481 sec
Elapsed time for households 10.4889 sec
Iteration 72
Elapsed time for kappa 29.5764 sec
Elapsed time for experts 11.2510 sec
Elapsed time for households 11.0842 sec
Iteration 73
Elapsed time for kappa 36.6199 sec
Elapsed time for experts 12.2768 sec
Elapsed time for households 11.6377 sec
Iteration 74
Elapsed time for kappa 29.7561 sec
Elapsed time for experts 11.4956 sec
Elapsed time for households 10.0785 sec
Iteration 75
Elapsed time for kappa 29.5801 sec
Elapsed time for experts 11.1877 sec
Elapsed time for households 9.8533 sec
Iteration 76
Elapsed time for kappa 29.4412 sec
Elapsed time for experts 11.5290 sec
Elapsed time for households 10.4688 sec
Iteration 77
Elapsed time for kappa 29.0914 sec
Elapsed time for experts 11.0280 sec
Elapsed time for households 11.1216 sec
Iteration 78
Elapsed time for kappa 30.0681 sec
Elapsed time for experts 11.1504 sec
Elapsed time for households 10.6423 sec
Iteration 79
Elapsed time for kappa 37.4499 sec
Elapsed time for experts 11.9253 sec
Elapsed time for households 11.8297 sec
Iteration 80
Elapsed time for kappa 29.8296 sec
Elapsed time for experts 11.7487 sec
Elapsed time for households 10.6963 sec
Iteration 81
Elapsed time for kappa 29.2726 sec
Elapsed time for experts 11.2030 sec
Elapsed time for households 10.0808 sec
Iteration 82
Elapsed time for kappa 29.1512 sec
Elapsed time for experts 10.9357 sec
Elapsed time for households 9.7039 sec
Iteration 83
Elapsed time for kappa 29.1660 sec
Elapsed time for experts 11.2332 sec
Elapsed time for households 10.8090 sec
Iteration 84
Elapsed time for kappa 29.3490 sec
Elapsed time for experts 11.5323 sec
Elapsed time for households 10.7295 sec
Iteration 85
Elapsed time for kappa 36.3388 sec
Elapsed time for experts 11.9207 sec
Elapsed time for households 10.5968 sec
Iteration 86
Elapsed time for kappa 29.6527 sec
Elapsed time for experts 11.2487 sec
Elapsed time for households 10.3755 sec
Iteration 87
Elapsed time for kappa 29.0221 sec
Elapsed time for experts 11.3921 sec
Elapsed time for households 10.9853 sec
Iteration 88
Elapsed time for kappa 28.4059 sec
Elapsed time for experts 10.9970 sec
Elapsed time for households 10.8182 sec
Iteration 89
Elapsed time for kappa 28.9362 sec
Elapsed time for experts 10.8868 sec
Elapsed time for households 10.4813 sec
Iteration 90
Elapsed time for kappa 33.8936 sec
Elapsed time for experts 11.2428 sec
Elapsed time for households 10.0702 sec
Iteration 91
Elapsed time for kappa 35.9950 sec
Elapsed time for experts 11.9813 sec
Elapsed time for households 10.8823 sec
Iteration 92
Elapsed time for kappa 29.3104 sec
Elapsed time for experts 11.1704 sec
Elapsed time for households 10.5357 sec
Iteration 93
Elapsed time for kappa 29.6435 sec
Elapsed time for experts 11.2862 sec
Elapsed time for households 11.1272 sec
Iteration 94
Elapsed time for kappa 29.1486 sec
Elapsed time for experts 11.0744 sec
Elapsed time for households 12.5692 sec
Iteration 95
Elapsed time for kappa 31.0971 sec
Elapsed time for experts 11.3262 sec
Elapsed time for households 10.4945 sec
Iteration 96
Elapsed time for kappa 28.6340 sec
Elapsed time for experts 11.0611 sec
Elapsed time for households 10.8231 sec
Iteration 97
Elapsed time for kappa 35.7394 sec
Elapsed time for experts 11.8319 sec
Elapsed time for households 10.5152 sec
Iteration 98
Elapsed time for kappa 29.3058 sec
Elapsed time for experts 11.8080 sec
Elapsed time for households 10.0785 sec
Iteration 99
Elapsed time for kappa 29.1299 sec
Elapsed time for experts 11.5321 sec
Elapsed time for households 11.0637 sec
Iteration 100
Elapsed time for kappa 28.9930 sec
Elapsed time for experts 11.2555 sec
Elapsed time for households 9.9661 sec
Iteration 101
Elapsed time for kappa 28.7652 sec
Elapsed time for experts 11.4246 sec
Elapsed time for households 10.1605 sec
Iteration 102
Elapsed time for kappa 28.9468 sec
Elapsed time for experts 11.4720 sec
Elapsed time for households 9.8594 sec
Iteration 103
Elapsed time for kappa 36.1936 sec
Elapsed time for experts 11.6558 sec
Elapsed time for households 10.2377 sec
Iteration 104
Elapsed time for kappa 29.6269 sec
Elapsed time for experts 11.8125 sec
Elapsed time for households 10.4136 sec
Iteration 105
Elapsed time for kappa 29.3486 sec
Elapsed time for experts 11.2819 sec
Elapsed time for households 11.1167 sec
Iteration 106
Elapsed time for kappa 29.4897 sec
Elapsed time for experts 11.1917 sec
Elapsed time for households 10.9562 sec
Iteration 107
Elapsed time for kappa 28.8688 sec
Elapsed time for experts 11.1765 sec
Elapsed time for households 10.9277 sec
Iteration 108
Elapsed time for kappa 28.3378 sec
Elapsed time for experts 10.7315 sec
Elapsed time for households 11.0895 sec
Iteration 109
Elapsed time for kappa 35.9351 sec
Elapsed time for experts 11.5625 sec
Elapsed time for households 10.8812 sec
Iteration 110
Elapsed time for kappa 29.6969 sec
Elapsed time for experts 11.5094 sec
Elapsed time for households 10.2673 sec
Iteration 111
Elapsed time for kappa 29.1797 sec
Elapsed time for experts 12.3645 sec
Elapsed time for households 11.0182 sec
Iteration 112
Elapsed time for kappa 29.1372 sec
Elapsed time for experts 11.0828 sec
Elapsed time for households 10.1880 sec
Iteration 113
Elapsed time for kappa 28.6050 sec
Elapsed time for experts 11.1360 sec
Elapsed time for households 10.0350 sec
Iteration 114
Elapsed time for kappa 28.2067 sec
Elapsed time for experts 11.9755 sec
Elapsed time for households 16.2243 sec
Iteration 115
Elapsed time for kappa 30.1368 sec
Elapsed time for experts 11.6151 sec
Elapsed time for households 11.4443 sec
Iteration 116
Elapsed time for kappa 29.7787 sec
Elapsed time for experts 11.6835 sec
Elapsed time for households 10.6367 sec
Iteration 117
Elapsed time for kappa 29.3531 sec
Elapsed time for experts 11.6783 sec
Elapsed time for households 10.2567 sec
Iteration 118
Elapsed time for kappa 28.9734 sec
Elapsed time for experts 11.3486 sec
Elapsed time for households 10.3449 sec
Iteration 119
Elapsed time for kappa 28.4970 sec
Elapsed time for experts 11.9674 sec
Elapsed time for households 10.0582 sec
Iteration 120
Elapsed time for kappa 28.5779 sec
Elapsed time for experts 17.7568 sec
Elapsed time for households 10.5017 sec
Iteration 121
Elapsed time for kappa 29.9084 sec
Elapsed time for experts 11.7375 sec
Elapsed time for households 10.2146 sec
Iteration 122
Elapsed time for kappa 29.5976 sec
Elapsed time for experts 11.6828 sec
Elapsed time for households 9.9702 sec
Iteration 123
Elapsed time for kappa 28.8040 sec
Elapsed time for experts 10.9307 sec
Elapsed time for households 10.6247 sec
Iteration 124
Elapsed time for kappa 28.6844 sec
Elapsed time for experts 10.9195 sec
Elapsed time for households 10.2217 sec
Iteration 125
Elapsed time for kappa 28.6048 sec
Elapsed time for experts 11.2917 sec
Elapsed time for households 10.5913 sec
Iteration 126
Elapsed time for kappa 28.7229 sec
Elapsed time for experts 17.1840 sec
Elapsed time for households 11.2662 sec
Iteration 127
Elapsed time for kappa 29.9565 sec
Elapsed time for experts 11.5495 sec
Elapsed time for households 10.8505 sec
Iteration 128
Elapsed time for kappa 29.6275 sec
Elapsed time for experts 11.4174 sec
Elapsed time for households 9.9197 sec
Iteration 129
Elapsed time for kappa 28.9260 sec
Elapsed time for experts 11.5024 sec
Elapsed time for households 9.9029 sec
Iteration 130
Elapsed time for kappa 28.8508 sec
Elapsed time for experts 11.1549 sec
Elapsed time for households 10.3568 sec
Iteration 131
Elapsed time for kappa 28.5913 sec
Elapsed time for experts 11.1629 sec
Elapsed time for households 9.8356 sec
Iteration 132
Elapsed time for kappa 28.6494 sec
Elapsed time for experts 17.2222 sec
Elapsed time for households 10.4144 sec
Iteration 133
Elapsed time for kappa 30.1959 sec
Elapsed time for experts 11.3534 sec
Elapsed time for households 11.0652 sec
Iteration 134
Elapsed time for kappa 29.4142 sec
Elapsed time for experts 11.1277 sec
Elapsed time for households 10.0111 sec
Iteration 135
Elapsed time for kappa 29.2751 sec
Elapsed time for experts 11.2528 sec
Elapsed time for households 10.9028 sec
Iteration 136
Elapsed time for kappa 28.8657 sec
Elapsed time for experts 10.8405 sec
Elapsed time for households 10.7623 sec
Iteration 137
Elapsed time for kappa 28.9480 sec
Elapsed time for experts 11.2518 sec
Elapsed time for households 10.9426 sec
Iteration 138
Elapsed time for kappa 36.2557 sec
Elapsed time for experts 11.8571 sec
Elapsed time for households 11.2488 sec
Iteration 139
Elapsed time for kappa 29.7570 sec
Elapsed time for experts 11.3677 sec
Elapsed time for households 11.2213 sec
Iteration 140
Elapsed time for kappa 29.5410 sec
Elapsed time for experts 11.5577 sec
Elapsed time for households 9.8207 sec
Iteration 141
Elapsed time for kappa 28.8536 sec
Elapsed time for experts 11.6267 sec
Elapsed time for households 9.9792 sec
Iteration 142
Elapsed time for kappa 28.9230 sec
Elapsed time for experts 11.2138 sec
Elapsed time for households 9.6370 sec
Iteration 143
Elapsed time for kappa 28.3963 sec
Elapsed time for experts 10.8766 sec
Elapsed time for households 10.6374 sec
Iteration 144
Elapsed time for kappa 36.1471 sec
Elapsed time for experts 12.1259 sec
Elapsed time for households 11.5218 sec
Iteration 145
Elapsed time for kappa 30.0861 sec
Elapsed time for experts 11.6152 sec
Elapsed time for households 11.3521 sec
Iteration 146
Elapsed time for kappa 29.2812 sec
Elapsed time for experts 11.6513 sec
Elapsed time for households 10.8299 sec
Iteration 147
Elapsed time for kappa 28.8700 sec
Elapsed time for experts 11.3983 sec
Elapsed time for households 10.5736 sec
Iteration 148
Elapsed time for kappa 28.9699 sec
Elapsed time for experts 11.4155 sec
Elapsed time for households 10.6209 sec
Iteration 149
Elapsed time for kappa 28.5257 sec
Elapsed time for experts 11.0744 sec
Elapsed time for households 10.5967 sec
Iteration 150
Elapsed time for kappa 36.6474 sec
Elapsed time for experts 12.3469 sec
Elapsed time for households 11.2562 sec
Iteration 151
Elapsed time for kappa 30.3611 sec
Elapsed time for experts 11.7147 sec
Elapsed time for households 11.1762 sec
Iteration 152
Elapsed time for kappa 29.5475 sec
Elapsed time for experts 11.6594 sec
Elapsed time for households 11.1021 sec
Iteration 153
Elapsed time for kappa 29.0805 sec
Elapsed time for experts 11.5195 sec
Elapsed time for households 9.6750 sec
Iteration 154
Elapsed time for kappa 28.4853 sec
Elapsed time for experts 10.9035 sec
Elapsed time for households 9.9474 sec
Iteration 155
Elapsed time for kappa 28.8298 sec
Elapsed time for experts 11.1065 sec
Elapsed time for households 10.4857 sec
Iteration 156
Elapsed time for kappa 36.8797 sec
Elapsed time for experts 12.2965 sec
Elapsed time for households 11.4283 sec
Iteration 157
Elapsed time for kappa 29.8324 sec
Elapsed time for experts 11.3358 sec
Elapsed time for households 11.1288 sec
Iteration 158
Elapsed time for kappa 29.7423 sec
Elapsed time for experts 11.5657 sec
Elapsed time for households 10.7847 sec
Iteration 159
Elapsed time for kappa 29.0100 sec
Elapsed time for experts 11.4759 sec
Elapsed time for households 10.6467 sec
Iteration 160
Elapsed time for kappa 29.0796 sec
Elapsed time for experts 11.2424 sec
Elapsed time for households 10.7352 sec
Iteration 161
Elapsed time for kappa 28.4333 sec
Elapsed time for experts 10.7164 sec
Elapsed time for households 9.7039 sec
Iteration 162
Elapsed time for kappa 36.7075 sec
Elapsed time for experts 11.7458 sec
Elapsed time for households 10.7500 sec
Iteration 163
Elapsed time for kappa 29.9804 sec
Elapsed time for experts 11.6436 sec
Elapsed time for households 13.6224 sec
Iteration 164
Elapsed time for kappa 30.5388 sec
Elapsed time for experts 13.0572 sec
Elapsed time for households 13.3702 sec
Iteration 165
Elapsed time for kappa 28.9239 sec
Elapsed time for experts 11.2332 sec
Elapsed time for households 10.3432 sec
Iteration 166
Elapsed time for kappa 29.1988 sec
Elapsed time for experts 11.0060 sec
Elapsed time for households 10.2771 sec
Iteration 167
Elapsed time for kappa 28.4753 sec
Elapsed time for experts 11.2762 sec
Elapsed time for households 10.1446 sec
Iteration 168
Elapsed time for kappa 35.9796 sec
Elapsed time for experts 11.7227 sec
Elapsed time for households 10.7133 sec
Iteration 169
Elapsed time for kappa 30.0711 sec
Elapsed time for experts 11.7749 sec
Elapsed time for households 10.7302 sec
Iteration 170
Elapsed time for kappa 29.2425 sec
Elapsed time for experts 11.3898 sec
Elapsed time for households 10.6815 sec
Iteration 171
Elapsed time for kappa 29.2650 sec
Elapsed time for experts 11.2920 sec
Elapsed time for households 10.3037 sec
Iteration 172
Elapsed time for kappa 29.1462 sec
Elapsed time for experts 10.9798 sec
Elapsed time for households 10.0916 sec
Iteration 173
Elapsed time for kappa 28.6089 sec
Elapsed time for experts 11.0860 sec
Elapsed time for households 10.0916 sec
Iteration 174
Elapsed time for kappa 36.1556 sec
Elapsed time for experts 11.9079 sec
Elapsed time for households 10.6299 sec
Iteration 175
Elapsed time for kappa 30.2548 sec
Elapsed time for experts 11.5518 sec
Elapsed time for households 10.6229 sec
Iteration 176
Elapsed time for kappa 29.3785 sec
Elapsed time for experts 11.4510 sec
Elapsed time for households 10.6138 sec
Iteration 177
Elapsed time for kappa 29.0775 sec
Elapsed time for experts 11.3718 sec
Elapsed time for households 10.6283 sec
Iteration 178
Elapsed time for kappa 28.8030 sec
Elapsed time for experts 10.8689 sec
Elapsed time for households 10.3635 sec
Iteration 179
Elapsed time for kappa 28.6749 sec
Elapsed time for experts 10.9470 sec
Elapsed time for households 16.4061 sec
Iteration 180
Elapsed time for kappa 30.6492 sec
Elapsed time for experts 14.1255 sec
Elapsed time for households 11.4419 sec
Iteration 181
Elapsed time for kappa 30.2534 sec
Elapsed time for experts 12.1829 sec
Elapsed time for households 11.0328 sec
Iteration 182
Elapsed time for kappa 29.2131 sec
Elapsed time for experts 12.3070 sec
Elapsed time for households 10.8671 sec
Iteration 183
Elapsed time for kappa 29.1191 sec
Elapsed time for experts 11.1436 sec
Elapsed time for households 10.4785 sec
Iteration 184
Elapsed time for kappa 28.9062 sec
Elapsed time for experts 11.2786 sec
Elapsed time for households 10.0986 sec
Iteration 185
Elapsed time for kappa 28.5602 sec
Elapsed time for experts 10.7829 sec
Elapsed time for households 10.4501 sec
Iteration 186
Elapsed time for kappa 37.1384 sec
Elapsed time for experts 11.8742 sec
Elapsed time for households 11.0211 sec
Iteration 187
Elapsed time for kappa 30.3884 sec
Elapsed time for experts 11.9314 sec
Elapsed time for households 10.7791 sec
Iteration 188
Elapsed time for kappa 29.7066 sec
Elapsed time for experts 11.7770 sec
Elapsed time for households 10.5616 sec
Iteration 189
Elapsed time for kappa 29.1705 sec
Elapsed time for experts 11.7053 sec
Elapsed time for households 10.4072 sec
Iteration 190
Elapsed time for kappa 28.9181 sec
Elapsed time for experts 14.9120 sec
Elapsed time for households 10.8461 sec
Iteration 191
Elapsed time for kappa 36.1227 sec
Elapsed time for experts 11.4586 sec
Elapsed time for households 10.5574 sec
Iteration 192
Elapsed time for kappa 39.8657 sec
Elapsed time for experts 11.7497 sec
Elapsed time for households 10.4391 sec
Iteration 193
Elapsed time for kappa 30.0569 sec
Elapsed time for experts 11.3688 sec
Elapsed time for households 10.4419 sec
Iteration 194
Elapsed time for kappa 29.6156 sec
Elapsed time for experts 11.4934 sec
Elapsed time for households 10.6097 sec
Iteration 195
Elapsed time for kappa 29.3193 sec
Elapsed time for experts 11.0505 sec
Elapsed time for households 10.2536 sec
Iteration 196
Elapsed time for kappa 28.8352 sec
Elapsed time for experts 11.0538 sec
Elapsed time for households 10.1527 sec
Iteration 197
Elapsed time for kappa 28.4063 sec
Elapsed time for experts 16.9802 sec
Elapsed time for households 11.5520 sec
Iteration 198
Elapsed time for kappa 29.9371 sec
Elapsed time for experts 11.6108 sec
Elapsed time for households 10.1624 sec
Iteration 199
Elapsed time for kappa 29.5763 sec
Elapsed time for experts 11.4585 sec
Elapsed time for households 10.3402 sec
Iteration 200
Elapsed time for kappa 29.7708 sec
Elapsed time for experts 11.4819 sec
Elapsed time for households 10.9831 sec
Iteration 201
Elapsed time for kappa 29.1532 sec
Elapsed time for experts 11.0896 sec
Elapsed time for households 10.2527 sec
Iteration 202
Elapsed time for kappa 28.3691 sec
Elapsed time for experts 10.9671 sec
Elapsed time for households 9.9604 sec
Iteration 203
Elapsed time for kappa 28.4344 sec
Elapsed time for experts 10.7412 sec
Elapsed time for households 17.0826 sec
Iteration 204
Elapsed time for kappa 30.2823 sec
Elapsed time for experts 11.4270 sec
Elapsed time for households 10.4866 sec
Iteration 205
Elapsed time for kappa 30.0377 sec
Elapsed time for experts 11.8109 sec
Elapsed time for households 10.0065 sec
Iteration 206
Elapsed time for kappa 29.6272 sec
Elapsed time for experts 11.6598 sec
Elapsed time for households 10.1262 sec
Iteration 207
Elapsed time for kappa 29.1395 sec
Elapsed time for experts 11.3299 sec
Elapsed time for households 10.1686 sec
Iteration 208
Elapsed time for kappa 28.6385 sec
Elapsed time for experts 10.9798 sec
Elapsed time for households 10.9362 sec
Iteration 209
Elapsed time for kappa 28.0736 sec
Elapsed time for experts 11.8978 sec
Elapsed time for households 15.9708 sec
Iteration 210
Elapsed time for kappa 29.8700 sec
Elapsed time for experts 11.5627 sec
Elapsed time for households 10.2504 sec
Iteration 211
Elapsed time for kappa 30.1666 sec
Elapsed time for experts 12.3858 sec
Elapsed time for households 11.1793 sec
Iteration 212
Elapsed time for kappa 29.5626 sec
Elapsed time for experts 11.2825 sec
Elapsed time for households 10.1693 sec
Iteration 213
Elapsed time for kappa 29.2587 sec
Elapsed time for experts 11.7685 sec
Elapsed time for households 10.9084 sec
Iteration 214
Elapsed time for kappa 28.4977 sec
Elapsed time for experts 10.9441 sec
Elapsed time for households 9.7377 sec
Iteration 215
Elapsed time for kappa 28.4347 sec
Elapsed time for experts 10.7483 sec
Elapsed time for households 10.5457 sec
Iteration 216
Elapsed time for kappa 36.6624 sec
Elapsed time for experts 12.4613 sec
Elapsed time for households 10.7730 sec
Iteration 217
Elapsed time for kappa 29.7003 sec
Elapsed time for experts 11.2456 sec
Elapsed time for households 11.2003 sec
Iteration 218
Elapsed time for kappa 29.5543 sec
Elapsed time for experts 11.7101 sec
Elapsed time for households 11.0118 sec
Iteration 219
Elapsed time for kappa 29.2816 sec
Elapsed time for experts 11.3485 sec
Elapsed time for households 10.7047 sec
Iteration 220
Elapsed time for kappa 28.8488 sec
Elapsed time for experts 11.1928 sec
Elapsed time for households 9.7630 sec
Iteration 221
Elapsed time for kappa 28.4600 sec
Elapsed time for experts 10.7633 sec
Elapsed time for households 10.6861 sec
Iteration 222
Elapsed time for kappa 35.4854 sec
Elapsed time for experts 11.8433 sec
Elapsed time for households 11.6544 sec
Iteration 223
Elapsed time for kappa 31.1965 sec
Elapsed time for experts 12.1947 sec
Elapsed time for households 10.7535 sec
Iteration 224
Elapsed time for kappa 31.3645 sec
Elapsed time for experts 12.2127 sec
Elapsed time for households 10.7876 sec
Iteration 225
Elapsed time for kappa 30.3979 sec
Elapsed time for experts 11.7991 sec
Elapsed time for households 10.9768 sec
Iteration 226
Elapsed time for kappa 30.0155 sec
Elapsed time for experts 11.5696 sec
Elapsed time for households 10.9287 sec
Iteration 227
Elapsed time for kappa 29.7196 sec
Elapsed time for experts 11.5161 sec
Elapsed time for households 16.5647 sec
Iteration 228
Elapsed time for kappa 31.7619 sec
Elapsed time for experts 12.3276 sec
Elapsed time for households 12.0587 sec
Iteration 229
Elapsed time for kappa 31.4678 sec
Elapsed time for experts 12.3392 sec
Elapsed time for households 11.8421 sec
Iteration 230
Elapsed time for kappa 31.0875 sec
Elapsed time for experts 12.1908 sec
Elapsed time for households 11.5962 sec
Iteration 231
Elapsed time for kappa 30.3146 sec
Elapsed time for experts 11.9502 sec
Elapsed time for households 11.0593 sec
Iteration 232
Elapsed time for kappa 30.1019 sec
Elapsed time for experts 11.7283 sec
Elapsed time for households 10.7182 sec
Iteration 233
Elapsed time for kappa 29.6061 sec
Elapsed time for experts 11.8656 sec
Elapsed time for households 10.4477 sec
Iteration 234
Elapsed time for kappa 38.4226 sec
Elapsed time for experts 12.4713 sec
Elapsed time for households 11.3676 sec
Iteration 235
Elapsed time for kappa 31.3122 sec
Elapsed time for experts 11.8157 sec
Elapsed time for households 10.8045 sec
Iteration 236
Elapsed time for kappa 31.1189 sec
Elapsed time for experts 12.3427 sec
Elapsed time for households 11.0916 sec
Iteration 237
Elapsed time for kappa 30.5868 sec
Elapsed time for experts 12.1036 sec
Elapsed time for households 10.6675 sec
Iteration 238
Elapsed time for kappa 30.3909 sec
Elapsed time for experts 11.5955 sec
Elapsed time for households 10.4507 sec
Iteration 239
Elapsed time for kappa 29.8231 sec
Elapsed time for experts 11.6091 sec
Elapsed time for households 20.8315 sec
Iteration 240
Elapsed time for kappa 33.3742 sec
Elapsed time for experts 12.1177 sec
Elapsed time for households 12.1316 sec
Iteration 241
Elapsed time for kappa 31.1255 sec
Elapsed time for experts 11.6803 sec
Elapsed time for households 10.7385 sec
Iteration 242
Elapsed time for kappa 30.0419 sec
Elapsed time for experts 11.6463 sec
Elapsed time for households 10.0236 sec
Iteration 243
Elapsed time for kappa 29.4392 sec
Elapsed time for experts 11.5038 sec
Elapsed time for households 14.1125 sec
Iteration 244
Elapsed time for kappa 31.8479 sec
Elapsed time for experts 11.1100 sec
Elapsed time for households 10.3446 sec
Iteration 245
Elapsed time for kappa 30.9299 sec
Elapsed time for experts 11.6798 sec
Elapsed time for households 10.1097 sec
Iteration 246
Elapsed time for kappa 37.9636 sec
Elapsed time for experts 12.5066 sec
Elapsed time for households 10.8038 sec
Iteration 247
Elapsed time for kappa 30.1729 sec
Elapsed time for experts 11.5590 sec
Elapsed time for households 10.1812 sec
Iteration 248
Elapsed time for kappa 30.0527 sec
Elapsed time for experts 11.5119 sec
Elapsed time for households 10.6955 sec
Iteration 249
Elapsed time for kappa 29.6835 sec
Elapsed time for experts 13.3961 sec
Elapsed time for households 11.8290 sec
Iteration 250
Elapsed time for kappa 30.2405 sec
Elapsed time for experts 11.3734 sec
Elapsed time for households 10.6058 sec
Iteration 251
Elapsed time for kappa 30.6094 sec
Elapsed time for experts 11.0251 sec
Elapsed time for households 16.6864 sec
Iteration 252
Elapsed time for kappa 37.7284 sec
Elapsed time for experts 12.1228 sec
Elapsed time for households 12.4057 sec
Iteration 253
Elapsed time for kappa 30.0449 sec
Elapsed time for experts 11.5668 sec
Elapsed time for households 11.3897 sec
Iteration 254
Elapsed time for kappa 31.2848 sec
Elapsed time for experts 11.5951 sec
Elapsed time for households 11.3382 sec
Iteration 255
Elapsed time for kappa 29.5434 sec
Elapsed time for experts 13.1626 sec
Elapsed time for households 14.6637 sec
Iteration 256
Elapsed time for kappa 31.6192 sec
Elapsed time for experts 11.2654 sec
Elapsed time for households 13.5982 sec
Iteration 257
Elapsed time for kappa 29.7649 sec
Elapsed time for experts 11.4586 sec
Elapsed time for households 9.9984 sec
Iteration 258
Elapsed time for kappa 38.4560 sec
Elapsed time for experts 12.3308 sec
Elapsed time for households 10.9089 sec
Iteration 259
Elapsed time for kappa 34.7316 sec
Elapsed time for experts 11.6585 sec
Elapsed time for households 10.5769 sec
Iteration 260
Elapsed time for kappa 34.7106 sec
Elapsed time for experts 11.8313 sec
Elapsed time for households 10.8239 sec
Iteration 261
Elapsed time for kappa 29.7644 sec
Elapsed time for experts 11.2658 sec
Elapsed time for households 10.1014 sec
Iteration 262
Elapsed time for kappa 30.2751 sec
Elapsed time for experts 11.7917 sec
Elapsed time for households 10.9154 sec
Iteration 263
Elapsed time for kappa 29.9686 sec
Elapsed time for experts 11.2468 sec
Elapsed time for households 9.8428 sec
Iteration 264
Elapsed time for kappa 38.9253 sec
Elapsed time for experts 11.8456 sec
Elapsed time for households 11.7955 sec
Iteration 265
Elapsed time for kappa 31.2302 sec
Elapsed time for experts 11.7684 sec
Elapsed time for households 10.2324 sec
Iteration 266
Elapsed time for kappa 31.2826 sec
Elapsed time for experts 13.3442 sec
Elapsed time for households 11.8634 sec
Iteration 267
Elapsed time for kappa 30.0527 sec
Elapsed time for experts 11.4913 sec
Elapsed time for households 10.1699 sec
Iteration 268
Elapsed time for kappa 29.4820 sec
Elapsed time for experts 11.5165 sec
Elapsed time for households 10.3861 sec
Iteration 269
Elapsed time for kappa 29.1132 sec
Elapsed time for experts 12.7447 sec
Elapsed time for households 16.5745 sec
Iteration 270
Elapsed time for kappa 31.1834 sec
Elapsed time for experts 11.9836 sec
Elapsed time for households 10.8814 sec
Iteration 271
Elapsed time for kappa 30.1816 sec
Elapsed time for experts 11.3162 sec
Elapsed time for households 10.7422 sec
Iteration 272
Elapsed time for kappa 31.6964 sec
Elapsed time for experts 11.5659 sec
Elapsed time for households 11.5835 sec
Iteration 273
Elapsed time for kappa 35.7614 sec
Elapsed time for experts 11.4643 sec
Elapsed time for households 11.2581 sec
Iteration 274
Elapsed time for kappa 29.2574 sec
Elapsed time for experts 11.4730 sec
Elapsed time for households 10.2504 sec
Iteration 275
Elapsed time for kappa 29.0772 sec
Elapsed time for experts 12.1796 sec
Elapsed time for households 9.9086 sec
Iteration 276
Elapsed time for kappa 41.7063 sec
Elapsed time for experts 12.2839 sec
Elapsed time for households 10.5605 sec
Iteration 277
Elapsed time for kappa 30.7603 sec
Elapsed time for experts 11.5271 sec
Elapsed time for households 10.4440 sec
Iteration 278
Elapsed time for kappa 30.3549 sec
Elapsed time for experts 11.4584 sec
Elapsed time for households 10.4152 sec
Iteration 279
Elapsed time for kappa 30.1631 sec
Elapsed time for experts 13.5660 sec
Elapsed time for households 11.1890 sec
Iteration 280
Elapsed time for kappa 29.8195 sec
Elapsed time for experts 11.0621 sec
Elapsed time for households 12.2849 sec
Iteration 281
Elapsed time for kappa 29.1404 sec
Elapsed time for experts 15.4545 sec
Elapsed time for households 18.3383 sec
Iteration 282
Elapsed time for kappa 31.2312 sec
Elapsed time for experts 12.1167 sec
Elapsed time for households 12.0700 sec
Iteration 283
Elapsed time for kappa 30.5443 sec
Elapsed time for experts 12.0309 sec
Elapsed time for households 11.2308 sec
Iteration 284
Elapsed time for kappa 30.6573 sec
Elapsed time for experts 11.6298 sec
Elapsed time for households 11.0592 sec
Iteration 285
Elapsed time for kappa 29.7651 sec
Elapsed time for experts 11.6237 sec
Elapsed time for households 10.7442 sec
Iteration 286
Elapsed time for kappa 29.7910 sec
Elapsed time for experts 11.4127 sec
Elapsed time for households 10.5923 sec
Iteration 287
Elapsed time for kappa 29.4643 sec
Elapsed time for experts 11.2836 sec
Elapsed time for households 10.5547 sec
Iteration 288
Elapsed time for kappa 38.5959 sec
Elapsed time for experts 12.4343 sec
Elapsed time for households 11.7269 sec
Iteration 289
Elapsed time for kappa 31.1581 sec
Elapsed time for experts 11.8565 sec
Elapsed time for households 11.6133 sec
Iteration 290
Elapsed time for kappa 30.7348 sec
Elapsed time for experts 11.8716 sec
Elapsed time for households 10.8168 sec
Iteration 291
Elapsed time for kappa 30.2005 sec
Elapsed time for experts 11.3998 sec
Elapsed time for households 11.0395 sec
Iteration 292
Elapsed time for kappa 29.9540 sec
Elapsed time for experts 11.8060 sec
Elapsed time for households 10.7243 sec
Iteration 293
Elapsed time for kappa 29.4660 sec
Elapsed time for experts 11.2662 sec
Elapsed time for households 9.6537 sec
Iteration 294
Elapsed time for kappa 37.6069 sec
Elapsed time for experts 11.9443 sec
Elapsed time for households 11.3117 sec
Iteration 295
Elapsed time for kappa 30.6019 sec
Elapsed time for experts 12.0181 sec
Elapsed time for households 10.6933 sec
Iteration 296
Elapsed time for kappa 30.7894 sec
Elapsed time for experts 11.5214 sec
Elapsed time for households 10.6390 sec
Iteration 297
Elapsed time for kappa 30.1572 sec
Elapsed time for experts 11.5777 sec
Elapsed time for households 10.1987 sec
Iteration 298
Elapsed time for kappa 29.7309 sec
Elapsed time for experts 11.5580 sec
Elapsed time for households 10.4138 sec
Iteration 299
Elapsed time for kappa 29.1516 sec
Elapsed time for experts 11.1388 sec
Elapsed time for households 16.6844 sec
Elapsed time for training 16227.5234 sec
90000 90000 90000 90000
