ERROR: logger: /software/python-anaconda-2022.05-el8-x86_64/lib/libuuid.so.1: no version information available (required by /lib64/libblkid.so.1)
      while executing
  "exec logger -t modulecmd "[get-env USER]: $command [join $args]""
      (procedure "module" line 2)
      invoked from within
  "module load python/anaconda-2022.05"
      ("eval" body line 1)
      invoked from within
  "eval $execcmdlist"
  Please report this issue at https://github.com/cea-hpc/modules/issues
Iteration 0
Elapsed time for kappa 67.0294 sec
Elapsed time for experts 19.2889 sec
Elapsed time for households 14.7317 sec
Iteration 1
Elapsed time for kappa 32.8001 sec
Elapsed time for experts 11.9496 sec
Elapsed time for households 12.6994 sec
Iteration 2
Elapsed time for kappa 34.3365 sec
Elapsed time for experts 12.3875 sec
Elapsed time for households 14.4848 sec
Iteration 3
Elapsed time for kappa 31.5329 sec
Elapsed time for experts 13.5358 sec
Elapsed time for households 12.3053 sec
Iteration 4
Elapsed time for kappa 32.4719 sec
Elapsed time for experts 13.5574 sec
Elapsed time for households 11.0700 sec
Iteration 5
Elapsed time for kappa 32.1100 sec
Elapsed time for experts 12.5660 sec
Elapsed time for households 10.1157 sec
Iteration 6
Elapsed time for kappa 32.8063 sec
Elapsed time for experts 12.0752 sec
Elapsed time for households 11.1458 sec
Iteration 7
Elapsed time for kappa 32.7163 sec
Elapsed time for experts 12.2441 sec
Elapsed time for households 16.2243 sec
Iteration 8
Elapsed time for kappa 31.6259 sec
Elapsed time for experts 13.8165 sec
Elapsed time for households 11.0162 sec
Iteration 9
Elapsed time for kappa 31.6542 sec
Elapsed time for experts 11.8521 sec
Elapsed time for households 10.8302 sec
Iteration 10
Elapsed time for kappa 31.3657 sec
Elapsed time for experts 11.5249 sec
Elapsed time for households 10.3612 sec
Iteration 11
Elapsed time for kappa 32.0415 sec
Elapsed time for experts 13.8986 sec
Elapsed time for households 10.3200 sec
Iteration 12
Elapsed time for kappa 31.2456 sec
Elapsed time for experts 12.1651 sec
Elapsed time for households 10.1911 sec
Iteration 13
Elapsed time for kappa 32.1269 sec
Elapsed time for experts 12.4303 sec
Elapsed time for households 18.2981 sec
Iteration 14
Elapsed time for kappa 33.3917 sec
Elapsed time for experts 11.5798 sec
Elapsed time for households 10.5120 sec
Iteration 15
Elapsed time for kappa 32.1595 sec
Elapsed time for experts 11.5351 sec
Elapsed time for households 10.4566 sec
Iteration 16
Elapsed time for kappa 32.9222 sec
Elapsed time for experts 12.2593 sec
Elapsed time for households 11.0227 sec
Iteration 17
Elapsed time for kappa 33.0247 sec
Elapsed time for experts 12.0851 sec
Elapsed time for households 10.5378 sec
Iteration 18
Elapsed time for kappa 31.5341 sec
Elapsed time for experts 12.0484 sec
Elapsed time for households 10.4210 sec
Iteration 19
Elapsed time for kappa 31.5498 sec
Elapsed time for experts 19.4108 sec
Elapsed time for households 10.9818 sec
Iteration 20
Elapsed time for kappa 32.0556 sec
Elapsed time for experts 13.2200 sec
Elapsed time for households 10.4957 sec
Iteration 21
Elapsed time for kappa 31.7172 sec
Elapsed time for experts 11.8823 sec
Elapsed time for households 10.3304 sec
Iteration 22
Elapsed time for kappa 32.1013 sec
Elapsed time for experts 11.7556 sec
Elapsed time for households 10.4211 sec
Iteration 23
Elapsed time for kappa 31.8293 sec
Elapsed time for experts 11.6621 sec
Elapsed time for households 10.3736 sec
Iteration 24
Elapsed time for kappa 31.5826 sec
Elapsed time for experts 11.9832 sec
Elapsed time for households 11.0117 sec
Iteration 25
Elapsed time for kappa 32.1980 sec
Elapsed time for experts 19.8536 sec
Elapsed time for households 11.2278 sec
Iteration 26
Elapsed time for kappa 32.3152 sec
Elapsed time for experts 12.1838 sec
Elapsed time for households 10.5723 sec
Iteration 27
Elapsed time for kappa 31.6896 sec
Elapsed time for experts 11.7873 sec
Elapsed time for households 10.8510 sec
Iteration 28
Elapsed time for kappa 31.6919 sec
Elapsed time for experts 12.3646 sec
Elapsed time for households 11.4777 sec
Iteration 29
Elapsed time for kappa 33.0436 sec
Elapsed time for experts 12.2367 sec
Elapsed time for households 10.4914 sec
Iteration 30
Elapsed time for kappa 33.4507 sec
Elapsed time for experts 12.8103 sec
Elapsed time for households 10.5331 sec
Iteration 31
Elapsed time for kappa 31.8141 sec
Elapsed time for experts 19.5970 sec
Elapsed time for households 12.2847 sec
Iteration 32
Elapsed time for kappa 32.7045 sec
Elapsed time for experts 12.3566 sec
Elapsed time for households 10.5696 sec
Iteration 33
Elapsed time for kappa 32.0451 sec
Elapsed time for experts 11.8161 sec
Elapsed time for households 10.5266 sec
Iteration 34
Elapsed time for kappa 32.2427 sec
Elapsed time for experts 12.3044 sec
Elapsed time for households 11.2651 sec
Iteration 35
Elapsed time for kappa 32.4574 sec
Elapsed time for experts 11.8163 sec
Elapsed time for households 10.3146 sec
Iteration 36
Elapsed time for kappa 32.1276 sec
Elapsed time for experts 11.9579 sec
Elapsed time for households 10.4222 sec
Iteration 37
Elapsed time for kappa 40.7949 sec
Elapsed time for experts 14.4646 sec
Elapsed time for households 11.0529 sec
Iteration 38
Elapsed time for kappa 37.2766 sec
Elapsed time for experts 12.0710 sec
Elapsed time for households 11.2312 sec
Iteration 39
Elapsed time for kappa 33.6586 sec
Elapsed time for experts 13.4910 sec
Elapsed time for households 10.4025 sec
Iteration 40
Elapsed time for kappa 31.7969 sec
Elapsed time for experts 12.4092 sec
Elapsed time for households 10.5413 sec
Iteration 41
Elapsed time for kappa 31.3814 sec
Elapsed time for experts 12.1460 sec
Elapsed time for households 10.5341 sec
Iteration 42
Elapsed time for kappa 32.5017 sec
Elapsed time for experts 11.6434 sec
Elapsed time for households 10.2337 sec
Iteration 43
Elapsed time for kappa 40.2078 sec
Elapsed time for experts 13.6450 sec
Elapsed time for households 11.1153 sec
Iteration 44
Elapsed time for kappa 32.8609 sec
Elapsed time for experts 12.4582 sec
Elapsed time for households 12.6481 sec
Iteration 45
Elapsed time for kappa 33.3704 sec
Elapsed time for experts 12.0852 sec
Elapsed time for households 11.3119 sec
Iteration 46
Elapsed time for kappa 33.3861 sec
Elapsed time for experts 11.8481 sec
Elapsed time for households 10.7744 sec
Iteration 47
Elapsed time for kappa 31.9011 sec
Elapsed time for experts 11.5756 sec
Elapsed time for households 10.3840 sec
Iteration 48
Elapsed time for kappa 31.7444 sec
Elapsed time for experts 11.5502 sec
Elapsed time for households 10.8036 sec
Iteration 49
Elapsed time for kappa 40.7263 sec
Elapsed time for experts 13.0388 sec
Elapsed time for households 11.1118 sec
Iteration 50
Elapsed time for kappa 33.0106 sec
Elapsed time for experts 12.2335 sec
Elapsed time for households 10.6570 sec
Iteration 51
Elapsed time for kappa 36.5040 sec
Elapsed time for experts 13.9489 sec
Elapsed time for households 11.1352 sec
Iteration 52
Elapsed time for kappa 32.5247 sec
Elapsed time for experts 11.9401 sec
Elapsed time for households 10.4120 sec
Iteration 53
Elapsed time for kappa 31.7938 sec
Elapsed time for experts 13.2125 sec
Elapsed time for households 10.5785 sec
Iteration 54
Elapsed time for kappa 31.6189 sec
Elapsed time for experts 11.7158 sec
Elapsed time for households 11.0646 sec
Iteration 55
Elapsed time for kappa 41.0845 sec
Elapsed time for experts 13.3061 sec
Elapsed time for households 12.1782 sec
Iteration 56
Elapsed time for kappa 33.1226 sec
Elapsed time for experts 13.0529 sec
Elapsed time for households 10.7866 sec
Iteration 57
Elapsed time for kappa 32.3724 sec
Elapsed time for experts 12.3385 sec
Elapsed time for households 10.7140 sec
Iteration 58
Elapsed time for kappa 32.1083 sec
Elapsed time for experts 11.6926 sec
Elapsed time for households 10.3739 sec
Iteration 59
Elapsed time for kappa 31.3387 sec
Elapsed time for experts 11.8875 sec
Elapsed time for households 10.2064 sec
Iteration 60
Elapsed time for kappa 32.2354 sec
Elapsed time for experts 11.3102 sec
Elapsed time for households 10.4929 sec
Iteration 61
Elapsed time for kappa 40.8214 sec
Elapsed time for experts 12.5905 sec
Elapsed time for households 10.9669 sec
Iteration 62
Elapsed time for kappa 33.0017 sec
Elapsed time for experts 13.2004 sec
Elapsed time for households 11.5496 sec
Iteration 63
Elapsed time for kappa 34.4114 sec
Elapsed time for experts 12.7586 sec
Elapsed time for households 10.3803 sec
Iteration 64
Elapsed time for kappa 32.0459 sec
Elapsed time for experts 11.7942 sec
Elapsed time for households 11.6653 sec
Iteration 65
Elapsed time for kappa 34.7647 sec
Elapsed time for experts 13.4785 sec
Elapsed time for households 11.5285 sec
Iteration 66
Elapsed time for kappa 34.9449 sec
Elapsed time for experts 13.9198 sec
Elapsed time for households 10.4455 sec
Iteration 67
Elapsed time for kappa 40.5177 sec
Elapsed time for experts 13.1495 sec
Elapsed time for households 11.6294 sec
Iteration 68
Elapsed time for kappa 32.7197 sec
Elapsed time for experts 13.0700 sec
Elapsed time for households 10.6072 sec
Iteration 69
Elapsed time for kappa 34.1700 sec
Elapsed time for experts 12.9988 sec
Elapsed time for households 10.8025 sec
Iteration 70
Elapsed time for kappa 33.7848 sec
Elapsed time for experts 12.5797 sec
Elapsed time for households 11.4109 sec
Iteration 71
Elapsed time for kappa 33.3602 sec
Elapsed time for experts 12.4725 sec
Elapsed time for households 11.0227 sec
Iteration 72
Elapsed time for kappa 32.0131 sec
Elapsed time for experts 11.6543 sec
Elapsed time for households 17.9223 sec
Iteration 73
Elapsed time for kappa 33.6904 sec
Elapsed time for experts 13.8126 sec
Elapsed time for households 12.4201 sec
Iteration 74
Elapsed time for kappa 37.3182 sec
Elapsed time for experts 13.8696 sec
Elapsed time for households 11.7906 sec
Iteration 75
Elapsed time for kappa 33.3724 sec
Elapsed time for experts 11.9979 sec
Elapsed time for households 10.5648 sec
Iteration 76
Elapsed time for kappa 32.0047 sec
Elapsed time for experts 12.9361 sec
Elapsed time for households 11.1601 sec
Iteration 77
Elapsed time for kappa 33.3389 sec
Elapsed time for experts 12.3330 sec
Elapsed time for households 10.7612 sec
Iteration 78
Elapsed time for kappa 31.7511 sec
Elapsed time for experts 11.5530 sec
Elapsed time for households 18.7427 sec
Iteration 79
Elapsed time for kappa 34.9293 sec
Elapsed time for experts 13.1263 sec
Elapsed time for households 12.1568 sec
Iteration 80
Elapsed time for kappa 36.0804 sec
Elapsed time for experts 13.3005 sec
Elapsed time for households 12.3224 sec
Iteration 81
Elapsed time for kappa 35.5852 sec
Elapsed time for experts 13.5998 sec
Elapsed time for households 10.6469 sec
Iteration 82
Elapsed time for kappa 32.2157 sec
Elapsed time for experts 11.8283 sec
Elapsed time for households 10.3866 sec
Iteration 83
Elapsed time for kappa 31.7183 sec
Elapsed time for experts 12.7016 sec
Elapsed time for households 11.0775 sec
Iteration 84
Elapsed time for kappa 32.9297 sec
Elapsed time for experts 11.9777 sec
Elapsed time for households 11.1125 sec
Iteration 85
Elapsed time for kappa 41.9206 sec
Elapsed time for experts 14.0053 sec
Elapsed time for households 11.5097 sec
Iteration 86
Elapsed time for kappa 33.3052 sec
Elapsed time for experts 13.0482 sec
Elapsed time for households 10.9705 sec
Iteration 87
Elapsed time for kappa 32.5454 sec
Elapsed time for experts 12.5436 sec
Elapsed time for households 10.6609 sec
Iteration 88
Elapsed time for kappa 32.2226 sec
Elapsed time for experts 12.1754 sec
Elapsed time for households 10.5202 sec
Iteration 89
Elapsed time for kappa 32.2905 sec
Elapsed time for experts 12.1568 sec
Elapsed time for households 10.6385 sec
Iteration 90
Elapsed time for kappa 31.9867 sec
Elapsed time for experts 12.0577 sec
Elapsed time for households 17.7172 sec
Iteration 91
Elapsed time for kappa 37.2839 sec
Elapsed time for experts 13.6692 sec
Elapsed time for households 12.5022 sec
Iteration 92
Elapsed time for kappa 33.2687 sec
Elapsed time for experts 12.5438 sec
Elapsed time for households 11.3465 sec
Iteration 93
Elapsed time for kappa 33.1155 sec
Elapsed time for experts 12.4999 sec
Elapsed time for households 11.1291 sec
Iteration 94
Elapsed time for kappa 32.2727 sec
Elapsed time for experts 11.7449 sec
Elapsed time for households 10.7330 sec
Iteration 95
Elapsed time for kappa 31.8480 sec
Elapsed time for experts 12.8273 sec
Elapsed time for households 11.0856 sec
Iteration 96
Elapsed time for kappa 31.0918 sec
Elapsed time for experts 20.5604 sec
Elapsed time for households 12.0942 sec
Iteration 97
Elapsed time for kappa 34.1195 sec
Elapsed time for experts 12.9148 sec
Elapsed time for households 11.2491 sec
Iteration 98
Elapsed time for kappa 34.3394 sec
Elapsed time for experts 13.3210 sec
Elapsed time for households 11.2716 sec
Iteration 99
Elapsed time for kappa 33.0940 sec
Elapsed time for experts 12.2607 sec
Elapsed time for households 10.5820 sec
Iteration 100
Elapsed time for kappa 35.8753 sec
Elapsed time for experts 13.6381 sec
Elapsed time for households 12.3933 sec
Iteration 101
Elapsed time for kappa 35.2727 sec
Elapsed time for experts 13.8012 sec
Elapsed time for households 10.4619 sec
Iteration 102
Elapsed time for kappa 31.6527 sec
Elapsed time for experts 21.1172 sec
Elapsed time for households 11.4911 sec
Iteration 103
Elapsed time for kappa 33.9809 sec
Elapsed time for experts 12.5662 sec
Elapsed time for households 11.2129 sec
Iteration 104
Elapsed time for kappa 32.9361 sec
Elapsed time for experts 12.1594 sec
Elapsed time for households 10.9552 sec
Iteration 105
Elapsed time for kappa 32.5951 sec
Elapsed time for experts 12.3651 sec
Elapsed time for households 10.7581 sec
Iteration 106
Elapsed time for kappa 31.9000 sec
Elapsed time for experts 11.6231 sec
Elapsed time for households 10.5630 sec
Iteration 107
Elapsed time for kappa 31.4608 sec
Elapsed time for experts 11.4489 sec
Elapsed time for households 10.3107 sec
Iteration 108
Elapsed time for kappa 31.7464 sec
Elapsed time for experts 20.3773 sec
Elapsed time for households 11.5912 sec
Iteration 109
Elapsed time for kappa 33.9266 sec
Elapsed time for experts 12.9272 sec
Elapsed time for households 11.9101 sec
Iteration 110
Elapsed time for kappa 33.5086 sec
Elapsed time for experts 12.5477 sec
Elapsed time for households 11.2642 sec
Iteration 111
Elapsed time for kappa 32.7035 sec
Elapsed time for experts 12.2889 sec
Elapsed time for households 10.5346 sec
Iteration 112
Elapsed time for kappa 32.2715 sec
Elapsed time for experts 12.0205 sec
Elapsed time for households 10.4818 sec
Iteration 113
Elapsed time for kappa 31.9571 sec
Elapsed time for experts 11.9550 sec
Elapsed time for households 10.4940 sec
Iteration 114
Elapsed time for kappa 31.3514 sec
Elapsed time for experts 20.4176 sec
Elapsed time for households 11.3608 sec
Iteration 115
Elapsed time for kappa 34.0924 sec
Elapsed time for experts 12.5878 sec
Elapsed time for households 11.0361 sec
Iteration 116
Elapsed time for kappa 32.7652 sec
Elapsed time for experts 13.2593 sec
Elapsed time for households 11.0838 sec
Iteration 117
Elapsed time for kappa 32.8836 sec
Elapsed time for experts 12.5979 sec
Elapsed time for households 12.2210 sec
Iteration 118
Elapsed time for kappa 36.6711 sec
Elapsed time for experts 12.6846 sec
Elapsed time for households 10.7738 sec
Iteration 119
Elapsed time for kappa 33.4332 sec
Elapsed time for experts 13.4047 sec
Elapsed time for households 10.4831 sec
Iteration 120
Elapsed time for kappa 42.6307 sec
Elapsed time for experts 13.7553 sec
Elapsed time for households 12.2179 sec
Iteration 121
Elapsed time for kappa 35.3589 sec
Elapsed time for experts 13.5017 sec
Elapsed time for households 10.9198 sec
Iteration 122
Elapsed time for kappa 32.7975 sec
Elapsed time for experts 12.2883 sec
Elapsed time for households 10.9610 sec
Iteration 123
Elapsed time for kappa 32.6755 sec
Elapsed time for experts 12.6968 sec
Elapsed time for households 11.5481 sec
Iteration 124
Elapsed time for kappa 33.0834 sec
Elapsed time for experts 12.9344 sec
Elapsed time for households 11.8434 sec
Iteration 125
Elapsed time for kappa 34.6942 sec
Elapsed time for experts 12.0162 sec
Elapsed time for households 10.4818 sec
Iteration 126
Elapsed time for kappa 42.0878 sec
Elapsed time for experts 13.0535 sec
Elapsed time for households 11.2955 sec
Iteration 127
Elapsed time for kappa 34.3401 sec
Elapsed time for experts 12.9264 sec
Elapsed time for households 11.5751 sec
Iteration 128
Elapsed time for kappa 34.5560 sec
Elapsed time for experts 12.1073 sec
Elapsed time for households 10.8768 sec
Iteration 129
Elapsed time for kappa 32.4635 sec
Elapsed time for experts 12.2791 sec
Elapsed time for households 10.6836 sec
Iteration 130
Elapsed time for kappa 32.2514 sec
Elapsed time for experts 13.6271 sec
Elapsed time for households 11.6180 sec
Iteration 131
Elapsed time for kappa 35.5183 sec
Elapsed time for experts 13.9304 sec
Elapsed time for households 12.5307 sec
Iteration 132
Elapsed time for kappa 46.4980 sec
Elapsed time for experts 15.6244 sec
Elapsed time for households 12.1927 sec
Iteration 133
Elapsed time for kappa 34.0484 sec
Elapsed time for experts 12.3620 sec
Elapsed time for households 10.9494 sec
Iteration 134
Elapsed time for kappa 34.0625 sec
Elapsed time for experts 13.8429 sec
Elapsed time for households 11.4979 sec
Iteration 135
Elapsed time for kappa 33.7909 sec
Elapsed time for experts 12.1107 sec
Elapsed time for households 10.8050 sec
Iteration 136
Elapsed time for kappa 32.2541 sec
Elapsed time for experts 12.4331 sec
Elapsed time for households 11.2030 sec
Iteration 137
Elapsed time for kappa 32.1517 sec
Elapsed time for experts 11.5987 sec
Elapsed time for households 10.5717 sec
Iteration 138
Elapsed time for kappa 43.7243 sec
Elapsed time for experts 14.5680 sec
Elapsed time for households 11.2581 sec
Iteration 139
Elapsed time for kappa 33.5096 sec
Elapsed time for experts 12.5954 sec
Elapsed time for households 11.0137 sec
Iteration 140
Elapsed time for kappa 33.7278 sec
Elapsed time for experts 12.7550 sec
Elapsed time for households 11.9667 sec
Iteration 141
Elapsed time for kappa 32.4968 sec
Elapsed time for experts 13.0268 sec
Elapsed time for households 11.4136 sec
Iteration 142
Elapsed time for kappa 33.1955 sec
Elapsed time for experts 12.4396 sec
Elapsed time for households 10.7712 sec
Iteration 143
Elapsed time for kappa 31.6325 sec
Elapsed time for experts 11.5901 sec
Elapsed time for households 10.3634 sec
Iteration 144
Elapsed time for kappa 41.6864 sec
Elapsed time for experts 13.2585 sec
Elapsed time for households 11.1678 sec
Iteration 145
Elapsed time for kappa 33.2424 sec
Elapsed time for experts 12.3297 sec
Elapsed time for households 11.8176 sec
Iteration 146
Elapsed time for kappa 34.1067 sec
Elapsed time for experts 12.9993 sec
Elapsed time for households 10.8199 sec
Iteration 147
Elapsed time for kappa 32.6516 sec
Elapsed time for experts 12.3566 sec
Elapsed time for households 11.2845 sec
Iteration 148
Elapsed time for kappa 32.6716 sec
Elapsed time for experts 12.4915 sec
Elapsed time for households 11.3944 sec
Iteration 149
Elapsed time for kappa 34.7322 sec
Elapsed time for experts 13.3390 sec
Elapsed time for households 11.8856 sec
Iteration 150
Elapsed time for kappa 40.7532 sec
Elapsed time for experts 13.3902 sec
Elapsed time for households 11.7567 sec
Iteration 151
Elapsed time for kappa 34.0462 sec
Elapsed time for experts 13.7940 sec
Elapsed time for households 11.6838 sec
Iteration 152
Elapsed time for kappa 32.7192 sec
Elapsed time for experts 12.4473 sec
Elapsed time for households 10.9219 sec
Iteration 153
Elapsed time for kappa 32.1379 sec
Elapsed time for experts 11.8907 sec
Elapsed time for households 10.9120 sec
Iteration 154
Elapsed time for kappa 33.0066 sec
Elapsed time for experts 12.1910 sec
Elapsed time for households 10.6223 sec
Iteration 155
Elapsed time for kappa 31.3474 sec
Elapsed time for experts 12.1769 sec
Elapsed time for households 17.4769 sec
Iteration 156
Elapsed time for kappa 35.4502 sec
Elapsed time for experts 14.4887 sec
Elapsed time for households 12.2216 sec
Iteration 157
Elapsed time for kappa 35.8530 sec
Elapsed time for experts 13.8565 sec
Elapsed time for households 10.9452 sec
Iteration 158
Elapsed time for kappa 31.8534 sec
Elapsed time for experts 12.2931 sec
Elapsed time for households 10.8840 sec
Iteration 159
Elapsed time for kappa 31.3914 sec
Elapsed time for experts 12.3319 sec
Elapsed time for households 10.8231 sec
Iteration 160
Elapsed time for kappa 31.4498 sec
Elapsed time for experts 11.7431 sec
Elapsed time for households 10.2810 sec
Iteration 161
Elapsed time for kappa 31.0806 sec
Elapsed time for experts 19.6333 sec
Elapsed time for households 12.5877 sec
Iteration 162
Elapsed time for kappa 33.7375 sec
Elapsed time for experts 13.4001 sec
Elapsed time for households 12.0048 sec
Iteration 163
Elapsed time for kappa 32.4574 sec
Elapsed time for experts 11.9744 sec
Elapsed time for households 10.5891 sec
Iteration 164
Elapsed time for kappa 31.8268 sec
Elapsed time for experts 12.2228 sec
Elapsed time for households 10.3802 sec
Iteration 165
Elapsed time for kappa 31.2840 sec
Elapsed time for experts 11.5474 sec
Elapsed time for households 11.0247 sec
Iteration 166
Elapsed time for kappa 32.3452 sec
Elapsed time for experts 11.8983 sec
Elapsed time for households 10.2407 sec
Iteration 167
Elapsed time for kappa 32.0597 sec
Elapsed time for experts 11.9457 sec
Elapsed time for households 19.2358 sec
Iteration 168
Elapsed time for kappa 33.1539 sec
Elapsed time for experts 11.9343 sec
Elapsed time for households 10.7149 sec
Iteration 169
Elapsed time for kappa 32.5058 sec
Elapsed time for experts 12.1870 sec
Elapsed time for households 10.7600 sec
Iteration 170
Elapsed time for kappa 31.1380 sec
Elapsed time for experts 12.0677 sec
Elapsed time for households 10.9473 sec
Iteration 171
Elapsed time for kappa 32.5094 sec
Elapsed time for experts 13.8965 sec
Elapsed time for households 10.4862 sec
Iteration 172
Elapsed time for kappa 30.6811 sec
Elapsed time for experts 11.7633 sec
Elapsed time for households 10.2159 sec
Iteration 173
Elapsed time for kappa 31.3943 sec
Elapsed time for experts 11.6367 sec
Elapsed time for households 17.8257 sec
Iteration 174
Elapsed time for kappa 31.8336 sec
Elapsed time for experts 12.2506 sec
Elapsed time for households 10.7252 sec
Iteration 175
Elapsed time for kappa 31.8617 sec
Elapsed time for experts 13.3363 sec
Elapsed time for households 10.8928 sec
Iteration 176
Elapsed time for kappa 31.5243 sec
Elapsed time for experts 12.3692 sec
Elapsed time for households 10.7070 sec
Iteration 177
Elapsed time for kappa 30.6008 sec
Elapsed time for experts 11.5176 sec
Elapsed time for households 11.0183 sec
Iteration 178
Elapsed time for kappa 30.4564 sec
Elapsed time for experts 11.5294 sec
Elapsed time for households 10.0863 sec
Iteration 179
Elapsed time for kappa 30.4092 sec
Elapsed time for experts 11.6759 sec
Elapsed time for households 10.3192 sec
Iteration 180
Elapsed time for kappa 40.0125 sec
Elapsed time for experts 14.4398 sec
Elapsed time for households 10.5048 sec
Iteration 181
Elapsed time for kappa 33.2721 sec
Elapsed time for experts 11.4519 sec
Elapsed time for households 10.7802 sec
Iteration 182
Elapsed time for kappa 30.8807 sec
Elapsed time for experts 11.6638 sec
Elapsed time for households 10.4576 sec
Iteration 183
Elapsed time for kappa 30.3615 sec
Elapsed time for experts 11.2958 sec
Elapsed time for households 10.1758 sec
Iteration 184
Elapsed time for kappa 29.8301 sec
Elapsed time for experts 11.2308 sec
Elapsed time for households 10.0174 sec
Iteration 185
Elapsed time for kappa 30.2762 sec
Elapsed time for experts 11.5701 sec
Elapsed time for households 9.8408 sec
Iteration 186
Elapsed time for kappa 38.8822 sec
Elapsed time for experts 13.2884 sec
Elapsed time for households 12.5656 sec
Iteration 187
Elapsed time for kappa 32.5976 sec
Elapsed time for experts 13.0421 sec
Elapsed time for households 12.5269 sec
Iteration 188
Elapsed time for kappa 30.4610 sec
Elapsed time for experts 14.1897 sec
Elapsed time for households 11.0931 sec
Iteration 189
Elapsed time for kappa 33.6876 sec
Elapsed time for experts 13.0041 sec
Elapsed time for households 12.6490 sec
Iteration 190
Elapsed time for kappa 31.2281 sec
Elapsed time for experts 12.6885 sec
Elapsed time for households 13.0616 sec
Iteration 191
Elapsed time for kappa 30.8834 sec
Elapsed time for experts 18.7557 sec
Elapsed time for households 11.3434 sec
Iteration 192
Elapsed time for kappa 31.0361 sec
Elapsed time for experts 12.1985 sec
Elapsed time for households 11.1110 sec
Iteration 193
Elapsed time for kappa 31.3317 sec
Elapsed time for experts 13.0458 sec
Elapsed time for households 10.5302 sec
Iteration 194
Elapsed time for kappa 30.8565 sec
Elapsed time for experts 11.7343 sec
Elapsed time for households 10.2576 sec
Iteration 195
Elapsed time for kappa 29.3324 sec
Elapsed time for experts 11.1165 sec
Elapsed time for households 12.1075 sec
Iteration 196
Elapsed time for kappa 29.0071 sec
Elapsed time for experts 11.4717 sec
Elapsed time for households 9.9796 sec
Iteration 197
Elapsed time for kappa 30.5750 sec
Elapsed time for experts 11.1414 sec
Elapsed time for households 19.0012 sec
Iteration 198
Elapsed time for kappa 31.6868 sec
Elapsed time for experts 12.4852 sec
Elapsed time for households 10.7681 sec
Iteration 199
Elapsed time for kappa 31.8710 sec
Elapsed time for experts 11.5049 sec
Elapsed time for households 10.4086 sec
Iteration 200
Elapsed time for kappa 29.6543 sec
Elapsed time for experts 11.3499 sec
Elapsed time for households 10.1124 sec
Iteration 201
Elapsed time for kappa 29.3652 sec
Elapsed time for experts 11.2800 sec
Elapsed time for households 11.0781 sec
Iteration 202
Elapsed time for kappa 29.4629 sec
Elapsed time for experts 10.9465 sec
Elapsed time for households 10.3485 sec
Iteration 203
Elapsed time for kappa 29.0945 sec
Elapsed time for experts 11.4863 sec
Elapsed time for households 17.5308 sec
Iteration 204
Elapsed time for kappa 32.6264 sec
Elapsed time for experts 12.6899 sec
Elapsed time for households 10.9457 sec
Iteration 205
Elapsed time for kappa 31.5775 sec
Elapsed time for experts 13.1250 sec
Elapsed time for households 11.4833 sec
Iteration 206
Elapsed time for kappa 31.2963 sec
Elapsed time for experts 12.0923 sec
Elapsed time for households 10.4415 sec
Iteration 207
Elapsed time for kappa 29.1619 sec
Elapsed time for experts 11.4724 sec
Elapsed time for households 9.7975 sec
Iteration 208
Elapsed time for kappa 29.3716 sec
Elapsed time for experts 11.5749 sec
Elapsed time for households 9.7262 sec
Iteration 209
Elapsed time for kappa 28.7479 sec
Elapsed time for experts 12.1668 sec
Elapsed time for households 11.6545 sec
Iteration 210
Elapsed time for kappa 37.2356 sec
Elapsed time for experts 13.5366 sec
Elapsed time for households 10.5606 sec
Iteration 211
Elapsed time for kappa 30.0644 sec
Elapsed time for experts 11.4947 sec
Elapsed time for households 10.5048 sec
Iteration 212
Elapsed time for kappa 29.9289 sec
Elapsed time for experts 11.7862 sec
Elapsed time for households 10.3381 sec
Iteration 213
Elapsed time for kappa 29.1376 sec
Elapsed time for experts 11.3768 sec
Elapsed time for households 9.9468 sec
Iteration 214
Elapsed time for kappa 28.8197 sec
Elapsed time for experts 11.0202 sec
Elapsed time for households 9.9204 sec
Iteration 215
Elapsed time for kappa 28.2627 sec
Elapsed time for experts 11.0174 sec
Elapsed time for households 15.9696 sec
Iteration 216
Elapsed time for kappa 30.1847 sec
Elapsed time for experts 12.0458 sec
Elapsed time for households 10.0929 sec
Iteration 217
Elapsed time for kappa 29.6721 sec
Elapsed time for experts 11.1199 sec
Elapsed time for households 10.1067 sec
Iteration 218
Elapsed time for kappa 29.3163 sec
Elapsed time for experts 11.4985 sec
Elapsed time for households 10.2371 sec
Iteration 219
Elapsed time for kappa 28.6956 sec
Elapsed time for experts 12.3340 sec
Elapsed time for households 10.3386 sec
Iteration 220
Elapsed time for kappa 29.4942 sec
Elapsed time for experts 11.2088 sec
Elapsed time for households 10.6708 sec
Iteration 221
Elapsed time for kappa 31.8164 sec
Elapsed time for experts 12.2075 sec
Elapsed time for households 9.7712 sec
Iteration 222
Elapsed time for kappa 37.5436 sec
Elapsed time for experts 12.9130 sec
Elapsed time for households 11.7395 sec
Iteration 223
Elapsed time for kappa 30.8467 sec
Elapsed time for experts 12.1392 sec
Elapsed time for households 10.6900 sec
Iteration 224
Elapsed time for kappa 31.3307 sec
Elapsed time for experts 11.7370 sec
Elapsed time for households 11.4824 sec
Iteration 225
Elapsed time for kappa 30.6885 sec
Elapsed time for experts 11.3537 sec
Elapsed time for households 9.9737 sec
Iteration 226
Elapsed time for kappa 28.9079 sec
Elapsed time for experts 11.0737 sec
Elapsed time for households 9.7854 sec
Iteration 227
Elapsed time for kappa 28.6632 sec
Elapsed time for experts 10.7337 sec
Elapsed time for households 9.7614 sec
Iteration 228
Elapsed time for kappa 36.0511 sec
Elapsed time for experts 11.8946 sec
Elapsed time for households 10.7814 sec
Iteration 229
Elapsed time for kappa 29.5076 sec
Elapsed time for experts 11.4589 sec
Elapsed time for households 10.3196 sec
Iteration 230
Elapsed time for kappa 29.4651 sec
Elapsed time for experts 12.2717 sec
Elapsed time for households 11.0742 sec
Iteration 231
Elapsed time for kappa 29.2239 sec
Elapsed time for experts 11.7820 sec
Elapsed time for households 10.1135 sec
Iteration 232
Elapsed time for kappa 28.7841 sec
Elapsed time for experts 10.9860 sec
Elapsed time for households 10.0322 sec
Iteration 233
Elapsed time for kappa 28.2130 sec
Elapsed time for experts 17.5506 sec
Elapsed time for households 10.9404 sec
Iteration 234
Elapsed time for kappa 31.0038 sec
Elapsed time for experts 11.8242 sec
Elapsed time for households 10.6393 sec
Iteration 235
Elapsed time for kappa 29.6870 sec
Elapsed time for experts 11.7421 sec
Elapsed time for households 11.0949 sec
Iteration 236
Elapsed time for kappa 29.4108 sec
Elapsed time for experts 11.1716 sec
Elapsed time for households 10.2111 sec
Iteration 237
Elapsed time for kappa 29.1901 sec
Elapsed time for experts 11.4474 sec
Elapsed time for households 10.5861 sec
Iteration 238
Elapsed time for kappa 31.5336 sec
Elapsed time for experts 10.9668 sec
Elapsed time for households 9.6460 sec
Iteration 239
Elapsed time for kappa 28.0539 sec
Elapsed time for experts 11.2493 sec
Elapsed time for households 16.7120 sec
Iteration 240
Elapsed time for kappa 30.3298 sec
Elapsed time for experts 11.9197 sec
Elapsed time for households 10.5285 sec
Iteration 241
Elapsed time for kappa 29.8789 sec
Elapsed time for experts 11.6374 sec
Elapsed time for households 10.7358 sec
Iteration 242
Elapsed time for kappa 31.0333 sec
Elapsed time for experts 12.4131 sec
Elapsed time for households 11.5155 sec
Iteration 243
Elapsed time for kappa 29.2339 sec
Elapsed time for experts 11.2970 sec
Elapsed time for households 9.8239 sec
Iteration 244
Elapsed time for kappa 28.6822 sec
Elapsed time for experts 11.9821 sec
Elapsed time for households 10.0133 sec
Iteration 245
Elapsed time for kappa 28.0416 sec
Elapsed time for experts 11.0632 sec
Elapsed time for households 16.9662 sec
Iteration 246
Elapsed time for kappa 30.7037 sec
Elapsed time for experts 11.7999 sec
Elapsed time for households 10.2885 sec
Iteration 247
Elapsed time for kappa 30.0547 sec
Elapsed time for experts 12.7341 sec
Elapsed time for households 10.4484 sec
Iteration 248
Elapsed time for kappa 29.6532 sec
Elapsed time for experts 11.8324 sec
Elapsed time for households 10.1045 sec
Iteration 249
Elapsed time for kappa 28.9851 sec
Elapsed time for experts 11.9919 sec
Elapsed time for households 10.4129 sec
Iteration 250
Elapsed time for kappa 28.4053 sec
Elapsed time for experts 11.4218 sec
Elapsed time for households 10.2535 sec
Iteration 251
Elapsed time for kappa 29.3137 sec
Elapsed time for experts 11.3369 sec
Elapsed time for households 11.6385 sec
Iteration 252
Elapsed time for kappa 38.1433 sec
Elapsed time for experts 12.2187 sec
Elapsed time for households 10.4786 sec
Iteration 253
Elapsed time for kappa 29.4358 sec
Elapsed time for experts 11.7314 sec
Elapsed time for households 10.4749 sec
Iteration 254
Elapsed time for kappa 29.4103 sec
Elapsed time for experts 11.3238 sec
Elapsed time for households 10.0521 sec
Iteration 255
Elapsed time for kappa 29.1335 sec
Elapsed time for experts 11.9544 sec
Elapsed time for households 10.4163 sec
Iteration 256
Elapsed time for kappa 29.7170 sec
Elapsed time for experts 11.0575 sec
Elapsed time for households 10.0051 sec
Iteration 257
Elapsed time for kappa 28.5918 sec
Elapsed time for experts 11.2185 sec
Elapsed time for households 10.6334 sec
Iteration 258
Elapsed time for kappa 36.1349 sec
Elapsed time for experts 11.8122 sec
Elapsed time for households 10.4721 sec
Iteration 259
Elapsed time for kappa 29.6178 sec
Elapsed time for experts 11.3742 sec
Elapsed time for households 10.2435 sec
Iteration 260
Elapsed time for kappa 29.5755 sec
Elapsed time for experts 11.7023 sec
Elapsed time for households 10.4643 sec
Iteration 261
Elapsed time for kappa 29.1176 sec
Elapsed time for experts 11.0271 sec
Elapsed time for households 10.0135 sec
Iteration 262
Elapsed time for kappa 28.9607 sec
Elapsed time for experts 12.2390 sec
Elapsed time for households 9.6490 sec
Iteration 263
Elapsed time for kappa 28.4390 sec
Elapsed time for experts 11.7083 sec
Elapsed time for households 16.7553 sec
Iteration 264
Elapsed time for kappa 33.2072 sec
Elapsed time for experts 11.7221 sec
Elapsed time for households 10.4422 sec
Iteration 265
Elapsed time for kappa 31.0718 sec
Elapsed time for experts 12.5557 sec
Elapsed time for households 10.6688 sec
Iteration 266
Elapsed time for kappa 29.6380 sec
Elapsed time for experts 11.5017 sec
Elapsed time for households 10.0022 sec
Iteration 267
Elapsed time for kappa 29.2139 sec
Elapsed time for experts 11.1238 sec
Elapsed time for households 9.7519 sec
Iteration 268
Elapsed time for kappa 28.4708 sec
Elapsed time for experts 10.8898 sec
Elapsed time for households 9.9032 sec
Iteration 269
Elapsed time for kappa 29.6125 sec
Elapsed time for experts 12.0868 sec
Elapsed time for households 10.8477 sec
Iteration 270
Elapsed time for kappa 37.3498 sec
Elapsed time for experts 11.5659 sec
Elapsed time for households 10.6465 sec
Iteration 271
Elapsed time for kappa 30.5773 sec
Elapsed time for experts 11.8686 sec
Elapsed time for households 10.5686 sec
Iteration 272
Elapsed time for kappa 30.0228 sec
Elapsed time for experts 11.8146 sec
Elapsed time for households 10.6228 sec
Iteration 273
Elapsed time for kappa 29.6897 sec
Elapsed time for experts 12.2336 sec
Elapsed time for households 11.2564 sec
Iteration 274
Elapsed time for kappa 28.8025 sec
Elapsed time for experts 12.7573 sec
Elapsed time for households 10.2053 sec
Iteration 275
Elapsed time for kappa 28.5783 sec
Elapsed time for experts 10.8672 sec
Elapsed time for households 15.9208 sec
Iteration 276
Elapsed time for kappa 30.3527 sec
Elapsed time for experts 11.7767 sec
Elapsed time for households 10.2682 sec
Iteration 277
Elapsed time for kappa 29.5438 sec
Elapsed time for experts 12.0501 sec
Elapsed time for households 9.9969 sec
Iteration 278
Elapsed time for kappa 29.2757 sec
Elapsed time for experts 11.1733 sec
Elapsed time for households 10.2418 sec
Iteration 279
Elapsed time for kappa 28.8388 sec
Elapsed time for experts 12.0720 sec
Elapsed time for households 10.6051 sec
Iteration 280
Elapsed time for kappa 30.3187 sec
Elapsed time for experts 11.8502 sec
Elapsed time for households 10.7258 sec
Iteration 281
Elapsed time for kappa 29.9721 sec
Elapsed time for experts 11.2924 sec
Elapsed time for households 9.7465 sec
Iteration 282
Elapsed time for kappa 38.4539 sec
Elapsed time for experts 12.2692 sec
Elapsed time for households 10.7446 sec
Iteration 283
Elapsed time for kappa 29.9393 sec
Elapsed time for experts 12.6396 sec
Elapsed time for households 11.3470 sec
Iteration 284
Elapsed time for kappa 33.9248 sec
Elapsed time for experts 13.4286 sec
Elapsed time for households 12.5669 sec
Iteration 285
Elapsed time for kappa 30.3091 sec
Elapsed time for experts 11.1631 sec
Elapsed time for households 10.0569 sec
Iteration 286
Elapsed time for kappa 28.8172 sec
Elapsed time for experts 11.2311 sec
Elapsed time for households 9.9277 sec
Iteration 287
Elapsed time for kappa 28.6309 sec
Elapsed time for experts 10.9682 sec
Elapsed time for households 16.1128 sec
Iteration 288
Elapsed time for kappa 30.9347 sec
Elapsed time for experts 11.9136 sec
Elapsed time for households 10.4905 sec
Iteration 289
Elapsed time for kappa 29.5437 sec
Elapsed time for experts 11.8268 sec
Elapsed time for households 11.1068 sec
Iteration 290
Elapsed time for kappa 30.2231 sec
Elapsed time for experts 12.5540 sec
Elapsed time for households 11.3033 sec
Iteration 291
Elapsed time for kappa 30.0930 sec
Elapsed time for experts 11.1930 sec
Elapsed time for households 10.2252 sec
Iteration 292
Elapsed time for kappa 28.6269 sec
Elapsed time for experts 13.5550 sec
Elapsed time for households 10.0443 sec
Iteration 293
Elapsed time for kappa 28.1626 sec
Elapsed time for experts 11.0940 sec
Elapsed time for households 9.6098 sec
Iteration 294
Elapsed time for kappa 37.4527 sec
Elapsed time for experts 12.8644 sec
Elapsed time for households 10.7973 sec
Iteration 295
Elapsed time for kappa 29.9401 sec
Elapsed time for experts 12.0767 sec
Elapsed time for households 11.4327 sec
Iteration 296
Elapsed time for kappa 29.8424 sec
Elapsed time for experts 11.4481 sec
Elapsed time for households 10.3818 sec
Iteration 297
Elapsed time for kappa 29.5115 sec
Elapsed time for experts 11.2061 sec
Elapsed time for households 10.1788 sec
Iteration 298
Elapsed time for kappa 29.1770 sec
Elapsed time for experts 10.9811 sec
Elapsed time for households 10.0339 sec
Iteration 299
Elapsed time for kappa 28.7400 sec
Elapsed time for experts 11.5345 sec
Elapsed time for households 10.9536 sec
Elapsed time for training 16873.8016 sec
90000 90000 90000 90000
