Iteration 0
Elapsed time for kappa 142.2790 sec
Elapsed time for experts 58.1307 sec
Elapsed time for households 50.0734 sec
Iteration 1
Elapsed time for kappa 118.5205 sec
Elapsed time for experts 53.3204 sec
Elapsed time for households 51.5918 sec
Iteration 2
Elapsed time for kappa 115.5612 sec
Elapsed time for experts 53.9164 sec
Elapsed time for households 48.3416 sec
Iteration 3
Elapsed time for kappa 115.3592 sec
Elapsed time for experts 53.9072 sec
Elapsed time for households 49.0813 sec
Iteration 4
Elapsed time for kappa 115.3071 sec
Elapsed time for experts 52.6541 sec
Elapsed time for households 47.9152 sec
Iteration 5
Elapsed time for kappa 114.4290 sec
Elapsed time for experts 53.9713 sec
Elapsed time for households 48.0145 sec
Iteration 6
Elapsed time for kappa 114.3720 sec
Elapsed time for experts 52.2264 sec
Elapsed time for households 48.2033 sec
Iteration 7
Elapsed time for kappa 120.6568 sec
Elapsed time for experts 55.0600 sec
Elapsed time for households 49.1122 sec
Iteration 8
Elapsed time for kappa 112.6304 sec
Elapsed time for experts 54.0747 sec
Elapsed time for households 48.6764 sec
Iteration 9
Elapsed time for kappa 111.0844 sec
Elapsed time for experts 54.1089 sec
Elapsed time for households 47.8579 sec
Iteration 10
Elapsed time for kappa 110.6255 sec
Elapsed time for experts 54.2223 sec
Elapsed time for households 48.8267 sec
Iteration 11
Elapsed time for kappa 112.0216 sec
Elapsed time for experts 54.2774 sec
Elapsed time for households 48.3261 sec
Iteration 12
Elapsed time for kappa 115.0585 sec
Elapsed time for experts 53.7485 sec
Elapsed time for households 47.7918 sec
Iteration 13
Elapsed time for kappa 118.1910 sec
Elapsed time for experts 53.4219 sec
Elapsed time for households 48.4789 sec
Iteration 14
Elapsed time for kappa 111.8658 sec
Elapsed time for experts 53.2079 sec
Elapsed time for households 47.8195 sec
Elapsed time for training 3289.0993 sec
