Iteration 0
Elapsed time for kappa 70.7826 sec
Elapsed time for experts 20.5159 sec
Elapsed time for households 16.0807 sec
Iteration 1
Elapsed time for kappa 34.6846 sec
Elapsed time for experts 14.8923 sec
Elapsed time for households 13.4610 sec
Iteration 2
Elapsed time for kappa 32.0643 sec
Elapsed time for experts 14.5280 sec
Elapsed time for households 10.8979 sec
Iteration 3
Elapsed time for kappa 36.9539 sec
Elapsed time for experts 12.2817 sec
Elapsed time for households 11.5701 sec
Iteration 4
Elapsed time for kappa 31.7485 sec
Elapsed time for experts 14.9822 sec
Elapsed time for households 13.3314 sec
Iteration 5
Elapsed time for kappa 32.3291 sec
Elapsed time for experts 13.6928 sec
Elapsed time for households 11.1873 sec
Iteration 6
Elapsed time for kappa 32.7378 sec
Elapsed time for experts 11.8954 sec
Elapsed time for households 10.9408 sec
Iteration 7
Elapsed time for kappa 32.3820 sec
Elapsed time for experts 12.2956 sec
Elapsed time for households 10.3515 sec
Iteration 8
Elapsed time for kappa 31.4750 sec
Elapsed time for experts 12.0979 sec
Elapsed time for households 17.3290 sec
Iteration 9
Elapsed time for kappa 32.5991 sec
Elapsed time for experts 12.6416 sec
Elapsed time for households 12.4313 sec
Iteration 10
Elapsed time for kappa 32.6052 sec
Elapsed time for experts 13.5797 sec
Elapsed time for households 10.7825 sec
Iteration 11
Elapsed time for kappa 31.8624 sec
Elapsed time for experts 14.5907 sec
Elapsed time for households 10.6051 sec
Iteration 12
Elapsed time for kappa 31.8957 sec
Elapsed time for experts 12.4114 sec
Elapsed time for households 13.3218 sec
Iteration 13
Elapsed time for kappa 32.3400 sec
Elapsed time for experts 13.5505 sec
Elapsed time for households 11.0232 sec
Iteration 14
Elapsed time for kappa 32.1868 sec
Elapsed time for experts 12.1342 sec
Elapsed time for households 11.2786 sec
Iteration 15
Elapsed time for kappa 40.1628 sec
Elapsed time for experts 12.8646 sec
Elapsed time for households 10.8096 sec
Iteration 16
Elapsed time for kappa 39.4759 sec
Elapsed time for experts 14.8040 sec
Elapsed time for households 11.4041 sec
Iteration 17
Elapsed time for kappa 33.0779 sec
Elapsed time for experts 14.8226 sec
Elapsed time for households 10.6701 sec
Iteration 18
Elapsed time for kappa 32.3536 sec
Elapsed time for experts 12.0313 sec
Elapsed time for households 10.5013 sec
Iteration 19
Elapsed time for kappa 31.8816 sec
Elapsed time for experts 12.4298 sec
Elapsed time for households 10.7545 sec
Iteration 20
Elapsed time for kappa 32.1203 sec
Elapsed time for experts 13.5260 sec
Elapsed time for households 17.4752 sec
Iteration 21
Elapsed time for kappa 32.7328 sec
Elapsed time for experts 13.8307 sec
Elapsed time for households 11.1090 sec
Iteration 22
Elapsed time for kappa 32.7244 sec
Elapsed time for experts 12.0420 sec
Elapsed time for households 10.7374 sec
Iteration 23
Elapsed time for kappa 32.5199 sec
Elapsed time for experts 14.9247 sec
Elapsed time for households 10.8788 sec
Iteration 24
Elapsed time for kappa 32.2065 sec
Elapsed time for experts 12.8134 sec
Elapsed time for households 10.5872 sec
Iteration 25
Elapsed time for kappa 34.1505 sec
Elapsed time for experts 13.7190 sec
Elapsed time for households 11.3774 sec
Iteration 26
Elapsed time for kappa 31.8400 sec
Elapsed time for experts 19.7340 sec
Elapsed time for households 10.9641 sec
Iteration 27
Elapsed time for kappa 32.4339 sec
Elapsed time for experts 12.3209 sec
Elapsed time for households 10.7653 sec
Iteration 28
Elapsed time for kappa 32.7205 sec
Elapsed time for experts 11.9308 sec
Elapsed time for households 11.0729 sec
Iteration 29
Elapsed time for kappa 32.4727 sec
Elapsed time for experts 11.6489 sec
Elapsed time for households 10.5078 sec
Iteration 30
Elapsed time for kappa 31.4422 sec
Elapsed time for experts 12.1598 sec
Elapsed time for households 10.3908 sec
Iteration 31
Elapsed time for kappa 32.0252 sec
Elapsed time for experts 12.5983 sec
Elapsed time for households 10.4951 sec
Iteration 32
Elapsed time for kappa 31.7738 sec
Elapsed time for experts 19.8523 sec
Elapsed time for households 11.4233 sec
Iteration 33
Elapsed time for kappa 34.8744 sec
Elapsed time for experts 13.3261 sec
Elapsed time for households 11.0869 sec
Iteration 34
Elapsed time for kappa 32.6403 sec
Elapsed time for experts 12.6949 sec
Elapsed time for households 10.7421 sec
Iteration 35
Elapsed time for kappa 32.3914 sec
Elapsed time for experts 13.0837 sec
Elapsed time for households 10.7939 sec
Iteration 36
Elapsed time for kappa 31.9795 sec
Elapsed time for experts 12.2641 sec
Elapsed time for households 10.2605 sec
Iteration 37
Elapsed time for kappa 32.6533 sec
Elapsed time for experts 15.1965 sec
Elapsed time for households 11.1578 sec
Iteration 38
Elapsed time for kappa 33.3804 sec
Elapsed time for experts 21.7081 sec
Elapsed time for households 11.9262 sec
Iteration 39
Elapsed time for kappa 34.2932 sec
Elapsed time for experts 14.8074 sec
Elapsed time for households 12.2902 sec
Iteration 40
Elapsed time for kappa 33.8995 sec
Elapsed time for experts 13.4938 sec
Elapsed time for households 11.5643 sec
Iteration 41
Elapsed time for kappa 33.3353 sec
Elapsed time for experts 13.3674 sec
Elapsed time for households 11.9095 sec
Iteration 42
Elapsed time for kappa 33.6342 sec
Elapsed time for experts 14.1426 sec
Elapsed time for households 11.2265 sec
Iteration 43
Elapsed time for kappa 33.5870 sec
Elapsed time for experts 13.1408 sec
Elapsed time for households 11.2324 sec
Iteration 44
Elapsed time for kappa 41.3541 sec
Elapsed time for experts 15.3457 sec
Elapsed time for households 11.6700 sec
Iteration 45
Elapsed time for kappa 33.7921 sec
Elapsed time for experts 13.5758 sec
Elapsed time for households 11.1510 sec
Iteration 46
Elapsed time for kappa 32.5770 sec
Elapsed time for experts 12.9175 sec
Elapsed time for households 11.0368 sec
Iteration 47
Elapsed time for kappa 32.5043 sec
Elapsed time for experts 11.7172 sec
Elapsed time for households 10.7262 sec
Iteration 48
Elapsed time for kappa 33.3992 sec
Elapsed time for experts 13.4912 sec
Elapsed time for households 10.7816 sec
Iteration 49
Elapsed time for kappa 31.8462 sec
Elapsed time for experts 12.0215 sec
Elapsed time for households 10.7373 sec
Iteration 50
Elapsed time for kappa 39.2249 sec
Elapsed time for experts 13.3534 sec
Elapsed time for households 10.9455 sec
Iteration 51
Elapsed time for kappa 32.4320 sec
Elapsed time for experts 12.6416 sec
Elapsed time for households 10.8216 sec
Iteration 52
Elapsed time for kappa 31.9635 sec
Elapsed time for experts 11.7180 sec
Elapsed time for households 10.5733 sec
Iteration 53
Elapsed time for kappa 31.4724 sec
Elapsed time for experts 14.0166 sec
Elapsed time for households 10.7363 sec
Iteration 54
Elapsed time for kappa 31.5428 sec
Elapsed time for experts 13.7572 sec
Elapsed time for households 10.6892 sec
Iteration 55
Elapsed time for kappa 32.1870 sec
Elapsed time for experts 13.0652 sec
Elapsed time for households 10.5680 sec
Iteration 56
Elapsed time for kappa 39.0689 sec
Elapsed time for experts 13.2516 sec
Elapsed time for households 11.3354 sec
Iteration 57
Elapsed time for kappa 31.9794 sec
Elapsed time for experts 13.3026 sec
Elapsed time for households 10.8953 sec
Iteration 58
Elapsed time for kappa 31.6084 sec
Elapsed time for experts 12.4691 sec
Elapsed time for households 10.9682 sec
Iteration 59
Elapsed time for kappa 31.5287 sec
Elapsed time for experts 12.2291 sec
Elapsed time for households 10.4439 sec
Iteration 60
Elapsed time for kappa 30.6970 sec
Elapsed time for experts 11.5183 sec
Elapsed time for households 10.5893 sec
Iteration 61
Elapsed time for kappa 31.7555 sec
Elapsed time for experts 12.3366 sec
Elapsed time for households 10.5457 sec
Iteration 62
Elapsed time for kappa 39.1489 sec
Elapsed time for experts 12.1147 sec
Elapsed time for households 10.8959 sec
Iteration 63
Elapsed time for kappa 31.8260 sec
Elapsed time for experts 12.8178 sec
Elapsed time for households 10.8650 sec
Iteration 64
Elapsed time for kappa 30.9508 sec
Elapsed time for experts 13.7903 sec
Elapsed time for households 12.6285 sec
Iteration 65
Elapsed time for kappa 31.0896 sec
Elapsed time for experts 12.3783 sec
Elapsed time for households 10.8152 sec
Iteration 66
Elapsed time for kappa 30.4470 sec
Elapsed time for experts 13.2019 sec
Elapsed time for households 10.6457 sec
Iteration 67
Elapsed time for kappa 31.0647 sec
Elapsed time for experts 11.7537 sec
Elapsed time for households 10.9605 sec
Iteration 68
Elapsed time for kappa 37.9595 sec
Elapsed time for experts 13.4389 sec
Elapsed time for households 11.2126 sec
Iteration 69
Elapsed time for kappa 31.2336 sec
Elapsed time for experts 12.5572 sec
Elapsed time for households 10.4593 sec
Iteration 70
Elapsed time for kappa 30.8538 sec
Elapsed time for experts 12.6272 sec
Elapsed time for households 10.6044 sec
Iteration 71
Elapsed time for kappa 30.7623 sec
Elapsed time for experts 12.2325 sec
Elapsed time for households 10.3573 sec
Iteration 72
Elapsed time for kappa 30.7073 sec
Elapsed time for experts 11.8176 sec
Elapsed time for households 10.6616 sec
Iteration 73
Elapsed time for kappa 31.8623 sec
Elapsed time for experts 12.6011 sec
Elapsed time for households 10.4981 sec
Iteration 74
Elapsed time for kappa 45.9787 sec
Elapsed time for experts 13.2687 sec
Elapsed time for households 10.6803 sec
Iteration 75
Elapsed time for kappa 30.8796 sec
Elapsed time for experts 12.7333 sec
Elapsed time for households 10.4246 sec
Iteration 76
Elapsed time for kappa 30.7094 sec
Elapsed time for experts 13.7684 sec
Elapsed time for households 11.6554 sec
Iteration 77
Elapsed time for kappa 29.7114 sec
Elapsed time for experts 12.8451 sec
Elapsed time for households 10.1972 sec
Iteration 78
Elapsed time for kappa 30.0669 sec
Elapsed time for experts 14.1546 sec
Elapsed time for households 10.7645 sec
Iteration 79
Elapsed time for kappa 30.8423 sec
Elapsed time for experts 12.7500 sec
Elapsed time for households 16.0814 sec
Iteration 80
Elapsed time for kappa 31.3522 sec
Elapsed time for experts 12.6265 sec
Elapsed time for households 11.4891 sec
Iteration 81
Elapsed time for kappa 30.6054 sec
Elapsed time for experts 11.9645 sec
Elapsed time for households 10.2079 sec
Iteration 82
Elapsed time for kappa 29.5700 sec
Elapsed time for experts 11.8112 sec
Elapsed time for households 10.5498 sec
Iteration 83
Elapsed time for kappa 29.9040 sec
Elapsed time for experts 13.2662 sec
Elapsed time for households 10.5321 sec
Iteration 84
Elapsed time for kappa 30.2021 sec
Elapsed time for experts 13.4527 sec
Elapsed time for households 9.8508 sec
Iteration 85
Elapsed time for kappa 30.8283 sec
Elapsed time for experts 13.8304 sec
Elapsed time for households 16.7142 sec
Iteration 86
Elapsed time for kappa 30.5120 sec
Elapsed time for experts 13.4354 sec
Elapsed time for households 11.8168 sec
Iteration 87
Elapsed time for kappa 29.6445 sec
Elapsed time for experts 12.3122 sec
Elapsed time for households 10.3534 sec
Iteration 88
Elapsed time for kappa 29.6332 sec
Elapsed time for experts 11.7205 sec
Elapsed time for households 9.9728 sec
Iteration 89
Elapsed time for kappa 29.0424 sec
Elapsed time for experts 11.5898 sec
Elapsed time for households 10.0344 sec
Iteration 90
Elapsed time for kappa 29.4074 sec
Elapsed time for experts 11.5324 sec
Elapsed time for households 9.9599 sec
Iteration 91
Elapsed time for kappa 29.7229 sec
Elapsed time for experts 18.8568 sec
Elapsed time for households 10.5574 sec
Iteration 92
Elapsed time for kappa 30.2358 sec
Elapsed time for experts 12.3356 sec
Elapsed time for households 10.5181 sec
Iteration 93
Elapsed time for kappa 37.9615 sec
Elapsed time for experts 13.4295 sec
Elapsed time for households 11.7857 sec
Iteration 94
Elapsed time for kappa 31.4076 sec
Elapsed time for experts 13.8570 sec
Elapsed time for households 10.2615 sec
Iteration 95
Elapsed time for kappa 30.7074 sec
Elapsed time for experts 11.3216 sec
Elapsed time for households 9.8861 sec
Iteration 96
Elapsed time for kappa 28.8835 sec
Elapsed time for experts 12.7944 sec
Elapsed time for households 9.9640 sec
Iteration 97
Elapsed time for kappa 28.8342 sec
Elapsed time for experts 17.9987 sec
Elapsed time for households 10.5692 sec
Iteration 98
Elapsed time for kappa 30.2626 sec
Elapsed time for experts 13.2822 sec
Elapsed time for households 10.7720 sec
Iteration 99
Elapsed time for kappa 29.0740 sec
Elapsed time for experts 14.5438 sec
Elapsed time for households 10.2265 sec
Iteration 100
Elapsed time for kappa 29.2441 sec
Elapsed time for experts 12.0010 sec
Elapsed time for households 10.2665 sec
Iteration 101
Elapsed time for kappa 29.1181 sec
Elapsed time for experts 11.1180 sec
Elapsed time for households 9.7371 sec
Iteration 102
Elapsed time for kappa 28.5874 sec
Elapsed time for experts 10.9423 sec
Elapsed time for households 9.8423 sec
Iteration 103
Elapsed time for kappa 28.7696 sec
Elapsed time for experts 23.0461 sec
Elapsed time for households 13.5616 sec
Iteration 104
Elapsed time for kappa 30.0816 sec
Elapsed time for experts 12.3519 sec
Elapsed time for households 10.2067 sec
Iteration 105
Elapsed time for kappa 29.4983 sec
Elapsed time for experts 12.5307 sec
Elapsed time for households 10.4259 sec
Iteration 106
Elapsed time for kappa 29.2999 sec
Elapsed time for experts 13.5420 sec
Elapsed time for households 10.0809 sec
Iteration 107
Elapsed time for kappa 30.0149 sec
Elapsed time for experts 11.6294 sec
Elapsed time for households 9.9502 sec
Iteration 108
Elapsed time for kappa 28.5776 sec
Elapsed time for experts 11.5442 sec
Elapsed time for households 9.6658 sec
Iteration 109
Elapsed time for kappa 36.2880 sec
Elapsed time for experts 12.3808 sec
Elapsed time for households 10.5339 sec
Iteration 110
Elapsed time for kappa 29.4302 sec
Elapsed time for experts 11.8831 sec
Elapsed time for households 10.2752 sec
Iteration 111
Elapsed time for kappa 29.3550 sec
Elapsed time for experts 12.1152 sec
Elapsed time for households 10.3327 sec
Iteration 112
Elapsed time for kappa 29.1337 sec
Elapsed time for experts 11.1040 sec
Elapsed time for households 10.0394 sec
Iteration 113
Elapsed time for kappa 28.9910 sec
Elapsed time for experts 13.5405 sec
Elapsed time for households 9.8904 sec
Iteration 114
Elapsed time for kappa 28.8068 sec
Elapsed time for experts 11.5615 sec
Elapsed time for households 9.8842 sec
Iteration 115
Elapsed time for kappa 36.3717 sec
Elapsed time for experts 11.9347 sec
Elapsed time for households 10.6472 sec
Iteration 116
Elapsed time for kappa 30.0371 sec
Elapsed time for experts 12.2442 sec
Elapsed time for households 10.4540 sec
Iteration 117
Elapsed time for kappa 29.5075 sec
Elapsed time for experts 12.8830 sec
Elapsed time for households 9.9939 sec
Iteration 118
Elapsed time for kappa 29.4427 sec
Elapsed time for experts 13.6000 sec
Elapsed time for households 10.1173 sec
Iteration 119
Elapsed time for kappa 28.9565 sec
Elapsed time for experts 11.1679 sec
Elapsed time for households 9.6546 sec
Iteration 120
Elapsed time for kappa 28.6407 sec
Elapsed time for experts 14.2147 sec
Elapsed time for households 11.2223 sec
Iteration 121
Elapsed time for kappa 38.3959 sec
Elapsed time for experts 12.8120 sec
Elapsed time for households 10.2896 sec
Iteration 122
Elapsed time for kappa 29.6973 sec
Elapsed time for experts 11.8935 sec
Elapsed time for households 10.5056 sec
Iteration 123
Elapsed time for kappa 29.5270 sec
Elapsed time for experts 11.2086 sec
Elapsed time for households 10.0284 sec
Iteration 124
Elapsed time for kappa 30.8495 sec
Elapsed time for experts 12.0715 sec
Elapsed time for households 10.0256 sec
Iteration 125
Elapsed time for kappa 29.1037 sec
Elapsed time for experts 11.7026 sec
Elapsed time for households 9.9659 sec
Iteration 126
Elapsed time for kappa 28.7187 sec
Elapsed time for experts 11.0117 sec
Elapsed time for households 9.6354 sec
Iteration 127
Elapsed time for kappa 36.1696 sec
Elapsed time for experts 12.3977 sec
Elapsed time for households 10.6859 sec
Iteration 128
Elapsed time for kappa 29.7323 sec
Elapsed time for experts 12.2153 sec
Elapsed time for households 10.1930 sec
Iteration 129
Elapsed time for kappa 29.6852 sec
Elapsed time for experts 13.4121 sec
Elapsed time for households 10.4645 sec
Iteration 130
Elapsed time for kappa 28.9459 sec
Elapsed time for experts 13.0804 sec
Elapsed time for households 10.4150 sec
Iteration 131
Elapsed time for kappa 29.1674 sec
Elapsed time for experts 11.4980 sec
Elapsed time for households 10.2939 sec
Iteration 132
Elapsed time for kappa 28.9365 sec
Elapsed time for experts 12.8219 sec
Elapsed time for households 10.0281 sec
Iteration 133
Elapsed time for kappa 36.2603 sec
Elapsed time for experts 13.1991 sec
Elapsed time for households 10.5326 sec
Iteration 134
Elapsed time for kappa 29.9779 sec
Elapsed time for experts 13.6611 sec
Elapsed time for households 11.4554 sec
Iteration 135
Elapsed time for kappa 30.3603 sec
Elapsed time for experts 14.5193 sec
Elapsed time for households 11.1431 sec
Iteration 136
Elapsed time for kappa 33.3220 sec
Elapsed time for experts 11.8428 sec
Elapsed time for households 11.0185 sec
Iteration 137
Elapsed time for kappa 29.3380 sec
Elapsed time for experts 12.6189 sec
Elapsed time for households 11.6049 sec
Iteration 138
Elapsed time for kappa 28.5750 sec
Elapsed time for experts 11.9517 sec
Elapsed time for households 11.0247 sec
Iteration 139
Elapsed time for kappa 36.2752 sec
Elapsed time for experts 12.3593 sec
Elapsed time for households 10.3233 sec
Iteration 140
Elapsed time for kappa 30.0265 sec
Elapsed time for experts 12.2019 sec
Elapsed time for households 10.3587 sec
Iteration 141
Elapsed time for kappa 29.3975 sec
Elapsed time for experts 14.2813 sec
Elapsed time for households 10.1832 sec
Iteration 142
Elapsed time for kappa 29.3939 sec
Elapsed time for experts 12.5976 sec
Elapsed time for households 10.2485 sec
Iteration 143
Elapsed time for kappa 29.1969 sec
Elapsed time for experts 15.0749 sec
Elapsed time for households 11.0493 sec
Iteration 144
Elapsed time for kappa 32.6607 sec
Elapsed time for experts 12.2618 sec
Elapsed time for households 10.0520 sec
Iteration 145
Elapsed time for kappa 41.4236 sec
Elapsed time for experts 13.0588 sec
Elapsed time for households 12.2857 sec
Iteration 146
Elapsed time for kappa 30.7415 sec
Elapsed time for experts 15.2099 sec
Elapsed time for households 11.7517 sec
Iteration 147
Elapsed time for kappa 30.7086 sec
Elapsed time for experts 16.2617 sec
Elapsed time for households 11.4712 sec
Iteration 148
Elapsed time for kappa 29.6564 sec
Elapsed time for experts 11.9280 sec
Elapsed time for households 12.8336 sec
Iteration 149
Elapsed time for kappa 32.3892 sec
Elapsed time for experts 13.1255 sec
Elapsed time for households 9.9528 sec
Iteration 150
Elapsed time for kappa 30.0806 sec
Elapsed time for experts 13.3516 sec
Elapsed time for households 16.1806 sec
Iteration 151
Elapsed time for kappa 34.5338 sec
Elapsed time for experts 12.2735 sec
Elapsed time for households 10.0366 sec
Iteration 152
Elapsed time for kappa 29.9597 sec
Elapsed time for experts 12.6130 sec
Elapsed time for households 12.8611 sec
Iteration 153
Elapsed time for kappa 30.8253 sec
Elapsed time for experts 12.8457 sec
Elapsed time for households 10.1635 sec
Iteration 154
Elapsed time for kappa 34.2270 sec
Elapsed time for experts 14.5164 sec
Elapsed time for households 11.3803 sec
Iteration 155
Elapsed time for kappa 28.5811 sec
Elapsed time for experts 11.4099 sec
Elapsed time for households 10.0013 sec
Iteration 156
Elapsed time for kappa 32.1154 sec
Elapsed time for experts 18.9030 sec
Elapsed time for households 11.1125 sec
Iteration 157
Elapsed time for kappa 30.5001 sec
Elapsed time for experts 13.4554 sec
Elapsed time for households 10.4619 sec
Iteration 158
Elapsed time for kappa 29.7376 sec
Elapsed time for experts 12.0014 sec
Elapsed time for households 13.5015 sec
Iteration 159
Elapsed time for kappa 29.9770 sec
Elapsed time for experts 12.6408 sec
Elapsed time for households 12.5275 sec
Iteration 160
Elapsed time for kappa 30.8212 sec
Elapsed time for experts 12.1759 sec
Elapsed time for households 10.3898 sec
Iteration 161
Elapsed time for kappa 30.2369 sec
Elapsed time for experts 10.9501 sec
Elapsed time for households 9.9612 sec
Iteration 162
Elapsed time for kappa 32.6959 sec
Elapsed time for experts 11.4542 sec
Elapsed time for households 20.1121 sec
Iteration 163
Elapsed time for kappa 32.9384 sec
Elapsed time for experts 11.6845 sec
Elapsed time for households 10.3386 sec
Iteration 164
Elapsed time for kappa 30.0716 sec
Elapsed time for experts 15.0684 sec
Elapsed time for households 11.4649 sec
Iteration 165
Elapsed time for kappa 32.5891 sec
Elapsed time for experts 13.1938 sec
Elapsed time for households 10.4510 sec
Iteration 166
Elapsed time for kappa 29.4453 sec
Elapsed time for experts 11.7941 sec
Elapsed time for households 9.9283 sec
Iteration 167
Elapsed time for kappa 28.7918 sec
Elapsed time for experts 12.2897 sec
Elapsed time for households 10.3038 sec
Iteration 168
Elapsed time for kappa 30.8192 sec
Elapsed time for experts 11.9767 sec
Elapsed time for households 20.9572 sec
Iteration 169
Elapsed time for kappa 31.6931 sec
Elapsed time for experts 11.9656 sec
Elapsed time for households 10.5409 sec
Iteration 170
Elapsed time for kappa 29.7031 sec
Elapsed time for experts 12.2209 sec
Elapsed time for households 10.6830 sec
Iteration 171
Elapsed time for kappa 29.7571 sec
Elapsed time for experts 13.1771 sec
Elapsed time for households 12.8227 sec
Iteration 172
Elapsed time for kappa 30.8453 sec
Elapsed time for experts 12.3846 sec
Elapsed time for households 10.0215 sec
Iteration 173
Elapsed time for kappa 28.8029 sec
Elapsed time for experts 13.1773 sec
Elapsed time for households 12.5464 sec
Iteration 174
Elapsed time for kappa 30.9320 sec
Elapsed time for experts 11.6200 sec
Elapsed time for households 12.5157 sec
Iteration 175
Elapsed time for kappa 38.7671 sec
Elapsed time for experts 12.2892 sec
Elapsed time for households 10.6243 sec
Iteration 176
Elapsed time for kappa 33.4555 sec
Elapsed time for experts 11.4660 sec
Elapsed time for households 10.6769 sec
Iteration 177
Elapsed time for kappa 30.2779 sec
Elapsed time for experts 11.5301 sec
Elapsed time for households 10.1755 sec
Iteration 178
Elapsed time for kappa 29.2563 sec
Elapsed time for experts 12.8324 sec
Elapsed time for households 10.3522 sec
Iteration 179
Elapsed time for kappa 29.2134 sec
Elapsed time for experts 12.6726 sec
Elapsed time for households 10.3996 sec
Iteration 180
Elapsed time for kappa 28.9272 sec
Elapsed time for experts 11.7029 sec
Elapsed time for households 16.0180 sec
Iteration 181
Elapsed time for kappa 30.3490 sec
Elapsed time for experts 12.0796 sec
Elapsed time for households 10.1445 sec
Iteration 182
Elapsed time for kappa 29.9290 sec
Elapsed time for experts 15.0516 sec
Elapsed time for households 11.9244 sec
Iteration 183
Elapsed time for kappa 29.8487 sec
Elapsed time for experts 12.1011 sec
Elapsed time for households 14.3965 sec
Iteration 184
Elapsed time for kappa 30.2162 sec
Elapsed time for experts 13.3049 sec
Elapsed time for households 12.9096 sec
Iteration 185
Elapsed time for kappa 34.8695 sec
Elapsed time for experts 13.2910 sec
Elapsed time for households 11.7513 sec
Iteration 186
Elapsed time for kappa 29.6912 sec
Elapsed time for experts 11.6296 sec
Elapsed time for households 16.3877 sec
Iteration 187
Elapsed time for kappa 30.4338 sec
Elapsed time for experts 11.5904 sec
Elapsed time for households 10.2604 sec
Iteration 188
Elapsed time for kappa 30.1193 sec
Elapsed time for experts 12.5815 sec
Elapsed time for households 12.5111 sec
Iteration 189
Elapsed time for kappa 32.4791 sec
Elapsed time for experts 16.4540 sec
Elapsed time for households 11.7247 sec
Iteration 190
Elapsed time for kappa 29.1418 sec
Elapsed time for experts 14.7779 sec
Elapsed time for households 10.0546 sec
Iteration 191
Elapsed time for kappa 36.1651 sec
Elapsed time for experts 14.0041 sec
Elapsed time for households 10.9228 sec
Iteration 192
Elapsed time for kappa 29.3502 sec
Elapsed time for experts 12.4334 sec
Elapsed time for households 16.7696 sec
Iteration 193
Elapsed time for kappa 30.9992 sec
Elapsed time for experts 15.9450 sec
Elapsed time for households 11.3341 sec
Iteration 194
Elapsed time for kappa 29.9615 sec
Elapsed time for experts 12.2107 sec
Elapsed time for households 10.5912 sec
Iteration 195
Elapsed time for kappa 29.8021 sec
Elapsed time for experts 12.0129 sec
Elapsed time for households 10.2231 sec
Iteration 196
Elapsed time for kappa 29.5103 sec
Elapsed time for experts 12.3804 sec
Elapsed time for households 11.2537 sec
Iteration 197
Elapsed time for kappa 28.9556 sec
Elapsed time for experts 12.2854 sec
Elapsed time for households 9.8318 sec
Iteration 198
Elapsed time for kappa 29.5418 sec
Elapsed time for experts 15.2504 sec
Elapsed time for households 11.6946 sec
Iteration 199
Elapsed time for kappa 38.2939 sec
Elapsed time for experts 13.5198 sec
Elapsed time for households 10.5374 sec
Iteration 200
Elapsed time for kappa 32.1458 sec
Elapsed time for experts 16.6669 sec
Elapsed time for households 14.1116 sec
Iteration 201
Elapsed time for kappa 30.2282 sec
Elapsed time for experts 12.8761 sec
Elapsed time for households 10.4957 sec
Iteration 202
Elapsed time for kappa 29.3732 sec
Elapsed time for experts 11.2221 sec
Elapsed time for households 12.4886 sec
Iteration 203
Elapsed time for kappa 32.3913 sec
Elapsed time for experts 13.1647 sec
Elapsed time for households 11.0959 sec
Iteration 204
Elapsed time for kappa 30.0392 sec
Elapsed time for experts 11.2888 sec
Elapsed time for households 9.8118 sec
Iteration 205
Elapsed time for kappa 40.7218 sec
Elapsed time for experts 13.4018 sec
Elapsed time for households 12.8866 sec
Iteration 206
Elapsed time for kappa 31.8923 sec
Elapsed time for experts 14.5612 sec
Elapsed time for households 11.0970 sec
Iteration 207
Elapsed time for kappa 29.8915 sec
Elapsed time for experts 16.2457 sec
Elapsed time for households 12.9493 sec
Iteration 208
Elapsed time for kappa 30.7424 sec
Elapsed time for experts 15.2612 sec
Elapsed time for households 10.7645 sec
Iteration 209
Elapsed time for kappa 29.4167 sec
Elapsed time for experts 14.6931 sec
Elapsed time for households 12.0075 sec
Iteration 210
Elapsed time for kappa 30.1005 sec
Elapsed time for experts 21.9182 sec
Elapsed time for households 11.2553 sec
Iteration 211
Elapsed time for kappa 30.3748 sec
Elapsed time for experts 13.1626 sec
Elapsed time for households 12.8855 sec
Iteration 212
Elapsed time for kappa 32.5061 sec
Elapsed time for experts 11.7681 sec
Elapsed time for households 13.2481 sec
Iteration 213
Elapsed time for kappa 31.1581 sec
Elapsed time for experts 16.2445 sec
Elapsed time for households 12.0408 sec
Iteration 214
Elapsed time for kappa 30.7516 sec
Elapsed time for experts 11.5246 sec
Elapsed time for households 10.5617 sec
Iteration 215
Elapsed time for kappa 29.4854 sec
Elapsed time for experts 11.3778 sec
Elapsed time for households 10.6534 sec
Iteration 216
Elapsed time for kappa 29.6087 sec
Elapsed time for experts 11.4804 sec
Elapsed time for households 19.8809 sec
Iteration 217
Elapsed time for kappa 30.5131 sec
Elapsed time for experts 12.5858 sec
Elapsed time for households 10.6340 sec
Iteration 218
Elapsed time for kappa 30.1231 sec
Elapsed time for experts 12.6710 sec
Elapsed time for households 10.7690 sec
Iteration 219
Elapsed time for kappa 33.4158 sec
Elapsed time for experts 14.5489 sec
Elapsed time for households 11.7522 sec
Iteration 220
Elapsed time for kappa 31.1291 sec
Elapsed time for experts 14.4872 sec
Elapsed time for households 11.7457 sec
Iteration 221
Elapsed time for kappa 32.0293 sec
Elapsed time for experts 11.6378 sec
Elapsed time for households 10.2673 sec
Iteration 222
Elapsed time for kappa 30.5869 sec
Elapsed time for experts 12.3072 sec
Elapsed time for households 17.4643 sec
Iteration 223
Elapsed time for kappa 31.5117 sec
Elapsed time for experts 14.7598 sec
Elapsed time for households 12.1083 sec
Iteration 224
Elapsed time for kappa 33.1925 sec
Elapsed time for experts 12.0805 sec
Elapsed time for households 10.4141 sec
Iteration 225
Elapsed time for kappa 32.1393 sec
Elapsed time for experts 12.3774 sec
Elapsed time for households 12.5488 sec
Iteration 226
Elapsed time for kappa 31.9231 sec
Elapsed time for experts 12.6229 sec
Elapsed time for households 12.6526 sec
Iteration 227
Elapsed time for kappa 30.5568 sec
Elapsed time for experts 13.0729 sec
Elapsed time for households 12.6169 sec
Iteration 228
Elapsed time for kappa 30.4637 sec
Elapsed time for experts 11.4786 sec
Elapsed time for households 12.2987 sec
Iteration 229
Elapsed time for kappa 39.4739 sec
Elapsed time for experts 16.0918 sec
Elapsed time for households 12.0697 sec
Iteration 230
Elapsed time for kappa 35.0626 sec
Elapsed time for experts 15.6997 sec
Elapsed time for households 11.0746 sec
Iteration 231
Elapsed time for kappa 30.1025 sec
Elapsed time for experts 15.4470 sec
Elapsed time for households 12.8756 sec
Iteration 232
Elapsed time for kappa 29.7364 sec
Elapsed time for experts 12.0332 sec
Elapsed time for households 10.0650 sec
Iteration 233
Elapsed time for kappa 29.1077 sec
Elapsed time for experts 12.2565 sec
Elapsed time for households 12.6211 sec
Iteration 234
Elapsed time for kappa 30.9301 sec
Elapsed time for experts 12.3017 sec
Elapsed time for households 10.2032 sec
Iteration 235
Elapsed time for kappa 37.1911 sec
Elapsed time for experts 12.6063 sec
Elapsed time for households 10.8336 sec
Iteration 236
Elapsed time for kappa 30.5555 sec
Elapsed time for experts 12.3550 sec
Elapsed time for households 10.5950 sec
Iteration 237
Elapsed time for kappa 30.6166 sec
Elapsed time for experts 12.8653 sec
Elapsed time for households 10.4402 sec
Iteration 238
Elapsed time for kappa 30.1074 sec
Elapsed time for experts 12.6015 sec
Elapsed time for households 10.5012 sec
Iteration 239
Elapsed time for kappa 30.0253 sec
Elapsed time for experts 11.8541 sec
Elapsed time for households 10.4120 sec
Iteration 240
Elapsed time for kappa 33.2320 sec
Elapsed time for experts 15.1112 sec
Elapsed time for households 16.9244 sec
Iteration 241
Elapsed time for kappa 30.7164 sec
Elapsed time for experts 12.0874 sec
Elapsed time for households 13.4116 sec
Iteration 242
Elapsed time for kappa 32.2226 sec
Elapsed time for experts 12.1205 sec
Elapsed time for households 10.2052 sec
Iteration 243
Elapsed time for kappa 30.0426 sec
Elapsed time for experts 12.8341 sec
Elapsed time for households 10.2737 sec
Iteration 244
Elapsed time for kappa 29.1142 sec
Elapsed time for experts 15.2127 sec
Elapsed time for households 11.0309 sec
Iteration 245
Elapsed time for kappa 30.3233 sec
Elapsed time for experts 12.6762 sec
Elapsed time for households 10.0351 sec
Iteration 246
Elapsed time for kappa 29.0167 sec
Elapsed time for experts 11.6804 sec
Elapsed time for households 10.5432 sec
Iteration 247
Elapsed time for kappa 37.4970 sec
Elapsed time for experts 13.6846 sec
Elapsed time for households 13.8293 sec
Iteration 248
Elapsed time for kappa 32.7698 sec
Elapsed time for experts 12.4840 sec
Elapsed time for households 13.2713 sec
Iteration 249
Elapsed time for kappa 34.8468 sec
Elapsed time for experts 12.9153 sec
Elapsed time for households 10.4518 sec
Iteration 250
Elapsed time for kappa 33.4512 sec
Elapsed time for experts 13.3987 sec
Elapsed time for households 12.7387 sec
Iteration 251
Elapsed time for kappa 31.6989 sec
Elapsed time for experts 15.4399 sec
Elapsed time for households 10.5949 sec
Iteration 252
Elapsed time for kappa 28.7730 sec
Elapsed time for experts 15.2694 sec
Elapsed time for households 17.5067 sec
Iteration 253
Elapsed time for kappa 30.8518 sec
Elapsed time for experts 12.6449 sec
Elapsed time for households 13.3990 sec
Iteration 254
Elapsed time for kappa 31.3111 sec
Elapsed time for experts 11.6652 sec
Elapsed time for households 10.1894 sec
Iteration 255
Elapsed time for kappa 30.2567 sec
Elapsed time for experts 11.6764 sec
Elapsed time for households 10.7942 sec
Iteration 256
Elapsed time for kappa 30.9425 sec
Elapsed time for experts 15.5704 sec
Elapsed time for households 10.3488 sec
Iteration 257
Elapsed time for kappa 29.3249 sec
Elapsed time for experts 12.2688 sec
Elapsed time for households 11.2267 sec
Iteration 258
Elapsed time for kappa 32.4476 sec
Elapsed time for experts 14.8657 sec
Elapsed time for households 10.7261 sec
Iteration 259
Elapsed time for kappa 40.5853 sec
Elapsed time for experts 14.0837 sec
Elapsed time for households 10.6457 sec
Iteration 260
Elapsed time for kappa 30.4816 sec
Elapsed time for experts 12.3587 sec
Elapsed time for households 10.2729 sec
Iteration 261
Elapsed time for kappa 30.2245 sec
Elapsed time for experts 12.3233 sec
Elapsed time for households 10.7113 sec
Iteration 262
Elapsed time for kappa 30.0303 sec
Elapsed time for experts 15.4016 sec
Elapsed time for households 11.1653 sec
Iteration 263
Elapsed time for kappa 31.2303 sec
Elapsed time for experts 11.8603 sec
Elapsed time for households 12.5658 sec
Iteration 264
Elapsed time for kappa 30.7130 sec
Elapsed time for experts 11.9752 sec
Elapsed time for households 16.7845 sec
Iteration 265
Elapsed time for kappa 35.0616 sec
Elapsed time for experts 12.2782 sec
Elapsed time for households 13.6191 sec
Iteration 266
Elapsed time for kappa 30.6142 sec
Elapsed time for experts 12.3677 sec
Elapsed time for households 10.0040 sec
Iteration 267
Elapsed time for kappa 29.9598 sec
Elapsed time for experts 12.2336 sec
Elapsed time for households 10.2384 sec
Iteration 268
Elapsed time for kappa 29.2545 sec
Elapsed time for experts 12.3061 sec
Elapsed time for households 10.1910 sec
Iteration 269
Elapsed time for kappa 28.6951 sec
Elapsed time for experts 11.9658 sec
Elapsed time for households 10.2824 sec
Iteration 270
Elapsed time for kappa 28.8476 sec
Elapsed time for experts 11.1055 sec
Elapsed time for households 9.8722 sec
Iteration 271
Elapsed time for kappa 37.6407 sec
Elapsed time for experts 12.0015 sec
Elapsed time for households 10.4521 sec
Iteration 272
Elapsed time for kappa 30.2875 sec
Elapsed time for experts 12.4446 sec
Elapsed time for households 10.5153 sec
Iteration 273
Elapsed time for kappa 29.9218 sec
Elapsed time for experts 11.9779 sec
Elapsed time for households 10.2895 sec
Iteration 274
Elapsed time for kappa 29.9186 sec
Elapsed time for experts 12.7355 sec
Elapsed time for households 10.1401 sec
Iteration 275
Elapsed time for kappa 29.2341 sec
Elapsed time for experts 12.2894 sec
Elapsed time for households 9.9594 sec
Iteration 276
Elapsed time for kappa 29.0440 sec
Elapsed time for experts 11.5329 sec
Elapsed time for households 10.0569 sec
Iteration 277
Elapsed time for kappa 36.6306 sec
Elapsed time for experts 11.8282 sec
Elapsed time for households 10.6484 sec
Iteration 278
Elapsed time for kappa 30.0974 sec
Elapsed time for experts 11.5022 sec
Elapsed time for households 10.2965 sec
Iteration 279
Elapsed time for kappa 29.9067 sec
Elapsed time for experts 12.8807 sec
Elapsed time for households 10.4923 sec
Iteration 280
Elapsed time for kappa 29.9494 sec
Elapsed time for experts 13.0771 sec
Elapsed time for households 11.1945 sec
Iteration 281
Elapsed time for kappa 29.2368 sec
Elapsed time for experts 11.8818 sec
Elapsed time for households 10.1439 sec
Iteration 282
Elapsed time for kappa 28.6367 sec
Elapsed time for experts 11.5192 sec
Elapsed time for households 16.1702 sec
Iteration 283
Elapsed time for kappa 30.9027 sec
Elapsed time for experts 12.6221 sec
Elapsed time for households 10.8248 sec
Iteration 284
Elapsed time for kappa 31.6751 sec
Elapsed time for experts 12.3739 sec
Elapsed time for households 10.7521 sec
Iteration 285
Elapsed time for kappa 29.7562 sec
Elapsed time for experts 12.0723 sec
Elapsed time for households 10.5185 sec
Iteration 286
Elapsed time for kappa 29.5316 sec
Elapsed time for experts 12.2002 sec
Elapsed time for households 10.3285 sec
Iteration 287
Elapsed time for kappa 29.1496 sec
Elapsed time for experts 11.6605 sec
Elapsed time for households 9.7974 sec
Iteration 288
Elapsed time for kappa 28.3862 sec
Elapsed time for experts 12.4805 sec
Elapsed time for households 10.1557 sec
Iteration 289
Elapsed time for kappa 37.8941 sec
Elapsed time for experts 13.0023 sec
Elapsed time for households 10.5826 sec
Iteration 290
Elapsed time for kappa 30.1628 sec
Elapsed time for experts 12.7128 sec
Elapsed time for households 10.4536 sec
Iteration 291
Elapsed time for kappa 30.1656 sec
Elapsed time for experts 12.8283 sec
Elapsed time for households 10.4748 sec
Iteration 292
Elapsed time for kappa 29.7958 sec
Elapsed time for experts 12.4693 sec
Elapsed time for households 10.8049 sec
Iteration 293
Elapsed time for kappa 29.5227 sec
Elapsed time for experts 12.2358 sec
Elapsed time for households 10.3964 sec
Iteration 294
Elapsed time for kappa 28.8910 sec
Elapsed time for experts 11.3610 sec
Elapsed time for households 16.6468 sec
Iteration 295
Elapsed time for kappa 30.7702 sec
Elapsed time for experts 11.7855 sec
Elapsed time for households 10.4529 sec
Iteration 296
Elapsed time for kappa 29.9918 sec
Elapsed time for experts 12.8281 sec
Elapsed time for households 10.2962 sec
Iteration 297
Elapsed time for kappa 30.0085 sec
Elapsed time for experts 11.9684 sec
Elapsed time for households 10.6271 sec
Iteration 298
Elapsed time for kappa 29.6453 sec
Elapsed time for experts 11.8449 sec
Elapsed time for households 10.1836 sec
Iteration 299
Elapsed time for kappa 28.9443 sec
Elapsed time for experts 11.7233 sec
Elapsed time for households 9.8259 sec
Elapsed time for training 16832.5165 sec
