Iteration 0
Elapsed time for kappa 119.0613 sec
Elapsed time for experts 43.3245 sec
Elapsed time for households 36.7371 sec
Iteration 1
Elapsed time for kappa 83.1205 sec
Elapsed time for experts 37.3461 sec
Elapsed time for households 35.9333 sec
Iteration 2
Elapsed time for kappa 85.0690 sec
Elapsed time for experts 38.1440 sec
Elapsed time for households 33.4048 sec
Iteration 3
Elapsed time for kappa 84.4362 sec
Elapsed time for experts 36.8028 sec
Elapsed time for households 32.5042 sec
Iteration 4
Elapsed time for kappa 84.4540 sec
Elapsed time for experts 37.0878 sec
Elapsed time for households 32.9324 sec
Iteration 5
Elapsed time for kappa 84.9770 sec
Elapsed time for experts 38.1259 sec
Elapsed time for households 33.4826 sec
Iteration 6
Elapsed time for kappa 82.6354 sec
Elapsed time for experts 37.4804 sec
Elapsed time for households 32.8796 sec
Iteration 7
Elapsed time for kappa 89.6972 sec
Elapsed time for experts 39.2024 sec
Elapsed time for households 33.4349 sec
Iteration 8
Elapsed time for kappa 83.0202 sec
Elapsed time for experts 38.1327 sec
Elapsed time for households 32.9179 sec
Iteration 9
Elapsed time for kappa 82.6786 sec
Elapsed time for experts 37.6697 sec
Elapsed time for households 33.1961 sec
Iteration 10
Elapsed time for kappa 83.5904 sec
Elapsed time for experts 38.0708 sec
Elapsed time for households 33.6729 sec
Iteration 11
Elapsed time for kappa 83.4472 sec
Elapsed time for experts 38.2407 sec
Elapsed time for households 33.3288 sec
Iteration 12
Elapsed time for kappa 84.4272 sec
Elapsed time for experts 37.8775 sec
Elapsed time for households 33.0185 sec
Iteration 13
Elapsed time for kappa 92.0095 sec
Elapsed time for experts 37.9335 sec
Elapsed time for households 33.6021 sec
Iteration 14
Elapsed time for kappa 85.7039 sec
Elapsed time for experts 37.7777 sec
Elapsed time for households 33.6636 sec
Elapsed time for training 2387.1196 sec
