2022-10-02 23:00:16.310366: I tensorflow/core/platform/cpu_feature_guard.cc:193] This TensorFlow binary is optimized with oneAPI Deep Neural Network Library (oneDNN) to use the following CPU instructions in performance-critical operations:  AVX2 AVX512F AVX512_VNNI FMA
To enable them in other operations, rebuild TensorFlow with the appropriate compiler flags.
2022-10-02 23:00:16.470188: I tensorflow/core/util/util.cc:169] oneDNN custom operations are on. You may see slightly different numerical results due to floating-point round-off errors from different computation orders. To turn them off, set the environment variable `TF_ENABLE_ONEDNN_OPTS=0`.
2022-10-02 23:00:16.476453: W tensorflow/stream_executor/platform/default/dso_loader.cc:64] Could not load dynamic library 'libcudart.so.11.0'; dlerror: libcudart.so.11.0: cannot open shared object file: No such file or directory; LD_LIBRARY_PATH: /software/python-anaconda-2022.05-el8-x86_64/lib:/software/cudnn-8.3.1-el8-x86_64/lib64
2022-10-02 23:00:16.476484: I tensorflow/stream_executor/cuda/cudart_stub.cc:29] Ignore above cudart dlerror if you do not have a GPU set up on your machine.
2022-10-02 23:00:16.504792: E tensorflow/stream_executor/cuda/cuda_blas.cc:2981] Unable to register cuBLAS factory: Attempting to register factory for plugin cuBLAS when one has already been registered
2022-10-02 23:00:17.255433: W tensorflow/stream_executor/platform/default/dso_loader.cc:64] Could not load dynamic library 'libnvinfer.so.7'; dlerror: libnvinfer.so.7: cannot open shared object file: No such file or directory; LD_LIBRARY_PATH: /software/python-anaconda-2022.05-el8-x86_64/lib:/software/cudnn-8.3.1-el8-x86_64/lib64
2022-10-02 23:00:17.255543: W tensorflow/stream_executor/platform/default/dso_loader.cc:64] Could not load dynamic library 'libnvinfer_plugin.so.7'; dlerror: libnvinfer_plugin.so.7: cannot open shared object file: No such file or directory; LD_LIBRARY_PATH: /software/python-anaconda-2022.05-el8-x86_64/lib:/software/cudnn-8.3.1-el8-x86_64/lib64
2022-10-02 23:00:17.255556: W tensorflow/compiler/tf2tensorrt/utils/py_utils.cc:38] TF-TRT Warning: Cannot dlopen some TensorRT libraries. If you would like to use Nvidia GPU with TensorRT, please make sure the missing libraries mentioned above are installed properly.
2022-10-02 23:00:20.132652: W tensorflow/stream_executor/platform/default/dso_loader.cc:64] Could not load dynamic library 'libcuda.so.1'; dlerror: libcuda.so.1: cannot open shared object file: No such file or directory; LD_LIBRARY_PATH: /software/python-anaconda-2022.05-el8-x86_64/lib:/software/cudnn-8.3.1-el8-x86_64/lib64
2022-10-02 23:00:20.132691: W tensorflow/stream_executor/cuda/cuda_driver.cc:263] failed call to cuInit: UNKNOWN ERROR (303)
2022-10-02 23:00:20.132712: I tensorflow/stream_executor/cuda/cuda_diagnostics.cc:156] kernel driver does not appear to be running on this host (midway3-0105.rcc.local): /proc/driver/nvidia/version does not exist
2022-10-02 23:00:20.133085: I tensorflow/core/platform/cpu_feature_guard.cc:193] This TensorFlow binary is optimized with oneAPI Deep Neural Network Library (oneDNN) to use the following CPU instructions in performance-critical operations:  AVX2 AVX512F AVX512_VNNI FMA
To enable them in other operations, rebuild TensorFlow with the appropriate compiler flags.
2022-10-02 23:00:58.850361: W tensorflow/core/common_runtime/forward_type_inference.cc:332] Type inference failed. This indicates an invalid graph that escaped type checking. Error message: INVALID_ARGUMENT: expected compatible input types, but input 1:
type_id: TFT_OPTIONAL
args {
  type_id: TFT_PRODUCT
  args {
    type_id: TFT_TENSOR
    args {
      type_id: TFT_BOOL
    }
  }
}
 is neither a subtype nor a supertype of the combined inputs preceding it:
type_id: TFT_OPTIONAL
args {
  type_id: TFT_PRODUCT
  args {
    type_id: TFT_TENSOR
    args {
      type_id: TFT_DOUBLE
    }
  }
}

	while inferring type of node 'StatefulPartitionedCall_1/StatefulPartitionedCall/cond_1_259/output/_29750'
Iter: 1 loss: 0.081536498627010193
Iter: 2 loss: 0.006264516312252208
Iter: 3 loss: 0.0062279667216190377
Iter: 4 loss: 0.0060730836371884166
Iter: 5 loss: 0.0053173378548893417
Iter: 6 loss: 0.003398589332052148
Iter: 7 loss: 0.0039440626856722229
Iter: 8 loss: 0.0028638855590692527
Iter: 9 loss: 0.0047211863508444842
Iter: 10 loss: 0.002822256972548844
Iter: 11 loss: 0.00198910217255011
Iter: 12 loss: 0.0065989556521002827
Iter: 13 loss: 0.001593781200632706
Iter: 14 loss: 0.0018300652461335845
Iter: 15 loss: 0.0013175721741463691
Iter: 16 loss: 0.0072375738900516337
Iter: 17 loss: 0.0019248130202448991
Iter: 18 loss: 0.0012795905098570619
Iter: 19 loss: 0.0009178565685308243
Iter: 20 loss: 0.00088300267417777667
Iter: 21 loss: 0.000703304870421264
Iter: 22 loss: 0.00063743133814712731
Iter: 23 loss: 0.00056073446383955554
Iter: 24 loss: 0.00048771292805614724
Iter: 25 loss: 0.00022181946527704714
Iter: 26 loss: 0.00016691024715464971
Iter: 27 loss: 0.0001592891052872556
Iter: 28 loss: 0.00015490131505712512
Iter: 29 loss: 0.00014995029040543916
Iter: 30 loss: 0.00014615197153833407
Iter: 31 loss: 0.00013346921977615473
Iter: 32 loss: 0.00012041559576664944
Iter: 33 loss: 0.00011578900186289811
Iter: 34 loss: 0.00011135808946416829
Iter: 35 loss: 0.00010884442522242718
Iter: 36 loss: 0.00010511382671279308
Iter: 37 loss: 9.9472473076533783e-05
Iter: 38 loss: 8.9309949574228434e-05
Iter: 39 loss: 0.0002208331498261365
Iter: 40 loss: 6.8750233259403835e-05
Iter: 41 loss: 6.6773488301512918e-05
Iter: 42 loss: 6.0977527326502759e-05
Iter: 43 loss: 5.5932023429072863e-05
Iter: 44 loss: 5.0710920430065093e-05
Iter: 45 loss: 4.9612192891338954e-05
Iter: 46 loss: 4.791211642343924e-05
3675.7839419120382
Iter: 1 loss: 8.3171291348146763
16856.067038102708
Iter: 2 loss: 560.04488253179375
-20210.445144772064
Iter: 3 loss: 1639.8453788838833
2870.123167667638
Iter: 4 loss: 2.6793570903180441
-1699.3830654836638
Iter: 5 loss: 65.191865075936676
2273.2065094153568
Iter: 6 loss: 1.064169115616326
2138.1943906064535
Iter: 7 loss: 0.9945297544851267
2090.0680178228531
Iter: 8 loss: 0.9116447234670807
1901.829433208052
Iter: 9 loss: 0.66507128870844379
1722.0956761577754
Iter: 10 loss: 0.33881922156735483
1651.3907060543575
Iter: 11 loss: 0.25166579015170154
1593.7746229539098
Iter: 12 loss: 0.21942252332502754
1551.3436906657512
Iter: 13 loss: 0.20974488214115672
1492.7996889860237
Iter: 14 loss: 0.20017102916170587
1382.8425732719365
Iter: 15 loss: 0.1833866875970967
1224.4557101616228
Iter: 16 loss: 0.15779039608223092
991.86953864291013
Iter: 17 loss: 0.11698044079086251
885.89418931811861
Iter: 18 loss: 0.10745485816517251
860.10153597426142
Iter: 19 loss: 0.10603373131717261
798.11446358555543
Iter: 20 loss: 0.10292575840718264
731.66562300112628
Iter: 21 loss: 0.099835262300019711
640.99438762972068
Iter: 22 loss: 0.095424972846876788
557.90906095471109
Iter: 23 loss: 0.090395984629964635
519.14147620550727
Iter: 24 loss: 0.086274395755272973
533.91460596675586
Iter: 25 loss: 0.084998896555504883
558.93222789464176
Iter: 26 loss: 0.0844108583612215
584.72926209782145
Iter: 27 loss: 0.083297954556923653
569.25994135645965
Iter: 28 loss: 0.075853239463958486
489.84538977568423
Iter: 29 loss: 0.068746332313209174
438.85312327050508
Iter: 30 loss: 0.066590269699877386
410.78856199159503
Iter: 31 loss: 0.0656326156179356
404.44783266355057
Iter: 32 loss: 0.065340209913023028
405.951172382836
Iter: 33 loss: 0.065089581086121187
412.6819791420005
Iter: 34 loss: 0.0647494534365656
421.14158124236553
Iter: 35 loss: 0.064202817784895713
760.25236689740279
Iter: 1 loss: 2.2657428128011925
13765.849698316981
Iter: 2 loss: 405.56078169561243
258.04817711902751
Iter: 3 loss: 0.76032835594348813
123.85191898830954
Iter: 4 loss: 0.57602118401815328
-321.6515995520698
Iter: 5 loss: 0.18677539525400144
-512.84400423249053
Iter: 6 loss: 0.1060281563169985
-579.7630925395672
Iter: 7 loss: 0.091349297635326648
-502.00998498592412
Iter: 8 loss: 0.080782494237296609
-31.627828704951234
Iter: 9 loss: 0.046395178598254441
23.029478440444983
Iter: 10 loss: 0.030342198227018995
48.652645365331821
Iter: 11 loss: 0.027413804393093009
51.924562921413724
Iter: 12 loss: 0.025703416773921888
-22.78783399562197
Iter: 13 loss: 0.018930630918705241
-63.98266892835521
Iter: 14 loss: 0.01773262744251837
-108.00959369959493
Iter: 15 loss: 0.016541603761199154
-143.72170710048266
Iter: 16 loss: 0.014538573371871831
-153.5186011318896
Iter: 17 loss: 0.010541154161877593
-118.87139622846834
Iter: 18 loss: 0.00784933753962122
-86.047003640128125
Iter: 19 loss: 0.0071601439571466769
-74.942222713442249
Iter: 20 loss: 0.006919892448478392
-57.849944774747954
Iter: 21 loss: 0.006315776732412186
-50.4464482197173
Iter: 22 loss: 0.0054789056484509935
-70.524958132635476
Iter: 23 loss: 0.0046116611160985184
-78.565087641937851
Iter: 24 loss: 0.0041784168409087254
-105.5475160427149
Iter: 25 loss: 0.0039088558935847454
-103.74399019436271
Iter: 26 loss: 0.00381269863988715
-93.362248653832978
Iter: 27 loss: 0.0036146585326993033
-80.01018216831504
Iter: 28 loss: 0.003310293797769323
-66.573004859971633
Iter: 29 loss: 0.0028807298497741836
-54.57529840843285
Iter: 30 loss: 0.0027222335494206254
-45.21022342737637
Iter: 31 loss: 0.0025971795133791567
-40.779208003073364
Iter: 32 loss: 0.00249983889060729
Iter: 1 loss: 6.4883043529493034e-05
Iter: 2 loss: 0.26294332678777366
Iter: 3 loss: 6.2212347351499309e-05
Iter: 4 loss: 6.12973143788068e-05
469.869906148367
Iter: 1 loss: 0.097940187821755814
8546.7100729280864
Iter: 2 loss: 398.54673761336721
319.73015878758366
Iter: 3 loss: 0.17188305867853967
454.29803585108442
Iter: 4 loss: 0.096884347613360913
453.84605158275372
Iter: 5 loss: 0.096858961943534411
452.03825790882053
Iter: 6 loss: 0.096780568634332043
450.2718942786945
Iter: 7 loss: 0.0964857973411058
451.25803422311679
Iter: 8 loss: 0.095799632293601861
459.40868954231024
Iter: 9 loss: 0.095204571637039992
480.16874301561029
Iter: 10 loss: 0.09429609800761464
518.88781908167573
Iter: 11 loss: 0.093138634690627622
561.03714800960938
Iter: 12 loss: 0.092039839769929674
619.89762212151686
Iter: 13 loss: 0.0905353867745668
664.66037956497075
Iter: 14 loss: 0.089197833976070812
671.61515890783335
Iter: 15 loss: 0.0887271019365133
664.94280116865207
Iter: 16 loss: 0.088670809483003793
660.45198955064222
Iter: 17 loss: 0.08864000832056329
652.93360466700415
Iter: 18 loss: 0.088553605871128288
644.47716086010371
Iter: 19 loss: 0.088363070806487282
639.74606895916361
Iter: 20 loss: 0.087997780413031051
646.35482656699571
Iter: 21 loss: 0.087450275468192423
657.68037406179087
Iter: 22 loss: 0.08638702282972982
682.53575070105467
Iter: 23 loss: 0.08458241558602797
693.12975899944217
Iter: 24 loss: 0.083613099295622828
685.527907837418
Iter: 25 loss: 0.083043707324268551
661.25212680789707
Iter: 26 loss: 0.082239274131650081
611.89538158260086
Iter: 27 loss: 0.081092308899907331
596.180548088915
Iter: 28 loss: 0.080598588445339223
593.18645227949537
Iter: 29 loss: 0.079983615430309851
603.88042316693236
Iter: 30 loss: 0.079765272082823385
612.99465345070257
Iter: 31 loss: 0.079714017258071979
617.757593609113
Iter: 32 loss: 0.079690203094909762
624.88561830586241
Iter: 33 loss: 0.079636039379576515
633.40838017485646
Iter: 34 loss: 0.0795172660447547
-53.58323420916669
Iter: 1 loss: 0.0026824501256427903
1148.1236274673684
Iter: 2 loss: 19.605297608861633
676.60642931092514
Iter: 3 loss: 1.1566937350821218
-31.960959190686133
Iter: 4 loss: 0.0025259302311426892
-42.440439671325322
Iter: 5 loss: 0.0023458022070017115
-46.8939718644402
Iter: 6 loss: 0.0022928093631395855
-59.309836800054875
Iter: 7 loss: 0.0021372916337129644
-62.722048980076472
Iter: 8 loss: 0.0021254601400485492
-59.3023211224
Iter: 9 loss: 0.0020648897877344613
-55.426112938691574
Iter: 10 loss: 0.0020510812545918022
-49.840645433404205
Iter: 11 loss: 0.0020354693125197946
-42.343109810942082
Iter: 12 loss: 0.0020156669484579781
-37.54968127445742
Iter: 13 loss: 0.0019863746321366325
-33.03857831513934
Iter: 14 loss: 0.0019251792376306237
-34.138041654861212
Iter: 15 loss: 0.0018614900407655994
-41.303350617989715
Iter: 16 loss: 0.0017869570521547842
-47.99503867706219
Iter: 17 loss: 0.0017361065416790929
-55.875826655756889
Iter: 18 loss: 0.0016961250173287709
-58.785325371667561
Iter: 19 loss: 0.0016548234593824073
-57.560210117072707
Iter: 20 loss: 0.0015880244750242757
-53.36897815042186
Iter: 21 loss: 0.0015216393688742235
-44.588897665537175
Iter: 22 loss: 0.0014816342634091019
-37.145958198353192
Iter: 23 loss: 0.0014546799052892207
-32.363330347569047
Iter: 24 loss: 0.0014285393318843999
-26.053002109355752
Iter: 25 loss: 0.0013677273345062584
-24.29108548945657
Iter: 26 loss: 0.0012871832851783088
-26.115765757788502
Iter: 27 loss: 0.001120493203703384
-31.806688648275465
Iter: 28 loss: 0.000995195966783021
-34.488285432993422
Iter: 29 loss: 0.00093753288609482049
-37.914061337346411
Iter: 30 loss: 0.00092934450222461034
-40.917269915728667
Iter: 31 loss: 0.00091720782273710182
-43.178706780858008
Iter: 32 loss: 0.00089420950252262722
-43.983608368535386
Iter: 33 loss: 0.00085189720353846018
