Iteration 0
Elapsed time for kappa 222.4917 sec
Elapsed time for experts 82.8112 sec
Elapsed time for households 66.9302 sec
Iteration 1
Elapsed time for kappa 201.6730 sec
Elapsed time for experts 77.3886 sec
Elapsed time for households 69.0523 sec
Iteration 2
Elapsed time for kappa 192.9680 sec
Elapsed time for experts 86.7301 sec
Elapsed time for households 72.0539 sec
Iteration 3
Elapsed time for kappa 178.3855 sec
Elapsed time for experts 91.7001 sec
Elapsed time for households 79.7870 sec
Iteration 4
Elapsed time for kappa 185.0266 sec
Elapsed time for experts 68.7608 sec
Elapsed time for households 78.8370 sec
Iteration 5
Elapsed time for kappa 171.9527 sec
Elapsed time for experts 71.6502 sec
Elapsed time for households 79.6569 sec
Iteration 6
Elapsed time for kappa 188.2416 sec
Elapsed time for experts 70.6093 sec
Elapsed time for households 75.0787 sec
Iteration 7
Elapsed time for kappa 191.8761 sec
Elapsed time for experts 61.0971 sec
Elapsed time for households 75.7684 sec
Iteration 8
Elapsed time for kappa 168.5204 sec
Elapsed time for experts 77.4057 sec
Elapsed time for households 69.8150 sec
Iteration 9
Elapsed time for kappa 195.5620 sec
Elapsed time for experts 78.3671 sec
Elapsed time for households 69.1488 sec
Iteration 10
Elapsed time for kappa 194.7828 sec
Elapsed time for experts 79.1057 sec
Elapsed time for households 71.7850 sec
Iteration 11
Elapsed time for kappa 182.9036 sec
Elapsed time for experts 92.4415 sec
Elapsed time for households 78.6138 sec
Iteration 12
Elapsed time for kappa 178.9183 sec
Elapsed time for experts 91.8992 sec
Elapsed time for households 77.9411 sec
Iteration 13
Elapsed time for kappa 181.2995 sec
Elapsed time for experts 77.7958 sec
Elapsed time for households 73.4792 sec
Iteration 14
Elapsed time for kappa 164.4793 sec
Elapsed time for experts 79.0069 sec
Elapsed time for households 63.3357 sec
Elapsed time for training 5088.0243 sec
