Iteration 0
Elapsed time for kappa 79.5902 sec
Elapsed time for experts 25.0779 sec
Elapsed time for households 18.7474 sec
Iteration 1
Elapsed time for kappa 35.5126 sec
Elapsed time for experts 17.5516 sec
Elapsed time for households 17.5616 sec
Iteration 2
Elapsed time for kappa 39.1096 sec
Elapsed time for experts 16.4941 sec
Elapsed time for households 16.1855 sec
Iteration 3
Elapsed time for kappa 34.9264 sec
Elapsed time for experts 19.3011 sec
Elapsed time for households 15.5586 sec
Iteration 4
Elapsed time for kappa 33.1881 sec
Elapsed time for experts 13.5128 sec
Elapsed time for households 15.9333 sec
Iteration 5
Elapsed time for kappa 33.5549 sec
Elapsed time for experts 12.7560 sec
Elapsed time for households 16.2536 sec
Iteration 6
Elapsed time for kappa 34.4087 sec
Elapsed time for experts 17.1827 sec
Elapsed time for households 15.7275 sec
Iteration 7
Elapsed time for kappa 34.8987 sec
Elapsed time for experts 17.6785 sec
Elapsed time for households 21.5655 sec
Iteration 8
Elapsed time for kappa 33.8958 sec
Elapsed time for experts 14.9993 sec
Elapsed time for households 15.6050 sec
Iteration 9
Elapsed time for kappa 33.9017 sec
Elapsed time for experts 13.9220 sec
Elapsed time for households 17.1473 sec
Iteration 10
Elapsed time for kappa 34.7108 sec
Elapsed time for experts 12.5542 sec
Elapsed time for households 15.5169 sec
Iteration 11
Elapsed time for kappa 33.8431 sec
Elapsed time for experts 12.3085 sec
Elapsed time for households 11.2284 sec
Iteration 12
Elapsed time for kappa 33.0440 sec
Elapsed time for experts 13.4803 sec
Elapsed time for households 16.4556 sec
Iteration 13
Elapsed time for kappa 33.8048 sec
Elapsed time for experts 11.9831 sec
Elapsed time for households 18.0669 sec
Iteration 14
Elapsed time for kappa 33.6198 sec
Elapsed time for experts 12.8481 sec
Elapsed time for households 11.7468 sec
Iteration 15
Elapsed time for kappa 37.8524 sec
Elapsed time for experts 15.2141 sec
Elapsed time for households 10.9483 sec
Iteration 16
Elapsed time for kappa 33.1333 sec
Elapsed time for experts 12.4635 sec
Elapsed time for households 11.0813 sec
Iteration 17
Elapsed time for kappa 33.4626 sec
Elapsed time for experts 13.3506 sec
Elapsed time for households 11.3133 sec
Iteration 18
Elapsed time for kappa 32.6085 sec
Elapsed time for experts 12.7767 sec
Elapsed time for households 11.4577 sec
Iteration 19
Elapsed time for kappa 33.3997 sec
Elapsed time for experts 19.1496 sec
Elapsed time for households 11.7955 sec
Iteration 20
Elapsed time for kappa 34.9925 sec
Elapsed time for experts 12.8285 sec
Elapsed time for households 11.5921 sec
Iteration 21
Elapsed time for kappa 34.5700 sec
Elapsed time for experts 12.3152 sec
Elapsed time for households 10.9756 sec
Iteration 22
Elapsed time for kappa 32.7726 sec
Elapsed time for experts 12.3268 sec
Elapsed time for households 11.3534 sec
Iteration 23
Elapsed time for kappa 32.8575 sec
Elapsed time for experts 13.2049 sec
Elapsed time for households 11.1683 sec
Iteration 24
Elapsed time for kappa 33.7775 sec
Elapsed time for experts 12.4860 sec
Elapsed time for households 10.9178 sec
Iteration 25
Elapsed time for kappa 33.2415 sec
Elapsed time for experts 20.4588 sec
Elapsed time for households 11.5814 sec
Iteration 26
Elapsed time for kappa 33.6537 sec
Elapsed time for experts 12.6538 sec
Elapsed time for households 11.2032 sec
Iteration 27
Elapsed time for kappa 35.1936 sec
Elapsed time for experts 12.1465 sec
Elapsed time for households 10.6781 sec
Iteration 28
Elapsed time for kappa 34.2323 sec
Elapsed time for experts 13.3079 sec
Elapsed time for households 10.6610 sec
Iteration 29
Elapsed time for kappa 34.0499 sec
Elapsed time for experts 12.2647 sec
Elapsed time for households 10.9622 sec
Iteration 30
Elapsed time for kappa 33.0912 sec
Elapsed time for experts 12.9123 sec
Elapsed time for households 11.1897 sec
Iteration 31
Elapsed time for kappa 33.8847 sec
Elapsed time for experts 20.5539 sec
Elapsed time for households 11.8388 sec
Iteration 32
Elapsed time for kappa 35.6895 sec
Elapsed time for experts 13.9751 sec
Elapsed time for households 11.9379 sec
Iteration 33
Elapsed time for kappa 33.8908 sec
Elapsed time for experts 13.1804 sec
Elapsed time for households 11.4883 sec
Iteration 34
Elapsed time for kappa 34.1421 sec
Elapsed time for experts 12.8903 sec
Elapsed time for households 11.3435 sec
Iteration 35
Elapsed time for kappa 32.8796 sec
Elapsed time for experts 12.2386 sec
Elapsed time for households 10.7879 sec
Iteration 36
Elapsed time for kappa 33.1003 sec
Elapsed time for experts 11.9570 sec
Elapsed time for households 11.2926 sec
Iteration 37
Elapsed time for kappa 41.6519 sec
Elapsed time for experts 13.4289 sec
Elapsed time for households 11.2750 sec
Iteration 38
Elapsed time for kappa 33.9853 sec
Elapsed time for experts 13.3914 sec
Elapsed time for households 10.8543 sec
Iteration 39
Elapsed time for kappa 33.2430 sec
Elapsed time for experts 12.4581 sec
Elapsed time for households 11.0945 sec
Iteration 40
Elapsed time for kappa 33.4671 sec
Elapsed time for experts 12.7709 sec
Elapsed time for households 10.6002 sec
Iteration 41
Elapsed time for kappa 32.8788 sec
Elapsed time for experts 14.4816 sec
Elapsed time for households 11.7672 sec
Iteration 42
Elapsed time for kappa 34.2211 sec
Elapsed time for experts 12.9853 sec
Elapsed time for households 12.0878 sec
Iteration 43
Elapsed time for kappa 45.0970 sec
Elapsed time for experts 14.6980 sec
Elapsed time for households 12.3811 sec
Iteration 44
Elapsed time for kappa 39.0012 sec
Elapsed time for experts 12.9297 sec
Elapsed time for households 14.9452 sec
Iteration 45
Elapsed time for kappa 34.0450 sec
Elapsed time for experts 12.7623 sec
Elapsed time for households 11.4959 sec
Iteration 46
Elapsed time for kappa 33.3020 sec
Elapsed time for experts 13.2206 sec
Elapsed time for households 11.8068 sec
Iteration 47
Elapsed time for kappa 33.6014 sec
Elapsed time for experts 12.6625 sec
Elapsed time for households 11.7596 sec
Iteration 48
Elapsed time for kappa 33.9572 sec
Elapsed time for experts 13.7602 sec
Elapsed time for households 10.9368 sec
Iteration 49
Elapsed time for kappa 42.2401 sec
Elapsed time for experts 12.9442 sec
Elapsed time for households 11.3683 sec
Iteration 50
Elapsed time for kappa 34.0860 sec
Elapsed time for experts 12.1994 sec
Elapsed time for households 10.9320 sec
Iteration 51
Elapsed time for kappa 34.3072 sec
Elapsed time for experts 13.8617 sec
Elapsed time for households 11.7072 sec
Iteration 52
Elapsed time for kappa 34.7772 sec
Elapsed time for experts 12.9884 sec
Elapsed time for households 12.4207 sec
Iteration 53
Elapsed time for kappa 36.3687 sec
Elapsed time for experts 13.7434 sec
Elapsed time for households 10.6630 sec
Iteration 54
Elapsed time for kappa 35.0836 sec
Elapsed time for experts 12.6585 sec
Elapsed time for households 11.4125 sec
Iteration 55
Elapsed time for kappa 42.6514 sec
Elapsed time for experts 14.1825 sec
Elapsed time for households 11.4146 sec
Iteration 56
Elapsed time for kappa 36.1114 sec
Elapsed time for experts 12.4807 sec
Elapsed time for households 10.9373 sec
Iteration 57
Elapsed time for kappa 34.0961 sec
Elapsed time for experts 12.6598 sec
Elapsed time for households 11.0907 sec
Iteration 58
Elapsed time for kappa 33.4891 sec
Elapsed time for experts 14.8393 sec
Elapsed time for households 11.0275 sec
Iteration 59
Elapsed time for kappa 32.8010 sec
Elapsed time for experts 12.6691 sec
Elapsed time for households 11.1456 sec
Iteration 60
Elapsed time for kappa 33.4301 sec
Elapsed time for experts 12.6733 sec
Elapsed time for households 11.3610 sec
Iteration 61
Elapsed time for kappa 43.5502 sec
Elapsed time for experts 13.9426 sec
Elapsed time for households 12.4604 sec
Iteration 62
Elapsed time for kappa 34.2482 sec
Elapsed time for experts 12.4245 sec
Elapsed time for households 10.9743 sec
Iteration 63
Elapsed time for kappa 34.1444 sec
Elapsed time for experts 12.9019 sec
Elapsed time for households 11.7103 sec
Iteration 64
Elapsed time for kappa 35.1740 sec
Elapsed time for experts 13.2653 sec
Elapsed time for households 11.2725 sec
Iteration 65
Elapsed time for kappa 33.8578 sec
Elapsed time for experts 12.6121 sec
Elapsed time for households 11.9717 sec
Iteration 66
Elapsed time for kappa 34.6205 sec
Elapsed time for experts 12.9787 sec
Elapsed time for households 11.7970 sec
Iteration 67
Elapsed time for kappa 42.8681 sec
Elapsed time for experts 13.1860 sec
Elapsed time for households 17.9555 sec
Iteration 68
Elapsed time for kappa 35.1131 sec
Elapsed time for experts 12.8919 sec
Elapsed time for households 11.2351 sec
Iteration 69
Elapsed time for kappa 36.0883 sec
Elapsed time for experts 14.1216 sec
Elapsed time for households 11.9246 sec
Iteration 70
Elapsed time for kappa 35.4778 sec
Elapsed time for experts 12.2820 sec
Elapsed time for households 10.8812 sec
Iteration 71
Elapsed time for kappa 33.6202 sec
Elapsed time for experts 13.2656 sec
Elapsed time for households 11.2432 sec
Iteration 72
Elapsed time for kappa 32.8202 sec
Elapsed time for experts 12.2881 sec
Elapsed time for households 18.1455 sec
Iteration 73
Elapsed time for kappa 35.3955 sec
Elapsed time for experts 13.1337 sec
Elapsed time for households 11.8746 sec
Iteration 74
Elapsed time for kappa 34.3019 sec
Elapsed time for experts 12.8082 sec
Elapsed time for households 11.3545 sec
Iteration 75
Elapsed time for kappa 35.2977 sec
Elapsed time for experts 12.9967 sec
Elapsed time for households 11.5334 sec
Iteration 76
Elapsed time for kappa 34.2309 sec
Elapsed time for experts 13.3236 sec
Elapsed time for households 12.7772 sec
Iteration 77
Elapsed time for kappa 33.4231 sec
Elapsed time for experts 12.3636 sec
Elapsed time for households 11.2234 sec
Iteration 78
Elapsed time for kappa 32.8030 sec
Elapsed time for experts 12.7719 sec
Elapsed time for households 19.3134 sec
Iteration 79
Elapsed time for kappa 35.7643 sec
Elapsed time for experts 14.5594 sec
Elapsed time for households 12.1565 sec
Iteration 80
Elapsed time for kappa 35.2279 sec
Elapsed time for experts 12.5146 sec
Elapsed time for households 11.3452 sec
Iteration 81
Elapsed time for kappa 34.3251 sec
Elapsed time for experts 13.4408 sec
Elapsed time for households 11.5891 sec
Iteration 82
Elapsed time for kappa 34.4047 sec
Elapsed time for experts 13.5852 sec
Elapsed time for households 10.8916 sec
Iteration 83
Elapsed time for kappa 33.7403 sec
Elapsed time for experts 13.5155 sec
Elapsed time for households 10.9080 sec
Iteration 84
Elapsed time for kappa 32.7685 sec
Elapsed time for experts 20.7946 sec
Elapsed time for households 12.8224 sec
Iteration 85
Elapsed time for kappa 35.0687 sec
Elapsed time for experts 14.0062 sec
Elapsed time for households 12.8198 sec
Iteration 86
Elapsed time for kappa 36.0556 sec
Elapsed time for experts 13.6013 sec
Elapsed time for households 11.2500 sec
Iteration 87
Elapsed time for kappa 34.9060 sec
Elapsed time for experts 13.0166 sec
Elapsed time for households 10.7924 sec
Iteration 88
Elapsed time for kappa 34.6028 sec
Elapsed time for experts 12.6791 sec
Elapsed time for households 10.6595 sec
Iteration 89
Elapsed time for kappa 33.9457 sec
Elapsed time for experts 12.3700 sec
Elapsed time for households 10.7899 sec
Iteration 90
Elapsed time for kappa 33.0048 sec
Elapsed time for experts 22.3489 sec
Elapsed time for households 12.4718 sec
Iteration 91
Elapsed time for kappa 35.1863 sec
Elapsed time for experts 14.2410 sec
Elapsed time for households 11.6191 sec
Iteration 92
Elapsed time for kappa 34.6359 sec
Elapsed time for experts 12.6914 sec
Elapsed time for households 11.9983 sec
Iteration 93
Elapsed time for kappa 34.8556 sec
Elapsed time for experts 13.2094 sec
Elapsed time for households 11.5600 sec
Iteration 94
Elapsed time for kappa 34.6512 sec
Elapsed time for experts 12.5069 sec
Elapsed time for households 10.7688 sec
Iteration 95
Elapsed time for kappa 33.1038 sec
Elapsed time for experts 12.0827 sec
Elapsed time for households 10.5584 sec
Iteration 96
Elapsed time for kappa 33.3185 sec
Elapsed time for experts 20.2993 sec
Elapsed time for households 11.8358 sec
Iteration 97
Elapsed time for kappa 35.5949 sec
Elapsed time for experts 14.8394 sec
Elapsed time for households 11.7683 sec
Iteration 98
Elapsed time for kappa 34.7788 sec
Elapsed time for experts 13.7583 sec
Elapsed time for households 12.3673 sec
Iteration 99
Elapsed time for kappa 35.4028 sec
Elapsed time for experts 12.4866 sec
Elapsed time for households 11.5087 sec
Iteration 100
Elapsed time for kappa 33.1613 sec
Elapsed time for experts 12.1965 sec
Elapsed time for households 11.3028 sec
Iteration 101
Elapsed time for kappa 33.8403 sec
Elapsed time for experts 13.2530 sec
Elapsed time for households 11.3954 sec
Iteration 102
Elapsed time for kappa 45.4419 sec
Elapsed time for experts 13.4696 sec
Elapsed time for households 12.4817 sec
Iteration 103
Elapsed time for kappa 36.7544 sec
Elapsed time for experts 14.2608 sec
Elapsed time for households 11.8923 sec
Iteration 104
Elapsed time for kappa 35.9698 sec
Elapsed time for experts 13.3543 sec
Elapsed time for households 11.2140 sec
Iteration 105
Elapsed time for kappa 33.4151 sec
Elapsed time for experts 14.8621 sec
Elapsed time for households 11.6562 sec
Iteration 106
Elapsed time for kappa 34.2519 sec
Elapsed time for experts 14.1740 sec
Elapsed time for households 11.1486 sec
Iteration 107
Elapsed time for kappa 36.3569 sec
Elapsed time for experts 13.5481 sec
Elapsed time for households 12.6870 sec
Iteration 108
Elapsed time for kappa 44.8311 sec
Elapsed time for experts 13.8470 sec
Elapsed time for households 11.4873 sec
Iteration 109
Elapsed time for kappa 34.9521 sec
Elapsed time for experts 12.8236 sec
Elapsed time for households 11.3448 sec
Iteration 110
Elapsed time for kappa 34.8270 sec
Elapsed time for experts 12.7030 sec
Elapsed time for households 11.0453 sec
Iteration 111
Elapsed time for kappa 34.2431 sec
Elapsed time for experts 12.6827 sec
Elapsed time for households 11.0340 sec
Iteration 112
Elapsed time for kappa 34.1316 sec
Elapsed time for experts 12.4760 sec
Elapsed time for households 11.0440 sec
Iteration 113
Elapsed time for kappa 33.0394 sec
Elapsed time for experts 12.6534 sec
Elapsed time for households 10.6963 sec
Iteration 114
Elapsed time for kappa 45.4986 sec
Elapsed time for experts 13.9334 sec
Elapsed time for households 12.3446 sec
Iteration 115
Elapsed time for kappa 36.3758 sec
Elapsed time for experts 14.3062 sec
Elapsed time for households 12.9826 sec
Iteration 116
Elapsed time for kappa 37.2975 sec
Elapsed time for experts 14.3982 sec
Elapsed time for households 12.0213 sec
Iteration 117
Elapsed time for kappa 34.5525 sec
Elapsed time for experts 12.3939 sec
Elapsed time for households 12.4831 sec
Iteration 118
Elapsed time for kappa 37.0104 sec
Elapsed time for experts 14.1145 sec
Elapsed time for households 11.9756 sec
Iteration 119
Elapsed time for kappa 36.9274 sec
Elapsed time for experts 14.1790 sec
Elapsed time for households 10.8419 sec
Iteration 120
Elapsed time for kappa 44.1145 sec
Elapsed time for experts 14.2798 sec
Elapsed time for households 11.6663 sec
Iteration 121
Elapsed time for kappa 36.0513 sec
Elapsed time for experts 13.0321 sec
Elapsed time for households 11.4162 sec
Iteration 122
Elapsed time for kappa 34.2398 sec
Elapsed time for experts 13.1646 sec
Elapsed time for households 11.6489 sec
Iteration 123
Elapsed time for kappa 34.3212 sec
Elapsed time for experts 12.7665 sec
Elapsed time for households 11.3802 sec
Iteration 124
Elapsed time for kappa 34.3773 sec
Elapsed time for experts 13.2203 sec
Elapsed time for households 11.6085 sec
Iteration 125
Elapsed time for kappa 34.4866 sec
Elapsed time for experts 12.1578 sec
Elapsed time for households 11.2904 sec
Iteration 126
Elapsed time for kappa 43.5459 sec
Elapsed time for experts 13.6167 sec
Elapsed time for households 11.3333 sec
Iteration 127
Elapsed time for kappa 35.4602 sec
Elapsed time for experts 13.7927 sec
Elapsed time for households 11.5882 sec
Iteration 128
Elapsed time for kappa 34.7970 sec
Elapsed time for experts 13.7059 sec
Elapsed time for households 11.6041 sec
Iteration 129
Elapsed time for kappa 33.8341 sec
Elapsed time for experts 13.3812 sec
Elapsed time for households 11.3326 sec
Iteration 130
Elapsed time for kappa 33.9998 sec
Elapsed time for experts 12.5900 sec
Elapsed time for households 12.2174 sec
Iteration 131
Elapsed time for kappa 37.2025 sec
Elapsed time for experts 14.3475 sec
Elapsed time for households 11.6012 sec
Iteration 132
Elapsed time for kappa 44.5660 sec
Elapsed time for experts 13.7818 sec
Elapsed time for households 11.5162 sec
Iteration 133
Elapsed time for kappa 34.9657 sec
Elapsed time for experts 13.4601 sec
Elapsed time for households 11.9387 sec
Iteration 134
Elapsed time for kappa 35.9712 sec
Elapsed time for experts 14.0061 sec
Elapsed time for households 12.2252 sec
Iteration 135
Elapsed time for kappa 34.2413 sec
Elapsed time for experts 12.9435 sec
Elapsed time for households 10.8454 sec
Iteration 136
Elapsed time for kappa 33.6730 sec
Elapsed time for experts 13.4940 sec
Elapsed time for households 11.1302 sec
Iteration 137
Elapsed time for kappa 34.3499 sec
Elapsed time for experts 13.3445 sec
Elapsed time for households 10.7654 sec
Iteration 138
Elapsed time for kappa 43.3146 sec
Elapsed time for experts 13.1065 sec
Elapsed time for households 11.7185 sec
Iteration 139
Elapsed time for kappa 35.2441 sec
Elapsed time for experts 12.9862 sec
Elapsed time for households 11.7682 sec
Iteration 140
Elapsed time for kappa 34.8020 sec
Elapsed time for experts 14.8687 sec
Elapsed time for households 12.3813 sec
Iteration 141
Elapsed time for kappa 37.5056 sec
Elapsed time for experts 14.7132 sec
Elapsed time for households 11.1519 sec
Iteration 142
Elapsed time for kappa 34.8808 sec
Elapsed time for experts 13.2512 sec
Elapsed time for households 11.3370 sec
Iteration 143
Elapsed time for kappa 34.0930 sec
Elapsed time for experts 13.3627 sec
Elapsed time for households 18.7006 sec
Iteration 144
Elapsed time for kappa 37.6299 sec
Elapsed time for experts 13.6124 sec
Elapsed time for households 12.1846 sec
Iteration 145
Elapsed time for kappa 37.6240 sec
Elapsed time for experts 13.3877 sec
Elapsed time for households 12.4062 sec
Iteration 146
Elapsed time for kappa 35.5690 sec
Elapsed time for experts 12.7350 sec
Elapsed time for households 12.1379 sec
Iteration 147
Elapsed time for kappa 33.4403 sec
Elapsed time for experts 13.4430 sec
Elapsed time for households 11.6478 sec
Iteration 148
Elapsed time for kappa 35.4937 sec
Elapsed time for experts 13.3803 sec
Elapsed time for households 11.8665 sec
Iteration 149
Elapsed time for kappa 33.9649 sec
Elapsed time for experts 22.2295 sec
Elapsed time for households 13.3419 sec
Iteration 150
Elapsed time for kappa 36.9447 sec
Elapsed time for experts 13.5269 sec
Elapsed time for households 11.7577 sec
Iteration 151
Elapsed time for kappa 36.4728 sec
Elapsed time for experts 13.7284 sec
Elapsed time for households 11.7331 sec
Iteration 152
Elapsed time for kappa 34.6671 sec
Elapsed time for experts 14.1555 sec
Elapsed time for households 11.5328 sec
Iteration 153
Elapsed time for kappa 34.1823 sec
Elapsed time for experts 13.9035 sec
Elapsed time for households 11.0408 sec
Iteration 154
Elapsed time for kappa 33.4108 sec
Elapsed time for experts 12.5695 sec
Elapsed time for households 10.8816 sec
Iteration 155
Elapsed time for kappa 32.9660 sec
Elapsed time for experts 21.6879 sec
Elapsed time for households 12.6761 sec
Iteration 156
Elapsed time for kappa 37.4788 sec
Elapsed time for experts 14.0570 sec
Elapsed time for households 12.6302 sec
Iteration 157
Elapsed time for kappa 34.9150 sec
Elapsed time for experts 12.8819 sec
Elapsed time for households 11.3134 sec
Iteration 158
Elapsed time for kappa 35.8328 sec
Elapsed time for experts 12.6055 sec
Elapsed time for households 11.2596 sec
Iteration 159
Elapsed time for kappa 33.4098 sec
Elapsed time for experts 12.9199 sec
Elapsed time for households 11.7393 sec
Iteration 160
Elapsed time for kappa 34.9374 sec
Elapsed time for experts 12.4816 sec
Elapsed time for households 11.9342 sec
Iteration 161
Elapsed time for kappa 36.0114 sec
Elapsed time for experts 21.3262 sec
Elapsed time for households 12.1595 sec
Iteration 162
Elapsed time for kappa 35.3148 sec
Elapsed time for experts 14.5198 sec
Elapsed time for households 12.4342 sec
Iteration 163
Elapsed time for kappa 36.4747 sec
Elapsed time for experts 13.9645 sec
Elapsed time for households 12.0596 sec
Iteration 164
Elapsed time for kappa 34.0644 sec
Elapsed time for experts 13.5025 sec
Elapsed time for households 12.2212 sec
Iteration 165
Elapsed time for kappa 34.2682 sec
Elapsed time for experts 13.1398 sec
Elapsed time for households 11.6014 sec
Iteration 166
Elapsed time for kappa 33.9914 sec
Elapsed time for experts 13.8199 sec
Elapsed time for households 10.9574 sec
Iteration 167
Elapsed time for kappa 44.9444 sec
Elapsed time for experts 13.7291 sec
Elapsed time for households 12.7223 sec
Iteration 168
Elapsed time for kappa 35.4531 sec
Elapsed time for experts 14.2036 sec
Elapsed time for households 11.6509 sec
Iteration 169
Elapsed time for kappa 35.0792 sec
Elapsed time for experts 13.1605 sec
Elapsed time for households 11.8413 sec
Iteration 170
Elapsed time for kappa 33.7784 sec
Elapsed time for experts 12.9939 sec
Elapsed time for households 11.0873 sec
Iteration 171
Elapsed time for kappa 35.0306 sec
Elapsed time for experts 12.9288 sec
Elapsed time for households 11.9511 sec
Iteration 172
Elapsed time for kappa 35.2057 sec
Elapsed time for experts 14.3173 sec
Elapsed time for households 12.3846 sec
Iteration 173
Elapsed time for kappa 48.3430 sec
Elapsed time for experts 13.4752 sec
Elapsed time for households 11.9526 sec
Iteration 174
Elapsed time for kappa 36.9832 sec
Elapsed time for experts 13.3684 sec
Elapsed time for households 12.2712 sec
Iteration 175
Elapsed time for kappa 36.5276 sec
Elapsed time for experts 15.0811 sec
Elapsed time for households 12.2371 sec
Iteration 176
Elapsed time for kappa 35.4755 sec
Elapsed time for experts 13.6876 sec
Elapsed time for households 11.0308 sec
Iteration 177
Elapsed time for kappa 34.3250 sec
Elapsed time for experts 13.3031 sec
Elapsed time for households 11.0741 sec
Iteration 178
Elapsed time for kappa 33.2949 sec
Elapsed time for experts 12.6327 sec
Elapsed time for households 11.0556 sec
Iteration 179
Elapsed time for kappa 47.9797 sec
Elapsed time for experts 15.4150 sec
Elapsed time for households 11.8957 sec
Iteration 180
Elapsed time for kappa 36.3881 sec
Elapsed time for experts 14.3254 sec
Elapsed time for households 12.4961 sec
Iteration 181
Elapsed time for kappa 36.5593 sec
Elapsed time for experts 14.1101 sec
Elapsed time for households 12.5349 sec
Iteration 182
Elapsed time for kappa 35.7909 sec
Elapsed time for experts 12.6315 sec
Elapsed time for households 11.3253 sec
Iteration 183
Elapsed time for kappa 33.9953 sec
Elapsed time for experts 12.3467 sec
Elapsed time for households 11.3361 sec
Iteration 184
Elapsed time for kappa 33.0215 sec
Elapsed time for experts 12.2948 sec
Elapsed time for households 10.6953 sec
Iteration 185
Elapsed time for kappa 44.2276 sec
Elapsed time for experts 14.7249 sec
Elapsed time for households 12.1998 sec
Iteration 186
Elapsed time for kappa 36.2161 sec
Elapsed time for experts 14.4332 sec
Elapsed time for households 11.6434 sec
Iteration 187
Elapsed time for kappa 36.2429 sec
Elapsed time for experts 13.5437 sec
Elapsed time for households 12.3247 sec
Iteration 188
Elapsed time for kappa 35.5744 sec
Elapsed time for experts 12.9393 sec
Elapsed time for households 11.4250 sec
Iteration 189
Elapsed time for kappa 34.8036 sec
Elapsed time for experts 12.8225 sec
Elapsed time for households 10.7256 sec
Iteration 190
Elapsed time for kappa 33.3885 sec
Elapsed time for experts 12.1159 sec
Elapsed time for households 10.7396 sec
Iteration 191
Elapsed time for kappa 43.8438 sec
Elapsed time for experts 14.0821 sec
Elapsed time for households 11.7322 sec
Iteration 192
Elapsed time for kappa 35.5609 sec
Elapsed time for experts 13.1581 sec
Elapsed time for households 11.8222 sec
Iteration 193
Elapsed time for kappa 35.0480 sec
Elapsed time for experts 13.3350 sec
Elapsed time for households 12.0863 sec
Iteration 194
Elapsed time for kappa 34.9361 sec
Elapsed time for experts 13.2536 sec
Elapsed time for households 11.2180 sec
Iteration 195
Elapsed time for kappa 37.0095 sec
Elapsed time for experts 14.6940 sec
Elapsed time for households 12.5415 sec
Iteration 196
Elapsed time for kappa 33.7932 sec
Elapsed time for experts 13.0598 sec
Elapsed time for households 11.7777 sec
Iteration 197
Elapsed time for kappa 44.9812 sec
Elapsed time for experts 13.5171 sec
Elapsed time for households 11.5641 sec
Iteration 198
Elapsed time for kappa 35.8408 sec
Elapsed time for experts 13.8581 sec
Elapsed time for households 11.2701 sec
Iteration 199
Elapsed time for kappa 35.5123 sec
Elapsed time for experts 14.1446 sec
Elapsed time for households 11.9537 sec
Iteration 200
Elapsed time for kappa 35.1599 sec
Elapsed time for experts 13.7606 sec
Elapsed time for households 11.4280 sec
Iteration 201
Elapsed time for kappa 34.3079 sec
Elapsed time for experts 12.2153 sec
Elapsed time for households 12.2768 sec
Iteration 202
Elapsed time for kappa 33.3957 sec
Elapsed time for experts 12.9953 sec
Elapsed time for households 11.3295 sec
Iteration 203
Elapsed time for kappa 43.8875 sec
Elapsed time for experts 14.0157 sec
Elapsed time for households 11.8694 sec
Iteration 204
Elapsed time for kappa 35.3644 sec
Elapsed time for experts 12.9384 sec
Elapsed time for households 12.1820 sec
Iteration 205
Elapsed time for kappa 36.0262 sec
Elapsed time for experts 13.4167 sec
Elapsed time for households 11.3693 sec
Iteration 206
Elapsed time for kappa 34.5236 sec
Elapsed time for experts 13.6901 sec
Elapsed time for households 12.3245 sec
Iteration 207
Elapsed time for kappa 37.5524 sec
Elapsed time for experts 12.2785 sec
Elapsed time for households 11.1993 sec
Iteration 208
Elapsed time for kappa 33.5739 sec
Elapsed time for experts 12.7591 sec
Elapsed time for households 19.0209 sec
Iteration 209
Elapsed time for kappa 36.3275 sec
Elapsed time for experts 12.8984 sec
Elapsed time for households 11.7604 sec
Iteration 210
Elapsed time for kappa 35.9888 sec
Elapsed time for experts 13.6237 sec
Elapsed time for households 11.4327 sec
Iteration 211
Elapsed time for kappa 35.0838 sec
Elapsed time for experts 13.3203 sec
Elapsed time for households 11.3376 sec
Iteration 212
Elapsed time for kappa 33.9826 sec
Elapsed time for experts 12.3041 sec
Elapsed time for households 11.3020 sec
Iteration 213
Elapsed time for kappa 34.1912 sec
Elapsed time for experts 12.7823 sec
Elapsed time for households 11.6204 sec
Iteration 214
Elapsed time for kappa 33.8507 sec
Elapsed time for experts 12.3999 sec
Elapsed time for households 20.5675 sec
Iteration 215
Elapsed time for kappa 37.5865 sec
Elapsed time for experts 13.8909 sec
Elapsed time for households 12.2304 sec
Iteration 216
Elapsed time for kappa 37.9998 sec
Elapsed time for experts 14.7699 sec
Elapsed time for households 12.7182 sec
Iteration 217
Elapsed time for kappa 36.4176 sec
Elapsed time for experts 13.3797 sec
Elapsed time for households 11.8879 sec
Iteration 218
Elapsed time for kappa 34.2626 sec
Elapsed time for experts 12.8490 sec
Elapsed time for households 12.2951 sec
Iteration 219
Elapsed time for kappa 34.6526 sec
Elapsed time for experts 12.8106 sec
Elapsed time for households 11.1268 sec
Iteration 220
Elapsed time for kappa 33.1445 sec
Elapsed time for experts 12.6345 sec
Elapsed time for households 20.4926 sec
Iteration 221
Elapsed time for kappa 37.7629 sec
Elapsed time for experts 14.7099 sec
Elapsed time for households 11.5496 sec
Iteration 222
Elapsed time for kappa 36.6997 sec
Elapsed time for experts 12.8102 sec
Elapsed time for households 11.2902 sec
Iteration 223
Elapsed time for kappa 35.1833 sec
Elapsed time for experts 13.5224 sec
Elapsed time for households 12.6805 sec
Iteration 224
Elapsed time for kappa 36.5337 sec
Elapsed time for experts 13.3860 sec
Elapsed time for households 11.1341 sec
Iteration 225
Elapsed time for kappa 33.5864 sec
Elapsed time for experts 13.2189 sec
Elapsed time for households 11.5668 sec
Iteration 226
Elapsed time for kappa 37.7235 sec
Elapsed time for experts 12.3958 sec
Elapsed time for households 11.1712 sec
Iteration 227
Elapsed time for kappa 46.6963 sec
Elapsed time for experts 14.1603 sec
Elapsed time for households 11.6840 sec
Iteration 228
Elapsed time for kappa 37.0453 sec
Elapsed time for experts 15.0106 sec
Elapsed time for households 11.5018 sec
Iteration 229
Elapsed time for kappa 35.3150 sec
Elapsed time for experts 13.5436 sec
Elapsed time for households 12.4636 sec
Iteration 230
Elapsed time for kappa 36.7067 sec
Elapsed time for experts 13.6692 sec
Elapsed time for households 12.4382 sec
Iteration 231
Elapsed time for kappa 34.9650 sec
Elapsed time for experts 13.7615 sec
Elapsed time for households 11.5303 sec
Iteration 232
Elapsed time for kappa 37.3769 sec
Elapsed time for experts 12.7791 sec
Elapsed time for households 11.8328 sec
Iteration 233
Elapsed time for kappa 45.5736 sec
Elapsed time for experts 13.4336 sec
Elapsed time for households 12.1176 sec
Iteration 234
Elapsed time for kappa 36.9066 sec
Elapsed time for experts 13.2254 sec
Elapsed time for households 12.1881 sec
Iteration 235
Elapsed time for kappa 36.5627 sec
Elapsed time for experts 13.0718 sec
Elapsed time for households 11.8923 sec
Iteration 236
Elapsed time for kappa 35.2678 sec
Elapsed time for experts 13.3381 sec
Elapsed time for households 11.4338 sec
Iteration 237
Elapsed time for kappa 33.2881 sec
Elapsed time for experts 12.5021 sec
Elapsed time for households 11.3345 sec
Iteration 238
Elapsed time for kappa 33.6726 sec
Elapsed time for experts 20.8340 sec
Elapsed time for households 13.0121 sec
Iteration 239
Elapsed time for kappa 35.5116 sec
Elapsed time for experts 13.7895 sec
Elapsed time for households 12.8172 sec
Iteration 240
Elapsed time for kappa 38.7302 sec
Elapsed time for experts 15.0041 sec
Elapsed time for households 12.8640 sec
Iteration 241
Elapsed time for kappa 37.8112 sec
Elapsed time for experts 13.0950 sec
Elapsed time for households 11.6764 sec
Iteration 242
Elapsed time for kappa 34.4510 sec
Elapsed time for experts 12.4938 sec
Elapsed time for households 11.0696 sec
Iteration 243
Elapsed time for kappa 34.3206 sec
Elapsed time for experts 12.8312 sec
Elapsed time for households 11.3914 sec
Iteration 244
Elapsed time for kappa 34.4733 sec
Elapsed time for experts 13.9656 sec
Elapsed time for households 21.1929 sec
Iteration 245
Elapsed time for kappa 38.6710 sec
Elapsed time for experts 14.4427 sec
Elapsed time for households 12.5220 sec
Iteration 246
Elapsed time for kappa 35.1439 sec
Elapsed time for experts 14.3477 sec
Elapsed time for households 11.7043 sec
Iteration 247
Elapsed time for kappa 35.1206 sec
Elapsed time for experts 14.1694 sec
Elapsed time for households 11.5577 sec
Iteration 248
Elapsed time for kappa 35.0597 sec
Elapsed time for experts 13.4997 sec
Elapsed time for households 11.9352 sec
Iteration 249
Elapsed time for kappa 34.3111 sec
Elapsed time for experts 12.7731 sec
Elapsed time for households 11.6441 sec
Iteration 250
Elapsed time for kappa 33.5030 sec
Elapsed time for experts 12.7498 sec
Elapsed time for households 21.2281 sec
Iteration 251
Elapsed time for kappa 36.7628 sec
Elapsed time for experts 13.7238 sec
Elapsed time for households 11.6766 sec
Iteration 252
Elapsed time for kappa 34.9165 sec
Elapsed time for experts 12.9965 sec
Elapsed time for households 11.7676 sec
Iteration 253
Elapsed time for kappa 35.5913 sec
Elapsed time for experts 14.6654 sec
Elapsed time for households 12.0921 sec
Iteration 254
Elapsed time for kappa 34.7705 sec
Elapsed time for experts 13.3568 sec
Elapsed time for households 11.7563 sec
Iteration 255
Elapsed time for kappa 33.8662 sec
Elapsed time for experts 12.1383 sec
Elapsed time for households 11.5508 sec
Iteration 256
Elapsed time for kappa 32.5985 sec
Elapsed time for experts 12.2261 sec
Elapsed time for households 10.6467 sec
Iteration 257
Elapsed time for kappa 45.4366 sec
Elapsed time for experts 14.1936 sec
Elapsed time for households 13.7046 sec
Iteration 258
Elapsed time for kappa 39.0269 sec
Elapsed time for experts 14.0679 sec
Elapsed time for households 12.8379 sec
Iteration 259
Elapsed time for kappa 36.0330 sec
Elapsed time for experts 14.3519 sec
Elapsed time for households 11.9481 sec
Iteration 260
Elapsed time for kappa 34.3962 sec
Elapsed time for experts 13.0312 sec
Elapsed time for households 11.5662 sec
Iteration 261
Elapsed time for kappa 34.0162 sec
Elapsed time for experts 12.6993 sec
Elapsed time for households 11.4763 sec
Iteration 262
Elapsed time for kappa 32.9579 sec
Elapsed time for experts 12.9755 sec
Elapsed time for households 11.4210 sec
Iteration 263
Elapsed time for kappa 43.0763 sec
Elapsed time for experts 13.7248 sec
Elapsed time for households 11.6626 sec
Iteration 264
Elapsed time for kappa 35.1525 sec
Elapsed time for experts 14.1176 sec
Elapsed time for households 12.8323 sec
Iteration 265
Elapsed time for kappa 37.8746 sec
Elapsed time for experts 13.7025 sec
Elapsed time for households 12.5195 sec
Iteration 266
Elapsed time for kappa 35.5187 sec
Elapsed time for experts 14.7122 sec
Elapsed time for households 12.1363 sec
Iteration 267
Elapsed time for kappa 34.9504 sec
Elapsed time for experts 14.5026 sec
Elapsed time for households 11.4057 sec
Iteration 268
Elapsed time for kappa 34.5972 sec
Elapsed time for experts 14.4877 sec
Elapsed time for households 18.7475 sec
Iteration 269
Elapsed time for kappa 36.8080 sec
Elapsed time for experts 13.8694 sec
Elapsed time for households 11.9823 sec
Iteration 270
Elapsed time for kappa 35.0059 sec
Elapsed time for experts 12.7807 sec
Elapsed time for households 11.5149 sec
Iteration 271
Elapsed time for kappa 36.4751 sec
Elapsed time for experts 14.5828 sec
Elapsed time for households 11.8308 sec
Iteration 272
Elapsed time for kappa 34.3610 sec
Elapsed time for experts 13.1582 sec
Elapsed time for households 11.4241 sec
Iteration 273
Elapsed time for kappa 33.6012 sec
Elapsed time for experts 12.1668 sec
Elapsed time for households 11.8972 sec
Iteration 274
Elapsed time for kappa 33.5664 sec
Elapsed time for experts 12.0378 sec
Elapsed time for households 11.4994 sec
Iteration 275
Elapsed time for kappa 44.8363 sec
Elapsed time for experts 13.3188 sec
Elapsed time for households 11.7299 sec
Iteration 276
Elapsed time for kappa 34.7964 sec
Elapsed time for experts 13.4500 sec
Elapsed time for households 12.4288 sec
Iteration 277
Elapsed time for kappa 35.2078 sec
Elapsed time for experts 13.7628 sec
Elapsed time for households 12.1313 sec
Iteration 278
Elapsed time for kappa 35.8832 sec
Elapsed time for experts 13.8427 sec
Elapsed time for households 11.7277 sec
Iteration 279
Elapsed time for kappa 35.3780 sec
Elapsed time for experts 12.3988 sec
Elapsed time for households 11.3180 sec
Iteration 280
Elapsed time for kappa 33.3462 sec
Elapsed time for experts 12.6158 sec
Elapsed time for households 19.4374 sec
Iteration 281
Elapsed time for kappa 37.2624 sec
Elapsed time for experts 13.4921 sec
Elapsed time for households 11.5157 sec
Iteration 282
Elapsed time for kappa 34.8857 sec
Elapsed time for experts 13.5353 sec
Elapsed time for households 11.3948 sec
Iteration 283
Elapsed time for kappa 35.8191 sec
Elapsed time for experts 12.9273 sec
Elapsed time for households 11.6581 sec
Iteration 284
Elapsed time for kappa 34.5494 sec
Elapsed time for experts 13.3479 sec
Elapsed time for households 11.9135 sec
Iteration 285
Elapsed time for kappa 33.4138 sec
Elapsed time for experts 13.3845 sec
Elapsed time for households 11.9417 sec
Iteration 286
Elapsed time for kappa 33.4046 sec
Elapsed time for experts 13.0011 sec
Elapsed time for households 11.4888 sec
Iteration 287
Elapsed time for kappa 47.3394 sec
Elapsed time for experts 15.1088 sec
Elapsed time for households 13.0063 sec
Iteration 288
Elapsed time for kappa 37.1134 sec
Elapsed time for experts 14.4979 sec
Elapsed time for households 12.6530 sec
Iteration 289
Elapsed time for kappa 36.0495 sec
Elapsed time for experts 13.0341 sec
Elapsed time for households 12.8776 sec
Iteration 290
Elapsed time for kappa 38.2853 sec
Elapsed time for experts 15.3208 sec
Elapsed time for households 11.5923 sec
Iteration 291
Elapsed time for kappa 34.2672 sec
Elapsed time for experts 13.0498 sec
Elapsed time for households 11.7251 sec
Iteration 292
Elapsed time for kappa 34.7208 sec
Elapsed time for experts 13.2639 sec
Elapsed time for households 19.0272 sec
Iteration 293
Elapsed time for kappa 37.5013 sec
Elapsed time for experts 16.6023 sec
Elapsed time for households 12.3617 sec
Iteration 294
Elapsed time for kappa 35.8550 sec
Elapsed time for experts 13.0682 sec
Elapsed time for households 11.2884 sec
Iteration 295
Elapsed time for kappa 35.2398 sec
Elapsed time for experts 13.1480 sec
Elapsed time for households 12.2897 sec
Iteration 296
Elapsed time for kappa 33.7571 sec
Elapsed time for experts 13.0942 sec
Elapsed time for households 11.1738 sec
Iteration 297
Elapsed time for kappa 33.6608 sec
Elapsed time for experts 12.2341 sec
Elapsed time for households 11.0498 sec
Iteration 298
Elapsed time for kappa 34.0751 sec
Elapsed time for experts 14.2658 sec
Elapsed time for households 12.8233 sec
Iteration 299
Elapsed time for kappa 48.6494 sec
Elapsed time for experts 15.6284 sec
Elapsed time for households 12.0383 sec
Elapsed time for training 18592.6017 sec
