2022-09-25 18:56:40.197860: I tensorflow/core/util/util.cc:169] oneDNN custom operations are on. You may see slightly different numerical results due to floating-point round-off errors from different computation orders. To turn them off, set the environment variable `TF_ENABLE_ONEDNN_OPTS=0`.
2022-09-25 18:56:40.203037: W tensorflow/stream_executor/platform/default/dso_loader.cc:64] Could not load dynamic library 'libcudart.so.11.0'; dlerror: libcudart.so.11.0: cannot open shared object file: No such file or directory; LD_LIBRARY_PATH: /software/cudnn-8.3.1-el8-x86_64/lib64
2022-09-25 18:56:40.203063: I tensorflow/stream_executor/cuda/cudart_stub.cc:29] Ignore above cudart dlerror if you do not have a GPU set up on your machine.
2022-09-25 18:56:44.528142: W tensorflow/stream_executor/platform/default/dso_loader.cc:64] Could not load dynamic library 'libcuda.so.1'; dlerror: libcuda.so.1: cannot open shared object file: No such file or directory; LD_LIBRARY_PATH: /software/cudnn-8.3.1-el8-x86_64/lib64
2022-09-25 18:56:44.528178: W tensorflow/stream_executor/cuda/cuda_driver.cc:269] failed call to cuInit: UNKNOWN ERROR (303)
2022-09-25 18:56:44.528199: I tensorflow/stream_executor/cuda/cuda_diagnostics.cc:156] kernel driver does not appear to be running on this host (midway3-0125.rcc.local): /proc/driver/nvidia/version does not exist
2022-09-25 18:56:44.528557: I tensorflow/core/platform/cpu_feature_guard.cc:193] This TensorFlow binary is optimized with oneAPI Deep Neural Network Library (oneDNN) to use the following CPU instructions in performance-critical operations:  AVX2 AVX512F AVX512_VNNI FMA
To enable them in other operations, rebuild TensorFlow with the appropriate compiler flags.
2022-09-25 18:57:21.960377: W tensorflow/core/common_runtime/forward_type_inference.cc:231] Type inference failed. This indicates an invalid graph that escaped type checking. Error message: INVALID_ARGUMENT: expected compatible input types, but input 1:
type_id: TFT_OPTIONAL
args {
  type_id: TFT_PRODUCT
  args {
    type_id: TFT_TENSOR
    args {
      type_id: TFT_BOOL
    }
  }
}
 is neither a subtype nor a supertype of the combined inputs preceding it:
type_id: TFT_OPTIONAL
args {
  type_id: TFT_PRODUCT
  args {
    type_id: TFT_TENSOR
    args {
      type_id: TFT_DOUBLE
    }
  }
}

	while inferring type of node 'StatefulPartitionedCall_1/StatefulPartitionedCall/cond_1_259/output/_29750'
Iter: 1 loss: 0.045872559394885631
Iter: 2 loss: 0.10567299521047835
Iter: 3 loss: 0.040876032314740546
Iter: 4 loss: 0.036987356881850064
Iter: 5 loss: 0.023057222554056608
Iter: 6 loss: 0.17109971157064366
Iter: 7 loss: 0.0094728975719030328
Iter: 8 loss: 0.00349529488872599
Iter: 9 loss: 0.0062442548368971708
Iter: 10 loss: 0.001810788183192
Iter: 11 loss: 0.001731524131578019
Iter: 12 loss: 0.0013869220050849139
Iter: 13 loss: 0.000968444909200299
Iter: 14 loss: 0.00093442737761855116
Iter: 15 loss: 0.00091381910757116548
Iter: 16 loss: 0.00088329362974136219
Iter: 17 loss: 0.00078644822047712021
Iter: 18 loss: 0.00067827276165942634
Iter: 19 loss: 0.00067838075097834756
Iter: 20 loss: 0.00066018887355984938
Iter: 21 loss: 0.00065484248075617878
Iter: 22 loss: 0.000651386017450502
Iter: 23 loss: 0.00064816884080337448
Iter: 24 loss: 0.0006405392026848539
Iter: 25 loss: 0.00062840344257058373
Iter: 26 loss: 0.00061902927723324829
Iter: 27 loss: 0.00056588352524850831
Iter: 28 loss: 0.034602585284745191
Iter: 29 loss: 0.00056077138621194833
Iter: 30 loss: 0.00053517168504677308
Iter: 31 loss: 0.00053533435971905266
Iter: 32 loss: 0.00052404806298389332
Iter: 33 loss: 0.00052061678479490626
Iter: 34 loss: 0.000512412440535297
Iter: 35 loss: 0.00050389711743359963
Iter: 36 loss: 0.00049600317810787856
Iter: 37 loss: 0.00048814039617873389
Iter: 38 loss: 0.00048308265224454832
Iter: 39 loss: 0.00046146457218129982
Iter: 40 loss: 0.00042153209067244586
Iter: 41 loss: 0.00046010181716158951
Iter: 42 loss: 0.00040172413072727883
Iter: 43 loss: 0.00035941064234392794
Iter: 44 loss: 0.00037904210632463124
Iter: 45 loss: 0.00035388493809220993
Iter: 46 loss: 0.00034978288667909167
Iter: 47 loss: 0.00034067323262663594
Iter: 48 loss: 0.00033703160398725215
Iter: 49 loss: 0.00032041896803168914
Iter: 50 loss: 0.00030623040160039606
Iter: 51 loss: 0.00028191121692172389
Iter: 52 loss: 0.00030080094879443581
Iter: 53 loss: 0.00026595473924308325
Iter: 54 loss: 0.00024099194101722245
Iter: 55 loss: 0.00059114764022763294
Iter: 56 loss: 0.00018441052236460706
Iter: 57 loss: 0.00025173221117655189
Iter: 58 loss: 0.00015587660596381558
Iter: 59 loss: 0.00012667881499910577
Iter: 60 loss: 0.00022322004602139052
Iter: 61 loss: 9.3284385303064638e-05
Iter: 62 loss: 7.0059699797055076e-05
Iter: 63 loss: 6.5243347215384427e-05
Iter: 64 loss: 6.2615778097434326e-05
Iter: 65 loss: 5.6327897216705368e-05
Iter: 66 loss: 5.3715914150913024e-05
Iter: 67 loss: 5.0979921471757067e-05
Iter: 68 loss: 4.8446631170732883e-05
Iter: 69 loss: 4.5874229192538336e-05
Iter: 70 loss: 4.1757062253637771e-05
Iter: 71 loss: 4.1897365725761167e-05
Iter: 72 loss: 4.0261815655708963e-05
Iter: 73 loss: 3.9656212416107735e-05
Iter: 74 loss: 3.916789788576298e-05
Iter: 75 loss: 3.8788573744506707e-05
Iter: 76 loss: 3.828820921163407e-05
slurmstepd: error: *** JOB 4560761 ON midway3-0125 CANCELLED AT 2022-09-25T18:58:02 ***
Iter: 77 loss: 3.765942306002044e-05
