ERROR: logger: /software/python-anaconda-2022.05-el8-x86_64/lib/libuuid.so.1: no version information available (required by /lib64/libblkid.so.1)
      while executing
  "exec logger -t modulecmd "[get-env USER]: $command [join $args]""
      (procedure "module" line 2)
      invoked from within
  "module load python/anaconda-2022.05"
      ("eval" body line 1)
      invoked from within
  "eval $execcmdlist"
  Please report this issue at https://github.com/cea-hpc/modules/issues
Iteration 0
Elapsed time for kappa 103.5933 sec
Elapsed time for experts 21.7075 sec
Elapsed time for households 27.8413 sec
Iteration 1
Elapsed time for kappa 48.5623 sec
Elapsed time for experts 23.3820 sec
Elapsed time for households 19.6654 sec
Iteration 2
Elapsed time for kappa 35.3940 sec
Elapsed time for experts 21.7116 sec
Elapsed time for households 21.3519 sec
Iteration 3
Elapsed time for kappa 39.8540 sec
Elapsed time for experts 18.5731 sec
Elapsed time for households 15.6315 sec
Iteration 4
Elapsed time for kappa 35.7352 sec
Elapsed time for experts 13.9818 sec
Elapsed time for households 12.5837 sec
Iteration 5
Elapsed time for kappa 36.1521 sec
Elapsed time for experts 14.8655 sec
Elapsed time for households 20.1572 sec
Iteration 6
Elapsed time for kappa 35.1146 sec
Elapsed time for experts 15.4408 sec
Elapsed time for households 12.8685 sec
Iteration 7
Elapsed time for kappa 36.1874 sec
Elapsed time for experts 13.2072 sec
Elapsed time for households 20.1526 sec
Iteration 8
Elapsed time for kappa 35.6522 sec
Elapsed time for experts 14.3528 sec
Elapsed time for households 19.2934 sec
Iteration 9
Elapsed time for kappa 37.8639 sec
Elapsed time for experts 14.7740 sec
Elapsed time for households 21.0520 sec
Iteration 10
Elapsed time for kappa 36.5800 sec
Elapsed time for experts 15.5928 sec
Elapsed time for households 19.6540 sec
Iteration 11
Elapsed time for kappa 37.2514 sec
Elapsed time for experts 14.8877 sec
Elapsed time for households 12.9519 sec
Iteration 12
Elapsed time for kappa 36.4477 sec
Elapsed time for experts 13.5715 sec
Elapsed time for households 13.1530 sec
Iteration 13
Elapsed time for kappa 36.3117 sec
Elapsed time for experts 12.9397 sec
Elapsed time for households 12.2736 sec
Iteration 14
Elapsed time for kappa 38.3668 sec
Elapsed time for experts 13.0104 sec
Elapsed time for households 12.0807 sec
Iteration 15
Elapsed time for kappa 45.1394 sec
Elapsed time for experts 13.5370 sec
Elapsed time for households 13.2797 sec
Iteration 16
Elapsed time for kappa 37.4665 sec
Elapsed time for experts 14.1265 sec
Elapsed time for households 20.9898 sec
Iteration 17
Elapsed time for kappa 35.7594 sec
Elapsed time for experts 22.0772 sec
Elapsed time for households 13.9949 sec
Iteration 18
Elapsed time for kappa 36.9943 sec
Elapsed time for experts 14.4214 sec
Elapsed time for households 12.8131 sec
Iteration 19
Elapsed time for kappa 35.7414 sec
Elapsed time for experts 12.9249 sec
Elapsed time for households 13.3571 sec
Iteration 20
Elapsed time for kappa 36.1746 sec
Elapsed time for experts 14.6779 sec
Elapsed time for households 19.9187 sec
Iteration 21
Elapsed time for kappa 39.7051 sec
Elapsed time for experts 13.9818 sec
Elapsed time for households 13.9797 sec
Iteration 22
Elapsed time for kappa 36.8888 sec
Elapsed time for experts 14.5393 sec
Elapsed time for households 12.7722 sec
Iteration 23
Elapsed time for kappa 34.9433 sec
Elapsed time for experts 13.3989 sec
Elapsed time for households 12.9727 sec
Iteration 24
Elapsed time for kappa 34.9001 sec
Elapsed time for experts 12.7220 sec
Elapsed time for households 11.9390 sec
Iteration 25
Elapsed time for kappa 36.6831 sec
Elapsed time for experts 14.6377 sec
Elapsed time for households 17.0284 sec
Iteration 26
Elapsed time for kappa 36.1799 sec
Elapsed time for experts 21.6727 sec
Elapsed time for households 12.4575 sec
Iteration 27
Elapsed time for kappa 38.2992 sec
Elapsed time for experts 13.4046 sec
Elapsed time for households 12.5090 sec
Iteration 28
Elapsed time for kappa 36.0164 sec
Elapsed time for experts 13.7640 sec
Elapsed time for households 12.0006 sec
Iteration 29
Elapsed time for kappa 36.9014 sec
Elapsed time for experts 14.0804 sec
Elapsed time for households 16.7495 sec
Iteration 30
Elapsed time for kappa 36.5175 sec
Elapsed time for experts 13.8064 sec
Elapsed time for households 17.6001 sec
Iteration 31
Elapsed time for kappa 36.4520 sec
Elapsed time for experts 12.8684 sec
Elapsed time for households 12.4742 sec
Iteration 32
Elapsed time for kappa 33.8610 sec
Elapsed time for experts 21.7274 sec
Elapsed time for households 13.3457 sec
Iteration 33
Elapsed time for kappa 37.1685 sec
Elapsed time for experts 14.0542 sec
Elapsed time for households 14.4930 sec
Iteration 34
Elapsed time for kappa 36.6484 sec
Elapsed time for experts 15.1307 sec
Elapsed time for households 11.6517 sec
Iteration 35
Elapsed time for kappa 36.0823 sec
Elapsed time for experts 14.5459 sec
Elapsed time for households 12.4279 sec
Iteration 36
Elapsed time for kappa 34.8549 sec
Elapsed time for experts 13.8701 sec
Elapsed time for households 12.2766 sec
Iteration 37
Elapsed time for kappa 34.9982 sec
Elapsed time for experts 13.5013 sec
Elapsed time for households 13.3886 sec
Iteration 38
Elapsed time for kappa 35.9272 sec
Elapsed time for experts 20.9575 sec
Elapsed time for households 13.9440 sec
Iteration 39
Elapsed time for kappa 37.0287 sec
Elapsed time for experts 13.5293 sec
Elapsed time for households 13.6518 sec
Iteration 40
Elapsed time for kappa 35.7965 sec
Elapsed time for experts 13.3331 sec
Elapsed time for households 12.7438 sec
Iteration 41
Elapsed time for kappa 36.7126 sec
Elapsed time for experts 14.8578 sec
Elapsed time for households 14.4679 sec
Iteration 42
Elapsed time for kappa 36.9666 sec
Elapsed time for experts 13.8096 sec
Elapsed time for households 13.8206 sec
Iteration 43
Elapsed time for kappa 36.6442 sec
Elapsed time for experts 12.9468 sec
Elapsed time for households 11.9459 sec
Iteration 44
Elapsed time for kappa 46.5060 sec
Elapsed time for experts 14.3778 sec
Elapsed time for households 14.6797 sec
Iteration 45
Elapsed time for kappa 37.2164 sec
Elapsed time for experts 13.4618 sec
Elapsed time for households 13.3259 sec
Iteration 46
Elapsed time for kappa 37.7368 sec
Elapsed time for experts 13.6677 sec
Elapsed time for households 13.3109 sec
Iteration 47
Elapsed time for kappa 36.6366 sec
Elapsed time for experts 13.2329 sec
Elapsed time for households 13.9011 sec
Iteration 48
Elapsed time for kappa 36.2105 sec
Elapsed time for experts 13.6725 sec
Elapsed time for households 12.4346 sec
Iteration 49
Elapsed time for kappa 37.0358 sec
Elapsed time for experts 14.1487 sec
Elapsed time for households 11.7913 sec
Iteration 50
Elapsed time for kappa 47.1340 sec
Elapsed time for experts 15.0283 sec
Elapsed time for households 13.7585 sec
Iteration 51
Elapsed time for kappa 39.3632 sec
Elapsed time for experts 13.6262 sec
Elapsed time for households 12.1034 sec
Iteration 52
Elapsed time for kappa 36.3592 sec
Elapsed time for experts 13.7872 sec
Elapsed time for households 12.6172 sec
Iteration 53
Elapsed time for kappa 37.7978 sec
Elapsed time for experts 13.4584 sec
Elapsed time for households 12.9729 sec
Iteration 54
Elapsed time for kappa 37.9181 sec
Elapsed time for experts 13.5326 sec
Elapsed time for households 12.0898 sec
Iteration 55
Elapsed time for kappa 36.5230 sec
Elapsed time for experts 13.3292 sec
Elapsed time for households 12.0646 sec
Iteration 56
Elapsed time for kappa 46.5649 sec
Elapsed time for experts 14.7247 sec
Elapsed time for households 13.9054 sec
Iteration 57
Elapsed time for kappa 36.9491 sec
Elapsed time for experts 16.3768 sec
Elapsed time for households 12.8173 sec
Iteration 58
Elapsed time for kappa 39.2743 sec
Elapsed time for experts 13.2035 sec
Elapsed time for households 12.7831 sec
Iteration 59
Elapsed time for kappa 38.4085 sec
Elapsed time for experts 14.1758 sec
Elapsed time for households 12.5972 sec
Iteration 60
Elapsed time for kappa 36.8978 sec
Elapsed time for experts 13.6676 sec
Elapsed time for households 11.8164 sec
Iteration 61
Elapsed time for kappa 36.8074 sec
Elapsed time for experts 13.8783 sec
Elapsed time for households 12.1401 sec
Iteration 62
Elapsed time for kappa 47.4010 sec
Elapsed time for experts 16.4365 sec
Elapsed time for households 12.7676 sec
Iteration 63
Elapsed time for kappa 39.2323 sec
Elapsed time for experts 13.8252 sec
Elapsed time for households 12.5653 sec
Iteration 64
Elapsed time for kappa 38.2167 sec
Elapsed time for experts 13.7686 sec
Elapsed time for households 12.2267 sec
Iteration 65
Elapsed time for kappa 37.5175 sec
Elapsed time for experts 13.2362 sec
Elapsed time for households 12.0948 sec
Iteration 66
Elapsed time for kappa 35.8435 sec
Elapsed time for experts 13.9031 sec
Elapsed time for households 12.9690 sec
Iteration 67
Elapsed time for kappa 36.6366 sec
Elapsed time for experts 13.9490 sec
Elapsed time for households 13.9580 sec
Iteration 68
Elapsed time for kappa 46.6130 sec
Elapsed time for experts 15.1764 sec
Elapsed time for households 13.0278 sec
Iteration 69
Elapsed time for kappa 38.8830 sec
Elapsed time for experts 13.7153 sec
Elapsed time for households 14.9939 sec
Iteration 70
Elapsed time for kappa 37.9411 sec
Elapsed time for experts 14.4500 sec
Elapsed time for households 12.1247 sec
Iteration 71
Elapsed time for kappa 37.2109 sec
Elapsed time for experts 13.6833 sec
Elapsed time for households 12.1594 sec
Iteration 72
Elapsed time for kappa 36.5098 sec
Elapsed time for experts 13.1238 sec
Elapsed time for households 12.1665 sec
Iteration 73
Elapsed time for kappa 36.0715 sec
Elapsed time for experts 12.7001 sec
Elapsed time for households 11.7766 sec
Iteration 74
Elapsed time for kappa 42.6459 sec
Elapsed time for experts 15.5836 sec
Elapsed time for households 13.7152 sec
Iteration 75
Elapsed time for kappa 36.9395 sec
Elapsed time for experts 14.9863 sec
Elapsed time for households 14.1933 sec
Iteration 76
Elapsed time for kappa 36.6817 sec
Elapsed time for experts 14.3795 sec
Elapsed time for households 13.5726 sec
Iteration 77
Elapsed time for kappa 35.1189 sec
Elapsed time for experts 14.9838 sec
Elapsed time for households 13.5359 sec
Iteration 78
Elapsed time for kappa 35.4767 sec
Elapsed time for experts 13.1995 sec
Elapsed time for households 12.5007 sec
Iteration 79
Elapsed time for kappa 36.6165 sec
Elapsed time for experts 13.7204 sec
Elapsed time for households 21.5746 sec
Iteration 80
Elapsed time for kappa 38.0805 sec
Elapsed time for experts 14.2558 sec
Elapsed time for households 13.1649 sec
Iteration 81
Elapsed time for kappa 37.0210 sec
Elapsed time for experts 14.1313 sec
Elapsed time for households 14.2289 sec
Iteration 82
Elapsed time for kappa 36.9148 sec
Elapsed time for experts 13.4810 sec
Elapsed time for households 13.0936 sec
Iteration 83
Elapsed time for kappa 35.6161 sec
Elapsed time for experts 12.5682 sec
Elapsed time for households 13.6617 sec
Iteration 84
Elapsed time for kappa 36.2778 sec
Elapsed time for experts 13.1138 sec
Elapsed time for households 13.4313 sec
Iteration 85
Elapsed time for kappa 36.6687 sec
Elapsed time for experts 13.5197 sec
Elapsed time for households 22.9026 sec
Iteration 86
Elapsed time for kappa 38.8665 sec
Elapsed time for experts 14.2506 sec
Elapsed time for households 14.1160 sec
Iteration 87
Elapsed time for kappa 36.7325 sec
Elapsed time for experts 12.9417 sec
Elapsed time for households 13.4303 sec
Iteration 88
Elapsed time for kappa 37.9400 sec
Elapsed time for experts 14.0134 sec
Elapsed time for households 14.1393 sec
Iteration 89
Elapsed time for kappa 36.6177 sec
Elapsed time for experts 13.3591 sec
Elapsed time for households 13.3795 sec
Iteration 90
Elapsed time for kappa 36.3011 sec
Elapsed time for experts 13.7931 sec
Elapsed time for households 13.0378 sec
Iteration 91
Elapsed time for kappa 34.2108 sec
Elapsed time for experts 12.3680 sec
Elapsed time for households 12.0929 sec
Iteration 92
Elapsed time for kappa 48.2983 sec
Elapsed time for experts 15.0433 sec
Elapsed time for households 16.0063 sec
Iteration 93
Elapsed time for kappa 37.4531 sec
Elapsed time for experts 13.9618 sec
Elapsed time for households 13.8958 sec
Iteration 94
Elapsed time for kappa 38.0312 sec
Elapsed time for experts 14.1582 sec
Elapsed time for households 14.4666 sec
Iteration 95
Elapsed time for kappa 37.5040 sec
Elapsed time for experts 14.3458 sec
Elapsed time for households 14.3634 sec
Iteration 96
Elapsed time for kappa 36.6093 sec
Elapsed time for experts 14.2794 sec
Elapsed time for households 13.4645 sec
Iteration 97
Elapsed time for kappa 36.9749 sec
Elapsed time for experts 12.8956 sec
Elapsed time for households 21.2369 sec
Iteration 98
Elapsed time for kappa 37.3918 sec
Elapsed time for experts 13.3251 sec
Elapsed time for households 14.4397 sec
Iteration 99
Elapsed time for kappa 36.0970 sec
Elapsed time for experts 13.0129 sec
Elapsed time for households 11.9612 sec
Iteration 100
Elapsed time for kappa 36.8363 sec
Elapsed time for experts 15.3686 sec
Elapsed time for households 12.7013 sec
Iteration 101
Elapsed time for kappa 37.4944 sec
Elapsed time for experts 16.2053 sec
Elapsed time for households 13.0030 sec
Iteration 102
Elapsed time for kappa 37.1205 sec
Elapsed time for experts 13.5420 sec
Elapsed time for households 11.4293 sec
Iteration 103
Elapsed time for kappa 35.2586 sec
Elapsed time for experts 22.4214 sec
Elapsed time for households 14.6152 sec
Iteration 104
Elapsed time for kappa 38.1264 sec
Elapsed time for experts 15.4034 sec
Elapsed time for households 13.9845 sec
Iteration 105
Elapsed time for kappa 38.4706 sec
Elapsed time for experts 14.5659 sec
Elapsed time for households 13.4032 sec
Iteration 106
Elapsed time for kappa 38.0265 sec
Elapsed time for experts 14.4671 sec
Elapsed time for households 12.4059 sec
Iteration 107
Elapsed time for kappa 37.8487 sec
Elapsed time for experts 13.8140 sec
Elapsed time for households 12.7097 sec
Iteration 108
Elapsed time for kappa 36.7617 sec
Elapsed time for experts 13.0008 sec
Elapsed time for households 11.7965 sec
Iteration 109
Elapsed time for kappa 35.1011 sec
Elapsed time for experts 23.2828 sec
Elapsed time for households 14.1096 sec
Iteration 110
Elapsed time for kappa 38.8018 sec
Elapsed time for experts 15.3125 sec
Elapsed time for households 13.1465 sec
Iteration 111
Elapsed time for kappa 39.4168 sec
Elapsed time for experts 15.1077 sec
Elapsed time for households 12.9733 sec
Iteration 112
Elapsed time for kappa 38.3283 sec
Elapsed time for experts 13.6782 sec
Elapsed time for households 14.6683 sec
Iteration 113
Elapsed time for kappa 35.9990 sec
Elapsed time for experts 14.0678 sec
Elapsed time for households 13.2501 sec
Iteration 114
Elapsed time for kappa 36.0339 sec
Elapsed time for experts 13.7244 sec
Elapsed time for households 13.0304 sec
Iteration 115
Elapsed time for kappa 35.9544 sec
Elapsed time for experts 23.1222 sec
Elapsed time for households 13.5458 sec
Iteration 116
Elapsed time for kappa 38.4727 sec
Elapsed time for experts 16.2207 sec
Elapsed time for households 14.4821 sec
Iteration 117
Elapsed time for kappa 38.8638 sec
Elapsed time for experts 13.2042 sec
Elapsed time for households 13.2921 sec
Iteration 118
Elapsed time for kappa 38.1401 sec
Elapsed time for experts 14.3801 sec
Elapsed time for households 13.5554 sec
Iteration 119
Elapsed time for kappa 36.7791 sec
Elapsed time for experts 13.8591 sec
Elapsed time for households 12.7632 sec
Iteration 120
Elapsed time for kappa 36.7157 sec
Elapsed time for experts 15.2756 sec
Elapsed time for households 13.0430 sec
Iteration 121
Elapsed time for kappa 36.2322 sec
Elapsed time for experts 22.8183 sec
Elapsed time for households 13.4038 sec
Iteration 122
Elapsed time for kappa 40.1472 sec
Elapsed time for experts 14.3457 sec
Elapsed time for households 13.9849 sec
Iteration 123
Elapsed time for kappa 38.9434 sec
Elapsed time for experts 14.0624 sec
Elapsed time for households 13.5813 sec
Iteration 124
Elapsed time for kappa 36.9141 sec
Elapsed time for experts 13.8476 sec
Elapsed time for households 14.2105 sec
Iteration 125
Elapsed time for kappa 37.6272 sec
Elapsed time for experts 14.5942 sec
Elapsed time for households 13.0956 sec
Iteration 126
Elapsed time for kappa 36.3757 sec
Elapsed time for experts 14.3714 sec
Elapsed time for households 13.1969 sec
Iteration 127
Elapsed time for kappa 45.8368 sec
Elapsed time for experts 16.2724 sec
Elapsed time for households 14.0938 sec
Iteration 128
Elapsed time for kappa 39.2679 sec
Elapsed time for experts 15.0937 sec
Elapsed time for households 13.9893 sec
Iteration 129
Elapsed time for kappa 38.7967 sec
Elapsed time for experts 15.0349 sec
Elapsed time for households 13.5486 sec
Iteration 130
Elapsed time for kappa 37.2910 sec
Elapsed time for experts 14.9649 sec
Elapsed time for households 12.2506 sec
Iteration 131
Elapsed time for kappa 38.4473 sec
Elapsed time for experts 13.6308 sec
Elapsed time for households 12.4522 sec
Iteration 132
Elapsed time for kappa 36.6183 sec
Elapsed time for experts 13.7232 sec
Elapsed time for households 12.9845 sec
Iteration 133
Elapsed time for kappa 48.4068 sec
Elapsed time for experts 15.5684 sec
Elapsed time for households 13.7754 sec
Iteration 134
Elapsed time for kappa 38.5875 sec
Elapsed time for experts 14.9930 sec
Elapsed time for households 13.5794 sec
Iteration 135
Elapsed time for kappa 38.2105 sec
Elapsed time for experts 15.1800 sec
Elapsed time for households 13.0865 sec
Iteration 136
Elapsed time for kappa 37.3755 sec
Elapsed time for experts 14.8913 sec
Elapsed time for households 12.8535 sec
Iteration 137
Elapsed time for kappa 36.9064 sec
Elapsed time for experts 16.0685 sec
Elapsed time for households 12.9156 sec
Iteration 138
Elapsed time for kappa 36.3484 sec
Elapsed time for experts 14.6481 sec
Elapsed time for households 13.0127 sec
Iteration 139
Elapsed time for kappa 49.1263 sec
Elapsed time for experts 16.3514 sec
Elapsed time for households 14.0068 sec
Iteration 140
Elapsed time for kappa 40.0900 sec
Elapsed time for experts 14.3062 sec
Elapsed time for households 14.6982 sec
Iteration 141
Elapsed time for kappa 38.0143 sec
Elapsed time for experts 14.8722 sec
Elapsed time for households 11.9546 sec
Iteration 142
Elapsed time for kappa 39.0577 sec
Elapsed time for experts 13.8756 sec
Elapsed time for households 13.5957 sec
Iteration 143
Elapsed time for kappa 36.7755 sec
Elapsed time for experts 15.1141 sec
Elapsed time for households 13.7357 sec
Iteration 144
Elapsed time for kappa 35.3561 sec
Elapsed time for experts 14.8118 sec
Elapsed time for households 13.0452 sec
Iteration 145
Elapsed time for kappa 48.0957 sec
Elapsed time for experts 15.9301 sec
Elapsed time for households 14.1878 sec
Iteration 146
Elapsed time for kappa 39.4314 sec
Elapsed time for experts 15.1334 sec
Elapsed time for households 13.2235 sec
Iteration 147
Elapsed time for kappa 39.6623 sec
Elapsed time for experts 13.1961 sec
Elapsed time for households 12.7926 sec
Iteration 148
Elapsed time for kappa 38.1069 sec
Elapsed time for experts 14.4930 sec
Elapsed time for households 12.3085 sec
Iteration 149
Elapsed time for kappa 37.9703 sec
Elapsed time for experts 14.3527 sec
Elapsed time for households 12.3833 sec
Iteration 150
Elapsed time for kappa 37.0319 sec
Elapsed time for experts 14.7907 sec
Elapsed time for households 11.6159 sec
Iteration 151
Elapsed time for kappa 47.8726 sec
Elapsed time for experts 16.4510 sec
Elapsed time for households 14.6520 sec
Iteration 152
Elapsed time for kappa 39.3825 sec
Elapsed time for experts 14.6003 sec
Elapsed time for households 13.6690 sec
Iteration 153
Elapsed time for kappa 38.6135 sec
Elapsed time for experts 15.0394 sec
Elapsed time for households 14.2521 sec
Iteration 154
Elapsed time for kappa 37.8424 sec
Elapsed time for experts 14.3505 sec
Elapsed time for households 13.2035 sec
Iteration 155
Elapsed time for kappa 36.7124 sec
Elapsed time for experts 14.6512 sec
Elapsed time for households 12.3246 sec
Iteration 156
Elapsed time for kappa 37.1431 sec
Elapsed time for experts 13.9857 sec
Elapsed time for households 12.2219 sec
Iteration 157
Elapsed time for kappa 48.0600 sec
Elapsed time for experts 15.2299 sec
Elapsed time for households 14.7267 sec
Iteration 158
Elapsed time for kappa 40.1509 sec
Elapsed time for experts 14.3193 sec
Elapsed time for households 14.0596 sec
Iteration 159
Elapsed time for kappa 37.5379 sec
Elapsed time for experts 14.7985 sec
Elapsed time for households 13.1096 sec
Iteration 160
Elapsed time for kappa 37.3022 sec
Elapsed time for experts 13.7865 sec
Elapsed time for households 14.3456 sec
Iteration 161
Elapsed time for kappa 36.8755 sec
Elapsed time for experts 15.7927 sec
Elapsed time for households 12.9895 sec
Iteration 162
Elapsed time for kappa 36.2002 sec
Elapsed time for experts 14.2458 sec
Elapsed time for households 22.6645 sec
Iteration 163
Elapsed time for kappa 39.4480 sec
Elapsed time for experts 14.9257 sec
Elapsed time for households 13.6075 sec
Iteration 164
Elapsed time for kappa 38.4427 sec
Elapsed time for experts 15.5300 sec
Elapsed time for households 13.0750 sec
Iteration 165
Elapsed time for kappa 39.0569 sec
Elapsed time for experts 14.7751 sec
Elapsed time for households 12.7158 sec
Iteration 166
Elapsed time for kappa 38.6056 sec
Elapsed time for experts 14.4590 sec
Elapsed time for households 13.1526 sec
Iteration 167
Elapsed time for kappa 37.8455 sec
Elapsed time for experts 13.2513 sec
Elapsed time for households 11.9763 sec
Iteration 168
Elapsed time for kappa 37.6832 sec
Elapsed time for experts 24.1318 sec
Elapsed time for households 14.8953 sec
Iteration 169
Elapsed time for kappa 39.3073 sec
Elapsed time for experts 15.8202 sec
Elapsed time for households 13.9227 sec
Iteration 170
Elapsed time for kappa 38.1376 sec
Elapsed time for experts 15.4033 sec
Elapsed time for households 13.5480 sec
Iteration 171
Elapsed time for kappa 37.8599 sec
Elapsed time for experts 14.6229 sec
Elapsed time for households 13.0330 sec
Iteration 172
Elapsed time for kappa 37.8995 sec
Elapsed time for experts 13.6478 sec
Elapsed time for households 13.0850 sec
Iteration 173
Elapsed time for kappa 35.1302 sec
Elapsed time for experts 14.0609 sec
Elapsed time for households 12.6087 sec
Iteration 174
Elapsed time for kappa 35.3522 sec
Elapsed time for experts 14.2371 sec
Elapsed time for households 23.1556 sec
Iteration 175
Elapsed time for kappa 39.5580 sec
Elapsed time for experts 16.1969 sec
Elapsed time for households 13.0904 sec
Iteration 176
Elapsed time for kappa 39.6563 sec
Elapsed time for experts 15.0401 sec
Elapsed time for households 13.4100 sec
Iteration 177
Elapsed time for kappa 39.1845 sec
Elapsed time for experts 14.1355 sec
Elapsed time for households 13.1240 sec
Iteration 178
Elapsed time for kappa 38.1926 sec
Elapsed time for experts 13.5216 sec
Elapsed time for households 13.9753 sec
Iteration 179
Elapsed time for kappa 37.1086 sec
Elapsed time for experts 13.9789 sec
Elapsed time for households 13.4826 sec
Iteration 180
Elapsed time for kappa 36.2121 sec
Elapsed time for experts 13.7162 sec
Elapsed time for households 25.0495 sec
Iteration 181
Elapsed time for kappa 39.7277 sec
Elapsed time for experts 15.2488 sec
Elapsed time for households 14.5461 sec
Iteration 182
Elapsed time for kappa 38.7694 sec
Elapsed time for experts 15.0683 sec
Elapsed time for households 13.6256 sec
Iteration 183
Elapsed time for kappa 38.3147 sec
Elapsed time for experts 14.7737 sec
Elapsed time for households 13.5292 sec
Iteration 184
Elapsed time for kappa 37.8060 sec
Elapsed time for experts 14.4215 sec
Elapsed time for households 12.7856 sec
Iteration 185
Elapsed time for kappa 37.7848 sec
Elapsed time for experts 13.8828 sec
Elapsed time for households 12.3241 sec
Iteration 186
Elapsed time for kappa 37.4829 sec
Elapsed time for experts 13.4128 sec
Elapsed time for households 11.9619 sec
Iteration 187
Elapsed time for kappa 49.3278 sec
Elapsed time for experts 15.0206 sec
Elapsed time for households 14.8677 sec
Iteration 188
Elapsed time for kappa 39.2951 sec
Elapsed time for experts 15.9456 sec
Elapsed time for households 13.9060 sec
Iteration 189
Elapsed time for kappa 38.1640 sec
Elapsed time for experts 15.8079 sec
Elapsed time for households 13.6150 sec
Iteration 190
Elapsed time for kappa 36.9681 sec
Elapsed time for experts 15.1105 sec
Elapsed time for households 13.1088 sec
Iteration 191
Elapsed time for kappa 37.6640 sec
Elapsed time for experts 14.7127 sec
Elapsed time for households 13.4773 sec
Iteration 192
Elapsed time for kappa 36.2194 sec
Elapsed time for experts 14.0127 sec
Elapsed time for households 13.4775 sec
Iteration 193
Elapsed time for kappa 49.8619 sec
Elapsed time for experts 15.1393 sec
Elapsed time for households 13.2670 sec
Iteration 194
Elapsed time for kappa 39.7326 sec
Elapsed time for experts 15.2276 sec
Elapsed time for households 14.2975 sec
Iteration 195
Elapsed time for kappa 37.9943 sec
Elapsed time for experts 14.4873 sec
Elapsed time for households 14.9148 sec
Iteration 196
Elapsed time for kappa 38.4072 sec
Elapsed time for experts 14.8719 sec
Elapsed time for households 13.5187 sec
Iteration 197
Elapsed time for kappa 35.2906 sec
Elapsed time for experts 12.7128 sec
Elapsed time for households 11.5216 sec
Iteration 198
Elapsed time for kappa 37.5747 sec
Elapsed time for experts 23.1435 sec
Elapsed time for households 15.0154 sec
Iteration 199
Elapsed time for kappa 38.6704 sec
Elapsed time for experts 15.4190 sec
Elapsed time for households 12.5047 sec
Iteration 200
Elapsed time for kappa 36.9672 sec
Elapsed time for experts 15.0856 sec
Elapsed time for households 13.4736 sec
Iteration 201
Elapsed time for kappa 37.4982 sec
Elapsed time for experts 15.6819 sec
Elapsed time for households 13.4583 sec
Iteration 202
Elapsed time for kappa 35.3920 sec
Elapsed time for experts 13.8469 sec
Elapsed time for households 12.3738 sec
Iteration 203
Elapsed time for kappa 35.6972 sec
Elapsed time for experts 13.3821 sec
Elapsed time for households 14.1201 sec
Iteration 204
Elapsed time for kappa 35.7382 sec
Elapsed time for experts 13.9401 sec
Elapsed time for households 23.2452 sec
Iteration 205
Elapsed time for kappa 38.4984 sec
Elapsed time for experts 15.9289 sec
Elapsed time for households 12.1931 sec
Iteration 206
Elapsed time for kappa 38.6324 sec
Elapsed time for experts 15.5468 sec
Elapsed time for households 13.7681 sec
Iteration 207
Elapsed time for kappa 37.8343 sec
Elapsed time for experts 14.6118 sec
Elapsed time for households 14.9514 sec
Iteration 208
Elapsed time for kappa 36.8468 sec
Elapsed time for experts 14.7178 sec
Elapsed time for households 12.8768 sec
Iteration 209
Elapsed time for kappa 38.7321 sec
Elapsed time for experts 14.6208 sec
Elapsed time for households 13.3834 sec
Iteration 210
Elapsed time for kappa 36.1840 sec
Elapsed time for experts 14.0503 sec
Elapsed time for households 21.9815 sec
Iteration 211
Elapsed time for kappa 41.3177 sec
Elapsed time for experts 15.8431 sec
Elapsed time for households 13.1564 sec
Iteration 212
Elapsed time for kappa 39.4512 sec
Elapsed time for experts 13.0895 sec
Elapsed time for households 13.1952 sec
Iteration 213
Elapsed time for kappa 39.2773 sec
Elapsed time for experts 15.6180 sec
Elapsed time for households 13.0153 sec
Iteration 214
Elapsed time for kappa 38.1921 sec
Elapsed time for experts 13.9371 sec
Elapsed time for households 12.8805 sec
Iteration 215
Elapsed time for kappa 37.9723 sec
Elapsed time for experts 13.5403 sec
Elapsed time for households 14.3199 sec
Iteration 216
Elapsed time for kappa 36.2956 sec
Elapsed time for experts 14.3432 sec
Elapsed time for households 13.0426 sec
Iteration 217
Elapsed time for kappa 47.7549 sec
Elapsed time for experts 14.7023 sec
Elapsed time for households 14.2828 sec
Iteration 218
Elapsed time for kappa 38.6356 sec
Elapsed time for experts 15.7805 sec
Elapsed time for households 13.4210 sec
Iteration 219
Elapsed time for kappa 38.7331 sec
Elapsed time for experts 14.9714 sec
Elapsed time for households 14.5494 sec
Iteration 220
Elapsed time for kappa 35.2576 sec
Elapsed time for experts 14.5508 sec
Elapsed time for households 13.6718 sec
Iteration 221
Elapsed time for kappa 37.1676 sec
Elapsed time for experts 14.7927 sec
Elapsed time for households 12.1980 sec
Iteration 222
Elapsed time for kappa 33.9914 sec
Elapsed time for experts 14.2629 sec
Elapsed time for households 21.7362 sec
Iteration 223
Elapsed time for kappa 40.3055 sec
Elapsed time for experts 15.0740 sec
Elapsed time for households 13.7902 sec
Iteration 224
Elapsed time for kappa 39.1328 sec
Elapsed time for experts 14.6604 sec
Elapsed time for households 13.5613 sec
Iteration 225
Elapsed time for kappa 38.2138 sec
Elapsed time for experts 14.9190 sec
Elapsed time for households 13.5581 sec
Iteration 226
Elapsed time for kappa 38.8772 sec
Elapsed time for experts 15.5146 sec
Elapsed time for households 13.5296 sec
Iteration 227
Elapsed time for kappa 37.2885 sec
Elapsed time for experts 14.5211 sec
Elapsed time for households 12.3993 sec
Iteration 228
Elapsed time for kappa 37.8681 sec
Elapsed time for experts 14.3578 sec
Elapsed time for households 12.1615 sec
Iteration 229
Elapsed time for kappa 50.1686 sec
Elapsed time for experts 15.7756 sec
Elapsed time for households 14.2489 sec
Iteration 230
Elapsed time for kappa 38.9133 sec
Elapsed time for experts 15.4477 sec
Elapsed time for households 13.7915 sec
Iteration 231
Elapsed time for kappa 37.1584 sec
Elapsed time for experts 16.2619 sec
Elapsed time for households 14.7126 sec
Iteration 232
Elapsed time for kappa 36.0276 sec
Elapsed time for experts 13.4079 sec
Elapsed time for households 13.4643 sec
Iteration 233
Elapsed time for kappa 36.5169 sec
Elapsed time for experts 14.5682 sec
Elapsed time for households 13.2785 sec
Iteration 234
Elapsed time for kappa 35.7547 sec
Elapsed time for experts 13.9753 sec
Elapsed time for households 13.9070 sec
Iteration 235
Elapsed time for kappa 49.6616 sec
Elapsed time for experts 15.2299 sec
Elapsed time for households 14.7894 sec
Iteration 236
Elapsed time for kappa 39.4289 sec
Elapsed time for experts 15.5585 sec
Elapsed time for households 12.8690 sec
Iteration 237
Elapsed time for kappa 39.5645 sec
Elapsed time for experts 15.6145 sec
Elapsed time for households 12.8453 sec
Iteration 238
Elapsed time for kappa 38.9806 sec
Elapsed time for experts 13.9637 sec
Elapsed time for households 13.2788 sec
Iteration 239
Elapsed time for kappa 38.5602 sec
Elapsed time for experts 13.6249 sec
Elapsed time for households 13.6448 sec
Iteration 240
Elapsed time for kappa 38.1124 sec
Elapsed time for experts 23.8482 sec
Elapsed time for households 15.2734 sec
Iteration 241
Elapsed time for kappa 39.2575 sec
Elapsed time for experts 15.5290 sec
Elapsed time for households 13.9763 sec
Iteration 242
Elapsed time for kappa 40.0494 sec
Elapsed time for experts 15.5821 sec
Elapsed time for households 13.7969 sec
Iteration 243
Elapsed time for kappa 38.9011 sec
Elapsed time for experts 14.7726 sec
Elapsed time for households 14.1341 sec
Iteration 244
Elapsed time for kappa 37.3516 sec
Elapsed time for experts 13.6703 sec
Elapsed time for households 11.9476 sec
Iteration 245
Elapsed time for kappa 35.6241 sec
Elapsed time for experts 14.6174 sec
Elapsed time for households 13.7217 sec
Iteration 246
Elapsed time for kappa 35.7424 sec
Elapsed time for experts 13.1990 sec
Elapsed time for households 22.4979 sec
Iteration 247
Elapsed time for kappa 39.9824 sec
Elapsed time for experts 16.7981 sec
Elapsed time for households 14.8803 sec
Iteration 248
Elapsed time for kappa 40.3371 sec
Elapsed time for experts 14.9301 sec
Elapsed time for households 12.6664 sec
Iteration 249
Elapsed time for kappa 38.3079 sec
Elapsed time for experts 14.7476 sec
Elapsed time for households 13.0142 sec
Iteration 250
Elapsed time for kappa 39.4886 sec
Elapsed time for experts 13.8000 sec
Elapsed time for households 13.4619 sec
Iteration 251
Elapsed time for kappa 37.3336 sec
Elapsed time for experts 13.7588 sec
Elapsed time for households 13.6353 sec
Iteration 252
Elapsed time for kappa 35.9855 sec
Elapsed time for experts 13.7531 sec
Elapsed time for households 24.7022 sec
Iteration 253
Elapsed time for kappa 39.4242 sec
Elapsed time for experts 15.8627 sec
Elapsed time for households 16.9085 sec
Iteration 254
Elapsed time for kappa 39.5027 sec
Elapsed time for experts 16.4715 sec
Elapsed time for households 13.8513 sec
Iteration 255
Elapsed time for kappa 39.0696 sec
Elapsed time for experts 14.8608 sec
Elapsed time for households 12.6008 sec
Iteration 256
Elapsed time for kappa 36.9945 sec
Elapsed time for experts 15.0061 sec
Elapsed time for households 15.7601 sec
Iteration 257
Elapsed time for kappa 37.0700 sec
Elapsed time for experts 14.0354 sec
Elapsed time for households 14.0410 sec
Iteration 258
Elapsed time for kappa 35.7147 sec
Elapsed time for experts 13.7782 sec
Elapsed time for households 13.0830 sec
Iteration 259
Elapsed time for kappa 49.3052 sec
Elapsed time for experts 13.9256 sec
Elapsed time for households 12.8404 sec
Iteration 260
Elapsed time for kappa 39.0839 sec
Elapsed time for experts 14.3460 sec
Elapsed time for households 13.3889 sec
Iteration 261
Elapsed time for kappa 39.9929 sec
Elapsed time for experts 15.3801 sec
Elapsed time for households 15.0644 sec
Iteration 262
Elapsed time for kappa 38.5091 sec
Elapsed time for experts 14.5995 sec
Elapsed time for households 13.8676 sec
Iteration 263
Elapsed time for kappa 37.1961 sec
Elapsed time for experts 13.1741 sec
Elapsed time for households 13.7661 sec
Iteration 264
Elapsed time for kappa 36.2739 sec
Elapsed time for experts 13.2580 sec
Elapsed time for households 12.2822 sec
Iteration 265
Elapsed time for kappa 46.0769 sec
Elapsed time for experts 17.0209 sec
Elapsed time for households 14.9725 sec
Iteration 266
Elapsed time for kappa 39.8443 sec
Elapsed time for experts 13.3288 sec
Elapsed time for households 12.6906 sec
Iteration 267
Elapsed time for kappa 36.0474 sec
Elapsed time for experts 14.9965 sec
Elapsed time for households 13.8726 sec
Iteration 268
Elapsed time for kappa 37.4626 sec
Elapsed time for experts 14.8521 sec
Elapsed time for households 14.2297 sec
Iteration 269
Elapsed time for kappa 36.5628 sec
Elapsed time for experts 14.7999 sec
Elapsed time for households 13.3945 sec
Iteration 270
Elapsed time for kappa 34.9478 sec
Elapsed time for experts 14.5942 sec
Elapsed time for households 22.0999 sec
Iteration 271
Elapsed time for kappa 40.2162 sec
Elapsed time for experts 15.2150 sec
Elapsed time for households 13.5343 sec
Iteration 272
Elapsed time for kappa 39.6681 sec
Elapsed time for experts 15.2971 sec
Elapsed time for households 12.4113 sec
Iteration 273
Elapsed time for kappa 39.0511 sec
Elapsed time for experts 15.0064 sec
Elapsed time for households 15.7456 sec
Iteration 274
Elapsed time for kappa 38.4292 sec
Elapsed time for experts 14.5437 sec
Elapsed time for households 12.8253 sec
Iteration 275
Elapsed time for kappa 37.2153 sec
Elapsed time for experts 14.7053 sec
Elapsed time for households 14.7402 sec
Iteration 276
Elapsed time for kappa 37.1399 sec
Elapsed time for experts 13.6638 sec
Elapsed time for households 11.8106 sec
Iteration 277
Elapsed time for kappa 48.8324 sec
Elapsed time for experts 16.3582 sec
Elapsed time for households 14.4773 sec
Iteration 278
Elapsed time for kappa 40.2177 sec
Elapsed time for experts 15.3400 sec
Elapsed time for households 13.6584 sec
Iteration 279
Elapsed time for kappa 39.2722 sec
Elapsed time for experts 13.4121 sec
Elapsed time for households 15.2547 sec
Iteration 280
Elapsed time for kappa 38.4533 sec
Elapsed time for experts 14.5352 sec
Elapsed time for households 13.3759 sec
Iteration 281
Elapsed time for kappa 36.7026 sec
Elapsed time for experts 13.5462 sec
Elapsed time for households 12.4657 sec
Iteration 282
Elapsed time for kappa 35.4953 sec
Elapsed time for experts 13.6550 sec
Elapsed time for households 22.5510 sec
Iteration 283
Elapsed time for kappa 40.0189 sec
Elapsed time for experts 16.2574 sec
Elapsed time for households 13.5178 sec
Iteration 284
Elapsed time for kappa 39.7961 sec
Elapsed time for experts 13.8853 sec
Elapsed time for households 12.5287 sec
Iteration 285
Elapsed time for kappa 36.3255 sec
Elapsed time for experts 14.5529 sec
Elapsed time for households 13.2239 sec
Iteration 286
Elapsed time for kappa 35.9238 sec
Elapsed time for experts 13.8603 sec
Elapsed time for households 12.9188 sec
Iteration 287
Elapsed time for kappa 35.3673 sec
Elapsed time for experts 13.7593 sec
Elapsed time for households 12.3629 sec
Iteration 288
Elapsed time for kappa 34.6060 sec
Elapsed time for experts 14.1636 sec
Elapsed time for households 12.5079 sec
Iteration 289
Elapsed time for kappa 45.5375 sec
Elapsed time for experts 14.2892 sec
Elapsed time for households 12.5265 sec
Iteration 290
Elapsed time for kappa 35.1686 sec
Elapsed time for experts 14.0308 sec
Elapsed time for households 11.9035 sec
Iteration 291
Elapsed time for kappa 35.7911 sec
Elapsed time for experts 13.1610 sec
Elapsed time for households 12.1684 sec
Iteration 292
Elapsed time for kappa 34.4603 sec
Elapsed time for experts 13.4307 sec
Elapsed time for households 12.6175 sec
Iteration 293
Elapsed time for kappa 34.2588 sec
Elapsed time for experts 12.6454 sec
Elapsed time for households 11.7741 sec
Iteration 294
Elapsed time for kappa 34.0234 sec
Elapsed time for experts 12.5888 sec
Elapsed time for households 19.2829 sec
Iteration 295
Elapsed time for kappa 36.6898 sec
Elapsed time for experts 14.6972 sec
Elapsed time for households 13.4657 sec
Iteration 296
Elapsed time for kappa 35.6894 sec
Elapsed time for experts 13.3960 sec
Elapsed time for households 11.8565 sec
Iteration 297
Elapsed time for kappa 34.8525 sec
Elapsed time for experts 12.9359 sec
Elapsed time for households 12.1385 sec
Iteration 298
Elapsed time for kappa 34.8117 sec
Elapsed time for experts 12.7752 sec
Elapsed time for households 11.6753 sec
Iteration 299
Elapsed time for kappa 33.6998 sec
Elapsed time for experts 12.5759 sec
Elapsed time for households 13.3231 sec
Elapsed time for training 20189.1084 sec
