Iteration 0
Elapsed time for kappa 68.0863 sec
Elapsed time for experts 20.8638 sec
Elapsed time for households 14.5421 sec
Iteration 1
Elapsed time for kappa 31.3635 sec
Elapsed time for experts 13.8895 sec
Elapsed time for households 10.3796 sec
Iteration 2
Elapsed time for kappa 34.3082 sec
Elapsed time for experts 13.8067 sec
Elapsed time for households 12.7198 sec
Iteration 3
Elapsed time for kappa 31.7752 sec
Elapsed time for experts 13.9625 sec
Elapsed time for households 12.2353 sec
Iteration 4
Elapsed time for kappa 32.8786 sec
Elapsed time for experts 13.5503 sec
Elapsed time for households 11.5434 sec
Iteration 5
Elapsed time for kappa 32.0765 sec
Elapsed time for experts 13.8252 sec
Elapsed time for households 10.5138 sec
Iteration 6
Elapsed time for kappa 32.4691 sec
Elapsed time for experts 13.5025 sec
Elapsed time for households 10.6651 sec
Iteration 7
Elapsed time for kappa 32.7688 sec
Elapsed time for experts 13.8324 sec
Elapsed time for households 17.9350 sec
Iteration 8
Elapsed time for kappa 36.0819 sec
Elapsed time for experts 14.9366 sec
Elapsed time for households 12.1753 sec
Iteration 9
Elapsed time for kappa 32.1057 sec
Elapsed time for experts 12.7384 sec
Elapsed time for households 11.2503 sec
Iteration 10
Elapsed time for kappa 32.5883 sec
Elapsed time for experts 14.9682 sec
Elapsed time for households 12.2595 sec
Iteration 11
Elapsed time for kappa 31.7867 sec
Elapsed time for experts 14.5641 sec
Elapsed time for households 12.3969 sec
Iteration 12
Elapsed time for kappa 32.9312 sec
Elapsed time for experts 14.2472 sec
Elapsed time for households 11.0117 sec
Iteration 13
Elapsed time for kappa 31.8570 sec
Elapsed time for experts 13.6813 sec
Elapsed time for households 17.7497 sec
Iteration 14
Elapsed time for kappa 32.5954 sec
Elapsed time for experts 14.4473 sec
Elapsed time for households 12.0583 sec
Iteration 15
Elapsed time for kappa 31.8275 sec
Elapsed time for experts 14.1664 sec
Elapsed time for households 11.9335 sec
Iteration 16
Elapsed time for kappa 31.8106 sec
Elapsed time for experts 13.7719 sec
Elapsed time for households 11.9061 sec
Iteration 17
Elapsed time for kappa 31.7231 sec
Elapsed time for experts 13.8847 sec
Elapsed time for households 11.2113 sec
Iteration 18
Elapsed time for kappa 32.4037 sec
Elapsed time for experts 14.2748 sec
Elapsed time for households 10.5883 sec
Iteration 19
Elapsed time for kappa 31.9889 sec
Elapsed time for experts 20.8052 sec
Elapsed time for households 11.4047 sec
Iteration 20
Elapsed time for kappa 32.4942 sec
Elapsed time for experts 14.0851 sec
Elapsed time for households 10.7073 sec
Iteration 21
Elapsed time for kappa 32.1726 sec
Elapsed time for experts 13.8377 sec
Elapsed time for households 11.7841 sec
Iteration 22
Elapsed time for kappa 31.7754 sec
Elapsed time for experts 13.9130 sec
Elapsed time for households 13.4787 sec
Iteration 23
Elapsed time for kappa 31.6088 sec
Elapsed time for experts 13.5956 sec
Elapsed time for households 11.2627 sec
Iteration 24
Elapsed time for kappa 31.6631 sec
Elapsed time for experts 13.8149 sec
Elapsed time for households 11.0133 sec
Iteration 25
Elapsed time for kappa 31.8386 sec
Elapsed time for experts 21.5526 sec
Elapsed time for households 12.4373 sec
Iteration 26
Elapsed time for kappa 32.4622 sec
Elapsed time for experts 14.2483 sec
Elapsed time for households 12.5444 sec
Iteration 27
Elapsed time for kappa 32.2961 sec
Elapsed time for experts 13.8858 sec
Elapsed time for households 11.7523 sec
Iteration 28
Elapsed time for kappa 32.0198 sec
Elapsed time for experts 13.7780 sec
Elapsed time for households 11.1932 sec
Iteration 29
Elapsed time for kappa 31.5686 sec
Elapsed time for experts 14.6075 sec
Elapsed time for households 11.3873 sec
Iteration 30
Elapsed time for kappa 31.7692 sec
Elapsed time for experts 13.6255 sec
Elapsed time for households 10.7233 sec
Iteration 31
Elapsed time for kappa 31.5358 sec
Elapsed time for experts 21.4940 sec
Elapsed time for households 11.9329 sec
Iteration 32
Elapsed time for kappa 32.6026 sec
Elapsed time for experts 14.3800 sec
Elapsed time for households 10.3886 sec
Iteration 33
Elapsed time for kappa 32.4830 sec
Elapsed time for experts 14.7323 sec
Elapsed time for households 11.5102 sec
Iteration 34
Elapsed time for kappa 33.0653 sec
Elapsed time for experts 14.4749 sec
Elapsed time for households 10.5985 sec
Iteration 35
Elapsed time for kappa 31.6294 sec
Elapsed time for experts 13.8097 sec
Elapsed time for households 10.4485 sec
Iteration 36
Elapsed time for kappa 31.4958 sec
Elapsed time for experts 13.7806 sec
Elapsed time for households 10.0334 sec
Iteration 37
Elapsed time for kappa 40.8829 sec
Elapsed time for experts 15.6741 sec
Elapsed time for households 13.0256 sec
Iteration 38
Elapsed time for kappa 33.6874 sec
Elapsed time for experts 14.7627 sec
Elapsed time for households 11.8228 sec
Iteration 39
Elapsed time for kappa 32.4930 sec
Elapsed time for experts 13.7633 sec
Elapsed time for households 11.2668 sec
Iteration 40
Elapsed time for kappa 31.8124 sec
Elapsed time for experts 13.6740 sec
Elapsed time for households 10.5004 sec
Iteration 41
Elapsed time for kappa 31.2550 sec
Elapsed time for experts 13.5980 sec
Elapsed time for households 11.2553 sec
Iteration 42
Elapsed time for kappa 31.4679 sec
Elapsed time for experts 13.6326 sec
Elapsed time for households 10.9190 sec
Iteration 43
Elapsed time for kappa 40.1037 sec
Elapsed time for experts 14.7315 sec
Elapsed time for households 11.7128 sec
Iteration 44
Elapsed time for kappa 32.1718 sec
Elapsed time for experts 13.8021 sec
Elapsed time for households 10.6914 sec
Iteration 45
Elapsed time for kappa 32.8542 sec
Elapsed time for experts 13.9460 sec
Elapsed time for households 11.4286 sec
Iteration 46
Elapsed time for kappa 31.5889 sec
Elapsed time for experts 14.0167 sec
Elapsed time for households 11.3673 sec
Iteration 47
Elapsed time for kappa 32.4233 sec
Elapsed time for experts 14.6036 sec
Elapsed time for households 10.3748 sec
Iteration 48
Elapsed time for kappa 31.3803 sec
Elapsed time for experts 14.3928 sec
Elapsed time for households 11.8682 sec
Iteration 49
Elapsed time for kappa 39.6579 sec
Elapsed time for experts 14.8906 sec
Elapsed time for households 12.8218 sec
Iteration 50
Elapsed time for kappa 32.0866 sec
Elapsed time for experts 14.1028 sec
Elapsed time for households 10.7556 sec
Iteration 51
Elapsed time for kappa 31.6933 sec
Elapsed time for experts 13.9277 sec
Elapsed time for households 11.9207 sec
Iteration 52
Elapsed time for kappa 31.0364 sec
Elapsed time for experts 13.9628 sec
Elapsed time for households 11.3535 sec
Iteration 53
Elapsed time for kappa 31.2629 sec
Elapsed time for experts 13.7566 sec
Elapsed time for households 10.6245 sec
Iteration 54
Elapsed time for kappa 31.2974 sec
Elapsed time for experts 13.7240 sec
Elapsed time for households 11.6464 sec
Iteration 55
Elapsed time for kappa 39.4310 sec
Elapsed time for experts 15.1914 sec
Elapsed time for households 11.9210 sec
Iteration 56
Elapsed time for kappa 31.8957 sec
Elapsed time for experts 13.6380 sec
Elapsed time for households 10.8600 sec
Iteration 57
Elapsed time for kappa 32.2586 sec
Elapsed time for experts 15.0416 sec
Elapsed time for households 12.4522 sec
Iteration 58
Elapsed time for kappa 31.3573 sec
Elapsed time for experts 14.3354 sec
Elapsed time for households 11.1479 sec
Iteration 59
Elapsed time for kappa 33.0355 sec
Elapsed time for experts 11.9014 sec
Elapsed time for households 10.4355 sec
Iteration 60
Elapsed time for kappa 31.0774 sec
Elapsed time for experts 13.7791 sec
Elapsed time for households 11.1977 sec
Iteration 61
Elapsed time for kappa 37.9265 sec
Elapsed time for experts 14.0803 sec
Elapsed time for households 10.9790 sec
Iteration 62
Elapsed time for kappa 31.2775 sec
Elapsed time for experts 13.8292 sec
Elapsed time for households 11.8513 sec
Iteration 63
Elapsed time for kappa 31.1519 sec
Elapsed time for experts 13.6998 sec
Elapsed time for households 11.5337 sec
Iteration 64
Elapsed time for kappa 30.6022 sec
Elapsed time for experts 13.5617 sec
Elapsed time for households 11.3172 sec
Iteration 65
Elapsed time for kappa 30.7069 sec
Elapsed time for experts 14.7082 sec
Elapsed time for households 10.9183 sec
Iteration 66
Elapsed time for kappa 30.9405 sec
Elapsed time for experts 13.3663 sec
Elapsed time for households 10.5338 sec
Iteration 67
Elapsed time for kappa 37.8432 sec
Elapsed time for experts 14.1091 sec
Elapsed time for households 10.6515 sec
Iteration 68
Elapsed time for kappa 31.9316 sec
Elapsed time for experts 13.6343 sec
Elapsed time for households 11.5747 sec
Iteration 69
Elapsed time for kappa 33.6593 sec
Elapsed time for experts 14.0975 sec
Elapsed time for households 11.0162 sec
Iteration 70
Elapsed time for kappa 30.3264 sec
Elapsed time for experts 13.6597 sec
Elapsed time for households 10.9017 sec
Iteration 71
Elapsed time for kappa 31.4199 sec
Elapsed time for experts 14.5323 sec
Elapsed time for households 9.9558 sec
Iteration 72
Elapsed time for kappa 30.6993 sec
Elapsed time for experts 13.2409 sec
Elapsed time for households 18.0552 sec
Iteration 73
Elapsed time for kappa 32.7704 sec
Elapsed time for experts 12.3425 sec
Elapsed time for households 11.0211 sec
Iteration 74
Elapsed time for kappa 30.4056 sec
Elapsed time for experts 13.6207 sec
Elapsed time for households 12.2678 sec
Iteration 75
Elapsed time for kappa 31.6678 sec
Elapsed time for experts 14.4110 sec
Elapsed time for households 12.3224 sec
Iteration 76
Elapsed time for kappa 30.3756 sec
Elapsed time for experts 13.2218 sec
Elapsed time for households 10.2536 sec
Iteration 77
Elapsed time for kappa 31.4760 sec
Elapsed time for experts 11.8390 sec
Elapsed time for households 10.8559 sec
Iteration 78
Elapsed time for kappa 31.1425 sec
Elapsed time for experts 13.4576 sec
Elapsed time for households 17.0472 sec
Iteration 79
Elapsed time for kappa 31.7925 sec
Elapsed time for experts 14.1779 sec
Elapsed time for households 10.5582 sec
Iteration 80
Elapsed time for kappa 29.9298 sec
Elapsed time for experts 13.4164 sec
Elapsed time for households 11.1674 sec
Iteration 81
Elapsed time for kappa 29.9235 sec
Elapsed time for experts 13.8194 sec
Elapsed time for households 10.0767 sec
Iteration 82
Elapsed time for kappa 31.2769 sec
Elapsed time for experts 13.9351 sec
Elapsed time for households 11.1046 sec
Iteration 83
Elapsed time for kappa 29.5466 sec
Elapsed time for experts 13.0664 sec
Elapsed time for households 10.3413 sec
Iteration 84
Elapsed time for kappa 32.0574 sec
Elapsed time for experts 21.0445 sec
Elapsed time for households 12.1192 sec
Iteration 85
Elapsed time for kappa 31.1982 sec
Elapsed time for experts 13.7287 sec
Elapsed time for households 11.2405 sec
Iteration 86
Elapsed time for kappa 30.5754 sec
Elapsed time for experts 13.5016 sec
Elapsed time for households 11.4000 sec
Iteration 87
Elapsed time for kappa 31.3649 sec
Elapsed time for experts 13.6150 sec
Elapsed time for households 10.4076 sec
Iteration 88
Elapsed time for kappa 32.3779 sec
Elapsed time for experts 13.5046 sec
Elapsed time for households 10.8582 sec
Iteration 89
Elapsed time for kappa 29.3981 sec
Elapsed time for experts 13.2796 sec
Elapsed time for households 10.5605 sec
Iteration 90
Elapsed time for kappa 30.2327 sec
Elapsed time for experts 20.6478 sec
Elapsed time for households 11.3118 sec
Iteration 91
Elapsed time for kappa 30.6760 sec
Elapsed time for experts 13.7969 sec
Elapsed time for households 11.3162 sec
Iteration 92
Elapsed time for kappa 29.5612 sec
Elapsed time for experts 13.9997 sec
Elapsed time for households 11.5941 sec
Iteration 93
Elapsed time for kappa 31.2522 sec
Elapsed time for experts 14.3851 sec
Elapsed time for households 10.3399 sec
Iteration 94
Elapsed time for kappa 28.9233 sec
Elapsed time for experts 13.3958 sec
Elapsed time for households 10.8657 sec
Iteration 95
Elapsed time for kappa 29.2461 sec
Elapsed time for experts 13.1164 sec
Elapsed time for households 10.9121 sec
Iteration 96
Elapsed time for kappa 30.8070 sec
Elapsed time for experts 18.9888 sec
Elapsed time for households 11.6506 sec
Iteration 97
Elapsed time for kappa 30.4808 sec
Elapsed time for experts 14.3409 sec
Elapsed time for households 11.1008 sec
Iteration 98
Elapsed time for kappa 30.6134 sec
Elapsed time for experts 13.5283 sec
Elapsed time for households 10.0347 sec
Iteration 99
Elapsed time for kappa 29.4482 sec
Elapsed time for experts 12.1135 sec
Elapsed time for households 10.8994 sec
Iteration 100
Elapsed time for kappa 28.5952 sec
Elapsed time for experts 13.0708 sec
Elapsed time for households 10.4988 sec
Iteration 101
Elapsed time for kappa 28.9480 sec
Elapsed time for experts 13.2580 sec
Elapsed time for households 10.4096 sec
Iteration 102
Elapsed time for kappa 36.0738 sec
Elapsed time for experts 13.9439 sec
Elapsed time for households 10.8144 sec
Iteration 103
Elapsed time for kappa 29.5744 sec
Elapsed time for experts 13.5268 sec
Elapsed time for households 10.5645 sec
Iteration 104
Elapsed time for kappa 29.4027 sec
Elapsed time for experts 13.1421 sec
Elapsed time for households 10.1655 sec
Iteration 105
Elapsed time for kappa 31.7776 sec
Elapsed time for experts 14.1324 sec
Elapsed time for households 10.1407 sec
Iteration 106
Elapsed time for kappa 28.6932 sec
Elapsed time for experts 13.1073 sec
Elapsed time for households 9.6112 sec
Iteration 107
Elapsed time for kappa 28.5469 sec
Elapsed time for experts 12.4855 sec
Elapsed time for households 10.4089 sec
Iteration 108
Elapsed time for kappa 37.7427 sec
Elapsed time for experts 13.7060 sec
Elapsed time for households 11.3682 sec
Iteration 109
Elapsed time for kappa 29.6106 sec
Elapsed time for experts 12.6066 sec
Elapsed time for households 10.2374 sec
Iteration 110
Elapsed time for kappa 29.2591 sec
Elapsed time for experts 13.2023 sec
Elapsed time for households 9.9079 sec
Iteration 111
Elapsed time for kappa 28.7501 sec
Elapsed time for experts 12.9715 sec
Elapsed time for households 10.2341 sec
Iteration 112
Elapsed time for kappa 28.4821 sec
Elapsed time for experts 13.1874 sec
Elapsed time for households 10.6803 sec
Iteration 113
Elapsed time for kappa 29.3143 sec
Elapsed time for experts 13.2650 sec
Elapsed time for households 11.0148 sec
Iteration 114
Elapsed time for kappa 35.9528 sec
Elapsed time for experts 14.0291 sec
Elapsed time for households 10.5433 sec
Iteration 115
Elapsed time for kappa 29.4553 sec
Elapsed time for experts 13.5775 sec
Elapsed time for households 11.1852 sec
Iteration 116
Elapsed time for kappa 32.0762 sec
Elapsed time for experts 12.3621 sec
Elapsed time for households 10.1524 sec
Iteration 117
Elapsed time for kappa 29.9910 sec
Elapsed time for experts 14.0494 sec
Elapsed time for households 11.4136 sec
Iteration 118
Elapsed time for kappa 29.0493 sec
Elapsed time for experts 13.1613 sec
Elapsed time for households 10.1368 sec
Iteration 119
Elapsed time for kappa 29.0910 sec
Elapsed time for experts 13.0131 sec
Elapsed time for households 9.9746 sec
Iteration 120
Elapsed time for kappa 36.7199 sec
Elapsed time for experts 14.1810 sec
Elapsed time for households 10.9083 sec
Iteration 121
Elapsed time for kappa 29.4422 sec
Elapsed time for experts 13.4349 sec
Elapsed time for households 10.1960 sec
Iteration 122
Elapsed time for kappa 29.2212 sec
Elapsed time for experts 13.8758 sec
Elapsed time for households 11.5708 sec
Iteration 123
Elapsed time for kappa 29.0469 sec
Elapsed time for experts 13.1158 sec
Elapsed time for households 10.9761 sec
Iteration 124
Elapsed time for kappa 32.6577 sec
Elapsed time for experts 14.9081 sec
Elapsed time for households 10.6214 sec
Iteration 125
Elapsed time for kappa 28.4298 sec
Elapsed time for experts 13.6112 sec
Elapsed time for households 9.9422 sec
Iteration 126
Elapsed time for kappa 36.4987 sec
Elapsed time for experts 13.9002 sec
Elapsed time for households 10.4096 sec
Iteration 127
Elapsed time for kappa 30.7235 sec
Elapsed time for experts 14.6700 sec
Elapsed time for households 10.5183 sec
Iteration 128
Elapsed time for kappa 29.2438 sec
Elapsed time for experts 13.4312 sec
Elapsed time for households 9.9325 sec
Iteration 129
Elapsed time for kappa 28.6904 sec
Elapsed time for experts 13.2810 sec
Elapsed time for households 10.7231 sec
Iteration 130
Elapsed time for kappa 29.0901 sec
Elapsed time for experts 13.0772 sec
Elapsed time for households 10.0785 sec
Iteration 131
Elapsed time for kappa 29.3210 sec
Elapsed time for experts 13.2073 sec
Elapsed time for households 9.7134 sec
Iteration 132
Elapsed time for kappa 35.8735 sec
Elapsed time for experts 13.6140 sec
Elapsed time for households 10.5356 sec
Iteration 133
Elapsed time for kappa 29.8120 sec
Elapsed time for experts 13.7022 sec
Elapsed time for households 10.5953 sec
Iteration 134
Elapsed time for kappa 29.1013 sec
Elapsed time for experts 13.4199 sec
Elapsed time for households 11.3832 sec
Iteration 135
Elapsed time for kappa 28.7112 sec
Elapsed time for experts 14.0491 sec
Elapsed time for households 10.8748 sec
Iteration 136
Elapsed time for kappa 28.9110 sec
Elapsed time for experts 13.2487 sec
Elapsed time for households 10.0198 sec
Iteration 137
Elapsed time for kappa 28.5565 sec
Elapsed time for experts 12.8662 sec
Elapsed time for households 10.1346 sec
Iteration 138
Elapsed time for kappa 36.2212 sec
Elapsed time for experts 14.0824 sec
Elapsed time for households 9.9687 sec
Iteration 139
Elapsed time for kappa 29.3232 sec
Elapsed time for experts 13.4930 sec
Elapsed time for households 12.2690 sec
Iteration 140
Elapsed time for kappa 28.9647 sec
Elapsed time for experts 14.1342 sec
Elapsed time for households 10.6584 sec
Iteration 141
Elapsed time for kappa 30.5383 sec
Elapsed time for experts 13.3198 sec
Elapsed time for households 11.0379 sec
Iteration 142
Elapsed time for kappa 28.4869 sec
Elapsed time for experts 13.0218 sec
Elapsed time for households 9.8583 sec
Iteration 143
Elapsed time for kappa 28.6119 sec
Elapsed time for experts 13.0726 sec
Elapsed time for households 16.2219 sec
Iteration 144
Elapsed time for kappa 30.4412 sec
Elapsed time for experts 13.9827 sec
Elapsed time for households 10.1860 sec
Iteration 145
Elapsed time for kappa 29.8091 sec
Elapsed time for experts 13.4867 sec
Elapsed time for households 10.2256 sec
Iteration 146
Elapsed time for kappa 28.8561 sec
Elapsed time for experts 13.1601 sec
Elapsed time for households 10.1628 sec
Iteration 147
Elapsed time for kappa 28.6713 sec
Elapsed time for experts 13.5142 sec
Elapsed time for households 9.8717 sec
Iteration 148
Elapsed time for kappa 28.4798 sec
Elapsed time for experts 12.5912 sec
Elapsed time for households 9.9145 sec
Iteration 149
Elapsed time for kappa 28.4046 sec
Elapsed time for experts 12.8801 sec
Elapsed time for households 16.0213 sec
Iteration 150
Elapsed time for kappa 29.9177 sec
Elapsed time for experts 11.9983 sec
Elapsed time for households 10.3177 sec
Iteration 151
Elapsed time for kappa 29.4009 sec
Elapsed time for experts 13.5642 sec
Elapsed time for households 10.3265 sec
Iteration 152
Elapsed time for kappa 29.2965 sec
Elapsed time for experts 14.2876 sec
Elapsed time for households 10.3957 sec
Iteration 153
Elapsed time for kappa 29.2647 sec
Elapsed time for experts 13.4197 sec
Elapsed time for households 10.0293 sec
Iteration 154
Elapsed time for kappa 28.3875 sec
Elapsed time for experts 13.0496 sec
Elapsed time for households 10.1439 sec
Iteration 155
Elapsed time for kappa 28.0326 sec
Elapsed time for experts 10.6178 sec
Elapsed time for households 16.3452 sec
Iteration 156
Elapsed time for kappa 31.2958 sec
Elapsed time for experts 14.1760 sec
Elapsed time for households 10.6748 sec
Iteration 157
Elapsed time for kappa 29.6052 sec
Elapsed time for experts 13.8288 sec
Elapsed time for households 11.1116 sec
Iteration 158
Elapsed time for kappa 30.7627 sec
Elapsed time for experts 14.5036 sec
Elapsed time for households 11.3225 sec
Iteration 159
Elapsed time for kappa 28.6887 sec
Elapsed time for experts 13.1442 sec
Elapsed time for households 10.0711 sec
Iteration 160
Elapsed time for kappa 28.8045 sec
Elapsed time for experts 12.8794 sec
Elapsed time for households 9.8611 sec
Iteration 161
Elapsed time for kappa 28.3474 sec
Elapsed time for experts 13.1910 sec
Elapsed time for households 10.8427 sec
Iteration 162
Elapsed time for kappa 36.4884 sec
Elapsed time for experts 12.9680 sec
Elapsed time for households 10.3795 sec
Iteration 163
Elapsed time for kappa 29.9211 sec
Elapsed time for experts 13.4531 sec
Elapsed time for households 9.9901 sec
Iteration 164
Elapsed time for kappa 29.4503 sec
Elapsed time for experts 13.9869 sec
Elapsed time for households 12.0066 sec
Iteration 165
Elapsed time for kappa 30.1398 sec
Elapsed time for experts 13.9112 sec
Elapsed time for households 10.2369 sec
Iteration 166
Elapsed time for kappa 29.2276 sec
Elapsed time for experts 13.1471 sec
Elapsed time for households 10.0940 sec
Iteration 167
Elapsed time for kappa 29.1254 sec
Elapsed time for experts 13.9658 sec
Elapsed time for households 10.5867 sec
Iteration 168
Elapsed time for kappa 36.6892 sec
Elapsed time for experts 14.8757 sec
Elapsed time for households 10.6283 sec
Iteration 169
Elapsed time for kappa 33.3016 sec
Elapsed time for experts 14.9769 sec
Elapsed time for households 10.6934 sec
Iteration 170
Elapsed time for kappa 29.4580 sec
Elapsed time for experts 14.1649 sec
Elapsed time for households 10.0499 sec
Iteration 171
Elapsed time for kappa 29.0201 sec
Elapsed time for experts 13.1176 sec
Elapsed time for households 10.6601 sec
Iteration 172
Elapsed time for kappa 28.5504 sec
Elapsed time for experts 13.1466 sec
Elapsed time for households 10.1229 sec
Iteration 173
Elapsed time for kappa 28.5135 sec
Elapsed time for experts 13.2502 sec
Elapsed time for households 16.1110 sec
Iteration 174
Elapsed time for kappa 31.0839 sec
Elapsed time for experts 13.3982 sec
Elapsed time for households 10.1683 sec
Iteration 175
Elapsed time for kappa 29.4834 sec
Elapsed time for experts 13.5589 sec
Elapsed time for households 10.6206 sec
Iteration 176
Elapsed time for kappa 30.6009 sec
Elapsed time for experts 14.4693 sec
Elapsed time for households 11.0429 sec
Iteration 177
Elapsed time for kappa 30.6813 sec
Elapsed time for experts 13.5659 sec
Elapsed time for households 9.9223 sec
Iteration 178
Elapsed time for kappa 28.5091 sec
Elapsed time for experts 13.0532 sec
Elapsed time for households 10.0433 sec
Iteration 179
Elapsed time for kappa 28.5787 sec
Elapsed time for experts 13.2016 sec
Elapsed time for households 9.6531 sec
Iteration 180
Elapsed time for kappa 36.9502 sec
Elapsed time for experts 14.0555 sec
Elapsed time for households 10.5938 sec
Iteration 181
Elapsed time for kappa 29.7375 sec
Elapsed time for experts 13.6860 sec
Elapsed time for households 11.7972 sec
Iteration 182
Elapsed time for kappa 29.4401 sec
Elapsed time for experts 13.8400 sec
Elapsed time for households 10.5136 sec
Iteration 183
Elapsed time for kappa 29.1267 sec
Elapsed time for experts 13.3119 sec
Elapsed time for households 10.7215 sec
Iteration 184
Elapsed time for kappa 28.7785 sec
Elapsed time for experts 12.9719 sec
Elapsed time for households 10.9096 sec
Iteration 185
Elapsed time for kappa 31.3002 sec
Elapsed time for experts 14.1839 sec
Elapsed time for households 15.7109 sec
Iteration 186
Elapsed time for kappa 30.2977 sec
Elapsed time for experts 13.7759 sec
Elapsed time for households 10.1652 sec
Iteration 187
Elapsed time for kappa 29.8553 sec
Elapsed time for experts 14.8172 sec
Elapsed time for households 10.9629 sec
Iteration 188
Elapsed time for kappa 29.3506 sec
Elapsed time for experts 11.2936 sec
Elapsed time for households 10.1666 sec
Iteration 189
Elapsed time for kappa 29.0778 sec
Elapsed time for experts 12.5980 sec
Elapsed time for households 10.5652 sec
Iteration 190
Elapsed time for kappa 28.2662 sec
Elapsed time for experts 11.6569 sec
Elapsed time for households 9.8369 sec
Iteration 191
Elapsed time for kappa 28.6880 sec
Elapsed time for experts 12.4702 sec
Elapsed time for households 9.9202 sec
Iteration 192
Elapsed time for kappa 37.2847 sec
Elapsed time for experts 14.1876 sec
Elapsed time for households 11.1023 sec
Iteration 193
Elapsed time for kappa 29.8451 sec
Elapsed time for experts 12.6669 sec
Elapsed time for households 10.3052 sec
Iteration 194
Elapsed time for kappa 29.6427 sec
Elapsed time for experts 13.6605 sec
Elapsed time for households 10.3936 sec
Iteration 195
Elapsed time for kappa 30.1806 sec
Elapsed time for experts 14.0455 sec
Elapsed time for households 10.6634 sec
Iteration 196
Elapsed time for kappa 29.0247 sec
Elapsed time for experts 13.3738 sec
Elapsed time for households 10.5089 sec
Iteration 197
Elapsed time for kappa 28.3820 sec
Elapsed time for experts 12.9646 sec
Elapsed time for households 9.6111 sec
Iteration 198
Elapsed time for kappa 36.7787 sec
Elapsed time for experts 13.7438 sec
Elapsed time for households 11.2137 sec
Iteration 199
Elapsed time for kappa 29.9398 sec
Elapsed time for experts 13.6114 sec
Elapsed time for households 10.6011 sec
Iteration 200
Elapsed time for kappa 29.4890 sec
Elapsed time for experts 13.5712 sec
Elapsed time for households 10.1904 sec
Iteration 201
Elapsed time for kappa 29.0823 sec
Elapsed time for experts 13.3411 sec
Elapsed time for households 9.8755 sec
Iteration 202
Elapsed time for kappa 28.9197 sec
Elapsed time for experts 13.1697 sec
Elapsed time for households 9.6768 sec
Iteration 203
Elapsed time for kappa 28.4238 sec
Elapsed time for experts 12.3266 sec
Elapsed time for households 15.6988 sec
Iteration 204
Elapsed time for kappa 33.1893 sec
Elapsed time for experts 13.9477 sec
Elapsed time for households 10.4430 sec
Iteration 205
Elapsed time for kappa 30.2218 sec
Elapsed time for experts 13.9672 sec
Elapsed time for households 10.0390 sec
Iteration 206
Elapsed time for kappa 30.4892 sec
Elapsed time for experts 13.4256 sec
Elapsed time for households 10.1691 sec
Iteration 207
Elapsed time for kappa 29.0062 sec
Elapsed time for experts 13.4277 sec
Elapsed time for households 9.9504 sec
Iteration 208
Elapsed time for kappa 28.7297 sec
Elapsed time for experts 13.2945 sec
Elapsed time for households 9.5959 sec
Iteration 209
Elapsed time for kappa 28.4909 sec
Elapsed time for experts 13.7006 sec
Elapsed time for households 10.0066 sec
Iteration 210
Elapsed time for kappa 36.9908 sec
Elapsed time for experts 14.3654 sec
Elapsed time for households 10.2404 sec
Iteration 211
Elapsed time for kappa 29.7037 sec
Elapsed time for experts 13.6299 sec
Elapsed time for households 10.7297 sec
Iteration 212
Elapsed time for kappa 31.2606 sec
Elapsed time for experts 14.5146 sec
Elapsed time for households 10.3631 sec
Iteration 213
Elapsed time for kappa 29.0877 sec
Elapsed time for experts 13.8068 sec
Elapsed time for households 10.8281 sec
Iteration 214
Elapsed time for kappa 29.4869 sec
Elapsed time for experts 12.5588 sec
Elapsed time for households 9.7545 sec
Iteration 215
Elapsed time for kappa 28.7800 sec
Elapsed time for experts 13.6870 sec
Elapsed time for households 16.2188 sec
Iteration 216
Elapsed time for kappa 31.7277 sec
Elapsed time for experts 14.7807 sec
Elapsed time for households 12.3387 sec
Iteration 217
Elapsed time for kappa 34.0592 sec
Elapsed time for experts 13.6123 sec
Elapsed time for households 10.1089 sec
Iteration 218
Elapsed time for kappa 29.6061 sec
Elapsed time for experts 13.5948 sec
Elapsed time for households 10.3106 sec
Iteration 219
Elapsed time for kappa 28.8788 sec
Elapsed time for experts 13.7980 sec
Elapsed time for households 9.8006 sec
Iteration 220
Elapsed time for kappa 29.0017 sec
Elapsed time for experts 13.0474 sec
Elapsed time for households 9.6498 sec
Iteration 221
Elapsed time for kappa 28.3525 sec
Elapsed time for experts 12.7840 sec
Elapsed time for households 9.7584 sec
Iteration 222
Elapsed time for kappa 37.5996 sec
Elapsed time for experts 14.7478 sec
Elapsed time for households 10.5083 sec
Iteration 223
Elapsed time for kappa 29.6653 sec
Elapsed time for experts 13.5686 sec
Elapsed time for households 10.4126 sec
Iteration 224
Elapsed time for kappa 29.9104 sec
Elapsed time for experts 13.4136 sec
Elapsed time for households 10.0427 sec
Iteration 225
Elapsed time for kappa 29.7066 sec
Elapsed time for experts 14.2493 sec
Elapsed time for households 10.6989 sec
Iteration 226
Elapsed time for kappa 29.3491 sec
Elapsed time for experts 13.2906 sec
Elapsed time for households 9.9551 sec
Iteration 227
Elapsed time for kappa 28.8403 sec
Elapsed time for experts 13.2950 sec
Elapsed time for households 16.2379 sec
Iteration 228
Elapsed time for kappa 30.1820 sec
Elapsed time for experts 13.0161 sec
Elapsed time for households 10.4300 sec
Iteration 229
Elapsed time for kappa 29.4452 sec
Elapsed time for experts 13.8501 sec
Elapsed time for households 10.9135 sec
Iteration 230
Elapsed time for kappa 29.7015 sec
Elapsed time for experts 13.6850 sec
Elapsed time for households 10.4708 sec
Iteration 231
Elapsed time for kappa 29.9502 sec
Elapsed time for experts 13.8038 sec
Elapsed time for households 10.9974 sec
Iteration 232
Elapsed time for kappa 29.5740 sec
Elapsed time for experts 13.0947 sec
Elapsed time for households 9.7443 sec
Iteration 233
Elapsed time for kappa 28.0404 sec
Elapsed time for experts 12.5552 sec
Elapsed time for households 10.0049 sec
Iteration 234
Elapsed time for kappa 38.7959 sec
Elapsed time for experts 15.3037 sec
Elapsed time for households 11.0818 sec
Iteration 235
Elapsed time for kappa 31.4662 sec
Elapsed time for experts 12.7652 sec
Elapsed time for households 10.2536 sec
Iteration 236
Elapsed time for kappa 29.5508 sec
Elapsed time for experts 13.4804 sec
Elapsed time for households 10.1472 sec
Iteration 237
Elapsed time for kappa 29.5876 sec
Elapsed time for experts 14.1608 sec
Elapsed time for households 10.6695 sec
Iteration 238
Elapsed time for kappa 30.6266 sec
Elapsed time for experts 13.0722 sec
Elapsed time for households 10.0807 sec
Iteration 239
Elapsed time for kappa 28.7641 sec
Elapsed time for experts 13.4062 sec
Elapsed time for households 9.8157 sec
Iteration 240
Elapsed time for kappa 36.1169 sec
Elapsed time for experts 15.9296 sec
Elapsed time for households 10.6338 sec
Iteration 241
Elapsed time for kappa 29.8174 sec
Elapsed time for experts 13.6103 sec
Elapsed time for households 10.1522 sec
Iteration 242
Elapsed time for kappa 29.7580 sec
Elapsed time for experts 13.4903 sec
Elapsed time for households 10.7546 sec
Iteration 243
Elapsed time for kappa 29.6252 sec
Elapsed time for experts 13.5164 sec
Elapsed time for households 10.0034 sec
Iteration 244
Elapsed time for kappa 29.4207 sec
Elapsed time for experts 13.3472 sec
Elapsed time for households 9.9915 sec
Iteration 245
Elapsed time for kappa 31.5131 sec
Elapsed time for experts 14.4118 sec
Elapsed time for households 16.3237 sec
Iteration 246
Elapsed time for kappa 32.0392 sec
Elapsed time for experts 13.8610 sec
Elapsed time for households 10.6231 sec
Iteration 247
Elapsed time for kappa 29.8165 sec
Elapsed time for experts 11.1562 sec
Elapsed time for households 10.6877 sec
Iteration 248
Elapsed time for kappa 30.0052 sec
Elapsed time for experts 13.6088 sec
Elapsed time for households 10.0400 sec
Iteration 249
Elapsed time for kappa 29.1674 sec
Elapsed time for experts 13.4949 sec
Elapsed time for households 9.8534 sec
Iteration 250
Elapsed time for kappa 28.7880 sec
Elapsed time for experts 13.1259 sec
Elapsed time for households 9.9887 sec
Iteration 251
Elapsed time for kappa 28.2487 sec
Elapsed time for experts 12.9229 sec
Elapsed time for households 9.6665 sec
Iteration 252
Elapsed time for kappa 37.2684 sec
Elapsed time for experts 13.9832 sec
Elapsed time for households 10.4419 sec
Iteration 253
Elapsed time for kappa 29.5176 sec
Elapsed time for experts 13.8901 sec
Elapsed time for households 10.3845 sec
Iteration 254
Elapsed time for kappa 30.7866 sec
Elapsed time for experts 13.6884 sec
Elapsed time for households 10.3311 sec
Iteration 255
Elapsed time for kappa 29.4259 sec
Elapsed time for experts 12.9315 sec
Elapsed time for households 10.5118 sec
Iteration 256
Elapsed time for kappa 28.7883 sec
Elapsed time for experts 11.8929 sec
Elapsed time for households 10.1469 sec
Iteration 257
Elapsed time for kappa 28.7902 sec
Elapsed time for experts 10.8612 sec
Elapsed time for households 16.2089 sec
Iteration 258
Elapsed time for kappa 30.5058 sec
Elapsed time for experts 12.2850 sec
Elapsed time for households 10.4069 sec
Iteration 259
Elapsed time for kappa 29.6763 sec
Elapsed time for experts 12.6696 sec
Elapsed time for households 10.2655 sec
Iteration 260
Elapsed time for kappa 29.7576 sec
Elapsed time for experts 13.9832 sec
Elapsed time for households 10.5839 sec
Iteration 261
Elapsed time for kappa 29.8387 sec
Elapsed time for experts 13.4905 sec
Elapsed time for households 10.4986 sec
Iteration 262
Elapsed time for kappa 29.6699 sec
Elapsed time for experts 13.3233 sec
Elapsed time for households 9.8110 sec
Iteration 263
Elapsed time for kappa 28.3656 sec
Elapsed time for experts 13.2343 sec
Elapsed time for households 9.6912 sec
Iteration 264
Elapsed time for kappa 37.6073 sec
Elapsed time for experts 14.2224 sec
Elapsed time for households 10.3779 sec
Iteration 265
Elapsed time for kappa 30.0224 sec
Elapsed time for experts 13.7925 sec
Elapsed time for households 11.2100 sec
Iteration 266
Elapsed time for kappa 32.9062 sec
Elapsed time for experts 13.9886 sec
Elapsed time for households 10.4092 sec
Iteration 267
Elapsed time for kappa 29.5627 sec
Elapsed time for experts 12.5828 sec
Elapsed time for households 10.4230 sec
Iteration 268
Elapsed time for kappa 29.0711 sec
Elapsed time for experts 12.5073 sec
Elapsed time for households 10.2676 sec
Iteration 269
Elapsed time for kappa 28.6387 sec
Elapsed time for experts 13.1234 sec
Elapsed time for households 9.9561 sec
Iteration 270
Elapsed time for kappa 36.3247 sec
Elapsed time for experts 13.9533 sec
Elapsed time for households 10.4513 sec
Iteration 271
Elapsed time for kappa 30.6508 sec
Elapsed time for experts 13.4606 sec
Elapsed time for households 10.8683 sec
Iteration 272
Elapsed time for kappa 29.9877 sec
Elapsed time for experts 13.4713 sec
Elapsed time for households 10.7663 sec
Iteration 273
Elapsed time for kappa 30.6248 sec
Elapsed time for experts 13.6238 sec
Elapsed time for households 10.2071 sec
Iteration 274
Elapsed time for kappa 29.8324 sec
Elapsed time for experts 12.3702 sec
Elapsed time for households 10.0137 sec
Iteration 275
Elapsed time for kappa 28.6667 sec
Elapsed time for experts 13.2885 sec
Elapsed time for households 15.8021 sec
Iteration 276
Elapsed time for kappa 30.4534 sec
Elapsed time for experts 13.7585 sec
Elapsed time for households 10.2697 sec
Iteration 277
Elapsed time for kappa 29.8972 sec
Elapsed time for experts 11.5895 sec
Elapsed time for households 10.3190 sec
Iteration 278
Elapsed time for kappa 29.9201 sec
Elapsed time for experts 12.3503 sec
Elapsed time for households 10.3142 sec
Iteration 279
Elapsed time for kappa 29.0750 sec
Elapsed time for experts 13.3295 sec
Elapsed time for households 9.9679 sec
Iteration 280
Elapsed time for kappa 30.0149 sec
Elapsed time for experts 13.8171 sec
Elapsed time for households 10.4205 sec
Iteration 281
Elapsed time for kappa 29.0474 sec
Elapsed time for experts 13.0564 sec
Elapsed time for households 9.7080 sec
Iteration 282
Elapsed time for kappa 36.9118 sec
Elapsed time for experts 13.7630 sec
Elapsed time for households 10.3322 sec
Iteration 283
Elapsed time for kappa 31.6208 sec
Elapsed time for experts 14.7958 sec
Elapsed time for households 11.0024 sec
Iteration 284
Elapsed time for kappa 31.4994 sec
Elapsed time for experts 12.1396 sec
Elapsed time for households 10.3220 sec
Iteration 285
Elapsed time for kappa 29.4922 sec
Elapsed time for experts 12.9307 sec
Elapsed time for households 10.4438 sec
Iteration 286
Elapsed time for kappa 28.9264 sec
Elapsed time for experts 11.5769 sec
Elapsed time for households 11.1488 sec
Iteration 287
Elapsed time for kappa 28.6440 sec
Elapsed time for experts 12.6451 sec
Elapsed time for households 17.2945 sec
Iteration 288
Elapsed time for kappa 30.6638 sec
Elapsed time for experts 14.0268 sec
Elapsed time for households 10.4466 sec
Iteration 289
Elapsed time for kappa 29.8167 sec
Elapsed time for experts 12.6860 sec
Elapsed time for households 11.0079 sec
Iteration 290
Elapsed time for kappa 29.6405 sec
Elapsed time for experts 12.2903 sec
Elapsed time for households 10.2286 sec
Iteration 291
Elapsed time for kappa 29.5364 sec
Elapsed time for experts 12.9285 sec
Elapsed time for households 10.9521 sec
Iteration 292
Elapsed time for kappa 31.5909 sec
Elapsed time for experts 14.4934 sec
Elapsed time for households 9.6537 sec
Iteration 293
Elapsed time for kappa 28.2763 sec
Elapsed time for experts 12.9256 sec
Elapsed time for households 9.8074 sec
Iteration 294
Elapsed time for kappa 37.9948 sec
Elapsed time for experts 12.7661 sec
Elapsed time for households 10.6122 sec
Iteration 295
Elapsed time for kappa 30.4499 sec
Elapsed time for experts 14.5064 sec
Elapsed time for households 11.0099 sec
Iteration 296
Elapsed time for kappa 30.3426 sec
Elapsed time for experts 13.7137 sec
Elapsed time for households 11.2661 sec
Iteration 297
Elapsed time for kappa 33.2836 sec
Elapsed time for experts 15.0552 sec
Elapsed time for households 9.9962 sec
Iteration 298
Elapsed time for kappa 29.2626 sec
Elapsed time for experts 13.3012 sec
Elapsed time for households 9.7989 sec
Iteration 299
Elapsed time for kappa 28.5946 sec
Elapsed time for experts 13.1247 sec
Elapsed time for households 16.4431 sec
Elapsed time for training 16774.0154 sec
90000 90000 90000 90000
