2022-10-02 22:59:39.847333: I tensorflow/core/platform/cpu_feature_guard.cc:193] This TensorFlow binary is optimized with oneAPI Deep Neural Network Library (oneDNN) to use the following CPU instructions in performance-critical operations:  AVX2 AVX512F AVX512_VNNI FMA
To enable them in other operations, rebuild TensorFlow with the appropriate compiler flags.
2022-10-02 22:59:39.993837: I tensorflow/core/util/util.cc:169] oneDNN custom operations are on. You may see slightly different numerical results due to floating-point round-off errors from different computation orders. To turn them off, set the environment variable `TF_ENABLE_ONEDNN_OPTS=0`.
2022-10-02 22:59:39.999341: W tensorflow/stream_executor/platform/default/dso_loader.cc:64] Could not load dynamic library 'libcudart.so.11.0'; dlerror: libcudart.so.11.0: cannot open shared object file: No such file or directory; LD_LIBRARY_PATH: /software/python-anaconda-2022.05-el8-x86_64/lib:/software/cudnn-8.3.1-el8-x86_64/lib64
2022-10-02 22:59:39.999368: I tensorflow/stream_executor/cuda/cudart_stub.cc:29] Ignore above cudart dlerror if you do not have a GPU set up on your machine.
2022-10-02 22:59:40.026038: E tensorflow/stream_executor/cuda/cuda_blas.cc:2981] Unable to register cuBLAS factory: Attempting to register factory for plugin cuBLAS when one has already been registered
2022-10-02 22:59:40.746813: W tensorflow/stream_executor/platform/default/dso_loader.cc:64] Could not load dynamic library 'libnvinfer.so.7'; dlerror: libnvinfer.so.7: cannot open shared object file: No such file or directory; LD_LIBRARY_PATH: /software/python-anaconda-2022.05-el8-x86_64/lib:/software/cudnn-8.3.1-el8-x86_64/lib64
2022-10-02 22:59:40.746920: W tensorflow/stream_executor/platform/default/dso_loader.cc:64] Could not load dynamic library 'libnvinfer_plugin.so.7'; dlerror: libnvinfer_plugin.so.7: cannot open shared object file: No such file or directory; LD_LIBRARY_PATH: /software/python-anaconda-2022.05-el8-x86_64/lib:/software/cudnn-8.3.1-el8-x86_64/lib64
2022-10-02 22:59:40.746932: W tensorflow/compiler/tf2tensorrt/utils/py_utils.cc:38] TF-TRT Warning: Cannot dlopen some TensorRT libraries. If you would like to use Nvidia GPU with TensorRT, please make sure the missing libraries mentioned above are installed properly.
2022-10-02 22:59:43.520135: W tensorflow/stream_executor/platform/default/dso_loader.cc:64] Could not load dynamic library 'libcuda.so.1'; dlerror: libcuda.so.1: cannot open shared object file: No such file or directory; LD_LIBRARY_PATH: /software/python-anaconda-2022.05-el8-x86_64/lib:/software/cudnn-8.3.1-el8-x86_64/lib64
2022-10-02 22:59:43.520175: W tensorflow/stream_executor/cuda/cuda_driver.cc:263] failed call to cuInit: UNKNOWN ERROR (303)
2022-10-02 22:59:43.520194: I tensorflow/stream_executor/cuda/cuda_diagnostics.cc:156] kernel driver does not appear to be running on this host (midway3-0137.rcc.local): /proc/driver/nvidia/version does not exist
2022-10-02 22:59:43.520617: I tensorflow/core/platform/cpu_feature_guard.cc:193] This TensorFlow binary is optimized with oneAPI Deep Neural Network Library (oneDNN) to use the following CPU instructions in performance-critical operations:  AVX2 AVX512F AVX512_VNNI FMA
To enable them in other operations, rebuild TensorFlow with the appropriate compiler flags.
2022-10-02 23:00:22.494585: W tensorflow/core/common_runtime/forward_type_inference.cc:332] Type inference failed. This indicates an invalid graph that escaped type checking. Error message: INVALID_ARGUMENT: expected compatible input types, but input 1:
type_id: TFT_OPTIONAL
args {
  type_id: TFT_PRODUCT
  args {
    type_id: TFT_TENSOR
    args {
      type_id: TFT_BOOL
    }
  }
}
 is neither a subtype nor a supertype of the combined inputs preceding it:
type_id: TFT_OPTIONAL
args {
  type_id: TFT_PRODUCT
  args {
    type_id: TFT_TENSOR
    args {
      type_id: TFT_DOUBLE
    }
  }
}

	while inferring type of node 'StatefulPartitionedCall_1/StatefulPartitionedCall/cond_1_259/output/_29750'
Iter: 1 loss: 0.11092842169852786
Iter: 2 loss: 0.00025041816947840145
Iter: 3 loss: 0.00025021084245119057
Iter: 4 loss: 0.00024938135420812829
Iter: 5 loss: 0.00024606403126131466
Iter: 6 loss: 0.00023294284937410174
Iter: 7 loss: 0.00019605595682797676
Iter: 8 loss: 0.00019111207118814523
Iter: 9 loss: 0.00016432273668346941
Iter: 10 loss: 0.0002074751805386115
Iter: 11 loss: 0.00013134508891471172
Iter: 12 loss: 0.00027782808382974331
Iter: 13 loss: 0.00012430702599740555
Iter: 14 loss: 9.8040975054120713e-05
Iter: 15 loss: 0.080003256974177581
Iter: 16 loss: 9.7077239532146524e-05
Iter: 17 loss: 9.603631161292779e-05
Iter: 18 loss: 0.0049313418198534366
Iter: 19 loss: 4.2396705906468165e-05
Iter: 20 loss: 0.00050269443977982631
Iter: 21 loss: 2.5197459904195967e-05
Iter: 22 loss: 0.00062613198155781022
Iter: 23 loss: 2.3127094801030284e-05
Iter: 24 loss: 1.315439475595149e-05
Iter: 25 loss: 1.2850833081779772e-05
4206.0146727695646
Iter: 1 loss: 1.2873801620532908
257195.29878858867
Iter: 2 loss: 374788.89495425893
4206.00758963983
Iter: 3 loss: 1.287372981571838
4168.5002186993206
Iter: 4 loss: 1.2496101483044235
-3528628.05488204
Iter: 5 loss: 482849407.40686452
-74643.23814330576
Iter: 6 loss: 422.94677105956697
4045.0753925790636
Iter: 7 loss: 1.1290686513302088
1114.6173803053318
Iter: 8 loss: 0.31740894424136706
2760.0513656712656
Iter: 9 loss: 0.25295499832758023
151.95483375490952
Iter: 10 loss: 1.1073634750167705
2113.4832850999846
Iter: 11 loss: 0.10836747854424775
1973.7402157950969
Iter: 12 loss: 0.10293015144970177
1931.0242497141021
Iter: 13 loss: 0.098685319901337609
1760.36832310929
Iter: 14 loss: 0.084815137933160367
1296.0186857247236
Iter: 15 loss: 0.041100736741490854
1084.5045002757947
Iter: 16 loss: 0.017280583177102384
1019.3771215481951
Iter: 17 loss: 0.0096880658500223954
1002.5863106583106
Iter: 18 loss: 0.0083124449569480924
996.615025091457
Iter: 19 loss: 0.00805229426189894
989.1239810800123
Iter: 20 loss: 0.0077413579992050476
972.91261167091238
Iter: 21 loss: 0.0070471987076242944
951.14346283333032
Iter: 22 loss: 0.0060704134590953383
933.86044541999786
Iter: 23 loss: 0.0053066604417045552
938.64091567847981
Iter: 24 loss: 0.0052624359522025887
941.14556825286422
Iter: 25 loss: 0.005248659954896321
944.87690657498592
Iter: 26 loss: 0.0051259345242623457
927.74096300183476
Iter: 27 loss: 0.00478175302217349
869.5548167165316
Iter: 28 loss: 0.0043562836220336449
806.390850806467
Iter: 29 loss: 0.0041376399750389327
782.134814026685
Iter: 30 loss: 0.0041021638464836087
771.72113211084206
Iter: 31 loss: 0.0040847374738588052
741.71570564693957
Iter: 32 loss: 0.0040214259362593386
691.66087194998363
Iter: 33 loss: 0.0038937590868509788
602.86773006750047
Iter: 34 loss: 0.0036319169929758545
503.96006701272165
Iter: 35 loss: 0.0033030955392393175
456.86443366928864
Iter: 36 loss: 0.0030667171481215858
467.75324687904481
Iter: 37 loss: 0.0029736714048132652
486.08829846406604
Iter: 38 loss: 0.00295928133856239
503.06500398882855
Iter: 39 loss: 0.00294815247795718
538.40324235695152
Iter: 40 loss: 0.0029051075694851046
2976.7596406366574
Iter: 1 loss: 0.3313022245364815
28585307.109763633
Iter: 2 loss: 11347191521.154936
2976.7596406356515
Iter: 3 loss: 0.33130222453608249
2348.9040648848822
Iter: 4 loss: 0.14727694813395212
1885.3467776779685
Iter: 5 loss: 0.099148961353987472
1697.7909784689216
Iter: 6 loss: 0.06390926323093693
1575.8857528435217
Iter: 7 loss: 0.032551760121625861
1325.740175996583
Iter: 8 loss: 0.020725107507539
1232.2410263472384
Iter: 9 loss: 0.017809413914142893
1277.6899679666853
Iter: 10 loss: 0.016327316089132415
1401.0202112150218
Iter: 11 loss: 0.013242907310161794
1037.54959946685
Iter: 12 loss: 0.0096589494327889679
882.7883635555462
Iter: 13 loss: 0.0064883745987592608
789.740564469918
Iter: 14 loss: 0.0048966546404711877
785.01099419032857
Iter: 15 loss: 0.0045637379817283661
779.2250408885975
Iter: 16 loss: 0.0045179233803058477
762.49035575079279
Iter: 17 loss: 0.0043913474577177442
732.52176692905584
Iter: 18 loss: 0.0040783397730874563
701.68294043609762
Iter: 19 loss: 0.003908197678865185
706.84583335137
Iter: 20 loss: 0.0038645281148331052
719.967139158351
Iter: 21 loss: 0.0038375794658373707
721.831191510096
Iter: 22 loss: 0.0038184329543527449
715.961083935748
Iter: 23 loss: 0.0037809062564793175
698.79440753310428
Iter: 24 loss: 0.0037249433000267861
664.12516665574185
Iter: 25 loss: 0.0036389013778840408
656.67269735453056
Iter: 26 loss: 0.0035335742882076542
611.97576097393176
Iter: 27 loss: 0.0034561692217968997
594.05065216968887
Iter: 28 loss: 0.0033362987641670076
589.00340077757369
Iter: 29 loss: 0.0032309465146679929
565.05293536502688
Iter: 30 loss: 0.0029984364680688534
530.23542984288929
Iter: 31 loss: 0.0027358005883321591
543.37515652786965
Iter: 32 loss: 0.0024489963243407549
503.10927833775645
Iter: 33 loss: 0.0022289160593693081
Iter: 1 loss: 1.2366620930181306e-05
Iter: 2 loss: 0.00036784681940481821
Iter: 3 loss: 0.00011035053564907543
Iter: 4 loss: 1.2267729121430717e-05
610.40036024861115
Iter: 1 loss: 0.0031677140858215368
147381.78861477168
Iter: 2 loss: 332537.64843947219
-71039934.424170509
Iter: 3 loss: 169836075095.13287
610.40036024861115
Iter: 4 loss: 0.0031677140858215346
494.50274659467323
Iter: 1 loss: 0.0022856528790077663
-23297.441632232443
Iter: 2 loss: 4.2234367907960788
456.73275064919977
Iter: 3 loss: 0.0069336386585235974
492.94884551544908
Iter: 4 loss: 0.0022737396442248331
493.76667540365781
Iter: 5 loss: 0.0022695185504274682
486.81736061277013
Iter: 6 loss: 0.0022641383499113509
459.00860678081278
Iter: 7 loss: 0.0022489204050607807
426.50139172729916
Iter: 8 loss: 0.00223686906719391
421.04592479133674
Iter: 9 loss: 0.0022257811977077031
419.02475569951537
Iter: 10 loss: 0.0021818901700804824
402.64904728398096
Iter: 11 loss: 0.0021093411222450086
438.02716536507808
Iter: 12 loss: 0.0020013317966059594
401.9601529351666
Iter: 13 loss: 0.0019219220780219883
423.85600414671558
Iter: 14 loss: 0.0018711536646249479
442.08893172579246
Iter: 15 loss: 0.0018108814785957311
439.50113761647492
Iter: 16 loss: 0.0017619135679555254
429.41711299727041
Iter: 17 loss: 0.001614029371349154
335.4353368624345
Iter: 18 loss: 0.0014929594887648653
316.60755984593067
Iter: 19 loss: 0.0014247102589906347
302.99184957914792
Iter: 20 loss: 0.0013921183148852042
292.83582271832478
Iter: 21 loss: 0.0013414437076711854
322.12088777110307
Iter: 22 loss: 0.0012528566809465176
308.77662714456255
Iter: 23 loss: 0.001211318950116872
315.07227267904773
Iter: 24 loss: 0.0011706571877023303
323.99282655619049
Iter: 25 loss: 0.0011394913834629128
324.35866784913759
Iter: 26 loss: 0.0011281914864867278
321.14843522050035
Iter: 27 loss: 0.0010963375119721758
305.77689500159636
Iter: 28 loss: 0.0010371189279774775
246.30946533639755
Iter: 29 loss: 0.00092902039436820879
169.71501872537743
Iter: 30 loss: 0.00083407550277899876
150.11536148137583
Iter: 31 loss: 0.00078874383309341539
154.70188420114488
Iter: 32 loss: 0.00073834392045085706
167.04343482655565
Iter: 33 loss: 0.00070306496018327663
167.24179990824086
Iter: 34 loss: 0.00067766022436209776
162.80297864008742
Iter: 35 loss: 0.00064033902722962673
