Iteration 0
Elapsed time for kappa 69.9786 sec
Elapsed time for experts 19.7148 sec
Elapsed time for households 15.8935 sec
Iteration 1
Elapsed time for kappa 35.9874 sec
Elapsed time for experts 14.3211 sec
Elapsed time for households 11.4020 sec
Iteration 2
Elapsed time for kappa 38.6136 sec
Elapsed time for experts 14.7874 sec
Elapsed time for households 13.4605 sec
Iteration 3
Elapsed time for kappa 35.0229 sec
Elapsed time for experts 13.4432 sec
Elapsed time for households 13.3425 sec
Iteration 4
Elapsed time for kappa 34.4111 sec
Elapsed time for experts 12.7845 sec
Elapsed time for households 12.9197 sec
Iteration 5
Elapsed time for kappa 35.0790 sec
Elapsed time for experts 12.8064 sec
Elapsed time for households 11.9282 sec
Iteration 6
Elapsed time for kappa 34.9239 sec
Elapsed time for experts 14.4015 sec
Elapsed time for households 13.1243 sec
Iteration 7
Elapsed time for kappa 34.9050 sec
Elapsed time for experts 14.2971 sec
Elapsed time for households 13.3435 sec
Iteration 8
Elapsed time for kappa 41.9839 sec
Elapsed time for experts 14.3104 sec
Elapsed time for households 11.7374 sec
Iteration 9
Elapsed time for kappa 35.0772 sec
Elapsed time for experts 12.9042 sec
Elapsed time for households 12.0372 sec
Iteration 10
Elapsed time for kappa 34.4431 sec
Elapsed time for experts 13.1471 sec
Elapsed time for households 11.6597 sec
Iteration 11
Elapsed time for kappa 34.3332 sec
Elapsed time for experts 13.0147 sec
Elapsed time for households 12.0955 sec
Iteration 12
Elapsed time for kappa 34.3760 sec
Elapsed time for experts 13.2134 sec
Elapsed time for households 11.5604 sec
Iteration 13
Elapsed time for kappa 34.6929 sec
Elapsed time for experts 12.7589 sec
Elapsed time for households 13.3605 sec
Iteration 14
Elapsed time for kappa 41.5884 sec
Elapsed time for experts 13.3444 sec
Elapsed time for households 11.5885 sec
Iteration 15
Elapsed time for kappa 34.7450 sec
Elapsed time for experts 14.7254 sec
Elapsed time for households 11.4175 sec
Iteration 16
Elapsed time for kappa 34.2255 sec
Elapsed time for experts 13.4419 sec
Elapsed time for households 12.2919 sec
Iteration 17
Elapsed time for kappa 34.4447 sec
Elapsed time for experts 12.8994 sec
Elapsed time for households 11.6759 sec
Iteration 18
Elapsed time for kappa 34.3895 sec
Elapsed time for experts 13.4373 sec
Elapsed time for households 12.2166 sec
Iteration 19
Elapsed time for kappa 34.4541 sec
Elapsed time for experts 13.1171 sec
Elapsed time for households 18.1517 sec
Iteration 20
Elapsed time for kappa 34.8343 sec
Elapsed time for experts 12.7313 sec
Elapsed time for households 11.5676 sec
Iteration 21
Elapsed time for kappa 34.0964 sec
Elapsed time for experts 14.5389 sec
Elapsed time for households 11.3451 sec
Iteration 22
Elapsed time for kappa 33.6358 sec
Elapsed time for experts 13.7691 sec
Elapsed time for households 11.7731 sec
Iteration 23
Elapsed time for kappa 33.3195 sec
Elapsed time for experts 12.9447 sec
Elapsed time for households 11.5941 sec
Iteration 24
Elapsed time for kappa 34.7105 sec
Elapsed time for experts 13.0865 sec
Elapsed time for households 12.4308 sec
Iteration 25
Elapsed time for kappa 34.6562 sec
Elapsed time for experts 13.0771 sec
Elapsed time for households 12.0200 sec
Iteration 26
Elapsed time for kappa 41.4762 sec
Elapsed time for experts 13.4610 sec
Elapsed time for households 11.9364 sec
Iteration 27
Elapsed time for kappa 33.6881 sec
Elapsed time for experts 13.2933 sec
Elapsed time for households 11.8874 sec
Iteration 28
Elapsed time for kappa 33.5659 sec
Elapsed time for experts 12.7809 sec
Elapsed time for households 11.4858 sec
Iteration 29
Elapsed time for kappa 33.9609 sec
Elapsed time for experts 12.6147 sec
Elapsed time for households 11.3870 sec
Iteration 30
Elapsed time for kappa 33.9475 sec
Elapsed time for experts 12.6030 sec
Elapsed time for households 11.2914 sec
Iteration 31
Elapsed time for kappa 33.9878 sec
Elapsed time for experts 19.6291 sec
Elapsed time for households 12.4567 sec
Iteration 32
Elapsed time for kappa 33.9232 sec
Elapsed time for experts 12.7131 sec
Elapsed time for households 12.1705 sec
Iteration 33
Elapsed time for kappa 34.1324 sec
Elapsed time for experts 12.7125 sec
Elapsed time for households 11.2139 sec
Iteration 34
Elapsed time for kappa 34.2687 sec
Elapsed time for experts 13.5402 sec
Elapsed time for households 11.6569 sec
Iteration 35
Elapsed time for kappa 32.9283 sec
Elapsed time for experts 14.4574 sec
Elapsed time for households 12.4802 sec
Iteration 36
Elapsed time for kappa 33.9261 sec
Elapsed time for experts 12.9126 sec
Elapsed time for households 11.6246 sec
Iteration 37
Elapsed time for kappa 34.3330 sec
Elapsed time for experts 19.7390 sec
Elapsed time for households 12.6433 sec
Iteration 38
Elapsed time for kappa 34.3627 sec
Elapsed time for experts 13.7806 sec
Elapsed time for households 11.4272 sec
Iteration 39
Elapsed time for kappa 33.5203 sec
Elapsed time for experts 12.9312 sec
Elapsed time for households 11.2918 sec
Iteration 40
Elapsed time for kappa 31.9891 sec
Elapsed time for experts 13.0814 sec
Elapsed time for households 11.7836 sec
Iteration 41
Elapsed time for kappa 32.7580 sec
Elapsed time for experts 12.8347 sec
Elapsed time for households 11.6109 sec
Iteration 42
Elapsed time for kappa 34.0163 sec
Elapsed time for experts 12.7065 sec
Elapsed time for households 11.3467 sec
Iteration 43
Elapsed time for kappa 34.3467 sec
Elapsed time for experts 20.1342 sec
Elapsed time for households 12.0117 sec
Iteration 44
Elapsed time for kappa 33.5170 sec
Elapsed time for experts 14.0941 sec
Elapsed time for households 11.8133 sec
Iteration 45
Elapsed time for kappa 33.2973 sec
Elapsed time for experts 12.9586 sec
Elapsed time for households 11.3348 sec
Iteration 46
Elapsed time for kappa 33.1444 sec
Elapsed time for experts 14.1151 sec
Elapsed time for households 11.2127 sec
Iteration 47
Elapsed time for kappa 32.5356 sec
Elapsed time for experts 13.0713 sec
Elapsed time for households 10.8743 sec
Iteration 48
Elapsed time for kappa 33.6475 sec
Elapsed time for experts 13.7125 sec
Elapsed time for households 12.5760 sec
Iteration 49
Elapsed time for kappa 33.4374 sec
Elapsed time for experts 19.9606 sec
Elapsed time for households 12.5534 sec
Iteration 50
Elapsed time for kappa 32.9496 sec
Elapsed time for experts 12.8926 sec
Elapsed time for households 11.7494 sec
Iteration 51
Elapsed time for kappa 32.7022 sec
Elapsed time for experts 13.8086 sec
Elapsed time for households 11.3869 sec
Iteration 52
Elapsed time for kappa 32.5580 sec
Elapsed time for experts 12.4862 sec
Elapsed time for households 11.8816 sec
Iteration 53
Elapsed time for kappa 32.4413 sec
Elapsed time for experts 13.1564 sec
Elapsed time for households 11.4412 sec
Iteration 54
Elapsed time for kappa 32.0738 sec
Elapsed time for experts 12.3188 sec
Elapsed time for households 11.7359 sec
Iteration 55
Elapsed time for kappa 39.6928 sec
Elapsed time for experts 13.6755 sec
Elapsed time for households 12.1990 sec
Iteration 56
Elapsed time for kappa 32.8181 sec
Elapsed time for experts 12.2467 sec
Elapsed time for households 11.1817 sec
Iteration 57
Elapsed time for kappa 32.0129 sec
Elapsed time for experts 13.0978 sec
Elapsed time for households 11.0056 sec
Iteration 58
Elapsed time for kappa 31.9443 sec
Elapsed time for experts 12.6708 sec
Elapsed time for households 11.5329 sec
Iteration 59
Elapsed time for kappa 32.0464 sec
Elapsed time for experts 13.1480 sec
Elapsed time for households 10.9596 sec
Iteration 60
Elapsed time for kappa 33.1682 sec
Elapsed time for experts 12.1669 sec
Elapsed time for households 11.1338 sec
Iteration 61
Elapsed time for kappa 38.8564 sec
Elapsed time for experts 13.2433 sec
Elapsed time for households 11.5581 sec
Iteration 62
Elapsed time for kappa 32.2189 sec
Elapsed time for experts 12.6090 sec
Elapsed time for households 11.4186 sec
Iteration 63
Elapsed time for kappa 31.6285 sec
Elapsed time for experts 13.1419 sec
Elapsed time for households 11.3229 sec
Iteration 64
Elapsed time for kappa 32.4992 sec
Elapsed time for experts 12.2082 sec
Elapsed time for households 11.2919 sec
Iteration 65
Elapsed time for kappa 31.4835 sec
Elapsed time for experts 12.8070 sec
Elapsed time for households 11.2368 sec
Iteration 66
Elapsed time for kappa 31.7302 sec
Elapsed time for experts 12.8812 sec
Elapsed time for households 11.0909 sec
Iteration 67
Elapsed time for kappa 38.9252 sec
Elapsed time for experts 13.3918 sec
Elapsed time for households 11.5526 sec
Iteration 68
Elapsed time for kappa 32.2075 sec
Elapsed time for experts 12.4047 sec
Elapsed time for households 11.4753 sec
Iteration 69
Elapsed time for kappa 31.3409 sec
Elapsed time for experts 12.6070 sec
Elapsed time for households 10.8785 sec
Iteration 70
Elapsed time for kappa 31.4219 sec
Elapsed time for experts 12.2365 sec
Elapsed time for households 11.2000 sec
Iteration 71
Elapsed time for kappa 30.8707 sec
Elapsed time for experts 12.0484 sec
Elapsed time for households 10.9706 sec
Iteration 72
Elapsed time for kappa 31.8409 sec
Elapsed time for experts 11.9077 sec
Elapsed time for households 10.5988 sec
Iteration 73
Elapsed time for kappa 38.9232 sec
Elapsed time for experts 14.3504 sec
Elapsed time for households 11.9496 sec
Iteration 74
Elapsed time for kappa 31.9192 sec
Elapsed time for experts 13.3365 sec
Elapsed time for households 11.4893 sec
Iteration 75
Elapsed time for kappa 31.9254 sec
Elapsed time for experts 12.8837 sec
Elapsed time for households 11.2050 sec
Iteration 76
Elapsed time for kappa 31.1550 sec
Elapsed time for experts 13.1609 sec
Elapsed time for households 11.2409 sec
Iteration 77
Elapsed time for kappa 30.9375 sec
Elapsed time for experts 12.5149 sec
Elapsed time for households 10.8954 sec
Iteration 78
Elapsed time for kappa 31.0452 sec
Elapsed time for experts 12.3028 sec
Elapsed time for households 11.0921 sec
Iteration 79
Elapsed time for kappa 38.0234 sec
Elapsed time for experts 13.8447 sec
Elapsed time for households 11.5243 sec
Iteration 80
Elapsed time for kappa 32.0988 sec
Elapsed time for experts 12.3452 sec
Elapsed time for households 11.6958 sec
Iteration 81
Elapsed time for kappa 31.6240 sec
Elapsed time for experts 12.6829 sec
Elapsed time for households 11.2486 sec
Iteration 82
Elapsed time for kappa 31.0813 sec
Elapsed time for experts 12.2878 sec
Elapsed time for households 11.2762 sec
Iteration 83
Elapsed time for kappa 31.2588 sec
Elapsed time for experts 12.2498 sec
Elapsed time for households 10.7907 sec
Iteration 84
Elapsed time for kappa 30.8650 sec
Elapsed time for experts 13.0132 sec
Elapsed time for households 16.7777 sec
Iteration 85
Elapsed time for kappa 32.9390 sec
Elapsed time for experts 13.6919 sec
Elapsed time for households 11.5167 sec
Iteration 86
Elapsed time for kappa 31.9159 sec
Elapsed time for experts 13.5558 sec
Elapsed time for households 11.3733 sec
Iteration 87
Elapsed time for kappa 31.2312 sec
Elapsed time for experts 12.3328 sec
Elapsed time for households 11.0314 sec
Iteration 88
Elapsed time for kappa 31.9171 sec
Elapsed time for experts 12.8991 sec
Elapsed time for households 10.8554 sec
Iteration 89
Elapsed time for kappa 31.0758 sec
Elapsed time for experts 13.6841 sec
Elapsed time for households 11.5627 sec
Iteration 90
Elapsed time for kappa 31.2636 sec
Elapsed time for experts 12.7008 sec
Elapsed time for households 10.9441 sec
Iteration 91
Elapsed time for kappa 38.2404 sec
Elapsed time for experts 13.4143 sec
Elapsed time for households 11.5473 sec
Iteration 92
Elapsed time for kappa 31.6526 sec
Elapsed time for experts 12.6567 sec
Elapsed time for households 10.9577 sec
Iteration 93
Elapsed time for kappa 30.6696 sec
Elapsed time for experts 12.5437 sec
Elapsed time for households 10.6438 sec
Iteration 94
Elapsed time for kappa 29.7025 sec
Elapsed time for experts 11.2483 sec
Elapsed time for households 11.3920 sec
Iteration 95
Elapsed time for kappa 30.4204 sec
Elapsed time for experts 11.3202 sec
Elapsed time for households 10.0989 sec
Iteration 96
Elapsed time for kappa 29.9865 sec
Elapsed time for experts 18.2632 sec
Elapsed time for households 11.3444 sec
Iteration 97
Elapsed time for kappa 32.0438 sec
Elapsed time for experts 13.4092 sec
Elapsed time for households 10.6183 sec
Iteration 98
Elapsed time for kappa 31.3633 sec
Elapsed time for experts 12.7554 sec
Elapsed time for households 11.3332 sec
Iteration 99
Elapsed time for kappa 31.5209 sec
Elapsed time for experts 13.0982 sec
Elapsed time for households 11.0574 sec
Iteration 100
Elapsed time for kappa 31.0126 sec
Elapsed time for experts 11.9813 sec
Elapsed time for households 11.0570 sec
Iteration 101
Elapsed time for kappa 30.2661 sec
Elapsed time for experts 11.6107 sec
Elapsed time for households 11.4868 sec
Iteration 102
Elapsed time for kappa 30.7107 sec
Elapsed time for experts 18.8122 sec
Elapsed time for households 11.6517 sec
Iteration 103
Elapsed time for kappa 32.1995 sec
Elapsed time for experts 13.3015 sec
Elapsed time for households 11.7657 sec
Iteration 104
Elapsed time for kappa 31.7900 sec
Elapsed time for experts 13.1536 sec
Elapsed time for households 11.0739 sec
Iteration 105
Elapsed time for kappa 31.7642 sec
Elapsed time for experts 12.7790 sec
Elapsed time for households 11.2009 sec
Iteration 106
Elapsed time for kappa 30.8082 sec
Elapsed time for experts 12.7970 sec
Elapsed time for households 10.9129 sec
Iteration 107
Elapsed time for kappa 31.1722 sec
Elapsed time for experts 12.4549 sec
Elapsed time for households 11.6907 sec
Iteration 108
Elapsed time for kappa 30.8099 sec
Elapsed time for experts 18.4360 sec
Elapsed time for households 11.8626 sec
Iteration 109
Elapsed time for kappa 32.5629 sec
Elapsed time for experts 13.2118 sec
Elapsed time for households 11.4385 sec
Iteration 110
Elapsed time for kappa 31.7628 sec
Elapsed time for experts 12.3020 sec
Elapsed time for households 11.4844 sec
Iteration 111
Elapsed time for kappa 31.6378 sec
Elapsed time for experts 12.3094 sec
Elapsed time for households 10.9526 sec
Iteration 112
Elapsed time for kappa 31.2236 sec
Elapsed time for experts 13.2323 sec
Elapsed time for households 10.9675 sec
Iteration 113
Elapsed time for kappa 31.3527 sec
Elapsed time for experts 12.3102 sec
Elapsed time for households 11.5812 sec
Iteration 114
Elapsed time for kappa 30.8710 sec
Elapsed time for experts 19.3788 sec
Elapsed time for households 12.0109 sec
Iteration 115
Elapsed time for kappa 33.0479 sec
Elapsed time for experts 13.6830 sec
Elapsed time for households 11.5024 sec
Iteration 116
Elapsed time for kappa 31.1919 sec
Elapsed time for experts 12.5673 sec
Elapsed time for households 11.9739 sec
Iteration 117
Elapsed time for kappa 31.5161 sec
Elapsed time for experts 12.3287 sec
Elapsed time for households 11.5836 sec
Iteration 118
Elapsed time for kappa 31.3963 sec
Elapsed time for experts 12.1140 sec
Elapsed time for households 11.3048 sec
Iteration 119
Elapsed time for kappa 31.3689 sec
Elapsed time for experts 13.2367 sec
Elapsed time for households 11.1615 sec
Iteration 120
Elapsed time for kappa 38.5377 sec
Elapsed time for experts 13.7144 sec
Elapsed time for households 11.6977 sec
Iteration 121
Elapsed time for kappa 32.3365 sec
Elapsed time for experts 13.2307 sec
Elapsed time for households 11.4097 sec
Iteration 122
Elapsed time for kappa 32.1652 sec
Elapsed time for experts 12.3379 sec
Elapsed time for households 11.0905 sec
Iteration 123
Elapsed time for kappa 31.6612 sec
Elapsed time for experts 12.8513 sec
Elapsed time for households 10.7273 sec
Iteration 124
Elapsed time for kappa 30.7709 sec
Elapsed time for experts 12.6574 sec
Elapsed time for households 11.1815 sec
Iteration 125
Elapsed time for kappa 30.7931 sec
Elapsed time for experts 12.0750 sec
Elapsed time for households 11.0690 sec
Iteration 126
Elapsed time for kappa 39.7260 sec
Elapsed time for experts 13.1989 sec
Elapsed time for households 11.4227 sec
Iteration 127
Elapsed time for kappa 32.4157 sec
Elapsed time for experts 12.8013 sec
Elapsed time for households 11.5105 sec
Iteration 128
Elapsed time for kappa 31.8612 sec
Elapsed time for experts 12.8658 sec
Elapsed time for households 11.6666 sec
Iteration 129
Elapsed time for kappa 31.1868 sec
Elapsed time for experts 12.3391 sec
Elapsed time for households 11.4374 sec
Iteration 130
Elapsed time for kappa 31.6030 sec
Elapsed time for experts 12.4386 sec
Elapsed time for households 10.9594 sec
Iteration 131
Elapsed time for kappa 31.0394 sec
Elapsed time for experts 12.4044 sec
Elapsed time for households 10.9668 sec
Iteration 132
Elapsed time for kappa 38.9017 sec
Elapsed time for experts 13.7345 sec
Elapsed time for households 11.6812 sec
Iteration 133
Elapsed time for kappa 32.1994 sec
Elapsed time for experts 13.8523 sec
Elapsed time for households 11.7440 sec
Iteration 134
Elapsed time for kappa 32.1848 sec
Elapsed time for experts 12.3737 sec
Elapsed time for households 11.1898 sec
Iteration 135
Elapsed time for kappa 31.8303 sec
Elapsed time for experts 12.6039 sec
Elapsed time for households 11.4244 sec
Iteration 136
Elapsed time for kappa 30.9435 sec
Elapsed time for experts 13.3963 sec
Elapsed time for households 11.1623 sec
Iteration 137
Elapsed time for kappa 31.0197 sec
Elapsed time for experts 11.9968 sec
Elapsed time for households 10.8861 sec
Iteration 138
Elapsed time for kappa 39.0388 sec
Elapsed time for experts 13.0595 sec
Elapsed time for households 11.7845 sec
Iteration 139
Elapsed time for kappa 33.1023 sec
Elapsed time for experts 13.5615 sec
Elapsed time for households 11.8343 sec
Iteration 140
Elapsed time for kappa 31.5025 sec
Elapsed time for experts 13.1551 sec
Elapsed time for households 11.7430 sec
Iteration 141
Elapsed time for kappa 31.7333 sec
Elapsed time for experts 12.8283 sec
Elapsed time for households 11.7662 sec
Iteration 142
Elapsed time for kappa 31.5049 sec
Elapsed time for experts 12.3565 sec
Elapsed time for households 10.7322 sec
Iteration 143
Elapsed time for kappa 30.9821 sec
Elapsed time for experts 11.0405 sec
Elapsed time for households 9.9252 sec
Iteration 144
Elapsed time for kappa 36.9451 sec
Elapsed time for experts 12.8963 sec
Elapsed time for households 10.2480 sec
Iteration 145
Elapsed time for kappa 30.8778 sec
Elapsed time for experts 13.6397 sec
Elapsed time for households 10.4725 sec
Iteration 146
Elapsed time for kappa 30.2448 sec
Elapsed time for experts 12.0543 sec
Elapsed time for households 11.1110 sec
Iteration 147
Elapsed time for kappa 30.1476 sec
Elapsed time for experts 10.9171 sec
Elapsed time for households 11.7684 sec
Iteration 148
Elapsed time for kappa 29.9639 sec
Elapsed time for experts 11.0962 sec
Elapsed time for households 9.8078 sec
Iteration 149
Elapsed time for kappa 29.7415 sec
Elapsed time for experts 12.6199 sec
Elapsed time for households 10.0642 sec
Iteration 150
Elapsed time for kappa 36.8849 sec
Elapsed time for experts 13.3451 sec
Elapsed time for households 10.4181 sec
Iteration 151
Elapsed time for kappa 30.8417 sec
Elapsed time for experts 12.5871 sec
Elapsed time for households 10.8097 sec
Iteration 152
Elapsed time for kappa 31.1223 sec
Elapsed time for experts 12.4053 sec
Elapsed time for households 11.7203 sec
Iteration 153
Elapsed time for kappa 31.3489 sec
Elapsed time for experts 11.6930 sec
Elapsed time for households 11.5344 sec
Iteration 154
Elapsed time for kappa 30.1048 sec
Elapsed time for experts 11.3150 sec
Elapsed time for households 9.6790 sec
Iteration 155
Elapsed time for kappa 30.0688 sec
Elapsed time for experts 12.5657 sec
Elapsed time for households 10.3659 sec
Iteration 156
Elapsed time for kappa 37.3317 sec
Elapsed time for experts 13.2308 sec
Elapsed time for households 10.2291 sec
Iteration 157
Elapsed time for kappa 30.8642 sec
Elapsed time for experts 12.5484 sec
Elapsed time for households 11.1095 sec
Iteration 158
Elapsed time for kappa 30.4916 sec
Elapsed time for experts 11.2531 sec
Elapsed time for households 11.8764 sec
Iteration 159
Elapsed time for kappa 30.0451 sec
Elapsed time for experts 11.9680 sec
Elapsed time for households 10.2575 sec
Iteration 160
Elapsed time for kappa 29.8301 sec
Elapsed time for experts 12.5782 sec
Elapsed time for households 9.7684 sec
Iteration 161
Elapsed time for kappa 29.3985 sec
Elapsed time for experts 18.8512 sec
Elapsed time for households 12.6253 sec
Iteration 162
Elapsed time for kappa 33.6732 sec
Elapsed time for experts 14.3785 sec
Elapsed time for households 11.6309 sec
Iteration 163
Elapsed time for kappa 31.7511 sec
Elapsed time for experts 13.7994 sec
Elapsed time for households 11.0087 sec
Iteration 164
Elapsed time for kappa 31.0737 sec
Elapsed time for experts 12.3015 sec
Elapsed time for households 10.6359 sec
Iteration 165
Elapsed time for kappa 29.9088 sec
Elapsed time for experts 11.5101 sec
Elapsed time for households 11.8646 sec
Iteration 166
Elapsed time for kappa 29.9910 sec
Elapsed time for experts 11.9734 sec
Elapsed time for households 10.9446 sec
Iteration 167
Elapsed time for kappa 30.6145 sec
Elapsed time for experts 11.9572 sec
Elapsed time for households 17.4884 sec
Iteration 168
Elapsed time for kappa 32.2597 sec
Elapsed time for experts 12.7651 sec
Elapsed time for households 12.1117 sec
Iteration 169
Elapsed time for kappa 32.4363 sec
Elapsed time for experts 12.7913 sec
Elapsed time for households 10.4742 sec
Iteration 170
Elapsed time for kappa 31.0053 sec
Elapsed time for experts 12.8924 sec
Elapsed time for households 10.5309 sec
Iteration 171
Elapsed time for kappa 30.6114 sec
Elapsed time for experts 12.4193 sec
Elapsed time for households 11.1798 sec
Iteration 172
Elapsed time for kappa 29.8237 sec
Elapsed time for experts 11.2675 sec
Elapsed time for households 11.0666 sec
Iteration 173
Elapsed time for kappa 29.9773 sec
Elapsed time for experts 11.6416 sec
Elapsed time for households 18.3215 sec
Iteration 174
Elapsed time for kappa 33.4164 sec
Elapsed time for experts 13.1192 sec
Elapsed time for households 11.6117 sec
Iteration 175
Elapsed time for kappa 32.6153 sec
Elapsed time for experts 13.4256 sec
Elapsed time for households 11.7404 sec
Iteration 176
Elapsed time for kappa 31.5879 sec
Elapsed time for experts 13.5180 sec
Elapsed time for households 11.3823 sec
Iteration 177
Elapsed time for kappa 31.0678 sec
Elapsed time for experts 13.7169 sec
Elapsed time for households 10.8399 sec
Iteration 178
Elapsed time for kappa 29.7373 sec
Elapsed time for experts 12.1712 sec
Elapsed time for households 11.2439 sec
Iteration 179
Elapsed time for kappa 29.5811 sec
Elapsed time for experts 10.7348 sec
Elapsed time for households 11.3769 sec
Iteration 180
Elapsed time for kappa 37.4428 sec
Elapsed time for experts 12.7019 sec
Elapsed time for households 12.1318 sec
Iteration 181
Elapsed time for kappa 31.3377 sec
Elapsed time for experts 12.1645 sec
Elapsed time for households 11.6873 sec
Iteration 182
Elapsed time for kappa 31.1307 sec
Elapsed time for experts 12.2703 sec
Elapsed time for households 10.5300 sec
Iteration 183
Elapsed time for kappa 30.0902 sec
Elapsed time for experts 12.8883 sec
Elapsed time for households 9.6632 sec
Iteration 184
Elapsed time for kappa 29.9145 sec
Elapsed time for experts 12.6725 sec
Elapsed time for households 10.4993 sec
Iteration 185
Elapsed time for kappa 29.7485 sec
Elapsed time for experts 11.7457 sec
Elapsed time for households 11.4215 sec
Iteration 186
Elapsed time for kappa 36.7696 sec
Elapsed time for experts 11.4965 sec
Elapsed time for households 12.1770 sec
Iteration 187
Elapsed time for kappa 31.3590 sec
Elapsed time for experts 11.9130 sec
Elapsed time for households 11.1382 sec
Iteration 188
Elapsed time for kappa 32.5998 sec
Elapsed time for experts 12.8670 sec
Elapsed time for households 13.0904 sec
Iteration 189
Elapsed time for kappa 29.9935 sec
Elapsed time for experts 12.1423 sec
Elapsed time for households 9.8151 sec
Iteration 190
Elapsed time for kappa 29.7047 sec
Elapsed time for experts 12.3301 sec
Elapsed time for households 9.9268 sec
Iteration 191
Elapsed time for kappa 29.4208 sec
Elapsed time for experts 17.5993 sec
Elapsed time for households 11.5692 sec
Iteration 192
Elapsed time for kappa 31.0243 sec
Elapsed time for experts 11.6830 sec
Elapsed time for households 11.9734 sec
Iteration 193
Elapsed time for kappa 30.9468 sec
Elapsed time for experts 12.1217 sec
Elapsed time for households 11.5036 sec
Iteration 194
Elapsed time for kappa 32.0112 sec
Elapsed time for experts 12.7976 sec
Elapsed time for households 10.8320 sec
Iteration 195
Elapsed time for kappa 31.3687 sec
Elapsed time for experts 13.2391 sec
Elapsed time for households 10.2438 sec
Iteration 196
Elapsed time for kappa 29.8027 sec
Elapsed time for experts 12.3981 sec
Elapsed time for households 9.8548 sec
Iteration 197
Elapsed time for kappa 29.8120 sec
Elapsed time for experts 11.0231 sec
Elapsed time for households 17.5699 sec
Iteration 198
Elapsed time for kappa 31.9506 sec
Elapsed time for experts 12.8237 sec
Elapsed time for households 11.7476 sec
Iteration 199
Elapsed time for kappa 31.9504 sec
Elapsed time for experts 12.2153 sec
Elapsed time for households 12.1717 sec
Iteration 200
Elapsed time for kappa 31.2827 sec
Elapsed time for experts 12.1419 sec
Elapsed time for households 11.2812 sec
Iteration 201
Elapsed time for kappa 30.2552 sec
Elapsed time for experts 11.7608 sec
Elapsed time for households 9.8771 sec
Iteration 202
Elapsed time for kappa 29.7043 sec
Elapsed time for experts 13.2050 sec
Elapsed time for households 9.7998 sec
Iteration 203
Elapsed time for kappa 29.6019 sec
Elapsed time for experts 11.4123 sec
Elapsed time for households 17.2707 sec
Iteration 204
Elapsed time for kappa 31.3625 sec
Elapsed time for experts 11.6342 sec
Elapsed time for households 11.8573 sec
Iteration 205
Elapsed time for kappa 31.3756 sec
Elapsed time for experts 11.2538 sec
Elapsed time for households 11.6546 sec
Iteration 206
Elapsed time for kappa 30.7471 sec
Elapsed time for experts 11.5232 sec
Elapsed time for households 10.2817 sec
Iteration 207
Elapsed time for kappa 30.2961 sec
Elapsed time for experts 13.2413 sec
Elapsed time for households 10.0171 sec
Iteration 208
Elapsed time for kappa 29.6716 sec
Elapsed time for experts 12.9264 sec
Elapsed time for households 10.5637 sec
Iteration 209
Elapsed time for kappa 29.9029 sec
Elapsed time for experts 10.7482 sec
Elapsed time for households 11.2353 sec
Iteration 210
Elapsed time for kappa 38.3187 sec
Elapsed time for experts 11.7634 sec
Elapsed time for households 12.3409 sec
Iteration 211
Elapsed time for kappa 31.7834 sec
Elapsed time for experts 12.3954 sec
Elapsed time for households 12.1124 sec
Iteration 212
Elapsed time for kappa 30.9675 sec
Elapsed time for experts 13.0493 sec
Elapsed time for households 11.1381 sec
Iteration 213
Elapsed time for kappa 31.9713 sec
Elapsed time for experts 13.1865 sec
Elapsed time for households 11.0874 sec
Iteration 214
Elapsed time for kappa 31.2516 sec
Elapsed time for experts 12.3960 sec
Elapsed time for households 10.9479 sec
Iteration 215
Elapsed time for kappa 30.8382 sec
Elapsed time for experts 12.4632 sec
Elapsed time for households 16.5532 sec
Iteration 216
Elapsed time for kappa 32.0850 sec
Elapsed time for experts 13.9524 sec
Elapsed time for households 10.6502 sec
Iteration 217
Elapsed time for kappa 31.1639 sec
Elapsed time for experts 11.8940 sec
Elapsed time for households 11.4056 sec
Iteration 218
Elapsed time for kappa 30.5894 sec
Elapsed time for experts 11.9729 sec
Elapsed time for households 11.6531 sec
Iteration 219
Elapsed time for kappa 30.3240 sec
Elapsed time for experts 11.6875 sec
Elapsed time for households 10.1812 sec
Iteration 220
Elapsed time for kappa 30.1510 sec
Elapsed time for experts 13.4333 sec
Elapsed time for households 10.6928 sec
Iteration 221
Elapsed time for kappa 29.6345 sec
Elapsed time for experts 12.0148 sec
Elapsed time for households 11.0191 sec
Iteration 222
Elapsed time for kappa 40.3742 sec
Elapsed time for experts 14.3582 sec
Elapsed time for households 10.3641 sec
Iteration 223
Elapsed time for kappa 30.9791 sec
Elapsed time for experts 13.7067 sec
Elapsed time for households 10.6892 sec
Iteration 224
Elapsed time for kappa 30.9098 sec
Elapsed time for experts 12.0127 sec
Elapsed time for households 11.6361 sec
Iteration 225
Elapsed time for kappa 30.8368 sec
Elapsed time for experts 11.6789 sec
Elapsed time for households 11.4675 sec
Iteration 226
Elapsed time for kappa 30.7453 sec
Elapsed time for experts 11.8305 sec
Elapsed time for households 10.3483 sec
Iteration 227
Elapsed time for kappa 29.5518 sec
Elapsed time for experts 12.5165 sec
Elapsed time for households 9.7350 sec
Iteration 228
Elapsed time for kappa 37.6162 sec
Elapsed time for experts 14.1085 sec
Elapsed time for households 10.5751 sec
Iteration 229
Elapsed time for kappa 31.6705 sec
Elapsed time for experts 13.6718 sec
Elapsed time for households 10.2022 sec
Iteration 230
Elapsed time for kappa 30.7728 sec
Elapsed time for experts 12.2621 sec
Elapsed time for households 11.3831 sec
Iteration 231
Elapsed time for kappa 30.4474 sec
Elapsed time for experts 11.2120 sec
Elapsed time for households 11.6419 sec
Iteration 232
Elapsed time for kappa 30.2971 sec
Elapsed time for experts 11.5934 sec
Elapsed time for households 9.8145 sec
Iteration 233
Elapsed time for kappa 29.4628 sec
Elapsed time for experts 19.3324 sec
Elapsed time for households 10.8901 sec
Iteration 234
Elapsed time for kappa 31.3246 sec
Elapsed time for experts 13.0082 sec
Elapsed time for households 10.1959 sec
Iteration 235
Elapsed time for kappa 30.9037 sec
Elapsed time for experts 13.5663 sec
Elapsed time for households 10.5217 sec
Iteration 236
Elapsed time for kappa 30.5284 sec
Elapsed time for experts 11.5452 sec
Elapsed time for households 11.7551 sec
Iteration 237
Elapsed time for kappa 30.0518 sec
Elapsed time for experts 11.6168 sec
Elapsed time for households 11.0930 sec
Iteration 238
Elapsed time for kappa 30.2451 sec
Elapsed time for experts 11.8412 sec
Elapsed time for households 9.6816 sec
Iteration 239
Elapsed time for kappa 29.3945 sec
Elapsed time for experts 13.2888 sec
Elapsed time for households 16.2541 sec
Iteration 240
Elapsed time for kappa 31.4064 sec
Elapsed time for experts 14.0628 sec
Elapsed time for households 10.4333 sec
Iteration 241
Elapsed time for kappa 31.2674 sec
Elapsed time for experts 13.2453 sec
Elapsed time for households 10.5796 sec
Iteration 242
Elapsed time for kappa 30.9588 sec
Elapsed time for experts 11.8533 sec
Elapsed time for households 11.8010 sec
Iteration 243
Elapsed time for kappa 30.3936 sec
Elapsed time for experts 11.9051 sec
Elapsed time for households 11.1648 sec
Iteration 244
Elapsed time for kappa 29.9777 sec
Elapsed time for experts 11.5321 sec
Elapsed time for households 9.7552 sec
Iteration 245
Elapsed time for kappa 29.6064 sec
Elapsed time for experts 12.8748 sec
Elapsed time for households 17.3406 sec
Iteration 246
Elapsed time for kappa 31.3909 sec
Elapsed time for experts 13.8808 sec
Elapsed time for households 10.2342 sec
Iteration 247
Elapsed time for kappa 30.8366 sec
Elapsed time for experts 12.3815 sec
Elapsed time for households 11.0403 sec
Iteration 248
Elapsed time for kappa 31.2439 sec
Elapsed time for experts 13.1487 sec
Elapsed time for households 11.8017 sec
Iteration 249
Elapsed time for kappa 31.3419 sec
Elapsed time for experts 12.3370 sec
Elapsed time for households 11.0784 sec
Iteration 250
Elapsed time for kappa 30.2673 sec
Elapsed time for experts 11.6142 sec
Elapsed time for households 9.9795 sec
Iteration 251
Elapsed time for kappa 29.8182 sec
Elapsed time for experts 12.6202 sec
Elapsed time for households 9.9120 sec
Iteration 252
Elapsed time for kappa 38.6710 sec
Elapsed time for experts 13.7777 sec
Elapsed time for households 10.4647 sec
Iteration 253
Elapsed time for kappa 31.3148 sec
Elapsed time for experts 13.4497 sec
Elapsed time for households 10.2787 sec
Iteration 254
Elapsed time for kappa 31.2103 sec
Elapsed time for experts 12.3106 sec
Elapsed time for households 11.2094 sec
Iteration 255
Elapsed time for kappa 30.4850 sec
Elapsed time for experts 11.5067 sec
Elapsed time for households 11.8885 sec
Iteration 256
Elapsed time for kappa 30.4410 sec
Elapsed time for experts 11.5564 sec
Elapsed time for households 10.1650 sec
Iteration 257
Elapsed time for kappa 29.7750 sec
Elapsed time for experts 12.3602 sec
Elapsed time for households 9.7454 sec
Iteration 258
Elapsed time for kappa 37.5219 sec
Elapsed time for experts 13.5899 sec
Elapsed time for households 10.3766 sec
Iteration 259
Elapsed time for kappa 31.0156 sec
Elapsed time for experts 13.7330 sec
Elapsed time for households 10.3808 sec
Iteration 260
Elapsed time for kappa 31.1065 sec
Elapsed time for experts 12.4872 sec
Elapsed time for households 11.2141 sec
Iteration 261
Elapsed time for kappa 30.4400 sec
Elapsed time for experts 11.0743 sec
Elapsed time for households 11.5887 sec
Iteration 262
Elapsed time for kappa 30.1039 sec
Elapsed time for experts 11.7494 sec
Elapsed time for households 9.9612 sec
Iteration 263
Elapsed time for kappa 29.5946 sec
Elapsed time for experts 13.0111 sec
Elapsed time for households 15.6361 sec
Iteration 264
Elapsed time for kappa 31.7668 sec
Elapsed time for experts 13.2052 sec
Elapsed time for households 10.2353 sec
Iteration 265
Elapsed time for kappa 30.9654 sec
Elapsed time for experts 13.2397 sec
Elapsed time for households 10.5779 sec
Iteration 266
Elapsed time for kappa 31.1164 sec
Elapsed time for experts 12.5382 sec
Elapsed time for households 11.4592 sec
Iteration 267
Elapsed time for kappa 31.1293 sec
Elapsed time for experts 11.9892 sec
Elapsed time for households 11.3876 sec
Iteration 268
Elapsed time for kappa 30.9177 sec
Elapsed time for experts 11.8699 sec
Elapsed time for households 10.1130 sec
Iteration 269
Elapsed time for kappa 29.1597 sec
Elapsed time for experts 12.4859 sec
Elapsed time for households 10.3265 sec
Iteration 270
Elapsed time for kappa 39.4311 sec
Elapsed time for experts 13.1295 sec
Elapsed time for households 10.1895 sec
Iteration 271
Elapsed time for kappa 30.7036 sec
Elapsed time for experts 13.1514 sec
Elapsed time for households 10.2054 sec
Iteration 272
Elapsed time for kappa 30.9259 sec
Elapsed time for experts 12.8070 sec
Elapsed time for households 11.4792 sec
Iteration 273
Elapsed time for kappa 30.8693 sec
Elapsed time for experts 11.6781 sec
Elapsed time for households 11.9623 sec
Iteration 274
Elapsed time for kappa 30.3831 sec
Elapsed time for experts 11.9755 sec
Elapsed time for households 10.4711 sec
Iteration 275
Elapsed time for kappa 29.5089 sec
Elapsed time for experts 12.1279 sec
Elapsed time for households 16.1733 sec
Iteration 276
Elapsed time for kappa 32.1664 sec
Elapsed time for experts 13.6873 sec
Elapsed time for households 10.2573 sec
Iteration 277
Elapsed time for kappa 30.9462 sec
Elapsed time for experts 14.1185 sec
Elapsed time for households 9.9790 sec
Iteration 278
Elapsed time for kappa 31.0425 sec
Elapsed time for experts 12.5423 sec
Elapsed time for households 11.2738 sec
Iteration 279
Elapsed time for kappa 31.0078 sec
Elapsed time for experts 11.7596 sec
Elapsed time for households 11.9023 sec
Iteration 280
Elapsed time for kappa 30.0553 sec
Elapsed time for experts 11.3493 sec
Elapsed time for households 10.6133 sec
Iteration 281
Elapsed time for kappa 29.6280 sec
Elapsed time for experts 11.9180 sec
Elapsed time for households 9.7008 sec
Iteration 282
Elapsed time for kappa 38.4989 sec
Elapsed time for experts 13.1811 sec
Elapsed time for households 10.4705 sec
Iteration 283
Elapsed time for kappa 31.8834 sec
Elapsed time for experts 13.0745 sec
Elapsed time for households 10.9368 sec
Iteration 284
Elapsed time for kappa 32.6451 sec
Elapsed time for experts 13.1413 sec
Elapsed time for households 11.6038 sec
Iteration 285
Elapsed time for kappa 31.5183 sec
Elapsed time for experts 12.3616 sec
Elapsed time for households 11.4813 sec
Iteration 286
Elapsed time for kappa 31.2659 sec
Elapsed time for experts 11.4516 sec
Elapsed time for households 11.7780 sec
Iteration 287
Elapsed time for kappa 30.5366 sec
Elapsed time for experts 10.9969 sec
Elapsed time for households 17.9372 sec
Iteration 288
Elapsed time for kappa 32.3510 sec
Elapsed time for experts 11.5546 sec
Elapsed time for households 11.3020 sec
Iteration 289
Elapsed time for kappa 31.4043 sec
Elapsed time for experts 11.9773 sec
Elapsed time for households 10.2483 sec
Iteration 290
Elapsed time for kappa 31.2810 sec
Elapsed time for experts 13.4970 sec
Elapsed time for households 10.4670 sec
Iteration 291
Elapsed time for kappa 30.4066 sec
Elapsed time for experts 13.1363 sec
Elapsed time for households 10.5148 sec
Iteration 292
Elapsed time for kappa 30.0257 sec
Elapsed time for experts 11.3508 sec
Elapsed time for households 11.3773 sec
Iteration 293
Elapsed time for kappa 29.7740 sec
Elapsed time for experts 10.7575 sec
Elapsed time for households 10.3871 sec
Iteration 294
Elapsed time for kappa 40.2946 sec
Elapsed time for experts 12.1716 sec
Elapsed time for households 11.8656 sec
Iteration 295
Elapsed time for kappa 31.9161 sec
Elapsed time for experts 11.7736 sec
Elapsed time for households 10.4871 sec
Iteration 296
Elapsed time for kappa 31.7679 sec
Elapsed time for experts 13.2778 sec
Elapsed time for households 10.3390 sec
Iteration 297
Elapsed time for kappa 31.2167 sec
Elapsed time for experts 13.5171 sec
Elapsed time for households 10.8582 sec
Iteration 298
Elapsed time for kappa 32.2760 sec
Elapsed time for experts 12.7646 sec
Elapsed time for households 11.0601 sec
Iteration 299
Elapsed time for kappa 31.2245 sec
Elapsed time for experts 13.1690 sec
Elapsed time for households 11.3255 sec
Elapsed time for training 17048.5359 sec
