Iteration 0
Elapsed time for kappa 367.8012 sec
Elapsed time for experts 169.7122 sec
Elapsed time for households 162.4581 sec
Iteration 1
Elapsed time for kappa 334.7429 sec
Elapsed time for experts 162.7475 sec
Elapsed time for households 149.4276 sec
Iteration 2
Elapsed time for kappa 327.9687 sec
Elapsed time for experts 159.3689 sec
Elapsed time for households 11.9189 sec
Iteration 3
Elapsed time for kappa 328.7768 sec
Elapsed time for experts 160.6459 sec
Elapsed time for households 146.6168 sec
Iteration 4
Elapsed time for kappa 321.8942 sec
Elapsed time for experts 164.0271 sec
Elapsed time for households 11.8593 sec
Iteration 5
Elapsed time for kappa 325.2805 sec
Elapsed time for experts 15.1538 sec
Elapsed time for households 71.4356 sec
Iteration 6
Elapsed time for kappa 319.3758 sec
Elapsed time for experts 159.7911 sec
Elapsed time for households 157.4268 sec
Iteration 7
Elapsed time for kappa 323.6046 sec
Elapsed time for experts 111.1393 sec
Elapsed time for households 72.6437 sec
Iteration 8
Elapsed time for kappa 323.1894 sec
Elapsed time for experts 114.7504 sec
Elapsed time for households 13.7526 sec
Iteration 9
Elapsed time for kappa 326.3719 sec
Elapsed time for experts 12.5508 sec
Elapsed time for households 86.6162 sec
Iteration 10
Elapsed time for kappa 323.0784 sec
Elapsed time for experts 14.4700 sec
Elapsed time for households 50.3308 sec
Iteration 11
Elapsed time for kappa 333.9997 sec
Elapsed time for experts 14.7868 sec
Elapsed time for households 155.7278 sec
Iteration 12
Elapsed time for kappa 338.5465 sec
Elapsed time for experts 163.8849 sec
Elapsed time for households 116.2326 sec
Iteration 13
Elapsed time for kappa 332.0787 sec
Elapsed time for experts 57.3227 sec
Elapsed time for households 129.4128 sec
Iteration 14
Elapsed time for kappa 281.0449 sec
Elapsed time for experts 16.7756 sec
Elapsed time for households 37.5267 sec
Elapsed time for training 7779.2157 sec
