Iteration 0
Elapsed time for kappa 231.3303 sec
Elapsed time for experts 106.7627 sec
Elapsed time for households 99.3431 sec
Iteration 1
Elapsed time for kappa 183.3054 sec
Elapsed time for experts 101.4651 sec
Elapsed time for households 88.3050 sec
Iteration 2
Elapsed time for kappa 188.6275 sec
Elapsed time for experts 99.1224 sec
Elapsed time for households 87.6698 sec
Iteration 3
Elapsed time for kappa 185.6354 sec
Elapsed time for experts 103.6941 sec
Elapsed time for households 89.8211 sec
Iteration 4
Elapsed time for kappa 185.7293 sec
Elapsed time for experts 105.3323 sec
Elapsed time for households 94.7286 sec
Iteration 5
Elapsed time for kappa 178.7678 sec
Elapsed time for experts 13.2394 sec
Elapsed time for households 91.8446 sec
Iteration 6
Elapsed time for kappa 180.8557 sec
Elapsed time for experts 96.7576 sec
Elapsed time for households 91.3012 sec
Iteration 7
Elapsed time for kappa 181.2861 sec
Elapsed time for experts 106.0809 sec
Elapsed time for households 43.1029 sec
Iteration 8
Elapsed time for kappa 182.7679 sec
Elapsed time for experts 99.6204 sec
Elapsed time for households 90.0184 sec
Iteration 9
Elapsed time for kappa 179.1573 sec
Elapsed time for experts 100.2913 sec
Elapsed time for households 34.0192 sec
Iteration 10
Elapsed time for kappa 178.3090 sec
Elapsed time for experts 99.2761 sec
Elapsed time for households 91.2919 sec
Iteration 11
Elapsed time for kappa 177.5311 sec
Elapsed time for experts 12.9262 sec
Elapsed time for households 92.6745 sec
Iteration 12
Elapsed time for kappa 186.1756 sec
Elapsed time for experts 98.2165 sec
Elapsed time for households 90.0743 sec
Iteration 13
Elapsed time for kappa 184.6198 sec
Elapsed time for experts 96.6035 sec
Elapsed time for households 90.5483 sec
Iteration 14
Elapsed time for kappa 177.3273 sec
Elapsed time for experts 96.7114 sec
Elapsed time for households 90.6768 sec
Elapsed time for training 5383.7904 sec
