ERROR: logger: /software/python-anaconda-2022.05-el8-x86_64/lib/libuuid.so.1: no version information available (required by /lib64/libblkid.so.1)
      while executing
  "exec logger -t modulecmd "[get-env USER]: $command [join $args]""
      (procedure "module" line 2)
      invoked from within
  "module load python/anaconda-2022.05"
      ("eval" body line 1)
      invoked from within
  "eval $execcmdlist"
  Please report this issue at https://github.com/cea-hpc/modules/issues
Iteration 0
Elapsed time for kappa 100.7171 sec
Elapsed time for experts 26.2346 sec
Elapsed time for households 23.4871 sec
Iteration 1
Elapsed time for kappa 52.8616 sec
Elapsed time for experts 20.9725 sec
Elapsed time for households 20.3124 sec
Iteration 2
Elapsed time for kappa 42.4075 sec
Elapsed time for experts 20.7766 sec
Elapsed time for households 19.4526 sec
Iteration 3
Elapsed time for kappa 37.7050 sec
Elapsed time for experts 21.4677 sec
Elapsed time for households 19.4054 sec
Iteration 4
Elapsed time for kappa 35.1706 sec
Elapsed time for experts 13.1677 sec
Elapsed time for households 18.8687 sec
Iteration 5
Elapsed time for kappa 33.9609 sec
Elapsed time for experts 14.4672 sec
Elapsed time for households 12.9984 sec
Iteration 6
Elapsed time for kappa 33.0192 sec
Elapsed time for experts 20.6677 sec
Elapsed time for households 16.5793 sec
Iteration 7
Elapsed time for kappa 33.2960 sec
Elapsed time for experts 12.8014 sec
Elapsed time for households 16.5472 sec
Iteration 8
Elapsed time for kappa 35.1672 sec
Elapsed time for experts 12.9867 sec
Elapsed time for households 26.1263 sec
Iteration 9
Elapsed time for kappa 34.6247 sec
Elapsed time for experts 17.8179 sec
Elapsed time for households 19.0310 sec
Iteration 10
Elapsed time for kappa 34.1403 sec
Elapsed time for experts 12.3531 sec
Elapsed time for households 19.2148 sec
Iteration 11
Elapsed time for kappa 34.0098 sec
Elapsed time for experts 12.7153 sec
Elapsed time for households 11.0908 sec
Iteration 12
Elapsed time for kappa 32.4470 sec
Elapsed time for experts 17.5183 sec
Elapsed time for households 11.5597 sec
Iteration 13
Elapsed time for kappa 33.6290 sec
Elapsed time for experts 15.1915 sec
Elapsed time for households 19.6948 sec
Iteration 14
Elapsed time for kappa 34.8803 sec
Elapsed time for experts 13.5971 sec
Elapsed time for households 15.8041 sec
Iteration 15
Elapsed time for kappa 40.8246 sec
Elapsed time for experts 12.8210 sec
Elapsed time for households 11.0782 sec
Iteration 16
Elapsed time for kappa 33.4046 sec
Elapsed time for experts 13.8264 sec
Elapsed time for households 11.4439 sec
Iteration 17
Elapsed time for kappa 33.5853 sec
Elapsed time for experts 15.7453 sec
Elapsed time for households 16.3135 sec
Iteration 18
Elapsed time for kappa 32.7722 sec
Elapsed time for experts 12.0958 sec
Elapsed time for households 13.3052 sec
Iteration 19
Elapsed time for kappa 35.1432 sec
Elapsed time for experts 14.1530 sec
Elapsed time for households 12.4638 sec
Iteration 20
Elapsed time for kappa 34.9209 sec
Elapsed time for experts 12.5760 sec
Elapsed time for households 19.9158 sec
Iteration 21
Elapsed time for kappa 33.9631 sec
Elapsed time for experts 13.7294 sec
Elapsed time for households 12.8554 sec
Iteration 22
Elapsed time for kappa 34.1593 sec
Elapsed time for experts 15.1667 sec
Elapsed time for households 11.5942 sec
Iteration 23
Elapsed time for kappa 33.2641 sec
Elapsed time for experts 13.9351 sec
Elapsed time for households 13.7002 sec
Iteration 24
Elapsed time for kappa 33.4879 sec
Elapsed time for experts 12.4963 sec
Elapsed time for households 11.1339 sec
Iteration 25
Elapsed time for kappa 33.0375 sec
Elapsed time for experts 14.1009 sec
Elapsed time for households 16.0538 sec
Iteration 26
Elapsed time for kappa 33.3772 sec
Elapsed time for experts 21.0425 sec
Elapsed time for households 11.5009 sec
Iteration 27
Elapsed time for kappa 34.3597 sec
Elapsed time for experts 14.0850 sec
Elapsed time for households 12.1235 sec
Iteration 28
Elapsed time for kappa 33.9738 sec
Elapsed time for experts 16.5879 sec
Elapsed time for households 16.3986 sec
Iteration 29
Elapsed time for kappa 33.6898 sec
Elapsed time for experts 12.3671 sec
Elapsed time for households 11.0491 sec
Iteration 30
Elapsed time for kappa 33.8173 sec
Elapsed time for experts 12.7631 sec
Elapsed time for households 13.7859 sec
Iteration 31
Elapsed time for kappa 33.4816 sec
Elapsed time for experts 12.7165 sec
Elapsed time for households 12.3478 sec
Iteration 32
Elapsed time for kappa 33.5872 sec
Elapsed time for experts 18.6578 sec
Elapsed time for households 11.9447 sec
Iteration 33
Elapsed time for kappa 32.6390 sec
Elapsed time for experts 13.3217 sec
Elapsed time for households 11.8525 sec
Iteration 34
Elapsed time for kappa 33.3551 sec
Elapsed time for experts 12.5484 sec
Elapsed time for households 11.8948 sec
Iteration 35
Elapsed time for kappa 32.3214 sec
Elapsed time for experts 12.9119 sec
Elapsed time for households 11.0619 sec
Iteration 36
Elapsed time for kappa 31.9754 sec
Elapsed time for experts 11.9119 sec
Elapsed time for households 11.5264 sec
Iteration 37
Elapsed time for kappa 33.3939 sec
Elapsed time for experts 14.2917 sec
Elapsed time for households 10.7382 sec
Iteration 38
Elapsed time for kappa 33.4306 sec
Elapsed time for experts 21.0530 sec
Elapsed time for households 12.2883 sec
Iteration 39
Elapsed time for kappa 32.0340 sec
Elapsed time for experts 12.7732 sec
Elapsed time for households 11.2019 sec
Iteration 40
Elapsed time for kappa 32.0114 sec
Elapsed time for experts 13.3734 sec
Elapsed time for households 11.1448 sec
Iteration 41
Elapsed time for kappa 32.7426 sec
Elapsed time for experts 15.0731 sec
Elapsed time for households 11.8848 sec
Iteration 42
Elapsed time for kappa 32.3132 sec
Elapsed time for experts 12.9845 sec
Elapsed time for households 11.3213 sec
Iteration 43
Elapsed time for kappa 32.7097 sec
Elapsed time for experts 14.1529 sec
Elapsed time for households 12.9397 sec
Iteration 44
Elapsed time for kappa 38.6994 sec
Elapsed time for experts 14.7056 sec
Elapsed time for households 15.1227 sec
Iteration 45
Elapsed time for kappa 32.5708 sec
Elapsed time for experts 12.4335 sec
Elapsed time for households 11.1025 sec
Iteration 46
Elapsed time for kappa 31.6517 sec
Elapsed time for experts 12.7924 sec
Elapsed time for households 10.5410 sec
Iteration 47
Elapsed time for kappa 31.3173 sec
Elapsed time for experts 12.9882 sec
Elapsed time for households 19.1985 sec
Iteration 48
Elapsed time for kappa 31.8463 sec
Elapsed time for experts 13.8345 sec
Elapsed time for households 11.1898 sec
Iteration 49
Elapsed time for kappa 32.7910 sec
Elapsed time for experts 13.2099 sec
Elapsed time for households 10.8293 sec
Iteration 50
Elapsed time for kappa 39.0260 sec
Elapsed time for experts 13.1268 sec
Elapsed time for households 12.5284 sec
Iteration 51
Elapsed time for kappa 33.3068 sec
Elapsed time for experts 13.1904 sec
Elapsed time for households 18.2970 sec
Iteration 52
Elapsed time for kappa 31.2695 sec
Elapsed time for experts 11.9753 sec
Elapsed time for households 13.3268 sec
Iteration 53
Elapsed time for kappa 32.3405 sec
Elapsed time for experts 14.0012 sec
Elapsed time for households 11.1700 sec
Iteration 54
Elapsed time for kappa 31.5199 sec
Elapsed time for experts 12.7800 sec
Elapsed time for households 11.1157 sec
Iteration 55
Elapsed time for kappa 32.7268 sec
Elapsed time for experts 13.3858 sec
Elapsed time for households 13.3725 sec
Iteration 56
Elapsed time for kappa 37.5753 sec
Elapsed time for experts 12.4789 sec
Elapsed time for households 11.7018 sec
Iteration 57
Elapsed time for kappa 31.6596 sec
Elapsed time for experts 12.0934 sec
Elapsed time for households 12.9401 sec
Iteration 58
Elapsed time for kappa 31.1432 sec
Elapsed time for experts 14.3128 sec
Elapsed time for households 11.2144 sec
Iteration 59
Elapsed time for kappa 30.8274 sec
Elapsed time for experts 12.0770 sec
Elapsed time for households 11.1311 sec
Iteration 60
Elapsed time for kappa 31.7211 sec
Elapsed time for experts 13.3946 sec
Elapsed time for households 11.5757 sec
Iteration 61
Elapsed time for kappa 33.0430 sec
Elapsed time for experts 12.3495 sec
Elapsed time for households 10.9238 sec
Iteration 62
Elapsed time for kappa 38.3889 sec
Elapsed time for experts 13.7467 sec
Elapsed time for households 12.0892 sec
Iteration 63
Elapsed time for kappa 31.9299 sec
Elapsed time for experts 11.7615 sec
Elapsed time for households 11.3519 sec
Iteration 64
Elapsed time for kappa 31.4373 sec
Elapsed time for experts 12.4234 sec
Elapsed time for households 12.2399 sec
Iteration 65
Elapsed time for kappa 30.4292 sec
Elapsed time for experts 12.7975 sec
Elapsed time for households 10.3868 sec
Iteration 66
Elapsed time for kappa 31.0983 sec
Elapsed time for experts 13.2840 sec
Elapsed time for households 14.0688 sec
Iteration 67
Elapsed time for kappa 32.7970 sec
Elapsed time for experts 13.3340 sec
Elapsed time for households 11.0677 sec
Iteration 68
Elapsed time for kappa 37.2076 sec
Elapsed time for experts 12.5146 sec
Elapsed time for households 16.5456 sec
Iteration 69
Elapsed time for kappa 31.4268 sec
Elapsed time for experts 15.5295 sec
Elapsed time for households 15.0816 sec
Iteration 70
Elapsed time for kappa 30.5408 sec
Elapsed time for experts 12.3468 sec
Elapsed time for households 13.4933 sec
Iteration 71
Elapsed time for kappa 30.4126 sec
Elapsed time for experts 18.4617 sec
Elapsed time for households 11.1668 sec
Iteration 72
Elapsed time for kappa 30.9752 sec
Elapsed time for experts 14.0374 sec
Elapsed time for households 13.9977 sec
Iteration 73
Elapsed time for kappa 31.7601 sec
Elapsed time for experts 11.6114 sec
Elapsed time for households 11.2015 sec
Iteration 74
Elapsed time for kappa 37.2875 sec
Elapsed time for experts 19.1533 sec
Elapsed time for households 16.4819 sec
Iteration 75
Elapsed time for kappa 33.1261 sec
Elapsed time for experts 12.7171 sec
Elapsed time for households 13.2428 sec
Iteration 76
Elapsed time for kappa 30.6727 sec
Elapsed time for experts 11.9901 sec
Elapsed time for households 11.7180 sec
Iteration 77
Elapsed time for kappa 30.8698 sec
Elapsed time for experts 13.1109 sec
Elapsed time for households 11.1699 sec
Iteration 78
Elapsed time for kappa 30.1980 sec
Elapsed time for experts 11.7168 sec
Elapsed time for households 13.4435 sec
Iteration 79
Elapsed time for kappa 30.8728 sec
Elapsed time for experts 11.7031 sec
Elapsed time for households 17.5248 sec
Iteration 80
Elapsed time for kappa 31.1841 sec
Elapsed time for experts 12.0641 sec
Elapsed time for households 12.4993 sec
Iteration 81
Elapsed time for kappa 30.7644 sec
Elapsed time for experts 13.7837 sec
Elapsed time for households 11.2754 sec
Iteration 82
Elapsed time for kappa 30.3989 sec
Elapsed time for experts 13.0918 sec
Elapsed time for households 13.2483 sec
Iteration 83
Elapsed time for kappa 29.9955 sec
Elapsed time for experts 11.5838 sec
Elapsed time for households 11.5627 sec
Iteration 84
Elapsed time for kappa 29.7784 sec
Elapsed time for experts 12.7424 sec
Elapsed time for households 11.9266 sec
Iteration 85
Elapsed time for kappa 31.6105 sec
Elapsed time for experts 11.8299 sec
Elapsed time for households 17.3563 sec
Iteration 86
Elapsed time for kappa 32.4913 sec
Elapsed time for experts 13.7020 sec
Elapsed time for households 13.9558 sec
Iteration 87
Elapsed time for kappa 30.8694 sec
Elapsed time for experts 13.4594 sec
Elapsed time for households 13.6678 sec
Iteration 88
Elapsed time for kappa 30.3053 sec
Elapsed time for experts 12.6402 sec
Elapsed time for households 10.9765 sec
Iteration 89
Elapsed time for kappa 31.3703 sec
Elapsed time for experts 13.7500 sec
Elapsed time for households 12.5538 sec
Iteration 90
Elapsed time for kappa 29.9122 sec
Elapsed time for experts 11.5243 sec
Elapsed time for households 11.2974 sec
Iteration 91
Elapsed time for kappa 31.0336 sec
Elapsed time for experts 19.1864 sec
Elapsed time for households 11.9181 sec
Iteration 92
Elapsed time for kappa 33.1358 sec
Elapsed time for experts 13.2979 sec
Elapsed time for households 12.6494 sec
Iteration 93
Elapsed time for kappa 30.5470 sec
Elapsed time for experts 12.1006 sec
Elapsed time for households 10.9152 sec
Iteration 94
Elapsed time for kappa 30.1066 sec
Elapsed time for experts 12.2066 sec
Elapsed time for households 12.6424 sec
Iteration 95
Elapsed time for kappa 29.9474 sec
Elapsed time for experts 11.6385 sec
Elapsed time for households 15.8844 sec
Iteration 96
Elapsed time for kappa 30.8276 sec
Elapsed time for experts 12.4624 sec
Elapsed time for households 10.5292 sec
Iteration 97
Elapsed time for kappa 29.6853 sec
Elapsed time for experts 18.2422 sec
Elapsed time for households 14.3292 sec
Iteration 98
Elapsed time for kappa 32.3617 sec
Elapsed time for experts 12.8025 sec
Elapsed time for households 13.6098 sec
Iteration 99
Elapsed time for kappa 31.6857 sec
Elapsed time for experts 12.5327 sec
Elapsed time for households 11.2589 sec
Iteration 100
Elapsed time for kappa 31.4536 sec
Elapsed time for experts 13.2628 sec
Elapsed time for households 10.7396 sec
Iteration 101
Elapsed time for kappa 30.5806 sec
Elapsed time for experts 11.6577 sec
Elapsed time for households 11.1083 sec
Iteration 102
Elapsed time for kappa 29.9647 sec
Elapsed time for experts 12.1676 sec
Elapsed time for households 10.7275 sec
Iteration 103
Elapsed time for kappa 29.8746 sec
Elapsed time for experts 18.9605 sec
Elapsed time for households 12.1221 sec
Iteration 104
Elapsed time for kappa 32.3386 sec
Elapsed time for experts 14.6811 sec
Elapsed time for households 11.9972 sec
Iteration 105
Elapsed time for kappa 32.6001 sec
Elapsed time for experts 13.4896 sec
Elapsed time for households 11.5073 sec
Iteration 106
Elapsed time for kappa 33.8539 sec
Elapsed time for experts 14.9165 sec
Elapsed time for households 17.8003 sec
Iteration 107
Elapsed time for kappa 32.2323 sec
Elapsed time for experts 12.6385 sec
Elapsed time for households 11.2621 sec
Iteration 108
Elapsed time for kappa 29.9690 sec
Elapsed time for experts 12.1327 sec
Elapsed time for households 17.3281 sec
Iteration 109
Elapsed time for kappa 37.2016 sec
Elapsed time for experts 13.9282 sec
Elapsed time for households 11.5700 sec
Iteration 110
Elapsed time for kappa 32.1464 sec
Elapsed time for experts 13.7602 sec
Elapsed time for households 16.0529 sec
Iteration 111
Elapsed time for kappa 32.1245 sec
Elapsed time for experts 14.9116 sec
Elapsed time for households 16.7818 sec
Iteration 112
Elapsed time for kappa 30.1109 sec
Elapsed time for experts 14.8666 sec
Elapsed time for households 10.8198 sec
Iteration 113
Elapsed time for kappa 30.0102 sec
Elapsed time for experts 11.4248 sec
Elapsed time for households 13.7232 sec
Iteration 114
Elapsed time for kappa 29.9055 sec
Elapsed time for experts 12.4174 sec
Elapsed time for households 11.0870 sec
Iteration 115
Elapsed time for kappa 38.3260 sec
Elapsed time for experts 12.9952 sec
Elapsed time for households 11.2128 sec
Iteration 116
Elapsed time for kappa 31.8346 sec
Elapsed time for experts 18.9034 sec
Elapsed time for households 11.1339 sec
Iteration 117
Elapsed time for kappa 32.2091 sec
Elapsed time for experts 12.6499 sec
Elapsed time for households 11.4171 sec
Iteration 118
Elapsed time for kappa 30.4493 sec
Elapsed time for experts 16.1111 sec
Elapsed time for households 11.0914 sec
Iteration 119
Elapsed time for kappa 30.7778 sec
Elapsed time for experts 13.0534 sec
Elapsed time for households 11.1420 sec
Iteration 120
Elapsed time for kappa 30.2251 sec
Elapsed time for experts 11.7467 sec
Elapsed time for households 12.9598 sec
Iteration 121
Elapsed time for kappa 39.2028 sec
Elapsed time for experts 13.8833 sec
Elapsed time for households 12.8058 sec
Iteration 122
Elapsed time for kappa 33.1033 sec
Elapsed time for experts 13.9560 sec
Elapsed time for households 11.5287 sec
Iteration 123
Elapsed time for kappa 31.7306 sec
Elapsed time for experts 12.2054 sec
Elapsed time for households 10.9418 sec
Iteration 124
Elapsed time for kappa 31.3667 sec
Elapsed time for experts 11.5374 sec
Elapsed time for households 11.1755 sec
Iteration 125
Elapsed time for kappa 30.1611 sec
Elapsed time for experts 11.7097 sec
Elapsed time for households 10.8098 sec
Iteration 126
Elapsed time for kappa 29.9617 sec
Elapsed time for experts 12.4525 sec
Elapsed time for households 10.6463 sec
Iteration 127
Elapsed time for kappa 39.4232 sec
Elapsed time for experts 13.1939 sec
Elapsed time for households 14.8811 sec
Iteration 128
Elapsed time for kappa 31.5635 sec
Elapsed time for experts 11.8541 sec
Elapsed time for households 14.6608 sec
Iteration 129
Elapsed time for kappa 31.2716 sec
Elapsed time for experts 12.3393 sec
Elapsed time for households 11.6677 sec
Iteration 130
Elapsed time for kappa 31.0620 sec
Elapsed time for experts 13.5852 sec
Elapsed time for households 11.0317 sec
Iteration 131
Elapsed time for kappa 31.1556 sec
Elapsed time for experts 13.6866 sec
Elapsed time for households 10.6526 sec
Iteration 132
Elapsed time for kappa 30.8211 sec
Elapsed time for experts 13.8809 sec
Elapsed time for households 11.3179 sec
Iteration 133
Elapsed time for kappa 39.4438 sec
Elapsed time for experts 12.9569 sec
Elapsed time for households 11.0093 sec
Iteration 134
Elapsed time for kappa 31.3683 sec
Elapsed time for experts 14.5881 sec
Elapsed time for households 11.2515 sec
Iteration 135
Elapsed time for kappa 32.2174 sec
Elapsed time for experts 13.1539 sec
Elapsed time for households 11.8716 sec
Iteration 136
Elapsed time for kappa 31.4746 sec
Elapsed time for experts 12.8847 sec
Elapsed time for households 10.3705 sec
Iteration 137
Elapsed time for kappa 30.1800 sec
Elapsed time for experts 20.2362 sec
Elapsed time for households 10.5738 sec
Iteration 138
Elapsed time for kappa 30.8096 sec
Elapsed time for experts 12.2468 sec
Elapsed time for households 10.7688 sec
Iteration 139
Elapsed time for kappa 37.2037 sec
Elapsed time for experts 19.1047 sec
Elapsed time for households 11.0750 sec
Iteration 140
Elapsed time for kappa 31.9790 sec
Elapsed time for experts 12.0104 sec
Elapsed time for households 11.6119 sec
Iteration 141
Elapsed time for kappa 31.1648 sec
Elapsed time for experts 14.3918 sec
Elapsed time for households 11.3281 sec
Iteration 142
Elapsed time for kappa 30.4425 sec
Elapsed time for experts 15.1016 sec
Elapsed time for households 13.4533 sec
Iteration 143
Elapsed time for kappa 31.6863 sec
Elapsed time for experts 13.8712 sec
Elapsed time for households 10.7458 sec
Iteration 144
Elapsed time for kappa 30.5704 sec
Elapsed time for experts 12.5953 sec
Elapsed time for households 10.8028 sec
Iteration 145
Elapsed time for kappa 37.9610 sec
Elapsed time for experts 12.6333 sec
Elapsed time for households 13.3667 sec
Iteration 146
Elapsed time for kappa 31.3298 sec
Elapsed time for experts 14.6108 sec
Elapsed time for households 11.3982 sec
Iteration 147
Elapsed time for kappa 31.3500 sec
Elapsed time for experts 12.1249 sec
Elapsed time for households 11.3698 sec
Iteration 148
Elapsed time for kappa 32.5337 sec
Elapsed time for experts 12.7416 sec
Elapsed time for households 18.7762 sec
Iteration 149
Elapsed time for kappa 30.3798 sec
Elapsed time for experts 12.2903 sec
Elapsed time for households 10.8903 sec
Iteration 150
Elapsed time for kappa 30.0350 sec
Elapsed time for experts 13.3131 sec
Elapsed time for households 16.9365 sec
Iteration 151
Elapsed time for kappa 31.4049 sec
Elapsed time for experts 12.4009 sec
Elapsed time for households 11.2452 sec
Iteration 152
Elapsed time for kappa 31.9309 sec
Elapsed time for experts 12.4043 sec
Elapsed time for households 14.3463 sec
Iteration 153
Elapsed time for kappa 32.0190 sec
Elapsed time for experts 14.1356 sec
Elapsed time for households 11.7685 sec
Iteration 154
Elapsed time for kappa 31.4581 sec
Elapsed time for experts 12.4854 sec
Elapsed time for households 11.1053 sec
Iteration 155
Elapsed time for kappa 30.0246 sec
Elapsed time for experts 13.5482 sec
Elapsed time for households 10.8688 sec
Iteration 156
Elapsed time for kappa 30.5013 sec
Elapsed time for experts 18.4024 sec
Elapsed time for households 12.0839 sec
Iteration 157
Elapsed time for kappa 31.5656 sec
Elapsed time for experts 13.7395 sec
Elapsed time for households 11.7036 sec
Iteration 158
Elapsed time for kappa 32.1333 sec
Elapsed time for experts 13.2945 sec
Elapsed time for households 14.9594 sec
Iteration 159
Elapsed time for kappa 31.2309 sec
Elapsed time for experts 14.6203 sec
Elapsed time for households 13.6298 sec
Iteration 160
Elapsed time for kappa 31.1146 sec
Elapsed time for experts 11.9882 sec
Elapsed time for households 14.3568 sec
Iteration 161
Elapsed time for kappa 30.2557 sec
Elapsed time for experts 11.9528 sec
Elapsed time for households 10.8388 sec
Iteration 162
Elapsed time for kappa 32.0072 sec
Elapsed time for experts 11.5131 sec
Elapsed time for households 17.9652 sec
Iteration 163
Elapsed time for kappa 31.9655 sec
Elapsed time for experts 12.8658 sec
Elapsed time for households 14.2036 sec
Iteration 164
Elapsed time for kappa 31.8298 sec
Elapsed time for experts 13.8113 sec
Elapsed time for households 10.7913 sec
Iteration 165
Elapsed time for kappa 30.9364 sec
Elapsed time for experts 12.3392 sec
Elapsed time for households 11.5672 sec
Iteration 166
Elapsed time for kappa 31.3562 sec
Elapsed time for experts 13.6825 sec
Elapsed time for households 11.6908 sec
Iteration 167
Elapsed time for kappa 31.2102 sec
Elapsed time for experts 13.4355 sec
Elapsed time for households 11.5699 sec
Iteration 168
Elapsed time for kappa 30.6240 sec
Elapsed time for experts 11.5810 sec
Elapsed time for households 16.8362 sec
Iteration 169
Elapsed time for kappa 32.3674 sec
Elapsed time for experts 13.6778 sec
Elapsed time for households 12.7725 sec
Iteration 170
Elapsed time for kappa 32.6517 sec
Elapsed time for experts 12.4080 sec
Elapsed time for households 11.5150 sec
Iteration 171
Elapsed time for kappa 31.3410 sec
Elapsed time for experts 12.1666 sec
Elapsed time for households 14.0660 sec
Iteration 172
Elapsed time for kappa 31.1467 sec
Elapsed time for experts 12.6592 sec
Elapsed time for households 11.2350 sec
Iteration 173
Elapsed time for kappa 30.8263 sec
Elapsed time for experts 12.2829 sec
Elapsed time for households 10.9284 sec
Iteration 174
Elapsed time for kappa 30.7020 sec
Elapsed time for experts 11.5637 sec
Elapsed time for households 10.6979 sec
Iteration 175
Elapsed time for kappa 37.9114 sec
Elapsed time for experts 14.1676 sec
Elapsed time for households 12.2419 sec
Iteration 176
Elapsed time for kappa 32.5010 sec
Elapsed time for experts 14.0502 sec
Elapsed time for households 11.5782 sec
Iteration 177
Elapsed time for kappa 31.7367 sec
Elapsed time for experts 12.9813 sec
Elapsed time for households 11.4464 sec
Iteration 178
Elapsed time for kappa 31.3923 sec
Elapsed time for experts 13.7436 sec
Elapsed time for households 11.2501 sec
Iteration 179
Elapsed time for kappa 30.9195 sec
Elapsed time for experts 12.3388 sec
Elapsed time for households 10.9747 sec
Iteration 180
Elapsed time for kappa 30.1886 sec
Elapsed time for experts 14.6864 sec
Elapsed time for households 24.8705 sec
Iteration 181
Elapsed time for kappa 32.1647 sec
Elapsed time for experts 13.6431 sec
Elapsed time for households 12.9023 sec
Iteration 182
Elapsed time for kappa 33.1950 sec
Elapsed time for experts 14.5764 sec
Elapsed time for households 14.8774 sec
Iteration 183
Elapsed time for kappa 31.4362 sec
Elapsed time for experts 14.2069 sec
Elapsed time for households 11.7094 sec
Iteration 184
Elapsed time for kappa 30.5156 sec
Elapsed time for experts 11.9160 sec
Elapsed time for households 10.9598 sec
Iteration 185
Elapsed time for kappa 30.6286 sec
Elapsed time for experts 13.3623 sec
Elapsed time for households 11.1734 sec
Iteration 186
Elapsed time for kappa 30.0197 sec
Elapsed time for experts 13.9988 sec
Elapsed time for households 17.5188 sec
Iteration 187
Elapsed time for kappa 33.5251 sec
Elapsed time for experts 13.6978 sec
Elapsed time for households 11.8475 sec
Iteration 188
Elapsed time for kappa 32.5076 sec
Elapsed time for experts 12.3476 sec
Elapsed time for households 11.9167 sec
Iteration 189
Elapsed time for kappa 32.8689 sec
Elapsed time for experts 13.5612 sec
Elapsed time for households 16.4416 sec
Iteration 190
Elapsed time for kappa 32.0439 sec
Elapsed time for experts 12.3847 sec
Elapsed time for households 11.9817 sec
Iteration 191
Elapsed time for kappa 30.9624 sec
Elapsed time for experts 15.7973 sec
Elapsed time for households 11.0811 sec
Iteration 192
Elapsed time for kappa 30.4384 sec
Elapsed time for experts 13.1530 sec
Elapsed time for households 19.5058 sec
Iteration 193
Elapsed time for kappa 33.4348 sec
Elapsed time for experts 12.8834 sec
Elapsed time for households 12.4043 sec
Iteration 194
Elapsed time for kappa 32.8604 sec
Elapsed time for experts 14.2390 sec
Elapsed time for households 11.4043 sec
Iteration 195
Elapsed time for kappa 32.8201 sec
Elapsed time for experts 12.9093 sec
Elapsed time for households 11.4139 sec
Iteration 196
Elapsed time for kappa 31.9862 sec
Elapsed time for experts 12.6213 sec
Elapsed time for households 11.4373 sec
Iteration 197
Elapsed time for kappa 30.7377 sec
Elapsed time for experts 13.0933 sec
Elapsed time for households 10.4782 sec
Iteration 198
Elapsed time for kappa 29.7659 sec
Elapsed time for experts 13.9678 sec
Elapsed time for households 10.4104 sec
Iteration 199
Elapsed time for kappa 38.9432 sec
Elapsed time for experts 14.8335 sec
Elapsed time for households 11.6911 sec
Iteration 200
Elapsed time for kappa 33.1419 sec
Elapsed time for experts 15.4157 sec
Elapsed time for households 11.2616 sec
Iteration 201
Elapsed time for kappa 31.4927 sec
Elapsed time for experts 13.4931 sec
Elapsed time for households 10.9489 sec
Iteration 202
Elapsed time for kappa 30.8405 sec
Elapsed time for experts 12.9576 sec
Elapsed time for households 11.2858 sec
Iteration 203
Elapsed time for kappa 31.2248 sec
Elapsed time for experts 12.0230 sec
Elapsed time for households 11.1149 sec
Iteration 204
Elapsed time for kappa 30.0849 sec
Elapsed time for experts 11.9360 sec
Elapsed time for households 10.8593 sec
Iteration 205
Elapsed time for kappa 37.5159 sec
Elapsed time for experts 15.2353 sec
Elapsed time for households 13.1126 sec
Iteration 206
Elapsed time for kappa 33.3939 sec
Elapsed time for experts 13.4658 sec
Elapsed time for households 12.3356 sec
Iteration 207
Elapsed time for kappa 32.2161 sec
Elapsed time for experts 12.4893 sec
Elapsed time for households 11.7903 sec
Iteration 208
Elapsed time for kappa 31.8097 sec
Elapsed time for experts 12.2901 sec
Elapsed time for households 10.6873 sec
Iteration 209
Elapsed time for kappa 31.0578 sec
Elapsed time for experts 14.7339 sec
Elapsed time for households 13.7419 sec
Iteration 210
Elapsed time for kappa 30.3701 sec
Elapsed time for experts 19.0010 sec
Elapsed time for households 16.8348 sec
Iteration 211
Elapsed time for kappa 31.8143 sec
Elapsed time for experts 15.4112 sec
Elapsed time for households 14.2459 sec
Iteration 212
Elapsed time for kappa 33.9830 sec
Elapsed time for experts 15.3561 sec
Elapsed time for households 12.3863 sec
Iteration 213
Elapsed time for kappa 32.9472 sec
Elapsed time for experts 13.1664 sec
Elapsed time for households 10.9285 sec
Iteration 214
Elapsed time for kappa 30.4738 sec
Elapsed time for experts 12.5753 sec
Elapsed time for households 10.6290 sec
Iteration 215
Elapsed time for kappa 30.6605 sec
Elapsed time for experts 12.9996 sec
Elapsed time for households 11.0153 sec
Iteration 216
Elapsed time for kappa 30.2716 sec
Elapsed time for experts 13.9214 sec
Elapsed time for households 19.9240 sec
Iteration 217
Elapsed time for kappa 32.3942 sec
Elapsed time for experts 14.6691 sec
Elapsed time for households 12.2125 sec
Iteration 218
Elapsed time for kappa 33.4965 sec
Elapsed time for experts 13.1569 sec
Elapsed time for households 10.9702 sec
Iteration 219
Elapsed time for kappa 31.7040 sec
Elapsed time for experts 13.7271 sec
Elapsed time for households 10.6277 sec
Iteration 220
Elapsed time for kappa 31.2048 sec
Elapsed time for experts 12.9923 sec
Elapsed time for households 10.7687 sec
Iteration 221
Elapsed time for kappa 31.3446 sec
Elapsed time for experts 13.1097 sec
Elapsed time for households 11.2389 sec
Iteration 222
Elapsed time for kappa 30.1950 sec
Elapsed time for experts 11.8064 sec
Elapsed time for households 18.0157 sec
Iteration 223
Elapsed time for kappa 32.8160 sec
Elapsed time for experts 12.9719 sec
Elapsed time for households 11.4278 sec
Iteration 224
Elapsed time for kappa 31.6014 sec
Elapsed time for experts 12.1043 sec
Elapsed time for households 10.7261 sec
Iteration 225
Elapsed time for kappa 31.2251 sec
Elapsed time for experts 12.4840 sec
Elapsed time for households 10.9291 sec
Iteration 226
Elapsed time for kappa 30.8154 sec
Elapsed time for experts 13.0928 sec
Elapsed time for households 11.9554 sec
Iteration 227
Elapsed time for kappa 32.2556 sec
Elapsed time for experts 16.1405 sec
Elapsed time for households 11.5897 sec
Iteration 228
Elapsed time for kappa 31.6828 sec
Elapsed time for experts 15.2670 sec
Elapsed time for households 10.8779 sec
Iteration 229
Elapsed time for kappa 41.5433 sec
Elapsed time for experts 13.5548 sec
Elapsed time for households 13.4464 sec
Iteration 230
Elapsed time for kappa 32.3072 sec
Elapsed time for experts 13.3793 sec
Elapsed time for households 11.5148 sec
Iteration 231
Elapsed time for kappa 32.7736 sec
Elapsed time for experts 12.8928 sec
Elapsed time for households 11.9535 sec
Iteration 232
Elapsed time for kappa 31.1295 sec
Elapsed time for experts 12.4171 sec
Elapsed time for households 13.3805 sec
Iteration 233
Elapsed time for kappa 30.4882 sec
Elapsed time for experts 11.8085 sec
Elapsed time for households 11.2187 sec
Iteration 234
Elapsed time for kappa 30.3072 sec
Elapsed time for experts 12.7467 sec
Elapsed time for households 10.8372 sec
Iteration 235
Elapsed time for kappa 38.2365 sec
Elapsed time for experts 12.4547 sec
Elapsed time for households 11.9888 sec
Iteration 236
Elapsed time for kappa 33.2567 sec
Elapsed time for experts 12.4108 sec
Elapsed time for households 10.9996 sec
Iteration 237
Elapsed time for kappa 32.5221 sec
Elapsed time for experts 15.5372 sec
Elapsed time for households 12.4686 sec
Iteration 238
Elapsed time for kappa 32.8024 sec
Elapsed time for experts 12.6007 sec
Elapsed time for households 11.5655 sec
Iteration 239
Elapsed time for kappa 31.0357 sec
Elapsed time for experts 13.5060 sec
Elapsed time for households 11.8232 sec
Iteration 240
Elapsed time for kappa 32.1189 sec
Elapsed time for experts 12.8545 sec
Elapsed time for households 17.5625 sec
Iteration 241
Elapsed time for kappa 33.2394 sec
Elapsed time for experts 14.3828 sec
Elapsed time for households 14.6558 sec
Iteration 242
Elapsed time for kappa 33.2255 sec
Elapsed time for experts 12.6896 sec
Elapsed time for households 11.2332 sec
Iteration 243
Elapsed time for kappa 33.1462 sec
Elapsed time for experts 15.3686 sec
Elapsed time for households 12.0980 sec
Iteration 244
Elapsed time for kappa 32.7916 sec
Elapsed time for experts 12.2577 sec
Elapsed time for households 11.4386 sec
Iteration 245
Elapsed time for kappa 30.2657 sec
Elapsed time for experts 13.1025 sec
Elapsed time for households 11.4450 sec
Iteration 246
Elapsed time for kappa 31.1106 sec
Elapsed time for experts 13.4727 sec
Elapsed time for households 11.5339 sec
Iteration 247
Elapsed time for kappa 39.7393 sec
Elapsed time for experts 13.0235 sec
Elapsed time for households 16.0887 sec
Iteration 248
Elapsed time for kappa 31.6425 sec
Elapsed time for experts 12.8463 sec
Elapsed time for households 10.8278 sec
Iteration 249
Elapsed time for kappa 31.5624 sec
Elapsed time for experts 13.8537 sec
Elapsed time for households 11.0290 sec
Iteration 250
Elapsed time for kappa 31.1856 sec
Elapsed time for experts 12.3705 sec
Elapsed time for households 11.9571 sec
Iteration 251
Elapsed time for kappa 32.3727 sec
Elapsed time for experts 13.8916 sec
Elapsed time for households 11.8130 sec
Iteration 252
Elapsed time for kappa 31.8125 sec
Elapsed time for experts 12.2271 sec
Elapsed time for households 17.4929 sec
Iteration 253
Elapsed time for kappa 32.2619 sec
Elapsed time for experts 13.1129 sec
Elapsed time for households 11.3112 sec
Iteration 254
Elapsed time for kappa 31.3062 sec
Elapsed time for experts 14.2114 sec
Elapsed time for households 12.5983 sec
Iteration 255
Elapsed time for kappa 32.9413 sec
Elapsed time for experts 12.7466 sec
Elapsed time for households 11.7320 sec
Iteration 256
Elapsed time for kappa 31.2067 sec
Elapsed time for experts 12.5025 sec
Elapsed time for households 11.8175 sec
Iteration 257
Elapsed time for kappa 31.4435 sec
Elapsed time for experts 13.4210 sec
Elapsed time for households 10.8724 sec
Iteration 258
Elapsed time for kappa 30.4902 sec
Elapsed time for experts 13.2517 sec
Elapsed time for households 12.4697 sec
Iteration 259
Elapsed time for kappa 39.5048 sec
Elapsed time for experts 16.8360 sec
Elapsed time for households 13.8048 sec
Iteration 260
Elapsed time for kappa 32.4290 sec
Elapsed time for experts 12.7213 sec
Elapsed time for households 11.2684 sec
Iteration 261
Elapsed time for kappa 31.6639 sec
Elapsed time for experts 13.0516 sec
Elapsed time for households 11.3029 sec
Iteration 262
Elapsed time for kappa 31.1004 sec
Elapsed time for experts 14.7612 sec
Elapsed time for households 11.9969 sec
Iteration 263
Elapsed time for kappa 32.0315 sec
Elapsed time for experts 12.3951 sec
Elapsed time for households 11.0405 sec
Iteration 264
Elapsed time for kappa 30.8696 sec
Elapsed time for experts 14.7168 sec
Elapsed time for households 18.1203 sec
Iteration 265
Elapsed time for kappa 34.2365 sec
Elapsed time for experts 14.8477 sec
Elapsed time for households 12.4986 sec
Iteration 266
Elapsed time for kappa 31.7960 sec
Elapsed time for experts 12.8563 sec
Elapsed time for households 10.9272 sec
Iteration 267
Elapsed time for kappa 31.6995 sec
Elapsed time for experts 12.4080 sec
Elapsed time for households 11.0415 sec
Iteration 268
Elapsed time for kappa 30.7528 sec
Elapsed time for experts 12.2559 sec
Elapsed time for households 11.4839 sec
Iteration 269
Elapsed time for kappa 30.2910 sec
Elapsed time for experts 11.7326 sec
Elapsed time for households 10.5216 sec
Iteration 270
Elapsed time for kappa 30.5377 sec
Elapsed time for experts 12.2223 sec
Elapsed time for households 10.9799 sec
Iteration 271
Elapsed time for kappa 39.3905 sec
Elapsed time for experts 12.6881 sec
Elapsed time for households 11.8754 sec
Iteration 272
Elapsed time for kappa 32.1358 sec
Elapsed time for experts 12.4338 sec
Elapsed time for households 11.3147 sec
Iteration 273
Elapsed time for kappa 32.1060 sec
Elapsed time for experts 13.0929 sec
Elapsed time for households 11.8157 sec
Iteration 274
Elapsed time for kappa 32.1219 sec
Elapsed time for experts 15.5296 sec
Elapsed time for households 11.4123 sec
Iteration 275
Elapsed time for kappa 31.1913 sec
Elapsed time for experts 15.0380 sec
Elapsed time for households 10.8048 sec
Iteration 276
Elapsed time for kappa 30.2516 sec
Elapsed time for experts 12.0808 sec
Elapsed time for households 11.1537 sec
Iteration 277
Elapsed time for kappa 39.0055 sec
Elapsed time for experts 13.7293 sec
Elapsed time for households 12.1671 sec
Iteration 278
Elapsed time for kappa 32.8493 sec
Elapsed time for experts 12.7682 sec
Elapsed time for households 11.4230 sec
Iteration 279
Elapsed time for kappa 33.2543 sec
Elapsed time for experts 14.9181 sec
Elapsed time for households 12.2072 sec
Iteration 280
Elapsed time for kappa 32.2938 sec
Elapsed time for experts 12.6389 sec
Elapsed time for households 11.4573 sec
Iteration 281
Elapsed time for kappa 32.6633 sec
Elapsed time for experts 13.5961 sec
Elapsed time for households 11.1755 sec
Iteration 282
Elapsed time for kappa 31.6792 sec
Elapsed time for experts 14.5894 sec
Elapsed time for households 16.5119 sec
Iteration 283
Elapsed time for kappa 32.9315 sec
Elapsed time for experts 13.5089 sec
Elapsed time for households 11.4501 sec
Iteration 284
Elapsed time for kappa 31.8810 sec
Elapsed time for experts 12.7325 sec
Elapsed time for households 10.9287 sec
Iteration 285
Elapsed time for kappa 31.3140 sec
Elapsed time for experts 12.7507 sec
Elapsed time for households 11.5856 sec
Iteration 286
Elapsed time for kappa 31.2146 sec
Elapsed time for experts 13.0940 sec
Elapsed time for households 11.3663 sec
Iteration 287
Elapsed time for kappa 30.7001 sec
Elapsed time for experts 12.4107 sec
Elapsed time for households 11.3193 sec
Iteration 288
Elapsed time for kappa 32.1351 sec
Elapsed time for experts 13.0908 sec
Elapsed time for households 11.5374 sec
Iteration 289
Elapsed time for kappa 38.8031 sec
Elapsed time for experts 12.2206 sec
Elapsed time for households 14.4546 sec
Iteration 290
Elapsed time for kappa 31.9325 sec
Elapsed time for experts 13.4193 sec
Elapsed time for households 12.6231 sec
Iteration 291
Elapsed time for kappa 33.3215 sec
Elapsed time for experts 13.0445 sec
Elapsed time for households 12.2184 sec
Iteration 292
Elapsed time for kappa 33.4931 sec
Elapsed time for experts 14.3628 sec
Elapsed time for households 11.7003 sec
Iteration 293
Elapsed time for kappa 31.5782 sec
Elapsed time for experts 12.2660 sec
Elapsed time for households 11.8642 sec
Iteration 294
Elapsed time for kappa 30.7521 sec
Elapsed time for experts 11.7135 sec
Elapsed time for households 21.8595 sec
Iteration 295
Elapsed time for kappa 33.3969 sec
Elapsed time for experts 13.9155 sec
Elapsed time for households 11.7328 sec
Iteration 296
Elapsed time for kappa 32.3326 sec
Elapsed time for experts 14.4647 sec
Elapsed time for households 12.7053 sec
Iteration 297
Elapsed time for kappa 32.7881 sec
Elapsed time for experts 12.9761 sec
Elapsed time for households 13.2601 sec
Iteration 298
Elapsed time for kappa 32.2622 sec
Elapsed time for experts 13.3569 sec
Elapsed time for households 12.8984 sec
Iteration 299
Elapsed time for kappa 30.5517 sec
Elapsed time for experts 12.0265 sec
Elapsed time for households 16.1305 sec
Elapsed time for training 17766.6998 sec
90000 90000 90000 90000
