Iteration 0
Elapsed time for kappa 72.3370 sec
Elapsed time for experts 20.1481 sec
Elapsed time for households 16.1155 sec
Iteration 1
Elapsed time for kappa 34.5536 sec
Elapsed time for experts 14.9091 sec
Elapsed time for households 13.1811 sec
Iteration 2
Elapsed time for kappa 38.1583 sec
Elapsed time for experts 15.0534 sec
Elapsed time for households 11.3486 sec
Iteration 3
Elapsed time for kappa 34.2094 sec
Elapsed time for experts 15.5003 sec
Elapsed time for households 11.2945 sec
Iteration 4
Elapsed time for kappa 34.3339 sec
Elapsed time for experts 13.1486 sec
Elapsed time for households 13.9930 sec
Iteration 5
Elapsed time for kappa 33.9597 sec
Elapsed time for experts 13.3105 sec
Elapsed time for households 11.8833 sec
Iteration 6
Elapsed time for kappa 34.1200 sec
Elapsed time for experts 13.8452 sec
Elapsed time for households 11.5760 sec
Iteration 7
Elapsed time for kappa 34.7063 sec
Elapsed time for experts 14.2101 sec
Elapsed time for households 11.7482 sec
Iteration 8
Elapsed time for kappa 42.4995 sec
Elapsed time for experts 13.9248 sec
Elapsed time for households 13.6160 sec
Iteration 9
Elapsed time for kappa 34.9046 sec
Elapsed time for experts 13.9477 sec
Elapsed time for households 11.5683 sec
Iteration 10
Elapsed time for kappa 34.2017 sec
Elapsed time for experts 12.7471 sec
Elapsed time for households 11.6624 sec
Iteration 11
Elapsed time for kappa 34.2726 sec
Elapsed time for experts 13.1110 sec
Elapsed time for households 11.2085 sec
Iteration 12
Elapsed time for kappa 34.2747 sec
Elapsed time for experts 12.9540 sec
Elapsed time for households 11.6101 sec
Iteration 13
Elapsed time for kappa 34.5691 sec
Elapsed time for experts 12.5615 sec
Elapsed time for households 17.6334 sec
Iteration 14
Elapsed time for kappa 35.3649 sec
Elapsed time for experts 13.4690 sec
Elapsed time for households 11.8472 sec
Iteration 15
Elapsed time for kappa 34.1568 sec
Elapsed time for experts 13.0344 sec
Elapsed time for households 11.7781 sec
Iteration 16
Elapsed time for kappa 33.5999 sec
Elapsed time for experts 12.8246 sec
Elapsed time for households 11.5840 sec
Iteration 17
Elapsed time for kappa 34.2924 sec
Elapsed time for experts 12.5939 sec
Elapsed time for households 11.2858 sec
Iteration 18
Elapsed time for kappa 34.3420 sec
Elapsed time for experts 13.4050 sec
Elapsed time for households 11.2656 sec
Iteration 19
Elapsed time for kappa 34.6843 sec
Elapsed time for experts 13.1028 sec
Elapsed time for households 11.6427 sec
Iteration 20
Elapsed time for kappa 42.6233 sec
Elapsed time for experts 14.2803 sec
Elapsed time for households 11.7185 sec
Iteration 21
Elapsed time for kappa 34.5786 sec
Elapsed time for experts 14.2020 sec
Elapsed time for households 11.6203 sec
Iteration 22
Elapsed time for kappa 34.0907 sec
Elapsed time for experts 12.9753 sec
Elapsed time for households 11.8033 sec
Iteration 23
Elapsed time for kappa 34.0460 sec
Elapsed time for experts 13.0728 sec
Elapsed time for households 11.8045 sec
Iteration 24
Elapsed time for kappa 34.3658 sec
Elapsed time for experts 12.8150 sec
Elapsed time for households 11.4135 sec
Iteration 25
Elapsed time for kappa 33.6059 sec
Elapsed time for experts 12.3845 sec
Elapsed time for households 18.8814 sec
Iteration 26
Elapsed time for kappa 35.6938 sec
Elapsed time for experts 13.9429 sec
Elapsed time for households 11.4109 sec
Iteration 27
Elapsed time for kappa 34.6815 sec
Elapsed time for experts 12.9995 sec
Elapsed time for households 11.7707 sec
Iteration 28
Elapsed time for kappa 35.2660 sec
Elapsed time for experts 13.4012 sec
Elapsed time for households 12.0259 sec
Iteration 29
Elapsed time for kappa 33.5196 sec
Elapsed time for experts 12.9688 sec
Elapsed time for households 11.4774 sec
Iteration 30
Elapsed time for kappa 34.4940 sec
Elapsed time for experts 12.7027 sec
Elapsed time for households 11.8417 sec
Iteration 31
Elapsed time for kappa 34.0064 sec
Elapsed time for experts 21.1912 sec
Elapsed time for households 12.7262 sec
Iteration 32
Elapsed time for kappa 35.1508 sec
Elapsed time for experts 13.1604 sec
Elapsed time for households 11.8054 sec
Iteration 33
Elapsed time for kappa 35.3344 sec
Elapsed time for experts 13.7235 sec
Elapsed time for households 11.5146 sec
Iteration 34
Elapsed time for kappa 33.9902 sec
Elapsed time for experts 13.1174 sec
Elapsed time for households 11.5362 sec
Iteration 35
Elapsed time for kappa 34.1303 sec
Elapsed time for experts 13.6062 sec
Elapsed time for households 11.3394 sec
Iteration 36
Elapsed time for kappa 34.6262 sec
Elapsed time for experts 12.6933 sec
Elapsed time for households 11.2670 sec
Iteration 37
Elapsed time for kappa 34.5012 sec
Elapsed time for experts 21.2441 sec
Elapsed time for households 12.5185 sec
Iteration 38
Elapsed time for kappa 35.7242 sec
Elapsed time for experts 13.5693 sec
Elapsed time for households 12.0427 sec
Iteration 39
Elapsed time for kappa 35.1143 sec
Elapsed time for experts 14.0015 sec
Elapsed time for households 11.5215 sec
Iteration 40
Elapsed time for kappa 34.1486 sec
Elapsed time for experts 13.2927 sec
Elapsed time for households 11.5954 sec
Iteration 41
Elapsed time for kappa 34.4288 sec
Elapsed time for experts 13.3710 sec
Elapsed time for households 11.2496 sec
Iteration 42
Elapsed time for kappa 34.4778 sec
Elapsed time for experts 13.1108 sec
Elapsed time for households 11.0988 sec
Iteration 43
Elapsed time for kappa 34.1986 sec
Elapsed time for experts 20.6593 sec
Elapsed time for households 12.0394 sec
Iteration 44
Elapsed time for kappa 35.8992 sec
Elapsed time for experts 14.0061 sec
Elapsed time for households 11.8120 sec
Iteration 45
Elapsed time for kappa 35.1019 sec
Elapsed time for experts 13.7860 sec
Elapsed time for households 11.4477 sec
Iteration 46
Elapsed time for kappa 34.6026 sec
Elapsed time for experts 13.1533 sec
Elapsed time for households 11.9203 sec
Iteration 47
Elapsed time for kappa 34.7662 sec
Elapsed time for experts 13.1521 sec
Elapsed time for households 11.2647 sec
Iteration 48
Elapsed time for kappa 35.0640 sec
Elapsed time for experts 13.1798 sec
Elapsed time for households 11.7103 sec
Iteration 49
Elapsed time for kappa 43.9649 sec
Elapsed time for experts 14.4144 sec
Elapsed time for households 12.1594 sec
Iteration 50
Elapsed time for kappa 36.1467 sec
Elapsed time for experts 13.4168 sec
Elapsed time for households 12.3465 sec
Iteration 51
Elapsed time for kappa 35.0304 sec
Elapsed time for experts 13.2319 sec
Elapsed time for households 11.6687 sec
Iteration 52
Elapsed time for kappa 35.3168 sec
Elapsed time for experts 12.6904 sec
Elapsed time for households 12.5124 sec
Iteration 53
Elapsed time for kappa 35.1328 sec
Elapsed time for experts 12.5885 sec
Elapsed time for households 11.7928 sec
Iteration 54
Elapsed time for kappa 35.1013 sec
Elapsed time for experts 13.7099 sec
Elapsed time for households 11.0373 sec
Iteration 55
Elapsed time for kappa 44.0664 sec
Elapsed time for experts 14.5610 sec
Elapsed time for households 12.5897 sec
Iteration 56
Elapsed time for kappa 36.2889 sec
Elapsed time for experts 13.9705 sec
Elapsed time for households 11.9366 sec
Iteration 57
Elapsed time for kappa 34.9471 sec
Elapsed time for experts 13.5142 sec
Elapsed time for households 11.9203 sec
Iteration 58
Elapsed time for kappa 35.0024 sec
Elapsed time for experts 13.2215 sec
Elapsed time for households 11.3580 sec
Iteration 59
Elapsed time for kappa 34.0185 sec
Elapsed time for experts 12.6189 sec
Elapsed time for households 11.5428 sec
Iteration 60
Elapsed time for kappa 35.0504 sec
Elapsed time for experts 14.0516 sec
Elapsed time for households 13.2840 sec
Iteration 61
Elapsed time for kappa 44.7689 sec
Elapsed time for experts 14.5237 sec
Elapsed time for households 13.1754 sec
Iteration 62
Elapsed time for kappa 35.8432 sec
Elapsed time for experts 14.1521 sec
Elapsed time for households 11.8636 sec
Iteration 63
Elapsed time for kappa 34.9423 sec
Elapsed time for experts 13.2822 sec
Elapsed time for households 12.0810 sec
Iteration 64
Elapsed time for kappa 35.1627 sec
Elapsed time for experts 13.2515 sec
Elapsed time for households 11.2910 sec
Iteration 65
Elapsed time for kappa 34.9898 sec
Elapsed time for experts 12.7495 sec
Elapsed time for households 11.8648 sec
Iteration 66
Elapsed time for kappa 34.7504 sec
Elapsed time for experts 13.2478 sec
Elapsed time for households 11.6936 sec
Iteration 67
Elapsed time for kappa 45.0527 sec
Elapsed time for experts 15.0270 sec
Elapsed time for households 12.4061 sec
Iteration 68
Elapsed time for kappa 35.5974 sec
Elapsed time for experts 13.4099 sec
Elapsed time for households 12.5347 sec
Iteration 69
Elapsed time for kappa 36.1222 sec
Elapsed time for experts 13.3068 sec
Elapsed time for households 11.8465 sec
Iteration 70
Elapsed time for kappa 35.0794 sec
Elapsed time for experts 12.6834 sec
Elapsed time for households 11.7485 sec
Iteration 71
Elapsed time for kappa 34.7817 sec
Elapsed time for experts 12.9132 sec
Elapsed time for households 11.3129 sec
Iteration 72
Elapsed time for kappa 34.8672 sec
Elapsed time for experts 13.9512 sec
Elapsed time for households 11.6436 sec
Iteration 73
Elapsed time for kappa 44.1658 sec
Elapsed time for experts 14.6941 sec
Elapsed time for households 12.8697 sec
Iteration 74
Elapsed time for kappa 35.4142 sec
Elapsed time for experts 13.7618 sec
Elapsed time for households 12.5447 sec
Iteration 75
Elapsed time for kappa 35.9502 sec
Elapsed time for experts 12.9898 sec
Elapsed time for households 11.8587 sec
Iteration 76
Elapsed time for kappa 35.2262 sec
Elapsed time for experts 13.8359 sec
Elapsed time for households 11.8135 sec
Iteration 77
Elapsed time for kappa 34.3675 sec
Elapsed time for experts 13.0187 sec
Elapsed time for households 11.2058 sec
Iteration 78
Elapsed time for kappa 33.9485 sec
Elapsed time for experts 13.2520 sec
Elapsed time for households 11.6136 sec
Iteration 79
Elapsed time for kappa 43.8897 sec
Elapsed time for experts 14.2385 sec
Elapsed time for households 12.5704 sec
Iteration 80
Elapsed time for kappa 36.0126 sec
Elapsed time for experts 13.4765 sec
Elapsed time for households 11.8915 sec
Iteration 81
Elapsed time for kappa 35.5818 sec
Elapsed time for experts 13.2043 sec
Elapsed time for households 11.9005 sec
Iteration 82
Elapsed time for kappa 35.8827 sec
Elapsed time for experts 13.4807 sec
Elapsed time for households 11.8783 sec
Iteration 83
Elapsed time for kappa 34.8526 sec
Elapsed time for experts 13.6581 sec
Elapsed time for households 11.3649 sec
Iteration 84
Elapsed time for kappa 33.8561 sec
Elapsed time for experts 13.0271 sec
Elapsed time for households 19.4604 sec
Iteration 85
Elapsed time for kappa 36.5828 sec
Elapsed time for experts 14.7443 sec
Elapsed time for households 12.8587 sec
Iteration 86
Elapsed time for kappa 35.8633 sec
Elapsed time for experts 13.0789 sec
Elapsed time for households 11.7244 sec
Iteration 87
Elapsed time for kappa 35.3562 sec
Elapsed time for experts 13.2287 sec
Elapsed time for households 11.8873 sec
Iteration 88
Elapsed time for kappa 35.3579 sec
Elapsed time for experts 13.1264 sec
Elapsed time for households 11.3825 sec
Iteration 89
Elapsed time for kappa 34.3538 sec
Elapsed time for experts 13.1648 sec
Elapsed time for households 11.5071 sec
Iteration 90
Elapsed time for kappa 33.8904 sec
Elapsed time for experts 12.9764 sec
Elapsed time for households 19.9965 sec
Iteration 91
Elapsed time for kappa 37.7846 sec
Elapsed time for experts 14.3798 sec
Elapsed time for households 12.2753 sec
Iteration 92
Elapsed time for kappa 36.4550 sec
Elapsed time for experts 13.0807 sec
Elapsed time for households 11.7330 sec
Iteration 93
Elapsed time for kappa 36.3858 sec
Elapsed time for experts 13.6875 sec
Elapsed time for households 12.5313 sec
Iteration 94
Elapsed time for kappa 35.0428 sec
Elapsed time for experts 13.3941 sec
Elapsed time for households 12.1028 sec
Iteration 95
Elapsed time for kappa 35.1709 sec
Elapsed time for experts 13.1998 sec
Elapsed time for households 11.2493 sec
Iteration 96
Elapsed time for kappa 34.8187 sec
Elapsed time for experts 22.9417 sec
Elapsed time for households 13.2720 sec
Iteration 97
Elapsed time for kappa 36.0748 sec
Elapsed time for experts 14.4693 sec
Elapsed time for households 12.3661 sec
Iteration 98
Elapsed time for kappa 36.2680 sec
Elapsed time for experts 13.9446 sec
Elapsed time for households 11.7961 sec
Iteration 99
Elapsed time for kappa 35.3014 sec
Elapsed time for experts 13.3836 sec
Elapsed time for households 12.0742 sec
Iteration 100
Elapsed time for kappa 35.5116 sec
Elapsed time for experts 13.4761 sec
Elapsed time for households 11.5816 sec
Iteration 101
Elapsed time for kappa 34.8035 sec
Elapsed time for experts 12.7040 sec
Elapsed time for households 11.4495 sec
Iteration 102
Elapsed time for kappa 34.2492 sec
Elapsed time for experts 22.8415 sec
Elapsed time for households 12.6648 sec
Iteration 103
Elapsed time for kappa 36.3548 sec
Elapsed time for experts 14.0472 sec
Elapsed time for households 12.5203 sec
Iteration 104
Elapsed time for kappa 35.6822 sec
Elapsed time for experts 13.6738 sec
Elapsed time for households 12.6281 sec
Iteration 105
Elapsed time for kappa 34.9610 sec
Elapsed time for experts 13.3270 sec
Elapsed time for households 11.9788 sec
Iteration 106
Elapsed time for kappa 34.8621 sec
Elapsed time for experts 12.9899 sec
Elapsed time for households 11.4000 sec
Iteration 107
Elapsed time for kappa 34.5909 sec
Elapsed time for experts 12.8514 sec
Elapsed time for households 11.7458 sec
Iteration 108
Elapsed time for kappa 34.0380 sec
Elapsed time for experts 22.2016 sec
Elapsed time for households 12.5320 sec
Iteration 109
Elapsed time for kappa 36.1279 sec
Elapsed time for experts 14.7620 sec
Elapsed time for households 12.5154 sec
Iteration 110
Elapsed time for kappa 35.5862 sec
Elapsed time for experts 13.4425 sec
Elapsed time for households 12.4808 sec
Iteration 111
Elapsed time for kappa 35.9298 sec
Elapsed time for experts 13.7611 sec
Elapsed time for households 12.1345 sec
Iteration 112
Elapsed time for kappa 35.0646 sec
Elapsed time for experts 13.0284 sec
Elapsed time for households 11.2696 sec
Iteration 113
Elapsed time for kappa 33.8613 sec
Elapsed time for experts 13.7493 sec
Elapsed time for households 11.4878 sec
Iteration 114
Elapsed time for kappa 44.3928 sec
Elapsed time for experts 15.4519 sec
Elapsed time for households 12.8884 sec
Iteration 115
Elapsed time for kappa 36.4761 sec
Elapsed time for experts 13.5174 sec
Elapsed time for households 12.5145 sec
Iteration 116
Elapsed time for kappa 35.7627 sec
Elapsed time for experts 13.3384 sec
Elapsed time for households 11.7617 sec
Iteration 117
Elapsed time for kappa 35.3491 sec
Elapsed time for experts 13.3635 sec
Elapsed time for households 11.7439 sec
Iteration 118
Elapsed time for kappa 34.9639 sec
Elapsed time for experts 12.5863 sec
Elapsed time for households 11.2387 sec
Iteration 119
Elapsed time for kappa 33.9853 sec
Elapsed time for experts 12.5523 sec
Elapsed time for households 11.8057 sec
Iteration 120
Elapsed time for kappa 44.5217 sec
Elapsed time for experts 14.6882 sec
Elapsed time for households 12.6204 sec
Iteration 121
Elapsed time for kappa 35.6160 sec
Elapsed time for experts 13.6277 sec
Elapsed time for households 12.1948 sec
Iteration 122
Elapsed time for kappa 35.1611 sec
Elapsed time for experts 13.8689 sec
Elapsed time for households 11.7982 sec
Iteration 123
Elapsed time for kappa 35.5055 sec
Elapsed time for experts 12.9028 sec
Elapsed time for households 11.5166 sec
Iteration 124
Elapsed time for kappa 34.2939 sec
Elapsed time for experts 13.4457 sec
Elapsed time for households 11.8064 sec
Iteration 125
Elapsed time for kappa 33.7969 sec
Elapsed time for experts 12.8027 sec
Elapsed time for households 11.2386 sec
Iteration 126
Elapsed time for kappa 43.6719 sec
Elapsed time for experts 14.1119 sec
Elapsed time for households 12.5516 sec
Iteration 127
Elapsed time for kappa 35.6574 sec
Elapsed time for experts 13.2191 sec
Elapsed time for households 11.8420 sec
Iteration 128
Elapsed time for kappa 35.0088 sec
Elapsed time for experts 13.2618 sec
Elapsed time for households 11.9088 sec
Iteration 129
Elapsed time for kappa 34.7725 sec
Elapsed time for experts 13.7009 sec
Elapsed time for households 11.5312 sec
Iteration 130
Elapsed time for kappa 33.5947 sec
Elapsed time for experts 13.0779 sec
Elapsed time for households 11.2612 sec
Iteration 131
Elapsed time for kappa 33.5338 sec
Elapsed time for experts 13.3322 sec
Elapsed time for households 11.2783 sec
Iteration 132
Elapsed time for kappa 43.1131 sec
Elapsed time for experts 14.0230 sec
Elapsed time for households 11.9742 sec
Iteration 133
Elapsed time for kappa 35.5147 sec
Elapsed time for experts 14.2507 sec
Elapsed time for households 11.9243 sec
Iteration 134
Elapsed time for kappa 34.4240 sec
Elapsed time for experts 12.9171 sec
Elapsed time for households 11.3317 sec
Iteration 135
Elapsed time for kappa 33.6318 sec
Elapsed time for experts 12.9926 sec
Elapsed time for households 11.7389 sec
Iteration 136
Elapsed time for kappa 33.1400 sec
Elapsed time for experts 12.5055 sec
Elapsed time for households 11.4972 sec
Iteration 137
Elapsed time for kappa 34.0687 sec
Elapsed time for experts 12.5858 sec
Elapsed time for households 11.2601 sec
Iteration 138
Elapsed time for kappa 42.9692 sec
Elapsed time for experts 13.4313 sec
Elapsed time for households 12.2459 sec
Iteration 139
Elapsed time for kappa 35.1553 sec
Elapsed time for experts 13.0586 sec
Elapsed time for households 11.5357 sec
Iteration 140
Elapsed time for kappa 34.0582 sec
Elapsed time for experts 13.2183 sec
Elapsed time for households 11.8890 sec
Iteration 141
Elapsed time for kappa 33.8334 sec
Elapsed time for experts 13.0063 sec
Elapsed time for households 11.2933 sec
Iteration 142
Elapsed time for kappa 33.1182 sec
Elapsed time for experts 12.2186 sec
Elapsed time for households 10.8702 sec
Iteration 143
Elapsed time for kappa 33.7049 sec
Elapsed time for experts 12.6601 sec
Elapsed time for households 10.9386 sec
Iteration 144
Elapsed time for kappa 41.1538 sec
Elapsed time for experts 13.4307 sec
Elapsed time for households 11.9308 sec
Iteration 145
Elapsed time for kappa 34.2956 sec
Elapsed time for experts 13.0606 sec
Elapsed time for households 11.9147 sec
Iteration 146
Elapsed time for kappa 33.2398 sec
Elapsed time for experts 12.8401 sec
Elapsed time for households 11.5528 sec
Iteration 147
Elapsed time for kappa 33.3869 sec
Elapsed time for experts 13.0753 sec
Elapsed time for households 12.0503 sec
Iteration 148
Elapsed time for kappa 32.7577 sec
Elapsed time for experts 12.7190 sec
Elapsed time for households 11.0970 sec
Iteration 149
Elapsed time for kappa 33.0676 sec
Elapsed time for experts 12.5659 sec
Elapsed time for households 11.3573 sec
Iteration 150
Elapsed time for kappa 41.4982 sec
Elapsed time for experts 13.3623 sec
Elapsed time for households 12.1467 sec
Iteration 151
Elapsed time for kappa 33.7911 sec
Elapsed time for experts 13.2632 sec
Elapsed time for households 11.4405 sec
Iteration 152
Elapsed time for kappa 33.1817 sec
Elapsed time for experts 12.6450 sec
Elapsed time for households 11.6540 sec
Iteration 153
Elapsed time for kappa 32.2960 sec
Elapsed time for experts 13.0648 sec
Elapsed time for households 11.3115 sec
Iteration 154
Elapsed time for kappa 32.3649 sec
Elapsed time for experts 12.1871 sec
Elapsed time for households 11.8085 sec
Iteration 155
Elapsed time for kappa 32.5550 sec
Elapsed time for experts 12.5885 sec
Elapsed time for households 17.5157 sec
Iteration 156
Elapsed time for kappa 33.6367 sec
Elapsed time for experts 13.3754 sec
Elapsed time for households 11.6992 sec
Iteration 157
Elapsed time for kappa 33.7079 sec
Elapsed time for experts 13.0396 sec
Elapsed time for households 11.2663 sec
Iteration 158
Elapsed time for kappa 33.0326 sec
Elapsed time for experts 13.5327 sec
Elapsed time for households 11.5009 sec
Iteration 159
Elapsed time for kappa 31.9475 sec
Elapsed time for experts 12.7914 sec
Elapsed time for households 11.3735 sec
Iteration 160
Elapsed time for kappa 31.5782 sec
Elapsed time for experts 12.2374 sec
Elapsed time for households 11.1628 sec
Iteration 161
Elapsed time for kappa 32.2296 sec
Elapsed time for experts 19.6566 sec
Elapsed time for households 11.9307 sec
Iteration 162
Elapsed time for kappa 34.0598 sec
Elapsed time for experts 13.1039 sec
Elapsed time for households 12.0352 sec
Iteration 163
Elapsed time for kappa 32.3407 sec
Elapsed time for experts 12.9467 sec
Elapsed time for households 11.6251 sec
Iteration 164
Elapsed time for kappa 32.2425 sec
Elapsed time for experts 12.8551 sec
Elapsed time for households 11.2514 sec
Iteration 165
Elapsed time for kappa 32.1066 sec
Elapsed time for experts 12.5449 sec
Elapsed time for households 10.9412 sec
Iteration 166
Elapsed time for kappa 31.7013 sec
Elapsed time for experts 12.6768 sec
Elapsed time for households 11.0367 sec
Iteration 167
Elapsed time for kappa 32.0458 sec
Elapsed time for experts 12.0038 sec
Elapsed time for households 18.0558 sec
Iteration 168
Elapsed time for kappa 33.2372 sec
Elapsed time for experts 13.0517 sec
Elapsed time for households 11.2306 sec
Iteration 169
Elapsed time for kappa 33.0779 sec
Elapsed time for experts 12.7158 sec
Elapsed time for households 11.1724 sec
Iteration 170
Elapsed time for kappa 32.3505 sec
Elapsed time for experts 12.7596 sec
Elapsed time for households 11.4702 sec
Iteration 171
Elapsed time for kappa 30.9644 sec
Elapsed time for experts 12.2367 sec
Elapsed time for households 11.4257 sec
Iteration 172
Elapsed time for kappa 31.4477 sec
Elapsed time for experts 12.0805 sec
Elapsed time for households 11.2081 sec
Iteration 173
Elapsed time for kappa 31.8494 sec
Elapsed time for experts 19.2188 sec
Elapsed time for households 11.5561 sec
Iteration 174
Elapsed time for kappa 32.6088 sec
Elapsed time for experts 13.4352 sec
Elapsed time for households 11.2810 sec
Iteration 175
Elapsed time for kappa 31.7738 sec
Elapsed time for experts 12.6741 sec
Elapsed time for households 11.4905 sec
Iteration 176
Elapsed time for kappa 31.2884 sec
Elapsed time for experts 12.9992 sec
Elapsed time for households 11.3418 sec
Iteration 177
Elapsed time for kappa 31.3018 sec
Elapsed time for experts 11.8891 sec
Elapsed time for households 10.5733 sec
Iteration 178
Elapsed time for kappa 30.6941 sec
Elapsed time for experts 12.6345 sec
Elapsed time for households 11.0025 sec
Iteration 179
Elapsed time for kappa 30.7852 sec
Elapsed time for experts 11.6103 sec
Elapsed time for households 18.0598 sec
Iteration 180
Elapsed time for kappa 32.2835 sec
Elapsed time for experts 12.3686 sec
Elapsed time for households 11.3220 sec
Iteration 181
Elapsed time for kappa 32.1196 sec
Elapsed time for experts 12.9070 sec
Elapsed time for households 11.1270 sec
Iteration 182
Elapsed time for kappa 31.7768 sec
Elapsed time for experts 13.0140 sec
Elapsed time for households 11.1950 sec
Iteration 183
Elapsed time for kappa 31.8102 sec
Elapsed time for experts 12.2800 sec
Elapsed time for households 10.8721 sec
Iteration 184
Elapsed time for kappa 30.9586 sec
Elapsed time for experts 11.6465 sec
Elapsed time for households 10.5212 sec
Iteration 185
Elapsed time for kappa 31.2061 sec
Elapsed time for experts 12.1653 sec
Elapsed time for households 17.9769 sec
Iteration 186
Elapsed time for kappa 33.0084 sec
Elapsed time for experts 13.0750 sec
Elapsed time for households 11.4544 sec
Iteration 187
Elapsed time for kappa 32.0609 sec
Elapsed time for experts 13.0408 sec
Elapsed time for households 11.6959 sec
Iteration 188
Elapsed time for kappa 31.7431 sec
Elapsed time for experts 12.1416 sec
Elapsed time for households 11.1280 sec
Iteration 189
Elapsed time for kappa 31.6073 sec
Elapsed time for experts 12.2160 sec
Elapsed time for households 10.8319 sec
Iteration 190
Elapsed time for kappa 30.7966 sec
Elapsed time for experts 12.2848 sec
Elapsed time for households 11.1727 sec
Iteration 191
Elapsed time for kappa 30.2782 sec
Elapsed time for experts 12.2241 sec
Elapsed time for households 10.8675 sec
Iteration 192
Elapsed time for kappa 39.4254 sec
Elapsed time for experts 12.6189 sec
Elapsed time for households 11.3347 sec
Iteration 193
Elapsed time for kappa 32.2094 sec
Elapsed time for experts 12.7787 sec
Elapsed time for households 11.5530 sec
Iteration 194
Elapsed time for kappa 31.4954 sec
Elapsed time for experts 12.8907 sec
Elapsed time for households 11.5624 sec
Iteration 195
Elapsed time for kappa 31.4383 sec
Elapsed time for experts 12.1010 sec
Elapsed time for households 11.4059 sec
Iteration 196
Elapsed time for kappa 31.3270 sec
Elapsed time for experts 12.1403 sec
Elapsed time for households 11.0437 sec
Iteration 197
Elapsed time for kappa 30.6065 sec
Elapsed time for experts 11.8762 sec
Elapsed time for households 16.9791 sec
Iteration 198
Elapsed time for kappa 32.3954 sec
Elapsed time for experts 12.9755 sec
Elapsed time for households 11.7699 sec
Iteration 199
Elapsed time for kappa 32.4560 sec
Elapsed time for experts 12.9704 sec
Elapsed time for households 11.3351 sec
Iteration 200
Elapsed time for kappa 32.4931 sec
Elapsed time for experts 12.6442 sec
Elapsed time for households 10.8893 sec
Iteration 201
Elapsed time for kappa 31.5299 sec
Elapsed time for experts 12.3145 sec
Elapsed time for households 11.0252 sec
Iteration 202
Elapsed time for kappa 30.7695 sec
Elapsed time for experts 12.3141 sec
Elapsed time for households 10.5540 sec
Iteration 203
Elapsed time for kappa 30.3108 sec
Elapsed time for experts 19.4098 sec
Elapsed time for households 12.1534 sec
Iteration 204
Elapsed time for kappa 32.7284 sec
Elapsed time for experts 12.8124 sec
Elapsed time for households 11.4172 sec
Iteration 205
Elapsed time for kappa 31.8872 sec
Elapsed time for experts 13.4693 sec
Elapsed time for households 11.6444 sec
Iteration 206
Elapsed time for kappa 32.1607 sec
Elapsed time for experts 12.5468 sec
Elapsed time for households 10.9848 sec
Iteration 207
Elapsed time for kappa 31.2690 sec
Elapsed time for experts 12.8102 sec
Elapsed time for households 11.1136 sec
Iteration 208
Elapsed time for kappa 30.8506 sec
Elapsed time for experts 12.8962 sec
Elapsed time for households 10.9287 sec
Iteration 209
Elapsed time for kappa 30.5079 sec
Elapsed time for experts 12.4197 sec
Elapsed time for households 17.5483 sec
Iteration 210
Elapsed time for kappa 32.6387 sec
Elapsed time for experts 13.2382 sec
Elapsed time for households 11.5235 sec
Iteration 211
Elapsed time for kappa 32.4442 sec
Elapsed time for experts 12.2869 sec
Elapsed time for households 11.3046 sec
Iteration 212
Elapsed time for kappa 32.1557 sec
Elapsed time for experts 12.4627 sec
Elapsed time for households 11.4622 sec
Iteration 213
Elapsed time for kappa 31.0784 sec
Elapsed time for experts 12.5182 sec
Elapsed time for households 10.9555 sec
Iteration 214
Elapsed time for kappa 31.0762 sec
Elapsed time for experts 12.2517 sec
Elapsed time for households 11.4373 sec
Iteration 215
Elapsed time for kappa 30.3062 sec
Elapsed time for experts 12.7377 sec
Elapsed time for households 17.4761 sec
Iteration 216
Elapsed time for kappa 33.4151 sec
Elapsed time for experts 13.2374 sec
Elapsed time for households 11.4872 sec
Iteration 217
Elapsed time for kappa 32.5797 sec
Elapsed time for experts 12.7736 sec
Elapsed time for households 11.3574 sec
Iteration 218
Elapsed time for kappa 31.5217 sec
Elapsed time for experts 12.7441 sec
Elapsed time for households 11.4643 sec
Iteration 219
Elapsed time for kappa 31.0162 sec
Elapsed time for experts 12.4295 sec
Elapsed time for households 10.7940 sec
Iteration 220
Elapsed time for kappa 30.6722 sec
Elapsed time for experts 11.9092 sec
Elapsed time for households 11.1130 sec
Iteration 221
Elapsed time for kappa 31.3007 sec
Elapsed time for experts 12.4129 sec
Elapsed time for households 10.8370 sec
Iteration 222
Elapsed time for kappa 39.3414 sec
Elapsed time for experts 12.9956 sec
Elapsed time for households 11.8035 sec
Iteration 223
Elapsed time for kappa 32.6874 sec
Elapsed time for experts 12.8327 sec
Elapsed time for households 11.7740 sec
Iteration 224
Elapsed time for kappa 31.6984 sec
Elapsed time for experts 12.7896 sec
Elapsed time for households 10.9143 sec
Iteration 225
Elapsed time for kappa 31.8966 sec
Elapsed time for experts 12.5009 sec
Elapsed time for households 11.4718 sec
Iteration 226
Elapsed time for kappa 31.4229 sec
Elapsed time for experts 12.0311 sec
Elapsed time for households 10.8334 sec
Iteration 227
Elapsed time for kappa 31.4250 sec
Elapsed time for experts 11.9953 sec
Elapsed time for households 17.0591 sec
Iteration 228
Elapsed time for kappa 32.8128 sec
Elapsed time for experts 12.7575 sec
Elapsed time for households 11.0903 sec
Iteration 229
Elapsed time for kappa 32.5438 sec
Elapsed time for experts 12.7760 sec
Elapsed time for households 11.5992 sec
Iteration 230
Elapsed time for kappa 32.2633 sec
Elapsed time for experts 12.7382 sec
Elapsed time for households 11.2217 sec
Iteration 231
Elapsed time for kappa 31.6914 sec
Elapsed time for experts 12.2185 sec
Elapsed time for households 10.8963 sec
Iteration 232
Elapsed time for kappa 30.2630 sec
Elapsed time for experts 12.4719 sec
Elapsed time for households 10.6677 sec
Iteration 233
Elapsed time for kappa 30.7284 sec
Elapsed time for experts 11.6403 sec
Elapsed time for households 18.1061 sec
Iteration 234
Elapsed time for kappa 32.9484 sec
Elapsed time for experts 12.6744 sec
Elapsed time for households 11.1127 sec
Iteration 235
Elapsed time for kappa 32.8058 sec
Elapsed time for experts 13.1932 sec
Elapsed time for households 11.5324 sec
Iteration 236
Elapsed time for kappa 31.5732 sec
Elapsed time for experts 12.7741 sec
Elapsed time for households 11.0812 sec
Iteration 237
Elapsed time for kappa 31.3513 sec
Elapsed time for experts 12.5978 sec
Elapsed time for households 11.1517 sec
Iteration 238
Elapsed time for kappa 31.3310 sec
Elapsed time for experts 11.8803 sec
Elapsed time for households 10.5014 sec
Iteration 239
Elapsed time for kappa 30.3493 sec
Elapsed time for experts 12.0536 sec
Elapsed time for households 10.8287 sec
Iteration 240
Elapsed time for kappa 39.5441 sec
Elapsed time for experts 13.3476 sec
Elapsed time for households 11.7224 sec
Iteration 241
Elapsed time for kappa 32.0582 sec
Elapsed time for experts 12.4297 sec
Elapsed time for households 10.9425 sec
Iteration 242
Elapsed time for kappa 32.4245 sec
Elapsed time for experts 12.9447 sec
Elapsed time for households 11.1184 sec
Iteration 243
Elapsed time for kappa 31.7890 sec
Elapsed time for experts 12.9453 sec
Elapsed time for households 11.0335 sec
Iteration 244
Elapsed time for kappa 30.8701 sec
Elapsed time for experts 11.9939 sec
Elapsed time for households 11.1103 sec
Iteration 245
Elapsed time for kappa 30.8214 sec
Elapsed time for experts 12.1161 sec
Elapsed time for households 17.0552 sec
Iteration 246
Elapsed time for kappa 33.3559 sec
Elapsed time for experts 12.7534 sec
Elapsed time for households 11.4314 sec
Iteration 247
Elapsed time for kappa 32.2542 sec
Elapsed time for experts 12.7964 sec
Elapsed time for households 11.4089 sec
Iteration 248
Elapsed time for kappa 32.1709 sec
Elapsed time for experts 12.9932 sec
Elapsed time for households 11.3870 sec
Iteration 249
Elapsed time for kappa 31.1365 sec
Elapsed time for experts 12.3802 sec
Elapsed time for households 10.7144 sec
Iteration 250
Elapsed time for kappa 31.3433 sec
Elapsed time for experts 12.1893 sec
Elapsed time for households 10.9918 sec
Iteration 251
Elapsed time for kappa 29.9251 sec
Elapsed time for experts 11.8814 sec
Elapsed time for households 10.6589 sec
Iteration 252
Elapsed time for kappa 39.7008 sec
Elapsed time for experts 13.5921 sec
Elapsed time for households 12.0659 sec
Iteration 253
Elapsed time for kappa 33.0622 sec
Elapsed time for experts 12.7850 sec
Elapsed time for households 11.1490 sec
Iteration 254
Elapsed time for kappa 32.5491 sec
Elapsed time for experts 12.3945 sec
Elapsed time for households 11.2822 sec
Iteration 255
Elapsed time for kappa 31.4673 sec
Elapsed time for experts 12.4567 sec
Elapsed time for households 11.3843 sec
Iteration 256
Elapsed time for kappa 31.0511 sec
Elapsed time for experts 12.0117 sec
Elapsed time for households 11.1069 sec
Iteration 257
Elapsed time for kappa 31.2935 sec
Elapsed time for experts 12.1760 sec
Elapsed time for households 17.5246 sec
Iteration 258
Elapsed time for kappa 32.9371 sec
Elapsed time for experts 13.1065 sec
Elapsed time for households 11.4451 sec
Iteration 259
Elapsed time for kappa 31.8624 sec
Elapsed time for experts 12.4420 sec
Elapsed time for households 11.3189 sec
Iteration 260
Elapsed time for kappa 31.9254 sec
Elapsed time for experts 12.7095 sec
Elapsed time for households 10.9623 sec
Iteration 261
Elapsed time for kappa 32.0887 sec
Elapsed time for experts 12.4928 sec
Elapsed time for households 10.7399 sec
Iteration 262
Elapsed time for kappa 30.3297 sec
Elapsed time for experts 12.7350 sec
Elapsed time for households 10.5138 sec
Iteration 263
Elapsed time for kappa 30.5630 sec
Elapsed time for experts 11.6585 sec
Elapsed time for households 18.1630 sec
Iteration 264
Elapsed time for kappa 32.7841 sec
Elapsed time for experts 13.0698 sec
Elapsed time for households 11.2803 sec
Iteration 265
Elapsed time for kappa 32.7302 sec
Elapsed time for experts 12.6151 sec
Elapsed time for households 11.5474 sec
Iteration 266
Elapsed time for kappa 31.7091 sec
Elapsed time for experts 13.2871 sec
Elapsed time for households 11.2487 sec
Iteration 267
Elapsed time for kappa 31.6304 sec
Elapsed time for experts 12.4430 sec
Elapsed time for households 11.1570 sec
Iteration 268
Elapsed time for kappa 31.0958 sec
Elapsed time for experts 12.8924 sec
Elapsed time for households 11.2311 sec
Iteration 269
Elapsed time for kappa 30.6049 sec
Elapsed time for experts 12.1114 sec
Elapsed time for households 17.5227 sec
Iteration 270
Elapsed time for kappa 33.2250 sec
Elapsed time for experts 13.1093 sec
Elapsed time for households 11.3910 sec
Iteration 271
Elapsed time for kappa 32.3760 sec
Elapsed time for experts 12.4694 sec
Elapsed time for households 11.3410 sec
Iteration 272
Elapsed time for kappa 32.1752 sec
Elapsed time for experts 12.7743 sec
Elapsed time for households 10.9836 sec
Iteration 273
Elapsed time for kappa 31.7610 sec
Elapsed time for experts 12.7223 sec
Elapsed time for households 11.3238 sec
Iteration 274
Elapsed time for kappa 30.8524 sec
Elapsed time for experts 11.8457 sec
Elapsed time for households 10.9906 sec
Iteration 275
Elapsed time for kappa 30.8775 sec
Elapsed time for experts 12.3627 sec
Elapsed time for households 10.7587 sec
Iteration 276
Elapsed time for kappa 40.8229 sec
Elapsed time for experts 13.1280 sec
Elapsed time for households 11.2849 sec
Iteration 277
Elapsed time for kappa 32.0563 sec
Elapsed time for experts 13.3244 sec
Elapsed time for households 11.4873 sec
Iteration 278
Elapsed time for kappa 32.2019 sec
Elapsed time for experts 12.2168 sec
Elapsed time for households 11.2082 sec
Iteration 279
Elapsed time for kappa 31.6098 sec
Elapsed time for experts 12.3489 sec
Elapsed time for households 11.1078 sec
Iteration 280
Elapsed time for kappa 31.7785 sec
Elapsed time for experts 12.2840 sec
Elapsed time for households 10.8564 sec
Iteration 281
Elapsed time for kappa 31.2792 sec
Elapsed time for experts 11.7512 sec
Elapsed time for households 11.2623 sec
Iteration 282
Elapsed time for kappa 39.8548 sec
Elapsed time for experts 13.3605 sec
Elapsed time for households 11.4652 sec
Iteration 283
Elapsed time for kappa 32.5987 sec
Elapsed time for experts 13.1248 sec
Elapsed time for households 11.3948 sec
Iteration 284
Elapsed time for kappa 32.3752 sec
Elapsed time for experts 12.7701 sec
Elapsed time for households 11.5860 sec
Iteration 285
Elapsed time for kappa 31.5594 sec
Elapsed time for experts 12.1143 sec
Elapsed time for households 11.1848 sec
Iteration 286
Elapsed time for kappa 31.6548 sec
Elapsed time for experts 12.3130 sec
Elapsed time for households 10.7668 sec
Iteration 287
Elapsed time for kappa 31.1832 sec
Elapsed time for experts 19.1030 sec
Elapsed time for households 11.9244 sec
Iteration 288
Elapsed time for kappa 32.5473 sec
Elapsed time for experts 13.7917 sec
Elapsed time for households 11.3697 sec
Iteration 289
Elapsed time for kappa 31.7382 sec
Elapsed time for experts 12.4973 sec
Elapsed time for households 11.3025 sec
Iteration 290
Elapsed time for kappa 32.4568 sec
Elapsed time for experts 13.5925 sec
Elapsed time for households 10.9479 sec
Iteration 291
Elapsed time for kappa 31.2272 sec
Elapsed time for experts 12.5236 sec
Elapsed time for households 10.8164 sec
Iteration 292
Elapsed time for kappa 31.3672 sec
Elapsed time for experts 13.0347 sec
Elapsed time for households 11.2559 sec
Iteration 293
Elapsed time for kappa 30.5829 sec
Elapsed time for experts 11.6593 sec
Elapsed time for households 17.9680 sec
Iteration 294
Elapsed time for kappa 33.1906 sec
Elapsed time for experts 13.3119 sec
Elapsed time for households 11.8666 sec
Iteration 295
Elapsed time for kappa 32.2340 sec
Elapsed time for experts 12.6491 sec
Elapsed time for households 11.5479 sec
Iteration 296
Elapsed time for kappa 32.1547 sec
Elapsed time for experts 13.2193 sec
Elapsed time for households 11.5655 sec
Iteration 297
Elapsed time for kappa 32.2129 sec
Elapsed time for experts 12.9450 sec
Elapsed time for households 11.3543 sec
Iteration 298
Elapsed time for kappa 30.5290 sec
Elapsed time for experts 12.4801 sec
Elapsed time for households 10.8752 sec
Iteration 299
Elapsed time for kappa 30.6778 sec
Elapsed time for experts 12.4889 sec
Elapsed time for households 17.8933 sec
Elapsed time for training 17824.2829 sec
90000 90000 90000 90000
