Iteration 0
Elapsed time for kappa 113.1295 sec
Elapsed time for experts 25.8659 sec
Elapsed time for households 26.8289 sec
Iteration 1
Elapsed time for kappa 40.9650 sec
Elapsed time for experts 23.7712 sec
Elapsed time for households 21.4236 sec
Iteration 2
Elapsed time for kappa 43.5608 sec
Elapsed time for experts 20.3160 sec
Elapsed time for households 22.6375 sec
Iteration 3
Elapsed time for kappa 35.9928 sec
Elapsed time for experts 20.3218 sec
Elapsed time for households 19.1822 sec
Iteration 4
Elapsed time for kappa 34.7214 sec
Elapsed time for experts 22.0107 sec
Elapsed time for households 16.3871 sec
Iteration 5
Elapsed time for kappa 34.2892 sec
Elapsed time for experts 19.5750 sec
Elapsed time for households 11.9518 sec
Iteration 6
Elapsed time for kappa 32.7953 sec
Elapsed time for experts 21.5707 sec
Elapsed time for households 17.2575 sec
Iteration 7
Elapsed time for kappa 33.6475 sec
Elapsed time for experts 21.8763 sec
Elapsed time for households 11.9434 sec
Iteration 8
Elapsed time for kappa 35.3098 sec
Elapsed time for experts 20.0188 sec
Elapsed time for households 12.7407 sec
Iteration 9
Elapsed time for kappa 35.4675 sec
Elapsed time for experts 12.8917 sec
Elapsed time for households 11.0866 sec
Iteration 10
Elapsed time for kappa 34.8744 sec
Elapsed time for experts 13.5182 sec
Elapsed time for households 12.1669 sec
Iteration 11
Elapsed time for kappa 35.6032 sec
Elapsed time for experts 13.7666 sec
Elapsed time for households 15.5523 sec
Iteration 12
Elapsed time for kappa 34.2759 sec
Elapsed time for experts 13.9367 sec
Elapsed time for households 11.7249 sec
Iteration 13
Elapsed time for kappa 33.5796 sec
Elapsed time for experts 12.2639 sec
Elapsed time for households 11.9316 sec
Iteration 14
Elapsed time for kappa 34.6115 sec
Elapsed time for experts 22.1225 sec
Elapsed time for households 12.3971 sec
Iteration 15
Elapsed time for kappa 34.4124 sec
Elapsed time for experts 12.5534 sec
Elapsed time for households 11.7752 sec
Iteration 16
Elapsed time for kappa 41.1303 sec
Elapsed time for experts 13.9073 sec
Elapsed time for households 18.6578 sec
Iteration 17
Elapsed time for kappa 35.1083 sec
Elapsed time for experts 13.5000 sec
Elapsed time for households 11.4859 sec
Iteration 18
Elapsed time for kappa 33.8956 sec
Elapsed time for experts 21.4069 sec
Elapsed time for households 12.2668 sec
Iteration 19
Elapsed time for kappa 33.4446 sec
Elapsed time for experts 14.2904 sec
Elapsed time for households 12.0205 sec
Iteration 20
Elapsed time for kappa 33.7507 sec
Elapsed time for experts 21.4523 sec
Elapsed time for households 12.6778 sec
Iteration 21
Elapsed time for kappa 34.0266 sec
Elapsed time for experts 15.5196 sec
Elapsed time for households 12.9282 sec
Iteration 22
Elapsed time for kappa 34.2532 sec
Elapsed time for experts 12.9626 sec
Elapsed time for households 12.0159 sec
Iteration 23
Elapsed time for kappa 37.1947 sec
Elapsed time for experts 17.2112 sec
Elapsed time for households 12.7679 sec
Iteration 24
Elapsed time for kappa 33.4744 sec
Elapsed time for experts 12.8960 sec
Elapsed time for households 13.3197 sec
Iteration 25
Elapsed time for kappa 33.3506 sec
Elapsed time for experts 12.9768 sec
Elapsed time for households 12.5586 sec
Iteration 26
Elapsed time for kappa 42.2576 sec
Elapsed time for experts 13.9231 sec
Elapsed time for households 15.4131 sec
Iteration 27
Elapsed time for kappa 35.0686 sec
Elapsed time for experts 18.2120 sec
Elapsed time for households 13.2563 sec
Iteration 28
Elapsed time for kappa 35.2021 sec
Elapsed time for experts 13.3328 sec
Elapsed time for households 12.0408 sec
Iteration 29
Elapsed time for kappa 34.1415 sec
Elapsed time for experts 14.3368 sec
Elapsed time for households 11.6198 sec
Iteration 30
Elapsed time for kappa 34.6355 sec
Elapsed time for experts 17.6281 sec
Elapsed time for households 11.3236 sec
Iteration 31
Elapsed time for kappa 33.3353 sec
Elapsed time for experts 12.8519 sec
Elapsed time for households 12.7082 sec
Iteration 32
Elapsed time for kappa 44.5287 sec
Elapsed time for experts 14.7612 sec
Elapsed time for households 13.5615 sec
Iteration 33
Elapsed time for kappa 37.7965 sec
Elapsed time for experts 22.2574 sec
Elapsed time for households 11.8227 sec
Iteration 34
Elapsed time for kappa 33.4197 sec
Elapsed time for experts 12.7997 sec
Elapsed time for households 12.1205 sec
Iteration 35
Elapsed time for kappa 33.7800 sec
Elapsed time for experts 13.0757 sec
Elapsed time for households 12.4831 sec
Iteration 36
Elapsed time for kappa 33.7474 sec
Elapsed time for experts 15.3031 sec
Elapsed time for households 11.1120 sec
Iteration 37
Elapsed time for kappa 36.8842 sec
Elapsed time for experts 15.7293 sec
Elapsed time for households 12.0232 sec
Iteration 38
Elapsed time for kappa 42.2857 sec
Elapsed time for experts 16.2284 sec
Elapsed time for households 11.5233 sec
Iteration 39
Elapsed time for kappa 35.5975 sec
Elapsed time for experts 12.9624 sec
Elapsed time for households 11.2008 sec
Iteration 40
Elapsed time for kappa 35.3052 sec
Elapsed time for experts 13.9054 sec
Elapsed time for households 11.5949 sec
Iteration 41
Elapsed time for kappa 35.8363 sec
Elapsed time for experts 13.1386 sec
Elapsed time for households 12.3557 sec
Iteration 42
Elapsed time for kappa 33.6845 sec
Elapsed time for experts 12.6777 sec
Elapsed time for households 12.4422 sec
Iteration 43
Elapsed time for kappa 33.1778 sec
Elapsed time for experts 12.3688 sec
Elapsed time for households 11.6480 sec
Iteration 44
Elapsed time for kappa 43.9370 sec
Elapsed time for experts 14.5026 sec
Elapsed time for households 11.8707 sec
Iteration 45
Elapsed time for kappa 35.5598 sec
Elapsed time for experts 13.0144 sec
Elapsed time for households 12.2900 sec
Iteration 46
Elapsed time for kappa 35.0652 sec
Elapsed time for experts 15.4326 sec
Elapsed time for households 11.3390 sec
Iteration 47
Elapsed time for kappa 33.6423 sec
Elapsed time for experts 13.2587 sec
Elapsed time for households 11.7160 sec
Iteration 48
Elapsed time for kappa 33.1882 sec
Elapsed time for experts 13.4581 sec
Elapsed time for households 12.1687 sec
Iteration 49
Elapsed time for kappa 35.2261 sec
Elapsed time for experts 13.6693 sec
Elapsed time for households 11.4297 sec
Iteration 50
Elapsed time for kappa 41.8958 sec
Elapsed time for experts 13.9989 sec
Elapsed time for households 12.2966 sec
Iteration 51
Elapsed time for kappa 36.2761 sec
Elapsed time for experts 13.4988 sec
Elapsed time for households 12.3791 sec
Iteration 52
Elapsed time for kappa 36.1251 sec
Elapsed time for experts 14.6496 sec
Elapsed time for households 11.3592 sec
Iteration 53
Elapsed time for kappa 33.7035 sec
Elapsed time for experts 14.0827 sec
Elapsed time for households 11.7560 sec
Iteration 54
Elapsed time for kappa 32.9701 sec
Elapsed time for experts 15.6949 sec
Elapsed time for households 11.9187 sec
Iteration 55
Elapsed time for kappa 35.5172 sec
Elapsed time for experts 13.6671 sec
Elapsed time for households 12.3005 sec
Iteration 56
Elapsed time for kappa 43.5322 sec
Elapsed time for experts 14.3654 sec
Elapsed time for households 13.1428 sec
Iteration 57
Elapsed time for kappa 35.0284 sec
Elapsed time for experts 12.7985 sec
Elapsed time for households 11.5753 sec
Iteration 58
Elapsed time for kappa 34.4635 sec
Elapsed time for experts 13.1541 sec
Elapsed time for households 11.6341 sec
Iteration 59
Elapsed time for kappa 33.5366 sec
Elapsed time for experts 12.6980 sec
Elapsed time for households 12.8052 sec
Iteration 60
Elapsed time for kappa 35.8621 sec
Elapsed time for experts 18.2132 sec
Elapsed time for households 19.9026 sec
Iteration 61
Elapsed time for kappa 33.2390 sec
Elapsed time for experts 13.6222 sec
Elapsed time for households 26.5289 sec
Iteration 62
Elapsed time for kappa 35.0055 sec
Elapsed time for experts 19.1749 sec
Elapsed time for households 12.5362 sec
Iteration 63
Elapsed time for kappa 35.1104 sec
Elapsed time for experts 13.7686 sec
Elapsed time for households 11.6003 sec
Iteration 64
Elapsed time for kappa 34.4631 sec
Elapsed time for experts 13.4043 sec
Elapsed time for households 11.7942 sec
Iteration 65
Elapsed time for kappa 34.0702 sec
Elapsed time for experts 13.1366 sec
Elapsed time for households 11.7920 sec
Iteration 66
Elapsed time for kappa 34.9653 sec
Elapsed time for experts 12.8069 sec
Elapsed time for households 10.8324 sec
Iteration 67
Elapsed time for kappa 33.3600 sec
Elapsed time for experts 13.2791 sec
Elapsed time for households 19.0070 sec
Iteration 68
Elapsed time for kappa 35.5075 sec
Elapsed time for experts 13.7030 sec
Elapsed time for households 13.2273 sec
Iteration 69
Elapsed time for kappa 34.6679 sec
Elapsed time for experts 13.4656 sec
Elapsed time for households 12.0413 sec
Iteration 70
Elapsed time for kappa 34.0517 sec
Elapsed time for experts 13.2991 sec
Elapsed time for households 11.8064 sec
Iteration 71
Elapsed time for kappa 33.7760 sec
Elapsed time for experts 12.8726 sec
Elapsed time for households 11.3197 sec
Iteration 72
Elapsed time for kappa 37.2340 sec
Elapsed time for experts 13.5540 sec
Elapsed time for households 13.0638 sec
Iteration 73
Elapsed time for kappa 37.4155 sec
Elapsed time for experts 20.7638 sec
Elapsed time for households 13.4058 sec
Iteration 74
Elapsed time for kappa 38.4639 sec
Elapsed time for experts 14.5411 sec
Elapsed time for households 12.9144 sec
Iteration 75
Elapsed time for kappa 35.0657 sec
Elapsed time for experts 13.5791 sec
Elapsed time for households 11.7818 sec
Iteration 76
Elapsed time for kappa 34.2302 sec
Elapsed time for experts 14.0999 sec
Elapsed time for households 12.1431 sec
Iteration 77
Elapsed time for kappa 34.3669 sec
Elapsed time for experts 13.3564 sec
Elapsed time for households 12.2199 sec
Iteration 78
Elapsed time for kappa 34.9494 sec
Elapsed time for experts 12.5176 sec
Elapsed time for households 12.4937 sec
Iteration 79
Elapsed time for kappa 33.3917 sec
Elapsed time for experts 21.3368 sec
Elapsed time for households 15.3126 sec
Iteration 80
Elapsed time for kappa 35.4698 sec
Elapsed time for experts 13.9750 sec
Elapsed time for households 13.1220 sec
Iteration 81
Elapsed time for kappa 36.9026 sec
Elapsed time for experts 13.3973 sec
Elapsed time for households 14.0924 sec
Iteration 82
Elapsed time for kappa 37.8073 sec
Elapsed time for experts 13.8575 sec
Elapsed time for households 12.9792 sec
Iteration 83
Elapsed time for kappa 37.0782 sec
Elapsed time for experts 15.8332 sec
Elapsed time for households 11.2603 sec
Iteration 84
Elapsed time for kappa 34.1285 sec
Elapsed time for experts 12.9654 sec
Elapsed time for households 11.4309 sec
Iteration 85
Elapsed time for kappa 33.9607 sec
Elapsed time for experts 22.3052 sec
Elapsed time for households 12.6550 sec
Iteration 86
Elapsed time for kappa 35.7638 sec
Elapsed time for experts 14.4969 sec
Elapsed time for households 12.1296 sec
Iteration 87
Elapsed time for kappa 34.2234 sec
Elapsed time for experts 13.3316 sec
Elapsed time for households 11.8103 sec
Iteration 88
Elapsed time for kappa 35.7588 sec
Elapsed time for experts 15.7858 sec
Elapsed time for households 12.5000 sec
Iteration 89
Elapsed time for kappa 35.1186 sec
Elapsed time for experts 12.3751 sec
Elapsed time for households 11.6983 sec
Iteration 90
Elapsed time for kappa 34.0564 sec
Elapsed time for experts 13.8258 sec
Elapsed time for households 11.0745 sec
Iteration 91
Elapsed time for kappa 44.2423 sec
Elapsed time for experts 14.9250 sec
Elapsed time for households 13.0083 sec
Iteration 92
Elapsed time for kappa 37.0620 sec
Elapsed time for experts 14.0621 sec
Elapsed time for households 12.5263 sec
Iteration 93
Elapsed time for kappa 35.8858 sec
Elapsed time for experts 15.1607 sec
Elapsed time for households 11.5276 sec
Iteration 94
Elapsed time for kappa 34.4696 sec
Elapsed time for experts 13.9135 sec
Elapsed time for households 13.1690 sec
Iteration 95
Elapsed time for kappa 34.1411 sec
Elapsed time for experts 12.4823 sec
Elapsed time for households 11.7073 sec
Iteration 96
Elapsed time for kappa 34.4019 sec
Elapsed time for experts 14.2910 sec
Elapsed time for households 11.6876 sec
Iteration 97
Elapsed time for kappa 44.1417 sec
Elapsed time for experts 13.6797 sec
Elapsed time for households 12.8245 sec
Iteration 98
Elapsed time for kappa 36.0677 sec
Elapsed time for experts 13.3957 sec
Elapsed time for households 12.7762 sec
Iteration 99
Elapsed time for kappa 36.4874 sec
Elapsed time for experts 12.9675 sec
Elapsed time for households 12.8283 sec
Iteration 100
Elapsed time for kappa 34.6003 sec
Elapsed time for experts 14.1260 sec
Elapsed time for households 11.6761 sec
Iteration 101
Elapsed time for kappa 38.6844 sec
Elapsed time for experts 14.3734 sec
Elapsed time for households 13.2335 sec
Iteration 102
Elapsed time for kappa 36.7401 sec
Elapsed time for experts 13.5547 sec
Elapsed time for households 12.7377 sec
Iteration 103
Elapsed time for kappa 45.5160 sec
Elapsed time for experts 14.7443 sec
Elapsed time for households 13.5139 sec
Iteration 104
Elapsed time for kappa 36.1543 sec
Elapsed time for experts 13.9349 sec
Elapsed time for households 11.7546 sec
Iteration 105
Elapsed time for kappa 35.4084 sec
Elapsed time for experts 14.2779 sec
Elapsed time for households 11.4371 sec
Iteration 106
Elapsed time for kappa 33.8402 sec
Elapsed time for experts 13.2310 sec
Elapsed time for households 12.4297 sec
Iteration 107
Elapsed time for kappa 34.7677 sec
Elapsed time for experts 13.4677 sec
Elapsed time for households 11.8269 sec
Iteration 108
Elapsed time for kappa 36.4220 sec
Elapsed time for experts 14.1047 sec
Elapsed time for households 11.7901 sec
Iteration 109
Elapsed time for kappa 44.5689 sec
Elapsed time for experts 13.6146 sec
Elapsed time for households 12.1822 sec
Iteration 110
Elapsed time for kappa 36.5424 sec
Elapsed time for experts 13.4811 sec
Elapsed time for households 12.2028 sec
Iteration 111
Elapsed time for kappa 35.8468 sec
Elapsed time for experts 13.5749 sec
Elapsed time for households 11.5712 sec
Iteration 112
Elapsed time for kappa 34.2780 sec
Elapsed time for experts 13.6545 sec
Elapsed time for households 11.6511 sec
Iteration 113
Elapsed time for kappa 33.4709 sec
Elapsed time for experts 13.1342 sec
Elapsed time for households 11.4998 sec
Iteration 114
Elapsed time for kappa 33.7300 sec
Elapsed time for experts 14.4874 sec
Elapsed time for households 13.4327 sec
Iteration 115
Elapsed time for kappa 45.8243 sec
Elapsed time for experts 15.7568 sec
Elapsed time for households 12.3011 sec
Iteration 116
Elapsed time for kappa 35.7982 sec
Elapsed time for experts 14.1972 sec
Elapsed time for households 12.1084 sec
Iteration 117
Elapsed time for kappa 34.8834 sec
Elapsed time for experts 12.8413 sec
Elapsed time for households 11.5947 sec
Iteration 118
Elapsed time for kappa 35.8852 sec
Elapsed time for experts 13.9717 sec
Elapsed time for households 12.2642 sec
Iteration 119
Elapsed time for kappa 37.1309 sec
Elapsed time for experts 14.8381 sec
Elapsed time for households 12.1930 sec
Iteration 120
Elapsed time for kappa 35.0138 sec
Elapsed time for experts 12.3507 sec
Elapsed time for households 13.8114 sec
Iteration 121
Elapsed time for kappa 44.0599 sec
Elapsed time for experts 14.8468 sec
Elapsed time for households 13.4690 sec
Iteration 122
Elapsed time for kappa 35.6796 sec
Elapsed time for experts 13.1783 sec
Elapsed time for households 13.2912 sec
Iteration 123
Elapsed time for kappa 37.3941 sec
Elapsed time for experts 13.4728 sec
Elapsed time for households 13.2566 sec
Iteration 124
Elapsed time for kappa 35.6121 sec
Elapsed time for experts 13.2083 sec
Elapsed time for households 11.9721 sec
Iteration 125
Elapsed time for kappa 34.8977 sec
Elapsed time for experts 12.6945 sec
Elapsed time for households 12.3946 sec
Iteration 126
Elapsed time for kappa 33.5829 sec
Elapsed time for experts 13.2586 sec
Elapsed time for households 11.1557 sec
Iteration 127
Elapsed time for kappa 43.3899 sec
Elapsed time for experts 15.6656 sec
Elapsed time for households 12.8668 sec
Iteration 128
Elapsed time for kappa 35.6039 sec
Elapsed time for experts 15.7503 sec
Elapsed time for households 13.4954 sec
Iteration 129
Elapsed time for kappa 35.8609 sec
Elapsed time for experts 13.0890 sec
Elapsed time for households 12.0387 sec
Iteration 130
Elapsed time for kappa 34.8899 sec
Elapsed time for experts 14.1762 sec
Elapsed time for households 11.0836 sec
Iteration 131
Elapsed time for kappa 34.7546 sec
Elapsed time for experts 13.0643 sec
Elapsed time for households 11.0124 sec
Iteration 132
Elapsed time for kappa 34.6968 sec
Elapsed time for experts 13.3089 sec
Elapsed time for households 18.8496 sec
Iteration 133
Elapsed time for kappa 37.3970 sec
Elapsed time for experts 14.1018 sec
Elapsed time for households 12.9708 sec
Iteration 134
Elapsed time for kappa 36.0063 sec
Elapsed time for experts 15.4822 sec
Elapsed time for households 12.7602 sec
Iteration 135
Elapsed time for kappa 34.2960 sec
Elapsed time for experts 13.2245 sec
Elapsed time for households 11.7116 sec
Iteration 136
Elapsed time for kappa 34.3589 sec
Elapsed time for experts 12.7943 sec
Elapsed time for households 11.0173 sec
Iteration 137
Elapsed time for kappa 33.5514 sec
Elapsed time for experts 13.3595 sec
Elapsed time for households 11.2372 sec
Iteration 138
Elapsed time for kappa 33.6543 sec
Elapsed time for experts 20.1427 sec
Elapsed time for households 14.7149 sec
Iteration 139
Elapsed time for kappa 37.1907 sec
Elapsed time for experts 14.9424 sec
Elapsed time for households 12.3597 sec
Iteration 140
Elapsed time for kappa 35.6468 sec
Elapsed time for experts 14.7407 sec
Elapsed time for households 12.3299 sec
Iteration 141
Elapsed time for kappa 34.2153 sec
Elapsed time for experts 14.2967 sec
Elapsed time for households 13.3689 sec
Iteration 142
Elapsed time for kappa 36.8811 sec
Elapsed time for experts 14.2116 sec
Elapsed time for households 12.7349 sec
Iteration 143
Elapsed time for kappa 35.2644 sec
Elapsed time for experts 13.3082 sec
Elapsed time for households 11.7180 sec
Iteration 144
Elapsed time for kappa 34.9150 sec
Elapsed time for experts 20.6285 sec
Elapsed time for households 12.3578 sec
Iteration 145
Elapsed time for kappa 36.2011 sec
Elapsed time for experts 13.3542 sec
Elapsed time for households 11.6499 sec
Iteration 146
Elapsed time for kappa 35.0627 sec
Elapsed time for experts 13.9425 sec
Elapsed time for households 11.8822 sec
Iteration 147
Elapsed time for kappa 35.3751 sec
Elapsed time for experts 14.2368 sec
Elapsed time for households 12.6543 sec
Iteration 148
Elapsed time for kappa 35.5059 sec
Elapsed time for experts 12.9487 sec
Elapsed time for households 12.6607 sec
Iteration 149
Elapsed time for kappa 34.4767 sec
Elapsed time for experts 12.6627 sec
Elapsed time for households 11.4304 sec
Iteration 150
Elapsed time for kappa 33.4368 sec
Elapsed time for experts 20.3084 sec
Elapsed time for households 12.2930 sec
Iteration 151
Elapsed time for kappa 35.9462 sec
Elapsed time for experts 13.3714 sec
Elapsed time for households 12.1141 sec
Iteration 152
Elapsed time for kappa 35.2780 sec
Elapsed time for experts 14.1485 sec
Elapsed time for households 12.1659 sec
Iteration 153
Elapsed time for kappa 35.9640 sec
Elapsed time for experts 13.4039 sec
Elapsed time for households 11.6756 sec
Iteration 154
Elapsed time for kappa 34.8260 sec
Elapsed time for experts 13.6061 sec
Elapsed time for households 11.6707 sec
Iteration 155
Elapsed time for kappa 33.6905 sec
Elapsed time for experts 13.0036 sec
Elapsed time for households 11.5301 sec
Iteration 156
Elapsed time for kappa 43.7875 sec
Elapsed time for experts 14.5171 sec
Elapsed time for households 12.3517 sec
Iteration 157
Elapsed time for kappa 35.8672 sec
Elapsed time for experts 14.1544 sec
Elapsed time for households 12.3593 sec
Iteration 158
Elapsed time for kappa 36.1481 sec
Elapsed time for experts 14.2177 sec
Elapsed time for households 13.1075 sec
Iteration 159
Elapsed time for kappa 34.9108 sec
Elapsed time for experts 13.5350 sec
Elapsed time for households 11.5579 sec
Iteration 160
Elapsed time for kappa 35.0151 sec
Elapsed time for experts 12.8150 sec
Elapsed time for households 11.3912 sec
Iteration 161
Elapsed time for kappa 33.6703 sec
Elapsed time for experts 13.1704 sec
Elapsed time for households 11.1695 sec
Iteration 162
Elapsed time for kappa 44.4315 sec
Elapsed time for experts 13.8949 sec
Elapsed time for households 13.0727 sec
Iteration 163
Elapsed time for kappa 35.6065 sec
Elapsed time for experts 13.4643 sec
Elapsed time for households 12.3025 sec
Iteration 164
Elapsed time for kappa 35.4512 sec
Elapsed time for experts 13.5400 sec
Elapsed time for households 12.4437 sec
Iteration 165
Elapsed time for kappa 34.4069 sec
Elapsed time for experts 12.8803 sec
Elapsed time for households 11.3794 sec
Iteration 166
Elapsed time for kappa 34.8404 sec
Elapsed time for experts 13.1414 sec
Elapsed time for households 11.4128 sec
Iteration 167
Elapsed time for kappa 34.2371 sec
Elapsed time for experts 12.7840 sec
Elapsed time for households 11.3214 sec
Iteration 168
Elapsed time for kappa 44.3447 sec
Elapsed time for experts 14.5141 sec
Elapsed time for households 12.9196 sec
Iteration 169
Elapsed time for kappa 36.1793 sec
Elapsed time for experts 13.5982 sec
Elapsed time for households 12.8184 sec
Iteration 170
Elapsed time for kappa 39.9125 sec
Elapsed time for experts 15.3964 sec
Elapsed time for households 12.7550 sec
Iteration 171
Elapsed time for kappa 34.8402 sec
Elapsed time for experts 12.8126 sec
Elapsed time for households 11.6883 sec
Iteration 172
Elapsed time for kappa 35.0791 sec
Elapsed time for experts 13.3879 sec
Elapsed time for households 11.5386 sec
Iteration 173
Elapsed time for kappa 34.7419 sec
Elapsed time for experts 13.0894 sec
Elapsed time for households 11.4240 sec
Iteration 174
Elapsed time for kappa 44.6694 sec
Elapsed time for experts 13.9447 sec
Elapsed time for households 13.4262 sec
Iteration 175
Elapsed time for kappa 36.7580 sec
Elapsed time for experts 13.9163 sec
Elapsed time for households 12.3445 sec
Iteration 176
Elapsed time for kappa 35.2929 sec
Elapsed time for experts 14.4795 sec
Elapsed time for households 11.8275 sec
Iteration 177
Elapsed time for kappa 34.8784 sec
Elapsed time for experts 14.0438 sec
Elapsed time for households 12.6232 sec
Iteration 178
Elapsed time for kappa 34.5625 sec
Elapsed time for experts 12.6330 sec
Elapsed time for households 12.5075 sec
Iteration 179
Elapsed time for kappa 36.6896 sec
Elapsed time for experts 12.4616 sec
Elapsed time for households 11.9958 sec
Iteration 180
Elapsed time for kappa 44.0221 sec
Elapsed time for experts 13.8713 sec
Elapsed time for households 12.4099 sec
Iteration 181
Elapsed time for kappa 36.1564 sec
Elapsed time for experts 13.3619 sec
Elapsed time for households 12.5721 sec
Iteration 182
Elapsed time for kappa 35.1085 sec
Elapsed time for experts 13.5690 sec
Elapsed time for households 11.9265 sec
Iteration 183
Elapsed time for kappa 35.7199 sec
Elapsed time for experts 13.3653 sec
Elapsed time for households 11.8509 sec
Iteration 184
Elapsed time for kappa 34.1779 sec
Elapsed time for experts 12.9845 sec
Elapsed time for households 11.9916 sec
Iteration 185
Elapsed time for kappa 33.2489 sec
Elapsed time for experts 13.6905 sec
Elapsed time for households 11.7448 sec
Iteration 186
Elapsed time for kappa 42.7548 sec
Elapsed time for experts 14.9307 sec
Elapsed time for households 12.0823 sec
Iteration 187
Elapsed time for kappa 35.6842 sec
Elapsed time for experts 13.2833 sec
Elapsed time for households 12.8609 sec
Iteration 188
Elapsed time for kappa 35.8395 sec
Elapsed time for experts 13.7087 sec
Elapsed time for households 12.3182 sec
Iteration 189
Elapsed time for kappa 34.4147 sec
Elapsed time for experts 13.1335 sec
Elapsed time for households 11.9534 sec
Iteration 190
Elapsed time for kappa 34.5409 sec
Elapsed time for experts 14.4012 sec
Elapsed time for households 11.9253 sec
Iteration 191
Elapsed time for kappa 34.2850 sec
Elapsed time for experts 14.7373 sec
Elapsed time for households 11.8189 sec
Iteration 192
Elapsed time for kappa 45.1153 sec
Elapsed time for experts 13.7412 sec
Elapsed time for households 12.4250 sec
Iteration 193
Elapsed time for kappa 36.4049 sec
Elapsed time for experts 13.5761 sec
Elapsed time for households 12.1440 sec
Iteration 194
Elapsed time for kappa 35.2153 sec
Elapsed time for experts 14.7056 sec
Elapsed time for households 12.0314 sec
Iteration 195
Elapsed time for kappa 34.4440 sec
Elapsed time for experts 13.0130 sec
Elapsed time for households 11.4105 sec
Iteration 196
Elapsed time for kappa 34.3053 sec
Elapsed time for experts 14.9133 sec
Elapsed time for households 11.2800 sec
Iteration 197
Elapsed time for kappa 33.6224 sec
Elapsed time for experts 12.3451 sec
Elapsed time for households 18.6289 sec
Iteration 198
Elapsed time for kappa 36.1428 sec
Elapsed time for experts 13.8941 sec
Elapsed time for households 12.9336 sec
Iteration 199
Elapsed time for kappa 37.0505 sec
Elapsed time for experts 13.7107 sec
Elapsed time for households 11.8526 sec
Iteration 200
Elapsed time for kappa 35.7577 sec
Elapsed time for experts 15.8767 sec
Elapsed time for households 12.6505 sec
Iteration 201
Elapsed time for kappa 37.6773 sec
Elapsed time for experts 13.3155 sec
Elapsed time for households 11.6779 sec
Iteration 202
Elapsed time for kappa 33.8870 sec
Elapsed time for experts 12.5729 sec
Elapsed time for households 11.5188 sec
Iteration 203
Elapsed time for kappa 33.4682 sec
Elapsed time for experts 13.9818 sec
Elapsed time for households 20.0883 sec
Iteration 204
Elapsed time for kappa 36.6710 sec
Elapsed time for experts 14.7856 sec
Elapsed time for households 12.9848 sec
Iteration 205
Elapsed time for kappa 35.4700 sec
Elapsed time for experts 13.9003 sec
Elapsed time for households 12.4600 sec
Iteration 206
Elapsed time for kappa 35.3031 sec
Elapsed time for experts 14.0900 sec
Elapsed time for households 13.0291 sec
Iteration 207
Elapsed time for kappa 38.8970 sec
Elapsed time for experts 14.7370 sec
Elapsed time for households 11.8523 sec
Iteration 208
Elapsed time for kappa 34.3340 sec
Elapsed time for experts 13.1224 sec
Elapsed time for households 11.8445 sec
Iteration 209
Elapsed time for kappa 35.2119 sec
Elapsed time for experts 16.0188 sec
Elapsed time for households 19.9684 sec
Iteration 210
Elapsed time for kappa 37.3952 sec
Elapsed time for experts 13.8741 sec
Elapsed time for households 12.1184 sec
Iteration 211
Elapsed time for kappa 36.9526 sec
Elapsed time for experts 15.4296 sec
Elapsed time for households 12.1329 sec
Iteration 212
Elapsed time for kappa 35.3264 sec
Elapsed time for experts 14.5010 sec
Elapsed time for households 12.6568 sec
Iteration 213
Elapsed time for kappa 35.1660 sec
Elapsed time for experts 12.9988 sec
Elapsed time for households 11.7299 sec
Iteration 214
Elapsed time for kappa 33.4085 sec
Elapsed time for experts 13.7468 sec
Elapsed time for households 11.3733 sec
Iteration 215
Elapsed time for kappa 34.2874 sec
Elapsed time for experts 13.4514 sec
Elapsed time for households 11.6705 sec
Iteration 216
Elapsed time for kappa 45.4563 sec
Elapsed time for experts 15.1099 sec
Elapsed time for households 12.6870 sec
Iteration 217
Elapsed time for kappa 36.3366 sec
Elapsed time for experts 13.8158 sec
Elapsed time for households 11.9996 sec
Iteration 218
Elapsed time for kappa 37.5014 sec
Elapsed time for experts 14.0093 sec
Elapsed time for households 12.0241 sec
Iteration 219
Elapsed time for kappa 36.0456 sec
Elapsed time for experts 14.3916 sec
Elapsed time for households 13.2260 sec
Iteration 220
Elapsed time for kappa 38.9840 sec
Elapsed time for experts 14.1533 sec
Elapsed time for households 12.0467 sec
Iteration 221
Elapsed time for kappa 35.5197 sec
Elapsed time for experts 13.2966 sec
Elapsed time for households 11.5319 sec
Iteration 222
Elapsed time for kappa 45.2973 sec
Elapsed time for experts 14.7638 sec
Elapsed time for households 12.2348 sec
Iteration 223
Elapsed time for kappa 36.7134 sec
Elapsed time for experts 15.0557 sec
Elapsed time for households 12.4892 sec
Iteration 224
Elapsed time for kappa 35.8500 sec
Elapsed time for experts 13.2619 sec
Elapsed time for households 12.3140 sec
Iteration 225
Elapsed time for kappa 38.7689 sec
Elapsed time for experts 15.4607 sec
Elapsed time for households 11.7990 sec
Iteration 226
Elapsed time for kappa 35.2008 sec
Elapsed time for experts 12.9641 sec
Elapsed time for households 13.7414 sec
Iteration 227
Elapsed time for kappa 34.0848 sec
Elapsed time for experts 23.9289 sec
Elapsed time for households 14.0488 sec
Iteration 228
Elapsed time for kappa 37.0177 sec
Elapsed time for experts 14.7341 sec
Elapsed time for households 12.0250 sec
Iteration 229
Elapsed time for kappa 36.2649 sec
Elapsed time for experts 13.4474 sec
Elapsed time for households 12.3681 sec
Iteration 230
Elapsed time for kappa 34.9395 sec
Elapsed time for experts 13.1602 sec
Elapsed time for households 11.7194 sec
Iteration 231
Elapsed time for kappa 34.1072 sec
Elapsed time for experts 13.7515 sec
Elapsed time for households 11.9828 sec
Iteration 232
Elapsed time for kappa 33.5515 sec
Elapsed time for experts 13.0341 sec
Elapsed time for households 12.1586 sec
Iteration 233
Elapsed time for kappa 33.2798 sec
Elapsed time for experts 13.0295 sec
Elapsed time for households 19.6890 sec
Iteration 234
Elapsed time for kappa 36.5438 sec
Elapsed time for experts 14.3444 sec
Elapsed time for households 12.2873 sec
Iteration 235
Elapsed time for kappa 36.0981 sec
Elapsed time for experts 13.1473 sec
Elapsed time for households 12.8652 sec
Iteration 236
Elapsed time for kappa 37.3748 sec
Elapsed time for experts 15.1657 sec
Elapsed time for households 13.3756 sec
Iteration 237
Elapsed time for kappa 36.0810 sec
Elapsed time for experts 14.4098 sec
Elapsed time for households 11.6142 sec
Iteration 238
Elapsed time for kappa 34.7326 sec
Elapsed time for experts 14.9141 sec
Elapsed time for households 12.3465 sec
Iteration 239
Elapsed time for kappa 38.1825 sec
Elapsed time for experts 16.0629 sec
Elapsed time for households 21.7929 sec
Iteration 240
Elapsed time for kappa 40.3158 sec
Elapsed time for experts 17.1709 sec
Elapsed time for households 11.8667 sec
Iteration 241
Elapsed time for kappa 36.4723 sec
Elapsed time for experts 14.6143 sec
Elapsed time for households 12.5513 sec
Iteration 242
Elapsed time for kappa 36.6135 sec
Elapsed time for experts 14.3238 sec
Elapsed time for households 14.2098 sec
Iteration 243
Elapsed time for kappa 36.1676 sec
Elapsed time for experts 14.0530 sec
Elapsed time for households 13.7566 sec
Iteration 244
Elapsed time for kappa 34.8118 sec
Elapsed time for experts 12.6828 sec
Elapsed time for households 11.7845 sec
Iteration 245
Elapsed time for kappa 33.5666 sec
Elapsed time for experts 14.5901 sec
Elapsed time for households 11.1897 sec
Iteration 246
Elapsed time for kappa 45.1697 sec
Elapsed time for experts 13.7954 sec
Elapsed time for households 14.1435 sec
Iteration 247
Elapsed time for kappa 37.6206 sec
Elapsed time for experts 15.1388 sec
Elapsed time for households 11.6165 sec
Iteration 248
Elapsed time for kappa 35.7038 sec
Elapsed time for experts 13.7747 sec
Elapsed time for households 11.9023 sec
Iteration 249
Elapsed time for kappa 34.8302 sec
Elapsed time for experts 14.3851 sec
Elapsed time for households 11.7543 sec
Iteration 250
Elapsed time for kappa 34.4970 sec
Elapsed time for experts 12.8928 sec
Elapsed time for households 11.6453 sec
Iteration 251
Elapsed time for kappa 33.4457 sec
Elapsed time for experts 14.1332 sec
Elapsed time for households 12.3030 sec
Iteration 252
Elapsed time for kappa 42.7329 sec
Elapsed time for experts 14.9589 sec
Elapsed time for households 13.8818 sec
Iteration 253
Elapsed time for kappa 37.6694 sec
Elapsed time for experts 15.0505 sec
Elapsed time for households 12.8322 sec
Iteration 254
Elapsed time for kappa 35.5634 sec
Elapsed time for experts 15.9896 sec
Elapsed time for households 12.7433 sec
Iteration 255
Elapsed time for kappa 35.0527 sec
Elapsed time for experts 13.8644 sec
Elapsed time for households 12.0258 sec
Iteration 256
Elapsed time for kappa 34.4479 sec
Elapsed time for experts 14.0149 sec
Elapsed time for households 11.5459 sec
Iteration 257
Elapsed time for kappa 34.5308 sec
Elapsed time for experts 12.5193 sec
Elapsed time for households 21.4442 sec
Iteration 258
Elapsed time for kappa 37.6086 sec
Elapsed time for experts 14.2455 sec
Elapsed time for households 12.6731 sec
Iteration 259
Elapsed time for kappa 36.2496 sec
Elapsed time for experts 16.8995 sec
Elapsed time for households 11.5398 sec
Iteration 260
Elapsed time for kappa 35.0687 sec
Elapsed time for experts 13.9478 sec
Elapsed time for households 12.4904 sec
Iteration 261
Elapsed time for kappa 34.5456 sec
Elapsed time for experts 15.1436 sec
Elapsed time for households 12.5850 sec
Iteration 262
Elapsed time for kappa 33.6984 sec
Elapsed time for experts 13.6108 sec
Elapsed time for households 11.8778 sec
Iteration 263
Elapsed time for kappa 34.3219 sec
Elapsed time for experts 12.2488 sec
Elapsed time for households 11.0419 sec
Iteration 264
Elapsed time for kappa 44.1631 sec
Elapsed time for experts 15.3045 sec
Elapsed time for households 13.6915 sec
Iteration 265
Elapsed time for kappa 39.6034 sec
Elapsed time for experts 16.3849 sec
Elapsed time for households 14.9215 sec
Iteration 266
Elapsed time for kappa 36.3093 sec
Elapsed time for experts 13.9564 sec
Elapsed time for households 12.4739 sec
Iteration 267
Elapsed time for kappa 34.7133 sec
Elapsed time for experts 13.6757 sec
Elapsed time for households 11.8699 sec
Iteration 268
Elapsed time for kappa 33.9283 sec
Elapsed time for experts 13.0852 sec
Elapsed time for households 12.5554 sec
Iteration 269
Elapsed time for kappa 34.6731 sec
Elapsed time for experts 12.5963 sec
Elapsed time for households 20.4288 sec
Iteration 270
Elapsed time for kappa 37.4697 sec
Elapsed time for experts 13.9192 sec
Elapsed time for households 12.8626 sec
Iteration 271
Elapsed time for kappa 35.7882 sec
Elapsed time for experts 13.5035 sec
Elapsed time for households 12.7945 sec
Iteration 272
Elapsed time for kappa 36.5222 sec
Elapsed time for experts 14.3672 sec
Elapsed time for households 12.0573 sec
Iteration 273
Elapsed time for kappa 35.7919 sec
Elapsed time for experts 13.0520 sec
Elapsed time for households 12.4747 sec
Iteration 274
Elapsed time for kappa 35.4022 sec
Elapsed time for experts 18.7630 sec
Elapsed time for households 11.7321 sec
Iteration 275
Elapsed time for kappa 33.5328 sec
Elapsed time for experts 16.4794 sec
Elapsed time for households 10.9185 sec
Iteration 276
Elapsed time for kappa 46.4663 sec
Elapsed time for experts 14.2646 sec
Elapsed time for households 12.7929 sec
Iteration 277
Elapsed time for kappa 36.6176 sec
Elapsed time for experts 14.6149 sec
Elapsed time for households 12.6809 sec
Iteration 278
Elapsed time for kappa 37.8440 sec
Elapsed time for experts 14.5069 sec
Elapsed time for households 12.1186 sec
Iteration 279
Elapsed time for kappa 35.9742 sec
Elapsed time for experts 14.0503 sec
Elapsed time for households 11.5873 sec
Iteration 280
Elapsed time for kappa 34.9339 sec
Elapsed time for experts 14.4430 sec
Elapsed time for households 11.8297 sec
Iteration 281
Elapsed time for kappa 34.3177 sec
Elapsed time for experts 15.2189 sec
Elapsed time for households 20.1984 sec
Iteration 282
Elapsed time for kappa 39.0176 sec
Elapsed time for experts 14.1931 sec
Elapsed time for households 12.7143 sec
Iteration 283
Elapsed time for kappa 35.9640 sec
Elapsed time for experts 14.5574 sec
Elapsed time for households 12.4391 sec
Iteration 284
Elapsed time for kappa 36.4249 sec
Elapsed time for experts 14.8692 sec
Elapsed time for households 12.2992 sec
Iteration 285
Elapsed time for kappa 34.7890 sec
Elapsed time for experts 14.5277 sec
Elapsed time for households 12.8547 sec
Iteration 286
Elapsed time for kappa 35.7667 sec
Elapsed time for experts 13.7058 sec
Elapsed time for households 12.0214 sec
Iteration 287
Elapsed time for kappa 35.1830 sec
Elapsed time for experts 13.0270 sec
Elapsed time for households 10.9259 sec
Iteration 288
Elapsed time for kappa 46.0822 sec
Elapsed time for experts 14.5185 sec
Elapsed time for households 12.9290 sec
Iteration 289
Elapsed time for kappa 37.0912 sec
Elapsed time for experts 13.3296 sec
Elapsed time for households 12.2352 sec
Iteration 290
Elapsed time for kappa 35.9694 sec
Elapsed time for experts 13.3882 sec
Elapsed time for households 12.5756 sec
Iteration 291
Elapsed time for kappa 35.8869 sec
Elapsed time for experts 14.2180 sec
Elapsed time for households 13.2469 sec
Iteration 292
Elapsed time for kappa 35.2797 sec
Elapsed time for experts 14.4959 sec
Elapsed time for households 12.4218 sec
Iteration 293
Elapsed time for kappa 33.8844 sec
Elapsed time for experts 14.2610 sec
Elapsed time for households 11.5424 sec
Iteration 294
Elapsed time for kappa 43.6069 sec
Elapsed time for experts 14.1347 sec
Elapsed time for households 13.2491 sec
Iteration 295
Elapsed time for kappa 36.4447 sec
Elapsed time for experts 14.6425 sec
Elapsed time for households 12.0355 sec
Iteration 296
Elapsed time for kappa 35.8789 sec
Elapsed time for experts 14.6979 sec
Elapsed time for households 12.2464 sec
Iteration 297
Elapsed time for kappa 35.3257 sec
Elapsed time for experts 12.9536 sec
Elapsed time for households 12.2370 sec
Iteration 298
Elapsed time for kappa 34.5982 sec
Elapsed time for experts 12.9215 sec
Elapsed time for households 12.3037 sec
Iteration 299
Elapsed time for kappa 34.4256 sec
Elapsed time for experts 12.9542 sec
Elapsed time for households 19.1287 sec
Elapsed time for training 19155.7407 sec
90000 90000 90000 90000
