ERROR: logger: /software/python-anaconda-2022.05-el8-x86_64/lib/libuuid.so.1: no version information available (required by /lib64/libblkid.so.1)
      while executing
  "exec logger -t modulecmd "[get-env USER]: $command [join $args]""
      (procedure "module" line 2)
      invoked from within
  "module load python/anaconda-2022.05"
      ("eval" body line 1)
      invoked from within
  "eval $execcmdlist"
  Please report this issue at https://github.com/cea-hpc/modules/issues
Iteration 0
Elapsed time for kappa 66.1026 sec
Elapsed time for experts 18.9147 sec
Elapsed time for households 14.6867 sec
Iteration 1
Elapsed time for kappa 31.2487 sec
Elapsed time for experts 11.4304 sec
Elapsed time for households 12.0746 sec
Iteration 2
Elapsed time for kappa 34.0221 sec
Elapsed time for experts 13.1268 sec
Elapsed time for households 10.2926 sec
Iteration 3
Elapsed time for kappa 31.3447 sec
Elapsed time for experts 11.2414 sec
Elapsed time for households 10.2377 sec
Iteration 4
Elapsed time for kappa 31.5240 sec
Elapsed time for experts 11.3877 sec
Elapsed time for households 10.2237 sec
Iteration 5
Elapsed time for kappa 31.6740 sec
Elapsed time for experts 11.8219 sec
Elapsed time for households 10.2893 sec
Iteration 6
Elapsed time for kappa 31.4876 sec
Elapsed time for experts 11.3910 sec
Elapsed time for households 10.1437 sec
Iteration 7
Elapsed time for kappa 31.3487 sec
Elapsed time for experts 11.1357 sec
Elapsed time for households 16.0783 sec
Iteration 8
Elapsed time for kappa 31.2541 sec
Elapsed time for experts 11.3516 sec
Elapsed time for households 10.2828 sec
Iteration 9
Elapsed time for kappa 31.2587 sec
Elapsed time for experts 11.5007 sec
Elapsed time for households 10.1876 sec
Iteration 10
Elapsed time for kappa 31.0791 sec
Elapsed time for experts 11.4578 sec
Elapsed time for households 10.1360 sec
Iteration 11
Elapsed time for kappa 31.0830 sec
Elapsed time for experts 11.2502 sec
Elapsed time for households 10.3930 sec
Iteration 12
Elapsed time for kappa 31.6131 sec
Elapsed time for experts 11.2634 sec
Elapsed time for households 10.0080 sec
Iteration 13
Elapsed time for kappa 31.2141 sec
Elapsed time for experts 11.5849 sec
Elapsed time for households 17.0699 sec
Iteration 14
Elapsed time for kappa 32.1209 sec
Elapsed time for experts 11.6817 sec
Elapsed time for households 10.5885 sec
Iteration 15
Elapsed time for kappa 31.5354 sec
Elapsed time for experts 11.4059 sec
Elapsed time for households 10.0841 sec
Iteration 16
Elapsed time for kappa 31.1665 sec
Elapsed time for experts 11.8330 sec
Elapsed time for households 10.3342 sec
Iteration 17
Elapsed time for kappa 31.3855 sec
Elapsed time for experts 11.4501 sec
Elapsed time for households 10.4539 sec
Iteration 18
Elapsed time for kappa 34.3562 sec
Elapsed time for experts 12.5808 sec
Elapsed time for households 10.2938 sec
Iteration 19
Elapsed time for kappa 31.3926 sec
Elapsed time for experts 18.8114 sec
Elapsed time for households 10.9548 sec
Iteration 20
Elapsed time for kappa 32.0645 sec
Elapsed time for experts 11.6458 sec
Elapsed time for households 10.5780 sec
Iteration 21
Elapsed time for kappa 31.9910 sec
Elapsed time for experts 11.4224 sec
Elapsed time for households 10.5056 sec
Iteration 22
Elapsed time for kappa 31.7271 sec
Elapsed time for experts 11.6045 sec
Elapsed time for households 10.2289 sec
Iteration 23
Elapsed time for kappa 31.4823 sec
Elapsed time for experts 11.3956 sec
Elapsed time for households 10.4140 sec
Iteration 24
Elapsed time for kappa 34.5188 sec
Elapsed time for experts 11.4376 sec
Elapsed time for households 10.3840 sec
Iteration 25
Elapsed time for kappa 31.0283 sec
Elapsed time for experts 18.8512 sec
Elapsed time for households 10.7077 sec
Iteration 26
Elapsed time for kappa 32.0269 sec
Elapsed time for experts 11.6538 sec
Elapsed time for households 10.4668 sec
Iteration 27
Elapsed time for kappa 31.7743 sec
Elapsed time for experts 11.6493 sec
Elapsed time for households 10.3788 sec
Iteration 28
Elapsed time for kappa 31.8358 sec
Elapsed time for experts 11.5576 sec
Elapsed time for households 10.2507 sec
Iteration 29
Elapsed time for kappa 31.6131 sec
Elapsed time for experts 11.4595 sec
Elapsed time for households 10.4193 sec
Iteration 30
Elapsed time for kappa 31.5717 sec
Elapsed time for experts 11.3759 sec
Elapsed time for households 10.5576 sec
Iteration 31
Elapsed time for kappa 31.3274 sec
Elapsed time for experts 18.7298 sec
Elapsed time for households 10.7895 sec
Iteration 32
Elapsed time for kappa 32.2651 sec
Elapsed time for experts 11.8293 sec
Elapsed time for households 10.3115 sec
Iteration 33
Elapsed time for kappa 31.8370 sec
Elapsed time for experts 11.4550 sec
Elapsed time for households 10.6072 sec
Iteration 34
Elapsed time for kappa 31.8746 sec
Elapsed time for experts 11.5263 sec
Elapsed time for households 10.2255 sec
Iteration 35
Elapsed time for kappa 31.7441 sec
Elapsed time for experts 11.5116 sec
Elapsed time for households 10.3391 sec
Iteration 36
Elapsed time for kappa 31.4199 sec
Elapsed time for experts 11.4811 sec
Elapsed time for households 10.3735 sec
Iteration 37
Elapsed time for kappa 43.4052 sec
Elapsed time for experts 12.6252 sec
Elapsed time for households 10.7762 sec
Iteration 38
Elapsed time for kappa 32.4438 sec
Elapsed time for experts 11.7994 sec
Elapsed time for households 10.5046 sec
Iteration 39
Elapsed time for kappa 31.9154 sec
Elapsed time for experts 11.6706 sec
Elapsed time for households 10.4575 sec
Iteration 40
Elapsed time for kappa 31.5057 sec
Elapsed time for experts 11.4789 sec
Elapsed time for households 10.1412 sec
Iteration 41
Elapsed time for kappa 31.2277 sec
Elapsed time for experts 11.3436 sec
Elapsed time for households 10.1454 sec
Iteration 42
Elapsed time for kappa 31.7130 sec
Elapsed time for experts 11.5164 sec
Elapsed time for households 10.2284 sec
Iteration 43
Elapsed time for kappa 40.5042 sec
Elapsed time for experts 13.0611 sec
Elapsed time for households 11.2129 sec
Iteration 44
Elapsed time for kappa 32.6106 sec
Elapsed time for experts 11.9876 sec
Elapsed time for households 10.7006 sec
Iteration 45
Elapsed time for kappa 32.3047 sec
Elapsed time for experts 11.7174 sec
Elapsed time for households 10.6167 sec
Iteration 46
Elapsed time for kappa 31.6429 sec
Elapsed time for experts 11.4926 sec
Elapsed time for households 10.3619 sec
Iteration 47
Elapsed time for kappa 31.5980 sec
Elapsed time for experts 11.2896 sec
Elapsed time for households 10.2315 sec
Iteration 48
Elapsed time for kappa 31.5755 sec
Elapsed time for experts 11.4795 sec
Elapsed time for households 10.2353 sec
Iteration 49
Elapsed time for kappa 40.9002 sec
Elapsed time for experts 12.7159 sec
Elapsed time for households 11.0039 sec
Iteration 50
Elapsed time for kappa 32.7083 sec
Elapsed time for experts 11.7467 sec
Elapsed time for households 10.5250 sec
Iteration 51
Elapsed time for kappa 32.3107 sec
Elapsed time for experts 11.7194 sec
Elapsed time for households 10.3775 sec
Iteration 52
Elapsed time for kappa 31.7891 sec
Elapsed time for experts 11.4741 sec
Elapsed time for households 10.1416 sec
Iteration 53
Elapsed time for kappa 31.5082 sec
Elapsed time for experts 11.5757 sec
Elapsed time for households 10.4365 sec
Iteration 54
Elapsed time for kappa 31.5416 sec
Elapsed time for experts 11.5029 sec
Elapsed time for households 10.3043 sec
Iteration 55
Elapsed time for kappa 41.0342 sec
Elapsed time for experts 12.7485 sec
Elapsed time for households 11.2891 sec
Iteration 56
Elapsed time for kappa 32.8481 sec
Elapsed time for experts 11.9716 sec
Elapsed time for households 10.5753 sec
Iteration 57
Elapsed time for kappa 32.2768 sec
Elapsed time for experts 11.9476 sec
Elapsed time for households 10.6389 sec
Iteration 58
Elapsed time for kappa 31.9957 sec
Elapsed time for experts 12.0037 sec
Elapsed time for households 10.5994 sec
Iteration 59
Elapsed time for kappa 31.6279 sec
Elapsed time for experts 12.8997 sec
Elapsed time for households 11.4011 sec
Iteration 60
Elapsed time for kappa 31.2599 sec
Elapsed time for experts 11.4778 sec
Elapsed time for households 10.2017 sec
Iteration 61
Elapsed time for kappa 40.3070 sec
Elapsed time for experts 12.5283 sec
Elapsed time for households 11.1086 sec
Iteration 62
Elapsed time for kappa 32.7306 sec
Elapsed time for experts 11.9411 sec
Elapsed time for households 10.8664 sec
Iteration 63
Elapsed time for kappa 32.0394 sec
Elapsed time for experts 11.7790 sec
Elapsed time for households 10.4386 sec
Iteration 64
Elapsed time for kappa 31.8126 sec
Elapsed time for experts 11.6122 sec
Elapsed time for households 10.7783 sec
Iteration 65
Elapsed time for kappa 31.8530 sec
Elapsed time for experts 11.7074 sec
Elapsed time for households 10.4966 sec
Iteration 66
Elapsed time for kappa 31.3376 sec
Elapsed time for experts 11.2647 sec
Elapsed time for households 10.0534 sec
Iteration 67
Elapsed time for kappa 40.9502 sec
Elapsed time for experts 13.7964 sec
Elapsed time for households 12.2153 sec
Iteration 68
Elapsed time for kappa 35.9125 sec
Elapsed time for experts 11.8939 sec
Elapsed time for households 10.7708 sec
Iteration 69
Elapsed time for kappa 32.4592 sec
Elapsed time for experts 11.7436 sec
Elapsed time for households 10.6554 sec
Iteration 70
Elapsed time for kappa 31.9602 sec
Elapsed time for experts 11.8485 sec
Elapsed time for households 10.6059 sec
Iteration 71
Elapsed time for kappa 31.8441 sec
Elapsed time for experts 11.4411 sec
Elapsed time for households 10.3294 sec
Iteration 72
Elapsed time for kappa 31.4148 sec
Elapsed time for experts 11.4213 sec
Elapsed time for households 17.3624 sec
Iteration 73
Elapsed time for kappa 33.8517 sec
Elapsed time for experts 12.2962 sec
Elapsed time for households 11.1158 sec
Iteration 74
Elapsed time for kappa 32.8768 sec
Elapsed time for experts 11.9518 sec
Elapsed time for households 10.5499 sec
Iteration 75
Elapsed time for kappa 32.5853 sec
Elapsed time for experts 11.7263 sec
Elapsed time for households 10.3991 sec
Iteration 76
Elapsed time for kappa 31.9672 sec
Elapsed time for experts 11.9601 sec
Elapsed time for households 10.5190 sec
Iteration 77
Elapsed time for kappa 31.6565 sec
Elapsed time for experts 11.4713 sec
Elapsed time for households 10.4571 sec
Iteration 78
Elapsed time for kappa 31.2074 sec
Elapsed time for experts 11.3418 sec
Elapsed time for households 18.3101 sec
Iteration 79
Elapsed time for kappa 33.6404 sec
Elapsed time for experts 12.2748 sec
Elapsed time for households 10.9861 sec
Iteration 80
Elapsed time for kappa 32.6640 sec
Elapsed time for experts 12.3089 sec
Elapsed time for households 10.7558 sec
Iteration 81
Elapsed time for kappa 32.1125 sec
Elapsed time for experts 12.0786 sec
Elapsed time for households 10.5112 sec
Iteration 82
Elapsed time for kappa 32.0010 sec
Elapsed time for experts 11.6701 sec
Elapsed time for households 10.4341 sec
Iteration 83
Elapsed time for kappa 31.7233 sec
Elapsed time for experts 11.5434 sec
Elapsed time for households 10.3231 sec
Iteration 84
Elapsed time for kappa 31.4644 sec
Elapsed time for experts 19.8246 sec
Elapsed time for households 11.4762 sec
Iteration 85
Elapsed time for kappa 33.2653 sec
Elapsed time for experts 12.2227 sec
Elapsed time for households 11.0243 sec
Iteration 86
Elapsed time for kappa 32.6283 sec
Elapsed time for experts 11.9200 sec
Elapsed time for households 10.5674 sec
Iteration 87
Elapsed time for kappa 32.2285 sec
Elapsed time for experts 11.7346 sec
Elapsed time for households 10.6712 sec
Iteration 88
Elapsed time for kappa 32.0855 sec
Elapsed time for experts 11.6824 sec
Elapsed time for households 10.3367 sec
Iteration 89
Elapsed time for kappa 31.3950 sec
Elapsed time for experts 11.5313 sec
Elapsed time for households 10.0918 sec
Iteration 90
Elapsed time for kappa 31.2659 sec
Elapsed time for experts 19.8110 sec
Elapsed time for households 11.3936 sec
Iteration 91
Elapsed time for kappa 33.6871 sec
Elapsed time for experts 12.5223 sec
Elapsed time for households 11.0170 sec
Iteration 92
Elapsed time for kappa 33.1893 sec
Elapsed time for experts 12.0639 sec
Elapsed time for households 10.6264 sec
Iteration 93
Elapsed time for kappa 32.4684 sec
Elapsed time for experts 11.8542 sec
Elapsed time for households 12.0589 sec
Iteration 94
Elapsed time for kappa 31.6696 sec
Elapsed time for experts 11.6612 sec
Elapsed time for households 10.5657 sec
Iteration 95
Elapsed time for kappa 31.6272 sec
Elapsed time for experts 11.5377 sec
Elapsed time for households 10.2525 sec
Iteration 96
Elapsed time for kappa 31.7115 sec
Elapsed time for experts 20.0302 sec
Elapsed time for households 11.2693 sec
Iteration 97
Elapsed time for kappa 33.7881 sec
Elapsed time for experts 12.3914 sec
Elapsed time for households 11.0367 sec
Iteration 98
Elapsed time for kappa 32.8203 sec
Elapsed time for experts 12.4426 sec
Elapsed time for households 10.7822 sec
Iteration 99
Elapsed time for kappa 32.5383 sec
Elapsed time for experts 11.8488 sec
Elapsed time for households 10.6260 sec
Iteration 100
Elapsed time for kappa 31.6821 sec
Elapsed time for experts 11.7439 sec
Elapsed time for households 10.4368 sec
Iteration 101
Elapsed time for kappa 31.4519 sec
Elapsed time for experts 11.6176 sec
Elapsed time for households 10.1595 sec
Iteration 102
Elapsed time for kappa 41.7070 sec
Elapsed time for experts 12.9200 sec
Elapsed time for households 11.1514 sec
Iteration 103
Elapsed time for kappa 33.4369 sec
Elapsed time for experts 12.4066 sec
Elapsed time for households 11.0904 sec
Iteration 104
Elapsed time for kappa 32.4536 sec
Elapsed time for experts 12.1747 sec
Elapsed time for households 10.7511 sec
Iteration 105
Elapsed time for kappa 32.4202 sec
Elapsed time for experts 12.4904 sec
Elapsed time for households 10.5118 sec
Iteration 106
Elapsed time for kappa 31.9891 sec
Elapsed time for experts 11.9781 sec
Elapsed time for households 10.2547 sec
Iteration 107
Elapsed time for kappa 31.1750 sec
Elapsed time for experts 11.5325 sec
Elapsed time for households 10.6289 sec
Iteration 108
Elapsed time for kappa 41.4152 sec
Elapsed time for experts 12.7630 sec
Elapsed time for households 11.1880 sec
Iteration 109
Elapsed time for kappa 33.2310 sec
Elapsed time for experts 12.3714 sec
Elapsed time for households 11.0939 sec
Iteration 110
Elapsed time for kappa 32.7838 sec
Elapsed time for experts 12.0200 sec
Elapsed time for households 10.6276 sec
Iteration 111
Elapsed time for kappa 32.4681 sec
Elapsed time for experts 11.7890 sec
Elapsed time for households 10.7393 sec
Iteration 112
Elapsed time for kappa 32.1306 sec
Elapsed time for experts 13.2224 sec
Elapsed time for households 11.4500 sec
Iteration 113
Elapsed time for kappa 34.6002 sec
Elapsed time for experts 12.7946 sec
Elapsed time for households 10.6689 sec
Iteration 114
Elapsed time for kappa 41.8993 sec
Elapsed time for experts 13.1351 sec
Elapsed time for households 11.2898 sec
Iteration 115
Elapsed time for kappa 33.1189 sec
Elapsed time for experts 12.2343 sec
Elapsed time for households 11.1024 sec
Iteration 116
Elapsed time for kappa 32.7628 sec
Elapsed time for experts 11.9518 sec
Elapsed time for households 10.7400 sec
Iteration 117
Elapsed time for kappa 32.2271 sec
Elapsed time for experts 11.7334 sec
Elapsed time for households 10.6581 sec
Iteration 118
Elapsed time for kappa 32.1067 sec
Elapsed time for experts 11.7160 sec
Elapsed time for households 10.8555 sec
Iteration 119
Elapsed time for kappa 31.8545 sec
Elapsed time for experts 11.5412 sec
Elapsed time for households 10.4006 sec
Iteration 120
Elapsed time for kappa 42.4266 sec
Elapsed time for experts 13.0584 sec
Elapsed time for households 11.3366 sec
Iteration 121
Elapsed time for kappa 33.7307 sec
Elapsed time for experts 12.4414 sec
Elapsed time for households 11.0160 sec
Iteration 122
Elapsed time for kappa 33.0135 sec
Elapsed time for experts 12.2851 sec
Elapsed time for households 10.8937 sec
Iteration 123
Elapsed time for kappa 32.4044 sec
Elapsed time for experts 11.9966 sec
Elapsed time for households 10.6242 sec
Iteration 124
Elapsed time for kappa 31.9009 sec
Elapsed time for experts 11.5976 sec
Elapsed time for households 10.3762 sec
Iteration 125
Elapsed time for kappa 31.6882 sec
Elapsed time for experts 11.7420 sec
Elapsed time for households 10.7437 sec
Iteration 126
Elapsed time for kappa 41.6379 sec
Elapsed time for experts 12.5292 sec
Elapsed time for households 11.5131 sec
Iteration 127
Elapsed time for kappa 33.9433 sec
Elapsed time for experts 12.3179 sec
Elapsed time for households 11.1599 sec
Iteration 128
Elapsed time for kappa 33.1902 sec
Elapsed time for experts 12.0047 sec
Elapsed time for households 11.1323 sec
Iteration 129
Elapsed time for kappa 32.4593 sec
Elapsed time for experts 11.8491 sec
Elapsed time for households 10.4565 sec
Iteration 130
Elapsed time for kappa 32.2854 sec
Elapsed time for experts 11.8157 sec
Elapsed time for households 10.4018 sec
Iteration 131
Elapsed time for kappa 31.8132 sec
Elapsed time for experts 11.5624 sec
Elapsed time for households 10.3585 sec
Iteration 132
Elapsed time for kappa 41.5372 sec
Elapsed time for experts 12.9180 sec
Elapsed time for households 11.0806 sec
Iteration 133
Elapsed time for kappa 33.7860 sec
Elapsed time for experts 12.3065 sec
Elapsed time for households 10.9543 sec
Iteration 134
Elapsed time for kappa 33.2942 sec
Elapsed time for experts 12.2839 sec
Elapsed time for households 10.8411 sec
Iteration 135
Elapsed time for kappa 32.8912 sec
Elapsed time for experts 11.8870 sec
Elapsed time for households 10.7246 sec
Iteration 136
Elapsed time for kappa 32.1301 sec
Elapsed time for experts 11.9853 sec
Elapsed time for households 10.5455 sec
Iteration 137
Elapsed time for kappa 31.6154 sec
Elapsed time for experts 11.5864 sec
Elapsed time for households 10.6260 sec
Iteration 138
Elapsed time for kappa 41.3893 sec
Elapsed time for experts 12.6353 sec
Elapsed time for households 11.3213 sec
Iteration 139
Elapsed time for kappa 33.4900 sec
Elapsed time for experts 12.4297 sec
Elapsed time for households 11.3861 sec
Iteration 140
Elapsed time for kappa 33.0996 sec
Elapsed time for experts 12.0655 sec
Elapsed time for households 10.7383 sec
Iteration 141
Elapsed time for kappa 32.7116 sec
Elapsed time for experts 11.8996 sec
Elapsed time for households 10.6059 sec
Iteration 142
Elapsed time for kappa 32.2897 sec
Elapsed time for experts 11.6903 sec
Elapsed time for households 10.6880 sec
Iteration 143
Elapsed time for kappa 31.5467 sec
Elapsed time for experts 11.4479 sec
Elapsed time for households 17.8617 sec
Iteration 144
Elapsed time for kappa 34.4130 sec
Elapsed time for experts 12.6600 sec
Elapsed time for households 12.2052 sec
Iteration 145
Elapsed time for kappa 33.7704 sec
Elapsed time for experts 12.2650 sec
Elapsed time for households 11.0324 sec
Iteration 146
Elapsed time for kappa 32.5875 sec
Elapsed time for experts 11.9204 sec
Elapsed time for households 10.8168 sec
Iteration 147
Elapsed time for kappa 32.6177 sec
Elapsed time for experts 12.3075 sec
Elapsed time for households 10.4981 sec
Iteration 148
Elapsed time for kappa 31.8927 sec
Elapsed time for experts 11.6947 sec
Elapsed time for households 10.4186 sec
Iteration 149
Elapsed time for kappa 31.6682 sec
Elapsed time for experts 20.5342 sec
Elapsed time for households 11.4429 sec
Iteration 150
Elapsed time for kappa 33.7183 sec
Elapsed time for experts 12.8152 sec
Elapsed time for households 11.0985 sec
Iteration 151
Elapsed time for kappa 33.5122 sec
Elapsed time for experts 12.3896 sec
Elapsed time for households 11.0381 sec
Iteration 152
Elapsed time for kappa 32.9793 sec
Elapsed time for experts 12.0896 sec
Elapsed time for households 10.6772 sec
Iteration 153
Elapsed time for kappa 32.3854 sec
Elapsed time for experts 11.7438 sec
Elapsed time for households 10.6353 sec
Iteration 154
Elapsed time for kappa 32.0413 sec
Elapsed time for experts 11.6065 sec
Elapsed time for households 10.7548 sec
Iteration 155
Elapsed time for kappa 31.5428 sec
Elapsed time for experts 20.5938 sec
Elapsed time for households 11.5169 sec
Iteration 156
Elapsed time for kappa 34.4672 sec
Elapsed time for experts 12.3047 sec
Elapsed time for households 11.1464 sec
Iteration 157
Elapsed time for kappa 33.6336 sec
Elapsed time for experts 12.4169 sec
Elapsed time for households 11.0264 sec
Iteration 158
Elapsed time for kappa 32.9445 sec
Elapsed time for experts 11.9402 sec
Elapsed time for households 10.7393 sec
Iteration 159
Elapsed time for kappa 32.4090 sec
Elapsed time for experts 11.8739 sec
Elapsed time for households 10.4567 sec
Iteration 160
Elapsed time for kappa 31.6332 sec
Elapsed time for experts 11.6408 sec
Elapsed time for households 10.4699 sec
Iteration 161
Elapsed time for kappa 31.3981 sec
Elapsed time for experts 20.3747 sec
Elapsed time for households 11.5234 sec
Iteration 162
Elapsed time for kappa 34.1323 sec
Elapsed time for experts 12.1960 sec
Elapsed time for households 11.0054 sec
Iteration 163
Elapsed time for kappa 33.5374 sec
Elapsed time for experts 12.3103 sec
Elapsed time for households 11.1344 sec
Iteration 164
Elapsed time for kappa 32.9026 sec
Elapsed time for experts 12.1750 sec
Elapsed time for households 10.9359 sec
Iteration 165
Elapsed time for kappa 32.1895 sec
Elapsed time for experts 11.8902 sec
Elapsed time for households 10.6658 sec
Iteration 166
Elapsed time for kappa 32.0050 sec
Elapsed time for experts 11.9251 sec
Elapsed time for households 10.3200 sec
Iteration 167
Elapsed time for kappa 42.6239 sec
Elapsed time for experts 13.1907 sec
Elapsed time for households 11.3453 sec
Iteration 168
Elapsed time for kappa 34.0356 sec
Elapsed time for experts 12.3546 sec
Elapsed time for households 11.7159 sec
Iteration 169
Elapsed time for kappa 33.5559 sec
Elapsed time for experts 12.6332 sec
Elapsed time for households 11.1459 sec
Iteration 170
Elapsed time for kappa 35.8047 sec
Elapsed time for experts 13.3602 sec
Elapsed time for households 11.9072 sec
Iteration 171
Elapsed time for kappa 35.2331 sec
Elapsed time for experts 13.0066 sec
Elapsed time for households 10.6143 sec
Iteration 172
Elapsed time for kappa 31.8865 sec
Elapsed time for experts 11.6582 sec
Elapsed time for households 10.7567 sec
Iteration 173
Elapsed time for kappa 42.9712 sec
Elapsed time for experts 13.1173 sec
Elapsed time for households 11.2693 sec
Iteration 174
Elapsed time for kappa 34.1016 sec
Elapsed time for experts 12.5387 sec
Elapsed time for households 11.0264 sec
Iteration 175
Elapsed time for kappa 32.9437 sec
Elapsed time for experts 12.4083 sec
Elapsed time for households 10.9437 sec
Iteration 176
Elapsed time for kappa 32.5393 sec
Elapsed time for experts 11.8901 sec
Elapsed time for households 10.6299 sec
Iteration 177
Elapsed time for kappa 32.4580 sec
Elapsed time for experts 11.7932 sec
Elapsed time for households 10.9535 sec
Iteration 178
Elapsed time for kappa 32.1374 sec
Elapsed time for experts 11.9966 sec
Elapsed time for households 10.5462 sec
Iteration 179
Elapsed time for kappa 42.6470 sec
Elapsed time for experts 12.9695 sec
Elapsed time for households 11.4644 sec
Iteration 180
Elapsed time for kappa 33.6653 sec
Elapsed time for experts 12.2584 sec
Elapsed time for households 11.2565 sec
Iteration 181
Elapsed time for kappa 33.4706 sec
Elapsed time for experts 12.3615 sec
Elapsed time for households 11.3624 sec
Iteration 182
Elapsed time for kappa 32.9628 sec
Elapsed time for experts 12.0819 sec
Elapsed time for households 10.6475 sec
Iteration 183
Elapsed time for kappa 32.1548 sec
Elapsed time for experts 11.7733 sec
Elapsed time for households 10.6798 sec
Iteration 184
Elapsed time for kappa 31.8748 sec
Elapsed time for experts 11.8020 sec
Elapsed time for households 10.6711 sec
Iteration 185
Elapsed time for kappa 42.1792 sec
Elapsed time for experts 13.0358 sec
Elapsed time for households 11.1499 sec
Iteration 186
Elapsed time for kappa 33.8400 sec
Elapsed time for experts 12.4405 sec
Elapsed time for households 11.3378 sec
Iteration 187
Elapsed time for kappa 33.7626 sec
Elapsed time for experts 12.2725 sec
Elapsed time for households 11.1222 sec
Iteration 188
Elapsed time for kappa 32.9115 sec
Elapsed time for experts 12.0274 sec
Elapsed time for households 10.6874 sec
Iteration 189
Elapsed time for kappa 32.4236 sec
Elapsed time for experts 13.4691 sec
Elapsed time for households 10.4651 sec
Iteration 190
Elapsed time for kappa 31.8658 sec
Elapsed time for experts 11.5983 sec
Elapsed time for households 10.6874 sec
Iteration 191
Elapsed time for kappa 42.5814 sec
Elapsed time for experts 13.1764 sec
Elapsed time for households 11.4094 sec
Iteration 192
Elapsed time for kappa 33.9547 sec
Elapsed time for experts 12.2249 sec
Elapsed time for households 11.2578 sec
Iteration 193
Elapsed time for kappa 33.9106 sec
Elapsed time for experts 12.3292 sec
Elapsed time for households 11.0061 sec
Iteration 194
Elapsed time for kappa 33.0482 sec
Elapsed time for experts 12.5320 sec
Elapsed time for households 10.6986 sec
Iteration 195
Elapsed time for kappa 32.6405 sec
Elapsed time for experts 11.7746 sec
Elapsed time for households 10.5036 sec
Iteration 196
Elapsed time for kappa 31.5092 sec
Elapsed time for experts 11.5032 sec
Elapsed time for households 10.1912 sec
Iteration 197
Elapsed time for kappa 42.5886 sec
Elapsed time for experts 12.9540 sec
Elapsed time for households 11.2779 sec
Iteration 198
Elapsed time for kappa 34.4335 sec
Elapsed time for experts 12.2661 sec
Elapsed time for households 12.3842 sec
Iteration 199
Elapsed time for kappa 36.7603 sec
Elapsed time for experts 13.5862 sec
Elapsed time for households 12.0325 sec
Iteration 200
Elapsed time for kappa 36.1602 sec
Elapsed time for experts 13.2564 sec
Elapsed time for households 10.6755 sec
Iteration 201
Elapsed time for kappa 32.4876 sec
Elapsed time for experts 11.7452 sec
Elapsed time for households 10.5645 sec
Iteration 202
Elapsed time for kappa 31.9425 sec
Elapsed time for experts 11.7935 sec
Elapsed time for households 10.4821 sec
Iteration 203
Elapsed time for kappa 42.0296 sec
Elapsed time for experts 14.0247 sec
Elapsed time for households 11.3894 sec
Iteration 204
Elapsed time for kappa 33.9435 sec
Elapsed time for experts 12.2381 sec
Elapsed time for households 11.2135 sec
Iteration 205
Elapsed time for kappa 33.6549 sec
Elapsed time for experts 12.2386 sec
Elapsed time for households 10.8735 sec
Iteration 206
Elapsed time for kappa 32.8393 sec
Elapsed time for experts 11.9236 sec
Elapsed time for households 10.8755 sec
Iteration 207
Elapsed time for kappa 32.4884 sec
Elapsed time for experts 12.1097 sec
Elapsed time for households 10.6823 sec
Iteration 208
Elapsed time for kappa 31.9907 sec
Elapsed time for experts 11.7941 sec
Elapsed time for households 18.6339 sec
Iteration 209
Elapsed time for kappa 34.1514 sec
Elapsed time for experts 12.6409 sec
Elapsed time for households 11.3215 sec
Iteration 210
Elapsed time for kappa 34.2834 sec
Elapsed time for experts 12.3915 sec
Elapsed time for households 11.2537 sec
Iteration 211
Elapsed time for kappa 33.6767 sec
Elapsed time for experts 12.1478 sec
Elapsed time for households 12.0878 sec
Iteration 212
Elapsed time for kappa 32.7857 sec
Elapsed time for experts 12.1449 sec
Elapsed time for households 10.6574 sec
Iteration 213
Elapsed time for kappa 32.0272 sec
Elapsed time for experts 11.5930 sec
Elapsed time for households 10.3201 sec
Iteration 214
Elapsed time for kappa 31.2898 sec
Elapsed time for experts 11.5791 sec
Elapsed time for households 19.2776 sec
Iteration 215
Elapsed time for kappa 34.8396 sec
Elapsed time for experts 12.6933 sec
Elapsed time for households 11.4563 sec
Iteration 216
Elapsed time for kappa 33.9945 sec
Elapsed time for experts 12.2673 sec
Elapsed time for households 11.6602 sec
Iteration 217
Elapsed time for kappa 33.7897 sec
Elapsed time for experts 12.2808 sec
Elapsed time for households 11.0718 sec
Iteration 218
Elapsed time for kappa 33.1275 sec
Elapsed time for experts 12.0242 sec
Elapsed time for households 10.8410 sec
Iteration 219
Elapsed time for kappa 32.2291 sec
Elapsed time for experts 13.1191 sec
Elapsed time for households 11.4709 sec
Iteration 220
Elapsed time for kappa 34.5529 sec
Elapsed time for experts 12.7874 sec
Elapsed time for households 19.6706 sec
Iteration 221
Elapsed time for kappa 34.9096 sec
Elapsed time for experts 12.5559 sec
Elapsed time for households 11.3191 sec
Iteration 222
Elapsed time for kappa 33.8422 sec
Elapsed time for experts 12.0963 sec
Elapsed time for households 11.1667 sec
Iteration 223
Elapsed time for kappa 33.5577 sec
Elapsed time for experts 12.3054 sec
Elapsed time for households 11.1670 sec
Iteration 224
Elapsed time for kappa 32.6100 sec
Elapsed time for experts 11.8330 sec
Elapsed time for households 10.7406 sec
Iteration 225
Elapsed time for kappa 32.0553 sec
Elapsed time for experts 11.6984 sec
Elapsed time for households 10.2770 sec
Iteration 226
Elapsed time for kappa 30.9283 sec
Elapsed time for experts 11.3970 sec
Elapsed time for households 10.0921 sec
Iteration 227
Elapsed time for kappa 42.8293 sec
Elapsed time for experts 13.1331 sec
Elapsed time for households 11.3489 sec
Iteration 228
Elapsed time for kappa 33.6328 sec
Elapsed time for experts 12.5364 sec
Elapsed time for households 10.9367 sec
Iteration 229
Elapsed time for kappa 33.3921 sec
Elapsed time for experts 12.5183 sec
Elapsed time for households 11.0377 sec
Iteration 230
Elapsed time for kappa 32.9531 sec
Elapsed time for experts 12.1448 sec
Elapsed time for households 10.7886 sec
Iteration 231
Elapsed time for kappa 32.0353 sec
Elapsed time for experts 11.5838 sec
Elapsed time for households 10.3970 sec
Iteration 232
Elapsed time for kappa 31.8901 sec
Elapsed time for experts 11.6562 sec
Elapsed time for households 10.8182 sec
Iteration 233
Elapsed time for kappa 41.7212 sec
Elapsed time for experts 12.6839 sec
Elapsed time for households 11.1708 sec
Iteration 234
Elapsed time for kappa 33.9237 sec
Elapsed time for experts 12.4729 sec
Elapsed time for households 10.8088 sec
Iteration 235
Elapsed time for kappa 33.1550 sec
Elapsed time for experts 12.1718 sec
Elapsed time for households 10.9570 sec
Iteration 236
Elapsed time for kappa 32.6395 sec
Elapsed time for experts 12.0730 sec
Elapsed time for households 11.0303 sec
Iteration 237
Elapsed time for kappa 32.0380 sec
Elapsed time for experts 11.8674 sec
Elapsed time for households 10.3089 sec
Iteration 238
Elapsed time for kappa 31.4292 sec
Elapsed time for experts 19.7199 sec
Elapsed time for households 12.1127 sec
Iteration 239
Elapsed time for kappa 33.7556 sec
Elapsed time for experts 12.3784 sec
Elapsed time for households 10.9980 sec
Iteration 240
Elapsed time for kappa 33.7346 sec
Elapsed time for experts 12.0789 sec
Elapsed time for households 10.8067 sec
Iteration 241
Elapsed time for kappa 33.3507 sec
Elapsed time for experts 12.1292 sec
Elapsed time for households 10.8007 sec
Iteration 242
Elapsed time for kappa 32.4448 sec
Elapsed time for experts 11.7518 sec
Elapsed time for households 10.5895 sec
Iteration 243
Elapsed time for kappa 31.3978 sec
Elapsed time for experts 11.5070 sec
Elapsed time for households 10.3777 sec
Iteration 244
Elapsed time for kappa 30.9531 sec
Elapsed time for experts 11.3836 sec
Elapsed time for households 19.0477 sec
Iteration 245
Elapsed time for kappa 33.4600 sec
Elapsed time for experts 12.3619 sec
Elapsed time for households 10.9396 sec
Iteration 246
Elapsed time for kappa 33.3312 sec
Elapsed time for experts 12.0560 sec
Elapsed time for households 10.8406 sec
Iteration 247
Elapsed time for kappa 32.7566 sec
Elapsed time for experts 12.1411 sec
Elapsed time for households 11.2818 sec
Iteration 248
Elapsed time for kappa 32.0705 sec
Elapsed time for experts 11.9765 sec
Elapsed time for households 10.6234 sec
Iteration 249
Elapsed time for kappa 31.4180 sec
Elapsed time for experts 11.5219 sec
Elapsed time for households 10.0956 sec
Iteration 250
Elapsed time for kappa 31.1315 sec
Elapsed time for experts 11.2310 sec
Elapsed time for households 18.5966 sec
Iteration 251
Elapsed time for kappa 33.5889 sec
Elapsed time for experts 12.1741 sec
Elapsed time for households 11.0114 sec
Iteration 252
Elapsed time for kappa 32.6425 sec
Elapsed time for experts 12.0003 sec
Elapsed time for households 10.8719 sec
Iteration 253
Elapsed time for kappa 35.3713 sec
Elapsed time for experts 12.2675 sec
Elapsed time for households 10.5080 sec
Iteration 254
Elapsed time for kappa 31.6100 sec
Elapsed time for experts 11.6202 sec
Elapsed time for households 10.6227 sec
Iteration 255
Elapsed time for kappa 31.2028 sec
Elapsed time for experts 11.2371 sec
Elapsed time for households 10.2375 sec
Iteration 256
Elapsed time for kappa 31.1854 sec
Elapsed time for experts 11.2993 sec
Elapsed time for households 10.0701 sec
Iteration 257
Elapsed time for kappa 40.8296 sec
Elapsed time for experts 12.2358 sec
Elapsed time for households 10.8839 sec
Iteration 258
Elapsed time for kappa 32.2442 sec
Elapsed time for experts 11.8692 sec
Elapsed time for households 10.6203 sec
Iteration 259
Elapsed time for kappa 31.8697 sec
Elapsed time for experts 11.8053 sec
Elapsed time for households 10.6738 sec
Iteration 260
Elapsed time for kappa 31.4505 sec
Elapsed time for experts 11.8799 sec
Elapsed time for households 10.4712 sec
Iteration 261
Elapsed time for kappa 30.7510 sec
Elapsed time for experts 11.4465 sec
Elapsed time for households 10.2823 sec
Iteration 262
Elapsed time for kappa 30.9738 sec
Elapsed time for experts 11.4765 sec
Elapsed time for households 10.0407 sec
Iteration 263
Elapsed time for kappa 39.1625 sec
Elapsed time for experts 12.0685 sec
Elapsed time for households 10.6606 sec
Iteration 264
Elapsed time for kappa 32.0038 sec
Elapsed time for experts 12.8993 sec
Elapsed time for households 10.6531 sec
Iteration 265
Elapsed time for kappa 31.6372 sec
Elapsed time for experts 11.8988 sec
Elapsed time for households 10.7698 sec
Iteration 266
Elapsed time for kappa 31.5405 sec
Elapsed time for experts 11.7554 sec
Elapsed time for households 10.6885 sec
Iteration 267
Elapsed time for kappa 30.8729 sec
Elapsed time for experts 11.3763 sec
Elapsed time for households 10.5179 sec
Iteration 268
Elapsed time for kappa 30.5515 sec
Elapsed time for experts 11.5134 sec
Elapsed time for households 17.0062 sec
Iteration 269
Elapsed time for kappa 31.9891 sec
Elapsed time for experts 11.8432 sec
Elapsed time for households 10.5226 sec
Iteration 270
Elapsed time for kappa 31.3961 sec
Elapsed time for experts 11.9646 sec
Elapsed time for households 10.4150 sec
Iteration 271
Elapsed time for kappa 31.1585 sec
Elapsed time for experts 11.6567 sec
Elapsed time for households 10.6198 sec
Iteration 272
Elapsed time for kappa 33.5447 sec
Elapsed time for experts 12.5977 sec
Elapsed time for households 10.1631 sec
Iteration 273
Elapsed time for kappa 30.0648 sec
Elapsed time for experts 11.0897 sec
Elapsed time for households 9.8315 sec
Iteration 274
Elapsed time for kappa 30.2278 sec
Elapsed time for experts 11.0505 sec
Elapsed time for households 10.0891 sec
Iteration 275
Elapsed time for kappa 38.9815 sec
Elapsed time for experts 12.2216 sec
Elapsed time for households 10.6207 sec
Iteration 276
Elapsed time for kappa 30.9880 sec
Elapsed time for experts 11.5184 sec
Elapsed time for households 10.5402 sec
Iteration 277
Elapsed time for kappa 30.5941 sec
Elapsed time for experts 11.6066 sec
Elapsed time for households 10.4244 sec
Iteration 278
Elapsed time for kappa 30.8169 sec
Elapsed time for experts 11.4518 sec
Elapsed time for households 10.4732 sec
Iteration 279
Elapsed time for kappa 30.1913 sec
Elapsed time for experts 11.3388 sec
Elapsed time for households 11.2911 sec
Iteration 280
Elapsed time for kappa 30.0089 sec
Elapsed time for experts 11.2400 sec
Elapsed time for households 16.7060 sec
Iteration 281
Elapsed time for kappa 31.3723 sec
Elapsed time for experts 11.8675 sec
Elapsed time for households 10.5250 sec
Iteration 282
Elapsed time for kappa 30.6369 sec
Elapsed time for experts 11.5091 sec
Elapsed time for households 10.1768 sec
Iteration 283
Elapsed time for kappa 30.5075 sec
Elapsed time for experts 11.4301 sec
Elapsed time for households 10.2804 sec
Iteration 284
Elapsed time for kappa 30.1780 sec
Elapsed time for experts 11.4820 sec
Elapsed time for households 9.9652 sec
Iteration 285
Elapsed time for kappa 29.8220 sec
Elapsed time for experts 10.9860 sec
Elapsed time for households 9.8449 sec
Iteration 286
Elapsed time for kappa 29.8191 sec
Elapsed time for experts 10.9902 sec
Elapsed time for households 9.8796 sec
Iteration 287
Elapsed time for kappa 38.6517 sec
Elapsed time for experts 11.8967 sec
Elapsed time for households 10.9722 sec
Iteration 288
Elapsed time for kappa 33.4658 sec
Elapsed time for experts 12.6639 sec
Elapsed time for households 11.4096 sec
Iteration 289
Elapsed time for kappa 33.4619 sec
Elapsed time for experts 11.4222 sec
Elapsed time for households 10.4850 sec
Iteration 290
Elapsed time for kappa 29.8457 sec
Elapsed time for experts 11.4429 sec
Elapsed time for households 10.5135 sec
Iteration 291
Elapsed time for kappa 29.7390 sec
Elapsed time for experts 11.1476 sec
Elapsed time for households 9.9497 sec
Iteration 292
Elapsed time for kappa 29.2692 sec
Elapsed time for experts 10.9084 sec
Elapsed time for households 16.4726 sec
Iteration 293
Elapsed time for kappa 31.1393 sec
Elapsed time for experts 11.5366 sec
Elapsed time for households 10.1798 sec
Iteration 294
Elapsed time for kappa 30.2967 sec
Elapsed time for experts 11.5219 sec
Elapsed time for households 10.3911 sec
Iteration 295
Elapsed time for kappa 30.0610 sec
Elapsed time for experts 11.3666 sec
Elapsed time for households 10.4779 sec
Iteration 296
Elapsed time for kappa 29.5503 sec
Elapsed time for experts 11.3521 sec
Elapsed time for households 9.9529 sec
Iteration 297
Elapsed time for kappa 29.1368 sec
Elapsed time for experts 12.1999 sec
Elapsed time for households 10.8478 sec
Iteration 298
Elapsed time for kappa 29.0686 sec
Elapsed time for experts 11.2708 sec
Elapsed time for households 9.8535 sec
Iteration 299
Elapsed time for kappa 37.6344 sec
Elapsed time for experts 11.8347 sec
Elapsed time for households 10.4696 sec
Elapsed time for training 16986.9814 sec
90000 90000 90000 90000
