Iteration 0
Elapsed time for kappa 129.6741 sec
Elapsed time for experts 45.8358 sec
Elapsed time for households 41.1684 sec
Iteration 1
Elapsed time for kappa 102.5539 sec
Elapsed time for experts 40.3796 sec
Elapsed time for households 39.7231 sec
Iteration 2
Elapsed time for kappa 101.8409 sec
Elapsed time for experts 39.9256 sec
Elapsed time for households 39.1782 sec
Iteration 3
Elapsed time for kappa 99.8220 sec
Elapsed time for experts 39.4682 sec
Elapsed time for households 37.1973 sec
Iteration 4
Elapsed time for kappa 96.9676 sec
Elapsed time for experts 42.5785 sec
Elapsed time for households 40.0812 sec
Iteration 5
Elapsed time for kappa 100.7461 sec
Elapsed time for experts 40.4235 sec
Elapsed time for households 40.2955 sec
Iteration 6
Elapsed time for kappa 97.2542 sec
Elapsed time for experts 42.1789 sec
Elapsed time for households 46.4544 sec
Iteration 7
Elapsed time for kappa 102.5791 sec
Elapsed time for experts 39.9768 sec
Elapsed time for households 40.6614 sec
Iteration 8
Elapsed time for kappa 101.0859 sec
Elapsed time for experts 42.1941 sec
Elapsed time for households 38.2303 sec
Iteration 9
Elapsed time for kappa 100.7836 sec
Elapsed time for experts 42.9226 sec
Elapsed time for households 40.4326 sec
Iteration 10
Elapsed time for kappa 100.6876 sec
Elapsed time for experts 39.9937 sec
Elapsed time for households 40.1159 sec
Iteration 11
Elapsed time for kappa 100.0981 sec
Elapsed time for experts 42.6954 sec
Elapsed time for households 39.3311 sec
Iteration 12
Elapsed time for kappa 98.5865 sec
Elapsed time for experts 51.7398 sec
Elapsed time for households 38.5950 sec
Iteration 13
Elapsed time for kappa 101.7485 sec
Elapsed time for experts 43.1973 sec
Elapsed time for households 40.2069 sec
Iteration 14
Elapsed time for kappa 101.2506 sec
Elapsed time for experts 43.4024 sec
Elapsed time for households 32.9134 sec
Elapsed time for training 2768.1573 sec
90000 90000 90000 90000
