Iteration 0
Elapsed time for kappa 138.1399 sec
Elapsed time for experts 53.0552 sec
Elapsed time for households 48.4064 sec
Iteration 1
Elapsed time for kappa 106.5322 sec
Elapsed time for experts 52.4875 sec
Elapsed time for households 47.0224 sec
Iteration 2
Elapsed time for kappa 113.7570 sec
Elapsed time for experts 48.0577 sec
Elapsed time for households 46.2261 sec
Iteration 3
Elapsed time for kappa 114.9640 sec
Elapsed time for experts 49.4609 sec
Elapsed time for households 45.7103 sec
Iteration 4
Elapsed time for kappa 111.5326 sec
Elapsed time for experts 50.5436 sec
Elapsed time for households 45.5314 sec
Iteration 5
Elapsed time for kappa 105.9282 sec
Elapsed time for experts 53.2600 sec
Elapsed time for households 45.5789 sec
Iteration 6
Elapsed time for kappa 108.5064 sec
Elapsed time for experts 47.2662 sec
Elapsed time for households 46.7222 sec
Iteration 7
Elapsed time for kappa 116.9887 sec
Elapsed time for experts 52.8182 sec
Elapsed time for households 42.5197 sec
Iteration 8
Elapsed time for kappa 113.8190 sec
Elapsed time for experts 50.6832 sec
Elapsed time for households 45.4694 sec
Iteration 9
Elapsed time for kappa 106.2538 sec
Elapsed time for experts 51.0560 sec
Elapsed time for households 45.9140 sec
Iteration 10
Elapsed time for kappa 104.1838 sec
Elapsed time for experts 51.7935 sec
Elapsed time for households 50.4985 sec
Iteration 11
Elapsed time for kappa 107.7951 sec
Elapsed time for experts 49.6029 sec
Elapsed time for households 44.7084 sec
Iteration 12
Elapsed time for kappa 111.0710 sec
Elapsed time for experts 49.6910 sec
Elapsed time for households 47.5430 sec
Iteration 13
Elapsed time for kappa 120.9081 sec
Elapsed time for experts 51.3724 sec
Elapsed time for households 45.8368 sec
Iteration 14
Elapsed time for kappa 106.8568 sec
Elapsed time for experts 54.7032 sec
Elapsed time for households 46.0058 sec
Iteration 15
Elapsed time for kappa 113.5811 sec
Elapsed time for experts 48.0254 sec
Elapsed time for households 50.4250 sec
Iteration 16
Elapsed time for kappa 111.4137 sec
Elapsed time for experts 52.8708 sec
Elapsed time for households 43.6187 sec
Iteration 17
Elapsed time for kappa 116.1804 sec
Elapsed time for experts 50.1437 sec
Elapsed time for households 44.9842 sec
Iteration 18
Elapsed time for kappa 106.5062 sec
Elapsed time for experts 64.4899 sec
Elapsed time for households 48.6554 sec
Iteration 19
Elapsed time for kappa 111.4230 sec
Elapsed time for experts 53.7951 sec
Elapsed time for households 48.7368 sec
Elapsed time for training 4213.0735 sec
