ERROR: logger: /software/python-anaconda-2022.05-el8-x86_64/lib/libuuid.so.1: no version information available (required by /lib64/libblkid.so.1)
      while executing
  "exec logger -t modulecmd "[get-env USER]: $command [join $args]""
      (procedure "module" line 2)
      invoked from within
  "module load python/anaconda-2022.05"
      ("eval" body line 1)
      invoked from within
  "eval $execcmdlist"
  Please report this issue at https://github.com/cea-hpc/modules/issues
Iteration 0
Elapsed time for kappa 69.1560 sec
Elapsed time for experts 20.3704 sec
Elapsed time for households 15.4368 sec
Iteration 1
Elapsed time for kappa 34.1190 sec
Elapsed time for experts 11.9775 sec
Elapsed time for households 14.1686 sec
Iteration 2
Elapsed time for kappa 34.1838 sec
Elapsed time for experts 17.4819 sec
Elapsed time for households 13.2978 sec
Iteration 3
Elapsed time for kappa 33.9064 sec
Elapsed time for experts 14.7720 sec
Elapsed time for households 11.2802 sec
Iteration 4
Elapsed time for kappa 34.1556 sec
Elapsed time for experts 12.3510 sec
Elapsed time for households 12.4798 sec
Iteration 5
Elapsed time for kappa 32.1794 sec
Elapsed time for experts 12.6923 sec
Elapsed time for households 11.8195 sec
Iteration 6
Elapsed time for kappa 33.4109 sec
Elapsed time for experts 14.1996 sec
Elapsed time for households 11.2514 sec
Iteration 7
Elapsed time for kappa 33.4508 sec
Elapsed time for experts 12.6232 sec
Elapsed time for households 11.0937 sec
Iteration 8
Elapsed time for kappa 33.7144 sec
Elapsed time for experts 20.7836 sec
Elapsed time for households 11.7259 sec
Iteration 9
Elapsed time for kappa 33.7715 sec
Elapsed time for experts 13.0345 sec
Elapsed time for households 11.2288 sec
Iteration 10
Elapsed time for kappa 31.9275 sec
Elapsed time for experts 11.4925 sec
Elapsed time for households 11.0108 sec
Iteration 11
Elapsed time for kappa 33.9309 sec
Elapsed time for experts 12.7395 sec
Elapsed time for households 11.1974 sec
Iteration 12
Elapsed time for kappa 33.8937 sec
Elapsed time for experts 13.0120 sec
Elapsed time for households 10.9793 sec
Iteration 13
Elapsed time for kappa 34.6650 sec
Elapsed time for experts 12.6382 sec
Elapsed time for households 11.0750 sec
Iteration 14
Elapsed time for kappa 33.6290 sec
Elapsed time for experts 19.9089 sec
Elapsed time for households 11.5551 sec
Iteration 15
Elapsed time for kappa 34.3798 sec
Elapsed time for experts 12.4104 sec
Elapsed time for households 10.9790 sec
Iteration 16
Elapsed time for kappa 33.3419 sec
Elapsed time for experts 13.1536 sec
Elapsed time for households 11.0200 sec
Iteration 17
Elapsed time for kappa 35.4142 sec
Elapsed time for experts 13.4474 sec
Elapsed time for households 11.7932 sec
Iteration 18
Elapsed time for kappa 33.7811 sec
Elapsed time for experts 13.5724 sec
Elapsed time for households 11.2184 sec
Iteration 19
Elapsed time for kappa 32.7695 sec
Elapsed time for experts 13.0095 sec
Elapsed time for households 12.6109 sec
Iteration 20
Elapsed time for kappa 40.2081 sec
Elapsed time for experts 13.5005 sec
Elapsed time for households 11.2444 sec
Iteration 21
Elapsed time for kappa 33.7297 sec
Elapsed time for experts 13.2531 sec
Elapsed time for households 11.6609 sec
Iteration 22
Elapsed time for kappa 32.5194 sec
Elapsed time for experts 11.9777 sec
Elapsed time for households 11.2272 sec
Iteration 23
Elapsed time for kappa 33.8783 sec
Elapsed time for experts 12.8388 sec
Elapsed time for households 11.1747 sec
Iteration 24
Elapsed time for kappa 33.7802 sec
Elapsed time for experts 12.3296 sec
Elapsed time for households 10.9977 sec
Iteration 25
Elapsed time for kappa 33.3812 sec
Elapsed time for experts 12.2107 sec
Elapsed time for households 11.0197 sec
Iteration 26
Elapsed time for kappa 42.1483 sec
Elapsed time for experts 13.4636 sec
Elapsed time for households 12.0645 sec
Iteration 27
Elapsed time for kappa 33.2015 sec
Elapsed time for experts 11.7733 sec
Elapsed time for households 11.2992 sec
Iteration 28
Elapsed time for kappa 34.1952 sec
Elapsed time for experts 12.6304 sec
Elapsed time for households 12.0355 sec
Iteration 29
Elapsed time for kappa 32.7410 sec
Elapsed time for experts 12.3441 sec
Elapsed time for households 10.8181 sec
Iteration 30
Elapsed time for kappa 33.3885 sec
Elapsed time for experts 12.4095 sec
Elapsed time for households 11.3690 sec
Iteration 31
Elapsed time for kappa 33.5984 sec
Elapsed time for experts 12.3350 sec
Elapsed time for households 10.4641 sec
Iteration 32
Elapsed time for kappa 41.5105 sec
Elapsed time for experts 13.6437 sec
Elapsed time for households 11.5516 sec
Iteration 33
Elapsed time for kappa 33.6897 sec
Elapsed time for experts 13.4741 sec
Elapsed time for households 11.5200 sec
Iteration 34
Elapsed time for kappa 33.8957 sec
Elapsed time for experts 12.7983 sec
Elapsed time for households 11.6582 sec
Iteration 35
Elapsed time for kappa 32.1336 sec
Elapsed time for experts 12.3391 sec
Elapsed time for households 11.2204 sec
Iteration 36
Elapsed time for kappa 33.5335 sec
Elapsed time for experts 12.5268 sec
Elapsed time for households 11.3435 sec
Iteration 37
Elapsed time for kappa 32.8912 sec
Elapsed time for experts 12.3448 sec
Elapsed time for households 11.1190 sec
Iteration 38
Elapsed time for kappa 42.4364 sec
Elapsed time for experts 13.4545 sec
Elapsed time for households 11.2811 sec
Iteration 39
Elapsed time for kappa 34.4760 sec
Elapsed time for experts 13.1951 sec
Elapsed time for households 12.1521 sec
Iteration 40
Elapsed time for kappa 33.3922 sec
Elapsed time for experts 12.6260 sec
Elapsed time for households 11.2213 sec
Iteration 41
Elapsed time for kappa 32.1924 sec
Elapsed time for experts 12.1393 sec
Elapsed time for households 10.5158 sec
Iteration 42
Elapsed time for kappa 32.0854 sec
Elapsed time for experts 12.3898 sec
Elapsed time for households 10.9123 sec
Iteration 43
Elapsed time for kappa 33.3547 sec
Elapsed time for experts 12.5827 sec
Elapsed time for households 11.2567 sec
Iteration 44
Elapsed time for kappa 42.9109 sec
Elapsed time for experts 13.9596 sec
Elapsed time for households 11.9715 sec
Iteration 45
Elapsed time for kappa 35.1264 sec
Elapsed time for experts 13.5612 sec
Elapsed time for households 11.3539 sec
Iteration 46
Elapsed time for kappa 33.3719 sec
Elapsed time for experts 11.8895 sec
Elapsed time for households 10.7321 sec
Iteration 47
Elapsed time for kappa 31.8195 sec
Elapsed time for experts 12.8745 sec
Elapsed time for households 11.4926 sec
Iteration 48
Elapsed time for kappa 33.0470 sec
Elapsed time for experts 12.3901 sec
Elapsed time for households 11.5307 sec
Iteration 49
Elapsed time for kappa 34.0584 sec
Elapsed time for experts 12.2507 sec
Elapsed time for households 18.9330 sec
Iteration 50
Elapsed time for kappa 34.3858 sec
Elapsed time for experts 13.2718 sec
Elapsed time for households 11.7944 sec
Iteration 51
Elapsed time for kappa 34.5256 sec
Elapsed time for experts 13.1178 sec
Elapsed time for households 11.6180 sec
Iteration 52
Elapsed time for kappa 34.2560 sec
Elapsed time for experts 13.3130 sec
Elapsed time for households 10.6254 sec
Iteration 53
Elapsed time for kappa 34.0253 sec
Elapsed time for experts 12.4406 sec
Elapsed time for households 11.3608 sec
Iteration 54
Elapsed time for kappa 34.2697 sec
Elapsed time for experts 12.5695 sec
Elapsed time for households 11.1015 sec
Iteration 55
Elapsed time for kappa 33.5490 sec
Elapsed time for experts 12.6657 sec
Elapsed time for households 10.6937 sec
Iteration 56
Elapsed time for kappa 43.2162 sec
Elapsed time for experts 13.3409 sec
Elapsed time for households 11.5719 sec
Iteration 57
Elapsed time for kappa 35.7295 sec
Elapsed time for experts 13.3519 sec
Elapsed time for households 11.8062 sec
Iteration 58
Elapsed time for kappa 34.8013 sec
Elapsed time for experts 13.0198 sec
Elapsed time for households 11.4721 sec
Iteration 59
Elapsed time for kappa 34.4759 sec
Elapsed time for experts 12.4396 sec
Elapsed time for households 11.1158 sec
Iteration 60
Elapsed time for kappa 32.6167 sec
Elapsed time for experts 11.9036 sec
Elapsed time for households 10.9604 sec
Iteration 61
Elapsed time for kappa 33.1783 sec
Elapsed time for experts 19.8578 sec
Elapsed time for households 12.6843 sec
Iteration 62
Elapsed time for kappa 35.3337 sec
Elapsed time for experts 13.5255 sec
Elapsed time for households 11.9472 sec
Iteration 63
Elapsed time for kappa 34.8880 sec
Elapsed time for experts 12.8032 sec
Elapsed time for households 10.9960 sec
Iteration 64
Elapsed time for kappa 32.3957 sec
Elapsed time for experts 11.8894 sec
Elapsed time for households 11.3951 sec
Iteration 65
Elapsed time for kappa 33.8658 sec
Elapsed time for experts 12.2574 sec
Elapsed time for households 10.7040 sec
Iteration 66
Elapsed time for kappa 31.4815 sec
Elapsed time for experts 11.4434 sec
Elapsed time for households 10.4046 sec
Iteration 67
Elapsed time for kappa 33.1636 sec
Elapsed time for experts 21.5051 sec
Elapsed time for households 12.4851 sec
Iteration 68
Elapsed time for kappa 34.1900 sec
Elapsed time for experts 13.1950 sec
Elapsed time for households 10.9522 sec
Iteration 69
Elapsed time for kappa 32.8107 sec
Elapsed time for experts 12.0863 sec
Elapsed time for households 10.5587 sec
Iteration 70
Elapsed time for kappa 33.3204 sec
Elapsed time for experts 13.1863 sec
Elapsed time for households 11.3324 sec
Iteration 71
Elapsed time for kappa 33.8938 sec
Elapsed time for experts 13.2442 sec
Elapsed time for households 10.7443 sec
Iteration 72
Elapsed time for kappa 32.0436 sec
Elapsed time for experts 12.2704 sec
Elapsed time for households 11.3828 sec
Iteration 73
Elapsed time for kappa 33.0835 sec
Elapsed time for experts 20.8799 sec
Elapsed time for households 12.4893 sec
Iteration 74
Elapsed time for kappa 35.0500 sec
Elapsed time for experts 13.5124 sec
Elapsed time for households 12.0192 sec
Iteration 75
Elapsed time for kappa 34.5180 sec
Elapsed time for experts 12.8404 sec
Elapsed time for households 10.6221 sec
Iteration 76
Elapsed time for kappa 32.0817 sec
Elapsed time for experts 12.3313 sec
Elapsed time for households 10.7723 sec
Iteration 77
Elapsed time for kappa 31.8156 sec
Elapsed time for experts 11.7011 sec
Elapsed time for households 10.4211 sec
Iteration 78
Elapsed time for kappa 32.4883 sec
Elapsed time for experts 12.4734 sec
Elapsed time for households 11.1854 sec
Iteration 79
Elapsed time for kappa 33.1470 sec
Elapsed time for experts 21.8260 sec
Elapsed time for households 12.3402 sec
Iteration 80
Elapsed time for kappa 35.2142 sec
Elapsed time for experts 12.6830 sec
Elapsed time for households 11.9304 sec
Iteration 81
Elapsed time for kappa 34.0609 sec
Elapsed time for experts 13.2484 sec
Elapsed time for households 11.4932 sec
Iteration 82
Elapsed time for kappa 34.4257 sec
Elapsed time for experts 13.1553 sec
Elapsed time for households 11.6793 sec
Iteration 83
Elapsed time for kappa 33.8969 sec
Elapsed time for experts 13.3044 sec
Elapsed time for households 11.5106 sec
Iteration 84
Elapsed time for kappa 33.8286 sec
Elapsed time for experts 13.2630 sec
Elapsed time for households 11.3906 sec
Iteration 85
Elapsed time for kappa 44.9906 sec
Elapsed time for experts 14.5276 sec
Elapsed time for households 12.5093 sec
Iteration 86
Elapsed time for kappa 35.3768 sec
Elapsed time for experts 13.2587 sec
Elapsed time for households 11.8062 sec
Iteration 87
Elapsed time for kappa 34.5352 sec
Elapsed time for experts 13.3397 sec
Elapsed time for households 11.0590 sec
Iteration 88
Elapsed time for kappa 32.0569 sec
Elapsed time for experts 13.4480 sec
Elapsed time for households 11.6586 sec
Iteration 89
Elapsed time for kappa 32.2501 sec
Elapsed time for experts 11.6683 sec
Elapsed time for households 11.1589 sec
Iteration 90
Elapsed time for kappa 33.1046 sec
Elapsed time for experts 12.5843 sec
Elapsed time for households 11.2714 sec
Iteration 91
Elapsed time for kappa 43.7012 sec
Elapsed time for experts 13.1931 sec
Elapsed time for households 12.5045 sec
Iteration 92
Elapsed time for kappa 35.4654 sec
Elapsed time for experts 13.5092 sec
Elapsed time for households 11.6944 sec
Iteration 93
Elapsed time for kappa 35.7666 sec
Elapsed time for experts 13.4179 sec
Elapsed time for households 11.7521 sec
Iteration 94
Elapsed time for kappa 35.0449 sec
Elapsed time for experts 12.8412 sec
Elapsed time for households 11.3396 sec
Iteration 95
Elapsed time for kappa 34.6045 sec
Elapsed time for experts 12.5779 sec
Elapsed time for households 11.0907 sec
Iteration 96
Elapsed time for kappa 33.8856 sec
Elapsed time for experts 12.9218 sec
Elapsed time for households 10.8825 sec
Iteration 97
Elapsed time for kappa 44.2275 sec
Elapsed time for experts 14.1742 sec
Elapsed time for households 12.0427 sec
Iteration 98
Elapsed time for kappa 36.3519 sec
Elapsed time for experts 13.8468 sec
Elapsed time for households 12.0107 sec
Iteration 99
Elapsed time for kappa 35.3043 sec
Elapsed time for experts 13.5168 sec
Elapsed time for households 11.4422 sec
Iteration 100
Elapsed time for kappa 34.7329 sec
Elapsed time for experts 12.1643 sec
Elapsed time for households 10.5427 sec
Iteration 101
Elapsed time for kappa 32.7040 sec
Elapsed time for experts 12.1241 sec
Elapsed time for households 10.7584 sec
Iteration 102
Elapsed time for kappa 31.8170 sec
Elapsed time for experts 11.5788 sec
Elapsed time for households 11.0499 sec
Iteration 103
Elapsed time for kappa 44.8080 sec
Elapsed time for experts 13.7582 sec
Elapsed time for households 11.9769 sec
Iteration 104
Elapsed time for kappa 33.7703 sec
Elapsed time for experts 14.0066 sec
Elapsed time for households 12.1466 sec
Iteration 105
Elapsed time for kappa 34.9658 sec
Elapsed time for experts 12.8239 sec
Elapsed time for households 11.8189 sec
Iteration 106
Elapsed time for kappa 34.8655 sec
Elapsed time for experts 12.6212 sec
Elapsed time for households 11.6932 sec
Iteration 107
Elapsed time for kappa 34.2072 sec
Elapsed time for experts 12.4268 sec
Elapsed time for households 11.4248 sec
Iteration 108
Elapsed time for kappa 33.9580 sec
Elapsed time for experts 12.3225 sec
Elapsed time for households 11.3488 sec
Iteration 109
Elapsed time for kappa 44.4864 sec
Elapsed time for experts 13.6184 sec
Elapsed time for households 11.4940 sec
Iteration 110
Elapsed time for kappa 36.0231 sec
Elapsed time for experts 13.1610 sec
Elapsed time for households 11.8249 sec
Iteration 111
Elapsed time for kappa 35.3002 sec
Elapsed time for experts 13.0800 sec
Elapsed time for households 11.3709 sec
Iteration 112
Elapsed time for kappa 34.9852 sec
Elapsed time for experts 12.5517 sec
Elapsed time for households 11.3937 sec
Iteration 113
Elapsed time for kappa 34.7992 sec
Elapsed time for experts 12.6009 sec
Elapsed time for households 11.3266 sec
Iteration 114
Elapsed time for kappa 34.3611 sec
Elapsed time for experts 12.3678 sec
Elapsed time for households 10.3366 sec
Iteration 115
Elapsed time for kappa 42.6682 sec
Elapsed time for experts 13.8440 sec
Elapsed time for households 12.0982 sec
Iteration 116
Elapsed time for kappa 36.0180 sec
Elapsed time for experts 13.8209 sec
Elapsed time for households 12.1792 sec
Iteration 117
Elapsed time for kappa 35.1313 sec
Elapsed time for experts 13.0740 sec
Elapsed time for households 11.4891 sec
Iteration 118
Elapsed time for kappa 34.4481 sec
Elapsed time for experts 12.9009 sec
Elapsed time for households 11.5955 sec
Iteration 119
Elapsed time for kappa 33.3749 sec
Elapsed time for experts 12.2622 sec
Elapsed time for households 11.6179 sec
Iteration 120
Elapsed time for kappa 33.9011 sec
Elapsed time for experts 12.6978 sec
Elapsed time for households 19.5901 sec
Iteration 121
Elapsed time for kappa 35.8738 sec
Elapsed time for experts 13.3326 sec
Elapsed time for households 12.1704 sec
Iteration 122
Elapsed time for kappa 35.3754 sec
Elapsed time for experts 13.4625 sec
Elapsed time for households 12.5239 sec
Iteration 123
Elapsed time for kappa 34.4685 sec
Elapsed time for experts 13.1052 sec
Elapsed time for households 11.9238 sec
Iteration 124
Elapsed time for kappa 34.4188 sec
Elapsed time for experts 12.8559 sec
Elapsed time for households 11.6841 sec
Iteration 125
Elapsed time for kappa 33.7640 sec
Elapsed time for experts 13.1685 sec
Elapsed time for households 11.6071 sec
Iteration 126
Elapsed time for kappa 31.7775 sec
Elapsed time for experts 20.5590 sec
Elapsed time for households 12.5916 sec
Iteration 127
Elapsed time for kappa 36.0253 sec
Elapsed time for experts 14.1244 sec
Elapsed time for households 12.3770 sec
Iteration 128
Elapsed time for kappa 34.9707 sec
Elapsed time for experts 13.4570 sec
Elapsed time for households 12.7049 sec
Iteration 129
Elapsed time for kappa 33.2013 sec
Elapsed time for experts 12.5659 sec
Elapsed time for households 10.7617 sec
Iteration 130
Elapsed time for kappa 32.8790 sec
Elapsed time for experts 12.2241 sec
Elapsed time for households 10.4821 sec
Iteration 131
Elapsed time for kappa 31.9431 sec
Elapsed time for experts 11.8486 sec
Elapsed time for households 11.1371 sec
Iteration 132
Elapsed time for kappa 33.1636 sec
Elapsed time for experts 21.6198 sec
Elapsed time for households 12.9059 sec
Iteration 133
Elapsed time for kappa 36.4541 sec
Elapsed time for experts 13.7052 sec
Elapsed time for households 12.5098 sec
Iteration 134
Elapsed time for kappa 35.6812 sec
Elapsed time for experts 13.9046 sec
Elapsed time for households 11.9978 sec
Iteration 135
Elapsed time for kappa 34.6716 sec
Elapsed time for experts 12.2664 sec
Elapsed time for households 11.1149 sec
Iteration 136
Elapsed time for kappa 34.4880 sec
Elapsed time for experts 13.0931 sec
Elapsed time for households 11.8272 sec
Iteration 137
Elapsed time for kappa 34.1688 sec
Elapsed time for experts 12.9049 sec
Elapsed time for households 11.7764 sec
Iteration 138
Elapsed time for kappa 34.1683 sec
Elapsed time for experts 21.8774 sec
Elapsed time for households 12.8074 sec
Iteration 139
Elapsed time for kappa 36.2997 sec
Elapsed time for experts 13.9377 sec
Elapsed time for households 11.5860 sec
Iteration 140
Elapsed time for kappa 33.6460 sec
Elapsed time for experts 12.4617 sec
Elapsed time for households 10.9812 sec
Iteration 141
Elapsed time for kappa 33.1497 sec
Elapsed time for experts 11.9955 sec
Elapsed time for households 11.3482 sec
Iteration 142
Elapsed time for kappa 34.9166 sec
Elapsed time for experts 12.6397 sec
Elapsed time for households 11.9472 sec
Iteration 143
Elapsed time for kappa 34.4721 sec
Elapsed time for experts 12.9868 sec
Elapsed time for households 11.3487 sec
Iteration 144
Elapsed time for kappa 32.6920 sec
Elapsed time for experts 20.8965 sec
Elapsed time for households 11.6701 sec
Iteration 145
Elapsed time for kappa 34.5833 sec
Elapsed time for experts 12.7427 sec
Elapsed time for households 11.7503 sec
Iteration 146
Elapsed time for kappa 34.2605 sec
Elapsed time for experts 12.8016 sec
Elapsed time for households 11.5329 sec
Iteration 147
Elapsed time for kappa 34.9496 sec
Elapsed time for experts 13.1665 sec
Elapsed time for households 12.4380 sec
Iteration 148
Elapsed time for kappa 34.7860 sec
Elapsed time for experts 12.9294 sec
Elapsed time for households 11.7907 sec
Iteration 149
Elapsed time for kappa 33.8546 sec
Elapsed time for experts 12.6643 sec
Elapsed time for households 10.8509 sec
Iteration 150
Elapsed time for kappa 42.7020 sec
Elapsed time for experts 13.2005 sec
Elapsed time for households 11.8724 sec
Iteration 151
Elapsed time for kappa 36.1465 sec
Elapsed time for experts 13.3646 sec
Elapsed time for households 12.3618 sec
Iteration 152
Elapsed time for kappa 36.0112 sec
Elapsed time for experts 13.5021 sec
Elapsed time for households 11.4479 sec
Iteration 153
Elapsed time for kappa 34.4539 sec
Elapsed time for experts 12.6857 sec
Elapsed time for households 11.6241 sec
Iteration 154
Elapsed time for kappa 33.5695 sec
Elapsed time for experts 11.6723 sec
Elapsed time for households 10.7395 sec
Iteration 155
Elapsed time for kappa 32.0188 sec
Elapsed time for experts 11.9997 sec
Elapsed time for households 11.1156 sec
Iteration 156
Elapsed time for kappa 45.7216 sec
Elapsed time for experts 13.3522 sec
Elapsed time for households 12.3424 sec
Iteration 157
Elapsed time for kappa 36.5339 sec
Elapsed time for experts 13.8003 sec
Elapsed time for households 12.3697 sec
Iteration 158
Elapsed time for kappa 35.4139 sec
Elapsed time for experts 13.8173 sec
Elapsed time for households 12.0056 sec
Iteration 159
Elapsed time for kappa 33.9203 sec
Elapsed time for experts 12.4449 sec
Elapsed time for households 11.7623 sec
Iteration 160
Elapsed time for kappa 32.0698 sec
Elapsed time for experts 12.3824 sec
Elapsed time for households 11.6008 sec
Iteration 161
Elapsed time for kappa 33.9710 sec
Elapsed time for experts 12.6662 sec
Elapsed time for households 11.2746 sec
Iteration 162
Elapsed time for kappa 44.6303 sec
Elapsed time for experts 13.0154 sec
Elapsed time for households 11.7644 sec
Iteration 163
Elapsed time for kappa 35.4981 sec
Elapsed time for experts 13.1354 sec
Elapsed time for households 12.0129 sec
Iteration 164
Elapsed time for kappa 35.7663 sec
Elapsed time for experts 13.0398 sec
Elapsed time for households 11.7559 sec
Iteration 165
Elapsed time for kappa 35.2440 sec
Elapsed time for experts 13.2269 sec
Elapsed time for households 11.5238 sec
Iteration 166
Elapsed time for kappa 33.9925 sec
Elapsed time for experts 13.1338 sec
Elapsed time for households 11.4404 sec
Iteration 167
Elapsed time for kappa 34.4688 sec
Elapsed time for experts 13.0809 sec
Elapsed time for households 11.0429 sec
Iteration 168
Elapsed time for kappa 44.1507 sec
Elapsed time for experts 13.8948 sec
Elapsed time for households 11.6572 sec
Iteration 169
Elapsed time for kappa 34.0180 sec
Elapsed time for experts 12.7420 sec
Elapsed time for households 12.2174 sec
Iteration 170
Elapsed time for kappa 34.1592 sec
Elapsed time for experts 13.4906 sec
Elapsed time for households 12.0381 sec
Iteration 171
Elapsed time for kappa 34.6179 sec
Elapsed time for experts 15.0740 sec
Elapsed time for households 12.0758 sec
Iteration 172
Elapsed time for kappa 34.3749 sec
Elapsed time for experts 13.3664 sec
Elapsed time for households 11.7312 sec
Iteration 173
Elapsed time for kappa 32.4863 sec
Elapsed time for experts 11.8959 sec
Elapsed time for households 10.7497 sec
Iteration 174
Elapsed time for kappa 44.2049 sec
Elapsed time for experts 14.6435 sec
Elapsed time for households 12.6247 sec
Iteration 175
Elapsed time for kappa 36.4805 sec
Elapsed time for experts 13.9963 sec
Elapsed time for households 11.5288 sec
Iteration 176
Elapsed time for kappa 34.9653 sec
Elapsed time for experts 13.3092 sec
Elapsed time for households 12.4039 sec
Iteration 177
Elapsed time for kappa 34.6122 sec
Elapsed time for experts 13.2766 sec
Elapsed time for households 11.9167 sec
Iteration 178
Elapsed time for kappa 33.8684 sec
Elapsed time for experts 11.8331 sec
Elapsed time for households 10.7376 sec
Iteration 179
Elapsed time for kappa 32.7936 sec
Elapsed time for experts 13.0095 sec
Elapsed time for households 11.1526 sec
Iteration 180
Elapsed time for kappa 44.5026 sec
Elapsed time for experts 16.2221 sec
Elapsed time for households 12.3231 sec
Iteration 181
Elapsed time for kappa 36.5531 sec
Elapsed time for experts 15.1024 sec
Elapsed time for households 11.8304 sec
Iteration 182
Elapsed time for kappa 36.0471 sec
Elapsed time for experts 13.7750 sec
Elapsed time for households 11.8791 sec
Iteration 183
Elapsed time for kappa 35.1161 sec
Elapsed time for experts 12.9295 sec
Elapsed time for households 11.4855 sec
Iteration 184
Elapsed time for kappa 33.2856 sec
Elapsed time for experts 12.4628 sec
Elapsed time for households 10.5920 sec
Iteration 185
Elapsed time for kappa 32.4658 sec
Elapsed time for experts 13.2602 sec
Elapsed time for households 11.5310 sec
Iteration 186
Elapsed time for kappa 44.6855 sec
Elapsed time for experts 14.0037 sec
Elapsed time for households 12.6000 sec
Iteration 187
Elapsed time for kappa 36.2989 sec
Elapsed time for experts 14.0170 sec
Elapsed time for households 12.2130 sec
Iteration 188
Elapsed time for kappa 35.7957 sec
Elapsed time for experts 13.8272 sec
Elapsed time for households 12.2832 sec
Iteration 189
Elapsed time for kappa 35.1265 sec
Elapsed time for experts 12.9238 sec
Elapsed time for households 11.7553 sec
Iteration 190
Elapsed time for kappa 33.7212 sec
Elapsed time for experts 12.1415 sec
Elapsed time for households 11.5199 sec
Iteration 191
Elapsed time for kappa 33.7045 sec
Elapsed time for experts 20.6480 sec
Elapsed time for households 13.2150 sec
Iteration 192
Elapsed time for kappa 35.4633 sec
Elapsed time for experts 13.4231 sec
Elapsed time for households 12.6636 sec
Iteration 193
Elapsed time for kappa 35.7215 sec
Elapsed time for experts 15.1853 sec
Elapsed time for households 12.4301 sec
Iteration 194
Elapsed time for kappa 35.0812 sec
Elapsed time for experts 13.9273 sec
Elapsed time for households 12.1338 sec
Iteration 195
Elapsed time for kappa 34.7887 sec
Elapsed time for experts 13.6595 sec
Elapsed time for households 12.1416 sec
Iteration 196
Elapsed time for kappa 33.9059 sec
Elapsed time for experts 13.1928 sec
Elapsed time for households 12.3058 sec
Iteration 197
Elapsed time for kappa 33.7145 sec
Elapsed time for experts 13.0368 sec
Elapsed time for households 19.9308 sec
Iteration 198
Elapsed time for kappa 34.6455 sec
Elapsed time for experts 13.9139 sec
Elapsed time for households 12.8420 sec
Iteration 199
Elapsed time for kappa 36.1813 sec
Elapsed time for experts 14.5123 sec
Elapsed time for households 12.3802 sec
Iteration 200
Elapsed time for kappa 35.8613 sec
Elapsed time for experts 13.0464 sec
Elapsed time for households 11.8785 sec
Iteration 201
Elapsed time for kappa 34.8996 sec
Elapsed time for experts 13.4694 sec
Elapsed time for households 11.9568 sec
Iteration 202
Elapsed time for kappa 34.2334 sec
Elapsed time for experts 12.8587 sec
Elapsed time for households 10.8142 sec
Iteration 203
Elapsed time for kappa 31.9365 sec
Elapsed time for experts 12.2589 sec
Elapsed time for households 20.3042 sec
Iteration 204
Elapsed time for kappa 35.5840 sec
Elapsed time for experts 14.2995 sec
Elapsed time for households 12.7062 sec
Iteration 205
Elapsed time for kappa 36.4243 sec
Elapsed time for experts 14.0700 sec
Elapsed time for households 11.7830 sec
Iteration 206
Elapsed time for kappa 33.3693 sec
Elapsed time for experts 13.0586 sec
Elapsed time for households 12.4161 sec
Iteration 207
Elapsed time for kappa 34.7793 sec
Elapsed time for experts 13.4804 sec
Elapsed time for households 11.7549 sec
Iteration 208
Elapsed time for kappa 33.8681 sec
Elapsed time for experts 12.8878 sec
Elapsed time for households 11.5116 sec
Iteration 209
Elapsed time for kappa 33.2326 sec
Elapsed time for experts 13.5274 sec
Elapsed time for households 11.4616 sec
Iteration 210
Elapsed time for kappa 46.8329 sec
Elapsed time for experts 14.1357 sec
Elapsed time for households 12.4344 sec
Iteration 211
Elapsed time for kappa 36.5590 sec
Elapsed time for experts 13.4007 sec
Elapsed time for households 11.9198 sec
Iteration 212
Elapsed time for kappa 35.8123 sec
Elapsed time for experts 14.2167 sec
Elapsed time for households 11.9832 sec
Iteration 213
Elapsed time for kappa 35.5681 sec
Elapsed time for experts 13.7788 sec
Elapsed time for households 11.8220 sec
Iteration 214
Elapsed time for kappa 34.7513 sec
Elapsed time for experts 13.0104 sec
Elapsed time for households 11.8083 sec
Iteration 215
Elapsed time for kappa 34.4989 sec
Elapsed time for experts 13.0739 sec
Elapsed time for households 11.4601 sec
Iteration 216
Elapsed time for kappa 45.5415 sec
Elapsed time for experts 14.6684 sec
Elapsed time for households 12.2624 sec
Iteration 217
Elapsed time for kappa 35.9467 sec
Elapsed time for experts 12.2473 sec
Elapsed time for households 11.3674 sec
Iteration 218
Elapsed time for kappa 34.3052 sec
Elapsed time for experts 13.7005 sec
Elapsed time for households 11.9767 sec
Iteration 219
Elapsed time for kappa 35.2821 sec
Elapsed time for experts 12.5223 sec
Elapsed time for households 11.0099 sec
Iteration 220
Elapsed time for kappa 35.0595 sec
Elapsed time for experts 11.9506 sec
Elapsed time for households 10.7509 sec
Iteration 221
Elapsed time for kappa 33.1781 sec
Elapsed time for experts 20.1008 sec
Elapsed time for households 11.8462 sec
Iteration 222
Elapsed time for kappa 36.5126 sec
Elapsed time for experts 13.5801 sec
Elapsed time for households 12.1939 sec
Iteration 223
Elapsed time for kappa 36.5514 sec
Elapsed time for experts 13.6465 sec
Elapsed time for households 12.5155 sec
Iteration 224
Elapsed time for kappa 35.8928 sec
Elapsed time for experts 12.5063 sec
Elapsed time for households 11.3324 sec
Iteration 225
Elapsed time for kappa 33.8136 sec
Elapsed time for experts 13.0361 sec
Elapsed time for households 11.6393 sec
Iteration 226
Elapsed time for kappa 34.3944 sec
Elapsed time for experts 12.9325 sec
Elapsed time for households 11.0946 sec
Iteration 227
Elapsed time for kappa 33.7532 sec
Elapsed time for experts 12.4767 sec
Elapsed time for households 20.7712 sec
Iteration 228
Elapsed time for kappa 37.5443 sec
Elapsed time for experts 14.2800 sec
Elapsed time for households 12.0992 sec
Iteration 229
Elapsed time for kappa 36.5179 sec
Elapsed time for experts 13.6342 sec
Elapsed time for households 12.3184 sec
Iteration 230
Elapsed time for kappa 35.1834 sec
Elapsed time for experts 13.1733 sec
Elapsed time for households 11.8938 sec
Iteration 231
Elapsed time for kappa 35.3081 sec
Elapsed time for experts 13.7244 sec
Elapsed time for households 11.9269 sec
Iteration 232
Elapsed time for kappa 34.4923 sec
Elapsed time for experts 13.0394 sec
Elapsed time for households 11.8644 sec
Iteration 233
Elapsed time for kappa 33.6545 sec
Elapsed time for experts 12.8267 sec
Elapsed time for households 21.3619 sec
Iteration 234
Elapsed time for kappa 36.8122 sec
Elapsed time for experts 14.4697 sec
Elapsed time for households 12.4778 sec
Iteration 235
Elapsed time for kappa 36.6679 sec
Elapsed time for experts 13.6730 sec
Elapsed time for households 12.4588 sec
Iteration 236
Elapsed time for kappa 35.9773 sec
Elapsed time for experts 12.6786 sec
Elapsed time for households 11.4943 sec
Iteration 237
Elapsed time for kappa 33.8718 sec
Elapsed time for experts 13.5708 sec
Elapsed time for households 11.9620 sec
Iteration 238
Elapsed time for kappa 34.7025 sec
Elapsed time for experts 12.7627 sec
Elapsed time for households 11.2401 sec
Iteration 239
Elapsed time for kappa 32.2942 sec
Elapsed time for experts 11.6413 sec
Elapsed time for households 10.2215 sec
Iteration 240
Elapsed time for kappa 44.9898 sec
Elapsed time for experts 14.3594 sec
Elapsed time for households 12.4869 sec
Iteration 241
Elapsed time for kappa 35.8714 sec
Elapsed time for experts 12.7694 sec
Elapsed time for households 11.2008 sec
Iteration 242
Elapsed time for kappa 34.8609 sec
Elapsed time for experts 13.3872 sec
Elapsed time for households 11.4642 sec
Iteration 243
Elapsed time for kappa 34.7792 sec
Elapsed time for experts 13.2103 sec
Elapsed time for households 11.7336 sec
Iteration 244
Elapsed time for kappa 34.7610 sec
Elapsed time for experts 12.2055 sec
Elapsed time for households 11.8391 sec
Iteration 245
Elapsed time for kappa 33.7280 sec
Elapsed time for experts 13.1168 sec
Elapsed time for households 21.0044 sec
Iteration 246
Elapsed time for kappa 38.4177 sec
Elapsed time for experts 13.3908 sec
Elapsed time for households 11.4028 sec
Iteration 247
Elapsed time for kappa 34.8687 sec
Elapsed time for experts 13.9008 sec
Elapsed time for households 12.4594 sec
Iteration 248
Elapsed time for kappa 34.7063 sec
Elapsed time for experts 12.8896 sec
Elapsed time for households 12.1970 sec
Iteration 249
Elapsed time for kappa 34.0626 sec
Elapsed time for experts 13.6208 sec
Elapsed time for households 11.5771 sec
Iteration 250
Elapsed time for kappa 34.6616 sec
Elapsed time for experts 11.9657 sec
Elapsed time for households 11.2460 sec
Iteration 251
Elapsed time for kappa 33.5461 sec
Elapsed time for experts 12.5350 sec
Elapsed time for households 11.2377 sec
Iteration 252
Elapsed time for kappa 47.2453 sec
Elapsed time for experts 14.8080 sec
Elapsed time for households 12.4680 sec
Iteration 253
Elapsed time for kappa 36.7038 sec
Elapsed time for experts 13.7320 sec
Elapsed time for households 12.2439 sec
Iteration 254
Elapsed time for kappa 35.9780 sec
Elapsed time for experts 13.5946 sec
Elapsed time for households 12.3620 sec
Iteration 255
Elapsed time for kappa 36.0439 sec
Elapsed time for experts 13.6231 sec
Elapsed time for households 11.8846 sec
Iteration 256
Elapsed time for kappa 34.2476 sec
Elapsed time for experts 12.6110 sec
Elapsed time for households 10.8421 sec
Iteration 257
Elapsed time for kappa 33.0208 sec
Elapsed time for experts 12.8982 sec
Elapsed time for households 11.1601 sec
Iteration 258
Elapsed time for kappa 44.8742 sec
Elapsed time for experts 14.1961 sec
Elapsed time for households 12.5180 sec
Iteration 259
Elapsed time for kappa 36.4490 sec
Elapsed time for experts 14.0528 sec
Elapsed time for households 11.6829 sec
Iteration 260
Elapsed time for kappa 35.5947 sec
Elapsed time for experts 13.7758 sec
Elapsed time for households 12.4211 sec
Iteration 261
Elapsed time for kappa 35.5984 sec
Elapsed time for experts 13.7603 sec
Elapsed time for households 11.9607 sec
Iteration 262
Elapsed time for kappa 34.8528 sec
Elapsed time for experts 12.9551 sec
Elapsed time for households 11.6023 sec
Iteration 263
Elapsed time for kappa 34.4251 sec
Elapsed time for experts 22.3637 sec
Elapsed time for households 13.4772 sec
Iteration 264
Elapsed time for kappa 37.9597 sec
Elapsed time for experts 13.7256 sec
Elapsed time for households 12.0877 sec
Iteration 265
Elapsed time for kappa 36.0028 sec
Elapsed time for experts 12.6618 sec
Elapsed time for households 11.1487 sec
Iteration 266
Elapsed time for kappa 36.1489 sec
Elapsed time for experts 13.2430 sec
Elapsed time for households 11.9387 sec
Iteration 267
Elapsed time for kappa 34.8377 sec
Elapsed time for experts 13.4521 sec
Elapsed time for households 11.9900 sec
Iteration 268
Elapsed time for kappa 34.1705 sec
Elapsed time for experts 13.0151 sec
Elapsed time for households 11.5141 sec
Iteration 269
Elapsed time for kappa 33.7956 sec
Elapsed time for experts 12.5384 sec
Elapsed time for households 21.7883 sec
Iteration 270
Elapsed time for kappa 37.5982 sec
Elapsed time for experts 14.2027 sec
Elapsed time for households 12.8172 sec
Iteration 271
Elapsed time for kappa 36.5106 sec
Elapsed time for experts 13.8532 sec
Elapsed time for households 12.0093 sec
Iteration 272
Elapsed time for kappa 33.6282 sec
Elapsed time for experts 12.6731 sec
Elapsed time for households 11.1887 sec
Iteration 273
Elapsed time for kappa 33.2186 sec
Elapsed time for experts 12.2103 sec
Elapsed time for households 10.7572 sec
Iteration 274
Elapsed time for kappa 32.3491 sec
Elapsed time for experts 11.9116 sec
Elapsed time for households 10.4934 sec
Iteration 275
Elapsed time for kappa 31.7008 sec
Elapsed time for experts 11.6850 sec
Elapsed time for households 19.5952 sec
Iteration 276
Elapsed time for kappa 35.1656 sec
Elapsed time for experts 12.5865 sec
Elapsed time for households 11.3000 sec
Iteration 277
Elapsed time for kappa 33.6882 sec
Elapsed time for experts 12.4804 sec
Elapsed time for households 11.2795 sec
Iteration 278
Elapsed time for kappa 33.1805 sec
Elapsed time for experts 12.4954 sec
Elapsed time for households 11.2715 sec
Iteration 279
Elapsed time for kappa 32.6796 sec
Elapsed time for experts 12.0886 sec
Elapsed time for households 10.8902 sec
Iteration 280
Elapsed time for kappa 32.2469 sec
Elapsed time for experts 11.8859 sec
Elapsed time for households 10.7956 sec
Iteration 281
Elapsed time for kappa 31.4324 sec
Elapsed time for experts 11.4977 sec
Elapsed time for households 10.5221 sec
Iteration 282
Elapsed time for kappa 43.4515 sec
Elapsed time for experts 12.8332 sec
Elapsed time for households 11.4453 sec
Iteration 283
Elapsed time for kappa 33.4632 sec
Elapsed time for experts 12.0986 sec
Elapsed time for households 10.9225 sec
Iteration 284
Elapsed time for kappa 33.7542 sec
Elapsed time for experts 12.0878 sec
Elapsed time for households 11.1242 sec
Iteration 285
Elapsed time for kappa 33.1831 sec
Elapsed time for experts 12.0455 sec
Elapsed time for households 10.7930 sec
Iteration 286
Elapsed time for kappa 32.7074 sec
Elapsed time for experts 11.8712 sec
Elapsed time for households 10.6612 sec
Iteration 287
Elapsed time for kappa 31.9387 sec
Elapsed time for experts 11.7749 sec
Elapsed time for households 10.5805 sec
Iteration 288
Elapsed time for kappa 40.6804 sec
Elapsed time for experts 13.0060 sec
Elapsed time for households 11.5584 sec
Iteration 289
Elapsed time for kappa 33.1962 sec
Elapsed time for experts 12.5795 sec
Elapsed time for households 11.0949 sec
Iteration 290
Elapsed time for kappa 33.3220 sec
Elapsed time for experts 12.3532 sec
Elapsed time for households 11.0612 sec
Iteration 291
Elapsed time for kappa 32.4702 sec
Elapsed time for experts 12.2252 sec
Elapsed time for households 11.0082 sec
Iteration 292
Elapsed time for kappa 31.4940 sec
Elapsed time for experts 11.7547 sec
Elapsed time for households 10.8138 sec
Iteration 293
Elapsed time for kappa 31.4269 sec
Elapsed time for experts 11.7885 sec
Elapsed time for households 17.6795 sec
Iteration 294
Elapsed time for kappa 33.8838 sec
Elapsed time for experts 12.2315 sec
Elapsed time for households 11.3162 sec
Iteration 295
Elapsed time for kappa 33.0115 sec
Elapsed time for experts 12.0091 sec
Elapsed time for households 10.7047 sec
Iteration 296
Elapsed time for kappa 32.8040 sec
Elapsed time for experts 12.4855 sec
Elapsed time for households 10.8076 sec
Iteration 297
Elapsed time for kappa 31.9623 sec
Elapsed time for experts 12.0426 sec
Elapsed time for households 10.8261 sec
Iteration 298
Elapsed time for kappa 31.3291 sec
Elapsed time for experts 11.4161 sec
Elapsed time for households 10.4783 sec
Iteration 299
Elapsed time for kappa 30.8747 sec
Elapsed time for experts 11.7530 sec
Elapsed time for households 10.3691 sec
Elapsed time for training 18154.0917 sec
