Iteration 0
Elapsed time for kappa 314.1267 sec
Elapsed time for experts 155.2936 sec
Elapsed time for households 128.6969 sec
Iteration 1
Elapsed time for kappa 283.8073 sec
Elapsed time for experts 142.6059 sec
Elapsed time for households 137.5745 sec
Iteration 2
Elapsed time for kappa 266.5827 sec
Elapsed time for experts 154.9852 sec
Elapsed time for households 125.7818 sec
Iteration 3
Elapsed time for kappa 273.8770 sec
Elapsed time for experts 143.9869 sec
Elapsed time for households 126.5257 sec
Iteration 4
Elapsed time for kappa 268.4668 sec
Elapsed time for experts 138.0560 sec
Elapsed time for households 137.7643 sec
Iteration 5
Elapsed time for kappa 270.3755 sec
Elapsed time for experts 141.3039 sec
Elapsed time for households 130.2233 sec
Iteration 6
Elapsed time for kappa 256.3869 sec
Elapsed time for experts 150.2137 sec
Elapsed time for households 113.2930 sec
Iteration 7
Elapsed time for kappa 297.1991 sec
Elapsed time for experts 143.8567 sec
Elapsed time for households 58.5174 sec
Iteration 8
Elapsed time for kappa 281.9836 sec
Elapsed time for experts 149.5870 sec
Elapsed time for households 18.1782 sec
Iteration 9
Elapsed time for kappa 276.1337 sec
Elapsed time for experts 131.6990 sec
Elapsed time for households 128.8515 sec
Iteration 10
Elapsed time for kappa 242.8579 sec
Elapsed time for experts 136.5237 sec
Elapsed time for households 51.0778 sec
Iteration 11
Elapsed time for kappa 251.5276 sec
Elapsed time for experts 133.5736 sec
Elapsed time for households 10.4232 sec
Iteration 12
Elapsed time for kappa 252.3533 sec
Elapsed time for experts 119.9757 sec
Elapsed time for households 62.2768 sec
Iteration 13
Elapsed time for kappa 208.8575 sec
Elapsed time for experts 111.6134 sec
Elapsed time for households 97.5158 sec
Iteration 14
Elapsed time for kappa 202.9142 sec
Elapsed time for experts 112.1586 sec
Elapsed time for households 69.4469 sec
Elapsed time for training 7410.2364 sec
