Iteration 0
Elapsed time for kappa 120.2425 sec
Elapsed time for experts 47.5901 sec
Elapsed time for households 39.2922 sec
Iteration 1
Elapsed time for kappa 88.9579 sec
Elapsed time for experts 12.3447 sec
Elapsed time for households 37.5311 sec
Iteration 2
Elapsed time for kappa 92.4751 sec
Elapsed time for experts 43.0707 sec
Elapsed time for households 37.0593 sec
Iteration 3
Elapsed time for kappa 91.8222 sec
Elapsed time for experts 41.9571 sec
Elapsed time for households 36.0206 sec
Iteration 4
Elapsed time for kappa 93.7993 sec
Elapsed time for experts 42.1022 sec
Elapsed time for households 38.0652 sec
Iteration 5
Elapsed time for kappa 90.3229 sec
Elapsed time for experts 43.0957 sec
Elapsed time for households 39.1095 sec
Iteration 6
Elapsed time for kappa 89.9941 sec
Elapsed time for experts 42.7296 sec
Elapsed time for households 37.3117 sec
Iteration 7
Elapsed time for kappa 88.0634 sec
Elapsed time for experts 18.7676 sec
Elapsed time for households 39.7560 sec
Iteration 8
Elapsed time for kappa 90.3448 sec
Elapsed time for experts 42.7933 sec
Elapsed time for households 36.1506 sec
Iteration 9
Elapsed time for kappa 90.2295 sec
Elapsed time for experts 42.1638 sec
Elapsed time for households 37.6109 sec
Iteration 10
Elapsed time for kappa 89.2693 sec
Elapsed time for experts 12.6484 sec
Elapsed time for households 38.6568 sec
Iteration 11
Elapsed time for kappa 90.4508 sec
Elapsed time for experts 40.6803 sec
Elapsed time for households 38.6366 sec
Iteration 12
Elapsed time for kappa 90.2387 sec
Elapsed time for experts 42.4044 sec
Elapsed time for households 36.2139 sec
Iteration 13
Elapsed time for kappa 98.9009 sec
Elapsed time for experts 13.2026 sec
Elapsed time for households 38.1384 sec
Iteration 14
Elapsed time for kappa 89.7124 sec
Elapsed time for experts 12.4957 sec
Elapsed time for households 38.3308 sec
Iteration 15
Elapsed time for kappa 88.2047 sec
Elapsed time for experts 41.2776 sec
Elapsed time for households 39.3890 sec
Iteration 16
Elapsed time for kappa 89.1698 sec
Elapsed time for experts 42.6406 sec
Elapsed time for households 36.4483 sec
Iteration 17
Elapsed time for kappa 91.1278 sec
Elapsed time for experts 11.9995 sec
Elapsed time for households 37.8919 sec
Iteration 18
Elapsed time for kappa 90.1263 sec
Elapsed time for experts 43.3013 sec
Elapsed time for households 38.8237 sec
Iteration 19
Elapsed time for kappa 97.2131 sec
Elapsed time for experts 43.1471 sec
Elapsed time for households 40.2626 sec
Elapsed time for training 3292.8664 sec
