ERROR: logger: /software/python-anaconda-2022.05-el8-x86_64/lib/libuuid.so.1: no version information available (required by /lib64/libblkid.so.1)
      while executing
  "exec logger -t modulecmd "[get-env USER]: $command [join $args]""
      (procedure "module" line 2)
      invoked from within
  "module load python/anaconda-2022.05"
      ("eval" body line 1)
      invoked from within
  "eval $execcmdlist"
  Please report this issue at https://github.com/cea-hpc/modules/issues
Iteration 0
Elapsed time for kappa 68.6249 sec
Elapsed time for experts 25.8811 sec
Elapsed time for households 20.6686 sec
Iteration 1
Elapsed time for kappa 41.4274 sec
Elapsed time for experts 19.8019 sec
Elapsed time for households 18.4520 sec
Iteration 2
Elapsed time for kappa 41.7362 sec
Elapsed time for experts 22.6215 sec
Elapsed time for households 20.6034 sec
Iteration 3
Elapsed time for kappa 34.8215 sec
Elapsed time for experts 18.8352 sec
Elapsed time for households 18.3861 sec
Iteration 4
Elapsed time for kappa 36.2321 sec
Elapsed time for experts 19.4480 sec
Elapsed time for households 20.5215 sec
Iteration 5
Elapsed time for kappa 35.4338 sec
Elapsed time for experts 19.2056 sec
Elapsed time for households 14.9994 sec
Iteration 6
Elapsed time for kappa 35.0722 sec
Elapsed time for experts 16.8856 sec
Elapsed time for households 14.6870 sec
Iteration 7
Elapsed time for kappa 36.3757 sec
Elapsed time for experts 12.6950 sec
Elapsed time for households 20.5956 sec
Iteration 8
Elapsed time for kappa 33.4816 sec
Elapsed time for experts 13.6711 sec
Elapsed time for households 17.3973 sec
Iteration 9
Elapsed time for kappa 37.8105 sec
Elapsed time for experts 12.8348 sec
Elapsed time for households 12.4251 sec
Iteration 10
Elapsed time for kappa 34.4389 sec
Elapsed time for experts 13.0426 sec
Elapsed time for households 14.0903 sec
Iteration 11
Elapsed time for kappa 37.6021 sec
Elapsed time for experts 12.8796 sec
Elapsed time for households 12.0650 sec
Iteration 12
Elapsed time for kappa 35.5078 sec
Elapsed time for experts 12.7636 sec
Elapsed time for households 12.4467 sec
Iteration 13
Elapsed time for kappa 37.0159 sec
Elapsed time for experts 11.7786 sec
Elapsed time for households 17.4689 sec
Iteration 14
Elapsed time for kappa 34.5858 sec
Elapsed time for experts 12.1356 sec
Elapsed time for households 10.7327 sec
Iteration 15
Elapsed time for kappa 35.1859 sec
Elapsed time for experts 13.5402 sec
Elapsed time for households 12.0893 sec
Iteration 16
Elapsed time for kappa 36.6612 sec
Elapsed time for experts 14.1019 sec
Elapsed time for households 11.5620 sec
Iteration 17
Elapsed time for kappa 35.1370 sec
Elapsed time for experts 13.1808 sec
Elapsed time for households 12.6932 sec
Iteration 18
Elapsed time for kappa 34.8662 sec
Elapsed time for experts 11.9031 sec
Elapsed time for households 12.6699 sec
Iteration 19
Elapsed time for kappa 34.8085 sec
Elapsed time for experts 20.5456 sec
Elapsed time for households 13.0454 sec
Iteration 20
Elapsed time for kappa 38.3957 sec
Elapsed time for experts 13.4950 sec
Elapsed time for households 12.3224 sec
Iteration 21
Elapsed time for kappa 35.1529 sec
Elapsed time for experts 13.2963 sec
Elapsed time for households 11.6080 sec
Iteration 22
Elapsed time for kappa 35.5135 sec
Elapsed time for experts 13.2738 sec
Elapsed time for households 12.0762 sec
Iteration 23
Elapsed time for kappa 35.3994 sec
Elapsed time for experts 13.7968 sec
Elapsed time for households 11.5774 sec
Iteration 24
Elapsed time for kappa 35.8996 sec
Elapsed time for experts 13.5230 sec
Elapsed time for households 11.7050 sec
Iteration 25
Elapsed time for kappa 36.5199 sec
Elapsed time for experts 20.7862 sec
Elapsed time for households 11.9608 sec
Iteration 26
Elapsed time for kappa 34.8323 sec
Elapsed time for experts 13.4195 sec
Elapsed time for households 12.3072 sec
Iteration 27
Elapsed time for kappa 36.7365 sec
Elapsed time for experts 13.0320 sec
Elapsed time for households 12.2964 sec
Iteration 28
Elapsed time for kappa 34.8538 sec
Elapsed time for experts 12.5720 sec
Elapsed time for households 11.4961 sec
Iteration 29
Elapsed time for kappa 36.8686 sec
Elapsed time for experts 12.8426 sec
Elapsed time for households 11.6338 sec
Iteration 30
Elapsed time for kappa 35.9600 sec
Elapsed time for experts 12.6606 sec
Elapsed time for households 11.3414 sec
Iteration 31
Elapsed time for kappa 36.8457 sec
Elapsed time for experts 20.4133 sec
Elapsed time for households 13.7112 sec
Iteration 32
Elapsed time for kappa 34.9622 sec
Elapsed time for experts 12.8393 sec
Elapsed time for households 12.9730 sec
Iteration 33
Elapsed time for kappa 37.1582 sec
Elapsed time for experts 13.1259 sec
Elapsed time for households 12.6423 sec
Iteration 34
Elapsed time for kappa 35.7469 sec
Elapsed time for experts 12.9802 sec
Elapsed time for households 11.4201 sec
Iteration 35
Elapsed time for kappa 37.4296 sec
Elapsed time for experts 12.5400 sec
Elapsed time for households 11.3868 sec
Iteration 36
Elapsed time for kappa 35.8620 sec
Elapsed time for experts 12.7038 sec
Elapsed time for households 11.2584 sec
Iteration 37
Elapsed time for kappa 47.3278 sec
Elapsed time for experts 13.9321 sec
Elapsed time for households 12.2755 sec
Iteration 38
Elapsed time for kappa 37.5143 sec
Elapsed time for experts 13.4296 sec
Elapsed time for households 15.6166 sec
Iteration 39
Elapsed time for kappa 38.4568 sec
Elapsed time for experts 12.8775 sec
Elapsed time for households 11.9605 sec
Iteration 40
Elapsed time for kappa 35.7065 sec
Elapsed time for experts 13.6906 sec
Elapsed time for households 11.4225 sec
Iteration 41
Elapsed time for kappa 36.1369 sec
Elapsed time for experts 13.0687 sec
Elapsed time for households 11.6599 sec
Iteration 42
Elapsed time for kappa 35.7232 sec
Elapsed time for experts 13.0619 sec
Elapsed time for households 11.4771 sec
Iteration 43
Elapsed time for kappa 44.8078 sec
Elapsed time for experts 14.1063 sec
Elapsed time for households 12.3543 sec
Iteration 44
Elapsed time for kappa 37.9100 sec
Elapsed time for experts 14.0669 sec
Elapsed time for households 11.9967 sec
Iteration 45
Elapsed time for kappa 35.4137 sec
Elapsed time for experts 13.3028 sec
Elapsed time for households 12.1397 sec
Iteration 46
Elapsed time for kappa 38.9818 sec
Elapsed time for experts 14.2001 sec
Elapsed time for households 11.6756 sec
Iteration 47
Elapsed time for kappa 35.2128 sec
Elapsed time for experts 14.2364 sec
Elapsed time for households 11.4863 sec
Iteration 48
Elapsed time for kappa 37.4638 sec
Elapsed time for experts 11.8802 sec
Elapsed time for households 12.5228 sec
Iteration 49
Elapsed time for kappa 44.8361 sec
Elapsed time for experts 14.7912 sec
Elapsed time for households 12.3077 sec
Iteration 50
Elapsed time for kappa 36.1431 sec
Elapsed time for experts 13.6258 sec
Elapsed time for households 12.2498 sec
Iteration 51
Elapsed time for kappa 36.0517 sec
Elapsed time for experts 13.6327 sec
Elapsed time for households 11.8399 sec
Iteration 52
Elapsed time for kappa 36.4491 sec
Elapsed time for experts 13.2672 sec
Elapsed time for households 12.0899 sec
Iteration 53
Elapsed time for kappa 35.3076 sec
Elapsed time for experts 13.2186 sec
Elapsed time for households 12.0188 sec
Iteration 54
Elapsed time for kappa 35.9681 sec
Elapsed time for experts 13.2355 sec
Elapsed time for households 11.7784 sec
Iteration 55
Elapsed time for kappa 44.3073 sec
Elapsed time for experts 15.0482 sec
Elapsed time for households 12.2234 sec
Iteration 56
Elapsed time for kappa 38.2374 sec
Elapsed time for experts 14.7804 sec
Elapsed time for households 12.0113 sec
Iteration 57
Elapsed time for kappa 35.9580 sec
Elapsed time for experts 14.2825 sec
Elapsed time for households 11.7353 sec
Iteration 58
Elapsed time for kappa 37.9875 sec
Elapsed time for experts 13.2659 sec
Elapsed time for households 13.3884 sec
Iteration 59
Elapsed time for kappa 35.0581 sec
Elapsed time for experts 13.1744 sec
Elapsed time for households 11.7111 sec
Iteration 60
Elapsed time for kappa 36.3245 sec
Elapsed time for experts 13.5064 sec
Elapsed time for households 12.3806 sec
Iteration 61
Elapsed time for kappa 44.9242 sec
Elapsed time for experts 12.9204 sec
Elapsed time for households 12.9469 sec
Iteration 62
Elapsed time for kappa 35.6156 sec
Elapsed time for experts 14.2845 sec
Elapsed time for households 12.1721 sec
Iteration 63
Elapsed time for kappa 36.9707 sec
Elapsed time for experts 13.5952 sec
Elapsed time for households 12.2148 sec
Iteration 64
Elapsed time for kappa 34.6888 sec
Elapsed time for experts 13.9673 sec
Elapsed time for households 11.6361 sec
Iteration 65
Elapsed time for kappa 35.9852 sec
Elapsed time for experts 12.5385 sec
Elapsed time for households 11.3460 sec
Iteration 66
Elapsed time for kappa 37.4482 sec
Elapsed time for experts 12.8139 sec
Elapsed time for households 11.6557 sec
Iteration 67
Elapsed time for kappa 43.4026 sec
Elapsed time for experts 12.6842 sec
Elapsed time for households 11.2883 sec
Iteration 68
Elapsed time for kappa 35.8488 sec
Elapsed time for experts 12.4347 sec
Elapsed time for households 11.1783 sec
Iteration 69
Elapsed time for kappa 35.1801 sec
Elapsed time for experts 13.9164 sec
Elapsed time for households 11.8760 sec
Iteration 70
Elapsed time for kappa 35.9910 sec
Elapsed time for experts 13.5685 sec
Elapsed time for households 11.5479 sec
Iteration 71
Elapsed time for kappa 34.7181 sec
Elapsed time for experts 13.4639 sec
Elapsed time for households 13.0752 sec
Iteration 72
Elapsed time for kappa 35.2183 sec
Elapsed time for experts 13.2958 sec
Elapsed time for households 18.0872 sec
Iteration 73
Elapsed time for kappa 36.8641 sec
Elapsed time for experts 14.0622 sec
Elapsed time for households 12.6093 sec
Iteration 74
Elapsed time for kappa 34.9995 sec
Elapsed time for experts 12.0554 sec
Elapsed time for households 11.8514 sec
Iteration 75
Elapsed time for kappa 36.5039 sec
Elapsed time for experts 13.6414 sec
Elapsed time for households 11.8052 sec
Iteration 76
Elapsed time for kappa 34.7823 sec
Elapsed time for experts 13.2752 sec
Elapsed time for households 11.3564 sec
Iteration 77
Elapsed time for kappa 36.4039 sec
Elapsed time for experts 12.6446 sec
Elapsed time for households 12.4593 sec
Iteration 78
Elapsed time for kappa 35.0246 sec
Elapsed time for experts 12.6281 sec
Elapsed time for households 19.3768 sec
Iteration 79
Elapsed time for kappa 39.7966 sec
Elapsed time for experts 13.0024 sec
Elapsed time for households 12.1104 sec
Iteration 80
Elapsed time for kappa 35.8782 sec
Elapsed time for experts 12.8958 sec
Elapsed time for households 11.5022 sec
Iteration 81
Elapsed time for kappa 36.3141 sec
Elapsed time for experts 13.0704 sec
Elapsed time for households 11.4408 sec
Iteration 82
Elapsed time for kappa 34.8610 sec
Elapsed time for experts 13.7089 sec
Elapsed time for households 11.2618 sec
Iteration 83
Elapsed time for kappa 37.9755 sec
Elapsed time for experts 12.6525 sec
Elapsed time for households 11.7043 sec
Iteration 84
Elapsed time for kappa 34.2738 sec
Elapsed time for experts 19.3716 sec
Elapsed time for households 12.6944 sec
Iteration 85
Elapsed time for kappa 34.9466 sec
Elapsed time for experts 13.5330 sec
Elapsed time for households 12.2735 sec
Iteration 86
Elapsed time for kappa 34.5157 sec
Elapsed time for experts 11.9894 sec
Elapsed time for households 11.0826 sec
Iteration 87
Elapsed time for kappa 33.8824 sec
Elapsed time for experts 13.3618 sec
Elapsed time for households 14.5887 sec
Iteration 88
Elapsed time for kappa 33.5325 sec
Elapsed time for experts 12.5689 sec
Elapsed time for households 12.0719 sec
Iteration 89
Elapsed time for kappa 34.5838 sec
Elapsed time for experts 12.3777 sec
Elapsed time for households 12.8965 sec
Iteration 90
Elapsed time for kappa 35.4739 sec
Elapsed time for experts 19.4581 sec
Elapsed time for households 12.7298 sec
Iteration 91
Elapsed time for kappa 35.0566 sec
Elapsed time for experts 12.9371 sec
Elapsed time for households 11.9337 sec
Iteration 92
Elapsed time for kappa 39.3452 sec
Elapsed time for experts 12.6277 sec
Elapsed time for households 11.5716 sec
Iteration 93
Elapsed time for kappa 33.8002 sec
Elapsed time for experts 13.3159 sec
Elapsed time for households 11.2053 sec
Iteration 94
Elapsed time for kappa 34.1782 sec
Elapsed time for experts 12.7468 sec
Elapsed time for households 11.2479 sec
Iteration 95
Elapsed time for kappa 34.5648 sec
Elapsed time for experts 12.8172 sec
Elapsed time for households 11.0052 sec
Iteration 96
Elapsed time for kappa 34.5728 sec
Elapsed time for experts 18.9531 sec
Elapsed time for households 11.9544 sec
Iteration 97
Elapsed time for kappa 34.7572 sec
Elapsed time for experts 13.3766 sec
Elapsed time for households 12.4644 sec
Iteration 98
Elapsed time for kappa 33.9832 sec
Elapsed time for experts 13.5021 sec
Elapsed time for households 14.5710 sec
Iteration 99
Elapsed time for kappa 33.3212 sec
Elapsed time for experts 12.5760 sec
Elapsed time for households 11.9513 sec
Iteration 100
Elapsed time for kappa 33.4601 sec
Elapsed time for experts 12.3817 sec
Elapsed time for households 11.7883 sec
Iteration 101
Elapsed time for kappa 37.4922 sec
Elapsed time for experts 12.9371 sec
Elapsed time for households 11.2165 sec
Iteration 102
Elapsed time for kappa 41.4550 sec
Elapsed time for experts 13.2525 sec
Elapsed time for households 12.3199 sec
Iteration 103
Elapsed time for kappa 35.5513 sec
Elapsed time for experts 12.8888 sec
Elapsed time for households 11.4704 sec
Iteration 104
Elapsed time for kappa 33.9895 sec
Elapsed time for experts 12.8931 sec
Elapsed time for households 11.1498 sec
Iteration 105
Elapsed time for kappa 35.4577 sec
Elapsed time for experts 12.8149 sec
Elapsed time for households 11.1837 sec
Iteration 106
Elapsed time for kappa 33.4384 sec
Elapsed time for experts 12.1788 sec
Elapsed time for households 11.0046 sec
Iteration 107
Elapsed time for kappa 32.3494 sec
Elapsed time for experts 12.6805 sec
Elapsed time for households 11.1111 sec
Iteration 108
Elapsed time for kappa 41.0219 sec
Elapsed time for experts 13.6655 sec
Elapsed time for households 12.2462 sec
Iteration 109
Elapsed time for kappa 32.9303 sec
Elapsed time for experts 13.4552 sec
Elapsed time for households 12.9847 sec
Iteration 110
Elapsed time for kappa 32.2112 sec
Elapsed time for experts 11.6525 sec
Elapsed time for households 10.6825 sec
Iteration 111
Elapsed time for kappa 33.2189 sec
Elapsed time for experts 12.8360 sec
Elapsed time for households 10.9964 sec
Iteration 112
Elapsed time for kappa 33.2505 sec
Elapsed time for experts 12.6175 sec
Elapsed time for households 10.3157 sec
Iteration 113
Elapsed time for kappa 31.3859 sec
Elapsed time for experts 12.8801 sec
Elapsed time for households 11.2143 sec
Iteration 114
Elapsed time for kappa 39.1231 sec
Elapsed time for experts 13.1270 sec
Elapsed time for households 12.1782 sec
Iteration 115
Elapsed time for kappa 33.1520 sec
Elapsed time for experts 12.7795 sec
Elapsed time for households 12.1824 sec
Iteration 116
Elapsed time for kappa 36.5950 sec
Elapsed time for experts 12.5125 sec
Elapsed time for households 11.1765 sec
Iteration 117
Elapsed time for kappa 32.7996 sec
Elapsed time for experts 12.5970 sec
Elapsed time for households 10.9837 sec
Iteration 118
Elapsed time for kappa 32.5020 sec
Elapsed time for experts 11.2882 sec
Elapsed time for households 10.9984 sec
Iteration 119
Elapsed time for kappa 32.4062 sec
Elapsed time for experts 12.0849 sec
Elapsed time for households 10.5924 sec
Iteration 120
Elapsed time for kappa 38.9763 sec
Elapsed time for experts 13.7009 sec
Elapsed time for households 12.1920 sec
Iteration 121
Elapsed time for kappa 32.8125 sec
Elapsed time for experts 13.3062 sec
Elapsed time for households 11.6690 sec
Iteration 122
Elapsed time for kappa 32.7141 sec
Elapsed time for experts 12.1811 sec
Elapsed time for households 12.2739 sec
Iteration 123
Elapsed time for kappa 32.6945 sec
Elapsed time for experts 12.0565 sec
Elapsed time for households 10.9618 sec
Iteration 124
Elapsed time for kappa 32.3424 sec
Elapsed time for experts 12.6072 sec
Elapsed time for households 10.7203 sec
Iteration 125
Elapsed time for kappa 33.3927 sec
Elapsed time for experts 13.0819 sec
Elapsed time for households 11.5025 sec
Iteration 126
Elapsed time for kappa 39.1176 sec
Elapsed time for experts 12.9914 sec
Elapsed time for households 14.5698 sec
Iteration 127
Elapsed time for kappa 33.0334 sec
Elapsed time for experts 13.3247 sec
Elapsed time for households 11.9342 sec
Iteration 128
Elapsed time for kappa 32.1334 sec
Elapsed time for experts 12.8981 sec
Elapsed time for households 11.4940 sec
Iteration 129
Elapsed time for kappa 32.0478 sec
Elapsed time for experts 12.6516 sec
Elapsed time for households 11.4917 sec
Iteration 130
Elapsed time for kappa 34.1573 sec
Elapsed time for experts 11.9227 sec
Elapsed time for households 10.9350 sec
Iteration 131
Elapsed time for kappa 32.8757 sec
Elapsed time for experts 13.1710 sec
Elapsed time for households 10.0447 sec
Iteration 132
Elapsed time for kappa 37.7794 sec
Elapsed time for experts 13.1521 sec
Elapsed time for households 10.8724 sec
Iteration 133
Elapsed time for kappa 33.1837 sec
Elapsed time for experts 12.8494 sec
Elapsed time for households 10.5545 sec
Iteration 134
Elapsed time for kappa 31.6137 sec
Elapsed time for experts 12.1986 sec
Elapsed time for households 11.9412 sec
Iteration 135
Elapsed time for kappa 32.3009 sec
Elapsed time for experts 11.1831 sec
Elapsed time for households 10.3852 sec
Iteration 136
Elapsed time for kappa 32.7964 sec
Elapsed time for experts 11.4721 sec
Elapsed time for households 10.4748 sec
Iteration 137
Elapsed time for kappa 30.3438 sec
Elapsed time for experts 12.3545 sec
Elapsed time for households 11.0369 sec
Iteration 138
Elapsed time for kappa 38.9003 sec
Elapsed time for experts 12.9358 sec
Elapsed time for households 12.3353 sec
Iteration 139
Elapsed time for kappa 34.3024 sec
Elapsed time for experts 12.3453 sec
Elapsed time for households 11.3327 sec
Iteration 140
Elapsed time for kappa 33.6738 sec
Elapsed time for experts 12.4653 sec
Elapsed time for households 11.2788 sec
Iteration 141
Elapsed time for kappa 33.1231 sec
Elapsed time for experts 12.1007 sec
Elapsed time for households 12.5929 sec
Iteration 142
Elapsed time for kappa 32.6706 sec
Elapsed time for experts 11.2845 sec
Elapsed time for households 11.0518 sec
Iteration 143
Elapsed time for kappa 31.5734 sec
Elapsed time for experts 12.2158 sec
Elapsed time for households 18.7815 sec
Iteration 144
Elapsed time for kappa 33.2917 sec
Elapsed time for experts 12.5840 sec
Elapsed time for households 12.2537 sec
Iteration 145
Elapsed time for kappa 33.7166 sec
Elapsed time for experts 12.6146 sec
Elapsed time for households 11.2436 sec
Iteration 146
Elapsed time for kappa 31.8680 sec
Elapsed time for experts 12.7823 sec
Elapsed time for households 11.2797 sec
Iteration 147
Elapsed time for kappa 32.4828 sec
Elapsed time for experts 12.6298 sec
Elapsed time for households 10.7731 sec
Iteration 148
Elapsed time for kappa 30.4460 sec
Elapsed time for experts 13.2360 sec
Elapsed time for households 11.7010 sec
Iteration 149
Elapsed time for kappa 31.6746 sec
Elapsed time for experts 19.7156 sec
Elapsed time for households 12.1066 sec
Iteration 150
Elapsed time for kappa 31.7025 sec
Elapsed time for experts 11.6724 sec
Elapsed time for households 11.7806 sec
Iteration 151
Elapsed time for kappa 33.8569 sec
Elapsed time for experts 12.3552 sec
Elapsed time for households 11.4525 sec
Iteration 152
Elapsed time for kappa 33.8509 sec
Elapsed time for experts 12.3325 sec
Elapsed time for households 11.0171 sec
Iteration 153
Elapsed time for kappa 32.0787 sec
Elapsed time for experts 12.5573 sec
Elapsed time for households 11.3991 sec
Iteration 154
Elapsed time for kappa 33.9517 sec
Elapsed time for experts 12.1477 sec
Elapsed time for households 11.3828 sec
Iteration 155
Elapsed time for kappa 30.8148 sec
Elapsed time for experts 19.3693 sec
Elapsed time for households 12.0553 sec
Iteration 156
Elapsed time for kappa 31.9311 sec
Elapsed time for experts 11.6581 sec
Elapsed time for households 11.4867 sec
Iteration 157
Elapsed time for kappa 32.8261 sec
Elapsed time for experts 12.5104 sec
Elapsed time for households 11.2653 sec
Iteration 158
Elapsed time for kappa 34.2212 sec
Elapsed time for experts 12.2529 sec
Elapsed time for households 10.9829 sec
Iteration 159
Elapsed time for kappa 32.6264 sec
Elapsed time for experts 12.6400 sec
Elapsed time for households 11.2169 sec
Iteration 160
Elapsed time for kappa 31.8917 sec
Elapsed time for experts 12.7396 sec
Elapsed time for households 11.2257 sec
Iteration 161
Elapsed time for kappa 31.4201 sec
Elapsed time for experts 19.8823 sec
Elapsed time for households 12.4170 sec
Iteration 162
Elapsed time for kappa 31.7412 sec
Elapsed time for experts 12.9565 sec
Elapsed time for households 11.7785 sec
Iteration 163
Elapsed time for kappa 33.3033 sec
Elapsed time for experts 12.5735 sec
Elapsed time for households 12.2357 sec
Iteration 164
Elapsed time for kappa 32.7525 sec
Elapsed time for experts 12.2899 sec
Elapsed time for households 11.7683 sec
Iteration 165
Elapsed time for kappa 32.7180 sec
Elapsed time for experts 12.1087 sec
Elapsed time for households 11.0454 sec
Iteration 166
Elapsed time for kappa 32.7344 sec
Elapsed time for experts 12.6103 sec
Elapsed time for households 10.6960 sec
Iteration 167
Elapsed time for kappa 39.7727 sec
Elapsed time for experts 13.3799 sec
Elapsed time for households 11.6850 sec
Iteration 168
Elapsed time for kappa 34.0018 sec
Elapsed time for experts 12.7543 sec
Elapsed time for households 10.9071 sec
Iteration 169
Elapsed time for kappa 32.3789 sec
Elapsed time for experts 13.4369 sec
Elapsed time for households 11.7040 sec
Iteration 170
Elapsed time for kappa 31.2113 sec
Elapsed time for experts 11.4246 sec
Elapsed time for households 11.3145 sec
Iteration 171
Elapsed time for kappa 32.0777 sec
Elapsed time for experts 12.2537 sec
Elapsed time for households 10.8383 sec
Iteration 172
Elapsed time for kappa 33.2388 sec
Elapsed time for experts 12.3916 sec
Elapsed time for households 10.8378 sec
Iteration 173
Elapsed time for kappa 39.7940 sec
Elapsed time for experts 13.6475 sec
Elapsed time for households 11.5067 sec
Iteration 174
Elapsed time for kappa 33.4119 sec
Elapsed time for experts 12.9349 sec
Elapsed time for households 11.9257 sec
Iteration 175
Elapsed time for kappa 31.7797 sec
Elapsed time for experts 13.1983 sec
Elapsed time for households 11.0627 sec
Iteration 176
Elapsed time for kappa 33.0179 sec
Elapsed time for experts 12.4543 sec
Elapsed time for households 11.6425 sec
Iteration 177
Elapsed time for kappa 32.7627 sec
Elapsed time for experts 12.0557 sec
Elapsed time for households 11.9450 sec
Iteration 178
Elapsed time for kappa 31.3164 sec
Elapsed time for experts 11.8670 sec
Elapsed time for households 10.6517 sec
Iteration 179
Elapsed time for kappa 41.5072 sec
Elapsed time for experts 13.0234 sec
Elapsed time for households 11.4958 sec
Iteration 180
Elapsed time for kappa 33.2451 sec
Elapsed time for experts 13.0166 sec
Elapsed time for households 11.8639 sec
Iteration 181
Elapsed time for kappa 33.4388 sec
Elapsed time for experts 13.2251 sec
Elapsed time for households 11.9694 sec
Iteration 182
Elapsed time for kappa 31.7962 sec
Elapsed time for experts 13.0550 sec
Elapsed time for households 11.6616 sec
Iteration 183
Elapsed time for kappa 32.1137 sec
Elapsed time for experts 12.2862 sec
Elapsed time for households 11.7663 sec
Iteration 184
Elapsed time for kappa 31.9277 sec
Elapsed time for experts 11.3491 sec
Elapsed time for households 10.3245 sec
Iteration 185
Elapsed time for kappa 40.2839 sec
Elapsed time for experts 13.0671 sec
Elapsed time for households 11.4938 sec
Iteration 186
Elapsed time for kappa 34.8659 sec
Elapsed time for experts 12.9611 sec
Elapsed time for households 11.2425 sec
Iteration 187
Elapsed time for kappa 33.6409 sec
Elapsed time for experts 12.6279 sec
Elapsed time for households 11.2394 sec
Iteration 188
Elapsed time for kappa 31.6405 sec
Elapsed time for experts 13.1636 sec
Elapsed time for households 11.7773 sec
Iteration 189
Elapsed time for kappa 31.8118 sec
Elapsed time for experts 12.2918 sec
Elapsed time for households 11.8314 sec
Iteration 190
Elapsed time for kappa 32.2109 sec
Elapsed time for experts 12.4816 sec
Elapsed time for households 10.9202 sec
Iteration 191
Elapsed time for kappa 40.4558 sec
Elapsed time for experts 12.6836 sec
Elapsed time for households 11.9973 sec
Iteration 192
Elapsed time for kappa 34.4907 sec
Elapsed time for experts 12.3507 sec
Elapsed time for households 11.2909 sec
Iteration 193
Elapsed time for kappa 36.6111 sec
Elapsed time for experts 12.4837 sec
Elapsed time for households 11.2676 sec
Iteration 194
Elapsed time for kappa 33.5094 sec
Elapsed time for experts 13.7964 sec
Elapsed time for households 11.0111 sec
Iteration 195
Elapsed time for kappa 32.7860 sec
Elapsed time for experts 18.2365 sec
Elapsed time for households 11.6025 sec
Iteration 196
Elapsed time for kappa 30.9161 sec
Elapsed time for experts 12.7631 sec
Elapsed time for households 11.2469 sec
Iteration 197
Elapsed time for kappa 39.9071 sec
Elapsed time for experts 13.6934 sec
Elapsed time for households 11.6475 sec
Iteration 198
Elapsed time for kappa 31.2590 sec
Elapsed time for experts 11.6182 sec
Elapsed time for households 10.7458 sec
Iteration 199
Elapsed time for kappa 33.7095 sec
Elapsed time for experts 12.3454 sec
Elapsed time for households 11.0517 sec
Iteration 200
Elapsed time for kappa 32.7890 sec
Elapsed time for experts 13.1019 sec
Elapsed time for households 11.2120 sec
Iteration 201
Elapsed time for kappa 34.2353 sec
Elapsed time for experts 15.3502 sec
Elapsed time for households 11.1948 sec
Iteration 202
Elapsed time for kappa 31.9132 sec
Elapsed time for experts 12.4325 sec
Elapsed time for households 11.2129 sec
Iteration 203
Elapsed time for kappa 40.7955 sec
Elapsed time for experts 13.0348 sec
Elapsed time for households 12.0397 sec
Iteration 204
Elapsed time for kappa 34.3751 sec
Elapsed time for experts 13.4667 sec
Elapsed time for households 12.3923 sec
Iteration 205
Elapsed time for kappa 33.4339 sec
Elapsed time for experts 12.5860 sec
Elapsed time for households 11.8364 sec
Iteration 206
Elapsed time for kappa 33.1825 sec
Elapsed time for experts 12.2917 sec
Elapsed time for households 12.0077 sec
Iteration 207
Elapsed time for kappa 31.4750 sec
Elapsed time for experts 12.0351 sec
Elapsed time for households 10.8511 sec
Iteration 208
Elapsed time for kappa 32.8144 sec
Elapsed time for experts 13.1587 sec
Elapsed time for households 17.0339 sec
Iteration 209
Elapsed time for kappa 35.6312 sec
Elapsed time for experts 14.5199 sec
Elapsed time for households 11.3460 sec
Iteration 210
Elapsed time for kappa 33.2493 sec
Elapsed time for experts 12.3797 sec
Elapsed time for households 12.9083 sec
Iteration 211
Elapsed time for kappa 32.1884 sec
Elapsed time for experts 13.1173 sec
Elapsed time for households 11.7006 sec
Iteration 212
Elapsed time for kappa 32.5114 sec
Elapsed time for experts 12.2426 sec
Elapsed time for households 12.0771 sec
Iteration 213
Elapsed time for kappa 32.8321 sec
Elapsed time for experts 12.4070 sec
Elapsed time for households 12.2247 sec
Iteration 214
Elapsed time for kappa 31.8803 sec
Elapsed time for experts 11.8221 sec
Elapsed time for households 18.6082 sec
Iteration 215
Elapsed time for kappa 34.7872 sec
Elapsed time for experts 12.6167 sec
Elapsed time for households 11.4235 sec
Iteration 216
Elapsed time for kappa 33.1170 sec
Elapsed time for experts 12.6161 sec
Elapsed time for households 11.7762 sec
Iteration 217
Elapsed time for kappa 33.4162 sec
Elapsed time for experts 12.9736 sec
Elapsed time for households 12.1449 sec
Iteration 218
Elapsed time for kappa 31.7634 sec
Elapsed time for experts 13.1477 sec
Elapsed time for households 11.4766 sec
Iteration 219
Elapsed time for kappa 32.3693 sec
Elapsed time for experts 13.1509 sec
Elapsed time for households 11.8097 sec
Iteration 220
Elapsed time for kappa 30.6486 sec
Elapsed time for experts 11.9037 sec
Elapsed time for households 18.4991 sec
Iteration 221
Elapsed time for kappa 35.8875 sec
Elapsed time for experts 12.7813 sec
Elapsed time for households 12.2526 sec
Iteration 222
Elapsed time for kappa 33.7838 sec
Elapsed time for experts 13.0526 sec
Elapsed time for households 11.4342 sec
Iteration 223
Elapsed time for kappa 33.5427 sec
Elapsed time for experts 13.8723 sec
Elapsed time for households 16.3003 sec
Iteration 224
Elapsed time for kappa 31.7113 sec
Elapsed time for experts 12.9028 sec
Elapsed time for households 11.8280 sec
Iteration 225
Elapsed time for kappa 31.9604 sec
Elapsed time for experts 11.3970 sec
Elapsed time for households 11.3875 sec
Iteration 226
Elapsed time for kappa 31.5596 sec
Elapsed time for experts 12.6264 sec
Elapsed time for households 11.2107 sec
Iteration 227
Elapsed time for kappa 40.9774 sec
Elapsed time for experts 14.1562 sec
Elapsed time for households 12.4021 sec
Iteration 228
Elapsed time for kappa 34.4779 sec
Elapsed time for experts 13.3407 sec
Elapsed time for households 11.3256 sec
Iteration 229
Elapsed time for kappa 33.2436 sec
Elapsed time for experts 12.4438 sec
Elapsed time for households 11.5622 sec
Iteration 230
Elapsed time for kappa 35.0042 sec
Elapsed time for experts 12.7723 sec
Elapsed time for households 11.2432 sec
Iteration 231
Elapsed time for kappa 33.0905 sec
Elapsed time for experts 12.8603 sec
Elapsed time for households 11.7498 sec
Iteration 232
Elapsed time for kappa 31.9133 sec
Elapsed time for experts 12.5552 sec
Elapsed time for households 11.9639 sec
Iteration 233
Elapsed time for kappa 40.8208 sec
Elapsed time for experts 13.4617 sec
Elapsed time for households 10.9371 sec
Iteration 234
Elapsed time for kappa 32.6034 sec
Elapsed time for experts 13.4323 sec
Elapsed time for households 11.8765 sec
Iteration 235
Elapsed time for kappa 32.7401 sec
Elapsed time for experts 13.3145 sec
Elapsed time for households 11.6971 sec
Iteration 236
Elapsed time for kappa 32.8749 sec
Elapsed time for experts 12.3306 sec
Elapsed time for households 11.7882 sec
Iteration 237
Elapsed time for kappa 35.2108 sec
Elapsed time for experts 12.3774 sec
Elapsed time for households 11.1716 sec
Iteration 238
Elapsed time for kappa 32.1987 sec
Elapsed time for experts 20.5437 sec
Elapsed time for households 11.9690 sec
Iteration 239
Elapsed time for kappa 36.5046 sec
Elapsed time for experts 13.1614 sec
Elapsed time for households 11.4296 sec
Iteration 240
Elapsed time for kappa 32.8466 sec
Elapsed time for experts 12.8131 sec
Elapsed time for households 13.1423 sec
Iteration 241
Elapsed time for kappa 31.9689 sec
Elapsed time for experts 13.1551 sec
Elapsed time for households 11.5722 sec
Iteration 242
Elapsed time for kappa 32.6160 sec
Elapsed time for experts 12.6713 sec
Elapsed time for households 10.6917 sec
Iteration 243
Elapsed time for kappa 33.6596 sec
Elapsed time for experts 11.9586 sec
Elapsed time for households 10.9353 sec
Iteration 244
Elapsed time for kappa 32.6419 sec
Elapsed time for experts 12.3572 sec
Elapsed time for households 17.0206 sec
Iteration 245
Elapsed time for kappa 32.6375 sec
Elapsed time for experts 13.5421 sec
Elapsed time for households 11.7060 sec
Iteration 246
Elapsed time for kappa 34.1470 sec
Elapsed time for experts 13.1078 sec
Elapsed time for households 12.1827 sec
Iteration 247
Elapsed time for kappa 32.6301 sec
Elapsed time for experts 12.7829 sec
Elapsed time for households 12.1339 sec
Iteration 248
Elapsed time for kappa 33.2000 sec
Elapsed time for experts 13.3730 sec
Elapsed time for households 11.2529 sec
Iteration 249
Elapsed time for kappa 31.4028 sec
Elapsed time for experts 11.8996 sec
Elapsed time for households 11.5374 sec
Iteration 250
Elapsed time for kappa 34.2626 sec
Elapsed time for experts 13.3867 sec
Elapsed time for households 17.7120 sec
Iteration 251
Elapsed time for kappa 37.1235 sec
Elapsed time for experts 13.6720 sec
Elapsed time for households 11.6320 sec
Iteration 252
Elapsed time for kappa 33.5481 sec
Elapsed time for experts 12.9790 sec
Elapsed time for households 12.4809 sec
Iteration 253
Elapsed time for kappa 33.2293 sec
Elapsed time for experts 13.1795 sec
Elapsed time for households 12.9131 sec
Iteration 254
Elapsed time for kappa 32.4286 sec
Elapsed time for experts 13.5134 sec
Elapsed time for households 11.7516 sec
Iteration 255
Elapsed time for kappa 31.4179 sec
Elapsed time for experts 12.6357 sec
Elapsed time for households 10.1630 sec
Iteration 256
Elapsed time for kappa 30.8711 sec
Elapsed time for experts 11.4858 sec
Elapsed time for households 10.8440 sec
Iteration 257
Elapsed time for kappa 41.7194 sec
Elapsed time for experts 12.9595 sec
Elapsed time for households 11.8857 sec
Iteration 258
Elapsed time for kappa 33.8490 sec
Elapsed time for experts 13.1427 sec
Elapsed time for households 11.3827 sec
Iteration 259
Elapsed time for kappa 33.1310 sec
Elapsed time for experts 13.5693 sec
Elapsed time for households 11.8381 sec
Iteration 260
Elapsed time for kappa 31.8414 sec
Elapsed time for experts 13.2702 sec
Elapsed time for households 11.9545 sec
Iteration 261
Elapsed time for kappa 32.3693 sec
Elapsed time for experts 12.7978 sec
Elapsed time for households 10.3142 sec
Iteration 262
Elapsed time for kappa 32.1339 sec
Elapsed time for experts 11.7378 sec
Elapsed time for households 11.0786 sec
Iteration 263
Elapsed time for kappa 42.7701 sec
Elapsed time for experts 12.8069 sec
Elapsed time for households 12.2284 sec
Iteration 264
Elapsed time for kappa 33.8790 sec
Elapsed time for experts 12.3833 sec
Elapsed time for households 11.2728 sec
Iteration 265
Elapsed time for kappa 35.2503 sec
Elapsed time for experts 12.6620 sec
Elapsed time for households 11.0182 sec
Iteration 266
Elapsed time for kappa 33.6932 sec
Elapsed time for experts 13.0816 sec
Elapsed time for households 11.6357 sec
Iteration 267
Elapsed time for kappa 31.7471 sec
Elapsed time for experts 12.9229 sec
Elapsed time for households 11.5271 sec
Iteration 268
Elapsed time for kappa 33.0793 sec
Elapsed time for experts 12.5878 sec
Elapsed time for households 17.2233 sec
Iteration 269
Elapsed time for kappa 33.6742 sec
Elapsed time for experts 13.7584 sec
Elapsed time for households 12.2103 sec
Iteration 270
Elapsed time for kappa 34.0117 sec
Elapsed time for experts 12.3942 sec
Elapsed time for households 12.0243 sec
Iteration 271
Elapsed time for kappa 34.1413 sec
Elapsed time for experts 12.4486 sec
Elapsed time for households 11.1319 sec
Iteration 272
Elapsed time for kappa 33.5017 sec
Elapsed time for experts 12.6175 sec
Elapsed time for households 11.1731 sec
Iteration 273
Elapsed time for kappa 31.9499 sec
Elapsed time for experts 12.4669 sec
Elapsed time for households 12.1418 sec
Iteration 274
Elapsed time for kappa 32.0407 sec
Elapsed time for experts 11.3465 sec
Elapsed time for households 10.9217 sec
Iteration 275
Elapsed time for kappa 40.5071 sec
Elapsed time for experts 13.7660 sec
Elapsed time for households 12.2838 sec
Iteration 276
Elapsed time for kappa 33.4559 sec
Elapsed time for experts 13.4404 sec
Elapsed time for households 11.7386 sec
Iteration 277
Elapsed time for kappa 31.5599 sec
Elapsed time for experts 11.7944 sec
Elapsed time for households 11.9872 sec
Iteration 278
Elapsed time for kappa 34.7774 sec
Elapsed time for experts 12.5745 sec
Elapsed time for households 11.2938 sec
Iteration 279
Elapsed time for kappa 31.9098 sec
Elapsed time for experts 13.1202 sec
Elapsed time for households 11.1469 sec
Iteration 280
Elapsed time for kappa 32.5595 sec
Elapsed time for experts 12.6600 sec
Elapsed time for households 17.9592 sec
Iteration 281
Elapsed time for kappa 33.8842 sec
Elapsed time for experts 13.1677 sec
Elapsed time for households 11.8045 sec
Iteration 282
Elapsed time for kappa 33.1184 sec
Elapsed time for experts 13.3217 sec
Elapsed time for households 11.7018 sec
Iteration 283
Elapsed time for kappa 33.3461 sec
Elapsed time for experts 13.7146 sec
Elapsed time for households 12.1514 sec
Iteration 284
Elapsed time for kappa 31.3563 sec
Elapsed time for experts 12.9517 sec
Elapsed time for households 11.7493 sec
Iteration 285
Elapsed time for kappa 32.5903 sec
Elapsed time for experts 12.2920 sec
Elapsed time for households 10.9197 sec
Iteration 286
Elapsed time for kappa 31.9936 sec
Elapsed time for experts 12.4807 sec
Elapsed time for households 10.6457 sec
Iteration 287
Elapsed time for kappa 42.6958 sec
Elapsed time for experts 13.7198 sec
Elapsed time for households 11.5794 sec
Iteration 288
Elapsed time for kappa 33.7494 sec
Elapsed time for experts 13.1939 sec
Elapsed time for households 11.7556 sec
Iteration 289
Elapsed time for kappa 34.3642 sec
Elapsed time for experts 13.0829 sec
Elapsed time for households 12.3039 sec
Iteration 290
Elapsed time for kappa 32.5257 sec
Elapsed time for experts 13.0791 sec
Elapsed time for households 12.1826 sec
Iteration 291
Elapsed time for kappa 33.5295 sec
Elapsed time for experts 13.1343 sec
Elapsed time for households 11.8336 sec
Iteration 292
Elapsed time for kappa 31.8948 sec
Elapsed time for experts 11.9023 sec
Elapsed time for households 17.8804 sec
Iteration 293
Elapsed time for kappa 35.2147 sec
Elapsed time for experts 13.0140 sec
Elapsed time for households 11.5316 sec
Iteration 294
Elapsed time for kappa 34.8046 sec
Elapsed time for experts 12.5405 sec
Elapsed time for households 11.2963 sec
Iteration 295
Elapsed time for kappa 33.1710 sec
Elapsed time for experts 12.2309 sec
Elapsed time for households 10.6714 sec
Iteration 296
Elapsed time for kappa 32.3348 sec
Elapsed time for experts 11.6413 sec
Elapsed time for households 11.9042 sec
Iteration 297
Elapsed time for kappa 31.6630 sec
Elapsed time for experts 13.2473 sec
Elapsed time for households 10.9707 sec
Iteration 298
Elapsed time for kappa 32.2166 sec
Elapsed time for experts 11.8790 sec
Elapsed time for households 11.2839 sec
Iteration 299
Elapsed time for kappa 41.2433 sec
Elapsed time for experts 12.8792 sec
Elapsed time for households 11.6545 sec
Elapsed time for training 18097.8437 sec
90000 90000 90000 90000
