Iteration 0
Elapsed time for kappa 177.9809 sec
Elapsed time for experts 79.2202 sec
Elapsed time for households 15.4938 sec
Iteration 1
Elapsed time for kappa 148.4909 sec
Elapsed time for experts 71.8488 sec
Elapsed time for households 17.0347 sec
Iteration 2
Elapsed time for kappa 145.7517 sec
Elapsed time for experts 71.8446 sec
Elapsed time for households 12.7638 sec
Iteration 3
Elapsed time for kappa 145.4070 sec
Elapsed time for experts 70.9448 sec
Elapsed time for households 13.7960 sec
Iteration 4
Elapsed time for kappa 144.6119 sec
Elapsed time for experts 69.1807 sec
Elapsed time for households 12.8043 sec
Iteration 5
Elapsed time for kappa 141.5393 sec
Elapsed time for experts 69.5522 sec
Elapsed time for households 13.1403 sec
Iteration 6
Elapsed time for kappa 144.1437 sec
Elapsed time for experts 67.4822 sec
Elapsed time for households 20.9680 sec
Iteration 7
Elapsed time for kappa 142.0153 sec
Elapsed time for experts 67.8900 sec
Elapsed time for households 68.1752 sec
Iteration 8
Elapsed time for kappa 140.8227 sec
Elapsed time for experts 68.4050 sec
Elapsed time for households 64.7796 sec
Iteration 9
Elapsed time for kappa 141.1268 sec
Elapsed time for experts 68.1083 sec
Elapsed time for households 64.2697 sec
Iteration 10
Elapsed time for kappa 139.6205 sec
Elapsed time for experts 67.1336 sec
Elapsed time for households 23.8380 sec
Iteration 11
Elapsed time for kappa 139.7391 sec
Elapsed time for experts 68.0234 sec
Elapsed time for households 64.9417 sec
Iteration 12
Elapsed time for kappa 140.4924 sec
Elapsed time for experts 76.8920 sec
Elapsed time for households 13.3592 sec
Iteration 13
Elapsed time for kappa 144.4773 sec
Elapsed time for experts 69.8128 sec
Elapsed time for households 12.5088 sec
Iteration 14
Elapsed time for kappa 142.6699 sec
Elapsed time for experts 68.3887 sec
Elapsed time for households 12.2286 sec
Elapsed time for training 3664.4944 sec
