ERROR: logger: /software/python-anaconda-2022.05-el8-x86_64/lib/libuuid.so.1: no version information available (required by /lib64/libblkid.so.1)
      while executing
  "exec logger -t modulecmd "[get-env USER]: $command [join $args]""
      (procedure "module" line 2)
      invoked from within
  "module load python/anaconda-2022.05"
      ("eval" body line 1)
      invoked from within
  "eval $execcmdlist"
  Please report this issue at https://github.com/cea-hpc/modules/issues
Iteration 0
Elapsed time for kappa 72.0459 sec
Elapsed time for experts 19.4422 sec
Elapsed time for households 17.5026 sec
Iteration 1
Elapsed time for kappa 35.6710 sec
Elapsed time for experts 14.1166 sec
Elapsed time for households 12.8708 sec
Iteration 2
Elapsed time for kappa 34.1890 sec
Elapsed time for experts 13.6105 sec
Elapsed time for households 12.6245 sec
Iteration 3
Elapsed time for kappa 38.3186 sec
Elapsed time for experts 14.9791 sec
Elapsed time for households 12.5765 sec
Iteration 4
Elapsed time for kappa 31.1711 sec
Elapsed time for experts 13.4829 sec
Elapsed time for households 11.7760 sec
Iteration 5
Elapsed time for kappa 32.7968 sec
Elapsed time for experts 11.6781 sec
Elapsed time for households 10.1607 sec
Iteration 6
Elapsed time for kappa 31.4567 sec
Elapsed time for experts 13.5419 sec
Elapsed time for households 12.4080 sec
Iteration 7
Elapsed time for kappa 31.0168 sec
Elapsed time for experts 13.5810 sec
Elapsed time for households 11.0527 sec
Iteration 8
Elapsed time for kappa 31.2886 sec
Elapsed time for experts 13.6266 sec
Elapsed time for households 16.5418 sec
Iteration 9
Elapsed time for kappa 34.6728 sec
Elapsed time for experts 14.8343 sec
Elapsed time for households 10.4532 sec
Iteration 10
Elapsed time for kappa 32.2046 sec
Elapsed time for experts 13.0356 sec
Elapsed time for households 11.1359 sec
Iteration 11
Elapsed time for kappa 31.4897 sec
Elapsed time for experts 11.5180 sec
Elapsed time for households 9.9665 sec
Iteration 12
Elapsed time for kappa 31.1870 sec
Elapsed time for experts 11.1208 sec
Elapsed time for households 10.0913 sec
Iteration 13
Elapsed time for kappa 30.8491 sec
Elapsed time for experts 11.5548 sec
Elapsed time for households 10.2158 sec
Iteration 14
Elapsed time for kappa 32.2851 sec
Elapsed time for experts 11.4252 sec
Elapsed time for households 10.4978 sec
Iteration 15
Elapsed time for kappa 38.8024 sec
Elapsed time for experts 11.8241 sec
Elapsed time for households 10.4739 sec
Iteration 16
Elapsed time for kappa 31.4680 sec
Elapsed time for experts 12.6956 sec
Elapsed time for households 10.3094 sec
Iteration 17
Elapsed time for kappa 30.7442 sec
Elapsed time for experts 12.8806 sec
Elapsed time for households 10.1230 sec
Iteration 18
Elapsed time for kappa 32.2548 sec
Elapsed time for experts 12.3573 sec
Elapsed time for households 10.3433 sec
Iteration 19
Elapsed time for kappa 31.9530 sec
Elapsed time for experts 11.6282 sec
Elapsed time for households 10.7875 sec
Iteration 20
Elapsed time for kappa 31.3830 sec
Elapsed time for experts 11.4145 sec
Elapsed time for households 16.5152 sec
Iteration 21
Elapsed time for kappa 33.2914 sec
Elapsed time for experts 13.4645 sec
Elapsed time for households 11.2121 sec
Iteration 22
Elapsed time for kappa 32.1178 sec
Elapsed time for experts 11.9165 sec
Elapsed time for households 10.4272 sec
Iteration 23
Elapsed time for kappa 30.7794 sec
Elapsed time for experts 12.0376 sec
Elapsed time for households 10.7980 sec
Iteration 24
Elapsed time for kappa 31.0790 sec
Elapsed time for experts 11.6893 sec
Elapsed time for households 10.1223 sec
Iteration 25
Elapsed time for kappa 31.3811 sec
Elapsed time for experts 12.6685 sec
Elapsed time for households 10.9089 sec
Iteration 26
Elapsed time for kappa 31.8888 sec
Elapsed time for experts 18.8882 sec
Elapsed time for households 10.8622 sec
Iteration 27
Elapsed time for kappa 31.2728 sec
Elapsed time for experts 11.7269 sec
Elapsed time for households 10.1928 sec
Iteration 28
Elapsed time for kappa 34.1075 sec
Elapsed time for experts 12.7958 sec
Elapsed time for households 10.1249 sec
Iteration 29
Elapsed time for kappa 31.4832 sec
Elapsed time for experts 11.8634 sec
Elapsed time for households 10.3654 sec
Iteration 30
Elapsed time for kappa 31.8785 sec
Elapsed time for experts 12.0645 sec
Elapsed time for households 10.7937 sec
Iteration 31
Elapsed time for kappa 32.9419 sec
Elapsed time for experts 12.4829 sec
Elapsed time for households 10.2689 sec
Iteration 32
Elapsed time for kappa 31.3830 sec
Elapsed time for experts 18.5725 sec
Elapsed time for households 10.6790 sec
Iteration 33
Elapsed time for kappa 30.3139 sec
Elapsed time for experts 11.1658 sec
Elapsed time for households 11.4775 sec
Iteration 34
Elapsed time for kappa 33.5733 sec
Elapsed time for experts 12.7688 sec
Elapsed time for households 11.8433 sec
Iteration 35
Elapsed time for kappa 31.8895 sec
Elapsed time for experts 11.3342 sec
Elapsed time for households 9.9143 sec
Iteration 36
Elapsed time for kappa 30.2494 sec
Elapsed time for experts 11.0638 sec
Elapsed time for households 10.1542 sec
Iteration 37
Elapsed time for kappa 31.3318 sec
Elapsed time for experts 11.2565 sec
Elapsed time for households 10.1408 sec
Iteration 38
Elapsed time for kappa 32.3133 sec
Elapsed time for experts 18.0560 sec
Elapsed time for households 10.5313 sec
Iteration 39
Elapsed time for kappa 31.4854 sec
Elapsed time for experts 11.0515 sec
Elapsed time for households 9.9690 sec
Iteration 40
Elapsed time for kappa 30.2792 sec
Elapsed time for experts 12.0891 sec
Elapsed time for households 10.1294 sec
Iteration 41
Elapsed time for kappa 30.0399 sec
Elapsed time for experts 11.7333 sec
Elapsed time for households 10.8160 sec
Iteration 42
Elapsed time for kappa 31.5622 sec
Elapsed time for experts 11.2748 sec
Elapsed time for households 9.9519 sec
Iteration 43
Elapsed time for kappa 30.2896 sec
Elapsed time for experts 11.2579 sec
Elapsed time for households 9.9326 sec
Iteration 44
Elapsed time for kappa 38.0603 sec
Elapsed time for experts 13.4653 sec
Elapsed time for households 11.4120 sec
Iteration 45
Elapsed time for kappa 31.4098 sec
Elapsed time for experts 12.6250 sec
Elapsed time for households 10.7443 sec
Iteration 46
Elapsed time for kappa 30.4619 sec
Elapsed time for experts 11.8926 sec
Elapsed time for households 10.3298 sec
Iteration 47
Elapsed time for kappa 30.3102 sec
Elapsed time for experts 11.2159 sec
Elapsed time for households 9.7700 sec
Iteration 48
Elapsed time for kappa 29.5806 sec
Elapsed time for experts 12.0856 sec
Elapsed time for households 10.0493 sec
Iteration 49
Elapsed time for kappa 30.1816 sec
Elapsed time for experts 11.3386 sec
Elapsed time for households 9.9260 sec
Iteration 50
Elapsed time for kappa 39.7514 sec
Elapsed time for experts 12.7777 sec
Elapsed time for households 11.3240 sec
Iteration 51
Elapsed time for kappa 32.9604 sec
Elapsed time for experts 12.8025 sec
Elapsed time for households 10.2110 sec
Iteration 52
Elapsed time for kappa 29.6225 sec
Elapsed time for experts 11.2005 sec
Elapsed time for households 10.1098 sec
Iteration 53
Elapsed time for kappa 29.4579 sec
Elapsed time for experts 11.8669 sec
Elapsed time for households 10.2884 sec
Iteration 54
Elapsed time for kappa 29.1757 sec
Elapsed time for experts 10.8641 sec
Elapsed time for households 9.7082 sec
Iteration 55
Elapsed time for kappa 30.9162 sec
Elapsed time for experts 13.1800 sec
Elapsed time for households 10.0568 sec
Iteration 56
Elapsed time for kappa 35.9043 sec
Elapsed time for experts 12.4641 sec
Elapsed time for households 10.5259 sec
Iteration 57
Elapsed time for kappa 29.1901 sec
Elapsed time for experts 11.2306 sec
Elapsed time for households 10.0820 sec
Iteration 58
Elapsed time for kappa 29.4092 sec
Elapsed time for experts 11.9493 sec
Elapsed time for households 11.2470 sec
Iteration 59
Elapsed time for kappa 29.2093 sec
Elapsed time for experts 10.8193 sec
Elapsed time for households 9.8744 sec
Iteration 60
Elapsed time for kappa 29.0361 sec
Elapsed time for experts 12.6987 sec
Elapsed time for households 10.3322 sec
Iteration 61
Elapsed time for kappa 31.0536 sec
Elapsed time for experts 10.8730 sec
Elapsed time for households 10.1372 sec
Iteration 62
Elapsed time for kappa 35.9088 sec
Elapsed time for experts 12.5304 sec
Elapsed time for households 10.9753 sec
Iteration 63
Elapsed time for kappa 29.6288 sec
Elapsed time for experts 12.2123 sec
Elapsed time for households 10.7994 sec
Iteration 64
Elapsed time for kappa 29.0840 sec
Elapsed time for experts 10.9900 sec
Elapsed time for households 9.9215 sec
Iteration 65
Elapsed time for kappa 28.8037 sec
Elapsed time for experts 11.0244 sec
Elapsed time for households 10.3007 sec
Iteration 66
Elapsed time for kappa 28.9167 sec
Elapsed time for experts 11.1234 sec
Elapsed time for households 10.0993 sec
Iteration 67
Elapsed time for kappa 29.3773 sec
Elapsed time for experts 11.0704 sec
Elapsed time for households 9.8966 sec
Iteration 68
Elapsed time for kappa 35.1911 sec
Elapsed time for experts 11.5666 sec
Elapsed time for households 10.9084 sec
Iteration 69
Elapsed time for kappa 29.1611 sec
Elapsed time for experts 11.0637 sec
Elapsed time for households 9.9349 sec
Iteration 70
Elapsed time for kappa 30.5841 sec
Elapsed time for experts 12.2833 sec
Elapsed time for households 10.4967 sec
Iteration 71
Elapsed time for kappa 29.0783 sec
Elapsed time for experts 10.8479 sec
Elapsed time for households 9.8716 sec
Iteration 72
Elapsed time for kappa 28.6579 sec
Elapsed time for experts 11.4342 sec
Elapsed time for households 9.9591 sec
Iteration 73
Elapsed time for kappa 29.1255 sec
Elapsed time for experts 10.9046 sec
Elapsed time for households 9.8284 sec
Iteration 74
Elapsed time for kappa 35.5821 sec
Elapsed time for experts 12.5490 sec
Elapsed time for households 10.7852 sec
Iteration 75
Elapsed time for kappa 29.5677 sec
Elapsed time for experts 12.1057 sec
Elapsed time for households 10.5673 sec
Iteration 76
Elapsed time for kappa 29.3843 sec
Elapsed time for experts 11.6741 sec
Elapsed time for households 10.0846 sec
Iteration 77
Elapsed time for kappa 28.7361 sec
Elapsed time for experts 11.0157 sec
Elapsed time for households 10.0279 sec
Iteration 78
Elapsed time for kappa 28.2971 sec
Elapsed time for experts 11.1124 sec
Elapsed time for households 10.0541 sec
Iteration 79
Elapsed time for kappa 28.1493 sec
Elapsed time for experts 10.4823 sec
Elapsed time for households 15.6507 sec
Iteration 80
Elapsed time for kappa 30.1808 sec
Elapsed time for experts 11.9642 sec
Elapsed time for households 10.7383 sec
Iteration 81
Elapsed time for kappa 28.9107 sec
Elapsed time for experts 11.6570 sec
Elapsed time for households 10.7176 sec
Iteration 82
Elapsed time for kappa 30.6119 sec
Elapsed time for experts 11.8540 sec
Elapsed time for households 10.4859 sec
Iteration 83
Elapsed time for kappa 28.1798 sec
Elapsed time for experts 11.5073 sec
Elapsed time for households 10.9274 sec
Iteration 84
Elapsed time for kappa 29.3750 sec
Elapsed time for experts 11.4939 sec
Elapsed time for households 10.2673 sec
Iteration 85
Elapsed time for kappa 29.0632 sec
Elapsed time for experts 10.8918 sec
Elapsed time for households 15.8341 sec
Iteration 86
Elapsed time for kappa 29.4112 sec
Elapsed time for experts 11.3385 sec
Elapsed time for households 9.9518 sec
Iteration 87
Elapsed time for kappa 28.8541 sec
Elapsed time for experts 11.3067 sec
Elapsed time for households 10.3132 sec
Iteration 88
Elapsed time for kappa 30.1460 sec
Elapsed time for experts 12.1022 sec
Elapsed time for households 10.5836 sec
Iteration 89
Elapsed time for kappa 28.3237 sec
Elapsed time for experts 10.7382 sec
Elapsed time for households 9.8197 sec
Iteration 90
Elapsed time for kappa 28.6400 sec
Elapsed time for experts 11.0011 sec
Elapsed time for households 9.9701 sec
Iteration 91
Elapsed time for kappa 28.3133 sec
Elapsed time for experts 17.4420 sec
Elapsed time for households 11.6620 sec
Iteration 92
Elapsed time for kappa 30.3115 sec
Elapsed time for experts 11.4651 sec
Elapsed time for households 10.7861 sec
Iteration 93
Elapsed time for kappa 30.2579 sec
Elapsed time for experts 12.4515 sec
Elapsed time for households 10.8589 sec
Iteration 94
Elapsed time for kappa 29.1773 sec
Elapsed time for experts 11.6737 sec
Elapsed time for households 10.0850 sec
Iteration 95
Elapsed time for kappa 29.3390 sec
Elapsed time for experts 10.9891 sec
Elapsed time for households 9.5746 sec
Iteration 96
Elapsed time for kappa 28.1703 sec
Elapsed time for experts 11.2463 sec
Elapsed time for households 10.4894 sec
Iteration 97
Elapsed time for kappa 31.0529 sec
Elapsed time for experts 18.5119 sec
Elapsed time for households 12.1896 sec
Iteration 98
Elapsed time for kappa 33.5664 sec
Elapsed time for experts 12.8265 sec
Elapsed time for households 11.1937 sec
Iteration 99
Elapsed time for kappa 30.3792 sec
Elapsed time for experts 11.3617 sec
Elapsed time for households 10.9933 sec
Iteration 100
Elapsed time for kappa 30.3384 sec
Elapsed time for experts 12.6131 sec
Elapsed time for households 10.7131 sec
Iteration 101
Elapsed time for kappa 29.2830 sec
Elapsed time for experts 11.9148 sec
Elapsed time for households 9.7591 sec
Iteration 102
Elapsed time for kappa 29.1950 sec
Elapsed time for experts 12.3820 sec
Elapsed time for households 10.2800 sec
Iteration 103
Elapsed time for kappa 27.8817 sec
Elapsed time for experts 16.9961 sec
Elapsed time for households 10.3159 sec
Iteration 104
Elapsed time for kappa 29.7334 sec
Elapsed time for experts 11.4511 sec
Elapsed time for households 10.1680 sec
Iteration 105
Elapsed time for kappa 28.9227 sec
Elapsed time for experts 11.8305 sec
Elapsed time for households 9.8897 sec
Iteration 106
Elapsed time for kappa 28.5005 sec
Elapsed time for experts 11.9856 sec
Elapsed time for households 10.9289 sec
Iteration 107
Elapsed time for kappa 31.6080 sec
Elapsed time for experts 10.9019 sec
Elapsed time for households 10.1480 sec
Iteration 108
Elapsed time for kappa 29.0945 sec
Elapsed time for experts 10.9843 sec
Elapsed time for households 9.8209 sec
Iteration 109
Elapsed time for kappa 35.9718 sec
Elapsed time for experts 12.4205 sec
Elapsed time for households 10.2923 sec
Iteration 110
Elapsed time for kappa 29.5786 sec
Elapsed time for experts 11.9669 sec
Elapsed time for households 11.4533 sec
Iteration 111
Elapsed time for kappa 32.8082 sec
Elapsed time for experts 12.6396 sec
Elapsed time for households 11.5002 sec
Iteration 112
Elapsed time for kappa 29.0911 sec
Elapsed time for experts 11.1887 sec
Elapsed time for households 9.6210 sec
Iteration 113
Elapsed time for kappa 28.2600 sec
Elapsed time for experts 11.0194 sec
Elapsed time for households 10.2507 sec
Iteration 114
Elapsed time for kappa 28.1620 sec
Elapsed time for experts 10.9482 sec
Elapsed time for households 9.4853 sec
Iteration 115
Elapsed time for kappa 36.1328 sec
Elapsed time for experts 12.0976 sec
Elapsed time for households 10.2579 sec
Iteration 116
Elapsed time for kappa 29.3198 sec
Elapsed time for experts 11.3988 sec
Elapsed time for households 10.0859 sec
Iteration 117
Elapsed time for kappa 28.6668 sec
Elapsed time for experts 11.0948 sec
Elapsed time for households 9.8223 sec
Iteration 118
Elapsed time for kappa 28.5533 sec
Elapsed time for experts 10.7371 sec
Elapsed time for households 10.3607 sec
Iteration 119
Elapsed time for kappa 29.7131 sec
Elapsed time for experts 11.6904 sec
Elapsed time for households 10.5961 sec
Iteration 120
Elapsed time for kappa 31.3601 sec
Elapsed time for experts 12.5940 sec
Elapsed time for households 9.7670 sec
Iteration 121
Elapsed time for kappa 35.6380 sec
Elapsed time for experts 12.5861 sec
Elapsed time for households 11.1062 sec
Iteration 122
Elapsed time for kappa 29.8407 sec
Elapsed time for experts 11.5505 sec
Elapsed time for households 10.4203 sec
Iteration 123
Elapsed time for kappa 29.0555 sec
Elapsed time for experts 11.6132 sec
Elapsed time for households 10.1959 sec
Iteration 124
Elapsed time for kappa 28.6616 sec
Elapsed time for experts 11.5548 sec
Elapsed time for households 10.7704 sec
Iteration 125
Elapsed time for kappa 30.0045 sec
Elapsed time for experts 12.0501 sec
Elapsed time for households 10.3818 sec
Iteration 126
Elapsed time for kappa 28.3143 sec
Elapsed time for experts 11.0984 sec
Elapsed time for households 10.0931 sec
Iteration 127
Elapsed time for kappa 36.1041 sec
Elapsed time for experts 11.7857 sec
Elapsed time for households 10.0577 sec
Iteration 128
Elapsed time for kappa 29.7178 sec
Elapsed time for experts 11.3413 sec
Elapsed time for households 10.3561 sec
Iteration 129
Elapsed time for kappa 29.2253 sec
Elapsed time for experts 11.4536 sec
Elapsed time for households 10.3139 sec
Iteration 130
Elapsed time for kappa 28.7743 sec
Elapsed time for experts 11.3575 sec
Elapsed time for households 9.7568 sec
Iteration 131
Elapsed time for kappa 28.2250 sec
Elapsed time for experts 11.1254 sec
Elapsed time for households 9.9424 sec
Iteration 132
Elapsed time for kappa 31.1891 sec
Elapsed time for experts 12.5000 sec
Elapsed time for households 9.7692 sec
Iteration 133
Elapsed time for kappa 36.2023 sec
Elapsed time for experts 11.8331 sec
Elapsed time for households 10.4247 sec
Iteration 134
Elapsed time for kappa 30.9598 sec
Elapsed time for experts 11.5115 sec
Elapsed time for households 9.9639 sec
Iteration 135
Elapsed time for kappa 29.9274 sec
Elapsed time for experts 12.0005 sec
Elapsed time for households 10.3081 sec
Iteration 136
Elapsed time for kappa 28.4755 sec
Elapsed time for experts 10.7357 sec
Elapsed time for households 9.8749 sec
Iteration 137
Elapsed time for kappa 28.4274 sec
Elapsed time for experts 10.8475 sec
Elapsed time for households 9.5753 sec
Iteration 138
Elapsed time for kappa 28.5255 sec
Elapsed time for experts 12.0049 sec
Elapsed time for households 10.6162 sec
Iteration 139
Elapsed time for kappa 37.3441 sec
Elapsed time for experts 11.7955 sec
Elapsed time for households 10.7635 sec
Iteration 140
Elapsed time for kappa 31.4214 sec
Elapsed time for experts 11.6600 sec
Elapsed time for households 10.4495 sec
Iteration 141
Elapsed time for kappa 28.7483 sec
Elapsed time for experts 11.1478 sec
Elapsed time for households 9.9956 sec
Iteration 142
Elapsed time for kappa 28.3877 sec
Elapsed time for experts 11.0071 sec
Elapsed time for households 9.7406 sec
Iteration 143
Elapsed time for kappa 28.4026 sec
Elapsed time for experts 10.7883 sec
Elapsed time for households 9.6075 sec
Iteration 144
Elapsed time for kappa 29.3160 sec
Elapsed time for experts 11.0228 sec
Elapsed time for households 9.9627 sec
Iteration 145
Elapsed time for kappa 36.3718 sec
Elapsed time for experts 12.4382 sec
Elapsed time for households 10.5805 sec
Iteration 146
Elapsed time for kappa 29.7329 sec
Elapsed time for experts 12.0661 sec
Elapsed time for households 11.1246 sec
Iteration 147
Elapsed time for kappa 30.3971 sec
Elapsed time for experts 11.1366 sec
Elapsed time for households 9.9440 sec
Iteration 148
Elapsed time for kappa 29.0099 sec
Elapsed time for experts 11.8593 sec
Elapsed time for households 11.2209 sec
Iteration 149
Elapsed time for kappa 30.1061 sec
Elapsed time for experts 11.4650 sec
Elapsed time for households 10.0896 sec
Iteration 150
Elapsed time for kappa 28.1455 sec
Elapsed time for experts 10.7498 sec
Elapsed time for households 15.2835 sec
Iteration 151
Elapsed time for kappa 29.8163 sec
Elapsed time for experts 11.1362 sec
Elapsed time for households 10.2426 sec
Iteration 152
Elapsed time for kappa 29.4675 sec
Elapsed time for experts 11.4931 sec
Elapsed time for households 10.7826 sec
Iteration 153
Elapsed time for kappa 29.0400 sec
Elapsed time for experts 10.8996 sec
Elapsed time for households 9.9859 sec
Iteration 154
Elapsed time for kappa 30.3532 sec
Elapsed time for experts 10.7457 sec
Elapsed time for households 9.7884 sec
Iteration 155
Elapsed time for kappa 29.0953 sec
Elapsed time for experts 10.7690 sec
Elapsed time for households 10.0661 sec
Iteration 156
Elapsed time for kappa 29.6586 sec
Elapsed time for experts 10.5650 sec
Elapsed time for households 16.3885 sec
Iteration 157
Elapsed time for kappa 29.7906 sec
Elapsed time for experts 11.7824 sec
Elapsed time for households 10.1570 sec
Iteration 158
Elapsed time for kappa 29.4677 sec
Elapsed time for experts 11.5676 sec
Elapsed time for households 10.1689 sec
Iteration 159
Elapsed time for kappa 29.8654 sec
Elapsed time for experts 11.3408 sec
Elapsed time for households 10.0444 sec
Iteration 160
Elapsed time for kappa 29.7452 sec
Elapsed time for experts 11.2116 sec
Elapsed time for households 9.7579 sec
Iteration 161
Elapsed time for kappa 28.4198 sec
Elapsed time for experts 11.6120 sec
Elapsed time for households 10.4276 sec
Iteration 162
Elapsed time for kappa 28.3114 sec
Elapsed time for experts 10.5849 sec
Elapsed time for households 9.5288 sec
Iteration 163
Elapsed time for kappa 37.1764 sec
Elapsed time for experts 12.3906 sec
Elapsed time for households 11.0733 sec
Iteration 164
Elapsed time for kappa 29.6317 sec
Elapsed time for experts 11.6177 sec
Elapsed time for households 10.5953 sec
Iteration 165
Elapsed time for kappa 29.4459 sec
Elapsed time for experts 11.9171 sec
Elapsed time for households 10.2475 sec
Iteration 166
Elapsed time for kappa 28.5501 sec
Elapsed time for experts 11.3316 sec
Elapsed time for households 9.6621 sec
Iteration 167
Elapsed time for kappa 28.1888 sec
Elapsed time for experts 11.0956 sec
Elapsed time for households 10.1384 sec
Iteration 168
Elapsed time for kappa 28.9296 sec
Elapsed time for experts 17.9406 sec
Elapsed time for households 11.7912 sec
Iteration 169
Elapsed time for kappa 29.5194 sec
Elapsed time for experts 11.3272 sec
Elapsed time for households 10.7125 sec
Iteration 170
Elapsed time for kappa 33.3055 sec
Elapsed time for experts 11.4280 sec
Elapsed time for households 10.2942 sec
Iteration 171
Elapsed time for kappa 28.9420 sec
Elapsed time for experts 11.0522 sec
Elapsed time for households 9.9562 sec
Iteration 172
Elapsed time for kappa 28.7229 sec
Elapsed time for experts 10.7436 sec
Elapsed time for households 9.9841 sec
Iteration 173
Elapsed time for kappa 29.2070 sec
Elapsed time for experts 11.9757 sec
Elapsed time for households 10.4393 sec
Iteration 174
Elapsed time for kappa 29.6836 sec
Elapsed time for experts 11.0603 sec
Elapsed time for households 15.9278 sec
Iteration 175
Elapsed time for kappa 29.7710 sec
Elapsed time for experts 11.6192 sec
Elapsed time for households 10.1262 sec
Iteration 176
Elapsed time for kappa 29.2558 sec
Elapsed time for experts 11.2850 sec
Elapsed time for households 10.1138 sec
Iteration 177
Elapsed time for kappa 29.2450 sec
Elapsed time for experts 11.2887 sec
Elapsed time for households 10.1987 sec
Iteration 178
Elapsed time for kappa 28.8459 sec
Elapsed time for experts 11.2638 sec
Elapsed time for households 10.3485 sec
Iteration 179
Elapsed time for kappa 28.6231 sec
Elapsed time for experts 11.1847 sec
Elapsed time for households 10.7903 sec
Iteration 180
Elapsed time for kappa 29.0255 sec
Elapsed time for experts 10.6240 sec
Elapsed time for households 15.9578 sec
Iteration 181
Elapsed time for kappa 30.0374 sec
Elapsed time for experts 11.7958 sec
Elapsed time for households 10.7343 sec
Iteration 182
Elapsed time for kappa 30.5364 sec
Elapsed time for experts 11.6231 sec
Elapsed time for households 10.4528 sec
Iteration 183
Elapsed time for kappa 29.9015 sec
Elapsed time for experts 12.0194 sec
Elapsed time for households 10.1644 sec
Iteration 184
Elapsed time for kappa 28.8440 sec
Elapsed time for experts 10.9251 sec
Elapsed time for households 9.8288 sec
Iteration 185
Elapsed time for kappa 29.7089 sec
Elapsed time for experts 12.1508 sec
Elapsed time for households 9.9265 sec
Iteration 186
Elapsed time for kappa 28.7847 sec
Elapsed time for experts 11.8458 sec
Elapsed time for households 10.3365 sec
Iteration 187
Elapsed time for kappa 38.1751 sec
Elapsed time for experts 11.5021 sec
Elapsed time for households 10.5512 sec
Iteration 188
Elapsed time for kappa 29.7650 sec
Elapsed time for experts 11.9457 sec
Elapsed time for households 10.1903 sec
Iteration 189
Elapsed time for kappa 30.7176 sec
Elapsed time for experts 12.5647 sec
Elapsed time for households 9.8886 sec
Iteration 190
Elapsed time for kappa 31.8706 sec
Elapsed time for experts 13.5560 sec
Elapsed time for households 11.4094 sec
Iteration 191
Elapsed time for kappa 28.6711 sec
Elapsed time for experts 11.2657 sec
Elapsed time for households 9.8304 sec
Iteration 192
Elapsed time for kappa 28.2305 sec
Elapsed time for experts 11.3215 sec
Elapsed time for households 15.4989 sec
Iteration 193
Elapsed time for kappa 31.9595 sec
Elapsed time for experts 12.3443 sec
Elapsed time for households 10.8134 sec
Iteration 194
Elapsed time for kappa 30.5693 sec
Elapsed time for experts 12.5867 sec
Elapsed time for households 11.5407 sec
Iteration 195
Elapsed time for kappa 29.8775 sec
Elapsed time for experts 11.4950 sec
Elapsed time for households 10.2595 sec
Iteration 196
Elapsed time for kappa 28.7052 sec
Elapsed time for experts 11.0137 sec
Elapsed time for households 9.6843 sec
Iteration 197
Elapsed time for kappa 28.2498 sec
Elapsed time for experts 12.9436 sec
Elapsed time for households 9.5655 sec
Iteration 198
Elapsed time for kappa 28.3652 sec
Elapsed time for experts 19.5190 sec
Elapsed time for households 10.6497 sec
Iteration 199
Elapsed time for kappa 29.8648 sec
Elapsed time for experts 11.3198 sec
Elapsed time for households 10.1910 sec
Iteration 200
Elapsed time for kappa 29.4405 sec
Elapsed time for experts 11.4355 sec
Elapsed time for households 10.6412 sec
Iteration 201
Elapsed time for kappa 29.1959 sec
Elapsed time for experts 11.0611 sec
Elapsed time for households 10.6533 sec
Iteration 202
Elapsed time for kappa 28.6837 sec
Elapsed time for experts 11.7816 sec
Elapsed time for households 10.5202 sec
Iteration 203
Elapsed time for kappa 28.9515 sec
Elapsed time for experts 10.7846 sec
Elapsed time for households 9.7758 sec
Iteration 204
Elapsed time for kappa 28.0268 sec
Elapsed time for experts 10.7522 sec
Elapsed time for households 16.4668 sec
Iteration 205
Elapsed time for kappa 30.4816 sec
Elapsed time for experts 12.4513 sec
Elapsed time for households 10.2481 sec
Iteration 206
Elapsed time for kappa 29.8718 sec
Elapsed time for experts 11.6148 sec
Elapsed time for households 10.3150 sec
Iteration 207
Elapsed time for kappa 29.5779 sec
Elapsed time for experts 11.0957 sec
Elapsed time for households 10.1025 sec
Iteration 208
Elapsed time for kappa 28.5762 sec
Elapsed time for experts 10.7785 sec
Elapsed time for households 9.8212 sec
Iteration 209
Elapsed time for kappa 31.6403 sec
Elapsed time for experts 12.0983 sec
Elapsed time for households 10.7309 sec
Iteration 210
Elapsed time for kappa 28.2846 sec
Elapsed time for experts 10.6928 sec
Elapsed time for households 16.1521 sec
Iteration 211
Elapsed time for kappa 30.2209 sec
Elapsed time for experts 11.4532 sec
Elapsed time for households 10.3184 sec
Iteration 212
Elapsed time for kappa 31.8567 sec
Elapsed time for experts 11.7352 sec
Elapsed time for households 10.1569 sec
Iteration 213
Elapsed time for kappa 29.3257 sec
Elapsed time for experts 11.4303 sec
Elapsed time for households 10.0304 sec
Iteration 214
Elapsed time for kappa 29.0038 sec
Elapsed time for experts 11.1054 sec
Elapsed time for households 10.2323 sec
Iteration 215
Elapsed time for kappa 28.6354 sec
Elapsed time for experts 10.8337 sec
Elapsed time for households 10.1425 sec
Iteration 216
Elapsed time for kappa 27.8866 sec
Elapsed time for experts 10.7199 sec
Elapsed time for households 9.6745 sec
Iteration 217
Elapsed time for kappa 36.4827 sec
Elapsed time for experts 11.5596 sec
Elapsed time for households 10.9379 sec
Iteration 218
Elapsed time for kappa 29.5390 sec
Elapsed time for experts 11.2035 sec
Elapsed time for households 10.4121 sec
Iteration 219
Elapsed time for kappa 31.5646 sec
Elapsed time for experts 12.0481 sec
Elapsed time for households 10.3598 sec
Iteration 220
Elapsed time for kappa 29.3061 sec
Elapsed time for experts 11.1848 sec
Elapsed time for households 10.2678 sec
Iteration 221
Elapsed time for kappa 28.9140 sec
Elapsed time for experts 11.7301 sec
Elapsed time for households 11.5891 sec
Iteration 222
Elapsed time for kappa 31.6398 sec
Elapsed time for experts 11.4811 sec
Elapsed time for households 17.0422 sec
Iteration 223
Elapsed time for kappa 30.6850 sec
Elapsed time for experts 11.9637 sec
Elapsed time for households 10.4264 sec
Iteration 224
Elapsed time for kappa 29.9905 sec
Elapsed time for experts 12.0917 sec
Elapsed time for households 10.6051 sec
Iteration 225
Elapsed time for kappa 29.2628 sec
Elapsed time for experts 10.9968 sec
Elapsed time for households 10.6158 sec
Iteration 226
Elapsed time for kappa 28.9103 sec
Elapsed time for experts 11.1469 sec
Elapsed time for households 9.9354 sec
Iteration 227
Elapsed time for kappa 28.7792 sec
Elapsed time for experts 10.8681 sec
Elapsed time for households 9.9453 sec
Iteration 228
Elapsed time for kappa 29.0530 sec
Elapsed time for experts 10.6222 sec
Elapsed time for households 9.9130 sec
Iteration 229
Elapsed time for kappa 38.0971 sec
Elapsed time for experts 12.9874 sec
Elapsed time for households 11.9335 sec
Iteration 230
Elapsed time for kappa 29.7115 sec
Elapsed time for experts 11.2521 sec
Elapsed time for households 10.6086 sec
Iteration 231
Elapsed time for kappa 29.9884 sec
Elapsed time for experts 11.4046 sec
Elapsed time for households 10.3055 sec
Iteration 232
Elapsed time for kappa 29.2730 sec
Elapsed time for experts 11.1624 sec
Elapsed time for households 10.3676 sec
Iteration 233
Elapsed time for kappa 28.4772 sec
Elapsed time for experts 11.4150 sec
Elapsed time for households 9.5691 sec
Iteration 234
Elapsed time for kappa 28.1678 sec
Elapsed time for experts 11.1031 sec
Elapsed time for households 10.3419 sec
Iteration 235
Elapsed time for kappa 38.1921 sec
Elapsed time for experts 11.6925 sec
Elapsed time for households 10.4221 sec
Iteration 236
Elapsed time for kappa 29.6935 sec
Elapsed time for experts 11.4697 sec
Elapsed time for households 10.3333 sec
Iteration 237
Elapsed time for kappa 29.4619 sec
Elapsed time for experts 11.2443 sec
Elapsed time for households 10.3147 sec
Iteration 238
Elapsed time for kappa 29.1839 sec
Elapsed time for experts 12.2176 sec
Elapsed time for households 9.9541 sec
Iteration 239
Elapsed time for kappa 28.7866 sec
Elapsed time for experts 10.8717 sec
Elapsed time for households 9.8293 sec
Iteration 240
Elapsed time for kappa 28.4212 sec
Elapsed time for experts 10.8215 sec
Elapsed time for households 16.1068 sec
Iteration 241
Elapsed time for kappa 30.8714 sec
Elapsed time for experts 11.6742 sec
Elapsed time for households 10.2976 sec
Iteration 242
Elapsed time for kappa 29.4693 sec
Elapsed time for experts 11.1209 sec
Elapsed time for households 9.9700 sec
Iteration 243
Elapsed time for kappa 30.3797 sec
Elapsed time for experts 11.9610 sec
Elapsed time for households 10.1963 sec
Iteration 244
Elapsed time for kappa 29.0451 sec
Elapsed time for experts 11.2144 sec
Elapsed time for households 10.0769 sec
Iteration 245
Elapsed time for kappa 28.5818 sec
Elapsed time for experts 11.1936 sec
Elapsed time for households 11.8132 sec
Iteration 246
Elapsed time for kappa 33.0782 sec
Elapsed time for experts 12.5444 sec
Elapsed time for households 9.6903 sec
Iteration 247
Elapsed time for kappa 36.4993 sec
Elapsed time for experts 11.8154 sec
Elapsed time for households 10.5592 sec
Iteration 248
Elapsed time for kappa 29.6253 sec
Elapsed time for experts 11.2606 sec
Elapsed time for households 10.1173 sec
Iteration 249
Elapsed time for kappa 29.4131 sec
Elapsed time for experts 11.3893 sec
Elapsed time for households 10.5358 sec
Iteration 250
Elapsed time for kappa 29.2028 sec
Elapsed time for experts 11.2471 sec
Elapsed time for households 10.6288 sec
Iteration 251
Elapsed time for kappa 28.6339 sec
Elapsed time for experts 11.2011 sec
Elapsed time for households 9.7664 sec
Iteration 252
Elapsed time for kappa 28.8909 sec
Elapsed time for experts 10.9817 sec
Elapsed time for households 16.5726 sec
Iteration 253
Elapsed time for kappa 30.0748 sec
Elapsed time for experts 11.3805 sec
Elapsed time for households 10.3995 sec
Iteration 254
Elapsed time for kappa 30.6568 sec
Elapsed time for experts 11.1236 sec
Elapsed time for households 10.1149 sec
Iteration 255
Elapsed time for kappa 30.7330 sec
Elapsed time for experts 11.4859 sec
Elapsed time for households 11.6031 sec
Iteration 256
Elapsed time for kappa 32.7835 sec
Elapsed time for experts 12.3501 sec
Elapsed time for households 10.6951 sec
Iteration 257
Elapsed time for kappa 29.2503 sec
Elapsed time for experts 11.5343 sec
Elapsed time for households 9.8267 sec
Iteration 258
Elapsed time for kappa 28.6217 sec
Elapsed time for experts 10.9242 sec
Elapsed time for households 10.0675 sec
Iteration 259
Elapsed time for kappa 36.4766 sec
Elapsed time for experts 11.6875 sec
Elapsed time for households 10.3567 sec
Iteration 260
Elapsed time for kappa 29.7324 sec
Elapsed time for experts 11.8419 sec
Elapsed time for households 11.1964 sec
Iteration 261
Elapsed time for kappa 29.7356 sec
Elapsed time for experts 11.2003 sec
Elapsed time for households 11.2646 sec
Iteration 262
Elapsed time for kappa 29.9557 sec
Elapsed time for experts 11.4652 sec
Elapsed time for households 10.0797 sec
Iteration 263
Elapsed time for kappa 30.6211 sec
Elapsed time for experts 10.8189 sec
Elapsed time for households 10.0776 sec
Iteration 264
Elapsed time for kappa 28.4000 sec
Elapsed time for experts 10.9661 sec
Elapsed time for households 16.0661 sec
Iteration 265
Elapsed time for kappa 31.2920 sec
Elapsed time for experts 12.7937 sec
Elapsed time for households 11.0595 sec
Iteration 266
Elapsed time for kappa 31.5425 sec
Elapsed time for experts 11.1810 sec
Elapsed time for households 10.2186 sec
Iteration 267
Elapsed time for kappa 29.3079 sec
Elapsed time for experts 11.4957 sec
Elapsed time for households 10.9300 sec
Iteration 268
Elapsed time for kappa 29.2523 sec
Elapsed time for experts 11.0034 sec
Elapsed time for households 10.4952 sec
Iteration 269
Elapsed time for kappa 29.2467 sec
Elapsed time for experts 11.4513 sec
Elapsed time for households 10.6454 sec
Iteration 270
Elapsed time for kappa 28.2382 sec
Elapsed time for experts 10.9264 sec
Elapsed time for households 10.0916 sec
Iteration 271
Elapsed time for kappa 37.0138 sec
Elapsed time for experts 11.8492 sec
Elapsed time for households 10.2823 sec
Iteration 272
Elapsed time for kappa 29.5287 sec
Elapsed time for experts 11.4758 sec
Elapsed time for households 10.1306 sec
Iteration 273
Elapsed time for kappa 29.4324 sec
Elapsed time for experts 11.4387 sec
Elapsed time for households 10.1635 sec
Iteration 274
Elapsed time for kappa 29.5335 sec
Elapsed time for experts 11.3291 sec
Elapsed time for households 10.3638 sec
Iteration 275
Elapsed time for kappa 29.0985 sec
Elapsed time for experts 11.2958 sec
Elapsed time for households 10.0056 sec
Iteration 276
Elapsed time for kappa 28.1472 sec
Elapsed time for experts 11.1044 sec
Elapsed time for households 10.3084 sec
Iteration 277
Elapsed time for kappa 36.1391 sec
Elapsed time for experts 11.4307 sec
Elapsed time for households 10.5090 sec
Iteration 278
Elapsed time for kappa 29.5786 sec
Elapsed time for experts 11.9284 sec
Elapsed time for households 10.2822 sec
Iteration 279
Elapsed time for kappa 29.8435 sec
Elapsed time for experts 11.4599 sec
Elapsed time for households 10.8257 sec
Iteration 280
Elapsed time for kappa 30.4565 sec
Elapsed time for experts 11.0076 sec
Elapsed time for households 10.1572 sec
Iteration 281
Elapsed time for kappa 28.5541 sec
Elapsed time for experts 11.3559 sec
Elapsed time for households 9.9504 sec
Iteration 282
Elapsed time for kappa 28.6915 sec
Elapsed time for experts 11.2838 sec
Elapsed time for households 16.0338 sec
Iteration 283
Elapsed time for kappa 30.6778 sec
Elapsed time for experts 11.9391 sec
Elapsed time for households 10.6953 sec
Iteration 284
Elapsed time for kappa 29.7566 sec
Elapsed time for experts 11.1932 sec
Elapsed time for households 10.4902 sec
Iteration 285
Elapsed time for kappa 30.2418 sec
Elapsed time for experts 12.1313 sec
Elapsed time for households 11.3236 sec
Iteration 286
Elapsed time for kappa 32.0326 sec
Elapsed time for experts 12.3042 sec
Elapsed time for households 11.0865 sec
Iteration 287
Elapsed time for kappa 31.6113 sec
Elapsed time for experts 10.8516 sec
Elapsed time for households 10.0154 sec
Iteration 288
Elapsed time for kappa 28.1372 sec
Elapsed time for experts 11.1085 sec
Elapsed time for households 9.6443 sec
Iteration 289
Elapsed time for kappa 37.3241 sec
Elapsed time for experts 11.5318 sec
Elapsed time for households 10.3500 sec
Iteration 290
Elapsed time for kappa 29.4911 sec
Elapsed time for experts 11.1582 sec
Elapsed time for households 10.5279 sec
Iteration 291
Elapsed time for kappa 29.9714 sec
Elapsed time for experts 11.0950 sec
Elapsed time for households 10.9141 sec
Iteration 292
Elapsed time for kappa 30.2141 sec
Elapsed time for experts 11.7753 sec
Elapsed time for households 12.0747 sec
Iteration 293
Elapsed time for kappa 32.2010 sec
Elapsed time for experts 12.1605 sec
Elapsed time for households 11.2986 sec
Iteration 294
Elapsed time for kappa 29.0994 sec
Elapsed time for experts 11.7882 sec
Elapsed time for households 16.8051 sec
Iteration 295
Elapsed time for kappa 30.5649 sec
Elapsed time for experts 11.3643 sec
Elapsed time for households 10.4227 sec
Iteration 296
Elapsed time for kappa 29.6741 sec
Elapsed time for experts 12.1107 sec
Elapsed time for households 10.7427 sec
Iteration 297
Elapsed time for kappa 30.1883 sec
Elapsed time for experts 11.4749 sec
Elapsed time for households 10.4481 sec
Iteration 298
Elapsed time for kappa 29.0703 sec
Elapsed time for experts 11.0368 sec
Elapsed time for households 9.8920 sec
Iteration 299
Elapsed time for kappa 28.6183 sec
Elapsed time for experts 11.1530 sec
Elapsed time for households 9.8123 sec
Elapsed time for training 15986.7301 sec
90000 90000 90000 90000
