Iteration 0
Elapsed time for kappa 68.9968 sec
Elapsed time for experts 19.5059 sec
Elapsed time for households 14.7142 sec
Iteration 1
Elapsed time for kappa 31.7734 sec
Elapsed time for experts 14.1349 sec
Elapsed time for households 12.3551 sec
Iteration 2
Elapsed time for kappa 32.0416 sec
Elapsed time for experts 14.0041 sec
Elapsed time for households 11.8081 sec
Iteration 3
Elapsed time for kappa 42.1324 sec
Elapsed time for experts 16.3325 sec
Elapsed time for households 14.4507 sec
Iteration 4
Elapsed time for kappa 35.3692 sec
Elapsed time for experts 17.3917 sec
Elapsed time for households 15.4695 sec
Iteration 5
Elapsed time for kappa 34.4608 sec
Elapsed time for experts 15.9684 sec
Elapsed time for households 13.2253 sec
Iteration 6
Elapsed time for kappa 34.5651 sec
Elapsed time for experts 17.0580 sec
Elapsed time for households 13.0297 sec
Iteration 7
Elapsed time for kappa 34.1779 sec
Elapsed time for experts 16.0112 sec
Elapsed time for households 12.8721 sec
Iteration 8
Elapsed time for kappa 33.8790 sec
Elapsed time for experts 16.0235 sec
Elapsed time for households 19.2119 sec
Iteration 9
Elapsed time for kappa 34.9621 sec
Elapsed time for experts 14.3132 sec
Elapsed time for households 12.4120 sec
Iteration 10
Elapsed time for kappa 34.4046 sec
Elapsed time for experts 15.7117 sec
Elapsed time for households 14.7909 sec
Iteration 11
Elapsed time for kappa 34.9371 sec
Elapsed time for experts 15.2881 sec
Elapsed time for households 14.2950 sec
Iteration 12
Elapsed time for kappa 34.1333 sec
Elapsed time for experts 15.0711 sec
Elapsed time for households 12.2255 sec
Iteration 13
Elapsed time for kappa 33.3802 sec
Elapsed time for experts 15.3719 sec
Elapsed time for households 12.2017 sec
Iteration 14
Elapsed time for kappa 33.7828 sec
Elapsed time for experts 14.9866 sec
Elapsed time for households 14.2401 sec
Iteration 15
Elapsed time for kappa 43.0875 sec
Elapsed time for experts 16.1597 sec
Elapsed time for households 12.4578 sec
Iteration 16
Elapsed time for kappa 34.3448 sec
Elapsed time for experts 15.5141 sec
Elapsed time for households 12.8875 sec
Iteration 17
Elapsed time for kappa 35.3802 sec
Elapsed time for experts 15.5009 sec
Elapsed time for households 13.6100 sec
Iteration 18
Elapsed time for kappa 35.0302 sec
Elapsed time for experts 15.7792 sec
Elapsed time for households 11.9107 sec
Iteration 19
Elapsed time for kappa 33.9795 sec
Elapsed time for experts 15.7267 sec
Elapsed time for households 11.5426 sec
Iteration 20
Elapsed time for kappa 33.8595 sec
Elapsed time for experts 15.3243 sec
Elapsed time for households 22.0566 sec
Iteration 21
Elapsed time for kappa 35.1026 sec
Elapsed time for experts 15.6222 sec
Elapsed time for households 11.9290 sec
Iteration 22
Elapsed time for kappa 34.7646 sec
Elapsed time for experts 16.0946 sec
Elapsed time for households 13.6663 sec
Iteration 23
Elapsed time for kappa 34.0951 sec
Elapsed time for experts 16.5307 sec
Elapsed time for households 12.1677 sec
Iteration 24
Elapsed time for kappa 34.5163 sec
Elapsed time for experts 15.8824 sec
Elapsed time for households 11.7013 sec
Iteration 25
Elapsed time for kappa 34.3986 sec
Elapsed time for experts 15.5764 sec
Elapsed time for households 12.2250 sec
Iteration 26
Elapsed time for kappa 33.9432 sec
Elapsed time for experts 24.4849 sec
Elapsed time for households 14.1833 sec
Iteration 27
Elapsed time for kappa 35.5827 sec
Elapsed time for experts 16.5736 sec
Elapsed time for households 14.6750 sec
Iteration 28
Elapsed time for kappa 36.4491 sec
Elapsed time for experts 15.8078 sec
Elapsed time for households 12.8870 sec
Iteration 29
Elapsed time for kappa 34.5727 sec
Elapsed time for experts 15.2589 sec
Elapsed time for households 11.9831 sec
Iteration 30
Elapsed time for kappa 34.6992 sec
Elapsed time for experts 15.2325 sec
Elapsed time for households 12.8506 sec
Iteration 31
Elapsed time for kappa 34.0641 sec
Elapsed time for experts 14.9364 sec
Elapsed time for households 11.9335 sec
Iteration 32
Elapsed time for kappa 34.5568 sec
Elapsed time for experts 23.5311 sec
Elapsed time for households 12.4148 sec
Iteration 33
Elapsed time for kappa 36.0220 sec
Elapsed time for experts 15.6851 sec
Elapsed time for households 12.9370 sec
Iteration 34
Elapsed time for kappa 35.0713 sec
Elapsed time for experts 13.3652 sec
Elapsed time for households 11.9149 sec
Iteration 35
Elapsed time for kappa 39.0397 sec
Elapsed time for experts 15.8543 sec
Elapsed time for households 12.7285 sec
Iteration 36
Elapsed time for kappa 34.2077 sec
Elapsed time for experts 15.5072 sec
Elapsed time for households 13.1929 sec
Iteration 37
Elapsed time for kappa 34.2094 sec
Elapsed time for experts 15.4071 sec
Elapsed time for households 13.6638 sec
Iteration 38
Elapsed time for kappa 34.0659 sec
Elapsed time for experts 23.9455 sec
Elapsed time for households 13.8104 sec
Iteration 39
Elapsed time for kappa 36.6681 sec
Elapsed time for experts 17.0730 sec
Elapsed time for households 13.1249 sec
Iteration 40
Elapsed time for kappa 34.8647 sec
Elapsed time for experts 16.0130 sec
Elapsed time for households 12.5566 sec
Iteration 41
Elapsed time for kappa 34.9286 sec
Elapsed time for experts 16.0017 sec
Elapsed time for households 12.3392 sec
Iteration 42
Elapsed time for kappa 34.8067 sec
Elapsed time for experts 15.9973 sec
Elapsed time for households 13.2794 sec
Iteration 43
Elapsed time for kappa 33.9858 sec
Elapsed time for experts 16.0286 sec
Elapsed time for households 13.5843 sec
Iteration 44
Elapsed time for kappa 45.5221 sec
Elapsed time for experts 16.6685 sec
Elapsed time for households 12.1265 sec
Iteration 45
Elapsed time for kappa 35.9331 sec
Elapsed time for experts 15.3932 sec
Elapsed time for households 12.8606 sec
Iteration 46
Elapsed time for kappa 35.1330 sec
Elapsed time for experts 15.5910 sec
Elapsed time for households 12.1861 sec
Iteration 47
Elapsed time for kappa 34.8072 sec
Elapsed time for experts 15.1647 sec
Elapsed time for households 12.4152 sec
Iteration 48
Elapsed time for kappa 34.5543 sec
Elapsed time for experts 15.0997 sec
Elapsed time for households 13.6446 sec
Iteration 49
Elapsed time for kappa 34.4725 sec
Elapsed time for experts 16.7725 sec
Elapsed time for households 12.2979 sec
Iteration 50
Elapsed time for kappa 44.6356 sec
Elapsed time for experts 17.0386 sec
Elapsed time for households 13.3565 sec
Iteration 51
Elapsed time for kappa 35.8856 sec
Elapsed time for experts 15.8462 sec
Elapsed time for households 13.6653 sec
Iteration 52
Elapsed time for kappa 35.4483 sec
Elapsed time for experts 16.0007 sec
Elapsed time for households 12.7993 sec
Iteration 53
Elapsed time for kappa 35.0607 sec
Elapsed time for experts 15.4635 sec
Elapsed time for households 11.4369 sec
Iteration 54
Elapsed time for kappa 34.6112 sec
Elapsed time for experts 12.8508 sec
Elapsed time for households 11.3129 sec
Iteration 55
Elapsed time for kappa 34.4938 sec
Elapsed time for experts 15.1766 sec
Elapsed time for households 11.5072 sec
Iteration 56
Elapsed time for kappa 45.6861 sec
Elapsed time for experts 16.7845 sec
Elapsed time for households 13.0754 sec
Iteration 57
Elapsed time for kappa 36.0520 sec
Elapsed time for experts 16.1929 sec
Elapsed time for households 14.4124 sec
Iteration 58
Elapsed time for kappa 35.0501 sec
Elapsed time for experts 15.4989 sec
Elapsed time for households 14.2199 sec
Iteration 59
Elapsed time for kappa 35.3487 sec
Elapsed time for experts 15.7687 sec
Elapsed time for households 12.9381 sec
Iteration 60
Elapsed time for kappa 34.5176 sec
Elapsed time for experts 15.8626 sec
Elapsed time for households 13.8452 sec
Iteration 61
Elapsed time for kappa 34.0728 sec
Elapsed time for experts 15.8668 sec
Elapsed time for households 12.8088 sec
Iteration 62
Elapsed time for kappa 45.8161 sec
Elapsed time for experts 17.4891 sec
Elapsed time for households 13.3679 sec
Iteration 63
Elapsed time for kappa 36.8162 sec
Elapsed time for experts 16.7125 sec
Elapsed time for households 13.1575 sec
Iteration 64
Elapsed time for kappa 35.8014 sec
Elapsed time for experts 14.6606 sec
Elapsed time for households 12.1579 sec
Iteration 65
Elapsed time for kappa 35.1652 sec
Elapsed time for experts 15.2957 sec
Elapsed time for households 12.0920 sec
Iteration 66
Elapsed time for kappa 34.7797 sec
Elapsed time for experts 15.4253 sec
Elapsed time for households 12.3546 sec
Iteration 67
Elapsed time for kappa 34.5765 sec
Elapsed time for experts 15.2864 sec
Elapsed time for households 12.8914 sec
Iteration 68
Elapsed time for kappa 45.2575 sec
Elapsed time for experts 17.5163 sec
Elapsed time for households 14.6388 sec
Iteration 69
Elapsed time for kappa 36.7642 sec
Elapsed time for experts 16.2724 sec
Elapsed time for households 12.8319 sec
Iteration 70
Elapsed time for kappa 35.7045 sec
Elapsed time for experts 16.3095 sec
Elapsed time for households 12.0970 sec
Iteration 71
Elapsed time for kappa 35.6779 sec
Elapsed time for experts 15.4175 sec
Elapsed time for households 11.5704 sec
Iteration 72
Elapsed time for kappa 34.7431 sec
Elapsed time for experts 15.4094 sec
Elapsed time for households 12.5739 sec
Iteration 73
Elapsed time for kappa 34.2885 sec
Elapsed time for experts 15.3116 sec
Elapsed time for households 13.7360 sec
Iteration 74
Elapsed time for kappa 45.3278 sec
Elapsed time for experts 17.0827 sec
Elapsed time for households 12.8089 sec
Iteration 75
Elapsed time for kappa 35.6574 sec
Elapsed time for experts 16.6335 sec
Elapsed time for households 12.4043 sec
Iteration 76
Elapsed time for kappa 35.1768 sec
Elapsed time for experts 16.2780 sec
Elapsed time for households 12.0820 sec
Iteration 77
Elapsed time for kappa 36.3431 sec
Elapsed time for experts 14.9358 sec
Elapsed time for households 11.5861 sec
Iteration 78
Elapsed time for kappa 35.1981 sec
Elapsed time for experts 16.3957 sec
Elapsed time for households 12.3537 sec
Iteration 79
Elapsed time for kappa 34.8861 sec
Elapsed time for experts 15.0452 sec
Elapsed time for households 12.4877 sec
Iteration 80
Elapsed time for kappa 48.1376 sec
Elapsed time for experts 17.2575 sec
Elapsed time for households 15.3684 sec
Iteration 81
Elapsed time for kappa 36.6524 sec
Elapsed time for experts 17.2081 sec
Elapsed time for households 12.4779 sec
Iteration 82
Elapsed time for kappa 35.6683 sec
Elapsed time for experts 17.1310 sec
Elapsed time for households 12.0797 sec
Iteration 83
Elapsed time for kappa 35.2855 sec
Elapsed time for experts 15.8425 sec
Elapsed time for households 12.0621 sec
Iteration 84
Elapsed time for kappa 35.6304 sec
Elapsed time for experts 15.7337 sec
Elapsed time for households 12.0414 sec
Iteration 85
Elapsed time for kappa 35.0089 sec
Elapsed time for experts 15.1629 sec
Elapsed time for households 21.4591 sec
Iteration 86
Elapsed time for kappa 37.4100 sec
Elapsed time for experts 16.6325 sec
Elapsed time for households 13.6447 sec
Iteration 87
Elapsed time for kappa 36.4795 sec
Elapsed time for experts 16.9417 sec
Elapsed time for households 12.5813 sec
Iteration 88
Elapsed time for kappa 35.1619 sec
Elapsed time for experts 16.5149 sec
Elapsed time for households 12.9933 sec
Iteration 89
Elapsed time for kappa 36.0304 sec
Elapsed time for experts 15.9487 sec
Elapsed time for households 11.8710 sec
Iteration 90
Elapsed time for kappa 34.9966 sec
Elapsed time for experts 15.4324 sec
Elapsed time for households 12.3930 sec
Iteration 91
Elapsed time for kappa 34.8078 sec
Elapsed time for experts 24.8761 sec
Elapsed time for households 14.4060 sec
Iteration 92
Elapsed time for kappa 37.7884 sec
Elapsed time for experts 16.8077 sec
Elapsed time for households 13.3517 sec
Iteration 93
Elapsed time for kappa 35.9600 sec
Elapsed time for experts 16.5420 sec
Elapsed time for households 13.9918 sec
Iteration 94
Elapsed time for kappa 35.6414 sec
Elapsed time for experts 16.2171 sec
Elapsed time for households 11.9957 sec
Iteration 95
Elapsed time for kappa 35.1505 sec
Elapsed time for experts 15.7033 sec
Elapsed time for households 12.9075 sec
Iteration 96
Elapsed time for kappa 35.0024 sec
Elapsed time for experts 15.7725 sec
Elapsed time for households 11.3650 sec
Iteration 97
Elapsed time for kappa 34.6756 sec
Elapsed time for experts 24.9551 sec
Elapsed time for households 13.4466 sec
Iteration 98
Elapsed time for kappa 37.4451 sec
Elapsed time for experts 16.6461 sec
Elapsed time for households 13.3563 sec
Iteration 99
Elapsed time for kappa 36.2679 sec
Elapsed time for experts 16.3154 sec
Elapsed time for households 12.8262 sec
Iteration 100
Elapsed time for kappa 35.2631 sec
Elapsed time for experts 16.5209 sec
Elapsed time for households 12.4100 sec
Iteration 101
Elapsed time for kappa 34.8614 sec
Elapsed time for experts 15.2037 sec
Elapsed time for households 11.8037 sec
Iteration 102
Elapsed time for kappa 34.7752 sec
Elapsed time for experts 15.6803 sec
Elapsed time for households 11.7608 sec
Iteration 103
Elapsed time for kappa 34.2285 sec
Elapsed time for experts 24.9973 sec
Elapsed time for households 12.9956 sec
Iteration 104
Elapsed time for kappa 37.7496 sec
Elapsed time for experts 16.4064 sec
Elapsed time for households 12.9197 sec
Iteration 105
Elapsed time for kappa 36.6883 sec
Elapsed time for experts 16.4620 sec
Elapsed time for households 12.8541 sec
Iteration 106
Elapsed time for kappa 35.5042 sec
Elapsed time for experts 15.5434 sec
Elapsed time for households 12.8075 sec
Iteration 107
Elapsed time for kappa 34.6358 sec
Elapsed time for experts 15.7414 sec
Elapsed time for households 13.3302 sec
Iteration 108
Elapsed time for kappa 34.5218 sec
Elapsed time for experts 16.0129 sec
Elapsed time for households 12.3554 sec
Iteration 109
Elapsed time for kappa 47.0229 sec
Elapsed time for experts 16.0216 sec
Elapsed time for households 12.6546 sec
Iteration 110
Elapsed time for kappa 38.2092 sec
Elapsed time for experts 16.5069 sec
Elapsed time for households 12.5514 sec
Iteration 111
Elapsed time for kappa 35.5311 sec
Elapsed time for experts 15.6554 sec
Elapsed time for households 13.2935 sec
Iteration 112
Elapsed time for kappa 35.0829 sec
Elapsed time for experts 15.6645 sec
Elapsed time for households 13.3193 sec
Iteration 113
Elapsed time for kappa 35.4667 sec
Elapsed time for experts 16.0630 sec
Elapsed time for households 13.2248 sec
Iteration 114
Elapsed time for kappa 34.1600 sec
Elapsed time for experts 17.0552 sec
Elapsed time for households 11.4715 sec
Iteration 115
Elapsed time for kappa 46.8876 sec
Elapsed time for experts 15.8039 sec
Elapsed time for households 12.3990 sec
Iteration 116
Elapsed time for kappa 36.8558 sec
Elapsed time for experts 15.4509 sec
Elapsed time for households 12.4743 sec
Iteration 117
Elapsed time for kappa 35.5836 sec
Elapsed time for experts 15.9074 sec
Elapsed time for households 13.1007 sec
Iteration 118
Elapsed time for kappa 36.2406 sec
Elapsed time for experts 15.8591 sec
Elapsed time for households 14.0028 sec
Iteration 119
Elapsed time for kappa 34.3921 sec
Elapsed time for experts 15.6718 sec
Elapsed time for households 11.8928 sec
Iteration 120
Elapsed time for kappa 33.8144 sec
Elapsed time for experts 15.9140 sec
Elapsed time for households 12.6291 sec
Iteration 121
Elapsed time for kappa 45.8786 sec
Elapsed time for experts 16.7191 sec
Elapsed time for households 12.4732 sec
Iteration 122
Elapsed time for kappa 36.7934 sec
Elapsed time for experts 15.8244 sec
Elapsed time for households 13.2595 sec
Iteration 123
Elapsed time for kappa 35.6753 sec
Elapsed time for experts 15.5845 sec
Elapsed time for households 12.6723 sec
Iteration 124
Elapsed time for kappa 35.0519 sec
Elapsed time for experts 15.3730 sec
Elapsed time for households 12.2300 sec
Iteration 125
Elapsed time for kappa 34.8944 sec
Elapsed time for experts 15.5079 sec
Elapsed time for households 12.3327 sec
Iteration 126
Elapsed time for kappa 33.7597 sec
Elapsed time for experts 15.4756 sec
Elapsed time for households 12.4632 sec
Iteration 127
Elapsed time for kappa 44.4660 sec
Elapsed time for experts 17.2375 sec
Elapsed time for households 12.8396 sec
Iteration 128
Elapsed time for kappa 35.4008 sec
Elapsed time for experts 17.3505 sec
Elapsed time for households 12.3713 sec
Iteration 129
Elapsed time for kappa 35.3173 sec
Elapsed time for experts 16.1245 sec
Elapsed time for households 12.5740 sec
Iteration 130
Elapsed time for kappa 35.4684 sec
Elapsed time for experts 13.7510 sec
Elapsed time for households 11.6260 sec
Iteration 131
Elapsed time for kappa 34.3452 sec
Elapsed time for experts 14.9778 sec
Elapsed time for households 11.6719 sec
Iteration 132
Elapsed time for kappa 34.2125 sec
Elapsed time for experts 14.8992 sec
Elapsed time for households 11.5949 sec
Iteration 133
Elapsed time for kappa 43.5962 sec
Elapsed time for experts 16.2660 sec
Elapsed time for households 13.4515 sec
Iteration 134
Elapsed time for kappa 34.7533 sec
Elapsed time for experts 16.2903 sec
Elapsed time for households 12.5489 sec
Iteration 135
Elapsed time for kappa 35.2486 sec
Elapsed time for experts 14.8419 sec
Elapsed time for households 11.8247 sec
Iteration 136
Elapsed time for kappa 33.6132 sec
Elapsed time for experts 14.9309 sec
Elapsed time for households 12.1482 sec
Iteration 137
Elapsed time for kappa 33.6496 sec
Elapsed time for experts 15.3047 sec
Elapsed time for households 12.1708 sec
Iteration 138
Elapsed time for kappa 33.4266 sec
Elapsed time for experts 15.1447 sec
Elapsed time for households 10.9322 sec
Iteration 139
Elapsed time for kappa 42.3526 sec
Elapsed time for experts 16.2884 sec
Elapsed time for households 12.9883 sec
Iteration 140
Elapsed time for kappa 34.8514 sec
Elapsed time for experts 15.9039 sec
Elapsed time for households 12.1584 sec
Iteration 141
Elapsed time for kappa 34.2770 sec
Elapsed time for experts 15.1288 sec
Elapsed time for households 11.9706 sec
Iteration 142
Elapsed time for kappa 33.6704 sec
Elapsed time for experts 14.9728 sec
Elapsed time for households 11.8467 sec
Iteration 143
Elapsed time for kappa 33.2394 sec
Elapsed time for experts 13.6734 sec
Elapsed time for households 11.5652 sec
Iteration 144
Elapsed time for kappa 33.1240 sec
Elapsed time for experts 14.0875 sec
Elapsed time for households 11.4365 sec
Iteration 145
Elapsed time for kappa 41.4610 sec
Elapsed time for experts 15.8349 sec
Elapsed time for households 12.7567 sec
Iteration 146
Elapsed time for kappa 33.7601 sec
Elapsed time for experts 15.6651 sec
Elapsed time for households 13.4697 sec
Iteration 147
Elapsed time for kappa 33.0948 sec
Elapsed time for experts 16.0433 sec
Elapsed time for households 12.6652 sec
Iteration 148
Elapsed time for kappa 32.7673 sec
Elapsed time for experts 15.6151 sec
Elapsed time for households 11.5186 sec
Iteration 149
Elapsed time for kappa 31.7889 sec
Elapsed time for experts 16.4515 sec
Elapsed time for households 11.6513 sec
Iteration 150
Elapsed time for kappa 32.4318 sec
Elapsed time for experts 14.1609 sec
Elapsed time for households 18.6602 sec
Iteration 151
Elapsed time for kappa 34.3960 sec
Elapsed time for experts 15.4036 sec
Elapsed time for households 11.9834 sec
Iteration 152
Elapsed time for kappa 33.8123 sec
Elapsed time for experts 15.7991 sec
Elapsed time for households 12.1716 sec
Iteration 153
Elapsed time for kappa 33.2921 sec
Elapsed time for experts 14.8365 sec
Elapsed time for households 11.4226 sec
Iteration 154
Elapsed time for kappa 32.7633 sec
Elapsed time for experts 14.6563 sec
Elapsed time for households 10.6684 sec
Iteration 155
Elapsed time for kappa 32.3237 sec
Elapsed time for experts 14.6535 sec
Elapsed time for households 10.9158 sec
Iteration 156
Elapsed time for kappa 33.1948 sec
Elapsed time for experts 14.4635 sec
Elapsed time for households 10.6196 sec
Iteration 157
Elapsed time for kappa 41.1343 sec
Elapsed time for experts 15.7947 sec
Elapsed time for households 12.4644 sec
Iteration 158
Elapsed time for kappa 33.4078 sec
Elapsed time for experts 14.8634 sec
Elapsed time for households 12.0006 sec
Iteration 159
Elapsed time for kappa 39.7464 sec
Elapsed time for experts 16.0731 sec
Elapsed time for households 11.8019 sec
Iteration 160
Elapsed time for kappa 32.0209 sec
Elapsed time for experts 14.9057 sec
Elapsed time for households 12.7704 sec
Iteration 161
Elapsed time for kappa 31.4161 sec
Elapsed time for experts 14.5514 sec
Elapsed time for households 11.8836 sec
Iteration 162
Elapsed time for kappa 31.4885 sec
Elapsed time for experts 14.5357 sec
Elapsed time for households 11.5742 sec
Iteration 163
Elapsed time for kappa 38.8026 sec
Elapsed time for experts 17.0706 sec
Elapsed time for households 12.6143 sec
Iteration 164
Elapsed time for kappa 32.2380 sec
Elapsed time for experts 15.3475 sec
Elapsed time for households 11.6170 sec
Iteration 165
Elapsed time for kappa 31.8386 sec
Elapsed time for experts 15.8206 sec
Elapsed time for households 11.4164 sec
Iteration 166
Elapsed time for kappa 31.1960 sec
Elapsed time for experts 15.4205 sec
Elapsed time for households 11.7164 sec
Iteration 167
Elapsed time for kappa 31.0153 sec
Elapsed time for experts 15.0525 sec
Elapsed time for households 10.9156 sec
Iteration 168
Elapsed time for kappa 30.9435 sec
Elapsed time for experts 21.6652 sec
Elapsed time for households 12.0050 sec
Iteration 169
Elapsed time for kappa 32.9363 sec
Elapsed time for experts 15.2995 sec
Elapsed time for households 11.4921 sec
Iteration 170
Elapsed time for kappa 32.2085 sec
Elapsed time for experts 15.1066 sec
Elapsed time for households 11.1382 sec
Iteration 171
Elapsed time for kappa 31.9143 sec
Elapsed time for experts 15.1699 sec
Elapsed time for households 11.2898 sec
Iteration 172
Elapsed time for kappa 31.4051 sec
Elapsed time for experts 14.5758 sec
Elapsed time for households 10.5501 sec
Iteration 173
Elapsed time for kappa 30.7921 sec
Elapsed time for experts 14.6824 sec
Elapsed time for households 10.5976 sec
Iteration 174
Elapsed time for kappa 30.8901 sec
Elapsed time for experts 14.3544 sec
Elapsed time for households 17.4360 sec
Iteration 175
Elapsed time for kappa 32.9017 sec
Elapsed time for experts 14.9943 sec
Elapsed time for households 11.1111 sec
Iteration 176
Elapsed time for kappa 32.2317 sec
Elapsed time for experts 15.0322 sec
Elapsed time for households 11.3124 sec
Iteration 177
Elapsed time for kappa 32.2290 sec
Elapsed time for experts 14.7831 sec
Elapsed time for households 11.3623 sec
Iteration 178
Elapsed time for kappa 31.4897 sec
Elapsed time for experts 14.3255 sec
Elapsed time for households 10.8536 sec
Iteration 179
Elapsed time for kappa 30.7703 sec
Elapsed time for experts 14.6116 sec
Elapsed time for households 10.2194 sec
Iteration 180
Elapsed time for kappa 30.3553 sec
Elapsed time for experts 13.4920 sec
Elapsed time for households 17.3342 sec
Iteration 181
Elapsed time for kappa 32.3830 sec
Elapsed time for experts 13.7670 sec
Elapsed time for households 10.8281 sec
Iteration 182
Elapsed time for kappa 31.8969 sec
Elapsed time for experts 14.9516 sec
Elapsed time for households 11.3848 sec
Iteration 183
Elapsed time for kappa 31.9188 sec
Elapsed time for experts 13.9104 sec
Elapsed time for households 10.6609 sec
Iteration 184
Elapsed time for kappa 31.1068 sec
Elapsed time for experts 11.8565 sec
Elapsed time for households 10.5660 sec
Iteration 185
Elapsed time for kappa 30.6340 sec
Elapsed time for experts 14.3680 sec
Elapsed time for households 10.7516 sec
Iteration 186
Elapsed time for kappa 30.1074 sec
Elapsed time for experts 14.6673 sec
Elapsed time for households 10.3765 sec
Iteration 187
Elapsed time for kappa 38.9344 sec
Elapsed time for experts 15.8274 sec
Elapsed time for households 12.5942 sec
Iteration 188
Elapsed time for kappa 32.0824 sec
Elapsed time for experts 15.0851 sec
Elapsed time for households 11.8278 sec
Iteration 189
Elapsed time for kappa 32.2456 sec
Elapsed time for experts 14.9392 sec
Elapsed time for households 11.7639 sec
Iteration 190
Elapsed time for kappa 31.2777 sec
Elapsed time for experts 14.6091 sec
Elapsed time for households 11.0525 sec
Iteration 191
Elapsed time for kappa 30.9815 sec
Elapsed time for experts 14.5321 sec
Elapsed time for households 11.5244 sec
Iteration 192
Elapsed time for kappa 30.6201 sec
Elapsed time for experts 14.6937 sec
Elapsed time for households 11.9792 sec
Iteration 193
Elapsed time for kappa 38.6380 sec
Elapsed time for experts 14.7636 sec
Elapsed time for households 11.5290 sec
Iteration 194
Elapsed time for kappa 31.9164 sec
Elapsed time for experts 14.4011 sec
Elapsed time for households 11.4977 sec
Iteration 195
Elapsed time for kappa 32.0959 sec
Elapsed time for experts 14.5568 sec
Elapsed time for households 10.9405 sec
Iteration 196
Elapsed time for kappa 31.4920 sec
Elapsed time for experts 14.4498 sec
Elapsed time for households 11.4880 sec
Iteration 197
Elapsed time for kappa 30.8261 sec
Elapsed time for experts 14.5680 sec
Elapsed time for households 10.2809 sec
Iteration 198
Elapsed time for kappa 30.8536 sec
Elapsed time for experts 13.9971 sec
Elapsed time for households 19.2838 sec
Iteration 199
Elapsed time for kappa 32.4060 sec
Elapsed time for experts 14.9625 sec
Elapsed time for households 11.9574 sec
Iteration 200
Elapsed time for kappa 32.3828 sec
Elapsed time for experts 14.5660 sec
Elapsed time for households 11.7520 sec
Iteration 201
Elapsed time for kappa 32.6102 sec
Elapsed time for experts 14.6865 sec
Elapsed time for households 11.5956 sec
Iteration 202
Elapsed time for kappa 31.1648 sec
Elapsed time for experts 13.4314 sec
Elapsed time for households 10.5033 sec
Iteration 203
Elapsed time for kappa 30.7337 sec
Elapsed time for experts 13.0400 sec
Elapsed time for households 10.3440 sec
Iteration 204
Elapsed time for kappa 30.4634 sec
Elapsed time for experts 13.7941 sec
Elapsed time for households 10.5130 sec
Iteration 205
Elapsed time for kappa 39.4003 sec
Elapsed time for experts 15.4027 sec
Elapsed time for households 11.7613 sec
Iteration 206
Elapsed time for kappa 32.2092 sec
Elapsed time for experts 14.4296 sec
Elapsed time for households 11.2229 sec
Iteration 207
Elapsed time for kappa 32.0495 sec
Elapsed time for experts 14.9033 sec
Elapsed time for households 11.3027 sec
Iteration 208
Elapsed time for kappa 40.1055 sec
Elapsed time for experts 16.8493 sec
Elapsed time for households 11.7510 sec
Iteration 209
Elapsed time for kappa 30.4508 sec
Elapsed time for experts 11.5042 sec
Elapsed time for households 10.8071 sec
Iteration 210
Elapsed time for kappa 30.5713 sec
Elapsed time for experts 14.2270 sec
Elapsed time for households 17.5009 sec
Iteration 211
Elapsed time for kappa 33.0203 sec
Elapsed time for experts 15.0589 sec
Elapsed time for households 11.8980 sec
Iteration 212
Elapsed time for kappa 31.5621 sec
Elapsed time for experts 14.9867 sec
Elapsed time for households 11.7714 sec
Iteration 213
Elapsed time for kappa 31.1792 sec
Elapsed time for experts 14.7710 sec
Elapsed time for households 12.6322 sec
Iteration 214
Elapsed time for kappa 30.6045 sec
Elapsed time for experts 13.4784 sec
Elapsed time for households 11.9259 sec
Iteration 215
Elapsed time for kappa 30.5633 sec
Elapsed time for experts 14.2612 sec
Elapsed time for households 11.4267 sec
Iteration 216
Elapsed time for kappa 30.1330 sec
Elapsed time for experts 14.0963 sec
Elapsed time for households 11.3533 sec
Iteration 217
Elapsed time for kappa 39.5418 sec
Elapsed time for experts 15.2813 sec
Elapsed time for households 11.5660 sec
Iteration 218
Elapsed time for kappa 31.9479 sec
Elapsed time for experts 14.7786 sec
Elapsed time for households 11.8502 sec
Iteration 219
Elapsed time for kappa 31.2354 sec
Elapsed time for experts 14.9115 sec
Elapsed time for households 11.1077 sec
Iteration 220
Elapsed time for kappa 31.0900 sec
Elapsed time for experts 14.8871 sec
Elapsed time for households 11.6316 sec
Iteration 221
Elapsed time for kappa 30.3555 sec
Elapsed time for experts 14.5265 sec
Elapsed time for households 11.8204 sec
Iteration 222
Elapsed time for kappa 30.1518 sec
Elapsed time for experts 14.8809 sec
Elapsed time for households 17.6748 sec
Iteration 223
Elapsed time for kappa 32.4036 sec
Elapsed time for experts 15.7918 sec
Elapsed time for households 11.3432 sec
Iteration 224
Elapsed time for kappa 31.3505 sec
Elapsed time for experts 15.5102 sec
Elapsed time for households 11.2810 sec
Iteration 225
Elapsed time for kappa 32.6319 sec
Elapsed time for experts 15.2011 sec
Elapsed time for households 11.9172 sec
Iteration 226
Elapsed time for kappa 30.8056 sec
Elapsed time for experts 14.5886 sec
Elapsed time for households 10.8574 sec
Iteration 227
Elapsed time for kappa 31.4513 sec
Elapsed time for experts 14.7758 sec
Elapsed time for households 13.0846 sec
Iteration 228
Elapsed time for kappa 30.4544 sec
Elapsed time for experts 12.2744 sec
Elapsed time for households 9.9393 sec
Iteration 229
Elapsed time for kappa 37.7676 sec
Elapsed time for experts 14.3164 sec
Elapsed time for households 10.7304 sec
Iteration 230
Elapsed time for kappa 30.2534 sec
Elapsed time for experts 14.4264 sec
Elapsed time for households 10.5551 sec
Iteration 231
Elapsed time for kappa 29.6603 sec
Elapsed time for experts 13.9400 sec
Elapsed time for households 14.1642 sec
Iteration 232
Elapsed time for kappa 31.5557 sec
Elapsed time for experts 16.6527 sec
Elapsed time for households 11.6741 sec
Iteration 233
Elapsed time for kappa 29.1981 sec
Elapsed time for experts 13.8181 sec
Elapsed time for households 10.3794 sec
Iteration 234
Elapsed time for kappa 28.8495 sec
Elapsed time for experts 11.6474 sec
Elapsed time for households 9.9029 sec
Iteration 235
Elapsed time for kappa 36.6621 sec
Elapsed time for experts 13.0599 sec
Elapsed time for households 10.6680 sec
Iteration 236
Elapsed time for kappa 30.0123 sec
Elapsed time for experts 12.6323 sec
Elapsed time for households 10.1707 sec
Iteration 237
Elapsed time for kappa 29.5656 sec
Elapsed time for experts 14.1982 sec
Elapsed time for households 10.3227 sec
Iteration 238
Elapsed time for kappa 29.5382 sec
Elapsed time for experts 12.5558 sec
Elapsed time for households 10.6941 sec
Iteration 239
Elapsed time for kappa 29.1508 sec
Elapsed time for experts 13.7262 sec
Elapsed time for households 9.7527 sec
Iteration 240
Elapsed time for kappa 28.7223 sec
Elapsed time for experts 13.4970 sec
Elapsed time for households 16.6920 sec
Iteration 241
Elapsed time for kappa 31.0246 sec
Elapsed time for experts 14.0924 sec
Elapsed time for households 10.5335 sec
Iteration 242
Elapsed time for kappa 30.0302 sec
Elapsed time for experts 18.9662 sec
Elapsed time for households 12.0088 sec
Iteration 243
Elapsed time for kappa 31.7782 sec
Elapsed time for experts 15.1611 sec
Elapsed time for households 12.7688 sec
Iteration 244
Elapsed time for kappa 31.6484 sec
Elapsed time for experts 13.6651 sec
Elapsed time for households 10.3546 sec
Iteration 245
Elapsed time for kappa 29.2045 sec
Elapsed time for experts 13.7419 sec
Elapsed time for households 10.3755 sec
Iteration 246
Elapsed time for kappa 28.3907 sec
Elapsed time for experts 13.2625 sec
Elapsed time for households 9.7839 sec
Iteration 247
Elapsed time for kappa 37.6670 sec
Elapsed time for experts 14.6780 sec
Elapsed time for households 10.5990 sec
Iteration 248
Elapsed time for kappa 30.0412 sec
Elapsed time for experts 13.9314 sec
Elapsed time for households 10.3083 sec
Iteration 249
Elapsed time for kappa 29.9124 sec
Elapsed time for experts 14.2985 sec
Elapsed time for households 13.9531 sec
Iteration 250
Elapsed time for kappa 33.3014 sec
Elapsed time for experts 13.7855 sec
Elapsed time for households 12.5011 sec
Iteration 251
Elapsed time for kappa 31.6618 sec
Elapsed time for experts 13.7489 sec
Elapsed time for households 10.2286 sec
Iteration 252
Elapsed time for kappa 28.5747 sec
Elapsed time for experts 13.7333 sec
Elapsed time for households 15.9158 sec
Iteration 253
Elapsed time for kappa 30.6368 sec
Elapsed time for experts 14.1811 sec
Elapsed time for households 10.4261 sec
Iteration 254
Elapsed time for kappa 30.2105 sec
Elapsed time for experts 14.1691 sec
Elapsed time for households 10.3462 sec
Iteration 255
Elapsed time for kappa 30.0544 sec
Elapsed time for experts 14.2509 sec
Elapsed time for households 10.6710 sec
Iteration 256
Elapsed time for kappa 29.2742 sec
Elapsed time for experts 12.4228 sec
Elapsed time for households 10.1308 sec
Iteration 257
Elapsed time for kappa 29.0724 sec
Elapsed time for experts 11.5150 sec
Elapsed time for households 9.7702 sec
Iteration 258
Elapsed time for kappa 28.3913 sec
Elapsed time for experts 14.0256 sec
Elapsed time for households 9.7076 sec
Iteration 259
Elapsed time for kappa 37.8653 sec
Elapsed time for experts 13.0374 sec
Elapsed time for households 10.6543 sec
Iteration 260
Elapsed time for kappa 29.9733 sec
Elapsed time for experts 14.7582 sec
Elapsed time for households 10.1090 sec
Iteration 261
Elapsed time for kappa 30.1077 sec
Elapsed time for experts 12.3509 sec
Elapsed time for households 10.6153 sec
Iteration 262
Elapsed time for kappa 30.1027 sec
Elapsed time for experts 14.4338 sec
Elapsed time for households 10.4142 sec
Iteration 263
Elapsed time for kappa 29.1775 sec
Elapsed time for experts 13.6599 sec
Elapsed time for households 10.0250 sec
Iteration 264
Elapsed time for kappa 28.8932 sec
Elapsed time for experts 13.8836 sec
Elapsed time for households 10.1289 sec
Iteration 265
Elapsed time for kappa 36.4377 sec
Elapsed time for experts 13.9656 sec
Elapsed time for households 10.5879 sec
Iteration 266
Elapsed time for kappa 29.7870 sec
Elapsed time for experts 13.7618 sec
Elapsed time for households 10.6911 sec
Iteration 267
Elapsed time for kappa 30.3336 sec
Elapsed time for experts 13.7465 sec
Elapsed time for households 10.5163 sec
Iteration 268
Elapsed time for kappa 29.6107 sec
Elapsed time for experts 13.5123 sec
Elapsed time for households 10.3973 sec
Iteration 269
Elapsed time for kappa 29.0036 sec
Elapsed time for experts 11.6970 sec
Elapsed time for households 10.3234 sec
Iteration 270
Elapsed time for kappa 28.9712 sec
Elapsed time for experts 13.4929 sec
Elapsed time for households 16.2552 sec
Iteration 271
Elapsed time for kappa 30.7462 sec
Elapsed time for experts 13.3895 sec
Elapsed time for households 11.6258 sec
Iteration 272
Elapsed time for kappa 30.2980 sec
Elapsed time for experts 13.8588 sec
Elapsed time for households 10.9244 sec
Iteration 273
Elapsed time for kappa 29.6732 sec
Elapsed time for experts 18.1656 sec
Elapsed time for households 11.5848 sec
Iteration 274
Elapsed time for kappa 31.4192 sec
Elapsed time for experts 12.9912 sec
Elapsed time for households 10.9505 sec
Iteration 275
Elapsed time for kappa 32.2508 sec
Elapsed time for experts 16.8736 sec
Elapsed time for households 12.2451 sec
Iteration 276
Elapsed time for kappa 34.0452 sec
Elapsed time for experts 14.9925 sec
Elapsed time for households 11.8309 sec
Iteration 277
Elapsed time for kappa 40.1443 sec
Elapsed time for experts 14.1591 sec
Elapsed time for households 10.5243 sec
Iteration 278
Elapsed time for kappa 29.7568 sec
Elapsed time for experts 11.2455 sec
Elapsed time for households 10.5982 sec
Iteration 279
Elapsed time for kappa 29.8833 sec
Elapsed time for experts 13.2893 sec
Elapsed time for households 10.5265 sec
Iteration 280
Elapsed time for kappa 29.9282 sec
Elapsed time for experts 13.9862 sec
Elapsed time for households 10.0461 sec
Iteration 281
Elapsed time for kappa 29.0779 sec
Elapsed time for experts 13.5818 sec
Elapsed time for households 10.0744 sec
Iteration 282
Elapsed time for kappa 28.8174 sec
Elapsed time for experts 13.8621 sec
Elapsed time for households 16.3837 sec
Iteration 283
Elapsed time for kappa 30.7115 sec
Elapsed time for experts 14.2171 sec
Elapsed time for households 10.6122 sec
Iteration 284
Elapsed time for kappa 30.1668 sec
Elapsed time for experts 14.2792 sec
Elapsed time for households 12.9650 sec
Iteration 285
Elapsed time for kappa 31.1794 sec
Elapsed time for experts 13.3470 sec
Elapsed time for households 10.2706 sec
Iteration 286
Elapsed time for kappa 29.4291 sec
Elapsed time for experts 13.7808 sec
Elapsed time for households 10.4562 sec
Iteration 287
Elapsed time for kappa 28.5691 sec
Elapsed time for experts 13.5865 sec
Elapsed time for households 9.6716 sec
Iteration 288
Elapsed time for kappa 28.1396 sec
Elapsed time for experts 13.5166 sec
Elapsed time for households 9.4677 sec
Iteration 289
Elapsed time for kappa 37.1691 sec
Elapsed time for experts 11.9352 sec
Elapsed time for households 11.2440 sec
Iteration 290
Elapsed time for kappa 30.0885 sec
Elapsed time for experts 13.3263 sec
Elapsed time for households 10.1429 sec
Iteration 291
Elapsed time for kappa 29.5511 sec
Elapsed time for experts 13.8336 sec
Elapsed time for households 10.1987 sec
Iteration 292
Elapsed time for kappa 33.5366 sec
Elapsed time for experts 17.5683 sec
Elapsed time for households 10.3961 sec
Iteration 293
Elapsed time for kappa 29.1865 sec
Elapsed time for experts 13.1800 sec
Elapsed time for households 10.0085 sec
Iteration 294
Elapsed time for kappa 28.5219 sec
Elapsed time for experts 13.6819 sec
Elapsed time for households 20.6299 sec
Iteration 295
Elapsed time for kappa 35.8350 sec
Elapsed time for experts 14.8134 sec
Elapsed time for households 10.4779 sec
Iteration 296
Elapsed time for kappa 29.8056 sec
Elapsed time for experts 13.9344 sec
Elapsed time for households 10.0796 sec
Iteration 297
Elapsed time for kappa 29.8789 sec
Elapsed time for experts 13.8106 sec
Elapsed time for households 9.8855 sec
Iteration 298
Elapsed time for kappa 29.1146 sec
Elapsed time for experts 14.2096 sec
Elapsed time for households 10.1685 sec
Iteration 299
Elapsed time for kappa 28.4752 sec
Elapsed time for experts 12.6018 sec
Elapsed time for households 9.8645 sec
Elapsed time for training 18454.4985 sec
90000 90000 90000 90000
