2022-10-02 22:59:36.890150: I tensorflow/core/platform/cpu_feature_guard.cc:193] This TensorFlow binary is optimized with oneAPI Deep Neural Network Library (oneDNN) to use the following CPU instructions in performance-critical operations:  AVX2 AVX512F AVX512_VNNI FMA
To enable them in other operations, rebuild TensorFlow with the appropriate compiler flags.
2022-10-02 22:59:37.025650: I tensorflow/core/util/util.cc:169] oneDNN custom operations are on. You may see slightly different numerical results due to floating-point round-off errors from different computation orders. To turn them off, set the environment variable `TF_ENABLE_ONEDNN_OPTS=0`.
2022-10-02 22:59:37.031552: W tensorflow/stream_executor/platform/default/dso_loader.cc:64] Could not load dynamic library 'libcudart.so.11.0'; dlerror: libcudart.so.11.0: cannot open shared object file: No such file or directory; LD_LIBRARY_PATH: /software/python-anaconda-2022.05-el8-x86_64/lib:/software/cudnn-8.3.1-el8-x86_64/lib64
2022-10-02 22:59:37.031576: I tensorflow/stream_executor/cuda/cudart_stub.cc:29] Ignore above cudart dlerror if you do not have a GPU set up on your machine.
2022-10-02 22:59:37.058133: E tensorflow/stream_executor/cuda/cuda_blas.cc:2981] Unable to register cuBLAS factory: Attempting to register factory for plugin cuBLAS when one has already been registered
2022-10-02 22:59:37.758550: W tensorflow/stream_executor/platform/default/dso_loader.cc:64] Could not load dynamic library 'libnvinfer.so.7'; dlerror: libnvinfer.so.7: cannot open shared object file: No such file or directory; LD_LIBRARY_PATH: /software/python-anaconda-2022.05-el8-x86_64/lib:/software/cudnn-8.3.1-el8-x86_64/lib64
2022-10-02 22:59:37.758650: W tensorflow/stream_executor/platform/default/dso_loader.cc:64] Could not load dynamic library 'libnvinfer_plugin.so.7'; dlerror: libnvinfer_plugin.so.7: cannot open shared object file: No such file or directory; LD_LIBRARY_PATH: /software/python-anaconda-2022.05-el8-x86_64/lib:/software/cudnn-8.3.1-el8-x86_64/lib64
2022-10-02 22:59:37.758662: W tensorflow/compiler/tf2tensorrt/utils/py_utils.cc:38] TF-TRT Warning: Cannot dlopen some TensorRT libraries. If you would like to use Nvidia GPU with TensorRT, please make sure the missing libraries mentioned above are installed properly.
2022-10-02 22:59:40.563624: W tensorflow/stream_executor/platform/default/dso_loader.cc:64] Could not load dynamic library 'libcuda.so.1'; dlerror: libcuda.so.1: cannot open shared object file: No such file or directory; LD_LIBRARY_PATH: /software/python-anaconda-2022.05-el8-x86_64/lib:/software/cudnn-8.3.1-el8-x86_64/lib64
2022-10-02 22:59:40.563660: W tensorflow/stream_executor/cuda/cuda_driver.cc:263] failed call to cuInit: UNKNOWN ERROR (303)
2022-10-02 22:59:40.563678: I tensorflow/stream_executor/cuda/cuda_diagnostics.cc:156] kernel driver does not appear to be running on this host (midway3-0211.rcc.local): /proc/driver/nvidia/version does not exist
2022-10-02 22:59:40.564037: I tensorflow/core/platform/cpu_feature_guard.cc:193] This TensorFlow binary is optimized with oneAPI Deep Neural Network Library (oneDNN) to use the following CPU instructions in performance-critical operations:  AVX2 AVX512F AVX512_VNNI FMA
To enable them in other operations, rebuild TensorFlow with the appropriate compiler flags.
2022-10-02 23:00:18.942045: W tensorflow/core/common_runtime/forward_type_inference.cc:332] Type inference failed. This indicates an invalid graph that escaped type checking. Error message: INVALID_ARGUMENT: expected compatible input types, but input 1:
type_id: TFT_OPTIONAL
args {
  type_id: TFT_PRODUCT
  args {
    type_id: TFT_TENSOR
    args {
      type_id: TFT_BOOL
    }
  }
}
 is neither a subtype nor a supertype of the combined inputs preceding it:
type_id: TFT_OPTIONAL
args {
  type_id: TFT_PRODUCT
  args {
    type_id: TFT_TENSOR
    args {
      type_id: TFT_DOUBLE
    }
  }
}

	while inferring type of node 'StatefulPartitionedCall_1/StatefulPartitionedCall/cond_1_259/output/_29750'
Iter: 1 loss: 0.047284693355960118
Iter: 2 loss: 0.042442827924640908
Iter: 3 loss: 0.042190782940847341
Iter: 4 loss: 0.040929203173852645
Iter: 5 loss: 0.030134020053498113
Iter: 6 loss: 0.46320567790512984
Iter: 7 loss: 0.026045884023871157
Iter: 8 loss: 0.0224544393016941
Iter: 9 loss: 0.062781672820027154
Iter: 10 loss: 0.015133645195676429
Iter: 11 loss: 0.01454222398467569
Iter: 12 loss: 0.020737397783644008
Iter: 13 loss: 0.014169155589675714
Iter: 14 loss: 0.040230280656284458
Iter: 15 loss: 0.010294952969032678
Iter: 16 loss: 0.0074950642208839457
Iter: 17 loss: 0.037559359890785196
Iter: 18 loss: 0.032651558987124109
Iter: 19 loss: 0.0058820117295339779
Iter: 20 loss: 0.0048910897530400838
Iter: 21 loss: 0.0040638784105175851
Iter: 22 loss: 0.0077535033929241838
Iter: 23 loss: 0.0033973440800785506
Iter: 24 loss: 0.0023592462694346826
Iter: 25 loss: 0.0028427613194034469
Iter: 26 loss: 0.0011020266067001331
Iter: 27 loss: 0.0017047410836051821
Iter: 28 loss: 0.00034560315572550534
Iter: 29 loss: 0.00029561010903570285
Iter: 30 loss: 0.00020939830818172229
Iter: 31 loss: 0.00010494411073806857
Iter: 32 loss: 5.2706443480927328e-05
Iter: 33 loss: 4.2518182757688813e-05
Iter: 34 loss: 4.0420288848740021e-05
Iter: 35 loss: 3.9464987874663962e-05
7324.0664623086523
Iter: 1 loss: 2.1507877853833022
-17930308.397239931
Iter: 2 loss: 15086908527.326996
7324.0664623058356
Iter: 3 loss: 2.1507877853815125
-16475.450797459605
Iter: 4 loss: 38.3978869440236
3330.2858324159633
Iter: 5 loss: 0.45489641945413173
355.91250846067453
Iter: 6 loss: 0.44314734661495264
1999.0503331224252
Iter: 7 loss: 0.3183159341034657
1455.9814835890111
Iter: 8 loss: 0.26290717650098105
-1101.5524361655694
Iter: 9 loss: 0.052626358702595577
-1375.5230248975852
Iter: 10 loss: 0.022726739498446735
-1483.8126413400769
Iter: 11 loss: 0.020058785970292013
-1502.569490475463
Iter: 12 loss: 0.019454296344377432
-1509.96385641738
Iter: 13 loss: 0.018267751822119718
-1484.7922919414584
Iter: 14 loss: 0.016407912313308119
-1427.6625362063703
Iter: 15 loss: 0.014340729010766499
-1381.8215198378105
Iter: 16 loss: 0.013472064992840597
-1357.2385070415116
Iter: 17 loss: 0.013174473899687109
-1350.1271340679734
Iter: 18 loss: 0.012987163579998795
-1345.9280363278378
Iter: 19 loss: 0.012613651192192895
-1293.0469858552965
Iter: 20 loss: 0.011855847667021746
-1114.2988867462554
Iter: 21 loss: 0.010512330717467785
-915.36320063940843
Iter: 22 loss: 0.0095677887978141384
-742.272402267974
Iter: 23 loss: 0.0089166082785650837
-625.48113158774
Iter: 24 loss: 0.0080739502053817115
-501.38978837458552
Iter: 25 loss: 0.0064795858588373471
-513.41195310769706
Iter: 26 loss: 0.005621629748740439
-565.91730774399832
Iter: 27 loss: 0.0053345038244819194
-617.88762776786587
Iter: 28 loss: 0.0052582301818689973
-648.00996881458514
Iter: 29 loss: 0.0051913490553442869
-685.38276565296781
Iter: 30 loss: 0.00508000258958434
-687.88006286594
Iter: 31 loss: 0.0049761028319266713
-661.95559875065294
Iter: 32 loss: 0.00484429477587491
-588.93832078190985
Iter: 33 loss: 0.004705549601006098
-537.73086474991965
Iter: 34 loss: 0.00459128425938798
-443.02960419406406
Iter: 35 loss: 0.004346953443404189
-3139.7205023646356
Iter: 1 loss: 0.37415400661721565
-9507.1534467246856
Iter: 2 loss: 0.66843810921802027
-8739.903912974607
Iter: 3 loss: 0.35645609967058
-351.00527586126515
Iter: 4 loss: 0.084282505798246046
-2008.1771824105836
Iter: 5 loss: 0.063991827110966043
-2354.9926267089872
Iter: 6 loss: 0.060410099945581774
-2568.5717501594718
Iter: 7 loss: 0.05457842122592501
-2299.8448507182743
Iter: 8 loss: 0.047392867589821551
-1479.2798799791749
Iter: 9 loss: 0.0354727142995168
-885.20279789823064
Iter: 10 loss: 0.027422207080666693
-483.35904935252256
Iter: 11 loss: 0.023301092816384334
-372.02832237659129
Iter: 12 loss: 0.021713598821119281
-442.17543585218311
Iter: 13 loss: 0.019654553118112556
-381.32606810556456
Iter: 14 loss: 0.018751868911357918
-468.81698309634368
Iter: 15 loss: 0.017958345418303521
-427.19198952684604
Iter: 16 loss: 0.01767449438801641
-437.44205636223757
Iter: 17 loss: 0.017469350606720592
-435.47568488714262
Iter: 18 loss: 0.016997057788731579
-467.38503515848691
Iter: 19 loss: 0.016610643215187827
-273.14588954469741
Iter: 20 loss: 0.016390714741646731
-338.74667090693231
Iter: 21 loss: 0.016250751701487494
-255.07161634332425
Iter: 22 loss: 0.016158475860411498
-259.88794182619949
Iter: 23 loss: 0.015948793763903134
-296.15342786293951
Iter: 24 loss: 0.015495218398980404
-316.79334384148314
Iter: 25 loss: 0.01528652108188446
-315.5486201129894
Iter: 26 loss: 0.014818426835582123
-303.35863383134807
Iter: 27 loss: 0.014610604894038693
-293.5002157661711
Iter: 28 loss: 0.014236457765729182
-360.02805645507789
Iter: 29 loss: 0.013661445469158123
-332.18920556210423
Iter: 30 loss: 0.013218631228252292
-341.59824400880285
Iter: 31 loss: 0.01289171717781056
-288.80229422043749
Iter: 32 loss: 0.012343505259225404
Iter: 1 loss: 4.0566782371724492e-05
Iter: 2 loss: 0.042685576509266236
Iter: 3 loss: 7.2672206900771416e-05
Iter: 4 loss: 3.9554150215048063e-05
Iter: 5 loss: 3.9198902481504207e-05
-560.33258501849741
Iter: 1 loss: 0.0044742563740047753
-840535.01212979865
Iter: 2 loss: 6081463.2238775287
-25127620.128208023
Iter: 3 loss: 10305198259.014824
-126152.81360917115
Iter: 4 loss: 1535.2754691566702
-560.6606074089317
Iter: 5 loss: 0.0044735628531970915
-571.06289727103126
Iter: 6 loss: 0.0044627335659168958
-569.0978467476034
Iter: 7 loss: 0.0044556574982806737
-561.23601461047065
Iter: 8 loss: 0.0044315912742458052
-553.87707445316221
Iter: 9 loss: 0.0043765399852714439
-565.57744034988821
Iter: 10 loss: 0.0043596516689833539
-573.22920075836259
Iter: 11 loss: 0.004331453504885817
-573.25216096789268
Iter: 12 loss: 0.0042791501546542276
-548.648229296799
Iter: 13 loss: 0.0041824698908923723
-552.82204077877327
Iter: 14 loss: 0.004076974605004835
-487.3534882471215
Iter: 15 loss: 0.0040164875728298643
-514.79958662508125
Iter: 16 loss: 0.00398153400954991
-533.81631535217389
Iter: 17 loss: 0.0039532665779195095
-556.84678112012989
Iter: 18 loss: 0.0038950730693779884
-589.48438907682043
Iter: 19 loss: 0.0037609918602435149
-597.41469702118206
Iter: 20 loss: 0.0036053394605925202
-608.6727514160084
Iter: 21 loss: 0.0033896847711547356
-541.774629302241
Iter: 22 loss: 0.0031568659985465679
-471.20610563087291
Iter: 23 loss: 0.003021040506114985
-374.66692384317105
Iter: 24 loss: 0.0028906568758224937
-316.99247700920989
Iter: 25 loss: 0.0028140390721586631
-304.09024678531659
Iter: 26 loss: 0.0027886020013177214
-308.33486357144903
Iter: 27 loss: 0.0027775390343233392
-316.1863274301507
Iter: 28 loss: 0.0027579590207059785
-325.06325105592089
Iter: 29 loss: 0.0027106761159604734
-321.45845853175774
Iter: 30 loss: 0.0026452638709583169
-307.15316084369783
Iter: 31 loss: 0.0025813013848946164
-295.25153829123826
Iter: 32 loss: 0.0025450009558073933
-289.63571065646408
Iter: 33 loss: 0.0025291924775646991
-290.37183771648267
Iter: 34 loss: 0.0025147762340128992
-300.9762525177041
Iter: 35 loss: 0.0024909389273351373
-324.59696318023509
Iter: 36 loss: 0.0024563876727604315
-235.36580297931991
Iter: 1 loss: 0.012904536145906679
-17523.261217740757
Iter: 2 loss: 2.7729920971906958
-497.34794395863076
Iter: 3 loss: 0.013035502113714455
-343.10815390638288
Iter: 4 loss: 0.0127790142974817
-322.91837799299287
Iter: 5 loss: 0.012755108948193988
-228.94256093641664
Iter: 6 loss: 0.012632472728937531
-221.04797166697867
Iter: 7 loss: 0.012559931210042601
-189.56608679511257
Iter: 8 loss: 0.012372434198808213
-297.85419638309048
Iter: 9 loss: 0.012253155380049865
-295.14376208506724
Iter: 10 loss: 0.012183009354791146
-284.70443304322987
Iter: 11 loss: 0.012078818765066742
-261.19507611901031
Iter: 12 loss: 0.011980274588956329
-207.4448939196258
Iter: 13 loss: 0.011738660997068034
-196.65895543802304
Iter: 14 loss: 0.011473156150207659
-216.24367263192505
Iter: 15 loss: 0.011066341971954005
-242.2180758187929
Iter: 16 loss: 0.010583897674547304
-460.25827703987011
Iter: 17 loss: 0.010402385933761863
-289.13351121567507
Iter: 18 loss: 0.010184733374589323
-293.54423868930724
Iter: 19 loss: 0.010128434976955539
-304.9540982255885
Iter: 20 loss: 0.010016258284233174
-233.39766273672112
Iter: 21 loss: 0.00994352550562797
-196.32064860465553
Iter: 22 loss: 0.0099089685406315853
-196.04341970051985
Iter: 23 loss: 0.0098846628704386021
-237.65297679459047
Iter: 24 loss: 0.0097658984972201733
-274.15492639284247
Iter: 25 loss: 0.009572389854361393
-269.05628252808219
Iter: 26 loss: 0.009330083395720095
-284.47886315578853
Iter: 27 loss: 0.0090615249218819888
-201.16827242672989
Iter: 28 loss: 0.0089922408599265053
-266.99399126514288
Iter: 29 loss: 0.008954925950815526
-244.53737273368591
Iter: 30 loss: 0.0089231647800585012
-223.71341593311669
Iter: 31 loss: 0.00888984087673022
-216.04809879005927
Iter: 32 loss: 0.0088410371897982981
-213.4750452037205
Iter: 33 loss: 0.0087559633976634025
Iter: 1 loss: 4.0037928891817546e-05
Iter: 2 loss: 0.43269797971509422
Iter: 3 loss: 3.9584207893634307e-05
-322.80185249509577
Iter: 1 loss: 0.0024282633280932656
36311.406025771386
Iter: 2 loss: 27.443233967771903
2376.7379944446184
Iter: 3 loss: 0.47336485274538553
-289.59897573725527
Iter: 4 loss: 0.0023566702483143027
-292.59386263841213
Iter: 5 loss: 0.002355568648022637
-299.56458769107383
Iter: 6 loss: 0.0023531459028693163
-308.40400966878474
Iter: 7 loss: 0.0023501811769854738
-313.47897818043725
Iter: 8 loss: 0.002347429273864588
-314.86761380250073
Iter: 9 loss: 0.0023455528040781668
-314.25067488127706
Iter: 10 loss: 0.0023436267724605509
-312.13078169177379
Iter: 11 loss: 0.0023405241178794988
-308.9209063219796
Iter: 12 loss: 0.0023356782888018
-309.63042042610368
Iter: 13 loss: 0.0023282794768884158
-310.69374459394186
Iter: 14 loss: 0.0023201923629186058
-311.88434597500623
Iter: 15 loss: 0.0023170457632481706
-312.79374124075775
Iter: 16 loss: 0.0023152286914099153
-310.88927434082342
Iter: 17 loss: 0.0023128730844540948
-306.33570822623324
Iter: 18 loss: 0.0023103277256819018
-302.54465064096888
Iter: 19 loss: 0.0023091146285615658
-295.32170996075183
Iter: 20 loss: 0.0023072388910903964
-286.13572900375834
Iter: 21 loss: 0.0023049796053645545
-276.12182461317173
Iter: 22 loss: 0.0023017060981461667
-269.74018111325023
Iter: 23 loss: 0.00229971814420499
-269.77462712890656
Iter: 24 loss: 0.0022991185285875229
