2022-10-02 22:59:36.936051: I tensorflow/core/platform/cpu_feature_guard.cc:193] This TensorFlow binary is optimized with oneAPI Deep Neural Network Library (oneDNN) to use the following CPU instructions in performance-critical operations:  AVX2 AVX512F AVX512_VNNI FMA
To enable them in other operations, rebuild TensorFlow with the appropriate compiler flags.
2022-10-02 22:59:37.142138: I tensorflow/core/util/util.cc:169] oneDNN custom operations are on. You may see slightly different numerical results due to floating-point round-off errors from different computation orders. To turn them off, set the environment variable `TF_ENABLE_ONEDNN_OPTS=0`.
2022-10-02 22:59:37.149594: W tensorflow/stream_executor/platform/default/dso_loader.cc:64] Could not load dynamic library 'libcudart.so.11.0'; dlerror: libcudart.so.11.0: cannot open shared object file: No such file or directory; LD_LIBRARY_PATH: /software/python-anaconda-2022.05-el8-x86_64/lib:/software/cudnn-8.3.1-el8-x86_64/lib64
2022-10-02 22:59:37.149650: I tensorflow/stream_executor/cuda/cudart_stub.cc:29] Ignore above cudart dlerror if you do not have a GPU set up on your machine.
2022-10-02 22:59:37.180202: E tensorflow/stream_executor/cuda/cuda_blas.cc:2981] Unable to register cuBLAS factory: Attempting to register factory for plugin cuBLAS when one has already been registered
2022-10-02 22:59:38.078686: W tensorflow/stream_executor/platform/default/dso_loader.cc:64] Could not load dynamic library 'libnvinfer.so.7'; dlerror: libnvinfer.so.7: cannot open shared object file: No such file or directory; LD_LIBRARY_PATH: /software/python-anaconda-2022.05-el8-x86_64/lib:/software/cudnn-8.3.1-el8-x86_64/lib64
2022-10-02 22:59:38.078830: W tensorflow/stream_executor/platform/default/dso_loader.cc:64] Could not load dynamic library 'libnvinfer_plugin.so.7'; dlerror: libnvinfer_plugin.so.7: cannot open shared object file: No such file or directory; LD_LIBRARY_PATH: /software/python-anaconda-2022.05-el8-x86_64/lib:/software/cudnn-8.3.1-el8-x86_64/lib64
2022-10-02 22:59:38.078844: W tensorflow/compiler/tf2tensorrt/utils/py_utils.cc:38] TF-TRT Warning: Cannot dlopen some TensorRT libraries. If you would like to use Nvidia GPU with TensorRT, please make sure the missing libraries mentioned above are installed properly.
2022-10-02 22:59:41.452874: W tensorflow/stream_executor/platform/default/dso_loader.cc:64] Could not load dynamic library 'libcuda.so.1'; dlerror: libcuda.so.1: cannot open shared object file: No such file or directory; LD_LIBRARY_PATH: /software/python-anaconda-2022.05-el8-x86_64/lib:/software/cudnn-8.3.1-el8-x86_64/lib64
2022-10-02 22:59:41.452913: W tensorflow/stream_executor/cuda/cuda_driver.cc:263] failed call to cuInit: UNKNOWN ERROR (303)
2022-10-02 22:59:41.452934: I tensorflow/stream_executor/cuda/cuda_diagnostics.cc:156] kernel driver does not appear to be running on this host (midway3-0124.rcc.local): /proc/driver/nvidia/version does not exist
2022-10-02 22:59:41.453311: I tensorflow/core/platform/cpu_feature_guard.cc:193] This TensorFlow binary is optimized with oneAPI Deep Neural Network Library (oneDNN) to use the following CPU instructions in performance-critical operations:  AVX2 AVX512F AVX512_VNNI FMA
To enable them in other operations, rebuild TensorFlow with the appropriate compiler flags.
2022-10-02 23:00:20.188133: W tensorflow/core/common_runtime/forward_type_inference.cc:332] Type inference failed. This indicates an invalid graph that escaped type checking. Error message: INVALID_ARGUMENT: expected compatible input types, but input 1:
type_id: TFT_OPTIONAL
args {
  type_id: TFT_PRODUCT
  args {
    type_id: TFT_TENSOR
    args {
      type_id: TFT_BOOL
    }
  }
}
 is neither a subtype nor a supertype of the combined inputs preceding it:
type_id: TFT_OPTIONAL
args {
  type_id: TFT_PRODUCT
  args {
    type_id: TFT_TENSOR
    args {
      type_id: TFT_DOUBLE
    }
  }
}

	while inferring type of node 'StatefulPartitionedCall_1/StatefulPartitionedCall/cond_1_259/output/_29750'
Iter: 1 loss: 0.0967350018658459
Iter: 2 loss: 0.00071204500784934554
Iter: 3 loss: 0.00071203204357515588
Iter: 4 loss: 0.00071198016495756743
Iter: 5 loss: 0.00071177231584895252
Iter: 6 loss: 0.00071093587713173324
Iter: 7 loss: 0.00070754682712065862
Iter: 8 loss: 0.00069823334764657617
Iter: 9 loss: 0.00068703560245324713
Iter: 10 loss: 0.00067867988499204781
Iter: 11 loss: 0.00067652031092902613
Iter: 12 loss: 0.000657145230857256
Iter: 13 loss: 0.80544159272396487
Iter: 14 loss: 0.0006554532431813987
Iter: 15 loss: 0.0063646874804564341
Iter: 16 loss: 0.00062887687296454972
Iter: 17 loss: 0.001001280579344542
Iter: 18 loss: 0.00061020026612633742
Iter: 19 loss: 0.00063328935621389539
Iter: 20 loss: 0.00052516206947474261
Iter: 21 loss: 0.0003134617804745717
Iter: 22 loss: 0.00024744583883187977
Iter: 23 loss: 0.00013267996563568295
Iter: 24 loss: 0.0056731802043173876
Iter: 25 loss: 0.00010481118646266381
Iter: 26 loss: 0.00016963713394975102
Iter: 27 loss: 6.4481600536814174e-05
Iter: 28 loss: 6.3624321096387163e-05
12007166.407850375
Iter: 1 loss: 5614730497.8454647
83734910.163076758
Iter: 2 loss: 323122826035.00592
189735.31087966595
Iter: 3 loss: 28529.611870113131
189735.01549302335
Iter: 4 loss: 28529.037594848352
189733.83412912994
Iter: 5 loss: 28526.740789171272
189729.11160418275
Iter: 6 loss: 28517.558306141196
189710.26847067528
Iter: 7 loss: 28480.904293728927
189635.652582962
Iter: 8 loss: 28335.50905908104
189349.63931346982
Iter: 9 loss: 27773.876337264686
188430.41994265513
Iter: 10 loss: 25880.881651002939
182167.19467784159
Iter: 11 loss: 19071.135525025638
166054.36668446797
Iter: 12 loss: 8483.9447506166416
146520.13814801836
Iter: 13 loss: 2944.1694111649495
146208.51039984426
Iter: 14 loss: 2579.6452233212249
145949.34466591832
Iter: 15 loss: 2025.5707345490955
145110.13656715018
Iter: 16 loss: 1793.4111962174143
144643.97566425789
Iter: 17 loss: 1645.7143049339884
144170.20480132703
Iter: 18 loss: 1568.0108865878499
144089.41736342508
Iter: 19 loss: 1520.772520897887
143457.57524474131
Iter: 20 loss: 1483.1685985791523
143851.20858339523
Iter: 21 loss: 1438.3854355415
143350.04224138256
Iter: 22 loss: 1382.5674490720644
143481.70679239949
Iter: 23 loss: 1270.4813236626871
144844.21398222749
Iter: 24 loss: 1188.4063944858062
142978.893837056
Iter: 25 loss: 1096.9194712683307
141880.57539734253
Iter: 26 loss: 980.24259479734587
141278.42643700811
Iter: 27 loss: 751.38301323213818
141044.60591977957
Iter: 28 loss: 590.33379882314478
140648.08344235976
Iter: 29 loss: 535.80680042926724
139624.91364400845
Iter: 30 loss: 468.59285959038368
137050.41640053192
Iter: 31 loss: 404.2020210630057
136145.9867426962
Iter: 32 loss: 399.58350214558607
135883.8307015188
Iter: 33 loss: 397.53500007384923
135813.20131576894
Iter: 34 loss: 396.92722603649895
135762.3856064456
Iter: 35 loss: 396.2050990714132
135610.97418793949
Iter: 36 loss: 393.81857201190849
135356.98198445261
Iter: 37 loss: 390.58132386671213
134573.274476566
Iter: 38 loss: 383.03777719845982
16209.923966859611
Iter: 1 loss: 97150.970784543577
-7683484.2745950781
Iter: 2 loss: 9384297417.9347153
17089.992652642424
Iter: 3 loss: 93953.85589265966
20608.796164249481
Iter: 4 loss: 81025.319549875712
20782.652623374466
Iter: 5 loss: 80317.118066965646
20894.441155377448
Iter: 6 loss: 80118.744319170743
21430.766467149086
Iter: 7 loss: 79415.765345643886
22827.268347392634
Iter: 8 loss: 77836.587009055787
26297.865369635634
Iter: 9 loss: 73977.637798028212
31854.840648109428
Iter: 10 loss: 66421.039350823616
33497.12181058641
Iter: 11 loss: 56745.894731370514
30357.916634344543
Iter: 12 loss: 54497.071306295693
32323.828606065246
Iter: 13 loss: 52344.657358314107
32412.948175565518
Iter: 14 loss: 51744.472871407415
32391.940907359225
Iter: 15 loss: 51733.438100319458
32304.606102510672
Iter: 16 loss: 51695.352544786365
32197.463718921474
Iter: 17 loss: 51458.062331368645
32594.145562545753
Iter: 18 loss: 50877.620752396
34396.154783365055
Iter: 19 loss: 49456.847835604232
38688.925178179867
Iter: 20 loss: 46195.594146241958
44153.566216815336
Iter: 21 loss: 39992.683056869355
-119180.27512511917
Iter: 22 loss: 1414867.7171727389
44153.772232628427
Iter: 23 loss: 39992.207721421953
44263.289987292315
Iter: 24 loss: 39714.801259643806
39452.194259730692
Iter: 25 loss: 40122.573903082593
43956.683822405859
Iter: 26 loss: 38234.866136174467
44695.569149597504
Iter: 27 loss: 36222.743782154241
49472.003842739534
Iter: 28 loss: 36131.443446389785
48384.164596930066
Iter: 29 loss: 34737.432469402367
47793.857775671131
Iter: 30 loss: 34610.15647882843
47897.275854243009
Iter: 31 loss: 34363.661429472486
48767.592829535635
Iter: 32 loss: 32929.353746633846
48799.818335870048
Iter: 33 loss: 32438.662885413381
48900.020002370788
Iter: 34 loss: 31814.653460416826
49156.633696217177
Iter: 35 loss: 31683.067935366889
49576.931083414122
Iter: 36 loss: 31570.763217463274
50075.538332480392
Iter: 37 loss: 31455.800620030543
Iter: 1 loss: 6.2079963858367767e-05
Iter: 2 loss: 0.00072999256800810361
Iter: 3 loss: 0.000641520699253632
Iter: 4 loss: 6.4801213725402832e-05
Iter: 5 loss: 6.1158659347994049e-05
97958.39829648126
Iter: 1 loss: 134101.45985775004
240266.30805072532
Iter: 2 loss: 329458.25291366474
4598688.5806746986
Iter: 3 loss: 932194375.69782
98386.09251780335
Iter: 4 loss: 133098.60808774395
131848.56799640303
Iter: 5 loss: 85486.71355717034
142398.88411864697
Iter: 6 loss: 78041.999227379
156688.03575006765
Iter: 7 loss: 67946.837173095351
171348.61077497064
Iter: 8 loss: 56860.978186049673
192566.61135868117
Iter: 9 loss: 48673.9739931893
175720.04515051437
Iter: 10 loss: 38547.748523086906
162115.72132132406
Iter: 11 loss: 29087.707686495443
171998.91069870532
Iter: 12 loss: 20875.996001029205
180126.32676473504
Iter: 13 loss: 19880.411429795604
173493.72534641565
Iter: 14 loss: 19018.816960606528
138845.83023570158
Iter: 15 loss: 68837.710753346517
168970.05902947386
Iter: 16 loss: 16843.166061961521
171976.18960194621
Iter: 17 loss: 16185.888034629481
169887.53473451146
Iter: 18 loss: 14633.901403706794
160213.23070950323
Iter: 19 loss: 11625.8582370556
164177.50525787944
Iter: 20 loss: 16725.097346137245
160850.65869117214
Iter: 21 loss: 10740.235258306877
158896.95887431642
Iter: 22 loss: 10638.17878514826
159350.96079155846
Iter: 23 loss: 10606.143046083957
159978.87217478006
Iter: 24 loss: 10461.07658224757
160864.94309276904
Iter: 25 loss: 9663.6475345956587
182093.64788210852
Iter: 26 loss: 27242.573975181807
162415.59565667994
Iter: 27 loss: 9183.8138638634173
161996.56048875052
Iter: 28 loss: 12567.692924792724
142611.01102949079
Iter: 29 loss: 24826.077539697049
161366.95898491264
Iter: 30 loss: 8577.016885592031
156199.33946995495
Iter: 31 loss: 4743.8748888354112
-2836998.0267244722
Iter: 32 loss: 435436670.49335825
141053.74045165707
Iter: 33 loss: 10241.303016238549
153482.6627448012
Iter: 34 loss: 4378.80111039385
147389.26129006187
Iter: 35 loss: 4126.7108347919493
152071.30106604792
Iter: 36 loss: 4019.7981589859132
417851.93514622876
Iter: 37 loss: 3516200.6969033079
152515.51170401834
Iter: 38 loss: 3464.3195808483929
134051.08842407522
Iter: 39 loss: 14510.953808339385
151550.30288259487
Iter: 40 loss: 3169.3729654615895
144385.77671449352
Iter: 41 loss: 3470.9261655058303
141861.57860622165
Iter: 42 loss: 3730.38972517167
148411.32873496052
Iter: 43 loss: 3138.8363726858397
150978.45313907712
Iter: 44 loss: 3096.1889636151068
144800.57762834826
Iter: 45 loss: 2824.7273490558155
156875.26723037998
Iter: 46 loss: 43917.723456900079
145374.1768174317
Iter: 47 loss: 2839.593036678084
145447.7497780663
Iter: 48 loss: 2479.5655136378618
145512.34105317522
Iter: 49 loss: 2466.8528555582789
145549.79933585587
Iter: 50 loss: 2457.6001897234919
145718.69798629978
Iter: 51 loss: 2422.0478049504886
146770.66605618823
Iter: 52 loss: 2326.9364904449494
-7322679.8021018449
Iter: 1 loss: 2152288227.74414
2674014.8861319902
Iter: 2 loss: 22748.076974871808
387938.14692842693
Iter: 3 loss: 435.94601830520594
-3120442.2784014586
Iter: 4 loss: 493567306.2579006
-1228033.9848784734
Iter: 5 loss: 73866234.374587923
-572634.0807186896
Iter: 6 loss: 11082476.870875247
-61627.2148802417
Iter: 7 loss: 502601.01613742544
-754616.71641842322
Iter: 8 loss: 14888075.498200784
-669306.4871360627
Iter: 9 loss: 11708974.350657094
-496511.81203863467
Iter: 10 loss: 6435019.9345982959
-398125.89753455005
Iter: 11 loss: 4122468.2757670567
-314781.7454122554
Iter: 12 loss: 2553033.9479780495
-257619.49257695919
Iter: 13 loss: 1685488.3582053161
-219670.64365870881
Iter: 14 loss: 1210904.7092885277
-199869.5595801989
Iter: 15 loss: 1009587.7426726926
-192181.73103471714
Iter: 16 loss: 954444.25453754293
-187982.33374372317
Iter: 17 loss: 931082.01193528285
-177399.34911073162
Iter: 18 loss: 872140.34612440784
-153796.06671489074
Iter: 19 loss: 736912.26182121434
-112047.19858402612
Iter: 20 loss: 497893.07203818625
-74385.99951236973
Iter: 21 loss: 309637.61810665985
-47682.758407693822
Iter: 22 loss: 200666.70099075447
-31223.074917555728
Iter: 23 loss: 140816.53605502
-24549.454634771759
Iter: 24 loss: 119694.83432160706
-11677.241112498948
Iter: 25 loss: 94196.705241612814
7621.348795163929
Iter: 26 loss: 64185.279939945569
19330.761795082435
Iter: 27 loss: 50966.585512019912
30274.682698036322
Iter: 28 loss: 40918.434510606079
42336.70660121637
Iter: 29 loss: 30906.228514437367
53292.921416350291
Iter: 30 loss: 22808.950450311884
60731.129379571968
Iter: 31 loss: 17857.226003941887
63944.076974340394
Iter: 32 loss: 15841.036880351725
64343.065802241792
Iter: 33 loss: 15598.036911613637
64373.937751914746
Iter: 34 loss: 15570.805898413659
64456.585286205125
Iter: 35 loss: 15488.759026463173
64706.313411197865
Iter: 36 loss: 15206.774884346401
64888.7566839607
Iter: 37 loss: 14628.684050650534
64843.888758229834
Iter: 38 loss: 14515.444904861619
Iter: 1 loss: 6.4972822188793421e-05
Iter: 2 loss: 0.00068805517148814565
Iter: 3 loss: 0.00046936213500094832
Iter: 4 loss: 6.4847203830561368e-05
900524.40632766555
Iter: 1 loss: 13768514.407295123
-453739.70321731432
Iter: 2 loss: 2905561.2897661049
2474260.83095069
Iter: 3 loss: 263901646.37731576
2714131.8422302227
Iter: 4 loss: 395351667.84473848
-297177.07616867311
Iter: 5 loss: 1503275.3990889892
-191137.16124659957
Iter: 6 loss: 863584.99545888568
-70817.005622867859
Iter: 7 loss: 349138.06967251253
17946.75624792017
Iter: 8 loss: 131004.7547625219
86399.1571527496
Iter: 9 loss: 38926.422270834548
128985.60563612204
Iter: 10 loss: 12341.4457596147
150268.3183223907
Iter: 11 loss: 7341.0922931066916
157406.50592604719
Iter: 12 loss: 6633.8509666801356
160809.98245863122
Iter: 13 loss: 6128.0746863978084
164094.1611638914
Iter: 14 loss: 4906.6995090217188
161319.73112437027
Iter: 15 loss: 3526.2926230656158
158209.84557768443
Iter: 16 loss: 3148.5059367775038
158045.0448001418
Iter: 17 loss: 3138.9782905006155
157953.17581923192
Iter: 18 loss: 3132.6080515675753
157838.27973914816
Iter: 19 loss: 3124.7159249512524
157514.88694894069
Iter: 20 loss: 3102.2632709656818
157128.67510203883
Iter: 21 loss: 3069.01094063674
157299.47406070528
Iter: 22 loss: 3020.8383407631709
157407.680666816
Iter: 23 loss: 2947.9740289121842
159243.65637721951
Iter: 24 loss: 2814.13752438633
162101.86380179878
Iter: 25 loss: 2646.4351247674485
163448.58800760985
Iter: 26 loss: 2497.5251149327082
167188.24204507514
Iter: 27 loss: 2230.5781683837681
164607.18702702
Iter: 28 loss: 2278.4334483646226
166055.78270755877
Iter: 29 loss: 2047.2408415628984
170512.714068518
Iter: 30 loss: 1819.9642095553231
173809.02760212746
Iter: 31 loss: 1586.3106904119281
159973.42238738493
Iter: 32 loss: 4563.4970953514494
172611.75924333982
Iter: 33 loss: 1422.8782809631205
170720.98517808469
Iter: 34 loss: 1360.7170119538559
172481.14315014542
Iter: 35 loss: 1320.4219830082297
-523471.23632608593
Iter: 1 loss: 4319287.470857624
1861769.5169795698
Iter: 2 loss: 10713.669060230462
324249.41035328934
Iter: 3 loss: 311.78681142559606
-701945.116693718
Iter: 4 loss: 25569886.972495403
-1770514.2848948129
Iter: 5 loss: 159973146.67946598
7200.1326166331855
Iter: 6 loss: 265461.32659581967
-703511.75310578651
Iter: 7 loss: 14590650.942027036
-1760051.4740376088
Iter: 8 loss: 75386314.126246035
-22398234.600838751
Iter: 9 loss: 23110350125.516766
-1166812.7515860125
Iter: 10 loss: 31852951.723388784
-27325572.910560712
Iter: 11 loss: 35805098787.570595
-523442.10222591215
Iter: 12 loss: 4318659.0325875469
-423105.94625490333
Iter: 13 loss: 2391863.8264663746
-389655.7707163858
Iter: 14 loss: 1843911.880973632
-370794.21530406317
Iter: 15 loss: 1532488.6955170652
-368458.85458129446
Iter: 16 loss: 1468537.4055971287
-368672.60138161515
Iter: 17 loss: 1462416.7427845807
-368443.36538499536
Iter: 18 loss: 1459003.8949236521
-366470.74497346382
Iter: 19 loss: 1443424.5840842803
-361735.3972570863
Iter: 20 loss: 1416081.8522072127
-352196.52392280422
Iter: 21 loss: 1370713.587924496
-340428.48237294005
Iter: 22 loss: 1317389.6423825421
-327184.23292277171
Iter: 23 loss: 1257532.9597453102
-319543.34834533255
Iter: 24 loss: 1232601.2069851775
-315897.09842103918
Iter: 25 loss: 1224675.481957833
-311836.36869433225
Iter: 26 loss: 1214543.6276076238
-304710.254026285
Iter: 27 loss: 1187865.5620389604
-288608.69300062634
Iter: 28 loss: 1066662.5922858308
-287011.32260190486
Iter: 29 loss: 1002410.4547002517
-285847.30977653991
Iter: 30 loss: 989559.00324425823
-286541.98005735781
Iter: 31 loss: 987735.9649138063
-281233.4469356144
Iter: 32 loss: 974666.63122035121
-277108.51770627627
Iter: 33 loss: 953377.16905290564
-523419.3958454383
Iter: 34 loss: 4426413.8919712175
-278424.74417719676
Iter: 35 loss: 939666.26505542977
-275795.77257572493
Iter: 36 loss: 915086.06279301294
-213082.91142342897
Iter: 37 loss: 626586.77079517185
-164696.2333489093
Iter: 38 loss: 436356.82811813394
-149091.06028898963
Iter: 39 loss: 375422.62978923123
-134711.29690512765
Iter: 40 loss: 330479.28871740965
-133259.59287991031
Iter: 41 loss: 322844.32238373684
-130641.65914682689
Iter: 42 loss: 310082.66946852149
-126461.68435231055
Iter: 43 loss: 291703.45725359139
Iter: 1 loss: 6.001483649691864e-05
Iter: 2 loss: 0.00067870227721383554
Iter: 3 loss: 0.00021653245034383841
Iter: 4 loss: 5.9921629312144995e-05
165304.79455667286
Iter: 1 loss: 2933.7444905755956
-2859495.2309923833
Iter: 2 loss: 427468373.27652258
165337.62882623327
Iter: 3 loss: 2930.9096477659077
166567.25685807274
Iter: 4 loss: 2876.8337647584131
166459.0277809886
Iter: 5 loss: 2763.2988586855263
165642.63954931952
Iter: 6 loss: 2324.9476687291594
156130.18318836894
Iter: 7 loss: 2984.4411877646417
162793.83892200113
Iter: 8 loss: 1813.352273555028
159436.52639916341
Iter: 9 loss: 1852.5562355063357
161482.36176179606
Iter: 10 loss: 1692.289762698151
162235.10259828347
Iter: 11 loss: 1395.4725366740154
162692.7292814613
Iter: 12 loss: 1147.4564772896565
162149.36784787249
Iter: 13 loss: 1039.1850979594496
163858.86666603817
Iter: 14 loss: 996.17252871665949
161575.52637839277
Iter: 15 loss: 972.7941862037793
162935.76144377317
Iter: 16 loss: 949.55934554682369
162160.28695082743
Iter: 17 loss: 949.45367391542152
162614.52070499098
Iter: 18 loss: 944.98330341019425
162538.3359517114
Iter: 19 loss: 944.74783540463
162537.32874192824
Iter: 20 loss: 944.59829149915345
162531.76664600614
Iter: 21 loss: 944.10394890232055
162569.66758083823
Iter: 22 loss: 942.20167125887781
162600.77596895353
Iter: 23 loss: 939.55958603837394
162599.57694236515
Iter: 24 loss: 934.46318242294365
162542.61121790871
Iter: 25 loss: 923.967284080715
162472.35096913271
Iter: 26 loss: 905.67951051173952
162468.38802726651
Iter: 27 loss: 877.65181385870858
162578.47672590433
Iter: 28 loss: 832.62756070589808
162821.01891205911
Iter: 29 loss: 759.50475039755918
162737.08226420407
Iter: 30 loss: 749.06267707259065
162616.08850079303
Iter: 31 loss: 744.14448793009433
162518.83430076341
Iter: 32 loss: 740.12707336306164
162356.0356300681
Iter: 33 loss: 736.20507003047737
162366.75599549015
Iter: 34 loss: 735.84071361270639
162389.03003763306
Iter: 35 loss: 735.63439633680775
162461.96636659949
Iter: 36 loss: 735.0271795130742
162570.6085463005
Iter: 37 loss: 734.200542314371
162719.40893852033
Iter: 38 loss: 732.98216047633343
162883.14472769116
Iter: 39 loss: 731.22482260906622
163065.59609489352
Iter: 40 loss: 728.1822702823049
-1914476.2333968589
Iter: 1 loss: 89485527.434562847
2099288.018204133
Iter: 2 loss: 25872.80362488707
344203.85107566649
Iter: 3 loss: 349.03430672684618
-112042.17865871925
Iter: 4 loss: 1083088.7815022396
-60527.718094603712
Iter: 5 loss: 678845.92314509652
-353901.310625666
Iter: 6 loss: 2084005.9791492119
-3174794.9102936089
Iter: 7 loss: 473006108.129284
-417550.80189344968
Iter: 8 loss: 2614221.5161355012
-382463.95781719184
Iter: 9 loss: 2444702.1239055167
-382172.352219963
Iter: 10 loss: 2258192.5034688404
-379097.69339820358
Iter: 11 loss: 2182482.2598815612
-358799.02051076834
Iter: 12 loss: 1854481.3058935353
-337212.721983961
Iter: 13 loss: 1621508.6003234135
-309992.908590918
Iter: 14 loss: 1422382.0538354344
-287774.86728826951
Iter: 15 loss: 1293907.6097774419
-271848.14342233841
Iter: 16 loss: 1217532.0007954838
-262026.27982300421
Iter: 17 loss: 1174115.2687248155
-257513.85369890172
Iter: 18 loss: 1143961.6520508886
-255015.36073534607
Iter: 19 loss: 1093090.8495308547
-255378.14239331745
Iter: 20 loss: 1028620.7411516153
-260026.4218035154
Iter: 21 loss: 1010202.0791545879
-258987.89454680705
Iter: 22 loss: 1007354.5843236817
-257153.20785172837
Iter: 23 loss: 1000321.5301426768
-255730.16079903638
Iter: 24 loss: 993284.11833052547
-252957.66655895472
Iter: 25 loss: 975631.013094459
-249288.11067983872
Iter: 26 loss: 937525.62467821571
-267823.65349604771
Iter: 27 loss: 943986.25657620712
-250676.24969827032
Iter: 28 loss: 906084.141851038
-240259.68408318155
Iter: 29 loss: 835595.454093137
-202649.6700541249
Iter: 30 loss: 695809.3951174462
-198303.89075066888
Iter: 31 loss: 640539.95711584715
-207152.10206563
Iter: 32 loss: 622556.28432664368
-193337.50918088062
Iter: 33 loss: 585688.53039619024
-188402.45614308032
Iter: 34 loss: 557643.37551259459
-167688.27883492195
Iter: 35 loss: 445634.51844611578
-160535.6068205247
Iter: 36 loss: 413601.11082102172
-158209.4924086933
Iter: 37 loss: 405850.98261824396
-157429.15131176665
Iter: 38 loss: 404238.24502145336
Iter: 1 loss: 6.1126203134871727e-05
Iter: 2 loss: 0.3280556711522909
Iter: 3 loss: 6.0787411224136095e-05
194560.2109117801
Iter: 1 loss: 37378.0968096094
-33376088761.372768
Iter: 2 loss: 42822919931475216
194560.2109117459
Iter: 3 loss: 37378.096809532253
156140.30484636768
Iter: 4 loss: 1830.4511224905659
163206.37580965826
Iter: 5 loss: 572.89338899690006
162229.98092318996
Iter: 6 loss: 536.69674633610907
162191.35296553967
Iter: 7 loss: 536.59808325768176
162173.83733399189
Iter: 8 loss: 536.51928014488544
162115.62953868261
Iter: 9 loss: 536.11686618286717
162039.40990608872
Iter: 10 loss: 535.27529151219687
161907.99111766589
Iter: 11 loss: 532.99703611175494
161726.33138813209
Iter: 12 loss: 527.83221033760333
161519.26532927662
Iter: 13 loss: 516.51805933031949
161426.358711384
Iter: 14 loss: 493.60617830971353
161794.34987694304
Iter: 15 loss: 457.31232904685584
162275.77348744986
Iter: 16 loss: 447.01667389811746
162138.82016193512
Iter: 17 loss: 442.18795941638075
161947.23868164525
Iter: 18 loss: 438.86004824694538
162223.08103480432
Iter: 19 loss: 436.16066301554247
162285.83318479764
Iter: 20 loss: 435.2323713990134
162331.71327671845
Iter: 21 loss: 434.58118415487991
162434.12301313452
Iter: 22 loss: 434.46833511783746
162405.70882503354
Iter: 23 loss: 434.43090402041508
162411.59319578513
Iter: 24 loss: 434.42995410764877
162412.7441175686
Iter: 25 loss: 434.42953881023766
-4853412.5579540953
Iter: 1 loss: 1150843624.4197001
15804843.799285688
Iter: 2 loss: 48925482.311254479
-9967401.2669192757
Iter: 3 loss: 2480561489.0885639
-3215559.7905318551
Iter: 4 loss: 171147768.76929638
-6403654.9610057212
Iter: 5 loss: 1198354633.5533414
-1389153.464328927
Iter: 6 loss: 36547609.584524468
-981435.75186435354
Iter: 7 loss: 32011370.878341772
-11339257.54139756
Iter: 8 loss: 5964708636.3721685
-560256.15124240378
Iter: 9 loss: 6369562.700848016
-557761.865529753
Iter: 10 loss: 6311725.3998460118
-547962.45454299857
Iter: 11 loss: 6087257.255824565
-511437.61343659804
Iter: 12 loss: 5289174.7233102424
-385641.31995128258
Iter: 13 loss: 2999611.0491899173
-320157.77359693835
Iter: 14 loss: 2089342.3765416234
-269949.72776873218
Iter: 15 loss: 1540503.8259875465
-246152.60425562874
Iter: 16 loss: 1359302.8785751369
-239216.29014478764
Iter: 17 loss: 1335474.4865742917
-237985.8956553379
Iter: 18 loss: 1332405.6284991738
-232697.01600129902
Iter: 19 loss: 1316908.3392539215
-223575.89593206573
Iter: 20 loss: 1285757.3725358238
-204093.3861904958
Iter: 21 loss: 1208408.5774642231
-172674.08778571658
Iter: 22 loss: 1064946.3407641219
-137101.57514471875
Iter: 23 loss: 876754.31968015654
-117116.2862438091
Iter: 24 loss: 806548.80923499935
-92952.998716250353
Iter: 25 loss: 724202.8829606974
-66381.661305020825
Iter: 26 loss: 595008.564198633
-111197.34473354855
Iter: 27 loss: 518311.55835513293
-63698.726029740021
Iter: 28 loss: 549686.092908894
-98386.64991226641
Iter: 29 loss: 514073.13902161381
-296212.99039449735
Iter: 30 loss: 3160650.5600559786
-196824.53251316442
Iter: 31 loss: 1345694.9468361181
-88882.163834838138
Iter: 32 loss: 469719.59247997543
-87921.537607737191
Iter: 33 loss: 464136.15786242357
-914407.240962189
Iter: 34 loss: 18018839.542693831
-120687.54825694452
Iter: 35 loss: 546009.17042221723
-88622.651194771868
Iter: 36 loss: 461223.4769531886
-114768.12960949331
Iter: 37 loss: 604015.09537367173
-87773.6528242161
Iter: 38 loss: 462033.19179013884
-88132.807657996978
Iter: 39 loss: 460928.96844562964
-86423.457511120956
Iter: 40 loss: 456323.6705804753
-80854.91946134319
Iter: 41 loss: 446155.50489757897
-80222.621293122909
Iter: 42 loss: 445838.59274799668
-79374.170829425726
Iter: 43 loss: 445377.43925729732
-77923.0237145528
Iter: 44 loss: 443134.39751678205
-72490.231823755981
Iter: 45 loss: 431104.96330241085
-66820.925651585654
Iter: 46 loss: 413513.46194676764
-61641.938872602783
Iter: 47 loss: 386176.41243898665
-69609.99938648472
Iter: 48 loss: 353638.88034918136
-78038.930830176076
Iter: 49 loss: 343206.423034134
-70104.141981360051
Iter: 50 loss: 318692.288561822
Iter: 1 loss: 6.2419786922899347e-05
Iter: 2 loss: 0.21035346157477797
Iter: 3 loss: 6.2370729427941931e-05
180223.65468575092
Iter: 1 loss: 2860.8373339297659
-2550521461.4540863
Iter: 2 loss: 288342691424641.38
180223.65468394081
Iter: 3 loss: 2860.8373336257928
173763.01945629751
Iter: 4 loss: 2325.9846768243506
173865.88949435903
Iter: 5 loss: 2263.1646014720714
174273.75909894123
Iter: 6 loss: 2036.7785681326791
172262.84193929413
Iter: 7 loss: 988.25765329275168
169957.93110021719
Iter: 8 loss: 875.37570222631473
169353.55187911255
Iter: 9 loss: 867.67301297580127
169108.74911452312
Iter: 10 loss: 863.99540010924306
168682.12383116619
Iter: 11 loss: 853.4946110742809
168197.79006224172
Iter: 12 loss: 831.61325173767239
167795.63827278529
Iter: 13 loss: 787.52929087104667
167997.53827849007
Iter: 14 loss: 728.56129256796521
169488.01560267963
Iter: 15 loss: 675.13815540824521
169828.25378544931
Iter: 16 loss: 673.22071669970978
169863.63700947538
Iter: 17 loss: 673.14895425462
169873.06839260741
Iter: 18 loss: 672.96054078817156
169910.89282055153
Iter: 19 loss: 672.345259242256
169966.06347379752
Iter: 20 loss: 669.129200965026
169987.71082339116
Iter: 21 loss: 659.69409311639743
169814.120843413
Iter: 22 loss: 644.92526211372353
169230.56968542741
Iter: 23 loss: 622.97111843687412
168788.1366261972
Iter: 24 loss: 614.09342360136361
168930.02354079453
Iter: 25 loss: 612.11743839963958
169026.066173853
Iter: 26 loss: 611.57877038330537
169036.25486181275
Iter: 27 loss: 611.48786176765884
169041.02735087904
Iter: 28 loss: 611.41106179396354
169034.052187414
Iter: 29 loss: 611.250258261679
168986.86856936722
Iter: 30 loss: 610.32228162200045
168883.53221005577
Iter: 31 loss: 608.56645450317626
168572.80059742089
Iter: 32 loss: 603.66486381992206
167851.55727999558
Iter: 33 loss: 593.79192447952823
166488.576784573
Iter: 34 loss: 577.3835006460165
165102.10659890829
Iter: 35 loss: 554.558523958083
-1774063.9718972631
Iter: 1 loss: 44063335.885187589
5836084.9222576926
Iter: 2 loss: 4424494.1511284
-98458335.873977751
Iter: 3 loss: 427239363690.23834
-1906095.6735467454
Iter: 4 loss: 65797291.705843493
-1743700.1222475343
Iter: 5 loss: 42873257.9293293
-1721833.0743744795
Iter: 6 loss: 41501559.2440256
-1643132.7842516096
Iter: 7 loss: 36800254.068241037
-1369944.2983906898
Iter: 8 loss: 23536127.413797505
-1202605.967500688
Iter: 9 loss: 17357678.293022893
-1020002.0805939569
Iter: 10 loss: 12243240.881421862
-832703.413066138
Iter: 11 loss: 8139678.3915359806
-693213.77185894758
Iter: 12 loss: 5732182.2384383921
-584631.35175936983
Iter: 13 loss: 4296745.56715029
-490149.8594053383
Iter: 14 loss: 3302506.1810834981
-400291.24927464075
Iter: 15 loss: 2498693.7557453737
-314866.89695380157
Iter: 16 loss: 1802757.0241661835
-246152.48467507109
Iter: 17 loss: 1240261.3653900158
-267747.75911569427
Iter: 18 loss: 1264221.0324368011
-232362.67919078853
Iter: 19 loss: 1059650.6724525527
-199793.76676911325
Iter: 20 loss: 839652.92236178159
-165944.27328081179
Iter: 21 loss: 611538.649645766
-167760.57250244962
Iter: 22 loss: 579540.00748168468
-160421.05905886085
Iter: 23 loss: 560009.89453995915
-153320.26664522907
Iter: 24 loss: 539090.02835690766
-149215.6995987285
Iter: 25 loss: 525685.50760488212
-148238.99421182717
Iter: 26 loss: 520469.7179500293
-148118.92378993591
Iter: 27 loss: 519025.65146489732
-147067.02896473219
Iter: 28 loss: 514564.91071855556
-143383.20436952572
Iter: 29 loss: 489750.13522060652
-144190.71925580647
Iter: 30 loss: 481523.91679682053
-143499.13189001664
Iter: 31 loss: 480630.75003038195
-141895.32508229598
Iter: 32 loss: 478518.81706949696
-140932.75524217405
Iter: 33 loss: 476835.8872430342
-138630.10657789555
Iter: 34 loss: 471605.09114162048
-134250.31525100471
Iter: 35 loss: 459438.87091857346
-125139.79379056868
Iter: 36 loss: 428992.3802282773
Iter: 1 loss: 6.0412622245633997e-05
Iter: 2 loss: 0.15023720055457004
Iter: 3 loss: 6.0352807081049772e-05
27142570.913212441
Iter: 1 loss: 35659997573.355736
-5626719.89471271
Iter: 2 loss: 929145263.30678523
-1634264610.0487945
Iter: 3 loss: 79861228720496.844
11073647.578103319
Iter: 4 loss: 5863456226.8214474
9620720.159760721
Iter: 5 loss: 4412241757.2744427
6126359.715962627
Iter: 6 loss: 1765816223.5453143
4122906.7790847383
Iter: 7 loss: 785967224.93787289
2319628.6341685723
Iter: 8 loss: 238739470.02065605
1064636.5976407991
Iter: 9 loss: 44880971.408379659
342663.30541280855
Iter: 10 loss: 2836347.1502245469
127444.91885457229
Iter: 11 loss: 116720.24144850225
105610.90994536923
Iter: 12 loss: 92599.766179087368
105173.8365820038
Iter: 13 loss: 92590.409205046628
105172.34914888008
Iter: 14 loss: 92590.3775711878
105166.39941910954
Iter: 15 loss: 92590.253215838253
105142.60098517586
Iter: 16 loss: 92589.7907167628
104959.0716037961
Iter: 17 loss: 92583.515334975047
104713.5666186077
Iter: 18 loss: 92569.585425894911
104296.61999062495
Iter: 19 loss: 92530.514767761255
103663.68187709869
Iter: 20 loss: 92430.371193144878
102692.89450352777
Iter: 21 loss: 92164.044822856857
101298.34343624518
Iter: 22 loss: 91467.073060671712
99511.9494793668
Iter: 23 loss: 89716.906889399
97850.162576714531
Iter: 24 loss: 86210.085141183
97307.061405340821
Iter: 25 loss: 81928.950273123832
98091.939651773908
Iter: 26 loss: 77558.931773285265
100349.07988145179
Iter: 27 loss: 71533.342478991224
104572.30749174318
Iter: 28 loss: 62549.811957891507
111519.14358351348
Iter: 29 loss: 49404.300090227232
121166.02536397355
Iter: 30 loss: 34395.224516041126
130313.49872905145
Iter: 31 loss: 23124.631521934294
138114.66907875153
Iter: 32 loss: 14060.346645343647
145715.05589401087
Iter: 33 loss: 8039.603565217275
152667.68775398275
Iter: 34 loss: 4331.4332599329919
158751.3552698057
Iter: 35 loss: 2344.9614056142018
-59755874.12384025
Iter: 1 loss: 164266243143.74908
2859134.5858768565
Iter: 2 loss: 25338.217637895948
400329.1232034344
Iter: 3 loss: 467.72588274746465
160474.43011082266
Iter: 4 loss: 32635.526826186608
-1981039.8488526463
Iter: 5 loss: 147448365.57714367
-12365033.906881323
Iter: 6 loss: 7262038629.4153643
-757699.2651394601
Iter: 7 loss: 23832598.834661324
-1345905.9754033638
Iter: 8 loss: 27266906.615192961
-8174678.7729297774
Iter: 9 loss: 2760351584.9992685
-4966918.3903198708
Iter: 10 loss: 881681008.31762981
-4405442.70505378
Iter: 11 loss: 656741522.22692966
-3542440.7913821908
Iter: 12 loss: 371384973.31634569
-3040719.5735135972
Iter: 13 loss: 238953841.11412859
-2654124.0426372983
Iter: 14 loss: 153198399.47732469
-2420693.2252992429
Iter: 15 loss: 107242220.02192608
-2308509.9299276704
Iter: 16 loss: 84658779.898108467
-2287285.5395311285
Iter: 17 loss: 77178054.979884028
-2291988.56396863
Iter: 18 loss: 75812350.078340754
-2290644.6643483224
Iter: 19 loss: 75178153.140062273
-2273856.3564088386
Iter: 20 loss: 73011789.91798164
-2219148.1737695714
Iter: 21 loss: 68189764.720481426
-2077609.0267497851
Iter: 22 loss: 57648619.958616152
-1843490.8462714818
Iter: 23 loss: 42537080.678814784
-1633241.1564810802
Iter: 24 loss: 31120118.168806691
-1505528.8253566343
Iter: 25 loss: 25634975.415846728
-1395930.4197125884
Iter: 26 loss: 21944346.385981984
-1230269.553983554
Iter: 27 loss: 17120176.766971786
-1104416.9351426437
Iter: 28 loss: 14207719.061399987
-1021080.5656451499
Iter: 29 loss: 12804989.203072986
-965099.68530890066
Iter: 30 loss: 12090269.355245659
-917398.24105335772
Iter: 31 loss: 11517178.447581137
-868946.94135069568
Iter: 32 loss: 10779331.412721852
-821943.99484138272
Iter: 33 loss: 9754830.6760725155
-837274.74530438054
Iter: 34 loss: 9111105.3899781257
-759366.35771062353
Iter: 35 loss: 7460605.2074793428
-696690.1008547016
Iter: 36 loss: 5308949.5393745555
-699639.3092807082
Iter: 37 loss: 4984779.4328604266
-711365.71567659185
Iter: 38 loss: 4936864.2970436383
Iter: 1 loss: 6.1513063263659236e-05
Iter: 2 loss: 0.3249681202890129
Iter: 3 loss: 6.1413921326329074e-05
168923.43091742066
Iter: 1 loss: 3718.7325065136056
842550.96396945347
Iter: 2 loss: 6595435.9662531326
1266238.5805214655
Iter: 3 loss: 21081160.979796734
3837381.625969355
Iter: 4 loss: 564500939.89973378
1135383.1576304785
Iter: 5 loss: 21235963.533059996
298241.5255498077
Iter: 6 loss: 164996.95875279763
176383.2382582532
Iter: 7 loss: 3171.3430711802907
174964.24849714397
Iter: 8 loss: 2757.426928529439
171859.30039821996
Iter: 9 loss: 1838.0220398602949
170977.97848729324
Iter: 10 loss: 1615.6451036967198
170394.14394787975
Iter: 11 loss: 1450.3029414185403
170927.39512162292
Iter: 12 loss: 1420.5467035696736
170990.25761054127
Iter: 13 loss: 1414.5474860544869
171107.13025911481
Iter: 14 loss: 1389.3674615842785
171391.07041238976
Iter: 15 loss: 1318.3387886979131
171762.900286538
Iter: 16 loss: 1294.7020254513388
171934.79055836506
Iter: 17 loss: 1286.328803679992
171966.41101493832
Iter: 18 loss: 1281.4492180061939
171920.15071681887
Iter: 19 loss: 1270.6079631407633
171820.4261250394
Iter: 20 loss: 1234.2967085161272
171737.4153566765
Iter: 21 loss: 1159.5566954316364
171690.18864930517
Iter: 22 loss: 1068.990649728325
171230.13861064124
Iter: 23 loss: 955.600550837479
170866.54305376793
Iter: 24 loss: 831.04606266835617
170361.17307053105
Iter: 25 loss: 732.16828611501774
170349.38121860527
Iter: 26 loss: 669.79233290979573
169614.61509620294
Iter: 27 loss: 613.174571258096
170980.61845065615
Iter: 28 loss: 602.23017693558745
170151.88672135893
Iter: 29 loss: 592.05261142100721
169701.93539023644
Iter: 30 loss: 562.55646093797782
169074.93632490133
Iter: 31 loss: 543.646978360705
169102.88778791059
Iter: 32 loss: 532.52253272854955
168459.42281971322
Iter: 33 loss: 521.99292981327437
168199.4653231501
Iter: 34 loss: 515.80708833780523
168993.8069598123
Iter: 35 loss: 502.7659328189913
168682.34649118112
Iter: 36 loss: 498.59862507116924
168433.91624728846
Iter: 37 loss: 496.40306967595023
-639327.55632418441
Iter: 1 loss: 5256610.3147679847
-11530515.272752285
Iter: 2 loss: 21888727419.15321
-8131248.6759107774
Iter: 3 loss: 1554038331.8592598
-724859.84136406286
Iter: 4 loss: 6771010.4948592037
-630521.57764874538
Iter: 5 loss: 4751216.3535360321
-625905.14092118351
Iter: 6 loss: 4685171.1183435461
-609360.97113074153
Iter: 7 loss: 4465357.7665746585
-550589.331308413
Iter: 8 loss: 3681770.0221931995
-483467.70525994268
Iter: 9 loss: 2861999.5186270485
-428959.58171324374
Iter: 10 loss: 2292946.150285901
-385696.19592607534
Iter: 11 loss: 1895001.42421121
-357778.29231998592
Iter: 12 loss: 1682075.5464370591
-323874.38667795074
Iter: 13 loss: 1428427.9442020392
-271731.55459915777
Iter: 14 loss: 1026702.4884643238
-234023.98482112243
Iter: 15 loss: 757937.2051514223
-216053.83412159438
Iter: 16 loss: 612629.6369494946
-218993.60146594566
Iter: 17 loss: 569310.78458632866
-219288.83574212543
Iter: 18 loss: 564847.9130235879
-205587.57689757977
Iter: 19 loss: 529639.77255757211
-198278.24756066457
Iter: 20 loss: 508174.483838748
-177042.19767685331
Iter: 21 loss: 445123.20963250863
-162885.79922168137
Iter: 22 loss: 400162.95750152867
-160922.12521652132
Iter: 23 loss: 383138.20455376606
-162103.23135895765
Iter: 24 loss: 377573.93180122657
-161590.67109108294
Iter: 25 loss: 373264.02811038226
-162440.32284483244
Iter: 26 loss: 370147.66710591735
-161966.45878030028
Iter: 27 loss: 366418.4679233855
-160883.323380806
Iter: 28 loss: 363981.32940078352
-159997.31993890213
Iter: 29 loss: 361991.09164345392
-159402.64845955034
Iter: 30 loss: 360894.56620205741
-158333.34101401502
Iter: 31 loss: 359578.24525591015
-153972.67329265247
Iter: 32 loss: 354025.41569368506
-149233.07630126463
Iter: 33 loss: 345436.75008412544
-154772.95393561272
Iter: 34 loss: 339164.62880612648
-148299.64776147841
Iter: 35 loss: 340658.69352484832
-524913.7757956523
Iter: 36 loss: 7311280.3599160565
-148299.64721373783
Iter: 37 loss: 340658.41938369366
-170641.88731591144
Iter: 38 loss: 363654.7185797643
-149291.55952681729
Iter: 39 loss: 337532.93601524027
Iter: 1 loss: 6.2605099467603968e-05
Iter: 2 loss: 0.057338543312766041
Iter: 3 loss: 6.2407536960943117e-05
171980.34542624376
Iter: 1 loss: 1028.0409722160719
-132098071.10591233
Iter: 2 loss: 365832330256.85986
171980.34364136742
Iter: 3 loss: 1028.0408352438812
171980.029803838
Iter: 4 loss: 1028.0167521617209
-20587310.840675231
Iter: 5 loss: 10770640952.628731
-84590948.132502422
Iter: 6 loss: 140161571878.15826
-1533661.6862096549
Iter: 7 loss: 58348102.342422172
90268.734502198422
Iter: 8 loss: 58104.042370822142
164831.26805461769
Iter: 9 loss: 902.79934785320108
167697.18640323321
Iter: 10 loss: 759.93073385323919
168938.85600824392
Iter: 11 loss: 685.85228406132364
169227.71000129706
Iter: 12 loss: 615.52542214636537
168381.24263522882
Iter: 13 loss: 555.78084482848567
168153.046906784
Iter: 14 loss: 530.47117239488193
168418.92870742019
Iter: 15 loss: 519.97976727555783
168389.84605607548
Iter: 16 loss: 518.01364540835709
168453.32290453129
Iter: 17 loss: 517.72507147370993
168529.11115244543
Iter: 18 loss: 517.22100945528
168714.75213561006
Iter: 19 loss: 515.585980675139
169067.51442448326
Iter: 20 loss: 511.86196799993593
169609.08028747109
Iter: 21 loss: 505.48951042186872
169934.31089546339
Iter: 22 loss: 499.55058356733991
170152.37176260079
Iter: 23 loss: 495.012703754657
170884.80258048483
Iter: 24 loss: 498.93451008776356
170409.86792024953
Iter: 25 loss: 490.69952062387785
170297.08107221423
Iter: 26 loss: 483.10148622472946
170190.68314738921
Iter: 27 loss: 464.88466683636278
170142.08347752574
Iter: 28 loss: 471.47771802275929
170076.94558730262
Iter: 29 loss: 458.16616878039497
259196.24229069313
Iter: 30 loss: 468148.25486816745
169267.80520648646
Iter: 31 loss: 448.66739034635719
169739.44890921257
Iter: 32 loss: 448.100085134835
171106.24324942334
Iter: 33 loss: 4089.7019066274224
167529.62445551943
Iter: 34 loss: 428.01908894140809
84308.933380169081
Iter: 35 loss: 231735.67888602483
167524.80085644146
Iter: 36 loss: 427.89877584375279
167519.96271715235
Iter: 37 loss: 427.77721363490639
350853.46907458059
Iter: 38 loss: 2218898.2755235424
167519.93504886475
Iter: 39 loss: 427.77651587852841
167519.90738012409
Iter: 40 loss: 427.77581808150234
225733.4614625613
Iter: 41 loss: 212179.13541249535
166905.97638121148
Iter: 42 loss: 410.17435012255919
167264.69788652635
Iter: 43 loss: 419.87902005116848
166893.28747429745
Iter: 44 loss: 401.33251802577348
179588.76270134834
Iter: 45 loss: 17262.80256937645
166698.90009377839
Iter: 46 loss: 440.71197715456145
166782.88270188923
Iter: 47 loss: 398.9576791874714
164908.18326389376
Iter: 48 loss: 352.567516083324
163634.35060190948
Iter: 49 loss: 338.003355883311
162270.78077459836
Iter: 50 loss: 329.70989863347819
161498.93622812786
Iter: 51 loss: 326.97819349667043
161908.76277576105
Iter: 52 loss: 322.01781294148037
161621.26115975197
Iter: 53 loss: 302.49192115742659
162209.49156673576
Iter: 54 loss: 277.57773796381605
161432.13040654297
Iter: 55 loss: 270.13127570197781
160354.74366844224
Iter: 56 loss: 262.42158098646024
-470269.83385118959
Iter: 1 loss: 7785766.7246768344
738174.77904002019
Iter: 2 loss: 2236.0857986976685
195337.6607785899
Iter: 3 loss: 127.37587988909354
-1596138.6800550781
Iter: 4 loss: 131865471.98832801
-615360.10760795884
Iter: 5 loss: 11718700.7870274
-657980.218615606
Iter: 6 loss: 10589827.195015736
-512852.704512603
Iter: 7 loss: 2831006.3887447552
-2771927.0327247577
Iter: 8 loss: 212822644.09053639
-306996.46356986236
Iter: 9 loss: 1412615.3077714243
-303935.80661483243
Iter: 10 loss: 1396942.3223036323
-283340.3119996991
Iter: 11 loss: 1317513.7527526673
-273782.50419122248
Iter: 12 loss: 1278533.9185159092
-233488.65941212469
Iter: 13 loss: 1088568.9078477987
-178348.80202783894
Iter: 14 loss: 788945.87539182627
-127795.65134493825
Iter: 15 loss: 479739.34347716917
-105533.67982563701
Iter: 16 loss: 357484.41100749216
-97685.31330150686
Iter: 17 loss: 316632.15638938855
-85808.898626328868
Iter: 18 loss: 282061.22178274905
-77460.624406476723
Iter: 19 loss: 257544.19429389294
-71355.278554054254
Iter: 20 loss: 241256.6968656439
-68410.091193349683
Iter: 21 loss: 235694.29952698349
-66786.025536766872
Iter: 22 loss: 233853.57998233521
-65312.641118191372
Iter: 23 loss: 232234.99664746778
-61945.002087238288
Iter: 24 loss: 226942.41844228021
-51227.125424914178
Iter: 25 loss: 200147.92075408844
-25532.186634784681
Iter: 26 loss: 144260.17376086646
-23018.550613692292
Iter: 27 loss: 116403.89791246592
-21519.73076333258
Iter: 28 loss: 113924.76483029095
-22505.451957303652
Iter: 29 loss: 111366.18535313434
-21502.470129309382
Iter: 30 loss: 110798.42985731413
-19139.930880270225
Iter: 31 loss: 109307.45386150021
-15384.387698433549
Iter: 32 loss: 106702.28106015138
-10419.204065379738
Iter: 33 loss: 102622.67115904727
-4903.9630832014773
Iter: 34 loss: 97073.2191140564
749.99812596171432
Iter: 35 loss: 85184.9001039418
3065.7598558283626
Iter: 36 loss: 80903.399298132281
4286.50517296862
Iter: 37 loss: 78550.0803417308
4582.6578848767822
Iter: 38 loss: 77943.017450109444
Iter: 1 loss: 5.9741496352906905e-05
Iter: 2 loss: 0.00064762154710626906
Iter: 3 loss: 0.00048864599164108024
Iter: 4 loss: 5.9695638426392085e-05
304640865.72328705
Iter: 1 loss: 4520568746416.7949
230691.61273720697
Iter: 2 loss: 81210.8300386547
-628509.66453503177
Iter: 3 loss: 6246587.1671907511
-322827.18122384558
Iter: 4 loss: 4119663.9142232067
-4617405.8081708336
Iter: 5 loss: 1006995684.4581207
41199.632837136174
Iter: 6 loss: 248018.70300139749
146238.34156906608
Iter: 7 loss: 11971.859041384971
146238.34157991514
Iter: 8 loss: 11971.859033943234
146238.34162330057
Iter: 9 loss: 11971.85900420522
146238.34179699537
Iter: 10 loss: 11971.858885097919
146238.34249140497
Iter: 11 loss: 11971.858408914544
146238.34526926506
Iter: 12 loss: 11971.856504088943
146238.35638048424
Iter: 13 loss: 11971.848884911165
146238.40082561359
Iter: 14 loss: 11971.818408108511
146238.57860621426
Iter: 15 loss: 11971.696501641292
146239.28972882064
Iter: 16 loss: 11971.208890917818
146242.13422167872
Iter: 17 loss: 11969.258689687307
146253.51224128046
Iter: 18 loss: 11961.461744660141
146299.02508573793
Iter: 19 loss: 11930.335729962535
146481.0887132248
Iter: 20 loss: 11806.820171464551
147209.53938085859
Iter: 21 loss: 11328.589708989171
150126.49056515616
Iter: 22 loss: 9669.9891569424435
160646.33588601771
Iter: 23 loss: 7076.654324211986
160539.87133734478
Iter: 24 loss: 7037.0090747445411
160113.87637929234
Iter: 25 loss: 6893.3053024436522
159688.75770201746
Iter: 26 loss: 5721.5091417592357
162346.93776592537
Iter: 27 loss: 4657.0113111543978
167339.87726247485
Iter: 28 loss: 3960.9743003905751
169280.81417304932
Iter: 29 loss: 3884.85800826838
169444.51079208107
Iter: 30 loss: 3881.0666220555513
169542.03236905549
Iter: 31 loss: 3876.2424094252647
169663.02953065882
Iter: 32 loss: 3863.8927770126438
169810.46601703763
Iter: 33 loss: 3831.4259128277126
169920.97944915571
Iter: 34 loss: 3750.8542123645266
169810.01514726522
Iter: 35 loss: 3561.6438708414776
169128.06269982277
Iter: 36 loss: 3165.061105901751
167551.59424444541
Iter: 37 loss: 2455.8384033543057
165270.17631025019
Iter: 38 loss: 1522.3208002443359
163181.76230437218
Iter: 39 loss: 938.50892165384323
162119.17479375016
Iter: 40 loss: 759.251123088446
161646.26702298928
Iter: 41 loss: 678.91369084841483
161367.09472262498
Iter: 42 loss: 591.12833734894252
161398.37630428409
Iter: 43 loss: 501.31747492558736
161609.84039075882
Iter: 44 loss: 437.906547411858
161902.44944367179
Iter: 45 loss: 402.24854804516474
162229.09014927686
Iter: 46 loss: 379.17794385104281
164533.61482622509
Iter: 47 loss: 399.02576429509736
162983.63763386884
Iter: 48 loss: 372.56866025698525
162982.17881138736
Iter: 49 loss: 358.51934483608704
163221.19234633259
Iter: 50 loss: 353.2902548015262
163653.28424600081
Iter: 51 loss: 345.38591262110083
164415.00800439971
Iter: 52 loss: 341.3068899243064
-3750994.2765093804
Iter: 1 loss: 298138671.48525894
2404388.612509707
Iter: 2 loss: 18275.438802052784
357400.6504424513
Iter: 3 loss: 379.16483178519064
-5940837.0777060091
Iter: 4 loss: 1797282476.4053187
-3067138.2985088904
Iter: 5 loss: 444016438.18754786
-3352399.1982224067
Iter: 6 loss: 451849657.17513591
-1019496.4738034476
Iter: 7 loss: 35811479.396947272
-6752564.9197625937
Iter: 8 loss: 1304862560.3972797
-1266613.3345490289
Iter: 9 loss: 37308045.457543336
-635873.837465056
Iter: 10 loss: 7246451.6094926894
-635404.51063828217
Iter: 11 loss: 7243521.4101748485
-633455.8282991515
Iter: 12 loss: 7235389.7628717888
-632967.6124273485
Iter: 13 loss: 7232195.25495672
-629660.90593630378
Iter: 14 loss: 7203974.7749225469
-624696.32345573022
Iter: 15 loss: 7149498.4837486763
-612757.03886771749
Iter: 16 loss: 6990694.60619026
-588973.59801097168
Iter: 17 loss: 6615207.9327288289
-547375.627559863
Iter: 18 loss: 5810583.6201919848
-520738.6592070373
Iter: 19 loss: 4902425.8606714327
-529432.6746722894
Iter: 20 loss: 4714884.6743925242
-524717.19688592292
Iter: 21 loss: 4518704.6316399593
-523538.71714124264
Iter: 22 loss: 4317410.9033867605
-524762.94624844054
Iter: 23 loss: 4308265.7580323871
-526193.26654224284
Iter: 24 loss: 4286435.8556420784
-527616.29391799471
Iter: 25 loss: 4231725.0268746782
-529394.94008656859
Iter: 26 loss: 4113878.1412050752
-529551.01286662184
Iter: 27 loss: 3943893.0745060979
-505509.50364617491
Iter: 28 loss: 3721520.5688115344
-487937.94848848163
Iter: 29 loss: 3534488.624211309
-471026.36488476524
Iter: 30 loss: 3484694.0111979693
-469245.54631356878
Iter: 31 loss: 3474204.0750121316
-463071.55114519829
Iter: 32 loss: 3403568.4868624583
-441635.21970056684
Iter: 33 loss: 3167049.5597214885
-366474.26786141115
Iter: 34 loss: 2302918.5779293603
-330612.87381449447
Iter: 35 loss: 1629520.5547221084
-295179.60579879856
Iter: 36 loss: 1382723.0583963026
-279204.212720635
Iter: 37 loss: 1261683.236613181
-247907.52561521949
Iter: 38 loss: 1067170.8778676393
-241577.00476336363
Iter: 39 loss: 1021020.2897508204
Iter: 1 loss: 6.3372584571182465e-05
Iter: 2 loss: 0.34146529291787731
Iter: 3 loss: 6.29965682097403e-05
177322.70988334
Iter: 1 loss: 2027.4347657487517
-250659509.34966272
Iter: 2 loss: 2030881812346.8059
-77231507.142748713
Iter: 3 loss: 252013421344.98193
177322.67707128002
Iter: 4 loss: 2027.4280329767164
177312.49598032114
Iter: 5 loss: 2025.3398345840553
-10377935.376658725
Iter: 6 loss: 2359047802.2044115
177299.64147333143
Iter: 7 loss: 2022.7058031789747
164749.07029658288
Iter: 8 loss: 802.85259687963571
165450.89495693834
Iter: 9 loss: 796.78203166935816
165538.5298457857
Iter: 10 loss: 794.39037961255258
165990.6426471872
Iter: 11 loss: 764.97022672509149
165742.96388833039
Iter: 12 loss: 730.15746734050686
164335.19995366491
Iter: 13 loss: 687.14067357376257
163133.10152107681
Iter: 14 loss: 663.27119006868111
161968.39265399874
Iter: 15 loss: 644.79094969880225
161586.92243051424
Iter: 16 loss: 629.91727839886971
161215.40652369172
Iter: 17 loss: 590.651953298114
161355.14028885768
Iter: 18 loss: 541.13080027588364
162161.60427656598
Iter: 19 loss: 467.88004153002782
162957.99346086406
Iter: 20 loss: 389.42460048978955
162684.90752174269
Iter: 21 loss: 331.69018774414076
163812.68556148931
Iter: 22 loss: 317.63981192066484
161634.07480507484
Iter: 23 loss: 317.93184665765835
162813.89001883328
Iter: 24 loss: 305.79037650464085
162800.99231898741
Iter: 25 loss: 305.40295363501065
162864.37571606337
Iter: 26 loss: 305.03619881566084
162917.40740237344
Iter: 27 loss: 303.98846720973359
162819.81912377256
Iter: 28 loss: 302.5475292653523
162213.79379349665
Iter: 29 loss: 298.14092865750655
160156.28834863572
Iter: 30 loss: 288.36169447011059
155018.22711326909
Iter: 31 loss: 274.7522643764961
152191.33616224458
Iter: 32 loss: 270.43794707669997
149751.90176836413
Iter: 33 loss: 255.08329579925635
148927.38588398427
Iter: 34 loss: 232.48605662324786
143302.13522804767
Iter: 35 loss: 202.85413135504848
141703.8247834167
Iter: 36 loss: 201.74513721503607
142638.3192630898
Iter: 37 loss: 203.09594674882786
141997.70684951643
Iter: 38 loss: 201.42922246672384
142094.41465458524
Iter: 39 loss: 201.35707591808563
-571849.40152788837
Iter: 1 loss: 5113019.6775979111
24806831.240630686
Iter: 2 loss: 432813806.62050188
-1321685.9058908434
Iter: 3 loss: 70469212.587691262
-2335080.8164109308
Iter: 4 loss: 79902801.885584816
-1106514.4445620212
Iter: 5 loss: 19252909.71924546
-3408134.9347245712
Iter: 6 loss: 498368310.08322608
-556400.24160214735
Iter: 7 loss: 4253107.4646124458
-557929.66226429655
Iter: 8 loss: 3961599.5780886374
-561628.27109110972
Iter: 9 loss: 3930561.0868167439
-562401.78451553546
Iter: 10 loss: 3925419.6106772139
-563780.14110491949
Iter: 11 loss: 3907255.66580591
-564721.61405790667
Iter: 12 loss: 3869279.1084502386
-564031.53084911662
Iter: 13 loss: 3790209.6030444279
-559230.70260092337
Iter: 14 loss: 3678765.6253462313
-544231.55605074484
Iter: 15 loss: 3496981.7668069466
-512336.52562401717
Iter: 16 loss: 3197600.7302347743
-482337.45291684847
Iter: 17 loss: 2967741.6514298194
-458641.671892987
Iter: 18 loss: 2794299.8168126671
-440561.13216531667
Iter: 19 loss: 2623945.3450814346
-430599.98497975926
Iter: 20 loss: 2416424.9778603432
-426984.49738855468
Iter: 21 loss: 2303104.6293629175
-417048.09890151641
Iter: 22 loss: 2173459.4965760135
-402901.09894793615
Iter: 23 loss: 2030134.3891665773
-398560.05189284851
Iter: 24 loss: 1975854.6178811812
-395096.15017934865
Iter: 25 loss: 1952148.0447472937
-393428.6450215262
Iter: 26 loss: 1937764.1600608781
-392422.35523292562
Iter: 27 loss: 1933383.2094357372
-392533.06732704455
Iter: 28 loss: 1933012.9102051421
-392682.6695994552
Iter: 29 loss: 1931581.9081963259
-392738.75131923694
Iter: 30 loss: 1927314.7125707052
-392255.22380063077
Iter: 31 loss: 1916567.6832926557
-389971.53846031637
Iter: 32 loss: 1887096.8858606606
-382954.15354487021
Iter: 33 loss: 1809335.6003916548
-369057.7540236942
Iter: 34 loss: 1623543.9348638193
-3325695.7098709242
Iter: 35 loss: 346865221.47088963
-367272.15843523748
Iter: 36 loss: 1525659.8242552064
-1260303.1117258561
Iter: 37 loss: 28502065.72284171
-367272.12484486238
Iter: 38 loss: 1525642.8071657806
-367296.51076403918
Iter: 39 loss: 1518179.3266264244
-414166.527339336
Iter: 40 loss: 1490108.5967200536
-368081.148351223
Iter: 41 loss: 1494145.154431459
Iter: 1 loss: 6.0748966797851678e-05
Iter: 2 loss: 0.29903620563036049
Iter: 3 loss: 6.067683994906729e-05
-63113.474567390891
Iter: 1 loss: 2658377.5846674102
795676.78281620448
Iter: 2 loss: 2834324.4915311411
3037576.8634443358
Iter: 3 loss: 164874615.48534474
146141281299.27069
Iter: 4 loss: 1.0426689273878592e+18
-63113.474511229753
Iter: 5 loss: 2658377.5845424752
-18726.099258386734
Iter: 6 loss: 2591369.6012042062
-18319.048101470093
Iter: 7 loss: 2574892.5043705013
-16768.506800385483
Iter: 8 loss: 2510133.9585579848
-11867.358739885065
Iter: 9 loss: 2268640.761114805
-122710.33972767081
Iter: 10 loss: 2246274.0426897025
-9089.3057938410639
Iter: 11 loss: 1873337.3211250161
10405.495277660106
Iter: 12 loss: 1000914.4351832019
995401.46208389068
Iter: 13 loss: 34531990.015772
13716.137673107609
Iter: 14 loss: 984502.93048007879
91937.118266531616
Iter: 15 loss: 858397.82344745542
60649.864371535172
Iter: 16 loss: 697387.72612833953
-1649223.8261836886
Iter: 17 loss: 150971565.93216985
60649.742496852436
Iter: 18 loss: 697381.35357026861
15985.332995080702
Iter: 19 loss: 830663.10747408529
56746.001064472148
Iter: 20 loss: 666215.69574783812
225381.45554644085
Iter: 21 loss: 899517.41957194579
63129.068952621426
Iter: 22 loss: 637092.1659805961
71959.219649516774
Iter: 23 loss: 607473.6627435009
5115143.2821507026
Iter: 24 loss: 1225733304.378545
71959.455450958776
Iter: 25 loss: 607473.01114507648
71978.27593076523
Iter: 26 loss: 607421.02321800787
269213.46750510373
Iter: 27 loss: 1996778.8886937979
89834.943379167322
Iter: 28 loss: 576229.92959585914
172796.44962089736
Iter: 29 loss: 513641.79741113633
269818.31407418469
Iter: 30 loss: 1131271.2757526585
175471.29622610053
Iter: 31 loss: 376340.55889601825
165972.40642078605
Iter: 32 loss: 363361.48509390769
165176.6499948836
Iter: 33 loss: 363102.12540391542
163762.31164700715
Iter: 34 loss: 362525.1092193143
159933.26449476296
Iter: 35 loss: 360843.18557159451
150550.48173216564
Iter: 36 loss: 357472.92309338611
142837.49836851488
Iter: 37 loss: 355347.11504705081
145298.90761693509
Iter: 38 loss: 352163.03369877313
148333.34429934656
Iter: 39 loss: 349178.41373785475
147480.77931570436
Iter: 40 loss: 348727.26482579531
146508.58085369313
Iter: 41 loss: 348548.24117191171
146346.95325794746
Iter: 42 loss: 348497.51220437809
146126.77725751669
Iter: 43 loss: 348391.37661578256
145818.12748139061
Iter: 44 loss: 348136.11421590194
145388.99615203089
Iter: 45 loss: 347493.82511781418
144864.64605619106
Iter: 46 loss: 345916.11400542303
144405.03020606982
Iter: 47 loss: 341964.75116260163
145162.55469333497
Iter: 48 loss: 328337.53681735916
147208.03662757121
Iter: 49 loss: 200981.60483495155
-774587.21775500476
Iter: 50 loss: 39381834.790754229
147098.8116221205
Iter: 51 loss: 199942.82820708802
146987.31620583043
Iter: 52 loss: 198894.75164012858
-3303223.1824734216
Iter: 53 loss: 570444492.30373907
100525.82748007702
Iter: 54 loss: 50213.867397484551
144228.49069382891
Iter: 55 loss: 152510.00223020822
102705.07754381813
Iter: 56 loss: 50057.181387588484
107020.49881713782
Iter: 57 loss: 40329.054511535949
116955.18675775293
Iter: 58 loss: 21011.410937517056
128201.59754055382
Iter: 59 loss: 14060.881880852798
-295424871.9443152
Iter: 1 loss: 3969277734148.9546
13011641.719235424
Iter: 2 loss: 64557873.082718991
-882391.6075196903
Iter: 3 loss: 6700165.7111707078
-2339821.2922905628
Iter: 4 loss: 66730534.366236843
-43797344.508929707
Iter: 5 loss: 80168090002.084534
-293446.01394740056
Iter: 6 loss: 1482116.1318442298
-4256775.1245078081
Iter: 7 loss: 742771877.5673902
-1534079.1868735638
Iter: 8 loss: 89517181.6273946
5903.4840436806553
Iter: 9 loss: 112723.96026867573
-119928.74958625177
Iter: 10 loss: 607802.83681036835
-119928.74898602166
Iter: 11 loss: 607802.82978734153
-119928.74658513122
Iter: 12 loss: 607802.801697521
-119928.73697989676
Iter: 13 loss: 607802.68932362681
-119928.6985613041
Iter: 14 loss: 607802.23984484549
-119928.54488481935
Iter: 15 loss: 607800.44191130833
-119927.93019349275
Iter: 16 loss: 607793.25034095161
-119925.47156350446
Iter: 17 loss: 607764.48580533115
-119915.63924128242
Iter: 18 loss: 607649.45576386689
-119876.34509328194
Iter: 19 loss: 607189.78488782875
-119719.73002185699
Iter: 20 loss: 605358.27170383639
-119102.20582102997
Iter: 21 loss: 598145.76474216825
-116772.10076644742
Iter: 22 loss: 571040.08128359169
-104384.26342208809
Iter: 23 loss: 419669.80531823169
-103510.5038963757
Iter: 24 loss: 391251.8760206193
-104399.33143667596
Iter: 25 loss: 385410.67517262854
-104606.72739522721
Iter: 26 loss: 384156.97259460355
-104717.62163473664
Iter: 27 loss: 379940.80061771593
-104106.82217599209
Iter: 28 loss: 371099.886788654
-102244.85763882889
Iter: 29 loss: 353993.61931283446
-100781.52598414454
Iter: 30 loss: 339974.69941329083
-99746.797493148333
Iter: 31 loss: 336379.95799601637
-97906.0055899254
Iter: 32 loss: 333456.98568878666
-97819.780387094186
Iter: 33 loss: 333029.68085763778
-97545.166793430253
Iter: 34 loss: 331677.04387246282
-96230.962228186923
Iter: 35 loss: 325792.76163730852
-91787.355327622325
Iter: 36 loss: 306773.63694849529
-85186.0334602155
Iter: 37 loss: 279836.53966890974
-58091.225349622255
Iter: 38 loss: 207260.35008649458
-28058.552472075226
Iter: 39 loss: 127541.42495308793
-18041.217471605247
Iter: 40 loss: 108963.95341235687
-12083.53885590561
Iter: 41 loss: 102360.69778001202
-6951.0066497614389
Iter: 42 loss: 97102.4753137935
779.95168081597876
Iter: 43 loss: 91735.3473692803
1873.5465654540967
Iter: 44 loss: 91386.36785462343
3047.7750945342668
Iter: 45 loss: 90878.604581914813
3724.7908672282792
Iter: 46 loss: 90293.136187734548
3700.9063817737915
Iter: 47 loss: 89690.5015466488
3188.1390193421539
Iter: 48 loss: 89519.791336232433
2938.8663202085881
Iter: 49 loss: 89482.3317234354
2643.9006235917914
Iter: 50 loss: 89411.259320941172
2406.80494202911
Iter: 51 loss: 89080.59745115049
Iter: 1 loss: 6.1504579098944456e-05
Iter: 2 loss: 0.33217264415619013
Iter: 3 loss: 6.1269118230209557e-05
12468.655296659985
Iter: 1 loss: 806876.91692856292
17112811.036101155
Iter: 2 loss: 6991108984.4909515
2174687.5105669126
Iter: 3 loss: 105824312.51907314
7976326.5000516679
Iter: 4 loss: 2816604618.2117357
4080912.9041149579
Iter: 5 loss: 754349948.71572471
139452.38788732386
Iter: 6 loss: 539.83267873189027
141462.98293006752
Iter: 7 loss: 357.89136127878538
141389.997421875
Iter: 8 loss: 357.63315083316729
141390.03932164185
Iter: 9 loss: 357.63314363511881
141390.20691798296
Iter: 10 loss: 357.6331165351051
-195859349.03341854
Iter: 1 loss: 1863361300284.5254
2500216.5377079258
Iter: 2 loss: 19986.693843639317
358867.11817272141
Iter: 3 loss: 382.72361830069605
167822.71424100455
Iter: 4 loss: 4359.046567428265
-35482527.427450635
Iter: 5 loss: 57225113304.219666
-662071.53092919453
Iter: 6 loss: 11576459.732388977
-655156.92440198467
Iter: 7 loss: 6903149.6684689224
-1148121.8013163018
Iter: 8 loss: 22251327.247033007
-3658451.1859229421
Iter: 9 loss: 281134719.8384406
-1829128.4570512297
Iter: 10 loss: 63206125.463047244
-1829117.0525614319
Iter: 11 loss: 63204700.488260232
-1829071.4411923934
Iter: 12 loss: 63199001.533491708
-1828889.0994163032
Iter: 13 loss: 63176220.690825805
-1828161.39256588
Iter: 14 loss: 63085336.790076472
-1825277.0537806163
Iter: 15 loss: 62725613.026716471
-1814158.6798986827
Iter: 16 loss: 61346467.611508526
-1776103.4786342594
Iter: 17 loss: 56714081.599516951
-1704593.5251178616
Iter: 18 loss: 48951615.515650354
-1669294.1635458248
Iter: 19 loss: 46211034.495901667
-1588630.9814588446
Iter: 20 loss: 41031480.6840214
-1413290.4938638655
Iter: 21 loss: 30887207.599999756
-1154014.9727998518
Iter: 22 loss: 18086217.583523329
-1020649.3655144377
Iter: 23 loss: 13072757.392351385
-900588.15263817972
Iter: 24 loss: 9443699.0878970176
-819319.75373513321
Iter: 25 loss: 7468447.8061123025
-756550.18817624345
Iter: 26 loss: 6138255.2068162244
-718771.30117429222
Iter: 27 loss: 5373574.2553926464
-709083.11082755739
Iter: 28 loss: 5162130.07761897
-708645.70735598844
Iter: 29 loss: 5151614.53102569
-708026.51671145821
Iter: 30 loss: 5140960.119329012
-704851.77405220561
Iter: 31 loss: 5094902.4816908324
-697429.47398332146
Iter: 32 loss: 5000537.8522326117
-676668.25329379272
Iter: 33 loss: 4757398.393891695
-634325.25363757554
Iter: 34 loss: 4271911.0688445065
-584133.41984478524
Iter: 35 loss: 3718755.62054832
-569926.0654634051
Iter: 36 loss: 3617203.6167449937
-569344.038055975
Iter: 37 loss: 3600523.8133913414
-566115.34385652107
Iter: 38 loss: 3523388.8634595661
-562920.423384327
Iter: 39 loss: 3511948.3185687982
-533995.11631057737
Iter: 40 loss: 3426750.4978114171
-530194.96009406657
Iter: 41 loss: 3331436.6919667232
-517189.0088974823
Iter: 42 loss: 3203101.3162383954
-491784.02932864212
Iter: 43 loss: 2973660.4414331415
-448545.41857578274
Iter: 44 loss: 2484667.5850620386
-447981.27392709715
Iter: 45 loss: 2190657.1479010568
Iter: 1 loss: 6.1559705569353971e-05
Iter: 2 loss: 0.012444056321709194
Iter: 3 loss: 6.033423758559262e-05
Iter: 4 loss: 5.2627350430702315e-05
Iter: 5 loss: 5.2417045219826584e-05
-34800.676624108935
Iter: 1 loss: 1013422.2947803184
21509721.043770831
Iter: 2 loss: 8601577337.8321857
9504175.389594201
Iter: 3 loss: 1453041488.5761118
6200324.9218472037
Iter: 4 loss: 888559906.48927534
107716.03400756052
Iter: 5 loss: 184455.02442848511
213381.9444675016
Iter: 6 loss: 40440.468698684017
196721.66915459794
Iter: 7 loss: 36426.724275046086
198415.23897329357
Iter: 8 loss: 36323.186020995628
199073.94005128363
Iter: 9 loss: 36249.712639271471
200672.08379631711
Iter: 10 loss: 35916.108480378942
201859.76062779507
Iter: 11 loss: 35265.662230395821
201868.72655150038
Iter: 12 loss: 33772.235167473045
198946.10428892163
Iter: 13 loss: 30844.477342594106
188738.88550526352
Iter: 14 loss: 22839.077336173716
120280.98720403848
Iter: 15 loss: 18597.332393108911
179772.00945844207
Iter: 16 loss: 16841.378941739553
151249.53712544902
Iter: 17 loss: 6784.5492220350116
136376.02246842894
Iter: 18 loss: 6990.5912474216557
144657.33769642911
Iter: 19 loss: 6093.693916801255
144314.00120500094
Iter: 20 loss: 3381.0421019607666
144804.56206568415
Iter: 21 loss: 3140.5748376275633
144407.99042997108
Iter: 22 loss: 2609.2835984204321
142726.24550561103
Iter: 23 loss: 2559.1038845850653
143292.38685604359
Iter: 24 loss: 2550.3053167321605
142021.85090319044
Iter: 25 loss: 2236.4178172786942
139700.70686795816
Iter: 26 loss: 2125.2872268268447
140544.60605071308
Iter: 27 loss: 2120.9905550144085
140316.8019638345
Iter: 28 loss: 2116.8569539752752
140169.80968876486
Iter: 29 loss: 2113.2657235528741
139712.98436784893
Iter: 30 loss: 2096.0101843616717
139251.02739246027
Iter: 31 loss: 2065.2979328457036
138808.15579304943
Iter: 32 loss: 1997.7636145970264
139037.28812285769
Iter: 33 loss: 1854.2947157950985
145025.58822354791
Iter: 34 loss: 1796.4804510826293
139533.9458074506
Iter: 35 loss: 1749.2835438255611
141874.4988719782
Iter: 36 loss: 1479.6505778648539
133012.25237275581
Iter: 37 loss: 6298.962870432435
141890.67984722246
Iter: 38 loss: 1472.4454653349449
-210156.84460971793
Iter: 39 loss: 6067841.1117733493
141890.6806821597
Iter: 40 loss: 1472.4450907571411
141890.74097659785
Iter: 41 loss: 1472.4180485061847
140987.121774068
Iter: 42 loss: 1275.3466835559366
142056.01404997503
Iter: 43 loss: 1368.7596697005829
141592.66532668204
Iter: 44 loss: 1265.0224007239019
141043.06520118297
Iter: 45 loss: 2797.3896253515168
132803.68314560689
Iter: 46 loss: 5144.0054280873464
141593.806170475
Iter: 47 loss: 1263.9394128441729
48395.391292586806
Iter: 48 loss: 427917.89923617261
141466.48294616892
Iter: 49 loss: 1215.7222018284881
552219.6258835278
Iter: 50 loss: 9015152.3493728228
141466.5318284604
Iter: 51 loss: 1215.7166061448256
141470.94350333133
Iter: 52 loss: 1215.2135463104466
147734.58298708929
Iter: 53 loss: 8665.8964764864741
140423.91678746152
Iter: 54 loss: 1306.6050560262331
142401.46345360152
Iter: 55 loss: 1177.3639648688315
137511.84718936833
Iter: 56 loss: 1347.279313070007
140138.55338056761
Iter: 57 loss: 1267.5343406803784
142209.38074160984
Iter: 58 loss: 1158.6599026259414
141626.16888604374
Iter: 59 loss: 1144.5162359105605
-2360220829.3030796
Iter: 1 loss: 270790557278750.41
-2494237317.13108
Iter: 2 loss: 319257459963728.38
-7402475.6797653148
Iter: 3 loss: 1778974297.3198674
-448497.26936294447
Iter: 4 loss: 4918173.6053630114
-2260699.4620882212
Iter: 5 loss: 129173361.28551884
-677145.67535944912
Iter: 6 loss: 15681078.377754906
-3223982.7374821831
Iter: 7 loss: 159633712.03344515
-2247139.0470582265
Iter: 8 loss: 89805050.041283786
-12058623.730336649
Iter: 9 loss: 7084728235.925807
-7018087.2726108572
Iter: 10 loss: 1695314768.2938592
-148890422.47912094
Iter: 11 loss: 1043956246241.7021
-142059579.35564464
Iter: 12 loss: 948677223455.802
-101777994.55753674
Iter: 13 loss: 479478187028.37695
-82198132.487103343
Iter: 14 loss: 308641629055.77625
-63680587.3966562
Iter: 15 loss: 181519697959.46759
-50323158.569907427
Iter: 16 loss: 110610292759.71895
-39661893.059900239
Iter: 17 loss: 66516511554.71431
-31490966.692457
Iter: 18 loss: 40235492956.107819
-25143118.563787326
Iter: 19 loss: 24318057437.421707
-20255335.246450212
Iter: 20 loss: 14743160612.986471
-16504178.507358568
Iter: 21 loss: 8977273508.0513649
-13658409.385967745
Iter: 22 loss: 5520117938.5744228
-11544608.7120996
Iter: 23 loss: 3464933219.9281135
-10044918.343268756
Iter: 24 loss: 2273095035.05564
-9085471.66768326
Iter: 25 loss: 1629101067.3618646
-8599546.3122089859
Iter: 26 loss: 1343916111.2271116
-8428000.74030244
Iter: 27 loss: 1260268850.7910156
-8339645.8141258471
Iter: 28 loss: 1229959942.1801405
-8139630.6344352737
Iter: 29 loss: 1170494546.2456276
-7612338.4294601232
Iter: 30 loss: 1022657632.9332043
-6540416.4909165
Iter: 31 loss: 736040905.24607015
-5208707.7424009722
Iter: 32 loss: 407656364.44477481
-4446201.4621176673
Iter: 33 loss: 267889759.97399768
-3748224.5941653186
Iter: 34 loss: 166439847.25183922
-3261365.7901131609
Iter: 35 loss: 109834076.35121827
-2924978.4099160121
Iter: 36 loss: 77147606.927669913
-2752815.819937828
Iter: 37 loss: 62274586.613457844
-2705432.8075234466
Iter: 38 loss: 58420154.124903485
-2687386.1181423711
Iter: 39 loss: 56933710.751805007
-2682042.1938747675
Iter: 40 loss: 56378053.495347992
Iter: 1 loss: 5.4810675105536963e-05
Iter: 2 loss: 0.34440252105135244
Iter: 3 loss: 5.292087766599705e-05
Iter: 4 loss: 5.1964614896087328e-05
-790305.968685123
Iter: 1 loss: 36537720.203795075
180393.18383358582
Iter: 2 loss: 35533.665938807739
559255.70621416438
Iter: 3 loss: 786293958.62844884
-8946979.0637574941
Iter: 4 loss: 3972229726.5981407
-66952.9584547474
Iter: 5 loss: 1031863.4510151172
-66579.1595874941
Iter: 6 loss: 1027817.1815453392
-65087.464380276273
Iter: 7 loss: 1011764.5227667533
-59175.925024990211
Iter: 8 loss: 949627.122229269
-36366.594407944904
Iter: 9 loss: 731532.0021506917
50443.8893755272
Iter: 10 loss: 189643.84566492433
102651.22987575989
Iter: 11 loss: 41748.154639942011
138752.86734672845
Iter: 12 loss: 2861.1095451047681
149204.23307504214
Iter: 13 loss: 477.83441726285719
150403.73320884796
Iter: 14 loss: 451.18803199565644
150436.06246981682
Iter: 15 loss: 451.02823601657781
150557.62667348894
Iter: 16 loss: 450.08608739762866
150707.13841609273
Iter: 17 loss: 448.15097123606483
150961.80230848276
Iter: 18 loss: 442.67551157871094
151311.77183621284
Iter: 19 loss: 429.5665480824544
151728.70691794643
Iter: 20 loss: 399.18811392533519
151959.60424225056
Iter: 21 loss: 341.68502996541781
151537.96810883158
Iter: 22 loss: 262.098108663376
150313.73405330919
Iter: 23 loss: 200.04750327479368
149586.01752541546
Iter: 24 loss: 189.42760849005239
149512.93450741729
Iter: 25 loss: 189.083009931418
149512.28480857133
Iter: 26 loss: 189.06455273971071
149512.8822966755
Iter: 27 loss: 189.06158602198923
149515.27430151089
Iter: 28 loss: 189.05125885577931
149510.83320758576
Iter: 29 loss: 188.98059627401972
149467.19189556484
Iter: 30 loss: 188.79982422163303
149305.755988119
Iter: 31 loss: 188.34595928183825
148856.51781421652
Iter: 32 loss: 187.32348843163626
147960.89383934822
Iter: 33 loss: 185.54855053252376
146757.77988712443
Iter: 34 loss: 182.68669443267552
144768.77525572033
Iter: 35 loss: 176.89072140174349
143550.22947483236
Iter: 36 loss: 174.208854054039
141810.76198371657
Iter: 37 loss: 173.18765945068694
142043.80609458726
Iter: 38 loss: 172.42487097351855
-2177476.5099775703
Iter: 1 loss: 98820749.4795748
34940622.092445672
Iter: 2 loss: 158544712.30403686
-166830.93027853128
Iter: 3 loss: 1532875.2295984209
-2397170.6876622196
Iter: 4 loss: 83897850.24472174
-1390712.2066689413
Iter: 5 loss: 55978622.471649669
-1603231.9185294961
Iter: 6 loss: 35950142.96796228
-128554970.38515228
Iter: 7 loss: 805523922175.82581
-2172042.267494794
Iter: 8 loss: 97838782.074816912
-2110361.8474395238
Iter: 9 loss: 85541095.352394253
-2111452.3486940088
Iter: 10 loss: 85162368.1510601
-2111908.6529720458
Iter: 11 loss: 85155429.413669378
-2111950.3658399284
Iter: 12 loss: 85154030.772876352
-2112126.4923896827
Iter: 13 loss: 85149804.009718135
-2112265.0152374636
Iter: 14 loss: 85133299.644194037
-2112326.3148584291
Iter: 15 loss: 85051014.529879808
-2111538.961386722
Iter: 16 loss: 84873896.92758736
-2107829.0076291412
Iter: 17 loss: 84373144.344893485
-2096473.6266852617
Iter: 18 loss: 83103131.792670622
-2066320.0731761039
Iter: 19 loss: 79732874.999400437
-2021578.959120268
Iter: 20 loss: 70656044.680863634
-78481177.391539514
Iter: 21 loss: 243495776185.84381
-2021578.9589918847
Iter: 22 loss: 70656036.774240419
-2021578.9577812583
Iter: 23 loss: 70655910.836890966
-5873990.0470362538
Iter: 24 loss: 747630167.48971117
-2048866.1164159286
Iter: 25 loss: 66461033.487976216
-42450746.061704218
Iter: 26 loss: 42461394027.066772
-2640167.9165119454
Iter: 27 loss: 77935773.782682553
-2111948.5581322126
Iter: 28 loss: 64274036.968652867
-2337172.6339287776
Iter: 29 loss: 63844469.316543579
-2148948.29499126
Iter: 30 loss: 62809112.748126104
-2107664.5553776152
Iter: 31 loss: 56151689.7016798
-2014603.3517673241
Iter: 32 loss: 54304731.985452034
-2039976.8097243118
Iter: 33 loss: 54180004.418700479
-2048192.5646602784
Iter: 34 loss: 54172047.292358793
-2038964.6449098082
Iter: 35 loss: 53993458.993819952
-2007881.1137488289
Iter: 36 loss: 53395640.996099636
-1950851.0700617093
Iter: 37 loss: 52105883.863921687
-1924465.917320176
Iter: 38 loss: 50724050.582664572
-1988758.1969816438
Iter: 39 loss: 49771180.96869453
-1912063.2588459684
Iter: 40 loss: 49550413.982436076
-1902978.3054087306
Iter: 41 loss: 49457698.145741366
-1896134.8923332009
Iter: 42 loss: 49362496.630083516
-1886643.9677934076
Iter: 43 loss: 49248659.85754402
-1876371.0765135959
Iter: 44 loss: 49078326.667934641
-1872886.8740440346
Iter: 45 loss: 48891044.267579436
-1866104.1839926038
Iter: 46 loss: 48712309.904671744
-1861014.2520326548
Iter: 47 loss: 48569643.213580854
Iter: 1 loss: 5.3107182059144973e-05
Iter: 2 loss: 0.00070612337738251035
Iter: 3 loss: 0.00033421819078893733
Iter: 4 loss: 5.3021491875704073e-05
