Iteration 0
Elapsed time for kappa 67.6274 sec
Elapsed time for experts 18.4597 sec
Elapsed time for households 14.5801 sec
Iteration 1
Elapsed time for kappa 31.8553 sec
Elapsed time for experts 12.7224 sec
Elapsed time for households 11.1385 sec
Iteration 2
Elapsed time for kappa 31.5619 sec
Elapsed time for experts 12.1533 sec
Elapsed time for households 11.1297 sec
Iteration 3
Elapsed time for kappa 36.2446 sec
Elapsed time for experts 12.0507 sec
Elapsed time for households 12.0632 sec
Iteration 4
Elapsed time for kappa 32.6202 sec
Elapsed time for experts 11.1433 sec
Elapsed time for households 11.0045 sec
Iteration 5
Elapsed time for kappa 33.6675 sec
Elapsed time for experts 12.2232 sec
Elapsed time for households 10.7685 sec
Iteration 6
Elapsed time for kappa 33.8838 sec
Elapsed time for experts 12.2411 sec
Elapsed time for households 10.6253 sec
Iteration 7
Elapsed time for kappa 32.2043 sec
Elapsed time for experts 12.8934 sec
Elapsed time for households 10.6592 sec
Iteration 8
Elapsed time for kappa 32.5854 sec
Elapsed time for experts 12.6490 sec
Elapsed time for households 16.0239 sec
Iteration 9
Elapsed time for kappa 32.7975 sec
Elapsed time for experts 13.0324 sec
Elapsed time for households 10.9277 sec
Iteration 10
Elapsed time for kappa 33.1349 sec
Elapsed time for experts 12.8195 sec
Elapsed time for households 10.1492 sec
Iteration 11
Elapsed time for kappa 31.3506 sec
Elapsed time for experts 12.8099 sec
Elapsed time for households 10.6724 sec
Iteration 12
Elapsed time for kappa 32.5345 sec
Elapsed time for experts 12.0153 sec
Elapsed time for households 10.5632 sec
Iteration 13
Elapsed time for kappa 31.9684 sec
Elapsed time for experts 12.2188 sec
Elapsed time for households 10.9992 sec
Iteration 14
Elapsed time for kappa 33.3921 sec
Elapsed time for experts 13.1818 sec
Elapsed time for households 10.8589 sec
Iteration 15
Elapsed time for kappa 40.3485 sec
Elapsed time for experts 12.6900 sec
Elapsed time for households 11.0862 sec
Iteration 16
Elapsed time for kappa 32.3078 sec
Elapsed time for experts 11.3037 sec
Elapsed time for households 10.0294 sec
Iteration 17
Elapsed time for kappa 32.7322 sec
Elapsed time for experts 12.2375 sec
Elapsed time for households 10.5929 sec
Iteration 18
Elapsed time for kappa 32.0520 sec
Elapsed time for experts 11.9652 sec
Elapsed time for households 10.6965 sec
Iteration 19
Elapsed time for kappa 32.9058 sec
Elapsed time for experts 12.1218 sec
Elapsed time for households 10.7120 sec
Iteration 20
Elapsed time for kappa 33.4551 sec
Elapsed time for experts 12.6085 sec
Elapsed time for households 16.6458 sec
Iteration 21
Elapsed time for kappa 33.2225 sec
Elapsed time for experts 12.7175 sec
Elapsed time for households 10.7521 sec
Iteration 22
Elapsed time for kappa 31.7411 sec
Elapsed time for experts 11.1199 sec
Elapsed time for households 10.1734 sec
Iteration 23
Elapsed time for kappa 30.9374 sec
Elapsed time for experts 12.1554 sec
Elapsed time for households 10.0830 sec
Iteration 24
Elapsed time for kappa 31.2352 sec
Elapsed time for experts 12.4516 sec
Elapsed time for households 10.5485 sec
Iteration 25
Elapsed time for kappa 32.2165 sec
Elapsed time for experts 10.9065 sec
Elapsed time for households 9.8228 sec
Iteration 26
Elapsed time for kappa 32.6035 sec
Elapsed time for experts 17.6570 sec
Elapsed time for households 10.4247 sec
Iteration 27
Elapsed time for kappa 32.8142 sec
Elapsed time for experts 12.2854 sec
Elapsed time for households 10.7530 sec
Iteration 28
Elapsed time for kappa 33.2131 sec
Elapsed time for experts 11.9515 sec
Elapsed time for households 10.6293 sec
Iteration 29
Elapsed time for kappa 32.1060 sec
Elapsed time for experts 12.3629 sec
Elapsed time for households 9.8387 sec
Iteration 30
Elapsed time for kappa 30.6383 sec
Elapsed time for experts 11.8796 sec
Elapsed time for households 10.5481 sec
Iteration 31
Elapsed time for kappa 32.5641 sec
Elapsed time for experts 12.1568 sec
Elapsed time for households 10.7810 sec
Iteration 32
Elapsed time for kappa 31.9144 sec
Elapsed time for experts 18.7173 sec
Elapsed time for households 11.4022 sec
Iteration 33
Elapsed time for kappa 33.0312 sec
Elapsed time for experts 11.9257 sec
Elapsed time for households 10.8922 sec
Iteration 34
Elapsed time for kappa 32.1170 sec
Elapsed time for experts 11.6881 sec
Elapsed time for households 10.7116 sec
Iteration 35
Elapsed time for kappa 32.1789 sec
Elapsed time for experts 11.4494 sec
Elapsed time for households 10.3127 sec
Iteration 36
Elapsed time for kappa 31.9650 sec
Elapsed time for experts 11.9990 sec
Elapsed time for households 10.3903 sec
Iteration 37
Elapsed time for kappa 32.4105 sec
Elapsed time for experts 11.8743 sec
Elapsed time for households 10.3254 sec
Iteration 38
Elapsed time for kappa 32.7429 sec
Elapsed time for experts 18.5231 sec
Elapsed time for households 10.9769 sec
Iteration 39
Elapsed time for kappa 31.1509 sec
Elapsed time for experts 11.3975 sec
Elapsed time for households 10.5501 sec
Iteration 40
Elapsed time for kappa 31.9715 sec
Elapsed time for experts 12.0013 sec
Elapsed time for households 10.7772 sec
Iteration 41
Elapsed time for kappa 31.8589 sec
Elapsed time for experts 12.0914 sec
Elapsed time for households 10.6374 sec
Iteration 42
Elapsed time for kappa 31.6019 sec
Elapsed time for experts 11.7910 sec
Elapsed time for households 10.5215 sec
Iteration 43
Elapsed time for kappa 32.1137 sec
Elapsed time for experts 11.5715 sec
Elapsed time for households 10.6475 sec
Iteration 44
Elapsed time for kappa 37.1187 sec
Elapsed time for experts 12.1774 sec
Elapsed time for households 10.7184 sec
Iteration 45
Elapsed time for kappa 31.7549 sec
Elapsed time for experts 12.1339 sec
Elapsed time for households 10.5520 sec
Iteration 46
Elapsed time for kappa 30.8396 sec
Elapsed time for experts 12.0045 sec
Elapsed time for households 9.7134 sec
Iteration 47
Elapsed time for kappa 30.2105 sec
Elapsed time for experts 11.6914 sec
Elapsed time for households 10.3797 sec
Iteration 48
Elapsed time for kappa 31.3430 sec
Elapsed time for experts 11.7111 sec
Elapsed time for households 9.7445 sec
Iteration 49
Elapsed time for kappa 30.4956 sec
Elapsed time for experts 11.0544 sec
Elapsed time for households 10.0606 sec
Iteration 50
Elapsed time for kappa 37.7827 sec
Elapsed time for experts 12.4878 sec
Elapsed time for households 10.9861 sec
Iteration 51
Elapsed time for kappa 32.1226 sec
Elapsed time for experts 11.9684 sec
Elapsed time for households 10.4951 sec
Iteration 52
Elapsed time for kappa 31.2334 sec
Elapsed time for experts 11.7964 sec
Elapsed time for households 10.3035 sec
Iteration 53
Elapsed time for kappa 29.8769 sec
Elapsed time for experts 11.6725 sec
Elapsed time for households 10.2029 sec
Iteration 54
Elapsed time for kappa 30.4803 sec
Elapsed time for experts 10.6897 sec
Elapsed time for households 9.6319 sec
Iteration 55
Elapsed time for kappa 31.5578 sec
Elapsed time for experts 12.0216 sec
Elapsed time for households 10.6148 sec
Iteration 56
Elapsed time for kappa 38.0978 sec
Elapsed time for experts 12.6463 sec
Elapsed time for households 11.0859 sec
Iteration 57
Elapsed time for kappa 31.5864 sec
Elapsed time for experts 11.8592 sec
Elapsed time for households 10.6391 sec
Iteration 58
Elapsed time for kappa 29.4992 sec
Elapsed time for experts 12.0463 sec
Elapsed time for households 10.2542 sec
Iteration 59
Elapsed time for kappa 30.7674 sec
Elapsed time for experts 11.3982 sec
Elapsed time for households 9.5762 sec
Iteration 60
Elapsed time for kappa 29.1360 sec
Elapsed time for experts 11.1573 sec
Elapsed time for households 10.3483 sec
Iteration 61
Elapsed time for kappa 31.6238 sec
Elapsed time for experts 11.5958 sec
Elapsed time for households 10.3821 sec
Iteration 62
Elapsed time for kappa 35.8014 sec
Elapsed time for experts 11.5505 sec
Elapsed time for households 10.0617 sec
Iteration 63
Elapsed time for kappa 29.6794 sec
Elapsed time for experts 11.7512 sec
Elapsed time for households 10.3982 sec
Iteration 64
Elapsed time for kappa 30.2724 sec
Elapsed time for experts 11.4097 sec
Elapsed time for households 10.4362 sec
Iteration 65
Elapsed time for kappa 30.7157 sec
Elapsed time for experts 11.8822 sec
Elapsed time for households 10.2848 sec
Iteration 66
Elapsed time for kappa 30.2768 sec
Elapsed time for experts 11.6184 sec
Elapsed time for households 9.4747 sec
Iteration 67
Elapsed time for kappa 30.6454 sec
Elapsed time for experts 11.5459 sec
Elapsed time for households 10.4285 sec
Iteration 68
Elapsed time for kappa 37.4410 sec
Elapsed time for experts 12.5376 sec
Elapsed time for households 10.8214 sec
Iteration 69
Elapsed time for kappa 30.7767 sec
Elapsed time for experts 11.9489 sec
Elapsed time for households 10.5460 sec
Iteration 70
Elapsed time for kappa 29.7405 sec
Elapsed time for experts 10.6819 sec
Elapsed time for households 9.5854 sec
Iteration 71
Elapsed time for kappa 28.4989 sec
Elapsed time for experts 10.6844 sec
Elapsed time for households 9.6067 sec
Iteration 72
Elapsed time for kappa 28.6040 sec
Elapsed time for experts 10.7326 sec
Elapsed time for households 9.6052 sec
Iteration 73
Elapsed time for kappa 29.0224 sec
Elapsed time for experts 10.8101 sec
Elapsed time for households 10.0983 sec
Iteration 74
Elapsed time for kappa 36.3924 sec
Elapsed time for experts 11.4428 sec
Elapsed time for households 10.1299 sec
Iteration 75
Elapsed time for kappa 29.2736 sec
Elapsed time for experts 11.3378 sec
Elapsed time for households 9.8568 sec
Iteration 76
Elapsed time for kappa 29.2132 sec
Elapsed time for experts 11.5758 sec
Elapsed time for households 10.1562 sec
Iteration 77
Elapsed time for kappa 30.0408 sec
Elapsed time for experts 11.4400 sec
Elapsed time for households 10.2187 sec
Iteration 78
Elapsed time for kappa 29.7050 sec
Elapsed time for experts 11.6827 sec
Elapsed time for households 9.5023 sec
Iteration 79
Elapsed time for kappa 29.9930 sec
Elapsed time for experts 11.1814 sec
Elapsed time for households 15.9144 sec
Iteration 80
Elapsed time for kappa 31.5658 sec
Elapsed time for experts 11.8745 sec
Elapsed time for households 10.6705 sec
Iteration 81
Elapsed time for kappa 30.9291 sec
Elapsed time for experts 11.6177 sec
Elapsed time for households 10.2406 sec
Iteration 82
Elapsed time for kappa 29.6397 sec
Elapsed time for experts 11.6805 sec
Elapsed time for households 10.1381 sec
Iteration 83
Elapsed time for kappa 29.8475 sec
Elapsed time for experts 11.6091 sec
Elapsed time for households 9.9947 sec
Iteration 84
Elapsed time for kappa 29.9611 sec
Elapsed time for experts 11.4943 sec
Elapsed time for households 10.2399 sec
Iteration 85
Elapsed time for kappa 29.7896 sec
Elapsed time for experts 11.3296 sec
Elapsed time for households 16.6215 sec
Iteration 86
Elapsed time for kappa 31.1812 sec
Elapsed time for experts 11.8962 sec
Elapsed time for households 10.7987 sec
Iteration 87
Elapsed time for kappa 29.8059 sec
Elapsed time for experts 11.1928 sec
Elapsed time for households 9.7480 sec
Iteration 88
Elapsed time for kappa 28.7817 sec
Elapsed time for experts 10.7168 sec
Elapsed time for households 9.5663 sec
Iteration 89
Elapsed time for kappa 28.2451 sec
Elapsed time for experts 11.0094 sec
Elapsed time for households 10.0616 sec
Iteration 90
Elapsed time for kappa 29.5781 sec
Elapsed time for experts 12.2670 sec
Elapsed time for households 10.2958 sec
Iteration 91
Elapsed time for kappa 29.7620 sec
Elapsed time for experts 18.2905 sec
Elapsed time for households 11.0607 sec
Iteration 92
Elapsed time for kappa 31.0759 sec
Elapsed time for experts 11.8387 sec
Elapsed time for households 10.8103 sec
Iteration 93
Elapsed time for kappa 30.5549 sec
Elapsed time for experts 11.7465 sec
Elapsed time for households 10.4736 sec
Iteration 94
Elapsed time for kappa 29.6453 sec
Elapsed time for experts 10.8504 sec
Elapsed time for households 9.5168 sec
Iteration 95
Elapsed time for kappa 28.1805 sec
Elapsed time for experts 11.3298 sec
Elapsed time for households 10.0787 sec
Iteration 96
Elapsed time for kappa 29.3462 sec
Elapsed time for experts 11.0387 sec
Elapsed time for households 10.3462 sec
Iteration 97
Elapsed time for kappa 29.6424 sec
Elapsed time for experts 18.0441 sec
Elapsed time for households 11.0953 sec
Iteration 98
Elapsed time for kappa 31.2503 sec
Elapsed time for experts 11.9728 sec
Elapsed time for households 10.0924 sec
Iteration 99
Elapsed time for kappa 28.8863 sec
Elapsed time for experts 11.0496 sec
Elapsed time for households 9.7020 sec
Iteration 100
Elapsed time for kappa 29.4754 sec
Elapsed time for experts 11.6473 sec
Elapsed time for households 10.2647 sec
Iteration 101
Elapsed time for kappa 30.1774 sec
Elapsed time for experts 11.7689 sec
Elapsed time for households 10.0626 sec
Iteration 102
Elapsed time for kappa 27.9421 sec
Elapsed time for experts 11.0358 sec
Elapsed time for households 9.9385 sec
Iteration 103
Elapsed time for kappa 28.7392 sec
Elapsed time for experts 17.3417 sec
Elapsed time for households 10.5760 sec
Iteration 104
Elapsed time for kappa 30.3703 sec
Elapsed time for experts 11.9128 sec
Elapsed time for households 10.5407 sec
Iteration 105
Elapsed time for kappa 30.6242 sec
Elapsed time for experts 11.9048 sec
Elapsed time for households 10.2236 sec
Iteration 106
Elapsed time for kappa 29.5194 sec
Elapsed time for experts 10.9082 sec
Elapsed time for households 9.5146 sec
Iteration 107
Elapsed time for kappa 29.3356 sec
Elapsed time for experts 11.5366 sec
Elapsed time for households 9.4833 sec
Iteration 108
Elapsed time for kappa 28.4886 sec
Elapsed time for experts 11.2562 sec
Elapsed time for households 9.9906 sec
Iteration 109
Elapsed time for kappa 37.7057 sec
Elapsed time for experts 12.3310 sec
Elapsed time for households 10.7269 sec
Iteration 110
Elapsed time for kappa 31.3239 sec
Elapsed time for experts 11.7960 sec
Elapsed time for households 10.5617 sec
Iteration 111
Elapsed time for kappa 30.6741 sec
Elapsed time for experts 11.6626 sec
Elapsed time for households 10.3514 sec
Iteration 112
Elapsed time for kappa 30.4597 sec
Elapsed time for experts 11.8375 sec
Elapsed time for households 10.4040 sec
Iteration 113
Elapsed time for kappa 29.7655 sec
Elapsed time for experts 11.8614 sec
Elapsed time for households 10.3507 sec
Iteration 114
Elapsed time for kappa 29.6745 sec
Elapsed time for experts 11.5020 sec
Elapsed time for households 10.1613 sec
Iteration 115
Elapsed time for kappa 37.0955 sec
Elapsed time for experts 12.1426 sec
Elapsed time for households 10.7950 sec
Iteration 116
Elapsed time for kappa 30.1410 sec
Elapsed time for experts 11.8656 sec
Elapsed time for households 10.4923 sec
Iteration 117
Elapsed time for kappa 30.5401 sec
Elapsed time for experts 11.5023 sec
Elapsed time for households 10.3619 sec
Iteration 118
Elapsed time for kappa 29.0759 sec
Elapsed time for experts 11.0337 sec
Elapsed time for households 9.5810 sec
Iteration 119
Elapsed time for kappa 28.4224 sec
Elapsed time for experts 11.3950 sec
Elapsed time for households 10.2802 sec
Iteration 120
Elapsed time for kappa 29.8891 sec
Elapsed time for experts 11.1897 sec
Elapsed time for households 10.1923 sec
Iteration 121
Elapsed time for kappa 37.7556 sec
Elapsed time for experts 12.2986 sec
Elapsed time for households 10.7680 sec
Iteration 122
Elapsed time for kappa 31.1677 sec
Elapsed time for experts 11.8010 sec
Elapsed time for households 10.4499 sec
Iteration 123
Elapsed time for kappa 29.1267 sec
Elapsed time for experts 11.1033 sec
Elapsed time for households 10.2057 sec
Iteration 124
Elapsed time for kappa 29.6013 sec
Elapsed time for experts 11.6217 sec
Elapsed time for households 10.2917 sec
Iteration 125
Elapsed time for kappa 29.5894 sec
Elapsed time for experts 11.5520 sec
Elapsed time for households 9.6712 sec
Iteration 126
Elapsed time for kappa 29.1232 sec
Elapsed time for experts 11.1621 sec
Elapsed time for households 10.2338 sec
Iteration 127
Elapsed time for kappa 37.8314 sec
Elapsed time for experts 12.2439 sec
Elapsed time for households 10.7599 sec
Iteration 128
Elapsed time for kappa 31.5056 sec
Elapsed time for experts 11.9551 sec
Elapsed time for households 10.6030 sec
Iteration 129
Elapsed time for kappa 30.8959 sec
Elapsed time for experts 11.9951 sec
Elapsed time for households 10.3149 sec
Iteration 130
Elapsed time for kappa 30.3348 sec
Elapsed time for experts 10.8932 sec
Elapsed time for households 9.7538 sec
Iteration 131
Elapsed time for kappa 28.4643 sec
Elapsed time for experts 11.5913 sec
Elapsed time for households 10.1887 sec
Iteration 132
Elapsed time for kappa 29.5133 sec
Elapsed time for experts 11.2375 sec
Elapsed time for households 9.7140 sec
Iteration 133
Elapsed time for kappa 37.0464 sec
Elapsed time for experts 12.3762 sec
Elapsed time for households 10.9713 sec
Iteration 134
Elapsed time for kappa 31.2375 sec
Elapsed time for experts 11.7053 sec
Elapsed time for households 10.4880 sec
Iteration 135
Elapsed time for kappa 30.8260 sec
Elapsed time for experts 11.6880 sec
Elapsed time for households 10.3455 sec
Iteration 136
Elapsed time for kappa 30.1987 sec
Elapsed time for experts 11.8056 sec
Elapsed time for households 10.3060 sec
Iteration 137
Elapsed time for kappa 29.7052 sec
Elapsed time for experts 10.7524 sec
Elapsed time for households 9.5883 sec
Iteration 138
Elapsed time for kappa 29.4216 sec
Elapsed time for experts 11.4773 sec
Elapsed time for households 10.3151 sec
Iteration 139
Elapsed time for kappa 36.3106 sec
Elapsed time for experts 11.7286 sec
Elapsed time for households 10.3355 sec
Iteration 140
Elapsed time for kappa 29.9495 sec
Elapsed time for experts 11.1436 sec
Elapsed time for households 9.8770 sec
Iteration 141
Elapsed time for kappa 29.5805 sec
Elapsed time for experts 11.7357 sec
Elapsed time for households 10.4198 sec
Iteration 142
Elapsed time for kappa 30.2360 sec
Elapsed time for experts 11.7476 sec
Elapsed time for households 10.4154 sec
Iteration 143
Elapsed time for kappa 30.0039 sec
Elapsed time for experts 11.5892 sec
Elapsed time for households 10.3209 sec
Iteration 144
Elapsed time for kappa 29.8430 sec
Elapsed time for experts 11.6263 sec
Elapsed time for households 10.2516 sec
Iteration 145
Elapsed time for kappa 37.1517 sec
Elapsed time for experts 12.1242 sec
Elapsed time for households 10.8670 sec
Iteration 146
Elapsed time for kappa 31.2834 sec
Elapsed time for experts 12.2149 sec
Elapsed time for households 10.7715 sec
Iteration 147
Elapsed time for kappa 30.8194 sec
Elapsed time for experts 11.8458 sec
Elapsed time for households 10.4022 sec
Iteration 148
Elapsed time for kappa 29.8964 sec
Elapsed time for experts 12.4820 sec
Elapsed time for households 9.6566 sec
Iteration 149
Elapsed time for kappa 28.3141 sec
Elapsed time for experts 10.9037 sec
Elapsed time for households 9.5618 sec
Iteration 150
Elapsed time for kappa 29.2546 sec
Elapsed time for experts 11.4738 sec
Elapsed time for households 16.2438 sec
Iteration 151
Elapsed time for kappa 31.5242 sec
Elapsed time for experts 12.1063 sec
Elapsed time for households 10.7947 sec
Iteration 152
Elapsed time for kappa 31.1236 sec
Elapsed time for experts 12.0821 sec
Elapsed time for households 10.6282 sec
Iteration 153
Elapsed time for kappa 30.7384 sec
Elapsed time for experts 12.0340 sec
Elapsed time for households 10.2400 sec
Iteration 154
Elapsed time for kappa 28.9080 sec
Elapsed time for experts 10.6845 sec
Elapsed time for households 9.5229 sec
Iteration 155
Elapsed time for kappa 28.3356 sec
Elapsed time for experts 11.7410 sec
Elapsed time for households 10.1946 sec
Iteration 156
Elapsed time for kappa 29.6152 sec
Elapsed time for experts 17.6340 sec
Elapsed time for households 11.1121 sec
Iteration 157
Elapsed time for kappa 31.1479 sec
Elapsed time for experts 11.6461 sec
Elapsed time for households 10.4756 sec
Iteration 158
Elapsed time for kappa 30.9830 sec
Elapsed time for experts 11.9117 sec
Elapsed time for households 10.5372 sec
Iteration 159
Elapsed time for kappa 30.7433 sec
Elapsed time for experts 12.2737 sec
Elapsed time for households 10.4118 sec
Iteration 160
Elapsed time for kappa 30.4897 sec
Elapsed time for experts 12.1481 sec
Elapsed time for households 10.2978 sec
Iteration 161
Elapsed time for kappa 29.8473 sec
Elapsed time for experts 11.4665 sec
Elapsed time for households 10.2479 sec
Iteration 162
Elapsed time for kappa 29.2983 sec
Elapsed time for experts 11.4679 sec
Elapsed time for households 16.7049 sec
Iteration 163
Elapsed time for kappa 30.3130 sec
Elapsed time for experts 11.2819 sec
Elapsed time for households 10.1359 sec
Iteration 164
Elapsed time for kappa 30.9385 sec
Elapsed time for experts 11.7213 sec
Elapsed time for households 10.4754 sec
Iteration 165
Elapsed time for kappa 30.6184 sec
Elapsed time for experts 12.0131 sec
Elapsed time for households 10.3753 sec
Iteration 166
Elapsed time for kappa 30.4619 sec
Elapsed time for experts 11.8978 sec
Elapsed time for households 10.3127 sec
Iteration 167
Elapsed time for kappa 29.8761 sec
Elapsed time for experts 11.5691 sec
Elapsed time for households 10.1709 sec
Iteration 168
Elapsed time for kappa 29.2770 sec
Elapsed time for experts 11.4136 sec
Elapsed time for households 16.9590 sec
Iteration 169
Elapsed time for kappa 31.3013 sec
Elapsed time for experts 12.4435 sec
Elapsed time for households 10.5682 sec
Iteration 170
Elapsed time for kappa 30.2162 sec
Elapsed time for experts 11.8410 sec
Elapsed time for households 10.6650 sec
Iteration 171
Elapsed time for kappa 31.0951 sec
Elapsed time for experts 12.1325 sec
Elapsed time for households 10.4207 sec
Iteration 172
Elapsed time for kappa 30.4269 sec
Elapsed time for experts 11.5672 sec
Elapsed time for households 10.2663 sec
Iteration 173
Elapsed time for kappa 30.1715 sec
Elapsed time for experts 11.7126 sec
Elapsed time for households 10.3118 sec
Iteration 174
Elapsed time for kappa 29.5709 sec
Elapsed time for experts 11.2149 sec
Elapsed time for households 9.3447 sec
Iteration 175
Elapsed time for kappa 35.9356 sec
Elapsed time for experts 12.5865 sec
Elapsed time for households 10.6754 sec
Iteration 176
Elapsed time for kappa 31.1713 sec
Elapsed time for experts 12.5895 sec
Elapsed time for households 10.6892 sec
Iteration 177
Elapsed time for kappa 30.3846 sec
Elapsed time for experts 11.9980 sec
Elapsed time for households 10.5110 sec
Iteration 178
Elapsed time for kappa 29.5448 sec
Elapsed time for experts 10.8226 sec
Elapsed time for households 9.7206 sec
Iteration 179
Elapsed time for kappa 29.6835 sec
Elapsed time for experts 11.7478 sec
Elapsed time for households 10.5515 sec
Iteration 180
Elapsed time for kappa 29.9228 sec
Elapsed time for experts 11.5563 sec
Elapsed time for households 16.4675 sec
Iteration 181
Elapsed time for kappa 31.3949 sec
Elapsed time for experts 12.5890 sec
Elapsed time for households 10.7303 sec
Iteration 182
Elapsed time for kappa 30.9222 sec
Elapsed time for experts 12.3882 sec
Elapsed time for households 10.8545 sec
Iteration 183
Elapsed time for kappa 31.0430 sec
Elapsed time for experts 11.8388 sec
Elapsed time for households 10.3885 sec
Iteration 184
Elapsed time for kappa 29.3155 sec
Elapsed time for experts 11.4875 sec
Elapsed time for households 10.2300 sec
Iteration 185
Elapsed time for kappa 29.7036 sec
Elapsed time for experts 11.3428 sec
Elapsed time for households 9.5478 sec
Iteration 186
Elapsed time for kappa 28.1427 sec
Elapsed time for experts 10.7754 sec
Elapsed time for households 16.3220 sec
Iteration 187
Elapsed time for kappa 31.0155 sec
Elapsed time for experts 11.1765 sec
Elapsed time for households 9.9759 sec
Iteration 188
Elapsed time for kappa 30.6873 sec
Elapsed time for experts 12.0600 sec
Elapsed time for households 10.7026 sec
Iteration 189
Elapsed time for kappa 30.9164 sec
Elapsed time for experts 12.2667 sec
Elapsed time for households 10.6668 sec
Iteration 190
Elapsed time for kappa 30.4153 sec
Elapsed time for experts 11.7923 sec
Elapsed time for households 10.5176 sec
Iteration 191
Elapsed time for kappa 29.9514 sec
Elapsed time for experts 11.4983 sec
Elapsed time for households 10.2711 sec
Iteration 192
Elapsed time for kappa 29.5686 sec
Elapsed time for experts 11.8984 sec
Elapsed time for households 17.1891 sec
Iteration 193
Elapsed time for kappa 32.3463 sec
Elapsed time for experts 12.8682 sec
Elapsed time for households 10.7001 sec
Iteration 194
Elapsed time for kappa 30.6598 sec
Elapsed time for experts 12.6005 sec
Elapsed time for households 10.6503 sec
Iteration 195
Elapsed time for kappa 30.7838 sec
Elapsed time for experts 12.1961 sec
Elapsed time for households 10.3641 sec
Iteration 196
Elapsed time for kappa 30.1569 sec
Elapsed time for experts 11.6338 sec
Elapsed time for households 10.5140 sec
Iteration 197
Elapsed time for kappa 29.7727 sec
Elapsed time for experts 11.6199 sec
Elapsed time for households 10.2914 sec
Iteration 198
Elapsed time for kappa 29.4252 sec
Elapsed time for experts 11.0882 sec
Elapsed time for households 10.2106 sec
Iteration 199
Elapsed time for kappa 38.5332 sec
Elapsed time for experts 12.2113 sec
Elapsed time for households 10.7824 sec
Iteration 200
Elapsed time for kappa 29.7776 sec
Elapsed time for experts 11.5030 sec
Elapsed time for households 9.9843 sec
Iteration 201
Elapsed time for kappa 30.0500 sec
Elapsed time for experts 11.8143 sec
Elapsed time for households 10.2375 sec
Iteration 202
Elapsed time for kappa 28.6238 sec
Elapsed time for experts 11.2033 sec
Elapsed time for households 10.2513 sec
Iteration 203
Elapsed time for kappa 29.8519 sec
Elapsed time for experts 11.2139 sec
Elapsed time for households 10.2896 sec
Iteration 204
Elapsed time for kappa 28.9737 sec
Elapsed time for experts 11.2381 sec
Elapsed time for households 9.9397 sec
Iteration 205
Elapsed time for kappa 37.4267 sec
Elapsed time for experts 12.0694 sec
Elapsed time for households 10.6215 sec
Iteration 206
Elapsed time for kappa 31.5449 sec
Elapsed time for experts 11.5145 sec
Elapsed time for households 10.3513 sec
Iteration 207
Elapsed time for kappa 30.8095 sec
Elapsed time for experts 11.5554 sec
Elapsed time for households 9.9104 sec
Iteration 208
Elapsed time for kappa 29.7233 sec
Elapsed time for experts 12.0107 sec
Elapsed time for households 10.4300 sec
Iteration 209
Elapsed time for kappa 30.2049 sec
Elapsed time for experts 11.5238 sec
Elapsed time for households 10.0612 sec
Iteration 210
Elapsed time for kappa 29.8101 sec
Elapsed time for experts 17.0316 sec
Elapsed time for households 10.7111 sec
Iteration 211
Elapsed time for kappa 30.7972 sec
Elapsed time for experts 12.4207 sec
Elapsed time for households 10.6792 sec
Iteration 212
Elapsed time for kappa 30.9265 sec
Elapsed time for experts 11.3677 sec
Elapsed time for households 10.0214 sec
Iteration 213
Elapsed time for kappa 29.0273 sec
Elapsed time for experts 11.0767 sec
Elapsed time for households 9.9399 sec
Iteration 214
Elapsed time for kappa 29.5239 sec
Elapsed time for experts 11.5862 sec
Elapsed time for households 10.2342 sec
Iteration 215
Elapsed time for kappa 30.1264 sec
Elapsed time for experts 11.7551 sec
Elapsed time for households 10.2840 sec
Iteration 216
Elapsed time for kappa 29.8317 sec
Elapsed time for experts 12.0687 sec
Elapsed time for households 17.0805 sec
Iteration 217
Elapsed time for kappa 31.5091 sec
Elapsed time for experts 12.3995 sec
Elapsed time for households 10.8312 sec
Iteration 218
Elapsed time for kappa 31.0051 sec
Elapsed time for experts 12.2555 sec
Elapsed time for households 10.7912 sec
Iteration 219
Elapsed time for kappa 31.1186 sec
Elapsed time for experts 12.0691 sec
Elapsed time for households 10.7283 sec
Iteration 220
Elapsed time for kappa 29.2643 sec
Elapsed time for experts 11.3731 sec
Elapsed time for households 10.3195 sec
Iteration 221
Elapsed time for kappa 30.2287 sec
Elapsed time for experts 10.7878 sec
Elapsed time for households 9.6109 sec
Iteration 222
Elapsed time for kappa 28.0582 sec
Elapsed time for experts 11.6198 sec
Elapsed time for households 16.9111 sec
Iteration 223
Elapsed time for kappa 31.6388 sec
Elapsed time for experts 12.0064 sec
Elapsed time for households 10.1044 sec
Iteration 224
Elapsed time for kappa 31.0556 sec
Elapsed time for experts 12.0485 sec
Elapsed time for households 10.5471 sec
Iteration 225
Elapsed time for kappa 30.1217 sec
Elapsed time for experts 11.0738 sec
Elapsed time for households 9.8413 sec
Iteration 226
Elapsed time for kappa 29.6289 sec
Elapsed time for experts 12.1415 sec
Elapsed time for households 10.3628 sec
Iteration 227
Elapsed time for kappa 29.8852 sec
Elapsed time for experts 11.6112 sec
Elapsed time for households 10.2830 sec
Iteration 228
Elapsed time for kappa 29.3535 sec
Elapsed time for experts 11.4290 sec
Elapsed time for households 10.2023 sec
Iteration 229
Elapsed time for kappa 38.6791 sec
Elapsed time for experts 12.4823 sec
Elapsed time for households 11.0002 sec
Iteration 230
Elapsed time for kappa 31.4917 sec
Elapsed time for experts 12.1233 sec
Elapsed time for households 10.6153 sec
Iteration 231
Elapsed time for kappa 30.4655 sec
Elapsed time for experts 11.6181 sec
Elapsed time for households 10.0712 sec
Iteration 232
Elapsed time for kappa 29.7733 sec
Elapsed time for experts 12.2498 sec
Elapsed time for households 10.2387 sec
Iteration 233
Elapsed time for kappa 28.4884 sec
Elapsed time for experts 11.0723 sec
Elapsed time for households 9.6343 sec
Iteration 234
Elapsed time for kappa 28.2070 sec
Elapsed time for experts 10.5695 sec
Elapsed time for households 9.7619 sec
Iteration 235
Elapsed time for kappa 37.8507 sec
Elapsed time for experts 12.0606 sec
Elapsed time for households 10.6435 sec
Iteration 236
Elapsed time for kappa 31.3456 sec
Elapsed time for experts 11.9152 sec
Elapsed time for households 10.5047 sec
Iteration 237
Elapsed time for kappa 30.9183 sec
Elapsed time for experts 12.1495 sec
Elapsed time for households 10.7085 sec
Iteration 238
Elapsed time for kappa 30.3994 sec
Elapsed time for experts 11.7851 sec
Elapsed time for households 10.5276 sec
Iteration 239
Elapsed time for kappa 30.2153 sec
Elapsed time for experts 11.9710 sec
Elapsed time for households 10.4175 sec
Iteration 240
Elapsed time for kappa 29.8878 sec
Elapsed time for experts 11.6307 sec
Elapsed time for households 15.7968 sec
Iteration 241
Elapsed time for kappa 30.1571 sec
Elapsed time for experts 11.4720 sec
Elapsed time for households 10.1086 sec
Iteration 242
Elapsed time for kappa 30.8807 sec
Elapsed time for experts 12.0794 sec
Elapsed time for households 10.5345 sec
Iteration 243
Elapsed time for kappa 31.2148 sec
Elapsed time for experts 12.4205 sec
Elapsed time for households 10.6535 sec
Iteration 244
Elapsed time for kappa 29.9688 sec
Elapsed time for experts 11.2516 sec
Elapsed time for households 9.6956 sec
Iteration 245
Elapsed time for kappa 29.4632 sec
Elapsed time for experts 11.5430 sec
Elapsed time for households 10.2404 sec
Iteration 246
Elapsed time for kappa 29.5409 sec
Elapsed time for experts 11.2825 sec
Elapsed time for households 10.2008 sec
Iteration 247
Elapsed time for kappa 37.2357 sec
Elapsed time for experts 12.2165 sec
Elapsed time for households 10.8457 sec
Iteration 248
Elapsed time for kappa 31.6532 sec
Elapsed time for experts 11.8007 sec
Elapsed time for households 10.5007 sec
Iteration 249
Elapsed time for kappa 31.3318 sec
Elapsed time for experts 12.4583 sec
Elapsed time for households 10.6892 sec
Iteration 250
Elapsed time for kappa 30.9257 sec
Elapsed time for experts 12.1852 sec
Elapsed time for households 10.7190 sec
Iteration 251
Elapsed time for kappa 29.9912 sec
Elapsed time for experts 11.6107 sec
Elapsed time for households 10.4329 sec
Iteration 252
Elapsed time for kappa 29.7057 sec
Elapsed time for experts 11.5425 sec
Elapsed time for households 16.6916 sec
Iteration 253
Elapsed time for kappa 30.7143 sec
Elapsed time for experts 11.2577 sec
Elapsed time for households 10.4952 sec
Iteration 254
Elapsed time for kappa 31.4444 sec
Elapsed time for experts 11.9036 sec
Elapsed time for households 10.5754 sec
Iteration 255
Elapsed time for kappa 31.5782 sec
Elapsed time for experts 11.9828 sec
Elapsed time for households 10.5700 sec
Iteration 256
Elapsed time for kappa 29.9919 sec
Elapsed time for experts 11.0902 sec
Elapsed time for households 9.6453 sec
Iteration 257
Elapsed time for kappa 28.1072 sec
Elapsed time for experts 11.2501 sec
Elapsed time for households 9.6002 sec
Iteration 258
Elapsed time for kappa 29.5958 sec
Elapsed time for experts 11.1593 sec
Elapsed time for households 17.3288 sec
Iteration 259
Elapsed time for kappa 32.2012 sec
Elapsed time for experts 12.2837 sec
Elapsed time for households 10.7975 sec
Iteration 260
Elapsed time for kappa 31.7581 sec
Elapsed time for experts 12.1086 sec
Elapsed time for households 10.4006 sec
Iteration 261
Elapsed time for kappa 29.8416 sec
Elapsed time for experts 11.1885 sec
Elapsed time for households 10.0770 sec
Iteration 262
Elapsed time for kappa 29.4083 sec
Elapsed time for experts 12.0238 sec
Elapsed time for households 10.6608 sec
Iteration 263
Elapsed time for kappa 30.1382 sec
Elapsed time for experts 11.3623 sec
Elapsed time for households 9.6090 sec
Iteration 264
Elapsed time for kappa 28.7669 sec
Elapsed time for experts 11.4840 sec
Elapsed time for households 17.4498 sec
Iteration 265
Elapsed time for kappa 32.0434 sec
Elapsed time for experts 11.6291 sec
Elapsed time for households 10.1929 sec
Iteration 266
Elapsed time for kappa 30.8783 sec
Elapsed time for experts 12.4113 sec
Elapsed time for households 10.5168 sec
Iteration 267
Elapsed time for kappa 31.3444 sec
Elapsed time for experts 11.8071 sec
Elapsed time for households 10.1189 sec
Iteration 268
Elapsed time for kappa 29.0032 sec
Elapsed time for experts 11.8935 sec
Elapsed time for households 10.5451 sec
Iteration 269
Elapsed time for kappa 28.9982 sec
Elapsed time for experts 10.7514 sec
Elapsed time for households 9.7067 sec
Iteration 270
Elapsed time for kappa 28.4152 sec
Elapsed time for experts 10.8212 sec
Elapsed time for households 9.3902 sec
Iteration 271
Elapsed time for kappa 37.9891 sec
Elapsed time for experts 12.4537 sec
Elapsed time for households 11.0075 sec
Iteration 272
Elapsed time for kappa 31.6995 sec
Elapsed time for experts 12.3087 sec
Elapsed time for households 10.6266 sec
Iteration 273
Elapsed time for kappa 31.0046 sec
Elapsed time for experts 12.0036 sec
Elapsed time for households 10.8600 sec
Iteration 274
Elapsed time for kappa 31.0960 sec
Elapsed time for experts 11.9641 sec
Elapsed time for households 10.7895 sec
Iteration 275
Elapsed time for kappa 30.3921 sec
Elapsed time for experts 11.8019 sec
Elapsed time for households 10.5184 sec
Iteration 276
Elapsed time for kappa 30.0981 sec
Elapsed time for experts 11.6610 sec
Elapsed time for households 10.4416 sec
Iteration 277
Elapsed time for kappa 37.8024 sec
Elapsed time for experts 11.7048 sec
Elapsed time for households 10.2587 sec
Iteration 278
Elapsed time for kappa 29.6291 sec
Elapsed time for experts 11.2897 sec
Elapsed time for households 9.9556 sec
Iteration 279
Elapsed time for kappa 29.4523 sec
Elapsed time for experts 11.2431 sec
Elapsed time for households 9.9352 sec
Iteration 280
Elapsed time for kappa 30.6690 sec
Elapsed time for experts 12.1865 sec
Elapsed time for households 10.4661 sec
Iteration 281
Elapsed time for kappa 30.0827 sec
Elapsed time for experts 11.8255 sec
Elapsed time for households 9.7843 sec
Iteration 282
Elapsed time for kappa 28.0765 sec
Elapsed time for experts 11.5116 sec
Elapsed time for households 16.8627 sec
Iteration 283
Elapsed time for kappa 30.4614 sec
Elapsed time for experts 11.6310 sec
Elapsed time for households 10.1852 sec
Iteration 284
Elapsed time for kappa 29.7406 sec
Elapsed time for experts 11.1800 sec
Elapsed time for households 10.7065 sec
Iteration 285
Elapsed time for kappa 31.4062 sec
Elapsed time for experts 11.8918 sec
Elapsed time for households 10.5341 sec
Iteration 286
Elapsed time for kappa 30.9355 sec
Elapsed time for experts 11.6031 sec
Elapsed time for households 10.3775 sec
Iteration 287
Elapsed time for kappa 30.1464 sec
Elapsed time for experts 11.3153 sec
Elapsed time for households 9.6515 sec
Iteration 288
Elapsed time for kappa 28.2981 sec
Elapsed time for experts 10.8140 sec
Elapsed time for households 9.4808 sec
Iteration 289
Elapsed time for kappa 36.7713 sec
Elapsed time for experts 11.4642 sec
Elapsed time for households 10.2870 sec
Iteration 290
Elapsed time for kappa 29.9219 sec
Elapsed time for experts 12.0259 sec
Elapsed time for households 10.9476 sec
Iteration 291
Elapsed time for kappa 31.3723 sec
Elapsed time for experts 12.0703 sec
Elapsed time for households 10.8160 sec
Iteration 292
Elapsed time for kappa 31.0179 sec
Elapsed time for experts 11.7640 sec
Elapsed time for households 10.0540 sec
Iteration 293
Elapsed time for kappa 29.9765 sec
Elapsed time for experts 11.7799 sec
Elapsed time for households 10.2929 sec
Iteration 294
Elapsed time for kappa 30.2825 sec
Elapsed time for experts 11.5112 sec
Elapsed time for households 16.5563 sec
Iteration 295
Elapsed time for kappa 31.3613 sec
Elapsed time for experts 12.0530 sec
Elapsed time for households 10.7922 sec
Iteration 296
Elapsed time for kappa 30.7378 sec
Elapsed time for experts 11.0834 sec
Elapsed time for households 9.9315 sec
Iteration 297
Elapsed time for kappa 29.4233 sec
Elapsed time for experts 11.9503 sec
Elapsed time for households 10.7411 sec
Iteration 298
Elapsed time for kappa 30.8928 sec
Elapsed time for experts 12.0925 sec
Elapsed time for households 10.5349 sec
Iteration 299
Elapsed time for kappa 29.8573 sec
Elapsed time for experts 11.8092 sec
Elapsed time for households 10.3371 sec
Elapsed time for training 16166.1604 sec
90000 90000 90000 90000
