Iteration 0
Elapsed time for kappa 69.5098 sec
Elapsed time for experts 19.6175 sec
Elapsed time for households 15.5370 sec
Iteration 1
Elapsed time for kappa 36.2702 sec
Elapsed time for experts 15.8513 sec
Elapsed time for households 13.5929 sec
Iteration 2
Elapsed time for kappa 37.3842 sec
Elapsed time for experts 14.1041 sec
Elapsed time for households 12.7301 sec
Iteration 3
Elapsed time for kappa 36.4911 sec
Elapsed time for experts 16.1217 sec
Elapsed time for households 13.5408 sec
Iteration 4
Elapsed time for kappa 34.5459 sec
Elapsed time for experts 13.8257 sec
Elapsed time for households 13.9263 sec
Iteration 5
Elapsed time for kappa 35.1341 sec
Elapsed time for experts 13.4443 sec
Elapsed time for households 12.3633 sec
Iteration 6
Elapsed time for kappa 34.1004 sec
Elapsed time for experts 13.7536 sec
Elapsed time for households 12.2568 sec
Iteration 7
Elapsed time for kappa 34.2049 sec
Elapsed time for experts 13.5766 sec
Elapsed time for households 19.6995 sec
Iteration 8
Elapsed time for kappa 35.1103 sec
Elapsed time for experts 12.9697 sec
Elapsed time for households 11.4472 sec
Iteration 9
Elapsed time for kappa 34.3998 sec
Elapsed time for experts 12.7181 sec
Elapsed time for households 11.3790 sec
Iteration 10
Elapsed time for kappa 33.4944 sec
Elapsed time for experts 12.1083 sec
Elapsed time for households 11.7285 sec
Iteration 11
Elapsed time for kappa 33.7774 sec
Elapsed time for experts 12.0923 sec
Elapsed time for households 11.0670 sec
Iteration 12
Elapsed time for kappa 33.0618 sec
Elapsed time for experts 11.8938 sec
Elapsed time for households 11.5260 sec
Iteration 13
Elapsed time for kappa 33.6229 sec
Elapsed time for experts 14.8600 sec
Elapsed time for households 23.5983 sec
Iteration 14
Elapsed time for kappa 36.8185 sec
Elapsed time for experts 13.8008 sec
Elapsed time for households 13.0553 sec
Iteration 15
Elapsed time for kappa 34.9604 sec
Elapsed time for experts 13.2202 sec
Elapsed time for households 11.2574 sec
Iteration 16
Elapsed time for kappa 33.8719 sec
Elapsed time for experts 12.4628 sec
Elapsed time for households 12.7351 sec
Iteration 17
Elapsed time for kappa 33.9966 sec
Elapsed time for experts 13.2773 sec
Elapsed time for households 11.6540 sec
Iteration 18
Elapsed time for kappa 34.3289 sec
Elapsed time for experts 14.7731 sec
Elapsed time for households 13.1007 sec
Iteration 19
Elapsed time for kappa 37.3195 sec
Elapsed time for experts 22.5746 sec
Elapsed time for households 12.3892 sec
Iteration 20
Elapsed time for kappa 34.8547 sec
Elapsed time for experts 12.5046 sec
Elapsed time for households 11.1593 sec
Iteration 21
Elapsed time for kappa 34.4895 sec
Elapsed time for experts 12.3669 sec
Elapsed time for households 12.3778 sec
Iteration 22
Elapsed time for kappa 34.4253 sec
Elapsed time for experts 12.1336 sec
Elapsed time for households 10.9203 sec
Iteration 23
Elapsed time for kappa 35.3433 sec
Elapsed time for experts 12.6556 sec
Elapsed time for households 10.9007 sec
Iteration 24
Elapsed time for kappa 36.7807 sec
Elapsed time for experts 13.8717 sec
Elapsed time for households 13.5384 sec
Iteration 25
Elapsed time for kappa 35.7441 sec
Elapsed time for experts 21.4627 sec
Elapsed time for households 12.2473 sec
Iteration 26
Elapsed time for kappa 34.6237 sec
Elapsed time for experts 12.4596 sec
Elapsed time for households 11.5648 sec
Iteration 27
Elapsed time for kappa 34.1856 sec
Elapsed time for experts 15.0745 sec
Elapsed time for households 12.6903 sec
Iteration 28
Elapsed time for kappa 35.1033 sec
Elapsed time for experts 14.2177 sec
Elapsed time for households 11.6574 sec
Iteration 29
Elapsed time for kappa 33.5860 sec
Elapsed time for experts 12.5231 sec
Elapsed time for households 13.0818 sec
Iteration 30
Elapsed time for kappa 34.6885 sec
Elapsed time for experts 12.6919 sec
Elapsed time for households 11.3497 sec
Iteration 31
Elapsed time for kappa 36.7229 sec
Elapsed time for experts 24.5774 sec
Elapsed time for households 13.7677 sec
Iteration 32
Elapsed time for kappa 36.8297 sec
Elapsed time for experts 13.6385 sec
Elapsed time for households 11.6066 sec
Iteration 33
Elapsed time for kappa 35.1961 sec
Elapsed time for experts 13.3371 sec
Elapsed time for households 11.1215 sec
Iteration 34
Elapsed time for kappa 35.3788 sec
Elapsed time for experts 13.1918 sec
Elapsed time for households 13.5660 sec
Iteration 35
Elapsed time for kappa 35.2084 sec
Elapsed time for experts 12.7744 sec
Elapsed time for households 10.9267 sec
Iteration 36
Elapsed time for kappa 35.4037 sec
Elapsed time for experts 12.3910 sec
Elapsed time for households 11.1248 sec
Iteration 37
Elapsed time for kappa 44.1170 sec
Elapsed time for experts 14.1798 sec
Elapsed time for households 11.8490 sec
Iteration 38
Elapsed time for kappa 35.2515 sec
Elapsed time for experts 13.1753 sec
Elapsed time for households 11.1147 sec
Iteration 39
Elapsed time for kappa 38.2403 sec
Elapsed time for experts 15.0044 sec
Elapsed time for households 13.4014 sec
Iteration 40
Elapsed time for kappa 34.8762 sec
Elapsed time for experts 12.3643 sec
Elapsed time for households 11.2440 sec
Iteration 41
Elapsed time for kappa 33.9772 sec
Elapsed time for experts 15.6998 sec
Elapsed time for households 11.7432 sec
Iteration 42
Elapsed time for kappa 34.7978 sec
Elapsed time for experts 12.2178 sec
Elapsed time for households 11.4048 sec
Iteration 43
Elapsed time for kappa 44.7206 sec
Elapsed time for experts 14.4354 sec
Elapsed time for households 12.3323 sec
Iteration 44
Elapsed time for kappa 41.8753 sec
Elapsed time for experts 13.4916 sec
Elapsed time for households 11.9591 sec
Iteration 45
Elapsed time for kappa 34.8387 sec
Elapsed time for experts 12.6901 sec
Elapsed time for households 11.2400 sec
Iteration 46
Elapsed time for kappa 38.5198 sec
Elapsed time for experts 12.5922 sec
Elapsed time for households 13.2627 sec
Iteration 47
Elapsed time for kappa 34.9007 sec
Elapsed time for experts 12.4671 sec
Elapsed time for households 12.8497 sec
Iteration 48
Elapsed time for kappa 34.7480 sec
Elapsed time for experts 15.8157 sec
Elapsed time for households 11.2848 sec
Iteration 49
Elapsed time for kappa 45.0283 sec
Elapsed time for experts 13.8911 sec
Elapsed time for households 14.4027 sec
Iteration 50
Elapsed time for kappa 38.6061 sec
Elapsed time for experts 13.8407 sec
Elapsed time for households 14.2436 sec
Iteration 51
Elapsed time for kappa 35.8782 sec
Elapsed time for experts 12.8226 sec
Elapsed time for households 11.3411 sec
Iteration 52
Elapsed time for kappa 34.7007 sec
Elapsed time for experts 12.7710 sec
Elapsed time for households 11.4170 sec
Iteration 53
Elapsed time for kappa 33.9064 sec
Elapsed time for experts 12.1473 sec
Elapsed time for households 11.1108 sec
Iteration 54
Elapsed time for kappa 38.7374 sec
Elapsed time for experts 15.2225 sec
Elapsed time for households 13.5497 sec
Iteration 55
Elapsed time for kappa 45.5178 sec
Elapsed time for experts 16.5870 sec
Elapsed time for households 12.8127 sec
Iteration 56
Elapsed time for kappa 36.1671 sec
Elapsed time for experts 13.6470 sec
Elapsed time for households 11.5752 sec
Iteration 57
Elapsed time for kappa 35.1641 sec
Elapsed time for experts 15.5434 sec
Elapsed time for households 11.7839 sec
Iteration 58
Elapsed time for kappa 34.8179 sec
Elapsed time for experts 14.1595 sec
Elapsed time for households 11.2873 sec
Iteration 59
Elapsed time for kappa 34.5635 sec
Elapsed time for experts 12.3999 sec
Elapsed time for households 10.9834 sec
Iteration 60
Elapsed time for kappa 36.5471 sec
Elapsed time for experts 14.7411 sec
Elapsed time for households 12.9480 sec
Iteration 61
Elapsed time for kappa 45.8955 sec
Elapsed time for experts 14.2098 sec
Elapsed time for households 12.6543 sec
Iteration 62
Elapsed time for kappa 35.3635 sec
Elapsed time for experts 15.8933 sec
Elapsed time for households 12.5512 sec
Iteration 63
Elapsed time for kappa 35.1780 sec
Elapsed time for experts 13.3375 sec
Elapsed time for households 13.4929 sec
Iteration 64
Elapsed time for kappa 35.6917 sec
Elapsed time for experts 14.7135 sec
Elapsed time for households 11.4308 sec
Iteration 65
Elapsed time for kappa 34.0726 sec
Elapsed time for experts 15.0334 sec
Elapsed time for households 12.9451 sec
Iteration 66
Elapsed time for kappa 34.9898 sec
Elapsed time for experts 14.9882 sec
Elapsed time for households 12.6945 sec
Iteration 67
Elapsed time for kappa 45.3463 sec
Elapsed time for experts 17.4070 sec
Elapsed time for households 12.9196 sec
Iteration 68
Elapsed time for kappa 35.7897 sec
Elapsed time for experts 16.4377 sec
Elapsed time for households 13.4298 sec
Iteration 69
Elapsed time for kappa 36.1724 sec
Elapsed time for experts 15.8939 sec
Elapsed time for households 12.1846 sec
Iteration 70
Elapsed time for kappa 34.8763 sec
Elapsed time for experts 14.5552 sec
Elapsed time for households 11.6332 sec
Iteration 71
Elapsed time for kappa 34.1548 sec
Elapsed time for experts 12.5937 sec
Elapsed time for households 11.2406 sec
Iteration 72
Elapsed time for kappa 34.7007 sec
Elapsed time for experts 12.4353 sec
Elapsed time for households 19.4967 sec
Iteration 73
Elapsed time for kappa 38.1633 sec
Elapsed time for experts 15.4088 sec
Elapsed time for households 12.0339 sec
Iteration 74
Elapsed time for kappa 35.6798 sec
Elapsed time for experts 14.2181 sec
Elapsed time for households 11.7821 sec
Iteration 75
Elapsed time for kappa 35.2017 sec
Elapsed time for experts 15.5138 sec
Elapsed time for households 12.0086 sec
Iteration 76
Elapsed time for kappa 34.3575 sec
Elapsed time for experts 16.7210 sec
Elapsed time for households 11.9645 sec
Iteration 77
Elapsed time for kappa 34.4276 sec
Elapsed time for experts 12.7120 sec
Elapsed time for households 11.3740 sec
Iteration 78
Elapsed time for kappa 34.1482 sec
Elapsed time for experts 12.5430 sec
Elapsed time for households 20.4151 sec
Iteration 79
Elapsed time for kappa 36.0834 sec
Elapsed time for experts 13.3646 sec
Elapsed time for households 15.0216 sec
Iteration 80
Elapsed time for kappa 36.4321 sec
Elapsed time for experts 13.2318 sec
Elapsed time for households 11.6676 sec
Iteration 81
Elapsed time for kappa 35.8131 sec
Elapsed time for experts 13.1521 sec
Elapsed time for households 11.3266 sec
Iteration 82
Elapsed time for kappa 34.7301 sec
Elapsed time for experts 12.5540 sec
Elapsed time for households 11.2236 sec
Iteration 83
Elapsed time for kappa 34.4205 sec
Elapsed time for experts 12.5649 sec
Elapsed time for households 11.1553 sec
Iteration 84
Elapsed time for kappa 34.5490 sec
Elapsed time for experts 12.0921 sec
Elapsed time for households 10.9895 sec
Iteration 85
Elapsed time for kappa 50.8647 sec
Elapsed time for experts 17.1689 sec
Elapsed time for households 14.2145 sec
Iteration 86
Elapsed time for kappa 36.6453 sec
Elapsed time for experts 16.4281 sec
Elapsed time for households 12.0198 sec
Iteration 87
Elapsed time for kappa 36.0980 sec
Elapsed time for experts 13.5016 sec
Elapsed time for households 12.1108 sec
Iteration 88
Elapsed time for kappa 37.2874 sec
Elapsed time for experts 15.9231 sec
Elapsed time for households 13.7092 sec
Iteration 89
Elapsed time for kappa 35.6552 sec
Elapsed time for experts 12.5936 sec
Elapsed time for households 11.3579 sec
Iteration 90
Elapsed time for kappa 34.0257 sec
Elapsed time for experts 12.5701 sec
Elapsed time for households 22.8580 sec
Iteration 91
Elapsed time for kappa 39.7256 sec
Elapsed time for experts 13.9465 sec
Elapsed time for households 12.7720 sec
Iteration 92
Elapsed time for kappa 38.7370 sec
Elapsed time for experts 15.7727 sec
Elapsed time for households 12.5414 sec
Iteration 93
Elapsed time for kappa 37.1764 sec
Elapsed time for experts 13.2108 sec
Elapsed time for households 13.2618 sec
Iteration 94
Elapsed time for kappa 36.2824 sec
Elapsed time for experts 12.9855 sec
Elapsed time for households 11.8321 sec
Iteration 95
Elapsed time for kappa 34.9825 sec
Elapsed time for experts 12.6000 sec
Elapsed time for households 11.6696 sec
Iteration 96
Elapsed time for kappa 33.9594 sec
Elapsed time for experts 24.4884 sec
Elapsed time for households 13.7687 sec
Iteration 97
Elapsed time for kappa 40.8660 sec
Elapsed time for experts 14.2649 sec
Elapsed time for households 12.6416 sec
Iteration 98
Elapsed time for kappa 36.4455 sec
Elapsed time for experts 15.8357 sec
Elapsed time for households 13.5622 sec
Iteration 99
Elapsed time for kappa 36.0323 sec
Elapsed time for experts 12.7958 sec
Elapsed time for households 11.7771 sec
Iteration 100
Elapsed time for kappa 35.1677 sec
Elapsed time for experts 17.1431 sec
Elapsed time for households 14.1360 sec
Iteration 101
Elapsed time for kappa 36.0172 sec
Elapsed time for experts 16.4447 sec
Elapsed time for households 11.7643 sec
Iteration 102
Elapsed time for kappa 34.5830 sec
Elapsed time for experts 24.8979 sec
Elapsed time for households 15.9073 sec
Iteration 103
Elapsed time for kappa 39.8605 sec
Elapsed time for experts 16.8691 sec
Elapsed time for households 14.6931 sec
Iteration 104
Elapsed time for kappa 36.9720 sec
Elapsed time for experts 13.8669 sec
Elapsed time for households 12.1098 sec
Iteration 105
Elapsed time for kappa 37.5260 sec
Elapsed time for experts 13.4422 sec
Elapsed time for households 13.7576 sec
Iteration 106
Elapsed time for kappa 36.3108 sec
Elapsed time for experts 12.7637 sec
Elapsed time for households 11.3333 sec
Iteration 107
Elapsed time for kappa 34.6409 sec
Elapsed time for experts 12.5895 sec
Elapsed time for households 11.6790 sec
Iteration 108
Elapsed time for kappa 34.2043 sec
Elapsed time for experts 22.9896 sec
Elapsed time for households 13.2533 sec
Iteration 109
Elapsed time for kappa 36.8505 sec
Elapsed time for experts 13.6906 sec
Elapsed time for households 12.1958 sec
Iteration 110
Elapsed time for kappa 35.3180 sec
Elapsed time for experts 13.1300 sec
Elapsed time for households 11.7844 sec
Iteration 111
Elapsed time for kappa 35.1577 sec
Elapsed time for experts 12.9037 sec
Elapsed time for households 11.3918 sec
Iteration 112
Elapsed time for kappa 34.3163 sec
Elapsed time for experts 12.7769 sec
Elapsed time for households 11.8331 sec
Iteration 113
Elapsed time for kappa 34.3035 sec
Elapsed time for experts 12.8932 sec
Elapsed time for households 11.1902 sec
Iteration 114
Elapsed time for kappa 33.5930 sec
Elapsed time for experts 21.6004 sec
Elapsed time for households 12.2062 sec
Iteration 115
Elapsed time for kappa 37.8820 sec
Elapsed time for experts 13.5218 sec
Elapsed time for households 12.5106 sec
Iteration 116
Elapsed time for kappa 38.9640 sec
Elapsed time for experts 15.8468 sec
Elapsed time for households 13.5014 sec
Iteration 117
Elapsed time for kappa 35.5638 sec
Elapsed time for experts 12.8126 sec
Elapsed time for households 11.3883 sec
Iteration 118
Elapsed time for kappa 34.2036 sec
Elapsed time for experts 13.0337 sec
Elapsed time for households 13.9506 sec
Iteration 119
Elapsed time for kappa 35.0065 sec
Elapsed time for experts 13.0136 sec
Elapsed time for households 12.3798 sec
Iteration 120
Elapsed time for kappa 44.7262 sec
Elapsed time for experts 13.7006 sec
Elapsed time for households 12.0085 sec
Iteration 121
Elapsed time for kappa 35.8522 sec
Elapsed time for experts 13.2110 sec
Elapsed time for households 12.0344 sec
Iteration 122
Elapsed time for kappa 35.0435 sec
Elapsed time for experts 13.5126 sec
Elapsed time for households 11.7019 sec
Iteration 123
Elapsed time for kappa 34.3786 sec
Elapsed time for experts 12.8344 sec
Elapsed time for households 11.4661 sec
Iteration 124
Elapsed time for kappa 34.0723 sec
Elapsed time for experts 12.7290 sec
Elapsed time for households 14.1565 sec
Iteration 125
Elapsed time for kappa 34.9506 sec
Elapsed time for experts 14.5908 sec
Elapsed time for households 11.6333 sec
Iteration 126
Elapsed time for kappa 43.7617 sec
Elapsed time for experts 14.9824 sec
Elapsed time for households 11.9658 sec
Iteration 127
Elapsed time for kappa 35.5114 sec
Elapsed time for experts 12.9636 sec
Elapsed time for households 11.6954 sec
Iteration 128
Elapsed time for kappa 38.9572 sec
Elapsed time for experts 15.7329 sec
Elapsed time for households 13.4815 sec
Iteration 129
Elapsed time for kappa 34.5185 sec
Elapsed time for experts 12.4664 sec
Elapsed time for households 11.1961 sec
Iteration 130
Elapsed time for kappa 33.1812 sec
Elapsed time for experts 12.1650 sec
Elapsed time for households 10.9688 sec
Iteration 131
Elapsed time for kappa 32.9405 sec
Elapsed time for experts 12.1716 sec
Elapsed time for households 10.8563 sec
Iteration 132
Elapsed time for kappa 47.3130 sec
Elapsed time for experts 13.6496 sec
Elapsed time for households 12.0599 sec
Iteration 133
Elapsed time for kappa 34.7236 sec
Elapsed time for experts 16.3498 sec
Elapsed time for households 13.0742 sec
Iteration 134
Elapsed time for kappa 36.4698 sec
Elapsed time for experts 12.9736 sec
Elapsed time for households 13.8689 sec
Iteration 135
Elapsed time for kappa 34.5958 sec
Elapsed time for experts 14.0615 sec
Elapsed time for households 11.3919 sec
Iteration 136
Elapsed time for kappa 33.3906 sec
Elapsed time for experts 12.5949 sec
Elapsed time for households 11.8006 sec
Iteration 137
Elapsed time for kappa 32.9504 sec
Elapsed time for experts 12.0901 sec
Elapsed time for households 11.3694 sec
Iteration 138
Elapsed time for kappa 44.9162 sec
Elapsed time for experts 14.1111 sec
Elapsed time for households 11.7454 sec
Iteration 139
Elapsed time for kappa 38.0282 sec
Elapsed time for experts 15.8841 sec
Elapsed time for households 13.4204 sec
Iteration 140
Elapsed time for kappa 37.4029 sec
Elapsed time for experts 14.9833 sec
Elapsed time for households 13.6001 sec
Iteration 141
Elapsed time for kappa 33.3350 sec
Elapsed time for experts 12.0464 sec
Elapsed time for households 11.0018 sec
Iteration 142
Elapsed time for kappa 32.7776 sec
Elapsed time for experts 15.4532 sec
Elapsed time for households 12.2369 sec
Iteration 143
Elapsed time for kappa 35.3361 sec
Elapsed time for experts 12.1137 sec
Elapsed time for households 10.7882 sec
Iteration 144
Elapsed time for kappa 45.9189 sec
Elapsed time for experts 13.0579 sec
Elapsed time for households 11.3693 sec
Iteration 145
Elapsed time for kappa 33.6000 sec
Elapsed time for experts 13.1074 sec
Elapsed time for households 14.1898 sec
Iteration 146
Elapsed time for kappa 35.4730 sec
Elapsed time for experts 12.4910 sec
Elapsed time for households 10.9898 sec
Iteration 147
Elapsed time for kappa 37.1049 sec
Elapsed time for experts 14.7941 sec
Elapsed time for households 13.3959 sec
Iteration 148
Elapsed time for kappa 35.8214 sec
Elapsed time for experts 12.7505 sec
Elapsed time for households 13.5158 sec
Iteration 149
Elapsed time for kappa 34.3220 sec
Elapsed time for experts 12.1411 sec
Elapsed time for households 10.9530 sec
Iteration 150
Elapsed time for kappa 40.8466 sec
Elapsed time for experts 13.1971 sec
Elapsed time for households 14.6435 sec
Iteration 151
Elapsed time for kappa 34.7680 sec
Elapsed time for experts 12.8513 sec
Elapsed time for households 14.2130 sec
Iteration 152
Elapsed time for kappa 36.7340 sec
Elapsed time for experts 12.4141 sec
Elapsed time for households 11.0993 sec
Iteration 153
Elapsed time for kappa 32.1948 sec
Elapsed time for experts 12.1084 sec
Elapsed time for households 10.8625 sec
Iteration 154
Elapsed time for kappa 35.0703 sec
Elapsed time for experts 11.8574 sec
Elapsed time for households 11.0097 sec
Iteration 155
Elapsed time for kappa 32.1847 sec
Elapsed time for experts 11.7188 sec
Elapsed time for households 13.5732 sec
Iteration 156
Elapsed time for kappa 41.8768 sec
Elapsed time for experts 12.6894 sec
Elapsed time for households 11.5163 sec
Iteration 157
Elapsed time for kappa 32.8511 sec
Elapsed time for experts 12.6694 sec
Elapsed time for households 11.3179 sec
Iteration 158
Elapsed time for kappa 35.3714 sec
Elapsed time for experts 15.4305 sec
Elapsed time for households 13.3071 sec
Iteration 159
Elapsed time for kappa 36.3682 sec
Elapsed time for experts 12.8572 sec
Elapsed time for households 11.2374 sec
Iteration 160
Elapsed time for kappa 31.7719 sec
Elapsed time for experts 11.8844 sec
Elapsed time for households 10.5828 sec
Iteration 161
Elapsed time for kappa 31.7258 sec
Elapsed time for experts 23.5786 sec
Elapsed time for households 11.8203 sec
Iteration 162
Elapsed time for kappa 33.0540 sec
Elapsed time for experts 16.3176 sec
Elapsed time for households 14.2586 sec
Iteration 163
Elapsed time for kappa 37.2665 sec
Elapsed time for experts 12.9367 sec
Elapsed time for households 11.5751 sec
Iteration 164
Elapsed time for kappa 31.7747 sec
Elapsed time for experts 12.0755 sec
Elapsed time for households 10.7750 sec
Iteration 165
Elapsed time for kappa 31.4106 sec
Elapsed time for experts 15.0315 sec
Elapsed time for households 11.5165 sec
Iteration 166
Elapsed time for kappa 31.5849 sec
Elapsed time for experts 11.4197 sec
Elapsed time for households 10.4694 sec
Iteration 167
Elapsed time for kappa 30.7188 sec
Elapsed time for experts 11.4352 sec
Elapsed time for households 18.0990 sec
Iteration 168
Elapsed time for kappa 32.4738 sec
Elapsed time for experts 12.3919 sec
Elapsed time for households 11.2690 sec
Iteration 169
Elapsed time for kappa 31.4313 sec
Elapsed time for experts 12.4105 sec
Elapsed time for households 14.0999 sec
Iteration 170
Elapsed time for kappa 32.3407 sec
Elapsed time for experts 12.2495 sec
Elapsed time for households 10.9442 sec
Iteration 171
Elapsed time for kappa 34.3414 sec
Elapsed time for experts 15.4119 sec
Elapsed time for households 13.6176 sec
Iteration 172
Elapsed time for kappa 31.3052 sec
Elapsed time for experts 11.7212 sec
Elapsed time for households 10.7440 sec
Iteration 173
Elapsed time for kappa 30.5831 sec
Elapsed time for experts 14.9516 sec
Elapsed time for households 19.3093 sec
Iteration 174
Elapsed time for kappa 32.1827 sec
Elapsed time for experts 16.0003 sec
Elapsed time for households 11.2755 sec
Iteration 175
Elapsed time for kappa 31.9283 sec
Elapsed time for experts 15.8666 sec
Elapsed time for households 13.4346 sec
Iteration 176
Elapsed time for kappa 31.8201 sec
Elapsed time for experts 11.8969 sec
Elapsed time for households 10.9004 sec
Iteration 177
Elapsed time for kappa 30.7619 sec
Elapsed time for experts 11.4901 sec
Elapsed time for households 10.2288 sec
Iteration 178
Elapsed time for kappa 30.2879 sec
Elapsed time for experts 11.4083 sec
Elapsed time for households 13.3561 sec
Iteration 179
Elapsed time for kappa 32.1534 sec
Elapsed time for experts 11.4013 sec
Elapsed time for households 10.5536 sec
Iteration 180
Elapsed time for kappa 38.7767 sec
Elapsed time for experts 12.3278 sec
Elapsed time for households 10.9543 sec
Iteration 181
Elapsed time for kappa 35.5665 sec
Elapsed time for experts 15.9036 sec
Elapsed time for households 11.8091 sec
Iteration 182
Elapsed time for kappa 35.1531 sec
Elapsed time for experts 16.0420 sec
Elapsed time for households 13.1690 sec
Iteration 183
Elapsed time for kappa 34.5206 sec
Elapsed time for experts 14.9769 sec
Elapsed time for households 12.1843 sec
Iteration 184
Elapsed time for kappa 33.2400 sec
Elapsed time for experts 14.9225 sec
Elapsed time for households 13.3703 sec
Iteration 185
Elapsed time for kappa 30.7937 sec
Elapsed time for experts 11.6926 sec
Elapsed time for households 10.2079 sec
Iteration 186
Elapsed time for kappa 42.4994 sec
Elapsed time for experts 15.4811 sec
Elapsed time for households 13.3591 sec
Iteration 187
Elapsed time for kappa 31.7000 sec
Elapsed time for experts 15.7619 sec
Elapsed time for households 15.0969 sec
Iteration 188
Elapsed time for kappa 31.5863 sec
Elapsed time for experts 11.7856 sec
Elapsed time for households 10.9002 sec
Iteration 189
Elapsed time for kappa 31.5172 sec
Elapsed time for experts 11.6474 sec
Elapsed time for households 10.5199 sec
Iteration 190
Elapsed time for kappa 30.3142 sec
Elapsed time for experts 11.5003 sec
Elapsed time for households 10.6965 sec
Iteration 191
Elapsed time for kappa 30.1524 sec
Elapsed time for experts 17.8745 sec
Elapsed time for households 11.6388 sec
Iteration 192
Elapsed time for kappa 32.2917 sec
Elapsed time for experts 11.9306 sec
Elapsed time for households 10.9816 sec
Iteration 193
Elapsed time for kappa 35.2452 sec
Elapsed time for experts 12.1239 sec
Elapsed time for households 10.6477 sec
Iteration 194
Elapsed time for kappa 35.4203 sec
Elapsed time for experts 15.2735 sec
Elapsed time for households 12.4477 sec
Iteration 195
Elapsed time for kappa 31.2844 sec
Elapsed time for experts 11.7552 sec
Elapsed time for households 13.3680 sec
Iteration 196
Elapsed time for kappa 32.7166 sec
Elapsed time for experts 11.8195 sec
Elapsed time for households 10.4695 sec
Iteration 197
Elapsed time for kappa 30.1990 sec
Elapsed time for experts 11.6100 sec
Elapsed time for households 17.4934 sec
Iteration 198
Elapsed time for kappa 36.7453 sec
Elapsed time for experts 12.4045 sec
Elapsed time for households 14.1754 sec
Iteration 199
Elapsed time for kappa 34.8172 sec
Elapsed time for experts 15.7754 sec
Elapsed time for households 11.3911 sec
Iteration 200
Elapsed time for kappa 31.3439 sec
Elapsed time for experts 12.0447 sec
Elapsed time for households 10.9209 sec
Iteration 201
Elapsed time for kappa 30.6253 sec
Elapsed time for experts 11.7775 sec
Elapsed time for households 10.4950 sec
Iteration 202
Elapsed time for kappa 30.4684 sec
Elapsed time for experts 11.6031 sec
Elapsed time for households 10.2961 sec
Iteration 203
Elapsed time for kappa 29.7285 sec
Elapsed time for experts 11.5020 sec
Elapsed time for households 17.1539 sec
Iteration 204
Elapsed time for kappa 31.9709 sec
Elapsed time for experts 12.1978 sec
Elapsed time for households 10.8506 sec
Iteration 205
Elapsed time for kappa 31.8116 sec
Elapsed time for experts 12.0686 sec
Elapsed time for households 10.7644 sec
Iteration 206
Elapsed time for kappa 35.7459 sec
Elapsed time for experts 12.2121 sec
Elapsed time for households 13.4576 sec
Iteration 207
Elapsed time for kappa 34.2951 sec
Elapsed time for experts 15.4778 sec
Elapsed time for households 11.5390 sec
Iteration 208
Elapsed time for kappa 32.6007 sec
Elapsed time for experts 15.0642 sec
Elapsed time for households 11.0821 sec
Iteration 209
Elapsed time for kappa 30.6864 sec
Elapsed time for experts 11.4565 sec
Elapsed time for households 10.4329 sec
Iteration 210
Elapsed time for kappa 38.9346 sec
Elapsed time for experts 16.1275 sec
Elapsed time for households 11.9092 sec
Iteration 211
Elapsed time for kappa 35.3027 sec
Elapsed time for experts 15.8254 sec
Elapsed time for households 11.6974 sec
Iteration 212
Elapsed time for kappa 31.4556 sec
Elapsed time for experts 12.3114 sec
Elapsed time for households 10.8159 sec
Iteration 213
Elapsed time for kappa 30.7354 sec
Elapsed time for experts 12.0327 sec
Elapsed time for households 10.7964 sec
Iteration 214
Elapsed time for kappa 30.4856 sec
Elapsed time for experts 11.8099 sec
Elapsed time for households 10.6341 sec
Iteration 215
Elapsed time for kappa 30.1404 sec
Elapsed time for experts 11.7026 sec
Elapsed time for households 16.7371 sec
Iteration 216
Elapsed time for kappa 32.1318 sec
Elapsed time for experts 12.3652 sec
Elapsed time for households 10.9351 sec
Iteration 217
Elapsed time for kappa 31.4047 sec
Elapsed time for experts 12.0056 sec
Elapsed time for households 10.9557 sec
Iteration 218
Elapsed time for kappa 31.2292 sec
Elapsed time for experts 12.1972 sec
Elapsed time for households 10.8801 sec
Iteration 219
Elapsed time for kappa 30.4402 sec
Elapsed time for experts 14.8129 sec
Elapsed time for households 12.6259 sec
Iteration 220
Elapsed time for kappa 30.4495 sec
Elapsed time for experts 15.4367 sec
Elapsed time for households 11.0038 sec
Iteration 221
Elapsed time for kappa 30.0235 sec
Elapsed time for experts 14.7238 sec
Elapsed time for households 12.0632 sec
Iteration 222
Elapsed time for kappa 41.5519 sec
Elapsed time for experts 12.6899 sec
Elapsed time for households 11.0661 sec
Iteration 223
Elapsed time for kappa 31.6796 sec
Elapsed time for experts 15.5642 sec
Elapsed time for households 11.0450 sec
Iteration 224
Elapsed time for kappa 35.6919 sec
Elapsed time for experts 15.3974 sec
Elapsed time for households 12.8711 sec
Iteration 225
Elapsed time for kappa 30.9049 sec
Elapsed time for experts 14.9335 sec
Elapsed time for households 13.8893 sec
Iteration 226
Elapsed time for kappa 30.7181 sec
Elapsed time for experts 11.5695 sec
Elapsed time for households 10.5033 sec
Iteration 227
Elapsed time for kappa 30.2786 sec
Elapsed time for experts 11.3295 sec
Elapsed time for households 10.4299 sec
Iteration 228
Elapsed time for kappa 38.2710 sec
Elapsed time for experts 12.2160 sec
Elapsed time for households 15.1370 sec
Iteration 229
Elapsed time for kappa 35.6061 sec
Elapsed time for experts 11.8741 sec
Elapsed time for households 10.9806 sec
Iteration 230
Elapsed time for kappa 31.1581 sec
Elapsed time for experts 11.9168 sec
Elapsed time for households 11.0644 sec
Iteration 231
Elapsed time for kappa 40.5765 sec
Elapsed time for experts 13.4237 sec
Elapsed time for households 12.7066 sec
Iteration 232
Elapsed time for kappa 30.4406 sec
Elapsed time for experts 11.4964 sec
Elapsed time for households 13.2680 sec
Iteration 233
Elapsed time for kappa 33.9425 sec
Elapsed time for experts 23.5912 sec
Elapsed time for households 14.9577 sec
Iteration 234
Elapsed time for kappa 34.4027 sec
Elapsed time for experts 12.1872 sec
Elapsed time for households 10.9105 sec
Iteration 235
Elapsed time for kappa 32.1067 sec
Elapsed time for experts 12.2311 sec
Elapsed time for households 14.4303 sec
Iteration 236
Elapsed time for kappa 32.4889 sec
Elapsed time for experts 12.2745 sec
Elapsed time for households 10.9380 sec
Iteration 237
Elapsed time for kappa 30.7401 sec
Elapsed time for experts 11.9272 sec
Elapsed time for households 13.7471 sec
Iteration 238
Elapsed time for kappa 33.1806 sec
Elapsed time for experts 11.5016 sec
Elapsed time for households 13.5231 sec
Iteration 239
Elapsed time for kappa 33.4814 sec
Elapsed time for experts 11.3988 sec
Elapsed time for households 18.4093 sec
Iteration 240
Elapsed time for kappa 32.1941 sec
Elapsed time for experts 12.4337 sec
Elapsed time for households 14.4006 sec
Iteration 241
Elapsed time for kappa 33.8082 sec
Elapsed time for experts 12.1532 sec
Elapsed time for households 10.8615 sec
Iteration 242
Elapsed time for kappa 31.1484 sec
Elapsed time for experts 12.2963 sec
Elapsed time for households 14.6653 sec
Iteration 243
Elapsed time for kappa 31.2326 sec
Elapsed time for experts 16.0447 sec
Elapsed time for households 10.6724 sec
Iteration 244
Elapsed time for kappa 30.3305 sec
Elapsed time for experts 11.8150 sec
Elapsed time for households 10.7162 sec
Iteration 245
Elapsed time for kappa 38.7671 sec
Elapsed time for experts 12.7723 sec
Elapsed time for households 20.2684 sec
Iteration 246
Elapsed time for kappa 32.8443 sec
Elapsed time for experts 12.2719 sec
Elapsed time for households 10.8575 sec
Iteration 247
Elapsed time for kappa 35.4560 sec
Elapsed time for experts 15.4144 sec
Elapsed time for households 11.2359 sec
Iteration 248
Elapsed time for kappa 31.7336 sec
Elapsed time for experts 11.9618 sec
Elapsed time for households 10.8320 sec
Iteration 249
Elapsed time for kappa 31.2731 sec
Elapsed time for experts 11.7617 sec
Elapsed time for households 10.7295 sec
Iteration 250
Elapsed time for kappa 33.9317 sec
Elapsed time for experts 15.1216 sec
Elapsed time for households 10.9627 sec
Iteration 251
Elapsed time for kappa 31.1212 sec
Elapsed time for experts 11.3970 sec
Elapsed time for households 10.2226 sec
Iteration 252
Elapsed time for kappa 39.5254 sec
Elapsed time for experts 12.3659 sec
Elapsed time for households 14.5273 sec
Iteration 253
Elapsed time for kappa 32.8249 sec
Elapsed time for experts 12.1935 sec
Elapsed time for households 10.6731 sec
Iteration 254
Elapsed time for kappa 31.7411 sec
Elapsed time for experts 16.0006 sec
Elapsed time for households 12.4465 sec
Iteration 255
Elapsed time for kappa 31.2611 sec
Elapsed time for experts 12.0735 sec
Elapsed time for households 10.7654 sec
Iteration 256
Elapsed time for kappa 30.2741 sec
Elapsed time for experts 15.3871 sec
Elapsed time for households 11.0600 sec
Iteration 257
Elapsed time for kappa 33.5537 sec
Elapsed time for experts 15.0923 sec
Elapsed time for households 11.3942 sec
Iteration 258
Elapsed time for kappa 42.6214 sec
Elapsed time for experts 12.4867 sec
Elapsed time for households 10.8688 sec
Iteration 259
Elapsed time for kappa 31.3427 sec
Elapsed time for experts 12.1085 sec
Elapsed time for households 10.6271 sec
Iteration 260
Elapsed time for kappa 31.4945 sec
Elapsed time for experts 12.2888 sec
Elapsed time for households 10.7174 sec
Iteration 261
Elapsed time for kappa 35.4630 sec
Elapsed time for experts 15.5678 sec
Elapsed time for households 10.9705 sec
Iteration 262
Elapsed time for kappa 30.7044 sec
Elapsed time for experts 11.8661 sec
Elapsed time for households 10.4928 sec
Iteration 263
Elapsed time for kappa 30.2101 sec
Elapsed time for experts 11.6048 sec
Elapsed time for households 16.6383 sec
Iteration 264
Elapsed time for kappa 37.7973 sec
Elapsed time for experts 12.1192 sec
Elapsed time for households 14.4730 sec
Iteration 265
Elapsed time for kappa 34.7388 sec
Elapsed time for experts 15.6093 sec
Elapsed time for households 11.5344 sec
Iteration 266
Elapsed time for kappa 31.4611 sec
Elapsed time for experts 15.8205 sec
Elapsed time for households 14.4727 sec
Iteration 267
Elapsed time for kappa 30.8002 sec
Elapsed time for experts 11.8664 sec
Elapsed time for households 13.6397 sec
Iteration 268
Elapsed time for kappa 31.9769 sec
Elapsed time for experts 11.8790 sec
Elapsed time for households 10.4785 sec
Iteration 269
Elapsed time for kappa 29.9466 sec
Elapsed time for experts 11.3256 sec
Elapsed time for households 10.5630 sec
Iteration 270
Elapsed time for kappa 38.6521 sec
Elapsed time for experts 12.5552 sec
Elapsed time for households 11.1263 sec
Iteration 271
Elapsed time for kappa 31.6080 sec
Elapsed time for experts 12.3342 sec
Elapsed time for households 10.9789 sec
Iteration 272
Elapsed time for kappa 31.2620 sec
Elapsed time for experts 15.7879 sec
Elapsed time for households 13.0444 sec
Iteration 273
Elapsed time for kappa 30.8371 sec
Elapsed time for experts 12.3925 sec
Elapsed time for households 13.3095 sec
Iteration 274
Elapsed time for kappa 30.7122 sec
Elapsed time for experts 10.8749 sec
Elapsed time for households 9.7408 sec
Iteration 275
Elapsed time for kappa 28.2071 sec
Elapsed time for experts 10.6382 sec
Elapsed time for households 15.6667 sec
Iteration 276
Elapsed time for kappa 30.1682 sec
Elapsed time for experts 11.3789 sec
Elapsed time for households 10.0597 sec
Iteration 277
Elapsed time for kappa 29.3707 sec
Elapsed time for experts 11.1370 sec
Elapsed time for households 9.9543 sec
Iteration 278
Elapsed time for kappa 29.6087 sec
Elapsed time for experts 11.0723 sec
Elapsed time for households 9.9501 sec
Iteration 279
Elapsed time for kappa 28.7586 sec
Elapsed time for experts 10.9671 sec
Elapsed time for households 9.7645 sec
Iteration 280
Elapsed time for kappa 28.5429 sec
Elapsed time for experts 10.7907 sec
Elapsed time for households 9.5958 sec
Iteration 281
Elapsed time for kappa 28.1789 sec
Elapsed time for experts 10.5157 sec
Elapsed time for households 9.3966 sec
Iteration 282
Elapsed time for kappa 36.8991 sec
Elapsed time for experts 11.4635 sec
Elapsed time for households 10.3961 sec
Iteration 283
Elapsed time for kappa 29.6801 sec
Elapsed time for experts 11.2061 sec
Elapsed time for households 10.0408 sec
Iteration 284
Elapsed time for kappa 29.5239 sec
Elapsed time for experts 10.9979 sec
Elapsed time for households 10.0591 sec
Iteration 285
Elapsed time for kappa 29.1548 sec
Elapsed time for experts 11.0177 sec
Elapsed time for households 9.8273 sec
Iteration 286
Elapsed time for kappa 29.0581 sec
Elapsed time for experts 10.8007 sec
Elapsed time for households 9.7097 sec
Iteration 287
Elapsed time for kappa 28.2351 sec
Elapsed time for experts 10.7956 sec
Elapsed time for households 15.8035 sec
Iteration 288
Elapsed time for kappa 30.4423 sec
Elapsed time for experts 11.4656 sec
Elapsed time for households 10.1472 sec
Iteration 289
Elapsed time for kappa 29.4713 sec
Elapsed time for experts 11.1693 sec
Elapsed time for households 9.9670 sec
Iteration 290
Elapsed time for kappa 33.3587 sec
Elapsed time for experts 11.1679 sec
Elapsed time for households 10.1020 sec
Iteration 291
Elapsed time for kappa 33.2474 sec
Elapsed time for experts 11.0349 sec
Elapsed time for households 9.9741 sec
Iteration 292
Elapsed time for kappa 28.3839 sec
Elapsed time for experts 10.7582 sec
Elapsed time for households 9.6674 sec
Iteration 293
Elapsed time for kappa 28.2064 sec
Elapsed time for experts 10.7143 sec
Elapsed time for households 11.7962 sec
Iteration 294
Elapsed time for kappa 38.7442 sec
Elapsed time for experts 14.8401 sec
Elapsed time for households 11.5483 sec
Iteration 295
Elapsed time for kappa 31.3701 sec
Elapsed time for experts 11.3148 sec
Elapsed time for households 13.1488 sec
Iteration 296
Elapsed time for kappa 32.8315 sec
Elapsed time for experts 14.4460 sec
Elapsed time for households 12.2529 sec
Iteration 297
Elapsed time for kappa 30.7320 sec
Elapsed time for experts 11.0623 sec
Elapsed time for households 9.9608 sec
Iteration 298
Elapsed time for kappa 32.9800 sec
Elapsed time for experts 14.3427 sec
Elapsed time for households 10.0080 sec
Iteration 299
Elapsed time for kappa 31.2644 sec
Elapsed time for experts 10.7749 sec
Elapsed time for households 12.0963 sec
Elapsed time for training 18166.6177 sec
90000 90000 90000 90000
