Iteration 0
Elapsed time for kappa 94.8774 sec
Elapsed time for experts 24.1579 sec
Elapsed time for households 21.1168 sec
Iteration 1
Elapsed time for kappa 35.9705 sec
Elapsed time for experts 19.3368 sec
Elapsed time for households 18.4421 sec
Iteration 2
Elapsed time for kappa 41.4316 sec
Elapsed time for experts 18.3813 sec
Elapsed time for households 17.3374 sec
Iteration 3
Elapsed time for kappa 36.3953 sec
Elapsed time for experts 17.6635 sec
Elapsed time for households 15.6045 sec
Iteration 4
Elapsed time for kappa 37.5150 sec
Elapsed time for experts 11.9169 sec
Elapsed time for households 18.9582 sec
Iteration 5
Elapsed time for kappa 33.5199 sec
Elapsed time for experts 14.6454 sec
Elapsed time for households 17.1439 sec
Iteration 6
Elapsed time for kappa 35.8739 sec
Elapsed time for experts 18.2002 sec
Elapsed time for households 17.7882 sec
Iteration 7
Elapsed time for kappa 37.1282 sec
Elapsed time for experts 13.0364 sec
Elapsed time for households 12.2477 sec
Iteration 8
Elapsed time for kappa 46.9530 sec
Elapsed time for experts 13.6507 sec
Elapsed time for households 19.9041 sec
Iteration 9
Elapsed time for kappa 39.3894 sec
Elapsed time for experts 12.8414 sec
Elapsed time for households 16.2260 sec
Iteration 10
Elapsed time for kappa 38.7328 sec
Elapsed time for experts 15.7638 sec
Elapsed time for households 11.4032 sec
Iteration 11
Elapsed time for kappa 33.5218 sec
Elapsed time for experts 13.1056 sec
Elapsed time for households 13.3789 sec
Iteration 12
Elapsed time for kappa 35.2918 sec
Elapsed time for experts 11.8713 sec
Elapsed time for households 11.6407 sec
Iteration 13
Elapsed time for kappa 38.5637 sec
Elapsed time for experts 13.8152 sec
Elapsed time for households 18.3695 sec
Iteration 14
Elapsed time for kappa 38.7537 sec
Elapsed time for experts 15.6618 sec
Elapsed time for households 10.8502 sec
Iteration 15
Elapsed time for kappa 33.7151 sec
Elapsed time for experts 13.3778 sec
Elapsed time for households 13.5972 sec
Iteration 16
Elapsed time for kappa 35.2180 sec
Elapsed time for experts 12.1280 sec
Elapsed time for households 10.6865 sec
Iteration 17
Elapsed time for kappa 36.7652 sec
Elapsed time for experts 15.1651 sec
Elapsed time for households 11.4293 sec
Iteration 18
Elapsed time for kappa 36.6512 sec
Elapsed time for experts 14.4844 sec
Elapsed time for households 13.7579 sec
Iteration 19
Elapsed time for kappa 35.0627 sec
Elapsed time for experts 13.9183 sec
Elapsed time for households 12.7824 sec
Iteration 20
Elapsed time for kappa 46.8405 sec
Elapsed time for experts 12.3596 sec
Elapsed time for households 11.4479 sec
Iteration 21
Elapsed time for kappa 40.4052 sec
Elapsed time for experts 13.2901 sec
Elapsed time for households 11.5313 sec
Iteration 22
Elapsed time for kappa 38.3197 sec
Elapsed time for experts 13.1853 sec
Elapsed time for households 12.6046 sec
Iteration 23
Elapsed time for kappa 35.5416 sec
Elapsed time for experts 17.0352 sec
Elapsed time for households 11.8475 sec
Iteration 24
Elapsed time for kappa 36.5808 sec
Elapsed time for experts 14.0085 sec
Elapsed time for households 15.0451 sec
Iteration 25
Elapsed time for kappa 37.2229 sec
Elapsed time for experts 12.6999 sec
Elapsed time for households 21.4086 sec
Iteration 26
Elapsed time for kappa 39.1133 sec
Elapsed time for experts 17.7295 sec
Elapsed time for households 11.5148 sec
Iteration 27
Elapsed time for kappa 38.4814 sec
Elapsed time for experts 14.3810 sec
Elapsed time for households 12.3811 sec
Iteration 28
Elapsed time for kappa 33.8289 sec
Elapsed time for experts 12.8163 sec
Elapsed time for households 13.0212 sec
Iteration 29
Elapsed time for kappa 36.4415 sec
Elapsed time for experts 13.5046 sec
Elapsed time for households 12.1680 sec
Iteration 30
Elapsed time for kappa 40.4427 sec
Elapsed time for experts 12.0493 sec
Elapsed time for households 10.9121 sec
Iteration 31
Elapsed time for kappa 38.0291 sec
Elapsed time for experts 25.0497 sec
Elapsed time for households 11.7478 sec
Iteration 32
Elapsed time for kappa 36.0755 sec
Elapsed time for experts 14.9689 sec
Elapsed time for households 12.6524 sec
Iteration 33
Elapsed time for kappa 36.2975 sec
Elapsed time for experts 13.6767 sec
Elapsed time for households 11.8343 sec
Iteration 34
Elapsed time for kappa 38.3250 sec
Elapsed time for experts 14.3841 sec
Elapsed time for households 11.5168 sec
Iteration 35
Elapsed time for kappa 38.6437 sec
Elapsed time for experts 12.7467 sec
Elapsed time for households 13.7155 sec
Iteration 36
Elapsed time for kappa 35.1185 sec
Elapsed time for experts 14.1301 sec
Elapsed time for households 13.3696 sec
Iteration 37
Elapsed time for kappa 36.7496 sec
Elapsed time for experts 21.3061 sec
Elapsed time for households 14.6463 sec
Iteration 38
Elapsed time for kappa 38.3544 sec
Elapsed time for experts 13.6819 sec
Elapsed time for households 10.9918 sec
Iteration 39
Elapsed time for kappa 38.8279 sec
Elapsed time for experts 13.2248 sec
Elapsed time for households 11.4929 sec
Iteration 40
Elapsed time for kappa 38.3050 sec
Elapsed time for experts 16.1357 sec
Elapsed time for households 11.6450 sec
Iteration 41
Elapsed time for kappa 35.8966 sec
Elapsed time for experts 18.1087 sec
Elapsed time for households 11.6309 sec
Iteration 42
Elapsed time for kappa 35.9383 sec
Elapsed time for experts 14.9765 sec
Elapsed time for households 11.2926 sec
Iteration 43
Elapsed time for kappa 35.2783 sec
Elapsed time for experts 23.2835 sec
Elapsed time for households 12.3172 sec
Iteration 44
Elapsed time for kappa 39.7525 sec
Elapsed time for experts 16.5606 sec
Elapsed time for households 11.3310 sec
Iteration 45
Elapsed time for kappa 35.0015 sec
Elapsed time for experts 16.8387 sec
Elapsed time for households 13.3042 sec
Iteration 46
Elapsed time for kappa 35.3246 sec
Elapsed time for experts 13.3148 sec
Elapsed time for households 10.7109 sec
Iteration 47
Elapsed time for kappa 39.4718 sec
Elapsed time for experts 13.8682 sec
Elapsed time for households 11.3604 sec
Iteration 48
Elapsed time for kappa 36.4081 sec
Elapsed time for experts 15.0348 sec
Elapsed time for households 11.4014 sec
Iteration 49
Elapsed time for kappa 35.5988 sec
Elapsed time for experts 22.6619 sec
Elapsed time for households 19.4676 sec
Iteration 50
Elapsed time for kappa 34.1001 sec
Elapsed time for experts 14.0647 sec
Elapsed time for households 14.2712 sec
Iteration 51
Elapsed time for kappa 37.7703 sec
Elapsed time for experts 13.8659 sec
Elapsed time for households 12.4798 sec
Iteration 52
Elapsed time for kappa 41.1722 sec
Elapsed time for experts 12.8848 sec
Elapsed time for households 16.2881 sec
Iteration 53
Elapsed time for kappa 39.1943 sec
Elapsed time for experts 15.5214 sec
Elapsed time for households 11.4361 sec
Iteration 54
Elapsed time for kappa 38.2435 sec
Elapsed time for experts 15.2670 sec
Elapsed time for households 17.8987 sec
Iteration 55
Elapsed time for kappa 48.8569 sec
Elapsed time for experts 15.2737 sec
Elapsed time for households 14.7177 sec
Iteration 56
Elapsed time for kappa 35.6536 sec
Elapsed time for experts 14.7781 sec
Elapsed time for households 15.9377 sec
Iteration 57
Elapsed time for kappa 38.9205 sec
Elapsed time for experts 13.2135 sec
Elapsed time for households 12.3371 sec
Iteration 58
Elapsed time for kappa 42.4598 sec
Elapsed time for experts 12.1890 sec
Elapsed time for households 10.7432 sec
Iteration 59
Elapsed time for kappa 35.2177 sec
Elapsed time for experts 14.9293 sec
Elapsed time for households 14.1676 sec
Iteration 60
Elapsed time for kappa 33.1678 sec
Elapsed time for experts 13.0866 sec
Elapsed time for households 13.6069 sec
Iteration 61
Elapsed time for kappa 47.7012 sec
Elapsed time for experts 15.3567 sec
Elapsed time for households 12.6857 sec
Iteration 62
Elapsed time for kappa 40.8219 sec
Elapsed time for experts 12.5834 sec
Elapsed time for households 11.0200 sec
Iteration 63
Elapsed time for kappa 39.8377 sec
Elapsed time for experts 16.4438 sec
Elapsed time for households 11.7027 sec
Iteration 64
Elapsed time for kappa 35.5797 sec
Elapsed time for experts 18.4194 sec
Elapsed time for households 13.3829 sec
Iteration 65
Elapsed time for kappa 36.9709 sec
Elapsed time for experts 14.6084 sec
Elapsed time for households 15.8766 sec
Iteration 66
Elapsed time for kappa 38.4227 sec
Elapsed time for experts 13.3642 sec
Elapsed time for households 11.9867 sec
Iteration 67
Elapsed time for kappa 51.7373 sec
Elapsed time for experts 14.0766 sec
Elapsed time for households 12.7405 sec
Iteration 68
Elapsed time for kappa 40.9541 sec
Elapsed time for experts 14.3092 sec
Elapsed time for households 11.7057 sec
Iteration 69
Elapsed time for kappa 39.2543 sec
Elapsed time for experts 15.4395 sec
Elapsed time for households 11.5960 sec
Iteration 70
Elapsed time for kappa 39.4391 sec
Elapsed time for experts 16.7785 sec
Elapsed time for households 12.3198 sec
Iteration 71
Elapsed time for kappa 36.4393 sec
Elapsed time for experts 12.8094 sec
Elapsed time for households 16.5082 sec
Iteration 72
Elapsed time for kappa 37.7261 sec
Elapsed time for experts 12.8517 sec
Elapsed time for households 12.0558 sec
Iteration 73
Elapsed time for kappa 50.9005 sec
Elapsed time for experts 14.5489 sec
Elapsed time for households 13.2419 sec
Iteration 74
Elapsed time for kappa 43.2820 sec
Elapsed time for experts 13.9165 sec
Elapsed time for households 11.9700 sec
Iteration 75
Elapsed time for kappa 40.4172 sec
Elapsed time for experts 15.3972 sec
Elapsed time for households 11.8926 sec
Iteration 76
Elapsed time for kappa 39.7013 sec
Elapsed time for experts 16.4244 sec
Elapsed time for households 11.5464 sec
Iteration 77
Elapsed time for kappa 35.4981 sec
Elapsed time for experts 17.5476 sec
Elapsed time for households 15.1719 sec
Iteration 78
Elapsed time for kappa 35.0865 sec
Elapsed time for experts 13.8512 sec
Elapsed time for households 11.5928 sec
Iteration 79
Elapsed time for kappa 51.4532 sec
Elapsed time for experts 14.2695 sec
Elapsed time for households 13.1577 sec
Iteration 80
Elapsed time for kappa 41.7101 sec
Elapsed time for experts 13.4378 sec
Elapsed time for households 12.0751 sec
Iteration 81
Elapsed time for kappa 40.1385 sec
Elapsed time for experts 14.8649 sec
Elapsed time for households 11.1242 sec
Iteration 82
Elapsed time for kappa 35.3222 sec
Elapsed time for experts 16.1359 sec
Elapsed time for households 14.5470 sec
Iteration 83
Elapsed time for kappa 35.5420 sec
Elapsed time for experts 13.9609 sec
Elapsed time for households 16.0868 sec
Iteration 84
Elapsed time for kappa 37.4417 sec
Elapsed time for experts 12.2943 sec
Elapsed time for households 11.4286 sec
Iteration 85
Elapsed time for kappa 51.0717 sec
Elapsed time for experts 13.9966 sec
Elapsed time for households 12.3963 sec
Iteration 86
Elapsed time for kappa 39.3968 sec
Elapsed time for experts 17.1218 sec
Elapsed time for households 12.4875 sec
Iteration 87
Elapsed time for kappa 35.4364 sec
Elapsed time for experts 15.5973 sec
Elapsed time for households 13.6974 sec
Iteration 88
Elapsed time for kappa 37.9748 sec
Elapsed time for experts 14.2958 sec
Elapsed time for households 12.2862 sec
Iteration 89
Elapsed time for kappa 39.6164 sec
Elapsed time for experts 13.1568 sec
Elapsed time for households 11.4882 sec
Iteration 90
Elapsed time for kappa 37.7645 sec
Elapsed time for experts 15.6173 sec
Elapsed time for households 19.3868 sec
Iteration 91
Elapsed time for kappa 40.5597 sec
Elapsed time for experts 17.0483 sec
Elapsed time for households 12.1228 sec
Iteration 92
Elapsed time for kappa 37.8893 sec
Elapsed time for experts 14.1001 sec
Elapsed time for households 14.5066 sec
Iteration 93
Elapsed time for kappa 33.7013 sec
Elapsed time for experts 12.3500 sec
Elapsed time for households 12.1984 sec
Iteration 94
Elapsed time for kappa 40.2081 sec
Elapsed time for experts 13.1851 sec
Elapsed time for households 11.2830 sec
Iteration 95
Elapsed time for kappa 38.8839 sec
Elapsed time for experts 14.5830 sec
Elapsed time for households 14.6768 sec
Iteration 96
Elapsed time for kappa 32.7670 sec
Elapsed time for experts 24.6203 sec
Elapsed time for households 13.3724 sec
Iteration 97
Elapsed time for kappa 39.6639 sec
Elapsed time for experts 14.6867 sec
Elapsed time for households 13.6889 sec
Iteration 98
Elapsed time for kappa 41.9740 sec
Elapsed time for experts 13.5263 sec
Elapsed time for households 12.9819 sec
Iteration 99
Elapsed time for kappa 45.1365 sec
Elapsed time for experts 13.0758 sec
Elapsed time for households 11.7888 sec
Iteration 100
Elapsed time for kappa 42.8518 sec
Elapsed time for experts 17.8575 sec
Elapsed time for households 11.4296 sec
Iteration 101
Elapsed time for kappa 33.4001 sec
Elapsed time for experts 12.8887 sec
Elapsed time for households 11.7777 sec
Iteration 102
Elapsed time for kappa 38.0770 sec
Elapsed time for experts 20.3107 sec
Elapsed time for households 12.7071 sec
Iteration 103
Elapsed time for kappa 41.8889 sec
Elapsed time for experts 16.2787 sec
Elapsed time for households 11.6605 sec
Iteration 104
Elapsed time for kappa 38.3054 sec
Elapsed time for experts 16.1081 sec
Elapsed time for households 14.9867 sec
Iteration 105
Elapsed time for kappa 34.2642 sec
Elapsed time for experts 13.0925 sec
Elapsed time for households 13.6698 sec
Iteration 106
Elapsed time for kappa 37.9017 sec
Elapsed time for experts 13.2004 sec
Elapsed time for households 12.4269 sec
Iteration 107
Elapsed time for kappa 40.9127 sec
Elapsed time for experts 13.8266 sec
Elapsed time for households 11.2230 sec
Iteration 108
Elapsed time for kappa 38.4151 sec
Elapsed time for experts 24.5004 sec
Elapsed time for households 12.4236 sec
Iteration 109
Elapsed time for kappa 35.8464 sec
Elapsed time for experts 16.0340 sec
Elapsed time for households 14.6047 sec
Iteration 110
Elapsed time for kappa 37.0667 sec
Elapsed time for experts 14.2447 sec
Elapsed time for households 15.4145 sec
Iteration 111
Elapsed time for kappa 38.1930 sec
Elapsed time for experts 14.1347 sec
Elapsed time for households 11.9544 sec
Iteration 112
Elapsed time for kappa 42.0700 sec
Elapsed time for experts 12.1521 sec
Elapsed time for households 10.8627 sec
Iteration 113
Elapsed time for kappa 40.3982 sec
Elapsed time for experts 14.5532 sec
Elapsed time for households 11.7689 sec
Iteration 114
Elapsed time for kappa 32.6822 sec
Elapsed time for experts 26.4354 sec
Elapsed time for households 13.0545 sec
Iteration 115
Elapsed time for kappa 39.6926 sec
Elapsed time for experts 15.3653 sec
Elapsed time for households 17.1416 sec
Iteration 116
Elapsed time for kappa 38.4764 sec
Elapsed time for experts 12.6379 sec
Elapsed time for households 11.1195 sec
Iteration 117
Elapsed time for kappa 38.7179 sec
Elapsed time for experts 15.9901 sec
Elapsed time for households 13.6054 sec
Iteration 118
Elapsed time for kappa 36.0991 sec
Elapsed time for experts 18.2862 sec
Elapsed time for households 13.5146 sec
Iteration 119
Elapsed time for kappa 36.8867 sec
Elapsed time for experts 14.7077 sec
Elapsed time for households 15.0114 sec
Iteration 120
Elapsed time for kappa 48.4059 sec
Elapsed time for experts 15.4886 sec
Elapsed time for households 16.9412 sec
Iteration 121
Elapsed time for kappa 39.5162 sec
Elapsed time for experts 15.4467 sec
Elapsed time for households 13.0800 sec
Iteration 122
Elapsed time for kappa 42.2311 sec
Elapsed time for experts 12.3481 sec
Elapsed time for households 11.3115 sec
Iteration 123
Elapsed time for kappa 37.8409 sec
Elapsed time for experts 15.8795 sec
Elapsed time for households 11.3736 sec
Iteration 124
Elapsed time for kappa 33.8143 sec
Elapsed time for experts 13.1987 sec
Elapsed time for households 11.6434 sec
Iteration 125
Elapsed time for kappa 42.8491 sec
Elapsed time for experts 12.0696 sec
Elapsed time for households 10.8955 sec
Iteration 126
Elapsed time for kappa 49.2563 sec
Elapsed time for experts 19.0189 sec
Elapsed time for households 12.2973 sec
Iteration 127
Elapsed time for kappa 38.7025 sec
Elapsed time for experts 15.8815 sec
Elapsed time for households 16.0140 sec
Iteration 128
Elapsed time for kappa 36.5167 sec
Elapsed time for experts 13.1542 sec
Elapsed time for households 14.9212 sec
Iteration 129
Elapsed time for kappa 37.6995 sec
Elapsed time for experts 13.2086 sec
Elapsed time for households 11.7213 sec
Iteration 130
Elapsed time for kappa 42.0007 sec
Elapsed time for experts 12.8382 sec
Elapsed time for households 11.3454 sec
Iteration 131
Elapsed time for kappa 35.1947 sec
Elapsed time for experts 15.5509 sec
Elapsed time for households 12.6513 sec
Iteration 132
Elapsed time for kappa 46.2194 sec
Elapsed time for experts 13.9072 sec
Elapsed time for households 14.3093 sec
Iteration 133
Elapsed time for kappa 37.3547 sec
Elapsed time for experts 12.7158 sec
Elapsed time for households 11.4109 sec
Iteration 134
Elapsed time for kappa 40.6886 sec
Elapsed time for experts 16.5821 sec
Elapsed time for households 12.1788 sec
Iteration 135
Elapsed time for kappa 39.0500 sec
Elapsed time for experts 16.0608 sec
Elapsed time for households 13.2573 sec
Iteration 136
Elapsed time for kappa 35.8905 sec
Elapsed time for experts 16.3157 sec
Elapsed time for households 12.8820 sec
Iteration 137
Elapsed time for kappa 37.3832 sec
Elapsed time for experts 12.4266 sec
Elapsed time for households 12.4222 sec
Iteration 138
Elapsed time for kappa 50.9013 sec
Elapsed time for experts 14.5959 sec
Elapsed time for households 13.4276 sec
Iteration 139
Elapsed time for kappa 39.3356 sec
Elapsed time for experts 16.6782 sec
Elapsed time for households 12.2489 sec
Iteration 140
Elapsed time for kappa 36.4916 sec
Elapsed time for experts 16.3604 sec
Elapsed time for households 12.6792 sec
Iteration 141
Elapsed time for kappa 35.8323 sec
Elapsed time for experts 14.9533 sec
Elapsed time for households 14.8826 sec
Iteration 142
Elapsed time for kappa 36.7777 sec
Elapsed time for experts 13.2179 sec
Elapsed time for households 11.3709 sec
Iteration 143
Elapsed time for kappa 37.8644 sec
Elapsed time for experts 14.9590 sec
Elapsed time for households 10.5853 sec
Iteration 144
Elapsed time for kappa 48.5659 sec
Elapsed time for experts 17.6851 sec
Elapsed time for households 12.1939 sec
Iteration 145
Elapsed time for kappa 36.9373 sec
Elapsed time for experts 17.5064 sec
Elapsed time for households 15.6670 sec
Iteration 146
Elapsed time for kappa 36.6397 sec
Elapsed time for experts 14.6805 sec
Elapsed time for households 13.5601 sec
Iteration 147
Elapsed time for kappa 37.0147 sec
Elapsed time for experts 12.3080 sec
Elapsed time for households 11.3201 sec
Iteration 148
Elapsed time for kappa 37.3347 sec
Elapsed time for experts 15.7033 sec
Elapsed time for households 12.0140 sec
Iteration 149
Elapsed time for kappa 35.6927 sec
Elapsed time for experts 16.4791 sec
Elapsed time for households 14.3897 sec
Iteration 150
Elapsed time for kappa 43.9251 sec
Elapsed time for experts 14.9376 sec
Elapsed time for households 14.5003 sec
Iteration 151
Elapsed time for kappa 38.9443 sec
Elapsed time for experts 15.5959 sec
Elapsed time for households 12.1993 sec
Iteration 152
Elapsed time for kappa 41.2517 sec
Elapsed time for experts 13.3164 sec
Elapsed time for households 12.6951 sec
Iteration 153
Elapsed time for kappa 42.7020 sec
Elapsed time for experts 13.9889 sec
Elapsed time for households 11.5135 sec
Iteration 154
Elapsed time for kappa 40.8174 sec
Elapsed time for experts 16.3236 sec
Elapsed time for households 11.8168 sec
Iteration 155
Elapsed time for kappa 34.8795 sec
Elapsed time for experts 12.7831 sec
Elapsed time for households 17.2480 sec
Iteration 156
Elapsed time for kappa 48.4694 sec
Elapsed time for experts 14.6479 sec
Elapsed time for households 14.0840 sec
Iteration 157
Elapsed time for kappa 41.4363 sec
Elapsed time for experts 14.0486 sec
Elapsed time for households 13.1754 sec
Iteration 158
Elapsed time for kappa 41.5647 sec
Elapsed time for experts 13.8695 sec
Elapsed time for households 12.0871 sec
Iteration 159
Elapsed time for kappa 38.1967 sec
Elapsed time for experts 16.4532 sec
Elapsed time for households 11.5289 sec
Iteration 160
Elapsed time for kappa 36.8564 sec
Elapsed time for experts 15.4482 sec
Elapsed time for households 14.4761 sec
Iteration 161
Elapsed time for kappa 33.5014 sec
Elapsed time for experts 21.3344 sec
Elapsed time for households 16.0347 sec
Iteration 162
Elapsed time for kappa 40.1098 sec
Elapsed time for experts 14.4168 sec
Elapsed time for households 11.6724 sec
Iteration 163
Elapsed time for kappa 39.9508 sec
Elapsed time for experts 17.1803 sec
Elapsed time for households 11.3587 sec
Iteration 164
Elapsed time for kappa 35.7210 sec
Elapsed time for experts 17.3887 sec
Elapsed time for households 12.7144 sec
Iteration 165
Elapsed time for kappa 37.1642 sec
Elapsed time for experts 14.9739 sec
Elapsed time for households 15.2853 sec
Iteration 166
Elapsed time for kappa 38.0297 sec
Elapsed time for experts 12.7871 sec
Elapsed time for households 12.3367 sec
Iteration 167
Elapsed time for kappa 40.8495 sec
Elapsed time for experts 13.0471 sec
Elapsed time for households 21.3306 sec
Iteration 168
Elapsed time for kappa 44.1350 sec
Elapsed time for experts 13.8070 sec
Elapsed time for households 12.3042 sec
Iteration 169
Elapsed time for kappa 42.5319 sec
Elapsed time for experts 15.0792 sec
Elapsed time for households 12.2884 sec
Iteration 170
Elapsed time for kappa 36.5919 sec
Elapsed time for experts 22.5075 sec
Elapsed time for households 13.5452 sec
Iteration 171
Elapsed time for kappa 37.4799 sec
Elapsed time for experts 15.1424 sec
Elapsed time for households 14.6312 sec
Iteration 172
Elapsed time for kappa 37.5843 sec
Elapsed time for experts 13.0746 sec
Elapsed time for households 12.3271 sec
Iteration 173
Elapsed time for kappa 41.7013 sec
Elapsed time for experts 13.4026 sec
Elapsed time for households 20.4440 sec
Iteration 174
Elapsed time for kappa 44.8343 sec
Elapsed time for experts 14.7225 sec
Elapsed time for households 12.5079 sec
Iteration 175
Elapsed time for kappa 42.7497 sec
Elapsed time for experts 15.0116 sec
Elapsed time for households 11.6365 sec
Iteration 176
Elapsed time for kappa 36.2039 sec
Elapsed time for experts 16.7962 sec
Elapsed time for households 15.4506 sec
Iteration 177
Elapsed time for kappa 35.6944 sec
Elapsed time for experts 14.9716 sec
Elapsed time for households 15.1518 sec
Iteration 178
Elapsed time for kappa 38.7359 sec
Elapsed time for experts 12.8993 sec
Elapsed time for households 12.1005 sec
Iteration 179
Elapsed time for kappa 38.2028 sec
Elapsed time for experts 15.7532 sec
Elapsed time for households 11.7001 sec
Iteration 180
Elapsed time for kappa 51.3064 sec
Elapsed time for experts 17.9431 sec
Elapsed time for households 12.3701 sec
Iteration 181
Elapsed time for kappa 40.8574 sec
Elapsed time for experts 15.9489 sec
Elapsed time for households 14.2075 sec
Iteration 182
Elapsed time for kappa 36.7457 sec
Elapsed time for experts 16.4474 sec
Elapsed time for households 14.1294 sec
Iteration 183
Elapsed time for kappa 36.6886 sec
Elapsed time for experts 14.6765 sec
Elapsed time for households 15.3914 sec
Iteration 184
Elapsed time for kappa 38.5347 sec
Elapsed time for experts 13.1568 sec
Elapsed time for households 12.3312 sec
Iteration 185
Elapsed time for kappa 40.7380 sec
Elapsed time for experts 15.0436 sec
Elapsed time for households 17.7015 sec
Iteration 186
Elapsed time for kappa 37.6634 sec
Elapsed time for experts 16.1953 sec
Elapsed time for households 15.2524 sec
Iteration 187
Elapsed time for kappa 38.3214 sec
Elapsed time for experts 17.4288 sec
Elapsed time for households 13.8564 sec
Iteration 188
Elapsed time for kappa 38.0753 sec
Elapsed time for experts 14.1403 sec
Elapsed time for households 13.8073 sec
Iteration 189
Elapsed time for kappa 38.0502 sec
Elapsed time for experts 14.8352 sec
Elapsed time for households 11.9228 sec
Iteration 190
Elapsed time for kappa 40.1112 sec
Elapsed time for experts 12.0126 sec
Elapsed time for households 10.8219 sec
Iteration 191
Elapsed time for kappa 36.5174 sec
Elapsed time for experts 25.1042 sec
Elapsed time for households 13.0881 sec
Iteration 192
Elapsed time for kappa 39.4113 sec
Elapsed time for experts 16.6117 sec
Elapsed time for households 15.3325 sec
Iteration 193
Elapsed time for kappa 37.7709 sec
Elapsed time for experts 16.7474 sec
Elapsed time for households 13.2792 sec
Iteration 194
Elapsed time for kappa 38.5219 sec
Elapsed time for experts 14.3570 sec
Elapsed time for households 16.2888 sec
Iteration 195
Elapsed time for kappa 37.1457 sec
Elapsed time for experts 13.1097 sec
Elapsed time for households 12.4266 sec
Iteration 196
Elapsed time for kappa 41.6186 sec
Elapsed time for experts 13.5649 sec
Elapsed time for households 11.4833 sec
Iteration 197
Elapsed time for kappa 38.6388 sec
Elapsed time for experts 15.8107 sec
Elapsed time for households 20.3481 sec
Iteration 198
Elapsed time for kappa 41.7696 sec
Elapsed time for experts 14.9221 sec
Elapsed time for households 15.1444 sec
Iteration 199
Elapsed time for kappa 37.8832 sec
Elapsed time for experts 15.0284 sec
Elapsed time for households 18.1402 sec
Iteration 200
Elapsed time for kappa 39.3259 sec
Elapsed time for experts 13.7098 sec
Elapsed time for households 12.5634 sec
Iteration 201
Elapsed time for kappa 42.1472 sec
Elapsed time for experts 12.3985 sec
Elapsed time for households 11.1201 sec
Iteration 202
Elapsed time for kappa 35.9079 sec
Elapsed time for experts 15.2756 sec
Elapsed time for households 14.7743 sec
Iteration 203
Elapsed time for kappa 34.7567 sec
Elapsed time for experts 16.7688 sec
Elapsed time for households 23.5391 sec
Iteration 204
Elapsed time for kappa 38.2331 sec
Elapsed time for experts 19.0270 sec
Elapsed time for households 11.4698 sec
Iteration 205
Elapsed time for kappa 38.2426 sec
Elapsed time for experts 13.6689 sec
Elapsed time for households 12.9206 sec
Iteration 206
Elapsed time for kappa 44.2563 sec
Elapsed time for experts 14.5620 sec
Elapsed time for households 11.9696 sec
Iteration 207
Elapsed time for kappa 42.0891 sec
Elapsed time for experts 12.6517 sec
Elapsed time for households 14.9372 sec
Iteration 208
Elapsed time for kappa 35.8138 sec
Elapsed time for experts 12.7255 sec
Elapsed time for households 14.5682 sec
Iteration 209
Elapsed time for kappa 37.9734 sec
Elapsed time for experts 12.5776 sec
Elapsed time for households 11.4429 sec
Iteration 210
Elapsed time for kappa 50.8487 sec
Elapsed time for experts 15.0055 sec
Elapsed time for households 13.0820 sec
Iteration 211
Elapsed time for kappa 43.8348 sec
Elapsed time for experts 13.9545 sec
Elapsed time for households 11.3277 sec
Iteration 212
Elapsed time for kappa 34.9197 sec
Elapsed time for experts 19.4878 sec
Elapsed time for households 15.3075 sec
Iteration 213
Elapsed time for kappa 35.6644 sec
Elapsed time for experts 14.1591 sec
Elapsed time for households 12.2984 sec
Iteration 214
Elapsed time for kappa 41.4733 sec
Elapsed time for experts 12.8045 sec
Elapsed time for households 11.4262 sec
Iteration 215
Elapsed time for kappa 39.6346 sec
Elapsed time for experts 14.5827 sec
Elapsed time for households 19.7640 sec
Iteration 216
Elapsed time for kappa 36.1907 sec
Elapsed time for experts 13.3643 sec
Elapsed time for households 12.2734 sec
Iteration 217
Elapsed time for kappa 37.5229 sec
Elapsed time for experts 12.9083 sec
Elapsed time for households 13.0384 sec
Iteration 218
Elapsed time for kappa 42.2514 sec
Elapsed time for experts 14.4367 sec
Elapsed time for households 12.3364 sec
Iteration 219
Elapsed time for kappa 38.4753 sec
Elapsed time for experts 17.1543 sec
Elapsed time for households 11.6813 sec
Iteration 220
Elapsed time for kappa 35.1226 sec
Elapsed time for experts 16.8600 sec
Elapsed time for households 14.1095 sec
Iteration 221
Elapsed time for kappa 35.6761 sec
Elapsed time for experts 12.8316 sec
Elapsed time for households 23.9223 sec
Iteration 222
Elapsed time for kappa 40.9584 sec
Elapsed time for experts 13.9458 sec
Elapsed time for households 13.2077 sec
Iteration 223
Elapsed time for kappa 44.3896 sec
Elapsed time for experts 13.5994 sec
Elapsed time for households 12.5553 sec
Iteration 224
Elapsed time for kappa 39.4237 sec
Elapsed time for experts 15.1836 sec
Elapsed time for households 11.9124 sec
Iteration 225
Elapsed time for kappa 40.2422 sec
Elapsed time for experts 12.7852 sec
Elapsed time for households 14.8216 sec
Iteration 226
Elapsed time for kappa 36.1076 sec
Elapsed time for experts 15.7136 sec
Elapsed time for households 10.8488 sec
Iteration 227
Elapsed time for kappa 37.1233 sec
Elapsed time for experts 13.6685 sec
Elapsed time for households 11.9533 sec
Iteration 228
Elapsed time for kappa 51.1348 sec
Elapsed time for experts 13.9378 sec
Elapsed time for households 12.6242 sec
Iteration 229
Elapsed time for kappa 41.9779 sec
Elapsed time for experts 13.8371 sec
Elapsed time for households 12.1784 sec
Iteration 230
Elapsed time for kappa 36.2953 sec
Elapsed time for experts 17.7439 sec
Elapsed time for households 15.4841 sec
Iteration 231
Elapsed time for kappa 36.4679 sec
Elapsed time for experts 13.8450 sec
Elapsed time for households 14.3993 sec
Iteration 232
Elapsed time for kappa 38.4389 sec
Elapsed time for experts 14.7298 sec
Elapsed time for households 11.1576 sec
Iteration 233
Elapsed time for kappa 40.2097 sec
Elapsed time for experts 20.8187 sec
Elapsed time for households 14.0435 sec
Iteration 234
Elapsed time for kappa 43.6775 sec
Elapsed time for experts 14.1164 sec
Elapsed time for households 12.6406 sec
Iteration 235
Elapsed time for kappa 43.3192 sec
Elapsed time for experts 13.5449 sec
Elapsed time for households 12.6912 sec
Iteration 236
Elapsed time for kappa 41.1916 sec
Elapsed time for experts 16.8769 sec
Elapsed time for households 13.4814 sec
Iteration 237
Elapsed time for kappa 36.9672 sec
Elapsed time for experts 17.2208 sec
Elapsed time for households 12.7307 sec
Iteration 238
Elapsed time for kappa 37.9578 sec
Elapsed time for experts 13.7843 sec
Elapsed time for households 10.7354 sec
Iteration 239
Elapsed time for kappa 42.4706 sec
Elapsed time for experts 12.1219 sec
Elapsed time for households 18.8548 sec
Iteration 240
Elapsed time for kappa 41.0371 sec
Elapsed time for experts 17.8294 sec
Elapsed time for households 12.1940 sec
Iteration 241
Elapsed time for kappa 39.0333 sec
Elapsed time for experts 16.5711 sec
Elapsed time for households 15.3073 sec
Iteration 242
Elapsed time for kappa 37.6417 sec
Elapsed time for experts 17.2626 sec
Elapsed time for households 15.1457 sec
Iteration 243
Elapsed time for kappa 35.9366 sec
Elapsed time for experts 14.1055 sec
Elapsed time for households 15.1992 sec
Iteration 244
Elapsed time for kappa 37.9952 sec
Elapsed time for experts 12.9002 sec
Elapsed time for households 11.9584 sec
Iteration 245
Elapsed time for kappa 38.7723 sec
Elapsed time for experts 15.0186 sec
Elapsed time for households 18.8028 sec
Iteration 246
Elapsed time for kappa 37.2335 sec
Elapsed time for experts 17.6196 sec
Elapsed time for households 15.3933 sec
Iteration 247
Elapsed time for kappa 38.5163 sec
Elapsed time for experts 13.9500 sec
Elapsed time for households 15.2429 sec
Iteration 248
Elapsed time for kappa 38.9170 sec
Elapsed time for experts 16.0230 sec
Elapsed time for households 12.6053 sec
Iteration 249
Elapsed time for kappa 44.4327 sec
Elapsed time for experts 13.3589 sec
Elapsed time for households 11.7010 sec
Iteration 250
Elapsed time for kappa 38.9074 sec
Elapsed time for experts 15.8437 sec
Elapsed time for households 11.6553 sec
Iteration 251
Elapsed time for kappa 37.9524 sec
Elapsed time for experts 14.0969 sec
Elapsed time for households 11.1289 sec
Iteration 252
Elapsed time for kappa 49.6565 sec
Elapsed time for experts 14.4274 sec
Elapsed time for households 16.5296 sec
Iteration 253
Elapsed time for kappa 40.5420 sec
Elapsed time for experts 13.0535 sec
Elapsed time for households 11.4257 sec
Iteration 254
Elapsed time for kappa 40.2001 sec
Elapsed time for experts 16.9735 sec
Elapsed time for households 11.6167 sec
Iteration 255
Elapsed time for kappa 35.5578 sec
Elapsed time for experts 17.4358 sec
Elapsed time for households 12.8553 sec
Iteration 256
Elapsed time for kappa 37.2382 sec
Elapsed time for experts 14.2373 sec
Elapsed time for households 10.8283 sec
Iteration 257
Elapsed time for kappa 40.3008 sec
Elapsed time for experts 12.5927 sec
Elapsed time for households 20.4722 sec
Iteration 258
Elapsed time for kappa 43.7077 sec
Elapsed time for experts 13.7717 sec
Elapsed time for households 13.1627 sec
Iteration 259
Elapsed time for kappa 45.2414 sec
Elapsed time for experts 13.5781 sec
Elapsed time for households 11.2931 sec
Iteration 260
Elapsed time for kappa 35.2460 sec
Elapsed time for experts 14.0192 sec
Elapsed time for households 12.7181 sec
Iteration 261
Elapsed time for kappa 37.3074 sec
Elapsed time for experts 14.1426 sec
Elapsed time for households 14.2037 sec
Iteration 262
Elapsed time for kappa 40.5745 sec
Elapsed time for experts 12.6477 sec
Elapsed time for households 11.1768 sec
Iteration 263
Elapsed time for kappa 38.5145 sec
Elapsed time for experts 15.9190 sec
Elapsed time for households 10.9992 sec
Iteration 264
Elapsed time for kappa 47.7661 sec
Elapsed time for experts 16.5203 sec
Elapsed time for households 13.3322 sec
Iteration 265
Elapsed time for kappa 35.8824 sec
Elapsed time for experts 17.9330 sec
Elapsed time for households 15.3501 sec
Iteration 266
Elapsed time for kappa 34.9611 sec
Elapsed time for experts 15.8346 sec
Elapsed time for households 14.4056 sec
Iteration 267
Elapsed time for kappa 36.2175 sec
Elapsed time for experts 13.2069 sec
Elapsed time for households 11.9362 sec
Iteration 268
Elapsed time for kappa 40.0285 sec
Elapsed time for experts 13.6413 sec
Elapsed time for households 10.7229 sec
Iteration 269
Elapsed time for kappa 37.5440 sec
Elapsed time for experts 14.8044 sec
Elapsed time for households 10.6457 sec
Iteration 270
Elapsed time for kappa 45.5980 sec
Elapsed time for experts 16.2772 sec
Elapsed time for households 11.8387 sec
Iteration 271
Elapsed time for kappa 34.7970 sec
Elapsed time for experts 14.9119 sec
Elapsed time for households 13.6096 sec
Iteration 272
Elapsed time for kappa 35.2301 sec
Elapsed time for experts 13.4321 sec
Elapsed time for households 13.6777 sec
Iteration 273
Elapsed time for kappa 35.5178 sec
Elapsed time for experts 13.0541 sec
Elapsed time for households 13.9349 sec
Iteration 274
Elapsed time for kappa 36.1505 sec
Elapsed time for experts 12.1494 sec
Elapsed time for households 10.7786 sec
Iteration 275
Elapsed time for kappa 36.9745 sec
Elapsed time for experts 21.7954 sec
Elapsed time for households 12.0200 sec
Iteration 276
Elapsed time for kappa 35.6599 sec
Elapsed time for experts 14.9526 sec
Elapsed time for households 13.5636 sec
Iteration 277
Elapsed time for kappa 34.9036 sec
Elapsed time for experts 14.5771 sec
Elapsed time for households 12.4587 sec
Iteration 278
Elapsed time for kappa 35.2048 sec
Elapsed time for experts 13.8730 sec
Elapsed time for households 14.7103 sec
Iteration 279
Elapsed time for kappa 36.2075 sec
Elapsed time for experts 12.0022 sec
Elapsed time for households 11.5883 sec
Iteration 280
Elapsed time for kappa 39.5531 sec
Elapsed time for experts 12.8911 sec
Elapsed time for households 10.7231 sec
Iteration 281
Elapsed time for kappa 36.2475 sec
Elapsed time for experts 15.5292 sec
Elapsed time for households 18.8316 sec
Iteration 282
Elapsed time for kappa 34.4882 sec
Elapsed time for experts 14.9823 sec
Elapsed time for households 13.6934 sec
Iteration 283
Elapsed time for kappa 34.1502 sec
Elapsed time for experts 13.5343 sec
Elapsed time for households 14.2553 sec
Iteration 284
Elapsed time for kappa 35.7736 sec
Elapsed time for experts 12.1915 sec
Elapsed time for households 11.5565 sec
Iteration 285
Elapsed time for kappa 38.2829 sec
Elapsed time for experts 12.3143 sec
Elapsed time for households 10.8259 sec
Iteration 286
Elapsed time for kappa 35.2047 sec
Elapsed time for experts 12.7733 sec
Elapsed time for households 10.4515 sec
Iteration 287
Elapsed time for kappa 35.1259 sec
Elapsed time for experts 13.1060 sec
Elapsed time for households 18.8946 sec
Iteration 288
Elapsed time for kappa 36.4737 sec
Elapsed time for experts 14.0070 sec
Elapsed time for households 13.3806 sec
Iteration 289
Elapsed time for kappa 33.4483 sec
Elapsed time for experts 13.1871 sec
Elapsed time for households 13.3558 sec
Iteration 290
Elapsed time for kappa 35.3671 sec
Elapsed time for experts 12.5788 sec
Elapsed time for households 11.5442 sec
Iteration 291
Elapsed time for kappa 37.8960 sec
Elapsed time for experts 13.1075 sec
Elapsed time for households 11.0015 sec
Iteration 292
Elapsed time for kappa 34.6235 sec
Elapsed time for experts 14.0041 sec
Elapsed time for households 13.1772 sec
Iteration 293
Elapsed time for kappa 32.8302 sec
Elapsed time for experts 13.3242 sec
Elapsed time for households 11.9629 sec
Iteration 294
Elapsed time for kappa 44.4391 sec
Elapsed time for experts 14.8295 sec
Elapsed time for households 14.2313 sec
Iteration 295
Elapsed time for kappa 35.6951 sec
Elapsed time for experts 13.0941 sec
Elapsed time for households 11.9879 sec
Iteration 296
Elapsed time for kappa 37.8305 sec
Elapsed time for experts 12.1970 sec
Elapsed time for households 10.9847 sec
Iteration 297
Elapsed time for kappa 36.0829 sec
Elapsed time for experts 15.3843 sec
Elapsed time for households 11.7586 sec
Iteration 298
Elapsed time for kappa 33.3999 sec
Elapsed time for experts 14.4657 sec
Elapsed time for households 10.9482 sec
Iteration 299
Elapsed time for kappa 33.8176 sec
Elapsed time for experts 12.4936 sec
Elapsed time for households 10.4426 sec
Elapsed time for training 20237.0070 sec
90000 90000 90000 90000
