Iteration 0
Elapsed time for kappa 312.1101 sec
Elapsed time for experts 147.4398 sec
Elapsed time for households 124.4175 sec
Iteration 1
Elapsed time for kappa 281.8701 sec
Elapsed time for experts 141.0741 sec
Elapsed time for households 125.5698 sec
Iteration 2
Elapsed time for kappa 279.9653 sec
Elapsed time for experts 144.7367 sec
Elapsed time for households 132.9230 sec
Iteration 3
Elapsed time for kappa 261.0089 sec
Elapsed time for experts 151.8648 sec
Elapsed time for households 125.6568 sec
Iteration 4
Elapsed time for kappa 277.2919 sec
Elapsed time for experts 142.2834 sec
Elapsed time for households 117.5567 sec
Iteration 5
Elapsed time for kappa 276.7163 sec
Elapsed time for experts 127.9402 sec
Elapsed time for households 122.9828 sec
Iteration 6
Elapsed time for kappa 267.0350 sec
Elapsed time for experts 128.6561 sec
Elapsed time for households 131.9124 sec
Iteration 7
Elapsed time for kappa 232.5596 sec
Elapsed time for experts 138.4856 sec
Elapsed time for households 110.6714 sec
Iteration 8
Elapsed time for kappa 248.0669 sec
Elapsed time for experts 123.8894 sec
Elapsed time for households 119.6348 sec
Iteration 9
Elapsed time for kappa 236.1553 sec
Elapsed time for experts 119.5306 sec
Elapsed time for households 111.2953 sec
Iteration 10
Elapsed time for kappa 223.5967 sec
Elapsed time for experts 105.6814 sec
Elapsed time for households 103.9598 sec
Iteration 11
Elapsed time for kappa 204.0616 sec
Elapsed time for experts 105.9338 sec
Elapsed time for households 97.5608 sec
Iteration 12
Elapsed time for kappa 175.3355 sec
Elapsed time for experts 106.1886 sec
Elapsed time for households 70.9082 sec
Iteration 13
Elapsed time for kappa 211.1413 sec
Elapsed time for experts 105.5175 sec
Elapsed time for households 51.6350 sec
Iteration 14
Elapsed time for kappa 204.6793 sec
Elapsed time for experts 107.2995 sec
Elapsed time for households 30.9481 sec
Elapsed time for training 7166.8825 sec
