Iteration 0
Elapsed time for kappa 69.3570 sec
Elapsed time for experts 20.6239 sec
Elapsed time for households 15.6511 sec
Iteration 1
Elapsed time for kappa 34.2751 sec
Elapsed time for experts 12.8993 sec
Elapsed time for households 11.7040 sec
Iteration 2
Elapsed time for kappa 34.0344 sec
Elapsed time for experts 12.3886 sec
Elapsed time for households 11.0331 sec
Iteration 3
Elapsed time for kappa 39.6009 sec
Elapsed time for experts 12.7480 sec
Elapsed time for households 11.5034 sec
Iteration 4
Elapsed time for kappa 34.4556 sec
Elapsed time for experts 13.0171 sec
Elapsed time for households 11.5846 sec
Iteration 5
Elapsed time for kappa 34.8032 sec
Elapsed time for experts 12.9073 sec
Elapsed time for households 11.2250 sec
Iteration 6
Elapsed time for kappa 34.0548 sec
Elapsed time for experts 12.7531 sec
Elapsed time for households 13.5541 sec
Iteration 7
Elapsed time for kappa 34.3365 sec
Elapsed time for experts 12.6285 sec
Elapsed time for households 11.7262 sec
Iteration 8
Elapsed time for kappa 34.3827 sec
Elapsed time for experts 13.1203 sec
Elapsed time for households 11.4073 sec
Iteration 9
Elapsed time for kappa 41.1203 sec
Elapsed time for experts 13.5366 sec
Elapsed time for households 11.7790 sec
Iteration 10
Elapsed time for kappa 34.6214 sec
Elapsed time for experts 12.9733 sec
Elapsed time for households 11.3555 sec
Iteration 11
Elapsed time for kappa 34.2617 sec
Elapsed time for experts 12.7184 sec
Elapsed time for households 11.0446 sec
Iteration 12
Elapsed time for kappa 34.0929 sec
Elapsed time for experts 12.6210 sec
Elapsed time for households 11.5956 sec
Iteration 13
Elapsed time for kappa 34.0036 sec
Elapsed time for experts 13.1673 sec
Elapsed time for households 11.9202 sec
Iteration 14
Elapsed time for kappa 34.3559 sec
Elapsed time for experts 12.3210 sec
Elapsed time for households 11.5187 sec
Iteration 15
Elapsed time for kappa 42.0229 sec
Elapsed time for experts 13.4011 sec
Elapsed time for households 11.7677 sec
Iteration 16
Elapsed time for kappa 34.3245 sec
Elapsed time for experts 13.0029 sec
Elapsed time for households 11.4329 sec
Iteration 17
Elapsed time for kappa 34.2209 sec
Elapsed time for experts 12.7371 sec
Elapsed time for households 11.1718 sec
Iteration 18
Elapsed time for kappa 34.0613 sec
Elapsed time for experts 12.5229 sec
Elapsed time for households 11.5905 sec
Iteration 19
Elapsed time for kappa 34.4417 sec
Elapsed time for experts 12.5396 sec
Elapsed time for households 11.4648 sec
Iteration 20
Elapsed time for kappa 34.4218 sec
Elapsed time for experts 12.4124 sec
Elapsed time for households 17.3103 sec
Iteration 21
Elapsed time for kappa 34.6927 sec
Elapsed time for experts 12.5483 sec
Elapsed time for households 12.2166 sec
Iteration 22
Elapsed time for kappa 33.5057 sec
Elapsed time for experts 12.7516 sec
Elapsed time for households 11.8675 sec
Iteration 23
Elapsed time for kappa 33.8252 sec
Elapsed time for experts 12.2983 sec
Elapsed time for households 11.1615 sec
Iteration 24
Elapsed time for kappa 34.0320 sec
Elapsed time for experts 12.9789 sec
Elapsed time for households 11.7085 sec
Iteration 25
Elapsed time for kappa 34.5388 sec
Elapsed time for experts 13.4744 sec
Elapsed time for households 11.3200 sec
Iteration 26
Elapsed time for kappa 33.9363 sec
Elapsed time for experts 12.8647 sec
Elapsed time for households 11.7099 sec
Iteration 27
Elapsed time for kappa 41.1678 sec
Elapsed time for experts 12.8670 sec
Elapsed time for households 11.6304 sec
Iteration 28
Elapsed time for kappa 33.5739 sec
Elapsed time for experts 13.0495 sec
Elapsed time for households 11.1144 sec
Iteration 29
Elapsed time for kappa 33.6757 sec
Elapsed time for experts 12.2401 sec
Elapsed time for households 10.8277 sec
Iteration 30
Elapsed time for kappa 33.7862 sec
Elapsed time for experts 12.5210 sec
Elapsed time for households 11.3426 sec
Iteration 31
Elapsed time for kappa 33.3999 sec
Elapsed time for experts 12.4398 sec
Elapsed time for households 11.4238 sec
Iteration 32
Elapsed time for kappa 34.5299 sec
Elapsed time for experts 12.2589 sec
Elapsed time for households 16.7491 sec
Iteration 33
Elapsed time for kappa 33.6519 sec
Elapsed time for experts 12.9764 sec
Elapsed time for households 11.7749 sec
Iteration 34
Elapsed time for kappa 33.2596 sec
Elapsed time for experts 12.4536 sec
Elapsed time for households 11.6260 sec
Iteration 35
Elapsed time for kappa 32.8311 sec
Elapsed time for experts 12.4002 sec
Elapsed time for households 11.1056 sec
Iteration 36
Elapsed time for kappa 33.1373 sec
Elapsed time for experts 12.1470 sec
Elapsed time for households 10.6594 sec
Iteration 37
Elapsed time for kappa 33.3389 sec
Elapsed time for experts 12.4536 sec
Elapsed time for households 11.1637 sec
Iteration 38
Elapsed time for kappa 33.8593 sec
Elapsed time for experts 19.6706 sec
Elapsed time for households 12.5248 sec
Iteration 39
Elapsed time for kappa 33.0240 sec
Elapsed time for experts 12.8190 sec
Elapsed time for households 11.1389 sec
Iteration 40
Elapsed time for kappa 33.0587 sec
Elapsed time for experts 12.5941 sec
Elapsed time for households 11.6208 sec
Iteration 41
Elapsed time for kappa 33.1851 sec
Elapsed time for experts 12.4640 sec
Elapsed time for households 10.9159 sec
Iteration 42
Elapsed time for kappa 32.6854 sec
Elapsed time for experts 12.7886 sec
Elapsed time for households 11.2730 sec
Iteration 43
Elapsed time for kappa 33.0431 sec
Elapsed time for experts 11.8018 sec
Elapsed time for households 10.9929 sec
Iteration 44
Elapsed time for kappa 34.2168 sec
Elapsed time for experts 19.1435 sec
Elapsed time for households 11.9787 sec
Iteration 45
Elapsed time for kappa 33.0590 sec
Elapsed time for experts 12.7385 sec
Elapsed time for households 11.7023 sec
Iteration 46
Elapsed time for kappa 32.5464 sec
Elapsed time for experts 11.9523 sec
Elapsed time for households 10.6661 sec
Iteration 47
Elapsed time for kappa 32.5783 sec
Elapsed time for experts 12.2179 sec
Elapsed time for households 11.1335 sec
Iteration 48
Elapsed time for kappa 32.1836 sec
Elapsed time for experts 12.5232 sec
Elapsed time for households 10.8368 sec
Iteration 49
Elapsed time for kappa 33.1075 sec
Elapsed time for experts 12.7527 sec
Elapsed time for households 11.1171 sec
Iteration 50
Elapsed time for kappa 33.6499 sec
Elapsed time for experts 18.8023 sec
Elapsed time for households 12.2335 sec
Iteration 51
Elapsed time for kappa 32.9895 sec
Elapsed time for experts 12.9335 sec
Elapsed time for households 11.3661 sec
Iteration 52
Elapsed time for kappa 32.0756 sec
Elapsed time for experts 12.6721 sec
Elapsed time for households 10.9874 sec
Iteration 53
Elapsed time for kappa 32.3166 sec
Elapsed time for experts 12.0493 sec
Elapsed time for households 11.4705 sec
Iteration 54
Elapsed time for kappa 31.3058 sec
Elapsed time for experts 11.9303 sec
Elapsed time for households 11.2190 sec
Iteration 55
Elapsed time for kappa 32.7106 sec
Elapsed time for experts 12.1625 sec
Elapsed time for households 10.5116 sec
Iteration 56
Elapsed time for kappa 33.2247 sec
Elapsed time for experts 19.6212 sec
Elapsed time for households 11.8436 sec
Iteration 57
Elapsed time for kappa 32.1418 sec
Elapsed time for experts 12.4910 sec
Elapsed time for households 11.4851 sec
Iteration 58
Elapsed time for kappa 32.7905 sec
Elapsed time for experts 12.5471 sec
Elapsed time for households 10.6510 sec
Iteration 59
Elapsed time for kappa 31.6984 sec
Elapsed time for experts 12.4012 sec
Elapsed time for households 10.7450 sec
Iteration 60
Elapsed time for kappa 31.6399 sec
Elapsed time for experts 11.7273 sec
Elapsed time for households 11.1941 sec
Iteration 61
Elapsed time for kappa 32.0104 sec
Elapsed time for experts 12.5500 sec
Elapsed time for households 10.5790 sec
Iteration 62
Elapsed time for kappa 39.2869 sec
Elapsed time for experts 13.1224 sec
Elapsed time for households 11.1982 sec
Iteration 63
Elapsed time for kappa 32.0229 sec
Elapsed time for experts 12.4855 sec
Elapsed time for households 11.3618 sec
Iteration 64
Elapsed time for kappa 32.2748 sec
Elapsed time for experts 12.4323 sec
Elapsed time for households 10.7326 sec
Iteration 65
Elapsed time for kappa 31.6029 sec
Elapsed time for experts 12.0237 sec
Elapsed time for households 10.9893 sec
Iteration 66
Elapsed time for kappa 31.0400 sec
Elapsed time for experts 12.0548 sec
Elapsed time for households 10.5497 sec
Iteration 67
Elapsed time for kappa 32.1403 sec
Elapsed time for experts 12.1796 sec
Elapsed time for households 10.9449 sec
Iteration 68
Elapsed time for kappa 38.1443 sec
Elapsed time for experts 13.2065 sec
Elapsed time for households 11.1806 sec
Iteration 69
Elapsed time for kappa 32.4710 sec
Elapsed time for experts 12.3044 sec
Elapsed time for households 11.0935 sec
Iteration 70
Elapsed time for kappa 31.5482 sec
Elapsed time for experts 11.7400 sec
Elapsed time for households 11.3132 sec
Iteration 71
Elapsed time for kappa 31.3003 sec
Elapsed time for experts 11.6643 sec
Elapsed time for households 11.0401 sec
Iteration 72
Elapsed time for kappa 31.1446 sec
Elapsed time for experts 11.8974 sec
Elapsed time for households 10.7513 sec
Iteration 73
Elapsed time for kappa 31.7505 sec
Elapsed time for experts 12.3529 sec
Elapsed time for households 10.9027 sec
Iteration 74
Elapsed time for kappa 38.0290 sec
Elapsed time for experts 12.3931 sec
Elapsed time for households 11.3470 sec
Iteration 75
Elapsed time for kappa 32.1401 sec
Elapsed time for experts 11.8459 sec
Elapsed time for households 10.7285 sec
Iteration 76
Elapsed time for kappa 31.4283 sec
Elapsed time for experts 12.0564 sec
Elapsed time for households 11.9037 sec
Iteration 77
Elapsed time for kappa 30.9267 sec
Elapsed time for experts 12.2068 sec
Elapsed time for households 11.1463 sec
Iteration 78
Elapsed time for kappa 31.1451 sec
Elapsed time for experts 12.1508 sec
Elapsed time for households 10.3943 sec
Iteration 79
Elapsed time for kappa 30.9038 sec
Elapsed time for experts 12.1888 sec
Elapsed time for households 10.7693 sec
Iteration 80
Elapsed time for kappa 38.7454 sec
Elapsed time for experts 12.6110 sec
Elapsed time for households 11.9779 sec
Iteration 81
Elapsed time for kappa 31.6147 sec
Elapsed time for experts 12.6360 sec
Elapsed time for households 11.1759 sec
Iteration 82
Elapsed time for kappa 31.8686 sec
Elapsed time for experts 12.1912 sec
Elapsed time for households 10.9277 sec
Iteration 83
Elapsed time for kappa 31.0493 sec
Elapsed time for experts 11.8816 sec
Elapsed time for households 11.3372 sec
Iteration 84
Elapsed time for kappa 31.4349 sec
Elapsed time for experts 11.7191 sec
Elapsed time for households 10.8242 sec
Iteration 85
Elapsed time for kappa 31.1654 sec
Elapsed time for experts 12.0295 sec
Elapsed time for households 10.7413 sec
Iteration 86
Elapsed time for kappa 37.8031 sec
Elapsed time for experts 12.7759 sec
Elapsed time for households 11.3606 sec
Iteration 87
Elapsed time for kappa 31.8421 sec
Elapsed time for experts 12.6163 sec
Elapsed time for households 11.2449 sec
Iteration 88
Elapsed time for kappa 30.9932 sec
Elapsed time for experts 12.0838 sec
Elapsed time for households 11.0193 sec
Iteration 89
Elapsed time for kappa 31.4777 sec
Elapsed time for experts 12.4012 sec
Elapsed time for households 10.9877 sec
Iteration 90
Elapsed time for kappa 30.8682 sec
Elapsed time for experts 11.7514 sec
Elapsed time for households 10.5872 sec
Iteration 91
Elapsed time for kappa 30.6353 sec
Elapsed time for experts 12.1140 sec
Elapsed time for households 11.0283 sec
Iteration 92
Elapsed time for kappa 38.4362 sec
Elapsed time for experts 12.3923 sec
Elapsed time for households 11.5872 sec
Iteration 93
Elapsed time for kappa 32.6223 sec
Elapsed time for experts 12.6937 sec
Elapsed time for households 11.4032 sec
Iteration 94
Elapsed time for kappa 31.4641 sec
Elapsed time for experts 12.2860 sec
Elapsed time for households 11.1465 sec
Iteration 95
Elapsed time for kappa 31.4779 sec
Elapsed time for experts 12.1323 sec
Elapsed time for households 10.8122 sec
Iteration 96
Elapsed time for kappa 30.7841 sec
Elapsed time for experts 12.3367 sec
Elapsed time for households 10.8106 sec
Iteration 97
Elapsed time for kappa 30.6544 sec
Elapsed time for experts 11.8987 sec
Elapsed time for households 16.8308 sec
Iteration 98
Elapsed time for kappa 32.8651 sec
Elapsed time for experts 12.9215 sec
Elapsed time for households 11.4718 sec
Iteration 99
Elapsed time for kappa 31.7288 sec
Elapsed time for experts 12.8692 sec
Elapsed time for households 10.7306 sec
Iteration 100
Elapsed time for kappa 31.3900 sec
Elapsed time for experts 12.1810 sec
Elapsed time for households 11.0649 sec
Iteration 101
Elapsed time for kappa 30.7915 sec
Elapsed time for experts 12.1843 sec
Elapsed time for households 11.0948 sec
Iteration 102
Elapsed time for kappa 30.7954 sec
Elapsed time for experts 11.8058 sec
Elapsed time for households 11.1316 sec
Iteration 103
Elapsed time for kappa 30.7945 sec
Elapsed time for experts 18.5981 sec
Elapsed time for households 11.4617 sec
Iteration 104
Elapsed time for kappa 32.7109 sec
Elapsed time for experts 12.6493 sec
Elapsed time for households 11.3976 sec
Iteration 105
Elapsed time for kappa 31.9762 sec
Elapsed time for experts 12.6822 sec
Elapsed time for households 11.2917 sec
Iteration 106
Elapsed time for kappa 31.4895 sec
Elapsed time for experts 12.2327 sec
Elapsed time for households 10.7990 sec
Iteration 107
Elapsed time for kappa 30.6357 sec
Elapsed time for experts 12.3530 sec
Elapsed time for households 10.9249 sec
Iteration 108
Elapsed time for kappa 30.8169 sec
Elapsed time for experts 11.8791 sec
Elapsed time for households 10.3553 sec
Iteration 109
Elapsed time for kappa 30.5886 sec
Elapsed time for experts 19.0276 sec
Elapsed time for households 11.7256 sec
Iteration 110
Elapsed time for kappa 32.0068 sec
Elapsed time for experts 12.7452 sec
Elapsed time for households 11.1361 sec
Iteration 111
Elapsed time for kappa 31.8264 sec
Elapsed time for experts 12.2264 sec
Elapsed time for households 10.9554 sec
Iteration 112
Elapsed time for kappa 31.2720 sec
Elapsed time for experts 12.0331 sec
Elapsed time for households 11.2990 sec
Iteration 113
Elapsed time for kappa 31.2399 sec
Elapsed time for experts 12.0674 sec
Elapsed time for households 11.0219 sec
Iteration 114
Elapsed time for kappa 31.5082 sec
Elapsed time for experts 12.2337 sec
Elapsed time for households 10.4005 sec
Iteration 115
Elapsed time for kappa 30.7085 sec
Elapsed time for experts 18.5893 sec
Elapsed time for households 11.7374 sec
Iteration 116
Elapsed time for kappa 32.4555 sec
Elapsed time for experts 12.6207 sec
Elapsed time for households 11.5896 sec
Iteration 117
Elapsed time for kappa 32.2655 sec
Elapsed time for experts 12.5723 sec
Elapsed time for households 11.2125 sec
Iteration 118
Elapsed time for kappa 31.6824 sec
Elapsed time for experts 12.3841 sec
Elapsed time for households 11.1224 sec
Iteration 119
Elapsed time for kappa 31.2340 sec
Elapsed time for experts 11.8209 sec
Elapsed time for households 11.0080 sec
Iteration 120
Elapsed time for kappa 31.7935 sec
Elapsed time for experts 11.8837 sec
Elapsed time for households 11.3800 sec
Iteration 121
Elapsed time for kappa 30.8123 sec
Elapsed time for experts 18.9779 sec
Elapsed time for households 11.7195 sec
Iteration 122
Elapsed time for kappa 32.1334 sec
Elapsed time for experts 13.3261 sec
Elapsed time for households 11.8309 sec
Iteration 123
Elapsed time for kappa 31.8584 sec
Elapsed time for experts 12.4377 sec
Elapsed time for households 11.1351 sec
Iteration 124
Elapsed time for kappa 31.8048 sec
Elapsed time for experts 12.9678 sec
Elapsed time for households 10.8030 sec
Iteration 125
Elapsed time for kappa 31.3777 sec
Elapsed time for experts 11.7094 sec
Elapsed time for households 11.0434 sec
Iteration 126
Elapsed time for kappa 31.0597 sec
Elapsed time for experts 12.1819 sec
Elapsed time for households 10.9850 sec
Iteration 127
Elapsed time for kappa 38.6824 sec
Elapsed time for experts 13.1856 sec
Elapsed time for households 11.2461 sec
Iteration 128
Elapsed time for kappa 32.4215 sec
Elapsed time for experts 12.6438 sec
Elapsed time for households 11.3539 sec
Iteration 129
Elapsed time for kappa 32.1265 sec
Elapsed time for experts 12.3381 sec
Elapsed time for households 11.1112 sec
Iteration 130
Elapsed time for kappa 31.5672 sec
Elapsed time for experts 12.3034 sec
Elapsed time for households 10.5757 sec
Iteration 131
Elapsed time for kappa 31.1219 sec
Elapsed time for experts 12.4686 sec
Elapsed time for households 10.6573 sec
Iteration 132
Elapsed time for kappa 31.0357 sec
Elapsed time for experts 12.0363 sec
Elapsed time for households 10.2895 sec
Iteration 133
Elapsed time for kappa 38.5354 sec
Elapsed time for experts 12.7886 sec
Elapsed time for households 11.8282 sec
Iteration 134
Elapsed time for kappa 32.3724 sec
Elapsed time for experts 12.8019 sec
Elapsed time for households 11.2711 sec
Iteration 135
Elapsed time for kappa 31.4349 sec
Elapsed time for experts 12.4212 sec
Elapsed time for households 11.2579 sec
Iteration 136
Elapsed time for kappa 31.2632 sec
Elapsed time for experts 12.3420 sec
Elapsed time for households 10.7157 sec
Iteration 137
Elapsed time for kappa 31.0159 sec
Elapsed time for experts 12.2374 sec
Elapsed time for households 10.4398 sec
Iteration 138
Elapsed time for kappa 30.7237 sec
Elapsed time for experts 11.8532 sec
Elapsed time for households 10.8747 sec
Iteration 139
Elapsed time for kappa 38.7709 sec
Elapsed time for experts 12.5258 sec
Elapsed time for households 11.4835 sec
Iteration 140
Elapsed time for kappa 32.1277 sec
Elapsed time for experts 12.6214 sec
Elapsed time for households 11.4906 sec
Iteration 141
Elapsed time for kappa 31.7569 sec
Elapsed time for experts 12.6454 sec
Elapsed time for households 11.1718 sec
Iteration 142
Elapsed time for kappa 31.1475 sec
Elapsed time for experts 11.8807 sec
Elapsed time for households 10.7213 sec
Iteration 143
Elapsed time for kappa 31.6061 sec
Elapsed time for experts 12.1149 sec
Elapsed time for households 10.6077 sec
Iteration 144
Elapsed time for kappa 30.7149 sec
Elapsed time for experts 12.1055 sec
Elapsed time for households 10.5263 sec
Iteration 145
Elapsed time for kappa 38.9212 sec
Elapsed time for experts 13.0041 sec
Elapsed time for households 11.7425 sec
Iteration 146
Elapsed time for kappa 32.2953 sec
Elapsed time for experts 12.8350 sec
Elapsed time for households 11.5846 sec
Iteration 147
Elapsed time for kappa 31.8810 sec
Elapsed time for experts 12.3705 sec
Elapsed time for households 11.0929 sec
Iteration 148
Elapsed time for kappa 31.3016 sec
Elapsed time for experts 12.5848 sec
Elapsed time for households 11.1146 sec
Iteration 149
Elapsed time for kappa 30.9246 sec
Elapsed time for experts 12.3030 sec
Elapsed time for households 10.8479 sec
Iteration 150
Elapsed time for kappa 31.0301 sec
Elapsed time for experts 12.2999 sec
Elapsed time for households 10.6545 sec
Iteration 151
Elapsed time for kappa 37.9948 sec
Elapsed time for experts 13.0407 sec
Elapsed time for households 11.8636 sec
Iteration 152
Elapsed time for kappa 32.1779 sec
Elapsed time for experts 12.7680 sec
Elapsed time for households 11.3385 sec
Iteration 153
Elapsed time for kappa 31.7474 sec
Elapsed time for experts 12.4805 sec
Elapsed time for households 11.2921 sec
Iteration 154
Elapsed time for kappa 31.5369 sec
Elapsed time for experts 12.4008 sec
Elapsed time for households 11.3067 sec
Iteration 155
Elapsed time for kappa 31.2967 sec
Elapsed time for experts 12.0018 sec
Elapsed time for households 10.7390 sec
Iteration 156
Elapsed time for kappa 31.2013 sec
Elapsed time for experts 12.5953 sec
Elapsed time for households 10.6800 sec
Iteration 157
Elapsed time for kappa 38.8843 sec
Elapsed time for experts 13.1253 sec
Elapsed time for households 11.5570 sec
Iteration 158
Elapsed time for kappa 32.3643 sec
Elapsed time for experts 12.6183 sec
Elapsed time for households 11.6514 sec
Iteration 159
Elapsed time for kappa 31.7230 sec
Elapsed time for experts 13.0031 sec
Elapsed time for households 11.0746 sec
Iteration 160
Elapsed time for kappa 31.7761 sec
Elapsed time for experts 12.6999 sec
Elapsed time for households 10.6390 sec
Iteration 161
Elapsed time for kappa 30.9778 sec
Elapsed time for experts 12.1475 sec
Elapsed time for households 10.7966 sec
Iteration 162
Elapsed time for kappa 30.7076 sec
Elapsed time for experts 12.0519 sec
Elapsed time for households 11.0615 sec
Iteration 163
Elapsed time for kappa 38.9462 sec
Elapsed time for experts 12.7592 sec
Elapsed time for households 11.4669 sec
Iteration 164
Elapsed time for kappa 32.7321 sec
Elapsed time for experts 12.7456 sec
Elapsed time for households 11.8170 sec
Iteration 165
Elapsed time for kappa 32.0298 sec
Elapsed time for experts 12.4783 sec
Elapsed time for households 11.7012 sec
Iteration 166
Elapsed time for kappa 31.5007 sec
Elapsed time for experts 12.6863 sec
Elapsed time for households 11.3071 sec
Iteration 167
Elapsed time for kappa 30.6042 sec
Elapsed time for experts 12.2034 sec
Elapsed time for households 10.6212 sec
Iteration 168
Elapsed time for kappa 30.7588 sec
Elapsed time for experts 18.5787 sec
Elapsed time for households 11.9899 sec
Iteration 169
Elapsed time for kappa 32.4591 sec
Elapsed time for experts 12.7730 sec
Elapsed time for households 11.2965 sec
Iteration 170
Elapsed time for kappa 32.1685 sec
Elapsed time for experts 13.2445 sec
Elapsed time for households 11.2271 sec
Iteration 171
Elapsed time for kappa 31.6345 sec
Elapsed time for experts 12.2782 sec
Elapsed time for households 11.2122 sec
Iteration 172
Elapsed time for kappa 31.5938 sec
Elapsed time for experts 12.4029 sec
Elapsed time for households 11.2468 sec
Iteration 173
Elapsed time for kappa 30.5404 sec
Elapsed time for experts 12.3867 sec
Elapsed time for households 10.8078 sec
Iteration 174
Elapsed time for kappa 31.0404 sec
Elapsed time for experts 12.4244 sec
Elapsed time for households 17.6805 sec
Iteration 175
Elapsed time for kappa 32.6364 sec
Elapsed time for experts 12.7330 sec
Elapsed time for households 11.7664 sec
Iteration 176
Elapsed time for kappa 32.3752 sec
Elapsed time for experts 13.1488 sec
Elapsed time for households 11.5891 sec
Iteration 177
Elapsed time for kappa 31.5040 sec
Elapsed time for experts 12.9587 sec
Elapsed time for households 11.3264 sec
Iteration 178
Elapsed time for kappa 31.4367 sec
Elapsed time for experts 12.1190 sec
Elapsed time for households 11.1304 sec
Iteration 179
Elapsed time for kappa 30.9421 sec
Elapsed time for experts 12.5586 sec
Elapsed time for households 11.3866 sec
Iteration 180
Elapsed time for kappa 30.6420 sec
Elapsed time for experts 12.3752 sec
Elapsed time for households 17.7999 sec
Iteration 181
Elapsed time for kappa 33.1178 sec
Elapsed time for experts 12.9856 sec
Elapsed time for households 12.1690 sec
Iteration 182
Elapsed time for kappa 32.0347 sec
Elapsed time for experts 12.6643 sec
Elapsed time for households 11.2732 sec
Iteration 183
Elapsed time for kappa 32.1469 sec
Elapsed time for experts 12.6446 sec
Elapsed time for households 11.4450 sec
Iteration 184
Elapsed time for kappa 31.1883 sec
Elapsed time for experts 12.8307 sec
Elapsed time for households 10.9373 sec
Iteration 185
Elapsed time for kappa 30.9494 sec
Elapsed time for experts 11.9451 sec
Elapsed time for households 11.1752 sec
Iteration 186
Elapsed time for kappa 31.0317 sec
Elapsed time for experts 11.9422 sec
Elapsed time for households 11.4372 sec
Iteration 187
Elapsed time for kappa 39.5402 sec
Elapsed time for experts 13.4672 sec
Elapsed time for households 12.1087 sec
Iteration 188
Elapsed time for kappa 32.5811 sec
Elapsed time for experts 12.5423 sec
Elapsed time for households 11.5557 sec
Iteration 189
Elapsed time for kappa 31.9003 sec
Elapsed time for experts 12.5930 sec
Elapsed time for households 11.7596 sec
Iteration 190
Elapsed time for kappa 31.2169 sec
Elapsed time for experts 12.8759 sec
Elapsed time for households 10.7582 sec
Iteration 191
Elapsed time for kappa 31.2132 sec
Elapsed time for experts 12.3558 sec
Elapsed time for households 11.0284 sec
Iteration 192
Elapsed time for kappa 30.7299 sec
Elapsed time for experts 12.5538 sec
Elapsed time for households 16.8608 sec
Iteration 193
Elapsed time for kappa 33.0041 sec
Elapsed time for experts 13.1834 sec
Elapsed time for households 11.2064 sec
Iteration 194
Elapsed time for kappa 32.4269 sec
Elapsed time for experts 12.8546 sec
Elapsed time for households 11.1779 sec
Iteration 195
Elapsed time for kappa 31.7640 sec
Elapsed time for experts 12.9079 sec
Elapsed time for households 11.3183 sec
Iteration 196
Elapsed time for kappa 31.4441 sec
Elapsed time for experts 12.0196 sec
Elapsed time for households 10.6593 sec
Iteration 197
Elapsed time for kappa 30.7544 sec
Elapsed time for experts 12.4028 sec
Elapsed time for households 11.2321 sec
Iteration 198
Elapsed time for kappa 30.4015 sec
Elapsed time for experts 18.6541 sec
Elapsed time for households 11.8210 sec
Iteration 199
Elapsed time for kappa 32.4664 sec
Elapsed time for experts 13.0077 sec
Elapsed time for households 11.4602 sec
Iteration 200
Elapsed time for kappa 31.9995 sec
Elapsed time for experts 12.7743 sec
Elapsed time for households 11.3950 sec
Iteration 201
Elapsed time for kappa 31.7632 sec
Elapsed time for experts 12.4992 sec
Elapsed time for households 11.3458 sec
Iteration 202
Elapsed time for kappa 31.2246 sec
Elapsed time for experts 12.3130 sec
Elapsed time for households 10.9373 sec
Iteration 203
Elapsed time for kappa 31.1582 sec
Elapsed time for experts 12.3721 sec
Elapsed time for households 11.0609 sec
Iteration 204
Elapsed time for kappa 30.1200 sec
Elapsed time for experts 12.1580 sec
Elapsed time for households 17.8652 sec
Iteration 205
Elapsed time for kappa 33.2609 sec
Elapsed time for experts 12.5371 sec
Elapsed time for households 11.2992 sec
Iteration 206
Elapsed time for kappa 32.1590 sec
Elapsed time for experts 12.5166 sec
Elapsed time for households 11.7605 sec
Iteration 207
Elapsed time for kappa 32.0442 sec
Elapsed time for experts 12.3574 sec
Elapsed time for households 11.3821 sec
Iteration 208
Elapsed time for kappa 31.7035 sec
Elapsed time for experts 12.4392 sec
Elapsed time for households 11.0275 sec
Iteration 209
Elapsed time for kappa 31.1609 sec
Elapsed time for experts 12.4458 sec
Elapsed time for households 10.9618 sec
Iteration 210
Elapsed time for kappa 30.7713 sec
Elapsed time for experts 11.9018 sec
Elapsed time for households 18.3083 sec
Iteration 211
Elapsed time for kappa 32.1534 sec
Elapsed time for experts 12.6148 sec
Elapsed time for households 11.5802 sec
Iteration 212
Elapsed time for kappa 32.8030 sec
Elapsed time for experts 12.0502 sec
Elapsed time for households 11.7637 sec
Iteration 213
Elapsed time for kappa 31.7133 sec
Elapsed time for experts 12.9317 sec
Elapsed time for households 11.8449 sec
Iteration 214
Elapsed time for kappa 31.5739 sec
Elapsed time for experts 12.7638 sec
Elapsed time for households 11.2467 sec
Iteration 215
Elapsed time for kappa 31.0954 sec
Elapsed time for experts 12.1134 sec
Elapsed time for households 10.6598 sec
Iteration 216
Elapsed time for kappa 30.9844 sec
Elapsed time for experts 11.7485 sec
Elapsed time for households 10.9108 sec
Iteration 217
Elapsed time for kappa 39.3707 sec
Elapsed time for experts 13.0425 sec
Elapsed time for households 12.1679 sec
Iteration 218
Elapsed time for kappa 32.8611 sec
Elapsed time for experts 12.4298 sec
Elapsed time for households 11.1139 sec
Iteration 219
Elapsed time for kappa 32.0435 sec
Elapsed time for experts 12.5437 sec
Elapsed time for households 11.3331 sec
Iteration 220
Elapsed time for kappa 31.2716 sec
Elapsed time for experts 12.4094 sec
Elapsed time for households 11.1688 sec
Iteration 221
Elapsed time for kappa 31.2570 sec
Elapsed time for experts 12.2172 sec
Elapsed time for households 11.0727 sec
Iteration 222
Elapsed time for kappa 30.7717 sec
Elapsed time for experts 12.1510 sec
Elapsed time for households 17.7523 sec
Iteration 223
Elapsed time for kappa 33.2079 sec
Elapsed time for experts 12.8726 sec
Elapsed time for households 11.7084 sec
Iteration 224
Elapsed time for kappa 32.3577 sec
Elapsed time for experts 12.1769 sec
Elapsed time for households 11.5869 sec
Iteration 225
Elapsed time for kappa 32.4044 sec
Elapsed time for experts 12.7289 sec
Elapsed time for households 11.2798 sec
Iteration 226
Elapsed time for kappa 30.9232 sec
Elapsed time for experts 12.4264 sec
Elapsed time for households 10.9293 sec
Iteration 227
Elapsed time for kappa 31.1113 sec
Elapsed time for experts 12.2126 sec
Elapsed time for households 10.7991 sec
Iteration 228
Elapsed time for kappa 31.3000 sec
Elapsed time for experts 11.7051 sec
Elapsed time for households 18.2117 sec
Iteration 229
Elapsed time for kappa 32.6837 sec
Elapsed time for experts 13.5668 sec
Elapsed time for households 11.9933 sec
Iteration 230
Elapsed time for kappa 32.4784 sec
Elapsed time for experts 12.6381 sec
Elapsed time for households 11.5051 sec
Iteration 231
Elapsed time for kappa 32.8246 sec
Elapsed time for experts 12.7863 sec
Elapsed time for households 11.4505 sec
Iteration 232
Elapsed time for kappa 31.3682 sec
Elapsed time for experts 12.6684 sec
Elapsed time for households 11.2386 sec
Iteration 233
Elapsed time for kappa 30.9265 sec
Elapsed time for experts 12.4019 sec
Elapsed time for households 11.2574 sec
Iteration 234
Elapsed time for kappa 30.7698 sec
Elapsed time for experts 11.9187 sec
Elapsed time for households 10.5809 sec
Iteration 235
Elapsed time for kappa 39.4991 sec
Elapsed time for experts 13.1265 sec
Elapsed time for households 12.2327 sec
Iteration 236
Elapsed time for kappa 32.3871 sec
Elapsed time for experts 13.1861 sec
Elapsed time for households 11.5086 sec
Iteration 237
Elapsed time for kappa 31.9698 sec
Elapsed time for experts 12.1916 sec
Elapsed time for households 11.1287 sec
Iteration 238
Elapsed time for kappa 31.8044 sec
Elapsed time for experts 12.6594 sec
Elapsed time for households 11.1175 sec
Iteration 239
Elapsed time for kappa 31.0369 sec
Elapsed time for experts 12.4438 sec
Elapsed time for households 10.5930 sec
Iteration 240
Elapsed time for kappa 30.8496 sec
Elapsed time for experts 18.8485 sec
Elapsed time for households 11.8215 sec
Iteration 241
Elapsed time for kappa 32.9102 sec
Elapsed time for experts 12.8565 sec
Elapsed time for households 12.0109 sec
Iteration 242
Elapsed time for kappa 32.8878 sec
Elapsed time for experts 12.4969 sec
Elapsed time for households 11.6755 sec
Iteration 243
Elapsed time for kappa 32.4455 sec
Elapsed time for experts 12.2399 sec
Elapsed time for households 11.4895 sec
Iteration 244
Elapsed time for kappa 32.0092 sec
Elapsed time for experts 12.5009 sec
Elapsed time for households 10.9395 sec
Iteration 245
Elapsed time for kappa 31.3447 sec
Elapsed time for experts 12.2807 sec
Elapsed time for households 10.9364 sec
Iteration 246
Elapsed time for kappa 30.9864 sec
Elapsed time for experts 12.0398 sec
Elapsed time for households 17.7944 sec
Iteration 247
Elapsed time for kappa 33.3826 sec
Elapsed time for experts 13.1456 sec
Elapsed time for households 11.7848 sec
Iteration 248
Elapsed time for kappa 32.9967 sec
Elapsed time for experts 12.4811 sec
Elapsed time for households 11.0041 sec
Iteration 249
Elapsed time for kappa 32.4721 sec
Elapsed time for experts 12.4041 sec
Elapsed time for households 11.3903 sec
Iteration 250
Elapsed time for kappa 31.7086 sec
Elapsed time for experts 12.1422 sec
Elapsed time for households 11.3309 sec
Iteration 251
Elapsed time for kappa 30.9500 sec
Elapsed time for experts 12.0557 sec
Elapsed time for households 10.9813 sec
Iteration 252
Elapsed time for kappa 30.7054 sec
Elapsed time for experts 12.1408 sec
Elapsed time for households 17.7268 sec
Iteration 253
Elapsed time for kappa 32.9011 sec
Elapsed time for experts 13.0693 sec
Elapsed time for households 12.0141 sec
Iteration 254
Elapsed time for kappa 32.1602 sec
Elapsed time for experts 12.7259 sec
Elapsed time for households 11.3416 sec
Iteration 255
Elapsed time for kappa 32.6525 sec
Elapsed time for experts 12.4566 sec
Elapsed time for households 11.7198 sec
Iteration 256
Elapsed time for kappa 31.5996 sec
Elapsed time for experts 12.2483 sec
Elapsed time for households 11.4155 sec
Iteration 257
Elapsed time for kappa 30.8632 sec
Elapsed time for experts 11.8443 sec
Elapsed time for households 10.7440 sec
Iteration 258
Elapsed time for kappa 31.1905 sec
Elapsed time for experts 12.3496 sec
Elapsed time for households 10.6908 sec
Iteration 259
Elapsed time for kappa 40.5805 sec
Elapsed time for experts 13.1518 sec
Elapsed time for households 11.7663 sec
Iteration 260
Elapsed time for kappa 32.6851 sec
Elapsed time for experts 13.2761 sec
Elapsed time for households 11.7778 sec
Iteration 261
Elapsed time for kappa 32.8966 sec
Elapsed time for experts 12.3815 sec
Elapsed time for households 11.0333 sec
Iteration 262
Elapsed time for kappa 31.9629 sec
Elapsed time for experts 12.3515 sec
Elapsed time for households 11.4270 sec
Iteration 263
Elapsed time for kappa 31.4048 sec
Elapsed time for experts 12.1271 sec
Elapsed time for households 11.0833 sec
Iteration 264
Elapsed time for kappa 32.0059 sec
Elapsed time for experts 11.9206 sec
Elapsed time for households 17.5632 sec
Iteration 265
Elapsed time for kappa 33.4644 sec
Elapsed time for experts 12.6601 sec
Elapsed time for households 11.6376 sec
Iteration 266
Elapsed time for kappa 31.9296 sec
Elapsed time for experts 12.6451 sec
Elapsed time for households 11.8684 sec
Iteration 267
Elapsed time for kappa 32.1901 sec
Elapsed time for experts 12.7921 sec
Elapsed time for households 11.4848 sec
Iteration 268
Elapsed time for kappa 32.1027 sec
Elapsed time for experts 12.0504 sec
Elapsed time for households 11.4254 sec
Iteration 269
Elapsed time for kappa 30.9653 sec
Elapsed time for experts 11.6659 sec
Elapsed time for households 11.5080 sec
Iteration 270
Elapsed time for kappa 30.7645 sec
Elapsed time for experts 11.8160 sec
Elapsed time for households 10.5815 sec
Iteration 271
Elapsed time for kappa 40.4755 sec
Elapsed time for experts 13.0996 sec
Elapsed time for households 11.6225 sec
Iteration 272
Elapsed time for kappa 32.2467 sec
Elapsed time for experts 12.7903 sec
Elapsed time for households 11.7815 sec
Iteration 273
Elapsed time for kappa 32.1347 sec
Elapsed time for experts 12.9842 sec
Elapsed time for households 11.5838 sec
Iteration 274
Elapsed time for kappa 32.1282 sec
Elapsed time for experts 12.1359 sec
Elapsed time for households 11.5369 sec
Iteration 275
Elapsed time for kappa 31.8643 sec
Elapsed time for experts 12.2237 sec
Elapsed time for households 11.0917 sec
Iteration 276
Elapsed time for kappa 31.4548 sec
Elapsed time for experts 11.9859 sec
Elapsed time for households 11.0505 sec
Iteration 277
Elapsed time for kappa 40.0254 sec
Elapsed time for experts 12.8824 sec
Elapsed time for households 11.3873 sec
Iteration 278
Elapsed time for kappa 32.8076 sec
Elapsed time for experts 12.7150 sec
Elapsed time for households 11.0657 sec
Iteration 279
Elapsed time for kappa 32.5527 sec
Elapsed time for experts 12.8435 sec
Elapsed time for households 11.4736 sec
Iteration 280
Elapsed time for kappa 31.8804 sec
Elapsed time for experts 12.5532 sec
Elapsed time for households 11.3086 sec
Iteration 281
Elapsed time for kappa 31.8010 sec
Elapsed time for experts 11.9752 sec
Elapsed time for households 10.7646 sec
Iteration 282
Elapsed time for kappa 31.1419 sec
Elapsed time for experts 19.0653 sec
Elapsed time for households 12.7643 sec
Iteration 283
Elapsed time for kappa 33.0209 sec
Elapsed time for experts 12.5998 sec
Elapsed time for households 11.5757 sec
Iteration 284
Elapsed time for kappa 32.4939 sec
Elapsed time for experts 12.9484 sec
Elapsed time for households 11.8443 sec
Iteration 285
Elapsed time for kappa 32.8365 sec
Elapsed time for experts 12.4313 sec
Elapsed time for households 11.3035 sec
Iteration 286
Elapsed time for kappa 31.9139 sec
Elapsed time for experts 12.5599 sec
Elapsed time for households 11.3961 sec
Iteration 287
Elapsed time for kappa 31.4771 sec
Elapsed time for experts 11.8995 sec
Elapsed time for households 10.5749 sec
Iteration 288
Elapsed time for kappa 30.7063 sec
Elapsed time for experts 12.0329 sec
Elapsed time for households 18.0741 sec
Iteration 289
Elapsed time for kappa 33.5082 sec
Elapsed time for experts 12.8827 sec
Elapsed time for households 11.5467 sec
Iteration 290
Elapsed time for kappa 32.4128 sec
Elapsed time for experts 12.9546 sec
Elapsed time for households 11.1636 sec
Iteration 291
Elapsed time for kappa 32.6332 sec
Elapsed time for experts 12.3034 sec
Elapsed time for households 11.0537 sec
Iteration 292
Elapsed time for kappa 32.3866 sec
Elapsed time for experts 12.4788 sec
Elapsed time for households 11.1289 sec
Iteration 293
Elapsed time for kappa 31.5038 sec
Elapsed time for experts 12.1440 sec
Elapsed time for households 11.0122 sec
Iteration 294
Elapsed time for kappa 31.1545 sec
Elapsed time for experts 11.9177 sec
Elapsed time for households 17.5612 sec
Iteration 295
Elapsed time for kappa 33.5025 sec
Elapsed time for experts 13.0151 sec
Elapsed time for households 11.7577 sec
Iteration 296
Elapsed time for kappa 32.4070 sec
Elapsed time for experts 12.6894 sec
Elapsed time for households 11.8455 sec
Iteration 297
Elapsed time for kappa 32.8874 sec
Elapsed time for experts 13.0629 sec
Elapsed time for households 11.3918 sec
Iteration 298
Elapsed time for kappa 32.1508 sec
Elapsed time for experts 12.8729 sec
Elapsed time for households 11.1048 sec
Iteration 299
Elapsed time for kappa 31.4349 sec
Elapsed time for experts 12.4984 sec
Elapsed time for households 10.8083 sec
Elapsed time for training 17156.5111 sec
90000 90000 90000 90000
