Iteration 0
Elapsed time for kappa 114.3270 sec
Elapsed time for experts 44.9776 sec
Elapsed time for households 37.3752 sec
Iteration 1
Elapsed time for kappa 83.8995 sec
Elapsed time for experts 39.6166 sec
Elapsed time for households 37.5590 sec
Iteration 2
Elapsed time for kappa 80.9657 sec
Elapsed time for experts 41.9482 sec
Elapsed time for households 35.3261 sec
Iteration 3
Elapsed time for kappa 88.9075 sec
Elapsed time for experts 36.5329 sec
Elapsed time for households 39.2144 sec
Iteration 4
Elapsed time for kappa 89.8815 sec
Elapsed time for experts 38.6736 sec
Elapsed time for households 33.4599 sec
Iteration 5
Elapsed time for kappa 92.7694 sec
Elapsed time for experts 38.3587 sec
Elapsed time for households 32.0845 sec
Iteration 6
Elapsed time for kappa 93.9656 sec
Elapsed time for experts 40.0937 sec
Elapsed time for households 34.7678 sec
Iteration 7
Elapsed time for kappa 98.7461 sec
Elapsed time for experts 40.2179 sec
Elapsed time for households 34.8198 sec
Iteration 8
Elapsed time for kappa 86.4409 sec
Elapsed time for experts 39.1957 sec
Elapsed time for households 32.7874 sec
Iteration 9
Elapsed time for kappa 85.0058 sec
Elapsed time for experts 39.3924 sec
Elapsed time for households 33.9441 sec
Iteration 10
Elapsed time for kappa 85.7292 sec
Elapsed time for experts 39.1657 sec
Elapsed time for households 34.5819 sec
Iteration 11
Elapsed time for kappa 85.1513 sec
Elapsed time for experts 39.4966 sec
Elapsed time for households 34.4275 sec
Iteration 12
Elapsed time for kappa 83.9086 sec
Elapsed time for experts 40.7351 sec
Elapsed time for households 35.7499 sec
Iteration 13
Elapsed time for kappa 60.0870 sec
Elapsed time for experts 41.0065 sec
Elapsed time for households 36.3134 sec
Iteration 14
Elapsed time for kappa 40.7705 sec
Elapsed time for experts 38.8501 sec
Elapsed time for households 35.1262 sec
Elapsed time for training 2397.2147 sec
90000 90000 90000 90000
