Iteration 0
Elapsed time for kappa 134.8126 sec
Elapsed time for experts 55.7873 sec
Elapsed time for households 44.1202 sec
Iteration 1
Elapsed time for kappa 111.4420 sec
Elapsed time for experts 49.2131 sec
Elapsed time for households 41.1264 sec
Iteration 2
Elapsed time for kappa 111.6980 sec
Elapsed time for experts 47.2297 sec
Elapsed time for households 46.7766 sec
Iteration 3
Elapsed time for kappa 114.1621 sec
Elapsed time for experts 47.5437 sec
Elapsed time for households 50.2360 sec
Iteration 4
Elapsed time for kappa 105.1000 sec
Elapsed time for experts 50.6265 sec
Elapsed time for households 46.7376 sec
Iteration 5
Elapsed time for kappa 104.0056 sec
Elapsed time for experts 54.1084 sec
Elapsed time for households 41.2911 sec
Iteration 6
Elapsed time for kappa 105.6932 sec
Elapsed time for experts 49.7620 sec
Elapsed time for households 45.3452 sec
Iteration 7
Elapsed time for kappa 117.6597 sec
Elapsed time for experts 52.2504 sec
Elapsed time for households 47.7991 sec
Iteration 8
Elapsed time for kappa 111.4890 sec
Elapsed time for experts 48.9815 sec
Elapsed time for households 44.6711 sec
Iteration 9
Elapsed time for kappa 108.5161 sec
Elapsed time for experts 50.3747 sec
Elapsed time for households 41.6665 sec
Iteration 10
Elapsed time for kappa 111.2211 sec
Elapsed time for experts 49.2670 sec
Elapsed time for households 40.3393 sec
Iteration 11
Elapsed time for kappa 102.6575 sec
Elapsed time for experts 45.7966 sec
Elapsed time for households 38.5524 sec
Iteration 12
Elapsed time for kappa 101.4443 sec
Elapsed time for experts 46.4378 sec
Elapsed time for households 40.0922 sec
Iteration 13
Elapsed time for kappa 108.5465 sec
Elapsed time for experts 46.3075 sec
Elapsed time for households 40.4303 sec
Iteration 14
Elapsed time for kappa 94.3401 sec
Elapsed time for experts 42.1804 sec
Elapsed time for households 40.1467 sec
Elapsed time for training 3029.0494 sec
