2022-10-02 23:00:12.928926: I tensorflow/core/platform/cpu_feature_guard.cc:193] This TensorFlow binary is optimized with oneAPI Deep Neural Network Library (oneDNN) to use the following CPU instructions in performance-critical operations:  AVX2 AVX512F AVX512_VNNI FMA
To enable them in other operations, rebuild TensorFlow with the appropriate compiler flags.
2022-10-02 23:00:13.081141: I tensorflow/core/util/util.cc:169] oneDNN custom operations are on. You may see slightly different numerical results due to floating-point round-off errors from different computation orders. To turn them off, set the environment variable `TF_ENABLE_ONEDNN_OPTS=0`.
2022-10-02 23:00:13.086831: W tensorflow/stream_executor/platform/default/dso_loader.cc:64] Could not load dynamic library 'libcudart.so.11.0'; dlerror: libcudart.so.11.0: cannot open shared object file: No such file or directory; LD_LIBRARY_PATH: /software/python-anaconda-2022.05-el8-x86_64/lib:/software/cudnn-8.3.1-el8-x86_64/lib64
2022-10-02 23:00:13.086856: I tensorflow/stream_executor/cuda/cudart_stub.cc:29] Ignore above cudart dlerror if you do not have a GPU set up on your machine.
2022-10-02 23:00:13.114919: E tensorflow/stream_executor/cuda/cuda_blas.cc:2981] Unable to register cuBLAS factory: Attempting to register factory for plugin cuBLAS when one has already been registered
2022-10-02 23:00:13.814866: W tensorflow/stream_executor/platform/default/dso_loader.cc:64] Could not load dynamic library 'libnvinfer.so.7'; dlerror: libnvinfer.so.7: cannot open shared object file: No such file or directory; LD_LIBRARY_PATH: /software/python-anaconda-2022.05-el8-x86_64/lib:/software/cudnn-8.3.1-el8-x86_64/lib64
2022-10-02 23:00:13.814967: W tensorflow/stream_executor/platform/default/dso_loader.cc:64] Could not load dynamic library 'libnvinfer_plugin.so.7'; dlerror: libnvinfer_plugin.so.7: cannot open shared object file: No such file or directory; LD_LIBRARY_PATH: /software/python-anaconda-2022.05-el8-x86_64/lib:/software/cudnn-8.3.1-el8-x86_64/lib64
2022-10-02 23:00:13.814978: W tensorflow/compiler/tf2tensorrt/utils/py_utils.cc:38] TF-TRT Warning: Cannot dlopen some TensorRT libraries. If you would like to use Nvidia GPU with TensorRT, please make sure the missing libraries mentioned above are installed properly.
2022-10-02 23:00:16.487394: W tensorflow/stream_executor/platform/default/dso_loader.cc:64] Could not load dynamic library 'libcuda.so.1'; dlerror: libcuda.so.1: cannot open shared object file: No such file or directory; LD_LIBRARY_PATH: /software/python-anaconda-2022.05-el8-x86_64/lib:/software/cudnn-8.3.1-el8-x86_64/lib64
2022-10-02 23:00:16.487435: W tensorflow/stream_executor/cuda/cuda_driver.cc:263] failed call to cuInit: UNKNOWN ERROR (303)
2022-10-02 23:00:16.487455: I tensorflow/stream_executor/cuda/cuda_diagnostics.cc:156] kernel driver does not appear to be running on this host (midway3-0137.rcc.local): /proc/driver/nvidia/version does not exist
2022-10-02 23:00:16.487843: I tensorflow/core/platform/cpu_feature_guard.cc:193] This TensorFlow binary is optimized with oneAPI Deep Neural Network Library (oneDNN) to use the following CPU instructions in performance-critical operations:  AVX2 AVX512F AVX512_VNNI FMA
To enable them in other operations, rebuild TensorFlow with the appropriate compiler flags.
2022-10-02 23:00:54.091842: W tensorflow/core/common_runtime/forward_type_inference.cc:332] Type inference failed. This indicates an invalid graph that escaped type checking. Error message: INVALID_ARGUMENT: expected compatible input types, but input 1:
type_id: TFT_OPTIONAL
args {
  type_id: TFT_PRODUCT
  args {
    type_id: TFT_TENSOR
    args {
      type_id: TFT_BOOL
    }
  }
}
 is neither a subtype nor a supertype of the combined inputs preceding it:
type_id: TFT_OPTIONAL
args {
  type_id: TFT_PRODUCT
  args {
    type_id: TFT_TENSOR
    args {
      type_id: TFT_DOUBLE
    }
  }
}

	while inferring type of node 'StatefulPartitionedCall_1/StatefulPartitionedCall/cond_1_259/output/_29750'
Iter: 1 loss: 0.088111153710200049
Iter: 2 loss: 0.0014605666529377728
Iter: 3 loss: 0.0014599502124646576
Iter: 4 loss: 0.0014574756925576251
Iter: 5 loss: 0.0014474305754283189
Iter: 6 loss: 0.0014050373826328903
Iter: 7 loss: 0.0012830960289259283
Iter: 8 loss: 0.0012711024202142819
Iter: 9 loss: 0.0012091825715390867
Iter: 10 loss: 0.00086065760848761243
Iter: 11 loss: 0.069025280781990911
Iter: 12 loss: 0.00084403874132527533
Iter: 13 loss: 0.00082736464621021135
Iter: 14 loss: 0.011478262435842181
Iter: 15 loss: 0.0007449478404659331
Iter: 16 loss: 0.00066146298227587
Iter: 17 loss: 0.0006025845435435643
Iter: 18 loss: 0.00057855001514509486
Iter: 19 loss: 0.00037419393829018029
Iter: 20 loss: 0.32764075729099595
Iter: 21 loss: 0.00036879562618224407
Iter: 22 loss: 0.0003375191631351382
Iter: 23 loss: 0.00028373188732614427
Iter: 24 loss: 0.00025510673597391252
Iter: 25 loss: 0.00024690090028548113
Iter: 26 loss: 0.00023167198514567356
Iter: 27 loss: 0.00019600209399705515
Iter: 28 loss: 0.00019956251521126967
Iter: 29 loss: 0.00019279837724663502
Iter: 30 loss: 0.00019223658705080687
60951.187602606689
Iter: 1 loss: 215574.62823842518
97681.16779242584
Iter: 2 loss: 419828.99790434248
57489.955466280866
Iter: 3 loss: 78285.2122985184
107266.02299351025
Iter: 4 loss: 775740.35560862871
260250.46356326889
Iter: 5 loss: 13411944.529036952
51034.093160496814
Iter: 6 loss: 116757.77918168427
45692.493448627458
Iter: 7 loss: 76064.872682209374
40765.168406170182
Iter: 8 loss: 46515.17321243183
37096.702761015069
Iter: 9 loss: 29409.561996006316
34165.016205721055
Iter: 10 loss: 18642.996025586268
31952.186965336798
Iter: 11 loss: 12153.636774950732
30363.697574203732
Iter: 12 loss: 8309.6825788893348
29412.915973734729
Iter: 13 loss: 6241.2571402278109
29188.640653904196
Iter: 14 loss: 5421.0685609624461
29306.82109037639
Iter: 15 loss: 5320.6519332414182
29171.085334552154
Iter: 16 loss: 5266.3602011159619
28889.122111674755
Iter: 17 loss: 5159.2131314016988
28661.437452534989
Iter: 18 loss: 5043.6112437412748
27759.940037939788
Iter: 19 loss: 4373.4310794287458
26753.480860740459
Iter: 20 loss: 2915.5977025468073
26386.292041927198
Iter: 21 loss: 2865.9643260239172
25941.480677119769
Iter: 22 loss: 2484.3441881349495
23986.835951746398
Iter: 23 loss: 1137.4134245942798
22376.617814200185
Iter: 24 loss: 481.72349134070555
19497.990588914203
Iter: 25 loss: 221.26768069816083
21134.150140554379
Iter: 26 loss: 210.84704720534975
20655.468038800398
Iter: 27 loss: 171.59203665959549
19938.133294706036
Iter: 28 loss: 161.19374351303256
20183.945288391991
Iter: 29 loss: 155.86534186002791
20128.731963892071
Iter: 30 loss: 152.615369372701
19915.737906543538
Iter: 31 loss: 141.94189165766142
18877.427483041611
Iter: 32 loss: 110.86471977183675
238956731.57525587
Iter: 33 loss: 13941115338072.02
18877.427483041523
Iter: 34 loss: 110.86471977183466
18877.427483041458
Iter: 35 loss: 110.86471977183315
7408.26234181713
Iter: 36 loss: 714.430086332973
16679.392015497113
Iter: 37 loss: 69.776834766776417
5900.8874791658181
Iter: 38 loss: 781.48673992567387
14663.252562495967
Iter: 39 loss: 64.738661097726776
15597.93943469847
Iter: 40 loss: 62.81985677323749
15620.447183258497
Iter: 41 loss: 63.641240833870796
15606.594863381157
Iter: 42 loss: 62.45820379869437
13819.863031569164
Iter: 1 loss: 18812.495654227372
433331.03103058669
Iter: 2 loss: 15064.079344382983
62008.525964682907
Iter: 3 loss: 288.25405998836453
-282158.76536774903
Iter: 4 loss: 24515941.863714255
14223.349437902329
Iter: 5 loss: 17570.505413014718
17346.428369900037
Iter: 6 loss: 9450.8184858669665
18683.914308328145
Iter: 7 loss: 6764.3084275134333
19892.176411561857
Iter: 8 loss: 4755.2926201282535
20462.636514188867
Iter: 9 loss: 3992.4703295585241
20661.413437177795
Iter: 10 loss: 3806.7027421221464
20718.735522248418
Iter: 11 loss: 3765.1326652917996
20841.287020851705
Iter: 12 loss: 3664.4590502533624
21098.426274748439
Iter: 13 loss: 3420.0586216885827
21518.413254496147
Iter: 14 loss: 2926.2754942115725
21847.167905660666
Iter: 15 loss: 2338.5621552470611
21838.281602321462
Iter: 16 loss: 2202.5208334776216
21845.867175875632
Iter: 17 loss: 2172.5728098387394
21875.371388598342
Iter: 18 loss: 2157.7221148353055
21889.235481121927
Iter: 19 loss: 2156.4515663032294
21893.391479379014
Iter: 20 loss: 2156.2576976706036
21908.763530800861
Iter: 21 loss: 2153.05017938917
22018.478692131142
Iter: 22 loss: 2131.5944781015473
22120.342544340212
Iter: 23 loss: 2108.5491717090617
22554.426176248362
Iter: 24 loss: 1989.1647679678374
22676.5530557589
Iter: 25 loss: 1915.1976359383125
22851.4155987253
Iter: 26 loss: 1853.242748805329
23111.526316904874
Iter: 27 loss: 1757.077884522794
23063.534746970858
Iter: 28 loss: 1780.4044562237573
23145.6055396807
Iter: 29 loss: 1742.6800292964817
23311.609387710745
Iter: 30 loss: 1700.9273289537596
24637.1076835347
Iter: 31 loss: 1479.3738474504521
24913.564668673058
Iter: 32 loss: 1364.5836043674267
25793.853065230389
Iter: 33 loss: 1215.9531006970437
25927.856842792076
Iter: 34 loss: 1131.8940751482733
26411.661344112759
Iter: 35 loss: 1039.8908187987793
27563.045046909727
Iter: 36 loss: 895.00599029446
Iter: 1 loss: 0.00018820915965810255
Iter: 2 loss: 0.3224096833277228
Iter: 3 loss: 0.00018790646447016854
13741.16249860986
Iter: 1 loss: 362.73470373772136
117239.74561147943
Iter: 2 loss: 1302079.1089949841
54982.766658505148
Iter: 3 loss: 116759.15989161794
61844.669013996128
Iter: 4 loss: 338280.75397207547
13748.173133555239
Iter: 5 loss: 361.04914115578185
14185.117981660225
Iter: 6 loss: 312.40592532559612
14135.62702017507
Iter: 7 loss: 282.23325264181506
14232.428302874565
Iter: 8 loss: 182.63282637646122
14518.823814711654
Iter: 9 loss: 119.93604512942211
15138.250088707071
Iter: 10 loss: 75.383452447658158
15312.775998438523
Iter: 11 loss: 71.038793634514633
15328.812070844726
Iter: 12 loss: 69.490668914255252
15261.27120230873
Iter: 13 loss: 65.392551562809317
15072.650594312905
Iter: 14 loss: 62.801572525741619
15084.479164257544
Iter: 15 loss: 62.55554063612098
15064.713784662214
Iter: 16 loss: 62.164325970288665
15025.384345122999
Iter: 17 loss: 61.212753539681806
14989.908737602644
Iter: 18 loss: 59.641022385608792
14986.716799929738
Iter: 19 loss: 57.648469937104487
15022.368950198341
Iter: 20 loss: 56.235461142547557
15063.014160743485
Iter: 21 loss: 55.46176608732852
15068.069446320889
Iter: 22 loss: 55.196909231974317
15064.737744582953
Iter: 23 loss: 54.892692385264056
15050.669703071941
Iter: 24 loss: 54.324024278970413
15016.500313408393
Iter: 25 loss: 53.220098335557452
14963.006206798555
Iter: 26 loss: 51.758155514957394
14853.381847559278
Iter: 27 loss: 49.774179596752774
14702.329756635907
Iter: 28 loss: 48.385201582818524
15521.227551161399
Iter: 29 loss: 218.30890149201105
14721.509936146489
Iter: 30 loss: 47.736947768977736
14675.688832327405
Iter: 31 loss: 47.5181653738823
14553.320226103588
Iter: 32 loss: 47.57203756777055
14621.592784274615
Iter: 33 loss: 47.376529763136745
18955.135233349152
Iter: 34 loss: 4829.243278461724
14621.592667525038
Iter: 35 loss: 47.376529085936838
14621.590746951897
Iter: 36 loss: 47.376517945691461
14726.822444920281
Iter: 37 loss: 53.7903235159988
14613.971746233663
Iter: 38 loss: 47.34139469363587
14558.915003435661
Iter: 39 loss: 47.261571619149379
14566.058037891444
Iter: 40 loss: 47.365474629035738
14556.062100827559
Iter: 41 loss: 47.223453670000957
14552.292676566492
Iter: 42 loss: 47.275969079302996
14549.086171550805
Iter: 43 loss: 47.188261847706912
-317190.78061437391
Iter: 1 loss: 26265972.385640364
-53290974.240180612
Iter: 2 loss: 6581754993288.7354
-296190.44775035704
Iter: 3 loss: 23039973.97652813
-208324.43791582627
Iter: 4 loss: 11855828.332879785
-163622.47880826166
Iter: 5 loss: 7595000.6729453839
-121927.43499957502
Iter: 6 loss: 4484954.1428072741
-91455.143005121543
Iter: 7 loss: 2736273.9215228288
-67005.9019540527
Iter: 8 loss: 1650614.2088005403
-48064.049794763356
Iter: 9 loss: 1001682.5538608681
-33177.023226269564
Iter: 10 loss: 607816.66878033313
-21542.94527880317
Iter: 11 loss: 369996.36764332739
-12450.778936614712
Iter: 12 loss: 226035.21790251471
-5388.5382179689132
Iter: 13 loss: 139002.32270517325
34.275603226364183
Iter: 14 loss: 86505.421865128417
4094.340474545359
Iter: 15 loss: 55113.819229217021
6972.2943103908028
Iter: 16 loss: 36809.289104218442
8770.551367549011
Iter: 17 loss: 26892.6148096291
9596.900676883075
Iter: 18 loss: 22542.72348120459
9786.0534146975751
Iter: 19 loss: 21398.450155225943
9832.6032977365521
Iter: 20 loss: 21166.181200483748
9936.75289492315
Iter: 21 loss: 20855.520333518038
10313.961760365508
Iter: 22 loss: 19932.366882176259
11214.797483681028
Iter: 23 loss: 17913.38582628694
12825.430114448527
Iter: 24 loss: 14469.339695996416
15665.412053772572
Iter: 25 loss: 8797.9677375927713
16685.36274697573
Iter: 26 loss: 6977.6822284780756
17099.278487254061
Iter: 27 loss: 6057.9437696042514
17143.200153000962
Iter: 28 loss: 5871.2466033351629
17139.470756919716
Iter: 29 loss: 5804.28841225313
17149.219669735416
Iter: 30 loss: 5796.356223196668
17160.361878889507
Iter: 31 loss: 5793.45365576379
17180.053505601954
Iter: 32 loss: 5787.5574884929829
Iter: 1 loss: 0.00020727105837703628
Iter: 2 loss: 0.28503956410878034
Iter: 3 loss: 0.00020711796837925611
14401.45963763191
Iter: 1 loss: 48.279854792584928
-1401321797.1230664
Iter: 2 loss: 476930333290233.06
14401.459637589382
Iter: 3 loss: 48.279854787442652
14363.596893982158
Iter: 4 loss: 43.980954594749484
14320.029981182312
Iter: 5 loss: 42.074612280581661
14233.624571201841
Iter: 6 loss: 40.712119262159746
14268.387131739119
Iter: 7 loss: 40.243947274068923
14313.273562782488
Iter: 8 loss: 39.81650957992268
14333.866053172311
Iter: 9 loss: 39.672461329683777
14370.480196924387
Iter: 10 loss: 39.602326958757871
14421.263547713985
Iter: 11 loss: 39.486281730394388
14556.701145611649
Iter: 12 loss: 39.14007316634671
14597.293518643975
Iter: 13 loss: 38.7337280727177
14618.5635988131
Iter: 14 loss: 37.92566443258891
14629.83201483212
Iter: 15 loss: 38.080072619651226
11983.42138186585
Iter: 16 loss: 1568.4603268505423
14536.368425223507
Iter: 17 loss: 38.229402711588577
14594.774870925987
Iter: 18 loss: 37.8821086370249
4342.0043337320858
Iter: 19 loss: 24533.3405937581
14492.74627939297
Iter: 20 loss: 37.4693618188029
14339.61296563597
Iter: 21 loss: 36.973270947542474
14415.848202306912
Iter: 22 loss: 36.589423154825269
12630.022160948025
Iter: 23 loss: 451.79639864175283
14415.741390931409
Iter: 24 loss: 36.588783757255882
4497.6359045364215
Iter: 25 loss: 22546.915523091262
14309.092517117249
Iter: 26 loss: 36.056801208548023
12469.595845058851
Iter: 27 loss: 30.70317697333892
9204.0277746093925
Iter: 28 loss: 1733.332345992656
12469.53695193225
Iter: 29 loss: 30.702828162505291
12333.271840903621
Iter: 30 loss: 30.634871192484454
12419.194686876443
Iter: 31 loss: 30.487732883391395
11666.359483210059
Iter: 32 loss: 109.94936900520894
12407.594574328316
Iter: 33 loss: 79.694772252588649
12415.682001181496
Iter: 34 loss: 30.362246528019774
18306.50346741208
Iter: 35 loss: 9163.2259067320538
12392.463489365855
Iter: 36 loss: 29.18963956587644
12316.946807212325
Iter: 37 loss: 28.826932298412846
12383.266844797348
Iter: 38 loss: 28.865047485437337
12353.059936650989
Iter: 39 loss: 28.479874745403354
9232.7224942104567
Iter: 40 loss: 2333.5319473050936
12353.058279635923
Iter: 41 loss: 28.4798552211614
12294.428574682957
Iter: 42 loss: 28.712167708757946
12336.128863798747
Iter: 43 loss: 28.364169208831804
12709.083912963619
Iter: 44 loss: 52.001738775333422
12357.23193893293
Iter: 45 loss: 27.94668039314756
12447.758877650263
Iter: 46 loss: 28.535191146058413
12377.41647799386
Iter: 47 loss: 27.752663140081218
12310.102920482354
Iter: 48 loss: 26.775014671189982
12148.457289330992
Iter: 49 loss: 44.8073489109624
12218.371113581587
Iter: 50 loss: 26.368322433104176
12064.628582167281
Iter: 51 loss: 25.907039596867932
11472.007154870022
Iter: 52 loss: 24.895187798803715
11059.827016977266
Iter: 53 loss: 24.309943949185559
10558.069540398636
Iter: 54 loss: 23.583639603533136
10901.436469568476
Iter: 55 loss: 22.457887293098196
10908.221123675754
Iter: 56 loss: 22.355305443854377
11007.873537516767
Iter: 57 loss: 22.308892237666463
