Iteration 0
Elapsed time for kappa 71.1963 sec
Elapsed time for experts 33.7277 sec
Elapsed time for households 21.0947 sec
Iteration 1
Elapsed time for kappa 40.1858 sec
Elapsed time for experts 20.7146 sec
Elapsed time for households 16.4716 sec
Iteration 2
Elapsed time for kappa 38.6879 sec
Elapsed time for experts 24.4050 sec
Elapsed time for households 20.1326 sec
Iteration 3
Elapsed time for kappa 32.1373 sec
Elapsed time for experts 14.4280 sec
Elapsed time for households 20.4173 sec
Iteration 4
Elapsed time for kappa 36.7752 sec
Elapsed time for experts 11.9997 sec
Elapsed time for households 15.5157 sec
Iteration 5
Elapsed time for kappa 37.2760 sec
Elapsed time for experts 12.6889 sec
Elapsed time for households 16.4497 sec
Iteration 6
Elapsed time for kappa 34.3794 sec
Elapsed time for experts 13.6549 sec
Elapsed time for households 19.4701 sec
Iteration 7
Elapsed time for kappa 35.5377 sec
Elapsed time for experts 18.8322 sec
Elapsed time for households 12.9638 sec
Iteration 8
Elapsed time for kappa 35.4768 sec
Elapsed time for experts 24.8703 sec
Elapsed time for households 17.0530 sec
Iteration 9
Elapsed time for kappa 33.8560 sec
Elapsed time for experts 13.5455 sec
Elapsed time for households 13.7291 sec
Iteration 10
Elapsed time for kappa 39.4966 sec
Elapsed time for experts 12.4750 sec
Elapsed time for households 12.0907 sec
Iteration 11
Elapsed time for kappa 35.8805 sec
Elapsed time for experts 12.3692 sec
Elapsed time for households 11.2907 sec
Iteration 12
Elapsed time for kappa 35.5023 sec
Elapsed time for experts 12.4965 sec
Elapsed time for households 11.1598 sec
Iteration 13
Elapsed time for kappa 34.6563 sec
Elapsed time for experts 12.8951 sec
Elapsed time for households 11.6701 sec
Iteration 14
Elapsed time for kappa 33.6681 sec
Elapsed time for experts 19.0579 sec
Elapsed time for households 11.2458 sec
Iteration 15
Elapsed time for kappa 32.4203 sec
Elapsed time for experts 13.0456 sec
Elapsed time for households 17.3462 sec
Iteration 16
Elapsed time for kappa 32.8012 sec
Elapsed time for experts 12.3088 sec
Elapsed time for households 12.7248 sec
Iteration 17
Elapsed time for kappa 34.8328 sec
Elapsed time for experts 12.4510 sec
Elapsed time for households 12.4216 sec
Iteration 18
Elapsed time for kappa 35.8619 sec
Elapsed time for experts 12.4612 sec
Elapsed time for households 16.1528 sec
Iteration 19
Elapsed time for kappa 33.7157 sec
Elapsed time for experts 12.6129 sec
Elapsed time for households 10.5927 sec
Iteration 20
Elapsed time for kappa 40.4864 sec
Elapsed time for experts 13.9795 sec
Elapsed time for households 11.7584 sec
Iteration 21
Elapsed time for kappa 34.8455 sec
Elapsed time for experts 12.5080 sec
Elapsed time for households 12.7541 sec
Iteration 22
Elapsed time for kappa 34.7091 sec
Elapsed time for experts 12.8085 sec
Elapsed time for households 11.6728 sec
Iteration 23
Elapsed time for kappa 34.9067 sec
Elapsed time for experts 13.3232 sec
Elapsed time for households 12.4426 sec
Iteration 24
Elapsed time for kappa 35.7330 sec
Elapsed time for experts 12.7010 sec
Elapsed time for households 11.8636 sec
Iteration 25
Elapsed time for kappa 35.0349 sec
Elapsed time for experts 12.5129 sec
Elapsed time for households 11.2806 sec
Iteration 26
Elapsed time for kappa 42.1645 sec
Elapsed time for experts 11.9749 sec
Elapsed time for households 10.5383 sec
Iteration 27
Elapsed time for kappa 33.9844 sec
Elapsed time for experts 12.1305 sec
Elapsed time for households 15.6526 sec
Iteration 28
Elapsed time for kappa 32.8928 sec
Elapsed time for experts 12.6398 sec
Elapsed time for households 11.2577 sec
Iteration 29
Elapsed time for kappa 32.0649 sec
Elapsed time for experts 12.9269 sec
Elapsed time for households 11.5761 sec
Iteration 30
Elapsed time for kappa 34.3323 sec
Elapsed time for experts 13.0873 sec
Elapsed time for households 11.9037 sec
Iteration 31
Elapsed time for kappa 34.5361 sec
Elapsed time for experts 12.6870 sec
Elapsed time for households 12.3054 sec
Iteration 32
Elapsed time for kappa 41.5282 sec
Elapsed time for experts 13.5175 sec
Elapsed time for households 12.5123 sec
Iteration 33
Elapsed time for kappa 35.2185 sec
Elapsed time for experts 12.7461 sec
Elapsed time for households 11.7849 sec
Iteration 34
Elapsed time for kappa 34.8358 sec
Elapsed time for experts 12.6026 sec
Elapsed time for households 14.4786 sec
Iteration 35
Elapsed time for kappa 34.0059 sec
Elapsed time for experts 12.7592 sec
Elapsed time for households 10.8302 sec
Iteration 36
Elapsed time for kappa 35.2773 sec
Elapsed time for experts 12.6406 sec
Elapsed time for households 10.8696 sec
Iteration 37
Elapsed time for kappa 34.1915 sec
Elapsed time for experts 12.7817 sec
Elapsed time for households 11.7462 sec
Iteration 38
Elapsed time for kappa 40.8379 sec
Elapsed time for experts 13.6697 sec
Elapsed time for households 10.6108 sec
Iteration 39
Elapsed time for kappa 33.9732 sec
Elapsed time for experts 13.3388 sec
Elapsed time for households 12.1875 sec
Iteration 40
Elapsed time for kappa 33.9502 sec
Elapsed time for experts 12.5412 sec
Elapsed time for households 11.5933 sec
Iteration 41
Elapsed time for kappa 33.6388 sec
Elapsed time for experts 11.9931 sec
Elapsed time for households 13.0026 sec
Iteration 42
Elapsed time for kappa 34.9603 sec
Elapsed time for experts 12.3503 sec
Elapsed time for households 11.2933 sec
Iteration 43
Elapsed time for kappa 34.8352 sec
Elapsed time for experts 12.2351 sec
Elapsed time for households 10.8996 sec
Iteration 44
Elapsed time for kappa 43.0904 sec
Elapsed time for experts 12.8190 sec
Elapsed time for households 11.6414 sec
Iteration 45
Elapsed time for kappa 34.0629 sec
Elapsed time for experts 12.7048 sec
Elapsed time for households 11.1046 sec
Iteration 46
Elapsed time for kappa 33.8209 sec
Elapsed time for experts 18.8409 sec
Elapsed time for households 12.4070 sec
Iteration 47
Elapsed time for kappa 31.1523 sec
Elapsed time for experts 11.5754 sec
Elapsed time for households 10.4883 sec
Iteration 48
Elapsed time for kappa 34.2426 sec
Elapsed time for experts 11.6400 sec
Elapsed time for households 10.2860 sec
Iteration 49
Elapsed time for kappa 32.1208 sec
Elapsed time for experts 18.2346 sec
Elapsed time for households 11.5222 sec
Iteration 50
Elapsed time for kappa 40.2393 sec
Elapsed time for experts 14.1037 sec
Elapsed time for households 12.1833 sec
Iteration 51
Elapsed time for kappa 33.4528 sec
Elapsed time for experts 12.5257 sec
Elapsed time for households 11.0034 sec
Iteration 52
Elapsed time for kappa 31.4187 sec
Elapsed time for experts 11.2903 sec
Elapsed time for households 10.3334 sec
Iteration 53
Elapsed time for kappa 32.4524 sec
Elapsed time for experts 12.3104 sec
Elapsed time for households 10.4873 sec
Iteration 54
Elapsed time for kappa 31.2424 sec
Elapsed time for experts 11.5741 sec
Elapsed time for households 11.8139 sec
Iteration 55
Elapsed time for kappa 30.3370 sec
Elapsed time for experts 13.6656 sec
Elapsed time for households 18.0293 sec
Iteration 56
Elapsed time for kappa 33.7359 sec
Elapsed time for experts 14.0428 sec
Elapsed time for households 13.1958 sec
Iteration 57
Elapsed time for kappa 32.7060 sec
Elapsed time for experts 11.4004 sec
Elapsed time for households 12.5642 sec
Iteration 58
Elapsed time for kappa 35.5198 sec
Elapsed time for experts 11.7157 sec
Elapsed time for households 11.5524 sec
Iteration 59
Elapsed time for kappa 32.0019 sec
Elapsed time for experts 12.0933 sec
Elapsed time for households 11.2619 sec
Iteration 60
Elapsed time for kappa 30.5118 sec
Elapsed time for experts 11.7807 sec
Elapsed time for households 11.0000 sec
Iteration 61
Elapsed time for kappa 33.1078 sec
Elapsed time for experts 11.1624 sec
Elapsed time for households 16.2978 sec
Iteration 62
Elapsed time for kappa 33.9069 sec
Elapsed time for experts 11.9524 sec
Elapsed time for households 10.5497 sec
Iteration 63
Elapsed time for kappa 32.3388 sec
Elapsed time for experts 17.6644 sec
Elapsed time for households 10.4579 sec
Iteration 64
Elapsed time for kappa 32.0004 sec
Elapsed time for experts 12.6753 sec
Elapsed time for households 10.7233 sec
Iteration 65
Elapsed time for kappa 31.6044 sec
Elapsed time for experts 18.5436 sec
Elapsed time for households 11.2957 sec
Iteration 66
Elapsed time for kappa 31.2678 sec
Elapsed time for experts 10.9940 sec
Elapsed time for households 10.4883 sec
Iteration 67
Elapsed time for kappa 33.3485 sec
Elapsed time for experts 18.8620 sec
Elapsed time for households 11.9692 sec
Iteration 68
Elapsed time for kappa 32.2882 sec
Elapsed time for experts 13.2298 sec
Elapsed time for households 13.0662 sec
Iteration 69
Elapsed time for kappa 31.7918 sec
Elapsed time for experts 14.4246 sec
Elapsed time for households 13.6271 sec
Iteration 70
Elapsed time for kappa 31.9921 sec
Elapsed time for experts 12.9671 sec
Elapsed time for households 11.2010 sec
Iteration 71
Elapsed time for kappa 32.6253 sec
Elapsed time for experts 11.9840 sec
Elapsed time for households 11.6268 sec
Iteration 72
Elapsed time for kappa 30.6395 sec
Elapsed time for experts 12.0238 sec
Elapsed time for households 12.8765 sec
Iteration 73
Elapsed time for kappa 32.9525 sec
Elapsed time for experts 18.5686 sec
Elapsed time for households 11.3598 sec
Iteration 74
Elapsed time for kappa 33.4498 sec
Elapsed time for experts 13.1340 sec
Elapsed time for households 10.8636 sec
Iteration 75
Elapsed time for kappa 30.2415 sec
Elapsed time for experts 12.5595 sec
Elapsed time for households 12.6925 sec
Iteration 76
Elapsed time for kappa 31.5859 sec
Elapsed time for experts 13.2768 sec
Elapsed time for households 12.4003 sec
Iteration 77
Elapsed time for kappa 31.7081 sec
Elapsed time for experts 12.0195 sec
Elapsed time for households 10.5915 sec
Iteration 78
Elapsed time for kappa 30.4489 sec
Elapsed time for experts 10.9396 sec
Elapsed time for households 11.7023 sec
Iteration 79
Elapsed time for kappa 30.7681 sec
Elapsed time for experts 17.5871 sec
Elapsed time for households 12.2574 sec
Iteration 80
Elapsed time for kappa 32.9686 sec
Elapsed time for experts 12.1940 sec
Elapsed time for households 11.0187 sec
Iteration 81
Elapsed time for kappa 31.8371 sec
Elapsed time for experts 11.5936 sec
Elapsed time for households 10.3971 sec
Iteration 82
Elapsed time for kappa 31.3186 sec
Elapsed time for experts 12.2755 sec
Elapsed time for households 10.5834 sec
Iteration 83
Elapsed time for kappa 29.6569 sec
Elapsed time for experts 18.0384 sec
Elapsed time for households 10.6009 sec
Iteration 84
Elapsed time for kappa 32.3191 sec
Elapsed time for experts 13.7222 sec
Elapsed time for households 12.3190 sec
Iteration 85
Elapsed time for kappa 37.6813 sec
Elapsed time for experts 13.7267 sec
Elapsed time for households 11.8526 sec
Iteration 86
Elapsed time for kappa 32.2778 sec
Elapsed time for experts 12.8731 sec
Elapsed time for households 11.3538 sec
Iteration 87
Elapsed time for kappa 30.4301 sec
Elapsed time for experts 13.0353 sec
Elapsed time for households 11.5823 sec
Iteration 88
Elapsed time for kappa 30.1627 sec
Elapsed time for experts 11.5769 sec
Elapsed time for households 11.4454 sec
Iteration 89
Elapsed time for kappa 31.2459 sec
Elapsed time for experts 11.2405 sec
Elapsed time for households 10.2841 sec
Iteration 90
Elapsed time for kappa 31.6075 sec
Elapsed time for experts 11.5321 sec
Elapsed time for households 10.9445 sec
Iteration 91
Elapsed time for kappa 37.5203 sec
Elapsed time for experts 13.8644 sec
Elapsed time for households 11.7912 sec
Iteration 92
Elapsed time for kappa 30.7299 sec
Elapsed time for experts 11.4204 sec
Elapsed time for households 11.0601 sec
Iteration 93
Elapsed time for kappa 31.0414 sec
Elapsed time for experts 12.4572 sec
Elapsed time for households 10.8673 sec
Iteration 94
Elapsed time for kappa 33.0986 sec
Elapsed time for experts 12.6062 sec
Elapsed time for households 10.6915 sec
Iteration 95
Elapsed time for kappa 31.7370 sec
Elapsed time for experts 11.7051 sec
Elapsed time for households 11.4910 sec
Iteration 96
Elapsed time for kappa 30.8563 sec
Elapsed time for experts 12.6735 sec
Elapsed time for households 11.6080 sec
Iteration 97
Elapsed time for kappa 39.3174 sec
Elapsed time for experts 14.8237 sec
Elapsed time for households 11.9886 sec
Iteration 98
Elapsed time for kappa 31.8053 sec
Elapsed time for experts 11.8418 sec
Elapsed time for households 10.5012 sec
Iteration 99
Elapsed time for kappa 32.8927 sec
Elapsed time for experts 13.5732 sec
Elapsed time for households 10.5198 sec
Iteration 100
Elapsed time for kappa 30.4981 sec
Elapsed time for experts 12.3999 sec
Elapsed time for households 11.4609 sec
Iteration 101
Elapsed time for kappa 30.2011 sec
Elapsed time for experts 11.4574 sec
Elapsed time for households 11.3643 sec
Iteration 102
Elapsed time for kappa 30.9242 sec
Elapsed time for experts 11.5226 sec
Elapsed time for households 10.2022 sec
Iteration 103
Elapsed time for kappa 40.1900 sec
Elapsed time for experts 14.1183 sec
Elapsed time for households 11.4889 sec
Iteration 104
Elapsed time for kappa 31.4366 sec
Elapsed time for experts 12.7326 sec
Elapsed time for households 11.9694 sec
Iteration 105
Elapsed time for kappa 32.1612 sec
Elapsed time for experts 13.0673 sec
Elapsed time for households 10.9037 sec
Iteration 106
Elapsed time for kappa 32.0879 sec
Elapsed time for experts 11.6531 sec
Elapsed time for households 10.4640 sec
Iteration 107
Elapsed time for kappa 30.7203 sec
Elapsed time for experts 12.2098 sec
Elapsed time for households 11.4974 sec
Iteration 108
Elapsed time for kappa 30.8898 sec
Elapsed time for experts 12.5394 sec
Elapsed time for households 11.4338 sec
Iteration 109
Elapsed time for kappa 37.4989 sec
Elapsed time for experts 12.6573 sec
Elapsed time for households 11.6185 sec
Iteration 110
Elapsed time for kappa 32.7434 sec
Elapsed time for experts 12.3885 sec
Elapsed time for households 12.1676 sec
Iteration 111
Elapsed time for kappa 33.1648 sec
Elapsed time for experts 12.2128 sec
Elapsed time for households 11.1418 sec
Iteration 112
Elapsed time for kappa 33.2927 sec
Elapsed time for experts 13.0114 sec
Elapsed time for households 10.8463 sec
Iteration 113
Elapsed time for kappa 32.2059 sec
Elapsed time for experts 12.4592 sec
Elapsed time for households 10.7332 sec
Iteration 114
Elapsed time for kappa 30.3510 sec
Elapsed time for experts 11.2365 sec
Elapsed time for households 11.2182 sec
Iteration 115
Elapsed time for kappa 38.6562 sec
Elapsed time for experts 11.8646 sec
Elapsed time for households 10.7859 sec
Iteration 116
Elapsed time for kappa 32.9553 sec
Elapsed time for experts 17.6229 sec
Elapsed time for households 15.6440 sec
Iteration 117
Elapsed time for kappa 31.5065 sec
Elapsed time for experts 11.6135 sec
Elapsed time for households 16.2307 sec
Iteration 118
Elapsed time for kappa 31.1145 sec
Elapsed time for experts 12.6433 sec
Elapsed time for households 11.0769 sec
Iteration 119
Elapsed time for kappa 31.3615 sec
Elapsed time for experts 11.5596 sec
Elapsed time for households 11.3942 sec
Iteration 120
Elapsed time for kappa 32.6503 sec
Elapsed time for experts 11.1416 sec
Elapsed time for households 18.2399 sec
Iteration 121
Elapsed time for kappa 33.8358 sec
Elapsed time for experts 17.8692 sec
Elapsed time for households 15.4089 sec
Iteration 122
Elapsed time for kappa 32.1491 sec
Elapsed time for experts 12.5384 sec
Elapsed time for households 11.9570 sec
Iteration 123
Elapsed time for kappa 30.7998 sec
Elapsed time for experts 12.5875 sec
Elapsed time for households 10.6144 sec
Iteration 124
Elapsed time for kappa 31.8870 sec
Elapsed time for experts 13.5473 sec
Elapsed time for households 10.2117 sec
Iteration 125
Elapsed time for kappa 31.5057 sec
Elapsed time for experts 12.2478 sec
Elapsed time for households 9.9701 sec
Iteration 126
Elapsed time for kappa 30.6058 sec
Elapsed time for experts 11.8457 sec
Elapsed time for households 17.2556 sec
Iteration 127
Elapsed time for kappa 32.9987 sec
Elapsed time for experts 11.9115 sec
Elapsed time for households 10.8969 sec
Iteration 128
Elapsed time for kappa 32.6811 sec
Elapsed time for experts 11.9154 sec
Elapsed time for households 11.2325 sec
Iteration 129
Elapsed time for kappa 31.5188 sec
Elapsed time for experts 12.5189 sec
Elapsed time for households 15.6317 sec
Iteration 130
Elapsed time for kappa 31.0847 sec
Elapsed time for experts 12.5690 sec
Elapsed time for households 13.0534 sec
Iteration 131
Elapsed time for kappa 29.8647 sec
Elapsed time for experts 12.3312 sec
Elapsed time for households 10.2610 sec
Iteration 132
Elapsed time for kappa 30.9759 sec
Elapsed time for experts 17.3128 sec
Elapsed time for households 11.7782 sec
Iteration 133
Elapsed time for kappa 32.7286 sec
Elapsed time for experts 13.4914 sec
Elapsed time for households 10.7860 sec
Iteration 134
Elapsed time for kappa 32.1319 sec
Elapsed time for experts 12.5081 sec
Elapsed time for households 13.8805 sec
Iteration 135
Elapsed time for kappa 32.5032 sec
Elapsed time for experts 12.7185 sec
Elapsed time for households 11.6597 sec
Iteration 136
Elapsed time for kappa 31.4097 sec
Elapsed time for experts 12.0784 sec
Elapsed time for households 13.6672 sec
Iteration 137
Elapsed time for kappa 32.4968 sec
Elapsed time for experts 11.9567 sec
Elapsed time for households 10.4780 sec
Iteration 138
Elapsed time for kappa 32.3941 sec
Elapsed time for experts 18.7986 sec
Elapsed time for households 11.5340 sec
Iteration 139
Elapsed time for kappa 34.0744 sec
Elapsed time for experts 13.1134 sec
Elapsed time for households 11.2846 sec
Iteration 140
Elapsed time for kappa 32.7052 sec
Elapsed time for experts 13.2804 sec
Elapsed time for households 11.7507 sec
Iteration 141
Elapsed time for kappa 32.8128 sec
Elapsed time for experts 12.8151 sec
Elapsed time for households 12.1630 sec
Iteration 142
Elapsed time for kappa 32.5873 sec
Elapsed time for experts 12.3755 sec
Elapsed time for households 12.4608 sec
Iteration 143
Elapsed time for kappa 30.2225 sec
Elapsed time for experts 11.2254 sec
Elapsed time for households 9.9706 sec
Iteration 144
Elapsed time for kappa 31.7201 sec
Elapsed time for experts 19.2204 sec
Elapsed time for households 10.9668 sec
Iteration 145
Elapsed time for kappa 32.1645 sec
Elapsed time for experts 13.3026 sec
Elapsed time for households 12.0577 sec
Iteration 146
Elapsed time for kappa 31.1605 sec
Elapsed time for experts 12.5949 sec
Elapsed time for households 11.4165 sec
Iteration 147
Elapsed time for kappa 32.8761 sec
Elapsed time for experts 11.6638 sec
Elapsed time for households 10.6958 sec
Iteration 148
Elapsed time for kappa 31.6559 sec
Elapsed time for experts 11.6070 sec
Elapsed time for households 10.2338 sec
Iteration 149
Elapsed time for kappa 30.9304 sec
Elapsed time for experts 11.7352 sec
Elapsed time for households 11.0162 sec
Iteration 150
Elapsed time for kappa 40.2011 sec
Elapsed time for experts 13.9524 sec
Elapsed time for households 12.3597 sec
Iteration 151
Elapsed time for kappa 33.0524 sec
Elapsed time for experts 12.8248 sec
Elapsed time for households 10.9582 sec
Iteration 152
Elapsed time for kappa 32.7538 sec
Elapsed time for experts 12.4184 sec
Elapsed time for households 11.2605 sec
Iteration 153
Elapsed time for kappa 31.9966 sec
Elapsed time for experts 12.9152 sec
Elapsed time for households 11.3153 sec
Iteration 154
Elapsed time for kappa 32.1928 sec
Elapsed time for experts 12.6070 sec
Elapsed time for households 11.5728 sec
Iteration 155
Elapsed time for kappa 31.6301 sec
Elapsed time for experts 12.6807 sec
Elapsed time for households 11.5080 sec
Iteration 156
Elapsed time for kappa 39.4131 sec
Elapsed time for experts 13.8002 sec
Elapsed time for households 11.8894 sec
Iteration 157
Elapsed time for kappa 33.3586 sec
Elapsed time for experts 13.7332 sec
Elapsed time for households 12.2691 sec
Iteration 158
Elapsed time for kappa 32.6656 sec
Elapsed time for experts 12.8576 sec
Elapsed time for households 11.3324 sec
Iteration 159
Elapsed time for kappa 31.0668 sec
Elapsed time for experts 12.6064 sec
Elapsed time for households 11.7095 sec
Iteration 160
Elapsed time for kappa 31.4375 sec
Elapsed time for experts 12.2258 sec
Elapsed time for households 11.4811 sec
Iteration 161
Elapsed time for kappa 30.1265 sec
Elapsed time for experts 11.1467 sec
Elapsed time for households 10.8695 sec
Iteration 162
Elapsed time for kappa 37.6507 sec
Elapsed time for experts 11.9242 sec
Elapsed time for households 12.8863 sec
Iteration 163
Elapsed time for kappa 32.6900 sec
Elapsed time for experts 12.6443 sec
Elapsed time for households 11.7504 sec
Iteration 164
Elapsed time for kappa 32.3040 sec
Elapsed time for experts 12.5317 sec
Elapsed time for households 11.8998 sec
Iteration 165
Elapsed time for kappa 30.6881 sec
Elapsed time for experts 12.7667 sec
Elapsed time for households 11.4438 sec
Iteration 166
Elapsed time for kappa 32.1600 sec
Elapsed time for experts 11.9496 sec
Elapsed time for households 10.8420 sec
Iteration 167
Elapsed time for kappa 31.5573 sec
Elapsed time for experts 12.0206 sec
Elapsed time for households 10.6895 sec
Iteration 168
Elapsed time for kappa 41.4094 sec
Elapsed time for experts 11.9529 sec
Elapsed time for households 11.3342 sec
Iteration 169
Elapsed time for kappa 30.8532 sec
Elapsed time for experts 13.0321 sec
Elapsed time for households 12.2165 sec
Iteration 170
Elapsed time for kappa 32.4436 sec
Elapsed time for experts 11.4752 sec
Elapsed time for households 10.5919 sec
Iteration 171
Elapsed time for kappa 31.4076 sec
Elapsed time for experts 12.6375 sec
Elapsed time for households 10.7508 sec
Iteration 172
Elapsed time for kappa 31.2913 sec
Elapsed time for experts 13.7841 sec
Elapsed time for households 10.2273 sec
Iteration 173
Elapsed time for kappa 30.3830 sec
Elapsed time for experts 12.8867 sec
Elapsed time for households 13.6466 sec
Iteration 174
Elapsed time for kappa 39.8199 sec
Elapsed time for experts 12.6932 sec
Elapsed time for households 14.4524 sec
Iteration 175
Elapsed time for kappa 33.5651 sec
Elapsed time for experts 12.9849 sec
Elapsed time for households 10.6951 sec
Iteration 176
Elapsed time for kappa 31.3863 sec
Elapsed time for experts 13.4385 sec
Elapsed time for households 10.8200 sec
Iteration 177
Elapsed time for kappa 30.4520 sec
Elapsed time for experts 11.2622 sec
Elapsed time for households 11.1093 sec
Iteration 178
Elapsed time for kappa 31.5234 sec
Elapsed time for experts 11.4303 sec
Elapsed time for households 10.2354 sec
Iteration 179
Elapsed time for kappa 31.5084 sec
Elapsed time for experts 12.3332 sec
Elapsed time for households 11.5420 sec
Iteration 180
Elapsed time for kappa 40.8422 sec
Elapsed time for experts 13.6918 sec
Elapsed time for households 11.1928 sec
Iteration 181
Elapsed time for kappa 33.4320 sec
Elapsed time for experts 13.7548 sec
Elapsed time for households 12.3142 sec
Iteration 182
Elapsed time for kappa 32.5171 sec
Elapsed time for experts 13.2491 sec
Elapsed time for households 14.3564 sec
Iteration 183
Elapsed time for kappa 32.8330 sec
Elapsed time for experts 12.1553 sec
Elapsed time for households 13.8320 sec
Iteration 184
Elapsed time for kappa 31.9173 sec
Elapsed time for experts 12.0517 sec
Elapsed time for households 10.8265 sec
Iteration 185
Elapsed time for kappa 32.6048 sec
Elapsed time for experts 12.5324 sec
Elapsed time for households 10.6943 sec
Iteration 186
Elapsed time for kappa 40.0321 sec
Elapsed time for experts 13.1789 sec
Elapsed time for households 12.3750 sec
Iteration 187
Elapsed time for kappa 33.3924 sec
Elapsed time for experts 13.2103 sec
Elapsed time for households 13.6405 sec
Iteration 188
Elapsed time for kappa 33.2904 sec
Elapsed time for experts 12.6559 sec
Elapsed time for households 13.8317 sec
Iteration 189
Elapsed time for kappa 32.0584 sec
Elapsed time for experts 12.4686 sec
Elapsed time for households 11.7689 sec
Iteration 190
Elapsed time for kappa 32.0059 sec
Elapsed time for experts 11.6062 sec
Elapsed time for households 10.5882 sec
Iteration 191
Elapsed time for kappa 31.0292 sec
Elapsed time for experts 11.4207 sec
Elapsed time for households 17.1267 sec
Iteration 192
Elapsed time for kappa 32.3968 sec
Elapsed time for experts 13.5711 sec
Elapsed time for households 10.6369 sec
Iteration 193
Elapsed time for kappa 31.4443 sec
Elapsed time for experts 12.5266 sec
Elapsed time for households 11.1889 sec
Iteration 194
Elapsed time for kappa 33.2615 sec
Elapsed time for experts 12.5049 sec
Elapsed time for households 11.2378 sec
Iteration 195
Elapsed time for kappa 33.6643 sec
Elapsed time for experts 12.2181 sec
Elapsed time for households 10.7596 sec
Iteration 196
Elapsed time for kappa 31.9671 sec
Elapsed time for experts 12.0948 sec
Elapsed time for households 11.0715 sec
Iteration 197
Elapsed time for kappa 29.4627 sec
Elapsed time for experts 11.5881 sec
Elapsed time for households 17.7509 sec
Iteration 198
Elapsed time for kappa 34.5846 sec
Elapsed time for experts 11.9802 sec
Elapsed time for households 10.7256 sec
Iteration 199
Elapsed time for kappa 32.9712 sec
Elapsed time for experts 12.9711 sec
Elapsed time for households 11.2546 sec
Iteration 200
Elapsed time for kappa 32.5849 sec
Elapsed time for experts 12.7566 sec
Elapsed time for households 11.6807 sec
Iteration 201
Elapsed time for kappa 30.6279 sec
Elapsed time for experts 12.3860 sec
Elapsed time for households 10.8737 sec
Iteration 202
Elapsed time for kappa 31.8519 sec
Elapsed time for experts 12.4236 sec
Elapsed time for households 10.7478 sec
Iteration 203
Elapsed time for kappa 32.1696 sec
Elapsed time for experts 11.8489 sec
Elapsed time for households 17.1152 sec
Iteration 204
Elapsed time for kappa 33.4010 sec
Elapsed time for experts 12.1642 sec
Elapsed time for households 11.8916 sec
Iteration 205
Elapsed time for kappa 32.6299 sec
Elapsed time for experts 11.8257 sec
Elapsed time for households 11.7830 sec
Iteration 206
Elapsed time for kappa 33.8575 sec
Elapsed time for experts 12.5666 sec
Elapsed time for households 11.4663 sec
Iteration 207
Elapsed time for kappa 32.9324 sec
Elapsed time for experts 13.2043 sec
Elapsed time for households 10.9502 sec
Iteration 208
Elapsed time for kappa 31.4951 sec
Elapsed time for experts 12.2733 sec
Elapsed time for households 11.0414 sec
Iteration 209
Elapsed time for kappa 31.5829 sec
Elapsed time for experts 13.0845 sec
Elapsed time for households 10.7205 sec
Iteration 210
Elapsed time for kappa 40.3542 sec
Elapsed time for experts 13.6190 sec
Elapsed time for households 11.5948 sec
Iteration 211
Elapsed time for kappa 34.1853 sec
Elapsed time for experts 12.5107 sec
Elapsed time for households 14.5495 sec
Iteration 212
Elapsed time for kappa 33.7053 sec
Elapsed time for experts 12.1923 sec
Elapsed time for households 12.8163 sec
Iteration 213
Elapsed time for kappa 31.4181 sec
Elapsed time for experts 13.2409 sec
Elapsed time for households 13.4348 sec
Iteration 214
Elapsed time for kappa 29.8395 sec
Elapsed time for experts 12.2521 sec
Elapsed time for households 10.0643 sec
Iteration 215
Elapsed time for kappa 30.3617 sec
Elapsed time for experts 17.2794 sec
Elapsed time for households 11.1105 sec
Iteration 216
Elapsed time for kappa 39.4443 sec
Elapsed time for experts 17.9089 sec
Elapsed time for households 10.8507 sec
Iteration 217
Elapsed time for kappa 33.3235 sec
Elapsed time for experts 14.8181 sec
Elapsed time for households 11.3630 sec
Iteration 218
Elapsed time for kappa 32.2587 sec
Elapsed time for experts 12.6099 sec
Elapsed time for households 10.6902 sec
Iteration 219
Elapsed time for kappa 31.6023 sec
Elapsed time for experts 12.6093 sec
Elapsed time for households 12.1843 sec
Iteration 220
Elapsed time for kappa 30.7370 sec
Elapsed time for experts 15.2560 sec
Elapsed time for households 10.1319 sec
Iteration 221
Elapsed time for kappa 31.2578 sec
Elapsed time for experts 19.5484 sec
Elapsed time for households 12.5861 sec
Iteration 222
Elapsed time for kappa 31.1080 sec
Elapsed time for experts 13.3496 sec
Elapsed time for households 13.8714 sec
Iteration 223
Elapsed time for kappa 32.1633 sec
Elapsed time for experts 12.0539 sec
Elapsed time for households 11.8133 sec
Iteration 224
Elapsed time for kappa 32.8830 sec
Elapsed time for experts 12.1820 sec
Elapsed time for households 10.9734 sec
Iteration 225
Elapsed time for kappa 32.3954 sec
Elapsed time for experts 12.4664 sec
Elapsed time for households 10.8048 sec
Iteration 226
Elapsed time for kappa 31.2592 sec
Elapsed time for experts 11.9696 sec
Elapsed time for households 10.8473 sec
Iteration 227
Elapsed time for kappa 30.3719 sec
Elapsed time for experts 11.0694 sec
Elapsed time for households 18.5044 sec
Iteration 228
Elapsed time for kappa 34.7991 sec
Elapsed time for experts 12.9766 sec
Elapsed time for households 11.4094 sec
Iteration 229
Elapsed time for kappa 34.0180 sec
Elapsed time for experts 13.2428 sec
Elapsed time for households 11.3068 sec
Iteration 230
Elapsed time for kappa 32.6827 sec
Elapsed time for experts 12.8941 sec
Elapsed time for households 12.1453 sec
Iteration 231
Elapsed time for kappa 33.0010 sec
Elapsed time for experts 13.4657 sec
Elapsed time for households 11.7169 sec
Iteration 232
Elapsed time for kappa 31.1134 sec
Elapsed time for experts 12.1263 sec
Elapsed time for households 11.5806 sec
Iteration 233
Elapsed time for kappa 32.2871 sec
Elapsed time for experts 12.4387 sec
Elapsed time for households 18.4858 sec
Iteration 234
Elapsed time for kappa 35.0478 sec
Elapsed time for experts 12.9536 sec
Elapsed time for households 11.6277 sec
Iteration 235
Elapsed time for kappa 34.4633 sec
Elapsed time for experts 13.2722 sec
Elapsed time for households 11.4318 sec
Iteration 236
Elapsed time for kappa 32.4846 sec
Elapsed time for experts 12.6729 sec
Elapsed time for households 10.6524 sec
Iteration 237
Elapsed time for kappa 30.8118 sec
Elapsed time for experts 12.6085 sec
Elapsed time for households 11.3619 sec
Iteration 238
Elapsed time for kappa 31.9841 sec
Elapsed time for experts 11.8319 sec
Elapsed time for households 10.9224 sec
Iteration 239
Elapsed time for kappa 31.4612 sec
Elapsed time for experts 12.1507 sec
Elapsed time for households 11.1603 sec
Iteration 240
Elapsed time for kappa 40.8329 sec
Elapsed time for experts 13.4495 sec
Elapsed time for households 14.4786 sec
Iteration 241
Elapsed time for kappa 33.6155 sec
Elapsed time for experts 13.7794 sec
Elapsed time for households 13.3515 sec
Iteration 242
Elapsed time for kappa 30.9793 sec
Elapsed time for experts 13.6584 sec
Elapsed time for households 11.5001 sec
Iteration 243
Elapsed time for kappa 33.3068 sec
Elapsed time for experts 12.2063 sec
Elapsed time for households 11.0865 sec
Iteration 244
Elapsed time for kappa 31.2520 sec
Elapsed time for experts 12.3463 sec
Elapsed time for households 10.6714 sec
Iteration 245
Elapsed time for kappa 31.0014 sec
Elapsed time for experts 12.7511 sec
Elapsed time for households 10.9351 sec
Iteration 246
Elapsed time for kappa 39.7293 sec
Elapsed time for experts 13.3812 sec
Elapsed time for households 12.5030 sec
Iteration 247
Elapsed time for kappa 33.2652 sec
Elapsed time for experts 13.4669 sec
Elapsed time for households 11.4614 sec
Iteration 248
Elapsed time for kappa 33.7689 sec
Elapsed time for experts 12.7336 sec
Elapsed time for households 12.6657 sec
Iteration 249
Elapsed time for kappa 34.1997 sec
Elapsed time for experts 12.3915 sec
Elapsed time for households 11.0621 sec
Iteration 250
Elapsed time for kappa 33.7621 sec
Elapsed time for experts 12.8628 sec
Elapsed time for households 10.8108 sec
Iteration 251
Elapsed time for kappa 31.6880 sec
Elapsed time for experts 12.9005 sec
Elapsed time for households 17.9857 sec
Iteration 252
Elapsed time for kappa 32.9703 sec
Elapsed time for experts 13.8494 sec
Elapsed time for households 12.2950 sec
Iteration 253
Elapsed time for kappa 33.0031 sec
Elapsed time for experts 14.2501 sec
Elapsed time for households 11.0242 sec
Iteration 254
Elapsed time for kappa 32.0475 sec
Elapsed time for experts 11.8957 sec
Elapsed time for households 10.8972 sec
Iteration 255
Elapsed time for kappa 32.5357 sec
Elapsed time for experts 13.0580 sec
Elapsed time for households 11.2799 sec
Iteration 256
Elapsed time for kappa 32.5018 sec
Elapsed time for experts 12.7868 sec
Elapsed time for households 11.4959 sec
Iteration 257
Elapsed time for kappa 30.8455 sec
Elapsed time for experts 12.1213 sec
Elapsed time for households 11.2037 sec
Iteration 258
Elapsed time for kappa 40.7550 sec
Elapsed time for experts 12.9421 sec
Elapsed time for households 12.1918 sec
Iteration 259
Elapsed time for kappa 32.9057 sec
Elapsed time for experts 11.8904 sec
Elapsed time for households 10.8876 sec
Iteration 260
Elapsed time for kappa 31.7666 sec
Elapsed time for experts 12.6514 sec
Elapsed time for households 11.1597 sec
Iteration 261
Elapsed time for kappa 31.0710 sec
Elapsed time for experts 12.4431 sec
Elapsed time for households 11.2942 sec
Iteration 262
Elapsed time for kappa 31.4626 sec
Elapsed time for experts 11.7580 sec
Elapsed time for households 11.8360 sec
Iteration 263
Elapsed time for kappa 30.7330 sec
Elapsed time for experts 12.0954 sec
Elapsed time for households 16.4456 sec
Iteration 264
Elapsed time for kappa 33.7200 sec
Elapsed time for experts 12.8230 sec
Elapsed time for households 10.8021 sec
Iteration 265
Elapsed time for kappa 32.1667 sec
Elapsed time for experts 12.9946 sec
Elapsed time for households 10.7653 sec
Iteration 266
Elapsed time for kappa 32.7101 sec
Elapsed time for experts 12.5616 sec
Elapsed time for households 11.7385 sec
Iteration 267
Elapsed time for kappa 33.6649 sec
Elapsed time for experts 12.0477 sec
Elapsed time for households 10.9446 sec
Iteration 268
Elapsed time for kappa 30.8786 sec
Elapsed time for experts 12.2468 sec
Elapsed time for households 10.9712 sec
Iteration 269
Elapsed time for kappa 29.3523 sec
Elapsed time for experts 12.3876 sec
Elapsed time for households 10.7649 sec
Iteration 270
Elapsed time for kappa 41.5580 sec
Elapsed time for experts 13.1944 sec
Elapsed time for households 11.8913 sec
Iteration 271
Elapsed time for kappa 32.1524 sec
Elapsed time for experts 11.8882 sec
Elapsed time for households 10.8603 sec
Iteration 272
Elapsed time for kappa 32.5481 sec
Elapsed time for experts 12.3774 sec
Elapsed time for households 11.1919 sec
Iteration 273
Elapsed time for kappa 32.9756 sec
Elapsed time for experts 13.2847 sec
Elapsed time for households 11.4578 sec
Iteration 274
Elapsed time for kappa 32.3813 sec
Elapsed time for experts 13.3442 sec
Elapsed time for households 11.4236 sec
Iteration 275
Elapsed time for kappa 32.3764 sec
Elapsed time for experts 11.9448 sec
Elapsed time for households 17.9835 sec
Iteration 276
Elapsed time for kappa 34.6458 sec
Elapsed time for experts 12.8396 sec
Elapsed time for households 11.6963 sec
Iteration 277
Elapsed time for kappa 34.1102 sec
Elapsed time for experts 12.6524 sec
Elapsed time for households 11.4349 sec
Iteration 278
Elapsed time for kappa 34.1928 sec
Elapsed time for experts 12.7986 sec
Elapsed time for households 10.9989 sec
Iteration 279
Elapsed time for kappa 31.4927 sec
Elapsed time for experts 12.7751 sec
Elapsed time for households 11.8537 sec
Iteration 280
Elapsed time for kappa 31.6076 sec
Elapsed time for experts 12.8215 sec
Elapsed time for households 11.6592 sec
Iteration 281
Elapsed time for kappa 31.5904 sec
Elapsed time for experts 12.0994 sec
Elapsed time for households 12.0182 sec
Iteration 282
Elapsed time for kappa 41.3227 sec
Elapsed time for experts 12.1618 sec
Elapsed time for households 11.8255 sec
Iteration 283
Elapsed time for kappa 33.4206 sec
Elapsed time for experts 13.2620 sec
Elapsed time for households 10.8166 sec
Iteration 284
Elapsed time for kappa 31.6712 sec
Elapsed time for experts 11.7371 sec
Elapsed time for households 11.9880 sec
Iteration 285
Elapsed time for kappa 32.4235 sec
Elapsed time for experts 12.8652 sec
Elapsed time for households 11.7917 sec
Iteration 286
Elapsed time for kappa 32.3598 sec
Elapsed time for experts 11.9324 sec
Elapsed time for households 11.8903 sec
Iteration 287
Elapsed time for kappa 33.1118 sec
Elapsed time for experts 12.0885 sec
Elapsed time for households 10.8775 sec
Iteration 288
Elapsed time for kappa 41.0246 sec
Elapsed time for experts 12.9102 sec
Elapsed time for households 11.7335 sec
Iteration 289
Elapsed time for kappa 32.9974 sec
Elapsed time for experts 12.9636 sec
Elapsed time for households 11.9349 sec
Iteration 290
Elapsed time for kappa 32.5442 sec
Elapsed time for experts 12.8324 sec
Elapsed time for households 11.7599 sec
Iteration 291
Elapsed time for kappa 32.5469 sec
Elapsed time for experts 13.0350 sec
Elapsed time for households 11.3089 sec
Iteration 292
Elapsed time for kappa 32.7574 sec
Elapsed time for experts 12.3903 sec
Elapsed time for households 11.6021 sec
Iteration 293
Elapsed time for kappa 31.5731 sec
Elapsed time for experts 12.1964 sec
Elapsed time for households 17.2891 sec
Iteration 294
Elapsed time for kappa 36.7330 sec
Elapsed time for experts 12.7339 sec
Elapsed time for households 11.6523 sec
Iteration 295
Elapsed time for kappa 34.5098 sec
Elapsed time for experts 13.6365 sec
Elapsed time for households 11.5587 sec
Iteration 296
Elapsed time for kappa 33.5553 sec
Elapsed time for experts 12.2538 sec
Elapsed time for households 10.7881 sec
Iteration 297
Elapsed time for kappa 30.5782 sec
Elapsed time for experts 11.9893 sec
Elapsed time for households 11.4581 sec
Iteration 298
Elapsed time for kappa 33.0199 sec
Elapsed time for experts 11.6216 sec
Elapsed time for households 10.6255 sec
Iteration 299
Elapsed time for kappa 31.1661 sec
Elapsed time for experts 11.2776 sec
Elapsed time for households 10.8751 sec
Elapsed time for training 17572.4185 sec
90000 90000 90000 90000
