Iteration 0
Elapsed time for kappa 126.1645 sec
Elapsed time for experts 48.4966 sec
Elapsed time for households 39.7211 sec
Iteration 1
Elapsed time for kappa 93.0222 sec
Elapsed time for experts 41.6352 sec
Elapsed time for households 40.5446 sec
Iteration 2
Elapsed time for kappa 93.7365 sec
Elapsed time for experts 41.9514 sec
Elapsed time for households 37.1847 sec
Iteration 3
Elapsed time for kappa 94.1112 sec
Elapsed time for experts 41.9725 sec
Elapsed time for households 37.1783 sec
Iteration 4
Elapsed time for kappa 91.5825 sec
Elapsed time for experts 41.5894 sec
Elapsed time for households 36.8017 sec
Iteration 5
Elapsed time for kappa 91.9661 sec
Elapsed time for experts 41.3668 sec
Elapsed time for households 37.1656 sec
Iteration 6
Elapsed time for kappa 91.7656 sec
Elapsed time for experts 13.2568 sec
Elapsed time for households 37.9211 sec
Iteration 7
Elapsed time for kappa 99.4780 sec
Elapsed time for experts 14.7970 sec
Elapsed time for households 38.6071 sec
Iteration 8
Elapsed time for kappa 90.5227 sec
Elapsed time for experts 42.0958 sec
Elapsed time for households 38.0979 sec
Iteration 9
Elapsed time for kappa 91.6522 sec
Elapsed time for experts 42.0893 sec
Elapsed time for households 36.9806 sec
Iteration 10
Elapsed time for kappa 92.0036 sec
Elapsed time for experts 42.0616 sec
Elapsed time for households 36.9453 sec
Iteration 11
Elapsed time for kappa 92.4886 sec
Elapsed time for experts 41.7916 sec
Elapsed time for households 37.5142 sec
Iteration 12
Elapsed time for kappa 91.3772 sec
Elapsed time for experts 41.5386 sec
Elapsed time for households 37.0565 sec
Iteration 13
Elapsed time for kappa 100.8075 sec
Elapsed time for experts 42.5566 sec
Elapsed time for households 37.5528 sec
Iteration 14
Elapsed time for kappa 89.0513 sec
Elapsed time for experts 40.3133 sec
Elapsed time for households 34.8864 sec
Elapsed time for training 2572.2964 sec
