Iteration 0
Elapsed time for kappa 92.5871 sec
Elapsed time for experts 27.2741 sec
Elapsed time for households 21.7465 sec
Iteration 1
Elapsed time for kappa 41.2371 sec
Elapsed time for experts 19.8336 sec
Elapsed time for households 18.6339 sec
Iteration 2
Elapsed time for kappa 41.0028 sec
Elapsed time for experts 18.1632 sec
Elapsed time for households 18.5890 sec
Iteration 3
Elapsed time for kappa 40.8663 sec
Elapsed time for experts 23.5542 sec
Elapsed time for households 17.0263 sec
Iteration 4
Elapsed time for kappa 35.4341 sec
Elapsed time for experts 21.7982 sec
Elapsed time for households 16.6642 sec
Iteration 5
Elapsed time for kappa 35.3201 sec
Elapsed time for experts 18.6783 sec
Elapsed time for households 16.1779 sec
Iteration 6
Elapsed time for kappa 35.7727 sec
Elapsed time for experts 19.6329 sec
Elapsed time for households 13.8572 sec
Iteration 7
Elapsed time for kappa 34.2162 sec
Elapsed time for experts 13.0043 sec
Elapsed time for households 13.2143 sec
Iteration 8
Elapsed time for kappa 36.0778 sec
Elapsed time for experts 12.3020 sec
Elapsed time for households 19.8343 sec
Iteration 9
Elapsed time for kappa 35.3075 sec
Elapsed time for experts 14.1985 sec
Elapsed time for households 11.9108 sec
Iteration 10
Elapsed time for kappa 34.8254 sec
Elapsed time for experts 13.8538 sec
Elapsed time for households 11.8840 sec
Iteration 11
Elapsed time for kappa 33.4964 sec
Elapsed time for experts 12.0527 sec
Elapsed time for households 12.1753 sec
Iteration 12
Elapsed time for kappa 35.4740 sec
Elapsed time for experts 13.1012 sec
Elapsed time for households 12.5150 sec
Iteration 13
Elapsed time for kappa 35.5355 sec
Elapsed time for experts 12.7110 sec
Elapsed time for households 12.3895 sec
Iteration 14
Elapsed time for kappa 35.8597 sec
Elapsed time for experts 12.7621 sec
Elapsed time for households 12.1694 sec
Iteration 15
Elapsed time for kappa 44.3590 sec
Elapsed time for experts 13.5940 sec
Elapsed time for households 13.6753 sec
Iteration 16
Elapsed time for kappa 37.7419 sec
Elapsed time for experts 12.5649 sec
Elapsed time for households 11.1125 sec
Iteration 17
Elapsed time for kappa 34.1611 sec
Elapsed time for experts 15.1477 sec
Elapsed time for households 11.0177 sec
Iteration 18
Elapsed time for kappa 34.7571 sec
Elapsed time for experts 13.4921 sec
Elapsed time for households 13.9276 sec
Iteration 19
Elapsed time for kappa 35.2698 sec
Elapsed time for experts 13.4109 sec
Elapsed time for households 12.1181 sec
Iteration 20
Elapsed time for kappa 37.4186 sec
Elapsed time for experts 13.6583 sec
Elapsed time for households 18.3963 sec
Iteration 21
Elapsed time for kappa 37.5176 sec
Elapsed time for experts 13.6909 sec
Elapsed time for households 11.1320 sec
Iteration 22
Elapsed time for kappa 35.0502 sec
Elapsed time for experts 12.7975 sec
Elapsed time for households 11.6799 sec
Iteration 23
Elapsed time for kappa 35.7659 sec
Elapsed time for experts 14.1516 sec
Elapsed time for households 11.0687 sec
Iteration 24
Elapsed time for kappa 35.1632 sec
Elapsed time for experts 12.0053 sec
Elapsed time for households 11.6633 sec
Iteration 25
Elapsed time for kappa 33.8487 sec
Elapsed time for experts 13.3401 sec
Elapsed time for households 12.7585 sec
Iteration 26
Elapsed time for kappa 33.2350 sec
Elapsed time for experts 21.5465 sec
Elapsed time for households 12.8010 sec
Iteration 27
Elapsed time for kappa 34.0831 sec
Elapsed time for experts 13.2695 sec
Elapsed time for households 11.9567 sec
Iteration 28
Elapsed time for kappa 35.5117 sec
Elapsed time for experts 12.8386 sec
Elapsed time for households 11.3073 sec
Iteration 29
Elapsed time for kappa 34.4649 sec
Elapsed time for experts 12.6354 sec
Elapsed time for households 11.2952 sec
Iteration 30
Elapsed time for kappa 36.5766 sec
Elapsed time for experts 12.3531 sec
Elapsed time for households 10.8772 sec
Iteration 31
Elapsed time for kappa 35.1603 sec
Elapsed time for experts 12.7061 sec
Elapsed time for households 11.9871 sec
Iteration 32
Elapsed time for kappa 35.0172 sec
Elapsed time for experts 20.9780 sec
Elapsed time for households 12.6356 sec
Iteration 33
Elapsed time for kappa 36.3040 sec
Elapsed time for experts 12.8630 sec
Elapsed time for households 12.3836 sec
Iteration 34
Elapsed time for kappa 35.6854 sec
Elapsed time for experts 12.1656 sec
Elapsed time for households 11.8613 sec
Iteration 35
Elapsed time for kappa 36.5116 sec
Elapsed time for experts 13.6042 sec
Elapsed time for households 12.9448 sec
Iteration 36
Elapsed time for kappa 35.0019 sec
Elapsed time for experts 12.6844 sec
Elapsed time for households 12.0738 sec
Iteration 37
Elapsed time for kappa 37.7278 sec
Elapsed time for experts 12.5725 sec
Elapsed time for households 12.3071 sec
Iteration 38
Elapsed time for kappa 34.9740 sec
Elapsed time for experts 19.5942 sec
Elapsed time for households 12.7796 sec
Iteration 39
Elapsed time for kappa 37.9005 sec
Elapsed time for experts 13.3391 sec
Elapsed time for households 12.8426 sec
Iteration 40
Elapsed time for kappa 34.2060 sec
Elapsed time for experts 12.9908 sec
Elapsed time for households 11.7488 sec
Iteration 41
Elapsed time for kappa 39.0371 sec
Elapsed time for experts 12.8778 sec
Elapsed time for households 11.6423 sec
Iteration 42
Elapsed time for kappa 35.6230 sec
Elapsed time for experts 13.0738 sec
Elapsed time for households 11.3357 sec
Iteration 43
Elapsed time for kappa 34.9039 sec
Elapsed time for experts 12.0775 sec
Elapsed time for households 11.2207 sec
Iteration 44
Elapsed time for kappa 42.9466 sec
Elapsed time for experts 14.4021 sec
Elapsed time for households 13.5223 sec
Iteration 45
Elapsed time for kappa 35.4946 sec
Elapsed time for experts 12.6545 sec
Elapsed time for households 13.0759 sec
Iteration 46
Elapsed time for kappa 35.9607 sec
Elapsed time for experts 13.5232 sec
Elapsed time for households 12.0089 sec
Iteration 47
Elapsed time for kappa 36.7418 sec
Elapsed time for experts 12.5230 sec
Elapsed time for households 12.2175 sec
Iteration 48
Elapsed time for kappa 35.0328 sec
Elapsed time for experts 13.2894 sec
Elapsed time for households 12.0119 sec
Iteration 49
Elapsed time for kappa 35.4878 sec
Elapsed time for experts 12.6637 sec
Elapsed time for households 11.8999 sec
Iteration 50
Elapsed time for kappa 42.8061 sec
Elapsed time for experts 13.1110 sec
Elapsed time for households 11.9404 sec
Iteration 51
Elapsed time for kappa 35.6705 sec
Elapsed time for experts 13.2207 sec
Elapsed time for households 11.7496 sec
Iteration 52
Elapsed time for kappa 37.8140 sec
Elapsed time for experts 12.8891 sec
Elapsed time for households 11.8352 sec
Iteration 53
Elapsed time for kappa 37.0965 sec
Elapsed time for experts 13.1918 sec
Elapsed time for households 11.4485 sec
Iteration 54
Elapsed time for kappa 34.6725 sec
Elapsed time for experts 13.1831 sec
Elapsed time for households 11.5660 sec
Iteration 55
Elapsed time for kappa 35.7191 sec
Elapsed time for experts 12.4936 sec
Elapsed time for households 11.2934 sec
Iteration 56
Elapsed time for kappa 45.2065 sec
Elapsed time for experts 15.3367 sec
Elapsed time for households 13.5112 sec
Iteration 57
Elapsed time for kappa 36.6876 sec
Elapsed time for experts 12.4845 sec
Elapsed time for households 12.7574 sec
Iteration 58
Elapsed time for kappa 36.6783 sec
Elapsed time for experts 13.5023 sec
Elapsed time for households 12.3101 sec
Iteration 59
Elapsed time for kappa 35.3910 sec
Elapsed time for experts 13.5808 sec
Elapsed time for households 12.1532 sec
Iteration 60
Elapsed time for kappa 36.8899 sec
Elapsed time for experts 12.3809 sec
Elapsed time for households 12.1356 sec
Iteration 61
Elapsed time for kappa 34.4399 sec
Elapsed time for experts 13.4541 sec
Elapsed time for households 12.0104 sec
Iteration 62
Elapsed time for kappa 46.3230 sec
Elapsed time for experts 14.3272 sec
Elapsed time for households 12.2214 sec
Iteration 63
Elapsed time for kappa 36.6182 sec
Elapsed time for experts 12.4624 sec
Elapsed time for households 12.3018 sec
Iteration 64
Elapsed time for kappa 35.1554 sec
Elapsed time for experts 13.5938 sec
Elapsed time for households 11.5818 sec
Iteration 65
Elapsed time for kappa 34.3290 sec
Elapsed time for experts 13.3884 sec
Elapsed time for households 11.3893 sec
Iteration 66
Elapsed time for kappa 35.7628 sec
Elapsed time for experts 11.9577 sec
Elapsed time for households 11.2965 sec
Iteration 67
Elapsed time for kappa 34.7882 sec
Elapsed time for experts 11.8991 sec
Elapsed time for households 11.2747 sec
Iteration 68
Elapsed time for kappa 44.1477 sec
Elapsed time for experts 13.5756 sec
Elapsed time for households 12.4021 sec
Iteration 69
Elapsed time for kappa 35.1160 sec
Elapsed time for experts 13.9548 sec
Elapsed time for households 12.0701 sec
Iteration 70
Elapsed time for kappa 34.9855 sec
Elapsed time for experts 12.3826 sec
Elapsed time for households 12.1586 sec
Iteration 71
Elapsed time for kappa 34.8700 sec
Elapsed time for experts 13.8577 sec
Elapsed time for households 11.3108 sec
Iteration 72
Elapsed time for kappa 33.7686 sec
Elapsed time for experts 11.8916 sec
Elapsed time for households 12.3425 sec
Iteration 73
Elapsed time for kappa 35.0812 sec
Elapsed time for experts 12.8302 sec
Elapsed time for households 11.3728 sec
Iteration 74
Elapsed time for kappa 44.5162 sec
Elapsed time for experts 13.9685 sec
Elapsed time for households 12.3165 sec
Iteration 75
Elapsed time for kappa 36.6087 sec
Elapsed time for experts 13.8477 sec
Elapsed time for households 12.1013 sec
Iteration 76
Elapsed time for kappa 36.1388 sec
Elapsed time for experts 14.0394 sec
Elapsed time for households 11.3627 sec
Iteration 77
Elapsed time for kappa 36.8859 sec
Elapsed time for experts 13.3336 sec
Elapsed time for households 12.6492 sec
Iteration 78
Elapsed time for kappa 35.2676 sec
Elapsed time for experts 13.1490 sec
Elapsed time for households 11.9044 sec
Iteration 79
Elapsed time for kappa 35.0991 sec
Elapsed time for experts 13.0855 sec
Elapsed time for households 20.2147 sec
Iteration 80
Elapsed time for kappa 37.1372 sec
Elapsed time for experts 14.2413 sec
Elapsed time for households 13.0679 sec
Iteration 81
Elapsed time for kappa 36.1707 sec
Elapsed time for experts 14.0499 sec
Elapsed time for households 11.2928 sec
Iteration 82
Elapsed time for kappa 35.5075 sec
Elapsed time for experts 12.9506 sec
Elapsed time for households 12.4901 sec
Iteration 83
Elapsed time for kappa 35.7088 sec
Elapsed time for experts 12.8104 sec
Elapsed time for households 12.5816 sec
Iteration 84
Elapsed time for kappa 35.5466 sec
Elapsed time for experts 12.6995 sec
Elapsed time for households 11.7776 sec
Iteration 85
Elapsed time for kappa 35.2242 sec
Elapsed time for experts 12.5790 sec
Elapsed time for households 19.8492 sec
Iteration 86
Elapsed time for kappa 38.1289 sec
Elapsed time for experts 13.7561 sec
Elapsed time for households 13.5101 sec
Iteration 87
Elapsed time for kappa 35.6636 sec
Elapsed time for experts 12.6174 sec
Elapsed time for households 11.1276 sec
Iteration 88
Elapsed time for kappa 34.2493 sec
Elapsed time for experts 13.3529 sec
Elapsed time for households 11.5932 sec
Iteration 89
Elapsed time for kappa 35.9017 sec
Elapsed time for experts 12.1689 sec
Elapsed time for households 11.6190 sec
Iteration 90
Elapsed time for kappa 33.4402 sec
Elapsed time for experts 13.3883 sec
Elapsed time for households 11.4404 sec
Iteration 91
Elapsed time for kappa 35.5025 sec
Elapsed time for experts 21.3064 sec
Elapsed time for households 12.4597 sec
Iteration 92
Elapsed time for kappa 35.9286 sec
Elapsed time for experts 14.3402 sec
Elapsed time for households 11.4936 sec
Iteration 93
Elapsed time for kappa 35.3048 sec
Elapsed time for experts 12.3833 sec
Elapsed time for households 12.0595 sec
Iteration 94
Elapsed time for kappa 35.5072 sec
Elapsed time for experts 13.1891 sec
Elapsed time for households 10.9988 sec
Iteration 95
Elapsed time for kappa 34.1083 sec
Elapsed time for experts 12.7784 sec
Elapsed time for households 11.9333 sec
Iteration 96
Elapsed time for kappa 35.8393 sec
Elapsed time for experts 13.4705 sec
Elapsed time for households 11.0535 sec
Iteration 97
Elapsed time for kappa 34.5784 sec
Elapsed time for experts 21.7226 sec
Elapsed time for households 13.2885 sec
Iteration 98
Elapsed time for kappa 39.5623 sec
Elapsed time for experts 13.0788 sec
Elapsed time for households 12.8365 sec
Iteration 99
Elapsed time for kappa 36.0009 sec
Elapsed time for experts 14.4359 sec
Elapsed time for households 11.9275 sec
Iteration 100
Elapsed time for kappa 33.8669 sec
Elapsed time for experts 13.0645 sec
Elapsed time for households 12.2939 sec
Iteration 101
Elapsed time for kappa 36.2917 sec
Elapsed time for experts 12.8829 sec
Elapsed time for households 12.1806 sec
Iteration 102
Elapsed time for kappa 35.3844 sec
Elapsed time for experts 12.7850 sec
Elapsed time for households 12.1242 sec
Iteration 103
Elapsed time for kappa 35.5172 sec
Elapsed time for experts 21.3960 sec
Elapsed time for households 12.7858 sec
Iteration 104
Elapsed time for kappa 37.3611 sec
Elapsed time for experts 12.9728 sec
Elapsed time for households 12.3437 sec
Iteration 105
Elapsed time for kappa 35.5971 sec
Elapsed time for experts 13.8744 sec
Elapsed time for households 11.8044 sec
Iteration 106
Elapsed time for kappa 34.8589 sec
Elapsed time for experts 13.7640 sec
Elapsed time for households 11.9944 sec
Iteration 107
Elapsed time for kappa 35.9766 sec
Elapsed time for experts 13.0907 sec
Elapsed time for households 12.1115 sec
Iteration 108
Elapsed time for kappa 34.9358 sec
Elapsed time for experts 13.7371 sec
Elapsed time for households 11.6613 sec
Iteration 109
Elapsed time for kappa 46.3383 sec
Elapsed time for experts 15.2739 sec
Elapsed time for households 13.3370 sec
Iteration 110
Elapsed time for kappa 36.8231 sec
Elapsed time for experts 14.5999 sec
Elapsed time for households 12.5549 sec
Iteration 111
Elapsed time for kappa 37.2628 sec
Elapsed time for experts 13.0899 sec
Elapsed time for households 11.4942 sec
Iteration 112
Elapsed time for kappa 34.6104 sec
Elapsed time for experts 13.8178 sec
Elapsed time for households 10.9962 sec
Iteration 113
Elapsed time for kappa 34.7661 sec
Elapsed time for experts 12.1838 sec
Elapsed time for households 11.1963 sec
Iteration 114
Elapsed time for kappa 37.0411 sec
Elapsed time for experts 13.2338 sec
Elapsed time for households 11.7793 sec
Iteration 115
Elapsed time for kappa 46.5098 sec
Elapsed time for experts 13.3080 sec
Elapsed time for households 11.5814 sec
Iteration 116
Elapsed time for kappa 35.7254 sec
Elapsed time for experts 13.9588 sec
Elapsed time for households 12.2448 sec
Iteration 117
Elapsed time for kappa 36.6316 sec
Elapsed time for experts 14.2591 sec
Elapsed time for households 12.0052 sec
Iteration 118
Elapsed time for kappa 36.2700 sec
Elapsed time for experts 13.6802 sec
Elapsed time for households 12.0320 sec
Iteration 119
Elapsed time for kappa 36.6906 sec
Elapsed time for experts 13.4318 sec
Elapsed time for households 11.9594 sec
Iteration 120
Elapsed time for kappa 34.9363 sec
Elapsed time for experts 13.4388 sec
Elapsed time for households 12.4876 sec
Iteration 121
Elapsed time for kappa 42.7934 sec
Elapsed time for experts 14.8447 sec
Elapsed time for households 12.9373 sec
Iteration 122
Elapsed time for kappa 35.0868 sec
Elapsed time for experts 12.9022 sec
Elapsed time for households 13.6746 sec
Iteration 123
Elapsed time for kappa 36.7519 sec
Elapsed time for experts 13.2535 sec
Elapsed time for households 12.7268 sec
Iteration 124
Elapsed time for kappa 35.9430 sec
Elapsed time for experts 13.0953 sec
Elapsed time for households 12.5450 sec
Iteration 125
Elapsed time for kappa 35.2069 sec
Elapsed time for experts 12.9338 sec
Elapsed time for households 12.9958 sec
Iteration 126
Elapsed time for kappa 34.9357 sec
Elapsed time for experts 12.7980 sec
Elapsed time for households 11.4658 sec
Iteration 127
Elapsed time for kappa 46.2313 sec
Elapsed time for experts 14.3251 sec
Elapsed time for households 12.3735 sec
Iteration 128
Elapsed time for kappa 37.8174 sec
Elapsed time for experts 13.6748 sec
Elapsed time for households 12.2088 sec
Iteration 129
Elapsed time for kappa 36.2302 sec
Elapsed time for experts 13.4291 sec
Elapsed time for households 12.1102 sec
Iteration 130
Elapsed time for kappa 36.6193 sec
Elapsed time for experts 13.4397 sec
Elapsed time for households 11.9372 sec
Iteration 131
Elapsed time for kappa 35.9537 sec
Elapsed time for experts 13.4396 sec
Elapsed time for households 11.7108 sec
Iteration 132
Elapsed time for kappa 35.0154 sec
Elapsed time for experts 12.0701 sec
Elapsed time for households 12.3958 sec
Iteration 133
Elapsed time for kappa 45.6937 sec
Elapsed time for experts 14.6460 sec
Elapsed time for households 14.4558 sec
Iteration 134
Elapsed time for kappa 36.7603 sec
Elapsed time for experts 14.0025 sec
Elapsed time for households 13.0908 sec
Iteration 135
Elapsed time for kappa 37.1611 sec
Elapsed time for experts 13.8102 sec
Elapsed time for households 12.2642 sec
Iteration 136
Elapsed time for kappa 35.8409 sec
Elapsed time for experts 14.1357 sec
Elapsed time for households 12.2354 sec
Iteration 137
Elapsed time for kappa 36.9503 sec
Elapsed time for experts 13.9135 sec
Elapsed time for households 12.0111 sec
Iteration 138
Elapsed time for kappa 35.0651 sec
Elapsed time for experts 12.3763 sec
Elapsed time for households 11.8828 sec
Iteration 139
Elapsed time for kappa 46.4815 sec
Elapsed time for experts 15.1923 sec
Elapsed time for households 13.2767 sec
Iteration 140
Elapsed time for kappa 37.5483 sec
Elapsed time for experts 14.7956 sec
Elapsed time for households 12.8988 sec
Iteration 141
Elapsed time for kappa 35.9941 sec
Elapsed time for experts 14.5136 sec
Elapsed time for households 11.6912 sec
Iteration 142
Elapsed time for kappa 34.4745 sec
Elapsed time for experts 12.2534 sec
Elapsed time for households 11.9652 sec
Iteration 143
Elapsed time for kappa 34.3656 sec
Elapsed time for experts 12.1645 sec
Elapsed time for households 10.8313 sec
Iteration 144
Elapsed time for kappa 35.4550 sec
Elapsed time for experts 13.1982 sec
Elapsed time for households 11.9233 sec
Iteration 145
Elapsed time for kappa 46.8025 sec
Elapsed time for experts 14.3014 sec
Elapsed time for households 12.7722 sec
Iteration 146
Elapsed time for kappa 37.5278 sec
Elapsed time for experts 13.6841 sec
Elapsed time for households 12.3625 sec
Iteration 147
Elapsed time for kappa 37.2988 sec
Elapsed time for experts 16.2648 sec
Elapsed time for households 12.3899 sec
Iteration 148
Elapsed time for kappa 37.3878 sec
Elapsed time for experts 13.5875 sec
Elapsed time for households 14.6159 sec
Iteration 149
Elapsed time for kappa 35.9157 sec
Elapsed time for experts 12.4920 sec
Elapsed time for households 11.6453 sec
Iteration 150
Elapsed time for kappa 33.0116 sec
Elapsed time for experts 11.9741 sec
Elapsed time for households 21.1039 sec
Iteration 151
Elapsed time for kappa 38.5303 sec
Elapsed time for experts 15.0088 sec
Elapsed time for households 12.9615 sec
Iteration 152
Elapsed time for kappa 38.1616 sec
Elapsed time for experts 13.7950 sec
Elapsed time for households 13.2810 sec
Iteration 153
Elapsed time for kappa 37.1679 sec
Elapsed time for experts 13.3212 sec
Elapsed time for households 13.5253 sec
Iteration 154
Elapsed time for kappa 35.7507 sec
Elapsed time for experts 12.2336 sec
Elapsed time for households 11.6445 sec
Iteration 155
Elapsed time for kappa 33.6164 sec
Elapsed time for experts 12.8619 sec
Elapsed time for households 11.5886 sec
Iteration 156
Elapsed time for kappa 37.1665 sec
Elapsed time for experts 20.9746 sec
Elapsed time for households 13.0451 sec
Iteration 157
Elapsed time for kappa 39.0922 sec
Elapsed time for experts 13.8393 sec
Elapsed time for households 11.6478 sec
Iteration 158
Elapsed time for kappa 37.0274 sec
Elapsed time for experts 13.6441 sec
Elapsed time for households 12.5003 sec
Iteration 159
Elapsed time for kappa 36.3001 sec
Elapsed time for experts 13.8735 sec
Elapsed time for households 12.3818 sec
Iteration 160
Elapsed time for kappa 35.9359 sec
Elapsed time for experts 13.9532 sec
Elapsed time for households 12.3144 sec
Iteration 161
Elapsed time for kappa 35.6222 sec
Elapsed time for experts 13.4001 sec
Elapsed time for households 10.9965 sec
Iteration 162
Elapsed time for kappa 35.5678 sec
Elapsed time for experts 13.5393 sec
Elapsed time for households 21.0042 sec
Iteration 163
Elapsed time for kappa 38.5252 sec
Elapsed time for experts 13.2511 sec
Elapsed time for households 11.5149 sec
Iteration 164
Elapsed time for kappa 35.6409 sec
Elapsed time for experts 14.6795 sec
Elapsed time for households 12.4167 sec
Iteration 165
Elapsed time for kappa 35.2511 sec
Elapsed time for experts 12.6012 sec
Elapsed time for households 11.4362 sec
Iteration 166
Elapsed time for kappa 36.7263 sec
Elapsed time for experts 13.6661 sec
Elapsed time for households 11.8291 sec
Iteration 167
Elapsed time for kappa 36.1074 sec
Elapsed time for experts 13.3326 sec
Elapsed time for households 11.5079 sec
Iteration 168
Elapsed time for kappa 34.2426 sec
Elapsed time for experts 21.7329 sec
Elapsed time for households 12.4613 sec
Iteration 169
Elapsed time for kappa 36.5890 sec
Elapsed time for experts 14.4089 sec
Elapsed time for households 12.6827 sec
Iteration 170
Elapsed time for kappa 40.0194 sec
Elapsed time for experts 14.4068 sec
Elapsed time for households 12.2860 sec
Iteration 171
Elapsed time for kappa 35.4981 sec
Elapsed time for experts 12.6958 sec
Elapsed time for households 12.4501 sec
Iteration 172
Elapsed time for kappa 35.8469 sec
Elapsed time for experts 13.0900 sec
Elapsed time for households 12.6007 sec
Iteration 173
Elapsed time for kappa 35.5752 sec
Elapsed time for experts 12.7879 sec
Elapsed time for households 11.7477 sec
Iteration 174
Elapsed time for kappa 33.2327 sec
Elapsed time for experts 12.2016 sec
Elapsed time for households 18.9483 sec
Iteration 175
Elapsed time for kappa 38.0438 sec
Elapsed time for experts 14.1865 sec
Elapsed time for households 12.6053 sec
Iteration 176
Elapsed time for kappa 37.3180 sec
Elapsed time for experts 13.4799 sec
Elapsed time for households 12.3254 sec
Iteration 177
Elapsed time for kappa 37.2571 sec
Elapsed time for experts 14.0133 sec
Elapsed time for households 12.1922 sec
Iteration 178
Elapsed time for kappa 36.0051 sec
Elapsed time for experts 13.5827 sec
Elapsed time for households 11.7399 sec
Iteration 179
Elapsed time for kappa 35.2256 sec
Elapsed time for experts 13.4369 sec
Elapsed time for households 10.6394 sec
Iteration 180
Elapsed time for kappa 34.0393 sec
Elapsed time for experts 12.6847 sec
Elapsed time for households 21.1645 sec
Iteration 181
Elapsed time for kappa 37.0862 sec
Elapsed time for experts 13.2093 sec
Elapsed time for households 12.0254 sec
Iteration 182
Elapsed time for kappa 37.6740 sec
Elapsed time for experts 13.6779 sec
Elapsed time for households 12.7738 sec
Iteration 183
Elapsed time for kappa 38.4460 sec
Elapsed time for experts 13.4675 sec
Elapsed time for households 11.9426 sec
Iteration 184
Elapsed time for kappa 36.3158 sec
Elapsed time for experts 13.1360 sec
Elapsed time for households 11.7554 sec
Iteration 185
Elapsed time for kappa 35.8677 sec
Elapsed time for experts 13.3427 sec
Elapsed time for households 11.5717 sec
Iteration 186
Elapsed time for kappa 35.1992 sec
Elapsed time for experts 13.2999 sec
Elapsed time for households 12.2938 sec
Iteration 187
Elapsed time for kappa 46.8030 sec
Elapsed time for experts 13.2128 sec
Elapsed time for households 12.2828 sec
Iteration 188
Elapsed time for kappa 36.5143 sec
Elapsed time for experts 12.8845 sec
Elapsed time for households 12.9267 sec
Iteration 189
Elapsed time for kappa 37.1590 sec
Elapsed time for experts 14.5401 sec
Elapsed time for households 12.8320 sec
Iteration 190
Elapsed time for kappa 35.8850 sec
Elapsed time for experts 14.1362 sec
Elapsed time for households 12.6904 sec
Iteration 191
Elapsed time for kappa 37.1598 sec
Elapsed time for experts 14.0836 sec
Elapsed time for households 12.0929 sec
Iteration 192
Elapsed time for kappa 35.4183 sec
Elapsed time for experts 12.8784 sec
Elapsed time for households 20.7562 sec
Iteration 193
Elapsed time for kappa 39.9633 sec
Elapsed time for experts 14.6219 sec
Elapsed time for households 13.1283 sec
Iteration 194
Elapsed time for kappa 36.8688 sec
Elapsed time for experts 14.5827 sec
Elapsed time for households 11.5779 sec
Iteration 195
Elapsed time for kappa 36.9742 sec
Elapsed time for experts 14.0923 sec
Elapsed time for households 11.5109 sec
Iteration 196
Elapsed time for kappa 37.2536 sec
Elapsed time for experts 13.1521 sec
Elapsed time for households 12.0529 sec
Iteration 197
Elapsed time for kappa 34.4449 sec
Elapsed time for experts 12.2167 sec
Elapsed time for households 11.2983 sec
Iteration 198
Elapsed time for kappa 34.2571 sec
Elapsed time for experts 21.2564 sec
Elapsed time for households 13.0281 sec
Iteration 199
Elapsed time for kappa 36.9109 sec
Elapsed time for experts 14.1963 sec
Elapsed time for households 12.8494 sec
Iteration 200
Elapsed time for kappa 38.1122 sec
Elapsed time for experts 14.2246 sec
Elapsed time for households 12.8562 sec
Iteration 201
Elapsed time for kappa 36.8763 sec
Elapsed time for experts 13.1109 sec
Elapsed time for households 12.8379 sec
Iteration 202
Elapsed time for kappa 36.5898 sec
Elapsed time for experts 12.4065 sec
Elapsed time for households 11.9537 sec
Iteration 203
Elapsed time for kappa 35.5975 sec
Elapsed time for experts 13.9591 sec
Elapsed time for households 11.8395 sec
Iteration 204
Elapsed time for kappa 32.6108 sec
Elapsed time for experts 12.0892 sec
Elapsed time for households 19.5697 sec
Iteration 205
Elapsed time for kappa 37.4693 sec
Elapsed time for experts 13.8067 sec
Elapsed time for households 12.4524 sec
Iteration 206
Elapsed time for kappa 36.6474 sec
Elapsed time for experts 13.7346 sec
Elapsed time for households 12.5623 sec
Iteration 207
Elapsed time for kappa 36.9535 sec
Elapsed time for experts 13.8238 sec
Elapsed time for households 12.3874 sec
Iteration 208
Elapsed time for kappa 37.3371 sec
Elapsed time for experts 13.9204 sec
Elapsed time for households 11.7822 sec
Iteration 209
Elapsed time for kappa 35.7682 sec
Elapsed time for experts 13.5017 sec
Elapsed time for households 12.5168 sec
Iteration 210
Elapsed time for kappa 34.2982 sec
Elapsed time for experts 12.4596 sec
Elapsed time for households 20.1530 sec
Iteration 211
Elapsed time for kappa 38.0292 sec
Elapsed time for experts 13.8450 sec
Elapsed time for households 12.6894 sec
Iteration 212
Elapsed time for kappa 36.3127 sec
Elapsed time for experts 12.7482 sec
Elapsed time for households 11.7111 sec
Iteration 213
Elapsed time for kappa 37.3770 sec
Elapsed time for experts 13.7785 sec
Elapsed time for households 12.0602 sec
Iteration 214
Elapsed time for kappa 36.8073 sec
Elapsed time for experts 12.8116 sec
Elapsed time for households 12.1021 sec
Iteration 215
Elapsed time for kappa 33.9986 sec
Elapsed time for experts 13.3841 sec
Elapsed time for households 12.0241 sec
Iteration 216
Elapsed time for kappa 35.2045 sec
Elapsed time for experts 13.2595 sec
Elapsed time for households 11.7191 sec
Iteration 217
Elapsed time for kappa 46.6034 sec
Elapsed time for experts 14.7478 sec
Elapsed time for households 13.1838 sec
Iteration 218
Elapsed time for kappa 37.2561 sec
Elapsed time for experts 14.2116 sec
Elapsed time for households 12.7402 sec
Iteration 219
Elapsed time for kappa 34.5450 sec
Elapsed time for experts 14.0833 sec
Elapsed time for households 13.8224 sec
Iteration 220
Elapsed time for kappa 36.6936 sec
Elapsed time for experts 12.8126 sec
Elapsed time for households 12.7298 sec
Iteration 221
Elapsed time for kappa 34.9897 sec
Elapsed time for experts 12.3248 sec
Elapsed time for households 11.0772 sec
Iteration 222
Elapsed time for kappa 35.2968 sec
Elapsed time for experts 12.3862 sec
Elapsed time for households 18.5684 sec
Iteration 223
Elapsed time for kappa 36.8232 sec
Elapsed time for experts 14.3177 sec
Elapsed time for households 12.3919 sec
Iteration 224
Elapsed time for kappa 37.7375 sec
Elapsed time for experts 13.4424 sec
Elapsed time for households 11.6054 sec
Iteration 225
Elapsed time for kappa 35.1401 sec
Elapsed time for experts 12.7690 sec
Elapsed time for households 12.4000 sec
Iteration 226
Elapsed time for kappa 37.0103 sec
Elapsed time for experts 13.1977 sec
Elapsed time for households 11.9530 sec
Iteration 227
Elapsed time for kappa 34.5758 sec
Elapsed time for experts 12.3591 sec
Elapsed time for households 11.0108 sec
Iteration 228
Elapsed time for kappa 35.6202 sec
Elapsed time for experts 12.5874 sec
Elapsed time for households 20.1607 sec
Iteration 229
Elapsed time for kappa 37.6521 sec
Elapsed time for experts 13.6175 sec
Elapsed time for households 12.0413 sec
Iteration 230
Elapsed time for kappa 36.9578 sec
Elapsed time for experts 13.4860 sec
Elapsed time for households 13.1655 sec
Iteration 231
Elapsed time for kappa 38.3748 sec
Elapsed time for experts 14.3324 sec
Elapsed time for households 12.9805 sec
Iteration 232
Elapsed time for kappa 36.4002 sec
Elapsed time for experts 13.8247 sec
Elapsed time for households 12.3965 sec
Iteration 233
Elapsed time for kappa 34.7190 sec
Elapsed time for experts 13.0433 sec
Elapsed time for households 11.1278 sec
Iteration 234
Elapsed time for kappa 34.8064 sec
Elapsed time for experts 12.6049 sec
Elapsed time for households 11.8265 sec
Iteration 235
Elapsed time for kappa 44.1180 sec
Elapsed time for experts 13.2693 sec
Elapsed time for households 12.1511 sec
Iteration 236
Elapsed time for kappa 38.2239 sec
Elapsed time for experts 13.6669 sec
Elapsed time for households 12.1107 sec
Iteration 237
Elapsed time for kappa 39.2825 sec
Elapsed time for experts 12.9159 sec
Elapsed time for households 11.5930 sec
Iteration 238
Elapsed time for kappa 35.0095 sec
Elapsed time for experts 13.1879 sec
Elapsed time for households 12.2984 sec
Iteration 239
Elapsed time for kappa 37.2404 sec
Elapsed time for experts 13.6096 sec
Elapsed time for households 12.7664 sec
Iteration 240
Elapsed time for kappa 35.4414 sec
Elapsed time for experts 22.3253 sec
Elapsed time for households 14.0497 sec
Iteration 241
Elapsed time for kappa 37.1128 sec
Elapsed time for experts 12.8872 sec
Elapsed time for households 12.9424 sec
Iteration 242
Elapsed time for kappa 37.7098 sec
Elapsed time for experts 13.2092 sec
Elapsed time for households 13.5225 sec
Iteration 243
Elapsed time for kappa 36.7352 sec
Elapsed time for experts 12.3937 sec
Elapsed time for households 11.7732 sec
Iteration 244
Elapsed time for kappa 35.9275 sec
Elapsed time for experts 12.4036 sec
Elapsed time for households 11.3883 sec
Iteration 245
Elapsed time for kappa 34.5583 sec
Elapsed time for experts 13.4013 sec
Elapsed time for households 12.1083 sec
Iteration 246
Elapsed time for kappa 35.3221 sec
Elapsed time for experts 13.0330 sec
Elapsed time for households 22.5839 sec
Iteration 247
Elapsed time for kappa 41.1385 sec
Elapsed time for experts 13.6839 sec
Elapsed time for households 13.5152 sec
Iteration 248
Elapsed time for kappa 37.1331 sec
Elapsed time for experts 14.3022 sec
Elapsed time for households 11.4181 sec
Iteration 249
Elapsed time for kappa 38.1026 sec
Elapsed time for experts 15.0994 sec
Elapsed time for households 12.1656 sec
Iteration 250
Elapsed time for kappa 36.6234 sec
Elapsed time for experts 14.7010 sec
Elapsed time for households 13.1112 sec
Iteration 251
Elapsed time for kappa 34.7106 sec
Elapsed time for experts 13.0260 sec
Elapsed time for households 12.7390 sec
Iteration 252
Elapsed time for kappa 34.7515 sec
Elapsed time for experts 12.0768 sec
Elapsed time for households 20.3669 sec
Iteration 253
Elapsed time for kappa 39.4557 sec
Elapsed time for experts 14.3676 sec
Elapsed time for households 12.5652 sec
Iteration 254
Elapsed time for kappa 38.1224 sec
Elapsed time for experts 13.4640 sec
Elapsed time for households 12.1240 sec
Iteration 255
Elapsed time for kappa 37.7574 sec
Elapsed time for experts 13.9602 sec
Elapsed time for households 12.2538 sec
Iteration 256
Elapsed time for kappa 38.0870 sec
Elapsed time for experts 13.0058 sec
Elapsed time for households 11.4935 sec
Iteration 257
Elapsed time for kappa 34.1363 sec
Elapsed time for experts 12.5946 sec
Elapsed time for households 12.2858 sec
Iteration 258
Elapsed time for kappa 33.7992 sec
Elapsed time for experts 13.4159 sec
Elapsed time for households 11.8169 sec
Iteration 259
Elapsed time for kappa 44.8618 sec
Elapsed time for experts 13.5610 sec
Elapsed time for households 12.9378 sec
Iteration 260
Elapsed time for kappa 36.4789 sec
Elapsed time for experts 13.5392 sec
Elapsed time for households 12.0559 sec
Iteration 261
Elapsed time for kappa 39.8142 sec
Elapsed time for experts 13.6467 sec
Elapsed time for households 12.4248 sec
Iteration 262
Elapsed time for kappa 36.6532 sec
Elapsed time for experts 13.7380 sec
Elapsed time for households 12.4039 sec
Iteration 263
Elapsed time for kappa 36.5216 sec
Elapsed time for experts 12.7778 sec
Elapsed time for households 12.3129 sec
Iteration 264
Elapsed time for kappa 35.4312 sec
Elapsed time for experts 13.4543 sec
Elapsed time for households 20.5829 sec
Iteration 265
Elapsed time for kappa 40.7097 sec
Elapsed time for experts 13.5745 sec
Elapsed time for households 12.5110 sec
Iteration 266
Elapsed time for kappa 35.4330 sec
Elapsed time for experts 13.5169 sec
Elapsed time for households 12.3726 sec
Iteration 267
Elapsed time for kappa 35.9520 sec
Elapsed time for experts 13.5876 sec
Elapsed time for households 12.8849 sec
Iteration 268
Elapsed time for kappa 35.8944 sec
Elapsed time for experts 12.4103 sec
Elapsed time for households 12.2382 sec
Iteration 269
Elapsed time for kappa 35.2962 sec
Elapsed time for experts 12.7329 sec
Elapsed time for households 12.4511 sec
Iteration 270
Elapsed time for kappa 34.7304 sec
Elapsed time for experts 12.4172 sec
Elapsed time for households 11.5569 sec
Iteration 271
Elapsed time for kappa 47.6939 sec
Elapsed time for experts 15.1089 sec
Elapsed time for households 13.0731 sec
Iteration 272
Elapsed time for kappa 38.2277 sec
Elapsed time for experts 14.1781 sec
Elapsed time for households 12.4932 sec
Iteration 273
Elapsed time for kappa 35.5336 sec
Elapsed time for experts 13.0060 sec
Elapsed time for households 11.6477 sec
Iteration 274
Elapsed time for kappa 36.1053 sec
Elapsed time for experts 13.6179 sec
Elapsed time for households 12.0571 sec
Iteration 275
Elapsed time for kappa 34.2792 sec
Elapsed time for experts 13.2083 sec
Elapsed time for households 11.4503 sec
Iteration 276
Elapsed time for kappa 33.8859 sec
Elapsed time for experts 12.1087 sec
Elapsed time for households 11.7394 sec
Iteration 277
Elapsed time for kappa 43.5686 sec
Elapsed time for experts 13.7734 sec
Elapsed time for households 12.2667 sec
Iteration 278
Elapsed time for kappa 35.1952 sec
Elapsed time for experts 14.0553 sec
Elapsed time for households 12.1226 sec
Iteration 279
Elapsed time for kappa 35.0914 sec
Elapsed time for experts 12.8279 sec
Elapsed time for households 12.6339 sec
Iteration 280
Elapsed time for kappa 34.3803 sec
Elapsed time for experts 12.5892 sec
Elapsed time for households 11.8802 sec
Iteration 281
Elapsed time for kappa 35.2562 sec
Elapsed time for experts 12.6653 sec
Elapsed time for households 11.2071 sec
Iteration 282
Elapsed time for kappa 33.8456 sec
Elapsed time for experts 19.8549 sec
Elapsed time for households 13.2922 sec
Iteration 283
Elapsed time for kappa 36.6883 sec
Elapsed time for experts 13.1434 sec
Elapsed time for households 12.6197 sec
Iteration 284
Elapsed time for kappa 35.0548 sec
Elapsed time for experts 12.7212 sec
Elapsed time for households 12.1168 sec
Iteration 285
Elapsed time for kappa 36.4294 sec
Elapsed time for experts 12.8714 sec
Elapsed time for households 12.1749 sec
Iteration 286
Elapsed time for kappa 34.2083 sec
Elapsed time for experts 12.4601 sec
Elapsed time for households 11.1558 sec
Iteration 287
Elapsed time for kappa 34.5651 sec
Elapsed time for experts 12.0412 sec
Elapsed time for households 11.0800 sec
Iteration 288
Elapsed time for kappa 33.4465 sec
Elapsed time for experts 11.9853 sec
Elapsed time for households 20.2108 sec
Iteration 289
Elapsed time for kappa 37.0818 sec
Elapsed time for experts 12.8761 sec
Elapsed time for households 12.2706 sec
Iteration 290
Elapsed time for kappa 35.4736 sec
Elapsed time for experts 12.8917 sec
Elapsed time for households 13.1077 sec
Iteration 291
Elapsed time for kappa 34.8296 sec
Elapsed time for experts 12.7067 sec
Elapsed time for households 12.5099 sec
Iteration 292
Elapsed time for kappa 34.1044 sec
Elapsed time for experts 12.6152 sec
Elapsed time for households 11.8130 sec
Iteration 293
Elapsed time for kappa 34.6673 sec
Elapsed time for experts 12.2543 sec
Elapsed time for households 10.9872 sec
Iteration 294
Elapsed time for kappa 35.5364 sec
Elapsed time for experts 11.9077 sec
Elapsed time for households 18.8158 sec
Iteration 295
Elapsed time for kappa 36.6069 sec
Elapsed time for experts 12.8797 sec
Elapsed time for households 11.9995 sec
Iteration 296
Elapsed time for kappa 35.3322 sec
Elapsed time for experts 12.5662 sec
Elapsed time for households 11.7914 sec
Iteration 297
Elapsed time for kappa 34.3796 sec
Elapsed time for experts 12.5197 sec
Elapsed time for households 11.4588 sec
Iteration 298
Elapsed time for kappa 34.6272 sec
Elapsed time for experts 12.5149 sec
Elapsed time for households 10.9276 sec
Iteration 299
Elapsed time for kappa 33.3783 sec
Elapsed time for experts 12.1701 sec
Elapsed time for households 11.1208 sec
Elapsed time for training 19036.1367 sec
