Iteration 0
Elapsed time for kappa 69.4814 sec
Elapsed time for experts 18.8467 sec
Elapsed time for households 14.7022 sec
Iteration 1
Elapsed time for kappa 35.0236 sec
Elapsed time for experts 13.4178 sec
Elapsed time for households 12.2101 sec
Iteration 2
Elapsed time for kappa 33.5438 sec
Elapsed time for experts 13.3739 sec
Elapsed time for households 15.6701 sec
Iteration 3
Elapsed time for kappa 33.7805 sec
Elapsed time for experts 13.2592 sec
Elapsed time for households 12.3432 sec
Iteration 4
Elapsed time for kappa 32.8852 sec
Elapsed time for experts 13.1720 sec
Elapsed time for households 10.8443 sec
Iteration 5
Elapsed time for kappa 33.3017 sec
Elapsed time for experts 12.1340 sec
Elapsed time for households 11.5389 sec
Iteration 6
Elapsed time for kappa 33.1105 sec
Elapsed time for experts 13.1504 sec
Elapsed time for households 11.1260 sec
Iteration 7
Elapsed time for kappa 33.3982 sec
Elapsed time for experts 11.8848 sec
Elapsed time for households 11.9084 sec
Iteration 8
Elapsed time for kappa 33.1293 sec
Elapsed time for experts 12.1347 sec
Elapsed time for households 18.9732 sec
Iteration 9
Elapsed time for kappa 34.8455 sec
Elapsed time for experts 13.4441 sec
Elapsed time for households 11.5955 sec
Iteration 10
Elapsed time for kappa 32.1496 sec
Elapsed time for experts 12.1119 sec
Elapsed time for households 10.7998 sec
Iteration 11
Elapsed time for kappa 33.4492 sec
Elapsed time for experts 11.3457 sec
Elapsed time for households 10.4895 sec
Iteration 12
Elapsed time for kappa 31.4961 sec
Elapsed time for experts 12.5072 sec
Elapsed time for households 10.0894 sec
Iteration 13
Elapsed time for kappa 33.0454 sec
Elapsed time for experts 12.2954 sec
Elapsed time for households 11.0368 sec
Iteration 14
Elapsed time for kappa 33.1305 sec
Elapsed time for experts 11.8320 sec
Elapsed time for households 17.8673 sec
Iteration 15
Elapsed time for kappa 34.2574 sec
Elapsed time for experts 12.9662 sec
Elapsed time for households 10.6957 sec
Iteration 16
Elapsed time for kappa 33.2663 sec
Elapsed time for experts 11.9622 sec
Elapsed time for households 10.9534 sec
Iteration 17
Elapsed time for kappa 33.1753 sec
Elapsed time for experts 12.7101 sec
Elapsed time for households 11.7447 sec
Iteration 18
Elapsed time for kappa 33.1559 sec
Elapsed time for experts 13.2628 sec
Elapsed time for households 11.2918 sec
Iteration 19
Elapsed time for kappa 32.7648 sec
Elapsed time for experts 12.6199 sec
Elapsed time for households 10.9775 sec
Iteration 20
Elapsed time for kappa 32.3634 sec
Elapsed time for experts 19.6537 sec
Elapsed time for households 11.7846 sec
Iteration 21
Elapsed time for kappa 34.7247 sec
Elapsed time for experts 13.5495 sec
Elapsed time for households 11.2845 sec
Iteration 22
Elapsed time for kappa 33.7262 sec
Elapsed time for experts 12.8840 sec
Elapsed time for households 10.9830 sec
Iteration 23
Elapsed time for kappa 33.8693 sec
Elapsed time for experts 13.2916 sec
Elapsed time for households 10.8252 sec
Iteration 24
Elapsed time for kappa 33.8768 sec
Elapsed time for experts 12.7494 sec
Elapsed time for households 11.1433 sec
Iteration 25
Elapsed time for kappa 33.4162 sec
Elapsed time for experts 12.6174 sec
Elapsed time for households 10.9127 sec
Iteration 26
Elapsed time for kappa 33.5805 sec
Elapsed time for experts 20.6586 sec
Elapsed time for households 11.6848 sec
Iteration 27
Elapsed time for kappa 34.3993 sec
Elapsed time for experts 12.8532 sec
Elapsed time for households 11.2529 sec
Iteration 28
Elapsed time for kappa 33.7434 sec
Elapsed time for experts 13.0111 sec
Elapsed time for households 10.9758 sec
Iteration 29
Elapsed time for kappa 33.7246 sec
Elapsed time for experts 11.9327 sec
Elapsed time for households 10.9191 sec
Iteration 30
Elapsed time for kappa 33.1278 sec
Elapsed time for experts 12.1776 sec
Elapsed time for households 11.2683 sec
Iteration 31
Elapsed time for kappa 33.1350 sec
Elapsed time for experts 12.4760 sec
Elapsed time for households 11.2269 sec
Iteration 32
Elapsed time for kappa 33.6286 sec
Elapsed time for experts 20.7934 sec
Elapsed time for households 12.6405 sec
Iteration 33
Elapsed time for kappa 33.9410 sec
Elapsed time for experts 12.0694 sec
Elapsed time for households 10.7438 sec
Iteration 34
Elapsed time for kappa 32.0247 sec
Elapsed time for experts 12.0054 sec
Elapsed time for households 10.8258 sec
Iteration 35
Elapsed time for kappa 34.1830 sec
Elapsed time for experts 12.2742 sec
Elapsed time for households 11.4701 sec
Iteration 36
Elapsed time for kappa 33.4298 sec
Elapsed time for experts 12.1558 sec
Elapsed time for households 11.0728 sec
Iteration 37
Elapsed time for kappa 32.9548 sec
Elapsed time for experts 11.6855 sec
Elapsed time for households 10.1281 sec
Iteration 38
Elapsed time for kappa 41.0880 sec
Elapsed time for experts 12.6581 sec
Elapsed time for households 10.8540 sec
Iteration 39
Elapsed time for kappa 33.6556 sec
Elapsed time for experts 12.4878 sec
Elapsed time for households 11.2306 sec
Iteration 40
Elapsed time for kappa 34.2827 sec
Elapsed time for experts 12.8116 sec
Elapsed time for households 10.9433 sec
Iteration 41
Elapsed time for kappa 34.0659 sec
Elapsed time for experts 13.0928 sec
Elapsed time for households 11.0095 sec
Iteration 42
Elapsed time for kappa 33.4972 sec
Elapsed time for experts 12.3506 sec
Elapsed time for households 11.1045 sec
Iteration 43
Elapsed time for kappa 33.3584 sec
Elapsed time for experts 12.0904 sec
Elapsed time for households 10.7457 sec
Iteration 44
Elapsed time for kappa 42.5456 sec
Elapsed time for experts 13.8885 sec
Elapsed time for households 11.6307 sec
Iteration 45
Elapsed time for kappa 33.7069 sec
Elapsed time for experts 11.8307 sec
Elapsed time for households 11.1464 sec
Iteration 46
Elapsed time for kappa 33.7172 sec
Elapsed time for experts 12.6606 sec
Elapsed time for households 11.2400 sec
Iteration 47
Elapsed time for kappa 33.1757 sec
Elapsed time for experts 11.4230 sec
Elapsed time for households 10.5881 sec
Iteration 48
Elapsed time for kappa 32.6440 sec
Elapsed time for experts 12.4896 sec
Elapsed time for households 10.9361 sec
Iteration 49
Elapsed time for kappa 33.5738 sec
Elapsed time for experts 12.5157 sec
Elapsed time for households 10.7878 sec
Iteration 50
Elapsed time for kappa 42.5217 sec
Elapsed time for experts 13.2300 sec
Elapsed time for households 11.6744 sec
Iteration 51
Elapsed time for kappa 34.9356 sec
Elapsed time for experts 12.6613 sec
Elapsed time for households 11.3830 sec
Iteration 52
Elapsed time for kappa 34.5417 sec
Elapsed time for experts 12.4764 sec
Elapsed time for households 10.9856 sec
Iteration 53
Elapsed time for kappa 34.1214 sec
Elapsed time for experts 12.4320 sec
Elapsed time for households 11.1896 sec
Iteration 54
Elapsed time for kappa 34.2141 sec
Elapsed time for experts 12.2441 sec
Elapsed time for households 10.8749 sec
Iteration 55
Elapsed time for kappa 33.4745 sec
Elapsed time for experts 12.4618 sec
Elapsed time for households 10.2339 sec
Iteration 56
Elapsed time for kappa 41.9381 sec
Elapsed time for experts 13.7270 sec
Elapsed time for households 11.7936 sec
Iteration 57
Elapsed time for kappa 33.9740 sec
Elapsed time for experts 12.5071 sec
Elapsed time for households 11.3331 sec
Iteration 58
Elapsed time for kappa 33.9134 sec
Elapsed time for experts 12.7843 sec
Elapsed time for households 10.7994 sec
Iteration 59
Elapsed time for kappa 32.0242 sec
Elapsed time for experts 11.6895 sec
Elapsed time for households 11.4163 sec
Iteration 60
Elapsed time for kappa 33.7007 sec
Elapsed time for experts 12.5953 sec
Elapsed time for households 11.1364 sec
Iteration 61
Elapsed time for kappa 33.5595 sec
Elapsed time for experts 12.2072 sec
Elapsed time for households 11.4038 sec
Iteration 62
Elapsed time for kappa 43.3822 sec
Elapsed time for experts 13.5441 sec
Elapsed time for households 12.1196 sec
Iteration 63
Elapsed time for kappa 34.7195 sec
Elapsed time for experts 12.9484 sec
Elapsed time for households 11.8038 sec
Iteration 64
Elapsed time for kappa 34.7309 sec
Elapsed time for experts 12.7877 sec
Elapsed time for households 11.7332 sec
Iteration 65
Elapsed time for kappa 33.6561 sec
Elapsed time for experts 12.7417 sec
Elapsed time for households 11.2210 sec
Iteration 66
Elapsed time for kappa 33.6853 sec
Elapsed time for experts 12.1433 sec
Elapsed time for households 11.1416 sec
Iteration 67
Elapsed time for kappa 33.5873 sec
Elapsed time for experts 12.2931 sec
Elapsed time for households 10.7533 sec
Iteration 68
Elapsed time for kappa 42.5525 sec
Elapsed time for experts 13.2452 sec
Elapsed time for households 12.0365 sec
Iteration 69
Elapsed time for kappa 34.6904 sec
Elapsed time for experts 12.6780 sec
Elapsed time for households 11.3756 sec
Iteration 70
Elapsed time for kappa 34.7842 sec
Elapsed time for experts 11.9030 sec
Elapsed time for households 10.5605 sec
Iteration 71
Elapsed time for kappa 33.4643 sec
Elapsed time for experts 12.4393 sec
Elapsed time for households 11.0934 sec
Iteration 72
Elapsed time for kappa 34.0872 sec
Elapsed time for experts 11.7153 sec
Elapsed time for households 10.3376 sec
Iteration 73
Elapsed time for kappa 31.7579 sec
Elapsed time for experts 11.5997 sec
Elapsed time for households 18.7550 sec
Iteration 74
Elapsed time for kappa 35.8008 sec
Elapsed time for experts 13.6641 sec
Elapsed time for households 11.3181 sec
Iteration 75
Elapsed time for kappa 32.9942 sec
Elapsed time for experts 11.9912 sec
Elapsed time for households 10.7588 sec
Iteration 76
Elapsed time for kappa 34.1132 sec
Elapsed time for experts 12.7391 sec
Elapsed time for households 10.5203 sec
Iteration 77
Elapsed time for kappa 33.0112 sec
Elapsed time for experts 12.1653 sec
Elapsed time for households 11.3029 sec
Iteration 78
Elapsed time for kappa 33.1397 sec
Elapsed time for experts 12.3926 sec
Elapsed time for households 10.9724 sec
Iteration 79
Elapsed time for kappa 32.4521 sec
Elapsed time for experts 12.1450 sec
Elapsed time for households 19.4466 sec
Iteration 80
Elapsed time for kappa 35.7967 sec
Elapsed time for experts 13.6078 sec
Elapsed time for households 11.9806 sec
Iteration 81
Elapsed time for kappa 34.8354 sec
Elapsed time for experts 12.2857 sec
Elapsed time for households 10.8348 sec
Iteration 82
Elapsed time for kappa 33.0411 sec
Elapsed time for experts 12.9343 sec
Elapsed time for households 11.4321 sec
Iteration 83
Elapsed time for kappa 33.1722 sec
Elapsed time for experts 11.8079 sec
Elapsed time for households 10.4148 sec
Iteration 84
Elapsed time for kappa 31.9007 sec
Elapsed time for experts 12.3175 sec
Elapsed time for households 11.2190 sec
Iteration 85
Elapsed time for kappa 33.2163 sec
Elapsed time for experts 20.8048 sec
Elapsed time for households 12.2874 sec
Iteration 86
Elapsed time for kappa 33.8602 sec
Elapsed time for experts 12.1370 sec
Elapsed time for households 11.3080 sec
Iteration 87
Elapsed time for kappa 34.8131 sec
Elapsed time for experts 12.8298 sec
Elapsed time for households 11.2007 sec
Iteration 88
Elapsed time for kappa 34.5641 sec
Elapsed time for experts 12.6416 sec
Elapsed time for households 11.1686 sec
Iteration 89
Elapsed time for kappa 34.2726 sec
Elapsed time for experts 11.6016 sec
Elapsed time for households 10.2540 sec
Iteration 90
Elapsed time for kappa 32.3320 sec
Elapsed time for experts 12.5835 sec
Elapsed time for households 11.4414 sec
Iteration 91
Elapsed time for kappa 33.2858 sec
Elapsed time for experts 21.0243 sec
Elapsed time for households 11.5794 sec
Iteration 92
Elapsed time for kappa 33.7098 sec
Elapsed time for experts 13.5347 sec
Elapsed time for households 11.9825 sec
Iteration 93
Elapsed time for kappa 35.0610 sec
Elapsed time for experts 12.8103 sec
Elapsed time for households 11.6469 sec
Iteration 94
Elapsed time for kappa 34.2350 sec
Elapsed time for experts 11.9668 sec
Elapsed time for households 10.8158 sec
Iteration 95
Elapsed time for kappa 33.4496 sec
Elapsed time for experts 12.2125 sec
Elapsed time for households 11.1973 sec
Iteration 96
Elapsed time for kappa 33.0196 sec
Elapsed time for experts 11.7183 sec
Elapsed time for households 10.3911 sec
Iteration 97
Elapsed time for kappa 32.7653 sec
Elapsed time for experts 20.8993 sec
Elapsed time for households 12.3602 sec
Iteration 98
Elapsed time for kappa 36.2453 sec
Elapsed time for experts 13.3693 sec
Elapsed time for households 11.9239 sec
Iteration 99
Elapsed time for kappa 35.5435 sec
Elapsed time for experts 12.9645 sec
Elapsed time for households 11.4464 sec
Iteration 100
Elapsed time for kappa 34.4584 sec
Elapsed time for experts 12.5635 sec
Elapsed time for households 11.3216 sec
Iteration 101
Elapsed time for kappa 34.1385 sec
Elapsed time for experts 12.9027 sec
Elapsed time for households 11.1746 sec
Iteration 102
Elapsed time for kappa 33.7268 sec
Elapsed time for experts 12.9434 sec
Elapsed time for households 10.8536 sec
Iteration 103
Elapsed time for kappa 44.4468 sec
Elapsed time for experts 14.0893 sec
Elapsed time for households 11.9267 sec
Iteration 104
Elapsed time for kappa 35.9310 sec
Elapsed time for experts 12.9518 sec
Elapsed time for households 11.6400 sec
Iteration 105
Elapsed time for kappa 35.0707 sec
Elapsed time for experts 12.1647 sec
Elapsed time for households 10.9606 sec
Iteration 106
Elapsed time for kappa 33.3391 sec
Elapsed time for experts 12.9250 sec
Elapsed time for households 11.4139 sec
Iteration 107
Elapsed time for kappa 33.8264 sec
Elapsed time for experts 12.6251 sec
Elapsed time for households 11.7644 sec
Iteration 108
Elapsed time for kappa 33.5828 sec
Elapsed time for experts 12.6146 sec
Elapsed time for households 11.2653 sec
Iteration 109
Elapsed time for kappa 44.6575 sec
Elapsed time for experts 14.1893 sec
Elapsed time for households 12.1705 sec
Iteration 110
Elapsed time for kappa 34.7518 sec
Elapsed time for experts 13.2177 sec
Elapsed time for households 11.9811 sec
Iteration 111
Elapsed time for kappa 34.9929 sec
Elapsed time for experts 13.0621 sec
Elapsed time for households 11.4442 sec
Iteration 112
Elapsed time for kappa 33.8893 sec
Elapsed time for experts 12.9834 sec
Elapsed time for households 11.5382 sec
Iteration 113
Elapsed time for kappa 33.5649 sec
Elapsed time for experts 12.9358 sec
Elapsed time for households 11.4083 sec
Iteration 114
Elapsed time for kappa 31.9866 sec
Elapsed time for experts 11.5711 sec
Elapsed time for households 10.5849 sec
Iteration 115
Elapsed time for kappa 44.2212 sec
Elapsed time for experts 14.1072 sec
Elapsed time for households 11.4216 sec
Iteration 116
Elapsed time for kappa 35.4633 sec
Elapsed time for experts 13.6812 sec
Elapsed time for households 11.1191 sec
Iteration 117
Elapsed time for kappa 34.7396 sec
Elapsed time for experts 12.7014 sec
Elapsed time for households 11.7770 sec
Iteration 118
Elapsed time for kappa 34.3254 sec
Elapsed time for experts 12.4738 sec
Elapsed time for households 11.3265 sec
Iteration 119
Elapsed time for kappa 33.1842 sec
Elapsed time for experts 12.7494 sec
Elapsed time for households 11.4511 sec
Iteration 120
Elapsed time for kappa 32.8451 sec
Elapsed time for experts 11.6251 sec
Elapsed time for households 10.3436 sec
Iteration 121
Elapsed time for kappa 42.8881 sec
Elapsed time for experts 13.8373 sec
Elapsed time for households 11.4170 sec
Iteration 122
Elapsed time for kappa 35.2245 sec
Elapsed time for experts 13.6128 sec
Elapsed time for households 12.0271 sec
Iteration 123
Elapsed time for kappa 33.9628 sec
Elapsed time for experts 12.4853 sec
Elapsed time for households 11.4851 sec
Iteration 124
Elapsed time for kappa 34.7142 sec
Elapsed time for experts 12.9964 sec
Elapsed time for households 11.9949 sec
Iteration 125
Elapsed time for kappa 34.0621 sec
Elapsed time for experts 13.1598 sec
Elapsed time for households 10.3043 sec
Iteration 126
Elapsed time for kappa 33.2459 sec
Elapsed time for experts 12.3906 sec
Elapsed time for households 11.0559 sec
Iteration 127
Elapsed time for kappa 43.2724 sec
Elapsed time for experts 13.2916 sec
Elapsed time for households 12.1716 sec
Iteration 128
Elapsed time for kappa 35.7686 sec
Elapsed time for experts 13.5489 sec
Elapsed time for households 11.8932 sec
Iteration 129
Elapsed time for kappa 35.1468 sec
Elapsed time for experts 13.3333 sec
Elapsed time for households 11.7539 sec
Iteration 130
Elapsed time for kappa 34.6171 sec
Elapsed time for experts 12.9660 sec
Elapsed time for households 10.8719 sec
Iteration 131
Elapsed time for kappa 34.3016 sec
Elapsed time for experts 12.4283 sec
Elapsed time for households 11.1502 sec
Iteration 132
Elapsed time for kappa 33.8818 sec
Elapsed time for experts 12.5685 sec
Elapsed time for households 10.8706 sec
Iteration 133
Elapsed time for kappa 42.9795 sec
Elapsed time for experts 13.7720 sec
Elapsed time for households 11.9784 sec
Iteration 134
Elapsed time for kappa 36.2148 sec
Elapsed time for experts 13.4856 sec
Elapsed time for households 11.8215 sec
Iteration 135
Elapsed time for kappa 34.9227 sec
Elapsed time for experts 12.6619 sec
Elapsed time for households 11.1016 sec
Iteration 136
Elapsed time for kappa 33.5737 sec
Elapsed time for experts 12.7003 sec
Elapsed time for households 11.6124 sec
Iteration 137
Elapsed time for kappa 33.7361 sec
Elapsed time for experts 12.8793 sec
Elapsed time for households 11.5546 sec
Iteration 138
Elapsed time for kappa 33.5840 sec
Elapsed time for experts 12.9941 sec
Elapsed time for households 10.9184 sec
Iteration 139
Elapsed time for kappa 43.1374 sec
Elapsed time for experts 13.7572 sec
Elapsed time for households 12.1291 sec
Iteration 140
Elapsed time for kappa 35.2963 sec
Elapsed time for experts 13.1619 sec
Elapsed time for households 12.1312 sec
Iteration 141
Elapsed time for kappa 34.5389 sec
Elapsed time for experts 12.2469 sec
Elapsed time for households 11.8914 sec
Iteration 142
Elapsed time for kappa 34.3083 sec
Elapsed time for experts 12.5999 sec
Elapsed time for households 11.5183 sec
Iteration 143
Elapsed time for kappa 33.8244 sec
Elapsed time for experts 12.3810 sec
Elapsed time for households 11.2658 sec
Iteration 144
Elapsed time for kappa 34.0393 sec
Elapsed time for experts 12.5199 sec
Elapsed time for households 19.4722 sec
Iteration 145
Elapsed time for kappa 35.1084 sec
Elapsed time for experts 13.0569 sec
Elapsed time for households 12.1131 sec
Iteration 146
Elapsed time for kappa 34.3626 sec
Elapsed time for experts 13.2607 sec
Elapsed time for households 11.7807 sec
Iteration 147
Elapsed time for kappa 34.9109 sec
Elapsed time for experts 12.6554 sec
Elapsed time for households 11.3978 sec
Iteration 148
Elapsed time for kappa 34.4112 sec
Elapsed time for experts 12.6906 sec
Elapsed time for households 11.2089 sec
Iteration 149
Elapsed time for kappa 32.6672 sec
Elapsed time for experts 12.6814 sec
Elapsed time for households 11.1130 sec
Iteration 150
Elapsed time for kappa 32.6925 sec
Elapsed time for experts 21.2256 sec
Elapsed time for households 11.3197 sec
Iteration 151
Elapsed time for kappa 33.2883 sec
Elapsed time for experts 12.4326 sec
Elapsed time for households 11.9292 sec
Iteration 152
Elapsed time for kappa 34.3320 sec
Elapsed time for experts 13.0162 sec
Elapsed time for households 12.1231 sec
Iteration 153
Elapsed time for kappa 34.3530 sec
Elapsed time for experts 12.9450 sec
Elapsed time for households 11.6229 sec
Iteration 154
Elapsed time for kappa 33.9938 sec
Elapsed time for experts 12.5766 sec
Elapsed time for households 11.4580 sec
Iteration 155
Elapsed time for kappa 33.5420 sec
Elapsed time for experts 12.8205 sec
Elapsed time for households 11.0886 sec
Iteration 156
Elapsed time for kappa 33.1322 sec
Elapsed time for experts 11.8052 sec
Elapsed time for households 18.6891 sec
Iteration 157
Elapsed time for kappa 34.3480 sec
Elapsed time for experts 12.1726 sec
Elapsed time for households 10.7909 sec
Iteration 158
Elapsed time for kappa 34.4330 sec
Elapsed time for experts 12.4746 sec
Elapsed time for households 11.5029 sec
Iteration 159
Elapsed time for kappa 34.2723 sec
Elapsed time for experts 11.6953 sec
Elapsed time for households 10.7075 sec
Iteration 160
Elapsed time for kappa 31.7454 sec
Elapsed time for experts 12.2289 sec
Elapsed time for households 10.4369 sec
Iteration 161
Elapsed time for kappa 32.7050 sec
Elapsed time for experts 12.3163 sec
Elapsed time for households 10.2330 sec
Iteration 162
Elapsed time for kappa 32.8968 sec
Elapsed time for experts 11.7959 sec
Elapsed time for households 18.5926 sec
Iteration 163
Elapsed time for kappa 35.0549 sec
Elapsed time for experts 12.8562 sec
Elapsed time for households 11.5985 sec
Iteration 164
Elapsed time for kappa 34.5140 sec
Elapsed time for experts 12.8877 sec
Elapsed time for households 11.7574 sec
Iteration 165
Elapsed time for kappa 33.6557 sec
Elapsed time for experts 12.9447 sec
Elapsed time for households 10.9378 sec
Iteration 166
Elapsed time for kappa 32.0335 sec
Elapsed time for experts 12.6935 sec
Elapsed time for households 11.1211 sec
Iteration 167
Elapsed time for kappa 32.8580 sec
Elapsed time for experts 12.6602 sec
Elapsed time for households 10.0651 sec
Iteration 168
Elapsed time for kappa 31.0034 sec
Elapsed time for experts 11.2772 sec
Elapsed time for households 10.4813 sec
Iteration 169
Elapsed time for kappa 40.5322 sec
Elapsed time for experts 13.0450 sec
Elapsed time for households 11.6498 sec
Iteration 170
Elapsed time for kappa 34.2426 sec
Elapsed time for experts 13.1490 sec
Elapsed time for households 11.6103 sec
Iteration 171
Elapsed time for kappa 33.8047 sec
Elapsed time for experts 12.2336 sec
Elapsed time for households 11.5128 sec
Iteration 172
Elapsed time for kappa 32.8000 sec
Elapsed time for experts 12.2020 sec
Elapsed time for households 11.1404 sec
Iteration 173
Elapsed time for kappa 32.6591 sec
Elapsed time for experts 12.1758 sec
Elapsed time for households 10.7594 sec
Iteration 174
Elapsed time for kappa 32.5424 sec
Elapsed time for experts 12.3377 sec
Elapsed time for households 17.6834 sec
Iteration 175
Elapsed time for kappa 34.2448 sec
Elapsed time for experts 12.8056 sec
Elapsed time for households 11.1574 sec
Iteration 176
Elapsed time for kappa 33.7084 sec
Elapsed time for experts 13.0220 sec
Elapsed time for households 11.2441 sec
Iteration 177
Elapsed time for kappa 33.0571 sec
Elapsed time for experts 12.9389 sec
Elapsed time for households 11.2566 sec
Iteration 178
Elapsed time for kappa 32.2173 sec
Elapsed time for experts 12.0827 sec
Elapsed time for households 10.3561 sec
Iteration 179
Elapsed time for kappa 31.3205 sec
Elapsed time for experts 11.8892 sec
Elapsed time for households 10.8585 sec
Iteration 180
Elapsed time for kappa 32.6851 sec
Elapsed time for experts 11.7577 sec
Elapsed time for households 17.6138 sec
Iteration 181
Elapsed time for kappa 33.4324 sec
Elapsed time for experts 12.4831 sec
Elapsed time for households 11.1047 sec
Iteration 182
Elapsed time for kappa 32.6037 sec
Elapsed time for experts 12.6468 sec
Elapsed time for households 11.4469 sec
Iteration 183
Elapsed time for kappa 32.2488 sec
Elapsed time for experts 12.4417 sec
Elapsed time for households 11.0518 sec
Iteration 184
Elapsed time for kappa 32.0431 sec
Elapsed time for experts 12.3758 sec
Elapsed time for households 10.6975 sec
Iteration 185
Elapsed time for kappa 31.5431 sec
Elapsed time for experts 12.2563 sec
Elapsed time for households 10.5441 sec
Iteration 186
Elapsed time for kappa 29.8462 sec
Elapsed time for experts 10.9392 sec
Elapsed time for households 17.5853 sec
Iteration 187
Elapsed time for kappa 33.3986 sec
Elapsed time for experts 12.2956 sec
Elapsed time for households 11.1982 sec
Iteration 188
Elapsed time for kappa 32.9973 sec
Elapsed time for experts 12.6636 sec
Elapsed time for households 11.3300 sec
Iteration 189
Elapsed time for kappa 31.8695 sec
Elapsed time for experts 12.3118 sec
Elapsed time for households 10.9741 sec
Iteration 190
Elapsed time for kappa 31.9304 sec
Elapsed time for experts 12.3568 sec
Elapsed time for households 10.6335 sec
Iteration 191
Elapsed time for kappa 31.2836 sec
Elapsed time for experts 12.2947 sec
Elapsed time for households 10.6569 sec
Iteration 192
Elapsed time for kappa 31.5298 sec
Elapsed time for experts 12.0208 sec
Elapsed time for households 10.7572 sec
Iteration 193
Elapsed time for kappa 40.3905 sec
Elapsed time for experts 13.3591 sec
Elapsed time for households 11.2194 sec
Iteration 194
Elapsed time for kappa 32.4709 sec
Elapsed time for experts 12.5338 sec
Elapsed time for households 11.6233 sec
Iteration 195
Elapsed time for kappa 32.0855 sec
Elapsed time for experts 12.4616 sec
Elapsed time for households 11.1137 sec
Iteration 196
Elapsed time for kappa 31.9472 sec
Elapsed time for experts 12.0188 sec
Elapsed time for households 10.1752 sec
Iteration 197
Elapsed time for kappa 31.6420 sec
Elapsed time for experts 11.7550 sec
Elapsed time for households 10.8052 sec
Iteration 198
Elapsed time for kappa 31.4915 sec
Elapsed time for experts 12.2336 sec
Elapsed time for households 10.3327 sec
Iteration 199
Elapsed time for kappa 38.6282 sec
Elapsed time for experts 12.5944 sec
Elapsed time for households 10.3623 sec
Iteration 200
Elapsed time for kappa 31.3941 sec
Elapsed time for experts 12.2566 sec
Elapsed time for households 10.7095 sec
Iteration 201
Elapsed time for kappa 31.4564 sec
Elapsed time for experts 12.1353 sec
Elapsed time for households 10.8822 sec
Iteration 202
Elapsed time for kappa 30.5671 sec
Elapsed time for experts 11.5306 sec
Elapsed time for households 10.3673 sec
Iteration 203
Elapsed time for kappa 30.5949 sec
Elapsed time for experts 11.7066 sec
Elapsed time for households 10.2665 sec
Iteration 204
Elapsed time for kappa 29.7001 sec
Elapsed time for experts 18.1984 sec
Elapsed time for households 11.4985 sec
Iteration 205
Elapsed time for kappa 32.1241 sec
Elapsed time for experts 12.5941 sec
Elapsed time for households 10.2563 sec
Iteration 206
Elapsed time for kappa 29.7756 sec
Elapsed time for experts 11.2099 sec
Elapsed time for households 10.4544 sec
Iteration 207
Elapsed time for kappa 29.8910 sec
Elapsed time for experts 11.6149 sec
Elapsed time for households 10.0267 sec
Iteration 208
Elapsed time for kappa 30.5417 sec
Elapsed time for experts 12.2084 sec
Elapsed time for households 10.5025 sec
Iteration 209
Elapsed time for kappa 30.4966 sec
Elapsed time for experts 12.0465 sec
Elapsed time for households 10.5427 sec
Iteration 210
Elapsed time for kappa 29.8478 sec
Elapsed time for experts 11.8143 sec
Elapsed time for households 17.0026 sec
Iteration 211
Elapsed time for kappa 31.7930 sec
Elapsed time for experts 12.7214 sec
Elapsed time for households 11.2909 sec
Iteration 212
Elapsed time for kappa 31.6627 sec
Elapsed time for experts 11.9599 sec
Elapsed time for households 10.9850 sec
Iteration 213
Elapsed time for kappa 30.2038 sec
Elapsed time for experts 11.9918 sec
Elapsed time for households 10.4543 sec
Iteration 214
Elapsed time for kappa 30.4833 sec
Elapsed time for experts 11.1870 sec
Elapsed time for households 10.6806 sec
Iteration 215
Elapsed time for kappa 30.0252 sec
Elapsed time for experts 11.5048 sec
Elapsed time for households 10.4270 sec
Iteration 216
Elapsed time for kappa 28.7874 sec
Elapsed time for experts 10.6989 sec
Elapsed time for households 17.1029 sec
Iteration 217
Elapsed time for kappa 31.8350 sec
Elapsed time for experts 12.1541 sec
Elapsed time for households 11.0521 sec
Iteration 218
Elapsed time for kappa 31.5967 sec
Elapsed time for experts 11.9542 sec
Elapsed time for households 10.8821 sec
Iteration 219
Elapsed time for kappa 31.5093 sec
Elapsed time for experts 12.0144 sec
Elapsed time for households 10.8820 sec
Iteration 220
Elapsed time for kappa 29.5413 sec
Elapsed time for experts 11.7118 sec
Elapsed time for households 10.6227 sec
Iteration 221
Elapsed time for kappa 29.8430 sec
Elapsed time for experts 11.2998 sec
Elapsed time for households 9.5825 sec
Iteration 222
Elapsed time for kappa 29.9295 sec
Elapsed time for experts 11.2706 sec
Elapsed time for households 10.3952 sec
Iteration 223
Elapsed time for kappa 38.3935 sec
Elapsed time for experts 12.2654 sec
Elapsed time for households 10.8832 sec
Iteration 224
Elapsed time for kappa 32.0125 sec
Elapsed time for experts 11.3170 sec
Elapsed time for households 10.2124 sec
Iteration 225
Elapsed time for kappa 29.4521 sec
Elapsed time for experts 11.5036 sec
Elapsed time for households 10.0325 sec
Iteration 226
Elapsed time for kappa 29.3359 sec
Elapsed time for experts 12.0969 sec
Elapsed time for households 10.5250 sec
Iteration 227
Elapsed time for kappa 30.1503 sec
Elapsed time for experts 11.4725 sec
Elapsed time for households 10.6125 sec
Iteration 228
Elapsed time for kappa 29.5359 sec
Elapsed time for experts 10.9040 sec
Elapsed time for households 9.6286 sec
Iteration 229
Elapsed time for kappa 36.1547 sec
Elapsed time for experts 11.9411 sec
Elapsed time for households 10.7497 sec
Iteration 230
Elapsed time for kappa 31.3744 sec
Elapsed time for experts 12.1144 sec
Elapsed time for households 10.9120 sec
Iteration 231
Elapsed time for kappa 30.8517 sec
Elapsed time for experts 11.5186 sec
Elapsed time for households 10.8995 sec
Iteration 232
Elapsed time for kappa 30.8113 sec
Elapsed time for experts 12.0569 sec
Elapsed time for households 10.7227 sec
Iteration 233
Elapsed time for kappa 30.2764 sec
Elapsed time for experts 11.5543 sec
Elapsed time for households 10.4913 sec
Iteration 234
Elapsed time for kappa 30.2536 sec
Elapsed time for experts 11.4409 sec
Elapsed time for households 16.3305 sec
Iteration 235
Elapsed time for kappa 31.1012 sec
Elapsed time for experts 12.4475 sec
Elapsed time for households 10.8911 sec
Iteration 236
Elapsed time for kappa 31.4529 sec
Elapsed time for experts 12.3862 sec
Elapsed time for households 10.8715 sec
Iteration 237
Elapsed time for kappa 29.0427 sec
Elapsed time for experts 11.3239 sec
Elapsed time for households 10.4859 sec
Iteration 238
Elapsed time for kappa 30.3389 sec
Elapsed time for experts 11.5503 sec
Elapsed time for households 10.4236 sec
Iteration 239
Elapsed time for kappa 29.3245 sec
Elapsed time for experts 11.7221 sec
Elapsed time for households 10.3860 sec
Iteration 240
Elapsed time for kappa 30.0976 sec
Elapsed time for experts 11.6712 sec
Elapsed time for households 10.1581 sec
Iteration 241
Elapsed time for kappa 39.1058 sec
Elapsed time for experts 12.3848 sec
Elapsed time for households 11.0552 sec
Iteration 242
Elapsed time for kappa 31.4718 sec
Elapsed time for experts 12.2794 sec
Elapsed time for households 11.0856 sec
Iteration 243
Elapsed time for kappa 31.2799 sec
Elapsed time for experts 12.1728 sec
Elapsed time for households 11.0056 sec
Iteration 244
Elapsed time for kappa 30.7114 sec
Elapsed time for experts 11.7970 sec
Elapsed time for households 10.8611 sec
Iteration 245
Elapsed time for kappa 29.9670 sec
Elapsed time for experts 11.6085 sec
Elapsed time for households 10.2350 sec
Iteration 246
Elapsed time for kappa 29.9061 sec
Elapsed time for experts 11.4910 sec
Elapsed time for households 16.2716 sec
Iteration 247
Elapsed time for kappa 31.8971 sec
Elapsed time for experts 12.3491 sec
Elapsed time for households 10.6221 sec
Iteration 248
Elapsed time for kappa 31.4755 sec
Elapsed time for experts 11.8367 sec
Elapsed time for households 10.8179 sec
Iteration 249
Elapsed time for kappa 30.7077 sec
Elapsed time for experts 12.2419 sec
Elapsed time for households 10.9506 sec
Iteration 250
Elapsed time for kappa 30.6357 sec
Elapsed time for experts 11.9424 sec
Elapsed time for households 10.7589 sec
Iteration 251
Elapsed time for kappa 30.1726 sec
Elapsed time for experts 11.2955 sec
Elapsed time for households 10.4222 sec
Iteration 252
Elapsed time for kappa 29.3689 sec
Elapsed time for experts 10.8110 sec
Elapsed time for households 9.7478 sec
Iteration 253
Elapsed time for kappa 38.2730 sec
Elapsed time for experts 12.7082 sec
Elapsed time for households 10.8823 sec
Iteration 254
Elapsed time for kappa 31.3123 sec
Elapsed time for experts 12.2632 sec
Elapsed time for households 10.8360 sec
Iteration 255
Elapsed time for kappa 30.9536 sec
Elapsed time for experts 12.1829 sec
Elapsed time for households 11.0686 sec
Iteration 256
Elapsed time for kappa 30.7008 sec
Elapsed time for experts 11.9210 sec
Elapsed time for households 10.8183 sec
Iteration 257
Elapsed time for kappa 30.6469 sec
Elapsed time for experts 11.5199 sec
Elapsed time for households 10.3978 sec
Iteration 258
Elapsed time for kappa 30.3929 sec
Elapsed time for experts 11.3374 sec
Elapsed time for households 16.5446 sec
Iteration 259
Elapsed time for kappa 32.4862 sec
Elapsed time for experts 12.3583 sec
Elapsed time for households 10.7492 sec
Iteration 260
Elapsed time for kappa 31.5600 sec
Elapsed time for experts 12.1934 sec
Elapsed time for households 10.6077 sec
Iteration 261
Elapsed time for kappa 31.3207 sec
Elapsed time for experts 12.2816 sec
Elapsed time for households 10.6362 sec
Iteration 262
Elapsed time for kappa 30.0819 sec
Elapsed time for experts 11.1788 sec
Elapsed time for households 10.0384 sec
Iteration 263
Elapsed time for kappa 30.0141 sec
Elapsed time for experts 11.5256 sec
Elapsed time for households 9.9711 sec
Iteration 264
Elapsed time for kappa 28.1724 sec
Elapsed time for experts 10.9995 sec
Elapsed time for households 9.9667 sec
Iteration 265
Elapsed time for kappa 38.6752 sec
Elapsed time for experts 12.4368 sec
Elapsed time for households 10.9848 sec
Iteration 266
Elapsed time for kappa 31.9673 sec
Elapsed time for experts 12.3445 sec
Elapsed time for households 10.6436 sec
Iteration 267
Elapsed time for kappa 31.2450 sec
Elapsed time for experts 12.4253 sec
Elapsed time for households 10.9280 sec
Iteration 268
Elapsed time for kappa 30.8735 sec
Elapsed time for experts 12.3788 sec
Elapsed time for households 10.8001 sec
Iteration 269
Elapsed time for kappa 30.6945 sec
Elapsed time for experts 11.7762 sec
Elapsed time for households 10.9366 sec
Iteration 270
Elapsed time for kappa 29.9462 sec
Elapsed time for experts 11.4639 sec
Elapsed time for households 10.6709 sec
Iteration 271
Elapsed time for kappa 36.7298 sec
Elapsed time for experts 11.4528 sec
Elapsed time for households 10.1476 sec
Iteration 272
Elapsed time for kappa 31.3211 sec
Elapsed time for experts 12.2457 sec
Elapsed time for households 10.6166 sec
Iteration 273
Elapsed time for kappa 31.3083 sec
Elapsed time for experts 12.3543 sec
Elapsed time for households 10.9879 sec
Iteration 274
Elapsed time for kappa 30.4661 sec
Elapsed time for experts 11.2655 sec
Elapsed time for households 10.0302 sec
Iteration 275
Elapsed time for kappa 28.9657 sec
Elapsed time for experts 10.7970 sec
Elapsed time for households 10.3895 sec
Iteration 276
Elapsed time for kappa 30.2659 sec
Elapsed time for experts 11.5424 sec
Elapsed time for households 16.9956 sec
Iteration 277
Elapsed time for kappa 32.7974 sec
Elapsed time for experts 12.2647 sec
Elapsed time for households 10.8185 sec
Iteration 278
Elapsed time for kappa 31.6695 sec
Elapsed time for experts 12.0940 sec
Elapsed time for households 10.4191 sec
Iteration 279
Elapsed time for kappa 31.1912 sec
Elapsed time for experts 11.9308 sec
Elapsed time for households 10.8791 sec
Iteration 280
Elapsed time for kappa 30.8598 sec
Elapsed time for experts 11.2860 sec
Elapsed time for households 10.1853 sec
Iteration 281
Elapsed time for kappa 30.1033 sec
Elapsed time for experts 11.8969 sec
Elapsed time for households 10.6717 sec
Iteration 282
Elapsed time for kappa 29.8773 sec
Elapsed time for experts 11.3610 sec
Elapsed time for households 9.7330 sec
Iteration 283
Elapsed time for kappa 39.2284 sec
Elapsed time for experts 12.5855 sec
Elapsed time for households 11.2599 sec
Iteration 284
Elapsed time for kappa 31.5057 sec
Elapsed time for experts 11.9861 sec
Elapsed time for households 11.0695 sec
Iteration 285
Elapsed time for kappa 32.0817 sec
Elapsed time for experts 11.9788 sec
Elapsed time for households 10.8361 sec
Iteration 286
Elapsed time for kappa 31.3330 sec
Elapsed time for experts 10.9803 sec
Elapsed time for households 9.8688 sec
Iteration 287
Elapsed time for kappa 29.7761 sec
Elapsed time for experts 11.6598 sec
Elapsed time for households 10.6221 sec
Iteration 288
Elapsed time for kappa 29.8758 sec
Elapsed time for experts 10.6723 sec
Elapsed time for households 17.2374 sec
Iteration 289
Elapsed time for kappa 32.2845 sec
Elapsed time for experts 12.4031 sec
Elapsed time for households 10.1466 sec
Iteration 290
Elapsed time for kappa 31.2221 sec
Elapsed time for experts 12.3063 sec
Elapsed time for households 10.8465 sec
Iteration 291
Elapsed time for kappa 31.5988 sec
Elapsed time for experts 11.8336 sec
Elapsed time for households 10.9931 sec
Iteration 292
Elapsed time for kappa 30.8886 sec
Elapsed time for experts 11.8438 sec
Elapsed time for households 10.5507 sec
Iteration 293
Elapsed time for kappa 30.3877 sec
Elapsed time for experts 10.7978 sec
Elapsed time for households 9.5987 sec
Iteration 294
Elapsed time for kappa 28.1030 sec
Elapsed time for experts 10.8803 sec
Elapsed time for households 9.4468 sec
Iteration 295
Elapsed time for kappa 37.0331 sec
Elapsed time for experts 11.5391 sec
Elapsed time for households 10.3599 sec
Iteration 296
Elapsed time for kappa 29.6562 sec
Elapsed time for experts 11.2138 sec
Elapsed time for households 10.0376 sec
Iteration 297
Elapsed time for kappa 30.0060 sec
Elapsed time for experts 11.6526 sec
Elapsed time for households 10.4302 sec
Iteration 298
Elapsed time for kappa 29.5879 sec
Elapsed time for experts 11.1408 sec
Elapsed time for households 10.0085 sec
Iteration 299
Elapsed time for kappa 29.0361 sec
Elapsed time for experts 11.1578 sec
Elapsed time for households 9.9516 sec
Elapsed time for training 17227.4218 sec
90000 90000 90000 90000
