ERROR: logger: /software/python-anaconda-2022.05-el8-x86_64/lib/libuuid.so.1: no version information available (required by /lib64/libblkid.so.1)
      while executing
  "exec logger -t modulecmd "[get-env USER]: $command [join $args]""
      (procedure "module" line 2)
      invoked from within
  "module load python/anaconda-2022.05"
      ("eval" body line 1)
      invoked from within
  "eval $execcmdlist"
  Please report this issue at https://github.com/cea-hpc/modules/issues
Iteration 0
Elapsed time for kappa 70.9951 sec
Elapsed time for experts 24.6902 sec
Elapsed time for households 18.7654 sec
Iteration 1
Elapsed time for kappa 34.8029 sec
Elapsed time for experts 17.0520 sec
Elapsed time for households 16.6690 sec
Iteration 2
Elapsed time for kappa 34.8890 sec
Elapsed time for experts 15.3475 sec
Elapsed time for households 16.4476 sec
Iteration 3
Elapsed time for kappa 35.5949 sec
Elapsed time for experts 11.8503 sec
Elapsed time for households 16.0092 sec
Iteration 4
Elapsed time for kappa 33.1127 sec
Elapsed time for experts 13.3882 sec
Elapsed time for households 15.6601 sec
Iteration 5
Elapsed time for kappa 34.0394 sec
Elapsed time for experts 12.4031 sec
Elapsed time for households 16.7432 sec
Iteration 6
Elapsed time for kappa 33.7230 sec
Elapsed time for experts 12.7041 sec
Elapsed time for households 16.9918 sec
Iteration 7
Elapsed time for kappa 34.3791 sec
Elapsed time for experts 12.0050 sec
Elapsed time for households 16.0325 sec
Iteration 8
Elapsed time for kappa 33.8393 sec
Elapsed time for experts 19.7398 sec
Elapsed time for households 12.4275 sec
Iteration 9
Elapsed time for kappa 35.0662 sec
Elapsed time for experts 12.5355 sec
Elapsed time for households 11.3560 sec
Iteration 10
Elapsed time for kappa 34.3710 sec
Elapsed time for experts 12.4780 sec
Elapsed time for households 11.4224 sec
Iteration 11
Elapsed time for kappa 34.6523 sec
Elapsed time for experts 12.1671 sec
Elapsed time for households 11.3447 sec
Iteration 12
Elapsed time for kappa 33.7060 sec
Elapsed time for experts 12.3134 sec
Elapsed time for households 11.3972 sec
Iteration 13
Elapsed time for kappa 33.9325 sec
Elapsed time for experts 12.1467 sec
Elapsed time for households 10.8413 sec
Iteration 14
Elapsed time for kappa 32.6683 sec
Elapsed time for experts 20.8297 sec
Elapsed time for households 12.4224 sec
Iteration 15
Elapsed time for kappa 35.3965 sec
Elapsed time for experts 12.6321 sec
Elapsed time for households 11.5069 sec
Iteration 16
Elapsed time for kappa 35.0757 sec
Elapsed time for experts 12.4155 sec
Elapsed time for households 10.8407 sec
Iteration 17
Elapsed time for kappa 33.3518 sec
Elapsed time for experts 12.1587 sec
Elapsed time for households 11.0584 sec
Iteration 18
Elapsed time for kappa 34.5509 sec
Elapsed time for experts 12.0380 sec
Elapsed time for households 11.2001 sec
Iteration 19
Elapsed time for kappa 33.7768 sec
Elapsed time for experts 12.2740 sec
Elapsed time for households 12.1862 sec
Iteration 20
Elapsed time for kappa 46.3943 sec
Elapsed time for experts 13.0869 sec
Elapsed time for households 11.1270 sec
Iteration 21
Elapsed time for kappa 34.7960 sec
Elapsed time for experts 12.6402 sec
Elapsed time for households 11.2159 sec
Iteration 22
Elapsed time for kappa 34.2854 sec
Elapsed time for experts 12.4848 sec
Elapsed time for households 10.9545 sec
Iteration 23
Elapsed time for kappa 33.5848 sec
Elapsed time for experts 12.9197 sec
Elapsed time for households 11.5596 sec
Iteration 24
Elapsed time for kappa 34.0995 sec
Elapsed time for experts 12.3850 sec
Elapsed time for households 11.6939 sec
Iteration 25
Elapsed time for kappa 33.6293 sec
Elapsed time for experts 12.5441 sec
Elapsed time for households 15.9051 sec
Iteration 26
Elapsed time for kappa 42.6788 sec
Elapsed time for experts 12.9386 sec
Elapsed time for households 16.7368 sec
Iteration 27
Elapsed time for kappa 34.0195 sec
Elapsed time for experts 13.4385 sec
Elapsed time for households 11.8276 sec
Iteration 28
Elapsed time for kappa 34.1865 sec
Elapsed time for experts 12.6468 sec
Elapsed time for households 11.3060 sec
Iteration 29
Elapsed time for kappa 33.4196 sec
Elapsed time for experts 12.5976 sec
Elapsed time for households 11.0439 sec
Iteration 30
Elapsed time for kappa 34.3918 sec
Elapsed time for experts 11.9143 sec
Elapsed time for households 10.8455 sec
Iteration 31
Elapsed time for kappa 32.8859 sec
Elapsed time for experts 12.0259 sec
Elapsed time for households 10.7470 sec
Iteration 32
Elapsed time for kappa 42.9609 sec
Elapsed time for experts 13.3428 sec
Elapsed time for households 11.9670 sec
Iteration 33
Elapsed time for kappa 34.9820 sec
Elapsed time for experts 12.2731 sec
Elapsed time for households 11.2660 sec
Iteration 34
Elapsed time for kappa 34.2638 sec
Elapsed time for experts 12.6505 sec
Elapsed time for households 11.4269 sec
Iteration 35
Elapsed time for kappa 34.1282 sec
Elapsed time for experts 12.1837 sec
Elapsed time for households 11.0312 sec
Iteration 36
Elapsed time for kappa 34.2556 sec
Elapsed time for experts 12.5148 sec
Elapsed time for households 10.9084 sec
Iteration 37
Elapsed time for kappa 33.5903 sec
Elapsed time for experts 12.0608 sec
Elapsed time for households 11.0035 sec
Iteration 38
Elapsed time for kappa 42.3937 sec
Elapsed time for experts 13.3692 sec
Elapsed time for households 11.8757 sec
Iteration 39
Elapsed time for kappa 38.4669 sec
Elapsed time for experts 13.2212 sec
Elapsed time for households 11.2363 sec
Iteration 40
Elapsed time for kappa 34.0280 sec
Elapsed time for experts 12.8379 sec
Elapsed time for households 10.8836 sec
Iteration 41
Elapsed time for kappa 33.8147 sec
Elapsed time for experts 12.6858 sec
Elapsed time for households 11.2665 sec
Iteration 42
Elapsed time for kappa 33.6167 sec
Elapsed time for experts 12.4584 sec
Elapsed time for households 10.7721 sec
Iteration 43
Elapsed time for kappa 33.6563 sec
Elapsed time for experts 12.1022 sec
Elapsed time for households 11.0029 sec
Iteration 44
Elapsed time for kappa 42.0008 sec
Elapsed time for experts 13.2719 sec
Elapsed time for households 12.2227 sec
Iteration 45
Elapsed time for kappa 35.0040 sec
Elapsed time for experts 12.8275 sec
Elapsed time for households 11.9369 sec
Iteration 46
Elapsed time for kappa 33.7739 sec
Elapsed time for experts 12.5309 sec
Elapsed time for households 11.2810 sec
Iteration 47
Elapsed time for kappa 34.5588 sec
Elapsed time for experts 12.6837 sec
Elapsed time for households 11.1942 sec
Iteration 48
Elapsed time for kappa 33.8373 sec
Elapsed time for experts 13.3307 sec
Elapsed time for households 11.2324 sec
Iteration 49
Elapsed time for kappa 33.3963 sec
Elapsed time for experts 11.8400 sec
Elapsed time for households 10.7541 sec
Iteration 50
Elapsed time for kappa 42.0835 sec
Elapsed time for experts 13.6446 sec
Elapsed time for households 11.9091 sec
Iteration 51
Elapsed time for kappa 35.0873 sec
Elapsed time for experts 13.2232 sec
Elapsed time for households 11.9692 sec
Iteration 52
Elapsed time for kappa 34.6988 sec
Elapsed time for experts 12.6937 sec
Elapsed time for households 11.2540 sec
Iteration 53
Elapsed time for kappa 33.6111 sec
Elapsed time for experts 12.5038 sec
Elapsed time for households 11.0333 sec
Iteration 54
Elapsed time for kappa 33.7050 sec
Elapsed time for experts 12.2841 sec
Elapsed time for households 10.7284 sec
Iteration 55
Elapsed time for kappa 36.5732 sec
Elapsed time for experts 12.2759 sec
Elapsed time for households 18.6638 sec
Iteration 56
Elapsed time for kappa 35.0338 sec
Elapsed time for experts 12.8790 sec
Elapsed time for households 11.7918 sec
Iteration 57
Elapsed time for kappa 35.2231 sec
Elapsed time for experts 13.1795 sec
Elapsed time for households 11.6515 sec
Iteration 58
Elapsed time for kappa 34.1878 sec
Elapsed time for experts 12.4454 sec
Elapsed time for households 11.3927 sec
Iteration 59
Elapsed time for kappa 33.6886 sec
Elapsed time for experts 12.1503 sec
Elapsed time for households 11.0706 sec
Iteration 60
Elapsed time for kappa 33.3968 sec
Elapsed time for experts 12.0990 sec
Elapsed time for households 10.6879 sec
Iteration 61
Elapsed time for kappa 33.4565 sec
Elapsed time for experts 12.0007 sec
Elapsed time for households 18.7287 sec
Iteration 62
Elapsed time for kappa 34.6968 sec
Elapsed time for experts 14.3508 sec
Elapsed time for households 11.8157 sec
Iteration 63
Elapsed time for kappa 35.3680 sec
Elapsed time for experts 12.5942 sec
Elapsed time for households 17.1983 sec
Iteration 64
Elapsed time for kappa 34.1016 sec
Elapsed time for experts 13.1705 sec
Elapsed time for households 15.2564 sec
Iteration 65
Elapsed time for kappa 34.6736 sec
Elapsed time for experts 13.3372 sec
Elapsed time for households 11.4481 sec
Iteration 66
Elapsed time for kappa 33.5173 sec
Elapsed time for experts 12.5583 sec
Elapsed time for households 11.2985 sec
Iteration 67
Elapsed time for kappa 34.0252 sec
Elapsed time for experts 21.1195 sec
Elapsed time for households 12.7318 sec
Iteration 68
Elapsed time for kappa 34.9735 sec
Elapsed time for experts 13.3387 sec
Elapsed time for households 11.4828 sec
Iteration 69
Elapsed time for kappa 34.6408 sec
Elapsed time for experts 12.6500 sec
Elapsed time for households 11.5840 sec
Iteration 70
Elapsed time for kappa 34.8357 sec
Elapsed time for experts 12.4007 sec
Elapsed time for households 10.9587 sec
Iteration 71
Elapsed time for kappa 35.0908 sec
Elapsed time for experts 12.7966 sec
Elapsed time for households 11.1869 sec
Iteration 72
Elapsed time for kappa 34.0003 sec
Elapsed time for experts 12.9210 sec
Elapsed time for households 12.7322 sec
Iteration 73
Elapsed time for kappa 34.2541 sec
Elapsed time for experts 21.0987 sec
Elapsed time for households 12.1231 sec
Iteration 74
Elapsed time for kappa 35.2461 sec
Elapsed time for experts 13.5051 sec
Elapsed time for households 11.6925 sec
Iteration 75
Elapsed time for kappa 35.8991 sec
Elapsed time for experts 12.8250 sec
Elapsed time for households 13.0768 sec
Iteration 76
Elapsed time for kappa 34.4690 sec
Elapsed time for experts 13.0394 sec
Elapsed time for households 11.3175 sec
Iteration 77
Elapsed time for kappa 37.7055 sec
Elapsed time for experts 12.7179 sec
Elapsed time for households 11.1548 sec
Iteration 78
Elapsed time for kappa 33.0383 sec
Elapsed time for experts 12.3316 sec
Elapsed time for households 11.3124 sec
Iteration 79
Elapsed time for kappa 34.3540 sec
Elapsed time for experts 20.3262 sec
Elapsed time for households 11.7316 sec
Iteration 80
Elapsed time for kappa 36.0226 sec
Elapsed time for experts 13.3487 sec
Elapsed time for households 11.8519 sec
Iteration 81
Elapsed time for kappa 35.0250 sec
Elapsed time for experts 12.7592 sec
Elapsed time for households 11.5276 sec
Iteration 82
Elapsed time for kappa 34.0009 sec
Elapsed time for experts 12.4942 sec
Elapsed time for households 11.0043 sec
Iteration 83
Elapsed time for kappa 34.5775 sec
Elapsed time for experts 12.1929 sec
Elapsed time for households 11.0853 sec
Iteration 84
Elapsed time for kappa 33.3344 sec
Elapsed time for experts 12.2376 sec
Elapsed time for households 11.0724 sec
Iteration 85
Elapsed time for kappa 44.6185 sec
Elapsed time for experts 13.7730 sec
Elapsed time for households 12.6643 sec
Iteration 86
Elapsed time for kappa 35.7961 sec
Elapsed time for experts 13.0098 sec
Elapsed time for households 12.1895 sec
Iteration 87
Elapsed time for kappa 35.2009 sec
Elapsed time for experts 13.3460 sec
Elapsed time for households 16.9090 sec
Iteration 88
Elapsed time for kappa 34.7853 sec
Elapsed time for experts 12.8410 sec
Elapsed time for households 16.6627 sec
Iteration 89
Elapsed time for kappa 33.8221 sec
Elapsed time for experts 12.6051 sec
Elapsed time for households 10.9550 sec
Iteration 90
Elapsed time for kappa 33.9382 sec
Elapsed time for experts 12.2341 sec
Elapsed time for households 11.3839 sec
Iteration 91
Elapsed time for kappa 44.5179 sec
Elapsed time for experts 14.7772 sec
Elapsed time for households 13.6287 sec
Iteration 92
Elapsed time for kappa 39.5421 sec
Elapsed time for experts 12.9721 sec
Elapsed time for households 11.7660 sec
Iteration 93
Elapsed time for kappa 34.7955 sec
Elapsed time for experts 12.4805 sec
Elapsed time for households 13.1559 sec
Iteration 94
Elapsed time for kappa 34.7076 sec
Elapsed time for experts 12.4406 sec
Elapsed time for households 10.8950 sec
Iteration 95
Elapsed time for kappa 34.0588 sec
Elapsed time for experts 12.3523 sec
Elapsed time for households 12.9536 sec
Iteration 96
Elapsed time for kappa 33.7888 sec
Elapsed time for experts 12.8247 sec
Elapsed time for households 11.0485 sec
Iteration 97
Elapsed time for kappa 44.7278 sec
Elapsed time for experts 14.3880 sec
Elapsed time for households 11.9265 sec
Iteration 98
Elapsed time for kappa 36.1668 sec
Elapsed time for experts 13.2154 sec
Elapsed time for households 11.5538 sec
Iteration 99
Elapsed time for kappa 34.9950 sec
Elapsed time for experts 12.8049 sec
Elapsed time for households 11.2484 sec
Iteration 100
Elapsed time for kappa 34.7209 sec
Elapsed time for experts 12.2761 sec
Elapsed time for households 11.8321 sec
Iteration 101
Elapsed time for kappa 34.2033 sec
Elapsed time for experts 12.8128 sec
Elapsed time for households 11.2591 sec
Iteration 102
Elapsed time for kappa 33.2935 sec
Elapsed time for experts 12.5050 sec
Elapsed time for households 12.6304 sec
Iteration 103
Elapsed time for kappa 45.4548 sec
Elapsed time for experts 13.5384 sec
Elapsed time for households 12.2158 sec
Iteration 104
Elapsed time for kappa 35.8374 sec
Elapsed time for experts 13.1532 sec
Elapsed time for households 12.2318 sec
Iteration 105
Elapsed time for kappa 36.3517 sec
Elapsed time for experts 12.9825 sec
Elapsed time for households 11.9280 sec
Iteration 106
Elapsed time for kappa 34.9214 sec
Elapsed time for experts 12.8209 sec
Elapsed time for households 11.2367 sec
Iteration 107
Elapsed time for kappa 34.3808 sec
Elapsed time for experts 12.4140 sec
Elapsed time for households 11.0978 sec
Iteration 108
Elapsed time for kappa 33.3832 sec
Elapsed time for experts 12.3783 sec
Elapsed time for households 11.0637 sec
Iteration 109
Elapsed time for kappa 45.0967 sec
Elapsed time for experts 13.4891 sec
Elapsed time for households 12.0119 sec
Iteration 110
Elapsed time for kappa 35.9804 sec
Elapsed time for experts 13.8190 sec
Elapsed time for households 11.9774 sec
Iteration 111
Elapsed time for kappa 35.2314 sec
Elapsed time for experts 13.0924 sec
Elapsed time for households 11.5461 sec
Iteration 112
Elapsed time for kappa 33.8889 sec
Elapsed time for experts 12.4095 sec
Elapsed time for households 11.2089 sec
Iteration 113
Elapsed time for kappa 33.7574 sec
Elapsed time for experts 12.2385 sec
Elapsed time for households 11.3675 sec
Iteration 114
Elapsed time for kappa 34.2943 sec
Elapsed time for experts 12.8493 sec
Elapsed time for households 11.6002 sec
Iteration 115
Elapsed time for kappa 44.5330 sec
Elapsed time for experts 13.3575 sec
Elapsed time for households 12.2706 sec
Iteration 116
Elapsed time for kappa 36.3201 sec
Elapsed time for experts 13.7469 sec
Elapsed time for households 12.1498 sec
Iteration 117
Elapsed time for kappa 35.5970 sec
Elapsed time for experts 12.9900 sec
Elapsed time for households 12.0920 sec
Iteration 118
Elapsed time for kappa 35.1304 sec
Elapsed time for experts 12.8442 sec
Elapsed time for households 11.2758 sec
Iteration 119
Elapsed time for kappa 34.5486 sec
Elapsed time for experts 13.1071 sec
Elapsed time for households 10.9780 sec
Iteration 120
Elapsed time for kappa 33.0627 sec
Elapsed time for experts 12.3128 sec
Elapsed time for households 19.9884 sec
Iteration 121
Elapsed time for kappa 36.4685 sec
Elapsed time for experts 13.5967 sec
Elapsed time for households 13.9813 sec
Iteration 122
Elapsed time for kappa 35.9597 sec
Elapsed time for experts 13.1945 sec
Elapsed time for households 13.1788 sec
Iteration 123
Elapsed time for kappa 38.4585 sec
Elapsed time for experts 12.6334 sec
Elapsed time for households 11.3938 sec
Iteration 124
Elapsed time for kappa 34.1784 sec
Elapsed time for experts 12.1732 sec
Elapsed time for households 10.9785 sec
Iteration 125
Elapsed time for kappa 34.5996 sec
Elapsed time for experts 12.4866 sec
Elapsed time for households 11.4314 sec
Iteration 126
Elapsed time for kappa 33.7897 sec
Elapsed time for experts 12.0720 sec
Elapsed time for households 19.2931 sec
Iteration 127
Elapsed time for kappa 36.2481 sec
Elapsed time for experts 13.3624 sec
Elapsed time for households 11.6799 sec
Iteration 128
Elapsed time for kappa 35.2136 sec
Elapsed time for experts 13.2172 sec
Elapsed time for households 11.8753 sec
Iteration 129
Elapsed time for kappa 34.9149 sec
Elapsed time for experts 12.9399 sec
Elapsed time for households 12.2697 sec
Iteration 130
Elapsed time for kappa 34.1731 sec
Elapsed time for experts 12.9448 sec
Elapsed time for households 11.5703 sec
Iteration 131
Elapsed time for kappa 34.8483 sec
Elapsed time for experts 12.5620 sec
Elapsed time for households 11.5297 sec
Iteration 132
Elapsed time for kappa 33.2486 sec
Elapsed time for experts 21.5415 sec
Elapsed time for households 12.6227 sec
Iteration 133
Elapsed time for kappa 37.0270 sec
Elapsed time for experts 13.2512 sec
Elapsed time for households 12.0042 sec
Iteration 134
Elapsed time for kappa 35.9800 sec
Elapsed time for experts 13.4911 sec
Elapsed time for households 11.9408 sec
Iteration 135
Elapsed time for kappa 35.2878 sec
Elapsed time for experts 13.1236 sec
Elapsed time for households 11.1508 sec
Iteration 136
Elapsed time for kappa 34.3532 sec
Elapsed time for experts 14.1470 sec
Elapsed time for households 12.9374 sec
Iteration 137
Elapsed time for kappa 34.2843 sec
Elapsed time for experts 12.8358 sec
Elapsed time for households 11.0239 sec
Iteration 138
Elapsed time for kappa 34.6807 sec
Elapsed time for experts 21.4891 sec
Elapsed time for households 13.5083 sec
Iteration 139
Elapsed time for kappa 38.0899 sec
Elapsed time for experts 14.2278 sec
Elapsed time for households 12.3238 sec
Iteration 140
Elapsed time for kappa 35.9620 sec
Elapsed time for experts 13.3659 sec
Elapsed time for households 12.4048 sec
Iteration 141
Elapsed time for kappa 35.3186 sec
Elapsed time for experts 12.6693 sec
Elapsed time for households 11.0443 sec
Iteration 142
Elapsed time for kappa 34.5242 sec
Elapsed time for experts 12.9571 sec
Elapsed time for households 11.3352 sec
Iteration 143
Elapsed time for kappa 34.5176 sec
Elapsed time for experts 12.8307 sec
Elapsed time for households 11.7259 sec
Iteration 144
Elapsed time for kappa 33.4334 sec
Elapsed time for experts 21.6580 sec
Elapsed time for households 12.2618 sec
Iteration 145
Elapsed time for kappa 36.4020 sec
Elapsed time for experts 13.4400 sec
Elapsed time for households 12.0318 sec
Iteration 146
Elapsed time for kappa 34.6248 sec
Elapsed time for experts 12.8248 sec
Elapsed time for households 11.7082 sec
Iteration 147
Elapsed time for kappa 35.0101 sec
Elapsed time for experts 12.7249 sec
Elapsed time for households 13.0184 sec
Iteration 148
Elapsed time for kappa 34.6047 sec
Elapsed time for experts 12.2256 sec
Elapsed time for households 12.1100 sec
Iteration 149
Elapsed time for kappa 37.8117 sec
Elapsed time for experts 14.5157 sec
Elapsed time for households 12.4930 sec
Iteration 150
Elapsed time for kappa 47.5219 sec
Elapsed time for experts 14.8617 sec
Elapsed time for households 13.2942 sec
Iteration 151
Elapsed time for kappa 39.8909 sec
Elapsed time for experts 15.0340 sec
Elapsed time for households 13.9360 sec
Iteration 152
Elapsed time for kappa 38.4892 sec
Elapsed time for experts 13.4715 sec
Elapsed time for households 11.9649 sec
Iteration 153
Elapsed time for kappa 35.1814 sec
Elapsed time for experts 12.5210 sec
Elapsed time for households 10.9714 sec
Iteration 154
Elapsed time for kappa 34.5436 sec
Elapsed time for experts 12.6007 sec
Elapsed time for households 10.9978 sec
Iteration 155
Elapsed time for kappa 34.0256 sec
Elapsed time for experts 12.9402 sec
Elapsed time for households 11.2884 sec
Iteration 156
Elapsed time for kappa 45.0386 sec
Elapsed time for experts 14.0126 sec
Elapsed time for households 12.5115 sec
Iteration 157
Elapsed time for kappa 37.7439 sec
Elapsed time for experts 13.4759 sec
Elapsed time for households 12.2324 sec
Iteration 158
Elapsed time for kappa 35.4309 sec
Elapsed time for experts 13.2863 sec
Elapsed time for households 11.5988 sec
Iteration 159
Elapsed time for kappa 33.4642 sec
Elapsed time for experts 12.8236 sec
Elapsed time for households 11.2749 sec
Iteration 160
Elapsed time for kappa 33.4863 sec
Elapsed time for experts 12.1977 sec
Elapsed time for households 11.1030 sec
Iteration 161
Elapsed time for kappa 33.8395 sec
Elapsed time for experts 12.0630 sec
Elapsed time for households 10.7924 sec
Iteration 162
Elapsed time for kappa 45.1685 sec
Elapsed time for experts 14.3283 sec
Elapsed time for households 12.4767 sec
Iteration 163
Elapsed time for kappa 36.6805 sec
Elapsed time for experts 13.1668 sec
Elapsed time for households 13.4591 sec
Iteration 164
Elapsed time for kappa 38.7789 sec
Elapsed time for experts 14.1340 sec
Elapsed time for households 12.8316 sec
Iteration 165
Elapsed time for kappa 39.1466 sec
Elapsed time for experts 14.1575 sec
Elapsed time for households 12.5350 sec
Iteration 166
Elapsed time for kappa 37.8461 sec
Elapsed time for experts 12.3953 sec
Elapsed time for households 11.3424 sec
Iteration 167
Elapsed time for kappa 34.0194 sec
Elapsed time for experts 12.2262 sec
Elapsed time for households 11.0148 sec
Iteration 168
Elapsed time for kappa 45.1717 sec
Elapsed time for experts 14.2815 sec
Elapsed time for households 11.9283 sec
Iteration 169
Elapsed time for kappa 36.7251 sec
Elapsed time for experts 13.3843 sec
Elapsed time for households 12.3235 sec
Iteration 170
Elapsed time for kappa 37.0244 sec
Elapsed time for experts 13.4857 sec
Elapsed time for households 11.9777 sec
Iteration 171
Elapsed time for kappa 35.0679 sec
Elapsed time for experts 12.9472 sec
Elapsed time for households 12.1498 sec
Iteration 172
Elapsed time for kappa 35.0390 sec
Elapsed time for experts 12.7341 sec
Elapsed time for households 11.7207 sec
Iteration 173
Elapsed time for kappa 34.0030 sec
Elapsed time for experts 12.7629 sec
Elapsed time for households 12.2426 sec
Iteration 174
Elapsed time for kappa 44.6350 sec
Elapsed time for experts 13.5944 sec
Elapsed time for households 13.2209 sec
Iteration 175
Elapsed time for kappa 36.3319 sec
Elapsed time for experts 12.9620 sec
Elapsed time for households 12.3941 sec
Iteration 176
Elapsed time for kappa 36.1400 sec
Elapsed time for experts 13.2612 sec
Elapsed time for households 12.1306 sec
Iteration 177
Elapsed time for kappa 35.5588 sec
Elapsed time for experts 14.2018 sec
Elapsed time for households 13.2067 sec
Iteration 178
Elapsed time for kappa 34.1394 sec
Elapsed time for experts 12.2797 sec
Elapsed time for households 11.0277 sec
Iteration 179
Elapsed time for kappa 35.2158 sec
Elapsed time for experts 13.2258 sec
Elapsed time for households 11.0439 sec
Iteration 180
Elapsed time for kappa 44.6548 sec
Elapsed time for experts 13.7007 sec
Elapsed time for households 11.8324 sec
Iteration 181
Elapsed time for kappa 36.7163 sec
Elapsed time for experts 13.5949 sec
Elapsed time for households 12.1091 sec
Iteration 182
Elapsed time for kappa 35.7240 sec
Elapsed time for experts 13.1709 sec
Elapsed time for households 12.0456 sec
Iteration 183
Elapsed time for kappa 36.2592 sec
Elapsed time for experts 13.6203 sec
Elapsed time for households 11.5286 sec
Iteration 184
Elapsed time for kappa 34.8007 sec
Elapsed time for experts 12.9878 sec
Elapsed time for households 11.3586 sec
Iteration 185
Elapsed time for kappa 34.6429 sec
Elapsed time for experts 13.0458 sec
Elapsed time for households 11.2261 sec
Iteration 186
Elapsed time for kappa 45.0696 sec
Elapsed time for experts 13.8504 sec
Elapsed time for households 12.1685 sec
Iteration 187
Elapsed time for kappa 38.9662 sec
Elapsed time for experts 14.1556 sec
Elapsed time for households 12.3392 sec
Iteration 188
Elapsed time for kappa 35.8578 sec
Elapsed time for experts 12.5943 sec
Elapsed time for households 11.4533 sec
Iteration 189
Elapsed time for kappa 34.8631 sec
Elapsed time for experts 12.7474 sec
Elapsed time for households 11.3709 sec
Iteration 190
Elapsed time for kappa 34.6734 sec
Elapsed time for experts 12.5153 sec
Elapsed time for households 11.3026 sec
Iteration 191
Elapsed time for kappa 34.0535 sec
Elapsed time for experts 13.2161 sec
Elapsed time for households 19.1100 sec
Iteration 192
Elapsed time for kappa 36.4139 sec
Elapsed time for experts 13.7006 sec
Elapsed time for households 11.8562 sec
Iteration 193
Elapsed time for kappa 36.4709 sec
Elapsed time for experts 13.2811 sec
Elapsed time for households 11.9845 sec
Iteration 194
Elapsed time for kappa 35.2177 sec
Elapsed time for experts 13.9610 sec
Elapsed time for households 11.5855 sec
Iteration 195
Elapsed time for kappa 35.0972 sec
Elapsed time for experts 12.9681 sec
Elapsed time for households 11.5686 sec
Iteration 196
Elapsed time for kappa 35.0418 sec
Elapsed time for experts 14.1450 sec
Elapsed time for households 11.5750 sec
Iteration 197
Elapsed time for kappa 33.4566 sec
Elapsed time for experts 12.4220 sec
Elapsed time for households 20.2021 sec
Iteration 198
Elapsed time for kappa 36.4617 sec
Elapsed time for experts 13.5332 sec
Elapsed time for households 11.9592 sec
Iteration 199
Elapsed time for kappa 35.7390 sec
Elapsed time for experts 13.0472 sec
Elapsed time for households 11.9042 sec
Iteration 200
Elapsed time for kappa 35.2391 sec
Elapsed time for experts 12.7024 sec
Elapsed time for households 11.3476 sec
Iteration 201
Elapsed time for kappa 34.7416 sec
Elapsed time for experts 12.9907 sec
Elapsed time for households 11.4816 sec
Iteration 202
Elapsed time for kappa 33.6917 sec
Elapsed time for experts 12.6788 sec
Elapsed time for households 11.7297 sec
Iteration 203
Elapsed time for kappa 33.5259 sec
Elapsed time for experts 12.0516 sec
Elapsed time for households 19.8719 sec
Iteration 204
Elapsed time for kappa 36.1013 sec
Elapsed time for experts 13.8092 sec
Elapsed time for households 11.6705 sec
Iteration 205
Elapsed time for kappa 36.1841 sec
Elapsed time for experts 13.1196 sec
Elapsed time for households 11.6267 sec
Iteration 206
Elapsed time for kappa 35.1989 sec
Elapsed time for experts 13.2064 sec
Elapsed time for households 11.6838 sec
Iteration 207
Elapsed time for kappa 34.6015 sec
Elapsed time for experts 12.4624 sec
Elapsed time for households 11.7924 sec
Iteration 208
Elapsed time for kappa 34.9121 sec
Elapsed time for experts 12.5962 sec
Elapsed time for households 10.6976 sec
Iteration 209
Elapsed time for kappa 33.0168 sec
Elapsed time for experts 12.0543 sec
Elapsed time for households 10.8804 sec
Iteration 210
Elapsed time for kappa 44.2582 sec
Elapsed time for experts 13.9963 sec
Elapsed time for households 12.1216 sec
Iteration 211
Elapsed time for kappa 36.5248 sec
Elapsed time for experts 12.7598 sec
Elapsed time for households 11.6708 sec
Iteration 212
Elapsed time for kappa 35.6427 sec
Elapsed time for experts 13.5273 sec
Elapsed time for households 11.9693 sec
Iteration 213
Elapsed time for kappa 35.0978 sec
Elapsed time for experts 13.6727 sec
Elapsed time for households 12.0795 sec
Iteration 214
Elapsed time for kappa 34.3424 sec
Elapsed time for experts 12.7162 sec
Elapsed time for households 11.4623 sec
Iteration 215
Elapsed time for kappa 33.4112 sec
Elapsed time for experts 12.6807 sec
Elapsed time for households 11.2078 sec
Iteration 216
Elapsed time for kappa 43.4273 sec
Elapsed time for experts 13.6883 sec
Elapsed time for households 12.4868 sec
Iteration 217
Elapsed time for kappa 36.2589 sec
Elapsed time for experts 13.3450 sec
Elapsed time for households 11.7538 sec
Iteration 218
Elapsed time for kappa 35.7369 sec
Elapsed time for experts 13.2006 sec
Elapsed time for households 11.8594 sec
Iteration 219
Elapsed time for kappa 35.4440 sec
Elapsed time for experts 12.7511 sec
Elapsed time for households 11.3779 sec
Iteration 220
Elapsed time for kappa 34.1100 sec
Elapsed time for experts 12.3530 sec
Elapsed time for households 11.0085 sec
Iteration 221
Elapsed time for kappa 34.4658 sec
Elapsed time for experts 21.1772 sec
Elapsed time for households 13.0804 sec
Iteration 222
Elapsed time for kappa 37.3967 sec
Elapsed time for experts 13.0731 sec
Elapsed time for households 11.7976 sec
Iteration 223
Elapsed time for kappa 35.9513 sec
Elapsed time for experts 12.7988 sec
Elapsed time for households 11.7345 sec
Iteration 224
Elapsed time for kappa 35.8264 sec
Elapsed time for experts 13.1263 sec
Elapsed time for households 11.8388 sec
Iteration 225
Elapsed time for kappa 34.7688 sec
Elapsed time for experts 12.5071 sec
Elapsed time for households 11.1546 sec
Iteration 226
Elapsed time for kappa 37.2477 sec
Elapsed time for experts 12.8918 sec
Elapsed time for households 11.3685 sec
Iteration 227
Elapsed time for kappa 32.7510 sec
Elapsed time for experts 12.0840 sec
Elapsed time for households 20.0668 sec
Iteration 228
Elapsed time for kappa 37.1594 sec
Elapsed time for experts 13.0734 sec
Elapsed time for households 12.5391 sec
Iteration 229
Elapsed time for kappa 35.8418 sec
Elapsed time for experts 13.3108 sec
Elapsed time for households 11.8474 sec
Iteration 230
Elapsed time for kappa 36.6375 sec
Elapsed time for experts 12.9182 sec
Elapsed time for households 11.8775 sec
Iteration 231
Elapsed time for kappa 35.1908 sec
Elapsed time for experts 12.7305 sec
Elapsed time for households 11.3947 sec
Iteration 232
Elapsed time for kappa 34.0195 sec
Elapsed time for experts 12.0555 sec
Elapsed time for households 11.2127 sec
Iteration 233
Elapsed time for kappa 33.7484 sec
Elapsed time for experts 12.2780 sec
Elapsed time for households 20.1503 sec
Iteration 234
Elapsed time for kappa 36.2950 sec
Elapsed time for experts 13.5702 sec
Elapsed time for households 11.5916 sec
Iteration 235
Elapsed time for kappa 35.9834 sec
Elapsed time for experts 13.3154 sec
Elapsed time for households 12.3114 sec
Iteration 236
Elapsed time for kappa 38.5164 sec
Elapsed time for experts 14.9141 sec
Elapsed time for households 13.5188 sec
Iteration 237
Elapsed time for kappa 38.8193 sec
Elapsed time for experts 13.0890 sec
Elapsed time for households 11.4937 sec
Iteration 238
Elapsed time for kappa 33.3537 sec
Elapsed time for experts 12.1143 sec
Elapsed time for households 11.7426 sec
Iteration 239
Elapsed time for kappa 34.5308 sec
Elapsed time for experts 12.2923 sec
Elapsed time for households 10.8036 sec
Iteration 240
Elapsed time for kappa 45.5657 sec
Elapsed time for experts 13.9293 sec
Elapsed time for households 12.2099 sec
Iteration 241
Elapsed time for kappa 36.8641 sec
Elapsed time for experts 13.2786 sec
Elapsed time for households 11.6074 sec
Iteration 242
Elapsed time for kappa 35.9691 sec
Elapsed time for experts 13.6919 sec
Elapsed time for households 11.9323 sec
Iteration 243
Elapsed time for kappa 35.0905 sec
Elapsed time for experts 13.4600 sec
Elapsed time for households 11.7189 sec
Iteration 244
Elapsed time for kappa 34.9986 sec
Elapsed time for experts 12.9463 sec
Elapsed time for households 11.9603 sec
Iteration 245
Elapsed time for kappa 33.6167 sec
Elapsed time for experts 12.6084 sec
Elapsed time for households 10.9467 sec
Iteration 246
Elapsed time for kappa 44.6597 sec
Elapsed time for experts 13.9391 sec
Elapsed time for households 12.2818 sec
Iteration 247
Elapsed time for kappa 35.9706 sec
Elapsed time for experts 13.2268 sec
Elapsed time for households 12.1946 sec
Iteration 248
Elapsed time for kappa 38.8716 sec
Elapsed time for experts 14.1525 sec
Elapsed time for households 13.6635 sec
Iteration 249
Elapsed time for kappa 38.1601 sec
Elapsed time for experts 14.0337 sec
Elapsed time for households 11.1583 sec
Iteration 250
Elapsed time for kappa 35.0297 sec
Elapsed time for experts 12.8872 sec
Elapsed time for households 11.0682 sec
Iteration 251
Elapsed time for kappa 34.8412 sec
Elapsed time for experts 21.1462 sec
Elapsed time for households 12.7316 sec
Iteration 252
Elapsed time for kappa 35.9243 sec
Elapsed time for experts 12.9472 sec
Elapsed time for households 11.7361 sec
Iteration 253
Elapsed time for kappa 36.3155 sec
Elapsed time for experts 13.1790 sec
Elapsed time for households 11.7325 sec
Iteration 254
Elapsed time for kappa 35.8739 sec
Elapsed time for experts 13.5248 sec
Elapsed time for households 12.0399 sec
Iteration 255
Elapsed time for kappa 37.5566 sec
Elapsed time for experts 14.2709 sec
Elapsed time for households 12.4924 sec
Iteration 256
Elapsed time for kappa 36.7150 sec
Elapsed time for experts 14.4986 sec
Elapsed time for households 12.5925 sec
Iteration 257
Elapsed time for kappa 35.8933 sec
Elapsed time for experts 13.6776 sec
Elapsed time for households 21.2020 sec
Iteration 258
Elapsed time for kappa 40.2604 sec
Elapsed time for experts 13.6438 sec
Elapsed time for households 12.4032 sec
Iteration 259
Elapsed time for kappa 35.2810 sec
Elapsed time for experts 13.1048 sec
Elapsed time for households 11.7331 sec
Iteration 260
Elapsed time for kappa 35.6969 sec
Elapsed time for experts 13.2071 sec
Elapsed time for households 12.2564 sec
Iteration 261
Elapsed time for kappa 34.3756 sec
Elapsed time for experts 12.8367 sec
Elapsed time for households 11.3269 sec
Iteration 262
Elapsed time for kappa 34.2292 sec
Elapsed time for experts 12.2539 sec
Elapsed time for households 11.3383 sec
Iteration 263
Elapsed time for kappa 34.0963 sec
Elapsed time for experts 12.4058 sec
Elapsed time for households 19.2781 sec
Iteration 264
Elapsed time for kappa 36.7529 sec
Elapsed time for experts 13.7314 sec
Elapsed time for households 11.6435 sec
Iteration 265
Elapsed time for kappa 36.2163 sec
Elapsed time for experts 13.6555 sec
Elapsed time for households 11.3434 sec
Iteration 266
Elapsed time for kappa 35.8493 sec
Elapsed time for experts 13.3208 sec
Elapsed time for households 11.8414 sec
Iteration 267
Elapsed time for kappa 34.9767 sec
Elapsed time for experts 13.0295 sec
Elapsed time for households 11.7810 sec
Iteration 268
Elapsed time for kappa 34.5158 sec
Elapsed time for experts 14.3041 sec
Elapsed time for households 11.3472 sec
Iteration 269
Elapsed time for kappa 32.7655 sec
Elapsed time for experts 12.3011 sec
Elapsed time for households 11.2189 sec
Iteration 270
Elapsed time for kappa 45.8576 sec
Elapsed time for experts 14.3245 sec
Elapsed time for households 12.2880 sec
Iteration 271
Elapsed time for kappa 37.1061 sec
Elapsed time for experts 14.1087 sec
Elapsed time for households 12.0602 sec
Iteration 272
Elapsed time for kappa 35.2468 sec
Elapsed time for experts 12.9037 sec
Elapsed time for households 11.3397 sec
Iteration 273
Elapsed time for kappa 35.9056 sec
Elapsed time for experts 12.8787 sec
Elapsed time for households 11.9201 sec
Iteration 274
Elapsed time for kappa 37.2056 sec
Elapsed time for experts 14.0267 sec
Elapsed time for households 12.7333 sec
Iteration 275
Elapsed time for kappa 36.4300 sec
Elapsed time for experts 13.5307 sec
Elapsed time for households 20.6494 sec
Iteration 276
Elapsed time for kappa 37.3532 sec
Elapsed time for experts 13.6253 sec
Elapsed time for households 12.0175 sec
Iteration 277
Elapsed time for kappa 36.3630 sec
Elapsed time for experts 13.4058 sec
Elapsed time for households 11.9131 sec
Iteration 278
Elapsed time for kappa 35.4641 sec
Elapsed time for experts 12.9795 sec
Elapsed time for households 11.8954 sec
Iteration 279
Elapsed time for kappa 34.7457 sec
Elapsed time for experts 12.7928 sec
Elapsed time for households 11.2289 sec
Iteration 280
Elapsed time for kappa 34.5534 sec
Elapsed time for experts 12.7077 sec
Elapsed time for households 11.3866 sec
Iteration 281
Elapsed time for kappa 33.0076 sec
Elapsed time for experts 12.6341 sec
Elapsed time for households 11.1560 sec
Iteration 282
Elapsed time for kappa 45.6153 sec
Elapsed time for experts 14.3820 sec
Elapsed time for households 12.5953 sec
Iteration 283
Elapsed time for kappa 36.4404 sec
Elapsed time for experts 13.3031 sec
Elapsed time for households 12.1354 sec
Iteration 284
Elapsed time for kappa 35.3284 sec
Elapsed time for experts 13.1723 sec
Elapsed time for households 12.0937 sec
Iteration 285
Elapsed time for kappa 35.4748 sec
Elapsed time for experts 12.9751 sec
Elapsed time for households 11.6833 sec
Iteration 286
Elapsed time for kappa 35.0105 sec
Elapsed time for experts 12.6255 sec
Elapsed time for households 11.3354 sec
Iteration 287
Elapsed time for kappa 34.8498 sec
Elapsed time for experts 12.6853 sec
Elapsed time for households 11.2603 sec
Iteration 288
Elapsed time for kappa 44.0518 sec
Elapsed time for experts 15.5902 sec
Elapsed time for households 13.5683 sec
Iteration 289
Elapsed time for kappa 40.9396 sec
Elapsed time for experts 13.1081 sec
Elapsed time for households 11.4044 sec
Iteration 290
Elapsed time for kappa 34.9768 sec
Elapsed time for experts 13.2147 sec
Elapsed time for households 11.7417 sec
Iteration 291
Elapsed time for kappa 35.4562 sec
Elapsed time for experts 13.2310 sec
Elapsed time for households 11.5662 sec
Iteration 292
Elapsed time for kappa 34.4520 sec
Elapsed time for experts 12.9222 sec
Elapsed time for households 11.7291 sec
Iteration 293
Elapsed time for kappa 34.1293 sec
Elapsed time for experts 21.1775 sec
Elapsed time for households 14.1437 sec
Iteration 294
Elapsed time for kappa 37.1286 sec
Elapsed time for experts 13.6054 sec
Elapsed time for households 12.1649 sec
Iteration 295
Elapsed time for kappa 34.8413 sec
Elapsed time for experts 12.8432 sec
Elapsed time for households 12.3937 sec
Iteration 296
Elapsed time for kappa 35.8727 sec
Elapsed time for experts 13.0791 sec
Elapsed time for households 12.0933 sec
Iteration 297
Elapsed time for kappa 34.8621 sec
Elapsed time for experts 12.7448 sec
Elapsed time for households 11.5241 sec
Iteration 298
Elapsed time for kappa 34.2355 sec
Elapsed time for experts 12.1117 sec
Elapsed time for households 10.7092 sec
Iteration 299
Elapsed time for kappa 32.9752 sec
Elapsed time for experts 12.3488 sec
Elapsed time for households 19.9015 sec
Elapsed time for training 18554.9221 sec
