2022-10-02 23:01:52.121539: I tensorflow/core/platform/cpu_feature_guard.cc:193] This TensorFlow binary is optimized with oneAPI Deep Neural Network Library (oneDNN) to use the following CPU instructions in performance-critical operations:  AVX2 AVX512F AVX512_VNNI FMA
To enable them in other operations, rebuild TensorFlow with the appropriate compiler flags.
2022-10-02 23:01:52.457886: I tensorflow/core/util/util.cc:169] oneDNN custom operations are on. You may see slightly different numerical results due to floating-point round-off errors from different computation orders. To turn them off, set the environment variable `TF_ENABLE_ONEDNN_OPTS=0`.
2022-10-02 23:01:52.544652: W tensorflow/stream_executor/platform/default/dso_loader.cc:64] Could not load dynamic library 'libcudart.so.11.0'; dlerror: libcudart.so.11.0: cannot open shared object file: No such file or directory; LD_LIBRARY_PATH: /software/python-anaconda-2022.05-el8-x86_64/lib:/software/cudnn-8.3.1-el8-x86_64/lib64
2022-10-02 23:01:52.544679: I tensorflow/stream_executor/cuda/cudart_stub.cc:29] Ignore above cudart dlerror if you do not have a GPU set up on your machine.
2022-10-02 23:01:52.581528: E tensorflow/stream_executor/cuda/cuda_blas.cc:2981] Unable to register cuBLAS factory: Attempting to register factory for plugin cuBLAS when one has already been registered
2022-10-02 23:01:56.458651: W tensorflow/stream_executor/platform/default/dso_loader.cc:64] Could not load dynamic library 'libnvinfer.so.7'; dlerror: libnvinfer.so.7: cannot open shared object file: No such file or directory; LD_LIBRARY_PATH: /software/python-anaconda-2022.05-el8-x86_64/lib:/software/cudnn-8.3.1-el8-x86_64/lib64
2022-10-02 23:01:56.458871: W tensorflow/stream_executor/platform/default/dso_loader.cc:64] Could not load dynamic library 'libnvinfer_plugin.so.7'; dlerror: libnvinfer_plugin.so.7: cannot open shared object file: No such file or directory; LD_LIBRARY_PATH: /software/python-anaconda-2022.05-el8-x86_64/lib:/software/cudnn-8.3.1-el8-x86_64/lib64
2022-10-02 23:01:56.458885: W tensorflow/compiler/tf2tensorrt/utils/py_utils.cc:38] TF-TRT Warning: Cannot dlopen some TensorRT libraries. If you would like to use Nvidia GPU with TensorRT, please make sure the missing libraries mentioned above are installed properly.
2022-10-02 23:02:11.652584: W tensorflow/stream_executor/platform/default/dso_loader.cc:64] Could not load dynamic library 'libcuda.so.1'; dlerror: libcuda.so.1: cannot open shared object file: No such file or directory; LD_LIBRARY_PATH: /software/python-anaconda-2022.05-el8-x86_64/lib:/software/cudnn-8.3.1-el8-x86_64/lib64
2022-10-02 23:02:11.652672: W tensorflow/stream_executor/cuda/cuda_driver.cc:263] failed call to cuInit: UNKNOWN ERROR (303)
2022-10-02 23:02:11.652698: I tensorflow/stream_executor/cuda/cuda_diagnostics.cc:156] kernel driver does not appear to be running on this host (midway3-0050.rcc.local): /proc/driver/nvidia/version does not exist
2022-10-02 23:02:11.653786: I tensorflow/core/platform/cpu_feature_guard.cc:193] This TensorFlow binary is optimized with oneAPI Deep Neural Network Library (oneDNN) to use the following CPU instructions in performance-critical operations:  AVX2 AVX512F AVX512_VNNI FMA
To enable them in other operations, rebuild TensorFlow with the appropriate compiler flags.
2022-10-02 23:02:49.509884: W tensorflow/core/common_runtime/forward_type_inference.cc:332] Type inference failed. This indicates an invalid graph that escaped type checking. Error message: INVALID_ARGUMENT: expected compatible input types, but input 1:
type_id: TFT_OPTIONAL
args {
  type_id: TFT_PRODUCT
  args {
    type_id: TFT_TENSOR
    args {
      type_id: TFT_BOOL
    }
  }
}
 is neither a subtype nor a supertype of the combined inputs preceding it:
type_id: TFT_OPTIONAL
args {
  type_id: TFT_PRODUCT
  args {
    type_id: TFT_TENSOR
    args {
      type_id: TFT_DOUBLE
    }
  }
}

	while inferring type of node 'StatefulPartitionedCall_1/StatefulPartitionedCall/cond_1_259/output/_29750'
Iter: 1 loss: 0.046969670019870888
Iter: 2 loss: 0.041847686889792665
Iter: 3 loss: 0.04161268488077835
Iter: 4 loss: 0.040445462200946483
Iter: 5 loss: 0.030612207626818991
Iter: 6 loss: 0.4276718339712704
Iter: 7 loss: 0.026287196549008907
Iter: 8 loss: 0.022245802018878335
Iter: 9 loss: 0.0562266500907677
Iter: 10 loss: 0.015501407043598422
Iter: 11 loss: 0.015014316535194777
Iter: 12 loss: 0.0480336768196283
Iter: 13 loss: 0.014865152785271837
Iter: 14 loss: 0.0052849078514956372
Iter: 15 loss: 0.002434668121539937
Iter: 16 loss: 0.0020038552338238341
Iter: 17 loss: 0.0039680789703523262
Iter: 18 loss: 0.001618995324152801
Iter: 19 loss: 0.0013157940786232461
Iter: 20 loss: 0.0011427382614639021
Iter: 21 loss: 0.00071843903084101634
Iter: 22 loss: 0.00021719576550670403
Iter: 23 loss: 0.00011343827567221622
Iter: 24 loss: 7.6998840933779666e-05
Iter: 25 loss: 6.8691009602545467e-05
Iter: 26 loss: 6.5820433450013529e-05
Iter: 27 loss: 5.6626851959593974e-05
Iter: 28 loss: 4.8652594187591526e-05
Iter: 29 loss: 4.145010025885551e-05
Iter: 30 loss: 3.7929223448316147e-05
Iter: 31 loss: 3.5327599838676934e-05
Iter: 32 loss: 3.44903417905978e-05
1835.9290384371347
Iter: 1 loss: 2.3548776566395788
-15697.550773000781
Iter: 2 loss: 3394.5941756824509
1379.6033481038392
Iter: 3 loss: 0.9192292288342625
-155.05492982396814
Iter: 4 loss: 3.4333345540930544
954.47237693799559
Iter: 5 loss: 0.32313208446712283
828.61173064177729
Iter: 6 loss: 0.28954963496360819
800.37459845794524
Iter: 7 loss: 0.26247253649666841
689.45329900743423
Iter: 8 loss: 0.18072672540968707
581.1601784337937
Iter: 9 loss: 0.092824220651360048
552.3316279213866
Iter: 10 loss: 0.064969699033720019
540.96554514086756
Iter: 11 loss: 0.054707353812080091
525.47330801456644
Iter: 12 loss: 0.049810163337389614
477.16108808958973
Iter: 13 loss: 0.041212145352611661
360.1625675029714
Iter: 14 loss: 0.027384727137566095
160.11466735559225
Iter: 15 loss: 0.014638699736794126
116.06528938610488
Iter: 16 loss: 0.013296458389308524
90.965237948770238
Iter: 17 loss: 0.012774622351146157
43.162099860647864
Iter: 18 loss: 0.011717191702479531
-13.680743206686717
Iter: 19 loss: 0.010381996576726922
-89.616386704618947
Iter: 20 loss: 0.0090306385436171414
-78.584602396278157
Iter: 21 loss: 0.0087251984386392169
-56.113469014014242
Iter: 22 loss: 0.008496419218848519
-52.282954560793236
Iter: 23 loss: 0.0084029566012369314
-32.608601031466378
Iter: 24 loss: 0.0077031188754967412
-13.608065693458148
Iter: 25 loss: 0.0068145893704843691
13.542911006946888
Iter: 26 loss: 0.0054536152403113717
18.47140414788705
Iter: 27 loss: 0.0043691570083002375
11.636194752919229
Iter: 28 loss: 0.0039392245146165211
6.3185971232944675
Iter: 29 loss: 0.0038074873165302985
-9.0934608729523809
Iter: 30 loss: 0.0035466147352269041
-22.384381750944584
Iter: 31 loss: 0.0033596939363209552
-29.839447249771681
Iter: 32 loss: 0.003271410852195439
-32.362130308961852
Iter: 33 loss: 0.003218882269321403
-32.652771053050174
Iter: 34 loss: 0.0031524132311228849
