Iteration 0
Elapsed time for kappa 83.0190 sec
Elapsed time for experts 29.5122 sec
Elapsed time for households 21.8006 sec
Iteration 1
Elapsed time for kappa 52.5421 sec
Elapsed time for experts 20.2120 sec
Elapsed time for households 17.4121 sec
Iteration 2
Elapsed time for kappa 48.2084 sec
Elapsed time for experts 22.8995 sec
Elapsed time for households 20.6429 sec
Iteration 3
Elapsed time for kappa 40.1444 sec
Elapsed time for experts 21.0479 sec
Elapsed time for households 20.9899 sec
Iteration 4
Elapsed time for kappa 35.2048 sec
Elapsed time for experts 16.5866 sec
Elapsed time for households 21.3296 sec
Iteration 5
Elapsed time for kappa 35.9003 sec
Elapsed time for experts 19.6401 sec
Elapsed time for households 12.9531 sec
Iteration 6
Elapsed time for kappa 35.7303 sec
Elapsed time for experts 18.8706 sec
Elapsed time for households 17.0386 sec
Iteration 7
Elapsed time for kappa 36.4949 sec
Elapsed time for experts 13.2352 sec
Elapsed time for households 20.4272 sec
Iteration 8
Elapsed time for kappa 40.5202 sec
Elapsed time for experts 22.7056 sec
Elapsed time for households 13.1381 sec
Iteration 9
Elapsed time for kappa 37.7404 sec
Elapsed time for experts 13.2766 sec
Elapsed time for households 12.7090 sec
Iteration 10
Elapsed time for kappa 35.6279 sec
Elapsed time for experts 12.5841 sec
Elapsed time for households 12.7629 sec
Iteration 11
Elapsed time for kappa 35.2355 sec
Elapsed time for experts 13.2731 sec
Elapsed time for households 14.5295 sec
Iteration 12
Elapsed time for kappa 35.9737 sec
Elapsed time for experts 13.1252 sec
Elapsed time for households 13.2906 sec
Iteration 13
Elapsed time for kappa 35.3644 sec
Elapsed time for experts 12.4454 sec
Elapsed time for households 19.8574 sec
Iteration 14
Elapsed time for kappa 36.5873 sec
Elapsed time for experts 13.2383 sec
Elapsed time for households 12.8988 sec
Iteration 15
Elapsed time for kappa 35.4930 sec
Elapsed time for experts 16.3172 sec
Elapsed time for households 12.5105 sec
Iteration 16
Elapsed time for kappa 37.9114 sec
Elapsed time for experts 13.2798 sec
Elapsed time for households 14.3888 sec
Iteration 17
Elapsed time for kappa 35.7575 sec
Elapsed time for experts 12.8277 sec
Elapsed time for households 12.6180 sec
Iteration 18
Elapsed time for kappa 36.1041 sec
Elapsed time for experts 12.8467 sec
Elapsed time for households 12.5503 sec
Iteration 19
Elapsed time for kappa 36.7483 sec
Elapsed time for experts 20.7901 sec
Elapsed time for households 12.9505 sec
Iteration 20
Elapsed time for kappa 46.1209 sec
Elapsed time for experts 13.9065 sec
Elapsed time for households 12.2786 sec
Iteration 21
Elapsed time for kappa 45.6656 sec
Elapsed time for experts 14.1612 sec
Elapsed time for households 12.9613 sec
Iteration 22
Elapsed time for kappa 37.3286 sec
Elapsed time for experts 13.9110 sec
Elapsed time for households 13.4022 sec
Iteration 23
Elapsed time for kappa 37.4898 sec
Elapsed time for experts 13.1164 sec
Elapsed time for households 11.7857 sec
Iteration 24
Elapsed time for kappa 36.4685 sec
Elapsed time for experts 19.7364 sec
Elapsed time for households 17.9979 sec
Iteration 25
Elapsed time for kappa 37.3698 sec
Elapsed time for experts 28.1905 sec
Elapsed time for households 13.8062 sec
Iteration 26
Elapsed time for kappa 40.7835 sec
Elapsed time for experts 14.8143 sec
Elapsed time for households 14.6201 sec
Iteration 27
Elapsed time for kappa 38.4579 sec
Elapsed time for experts 15.7219 sec
Elapsed time for households 12.3443 sec
Iteration 28
Elapsed time for kappa 39.6883 sec
Elapsed time for experts 14.9335 sec
Elapsed time for households 13.0601 sec
Iteration 29
Elapsed time for kappa 35.8494 sec
Elapsed time for experts 15.4801 sec
Elapsed time for households 12.8197 sec
Iteration 30
Elapsed time for kappa 35.8202 sec
Elapsed time for experts 13.1509 sec
Elapsed time for households 12.4891 sec
Iteration 31
Elapsed time for kappa 35.6754 sec
Elapsed time for experts 23.5677 sec
Elapsed time for households 18.2779 sec
Iteration 32
Elapsed time for kappa 43.1279 sec
Elapsed time for experts 21.6917 sec
Elapsed time for households 16.1890 sec
Iteration 33
Elapsed time for kappa 37.4210 sec
Elapsed time for experts 18.1205 sec
Elapsed time for households 15.6596 sec
Iteration 34
Elapsed time for kappa 37.1416 sec
Elapsed time for experts 13.5102 sec
Elapsed time for households 14.7580 sec
Iteration 35
Elapsed time for kappa 38.1965 sec
Elapsed time for experts 12.7524 sec
Elapsed time for households 13.0618 sec
Iteration 36
Elapsed time for kappa 36.3769 sec
Elapsed time for experts 13.5800 sec
Elapsed time for households 11.5123 sec
Iteration 37
Elapsed time for kappa 47.3535 sec
Elapsed time for experts 14.5584 sec
Elapsed time for households 13.3328 sec
Iteration 38
Elapsed time for kappa 36.3604 sec
Elapsed time for experts 13.1246 sec
Elapsed time for households 13.3778 sec
Iteration 39
Elapsed time for kappa 37.0711 sec
Elapsed time for experts 16.0335 sec
Elapsed time for households 12.6698 sec
Iteration 40
Elapsed time for kappa 36.0967 sec
Elapsed time for experts 13.0099 sec
Elapsed time for households 15.6510 sec
Iteration 41
Elapsed time for kappa 36.5242 sec
Elapsed time for experts 16.7747 sec
Elapsed time for households 13.7997 sec
Iteration 42
Elapsed time for kappa 42.0619 sec
Elapsed time for experts 14.8636 sec
Elapsed time for households 13.0018 sec
Iteration 43
Elapsed time for kappa 59.0343 sec
Elapsed time for experts 15.9242 sec
Elapsed time for households 13.5368 sec
Iteration 44
Elapsed time for kappa 39.6293 sec
Elapsed time for experts 13.6070 sec
Elapsed time for households 13.2832 sec
Iteration 45
Elapsed time for kappa 39.4758 sec
Elapsed time for experts 17.3389 sec
Elapsed time for households 12.7059 sec
Iteration 46
Elapsed time for kappa 37.1007 sec
Elapsed time for experts 13.3916 sec
Elapsed time for households 12.1117 sec
Iteration 47
Elapsed time for kappa 39.9367 sec
Elapsed time for experts 15.2237 sec
Elapsed time for households 13.4863 sec
Iteration 48
Elapsed time for kappa 40.1597 sec
Elapsed time for experts 14.4603 sec
Elapsed time for households 13.7896 sec
Iteration 49
Elapsed time for kappa 48.8473 sec
Elapsed time for experts 16.0984 sec
Elapsed time for households 13.9692 sec
Iteration 50
Elapsed time for kappa 38.8414 sec
Elapsed time for experts 15.8818 sec
Elapsed time for households 12.8987 sec
Iteration 51
Elapsed time for kappa 35.8991 sec
Elapsed time for experts 16.8006 sec
Elapsed time for households 12.2287 sec
Iteration 52
Elapsed time for kappa 37.1831 sec
Elapsed time for experts 13.6279 sec
Elapsed time for households 14.7130 sec
Iteration 53
Elapsed time for kappa 36.6891 sec
Elapsed time for experts 15.3302 sec
Elapsed time for households 12.6761 sec
Iteration 54
Elapsed time for kappa 36.4817 sec
Elapsed time for experts 16.5888 sec
Elapsed time for households 12.0759 sec
Iteration 55
Elapsed time for kappa 45.7911 sec
Elapsed time for experts 14.6714 sec
Elapsed time for households 15.4749 sec
Iteration 56
Elapsed time for kappa 47.5091 sec
Elapsed time for experts 16.1179 sec
Elapsed time for households 14.8587 sec
Iteration 57
Elapsed time for kappa 43.1558 sec
Elapsed time for experts 15.8062 sec
Elapsed time for households 13.4802 sec
Iteration 58
Elapsed time for kappa 37.6965 sec
Elapsed time for experts 13.9390 sec
Elapsed time for households 12.5965 sec
Iteration 59
Elapsed time for kappa 43.2284 sec
Elapsed time for experts 16.0367 sec
Elapsed time for households 12.2950 sec
Iteration 60
Elapsed time for kappa 36.5021 sec
Elapsed time for experts 13.5235 sec
Elapsed time for households 12.0166 sec
Iteration 61
Elapsed time for kappa 47.9253 sec
Elapsed time for experts 17.5454 sec
Elapsed time for households 12.9456 sec
Iteration 62
Elapsed time for kappa 44.0873 sec
Elapsed time for experts 14.8953 sec
Elapsed time for households 13.1335 sec
Iteration 63
Elapsed time for kappa 38.4275 sec
Elapsed time for experts 16.3321 sec
Elapsed time for households 12.5225 sec
Iteration 64
Elapsed time for kappa 36.7198 sec
Elapsed time for experts 13.3372 sec
Elapsed time for households 12.3013 sec
Iteration 65
Elapsed time for kappa 38.1651 sec
Elapsed time for experts 13.5210 sec
Elapsed time for households 14.8672 sec
Iteration 66
Elapsed time for kappa 38.2642 sec
Elapsed time for experts 13.6834 sec
Elapsed time for households 13.7085 sec
Iteration 67
Elapsed time for kappa 46.9425 sec
Elapsed time for experts 18.8946 sec
Elapsed time for households 15.0796 sec
Iteration 68
Elapsed time for kappa 45.9324 sec
Elapsed time for experts 14.7506 sec
Elapsed time for households 14.3609 sec
Iteration 69
Elapsed time for kappa 37.9387 sec
Elapsed time for experts 14.0229 sec
Elapsed time for households 13.2646 sec
Iteration 70
Elapsed time for kappa 35.7221 sec
Elapsed time for experts 13.6877 sec
Elapsed time for households 14.5433 sec
Iteration 71
Elapsed time for kappa 44.3007 sec
Elapsed time for experts 14.3942 sec
Elapsed time for households 13.2088 sec
Iteration 72
Elapsed time for kappa 42.7346 sec
Elapsed time for experts 14.8377 sec
Elapsed time for households 20.2570 sec
Iteration 73
Elapsed time for kappa 41.7428 sec
Elapsed time for experts 14.1592 sec
Elapsed time for households 13.5860 sec
Iteration 74
Elapsed time for kappa 37.8171 sec
Elapsed time for experts 13.4265 sec
Elapsed time for households 12.9035 sec
Iteration 75
Elapsed time for kappa 36.1138 sec
Elapsed time for experts 13.3877 sec
Elapsed time for households 12.5850 sec
Iteration 76
Elapsed time for kappa 36.9581 sec
Elapsed time for experts 13.3409 sec
Elapsed time for households 15.5041 sec
Iteration 77
Elapsed time for kappa 35.8316 sec
Elapsed time for experts 13.4169 sec
Elapsed time for households 13.4055 sec
Iteration 78
Elapsed time for kappa 35.4435 sec
Elapsed time for experts 12.8047 sec
Elapsed time for households 21.7560 sec
Iteration 79
Elapsed time for kappa 48.5698 sec
Elapsed time for experts 14.6867 sec
Elapsed time for households 13.2603 sec
Iteration 80
Elapsed time for kappa 47.8721 sec
Elapsed time for experts 14.2763 sec
Elapsed time for households 14.3434 sec
Iteration 81
Elapsed time for kappa 36.9069 sec
Elapsed time for experts 13.9683 sec
Elapsed time for households 12.8099 sec
Iteration 82
Elapsed time for kappa 35.9674 sec
Elapsed time for experts 17.5093 sec
Elapsed time for households 11.7784 sec
Iteration 83
Elapsed time for kappa 38.1034 sec
Elapsed time for experts 15.3357 sec
Elapsed time for households 12.4023 sec
Iteration 84
Elapsed time for kappa 46.0942 sec
Elapsed time for experts 22.7683 sec
Elapsed time for households 13.2614 sec
Iteration 85
Elapsed time for kappa 47.4956 sec
Elapsed time for experts 14.0514 sec
Elapsed time for households 15.6124 sec
Iteration 86
Elapsed time for kappa 39.3157 sec
Elapsed time for experts 16.8733 sec
Elapsed time for households 12.6361 sec
Iteration 87
Elapsed time for kappa 36.4112 sec
Elapsed time for experts 13.1904 sec
Elapsed time for households 15.4359 sec
Iteration 88
Elapsed time for kappa 38.0243 sec
Elapsed time for experts 14.2789 sec
Elapsed time for households 12.2936 sec
Iteration 89
Elapsed time for kappa 43.4744 sec
Elapsed time for experts 13.4783 sec
Elapsed time for households 14.5956 sec
Iteration 90
Elapsed time for kappa 40.7401 sec
Elapsed time for experts 23.4460 sec
Elapsed time for households 14.1725 sec
Iteration 91
Elapsed time for kappa 46.5209 sec
Elapsed time for experts 16.3576 sec
Elapsed time for households 14.4340 sec
Iteration 92
Elapsed time for kappa 39.7909 sec
Elapsed time for experts 14.2748 sec
Elapsed time for households 15.6249 sec
Iteration 93
Elapsed time for kappa 40.3532 sec
Elapsed time for experts 13.4496 sec
Elapsed time for households 12.4346 sec
Iteration 94
Elapsed time for kappa 37.2966 sec
Elapsed time for experts 13.4335 sec
Elapsed time for households 11.9423 sec
Iteration 95
Elapsed time for kappa 39.4820 sec
Elapsed time for experts 13.3981 sec
Elapsed time for households 12.0835 sec
Iteration 96
Elapsed time for kappa 38.1735 sec
Elapsed time for experts 22.2439 sec
Elapsed time for households 12.9601 sec
Iteration 97
Elapsed time for kappa 40.5974 sec
Elapsed time for experts 14.3589 sec
Elapsed time for households 13.8927 sec
Iteration 98
Elapsed time for kappa 46.0232 sec
Elapsed time for experts 14.4509 sec
Elapsed time for households 16.0641 sec
Iteration 99
Elapsed time for kappa 44.0709 sec
Elapsed time for experts 16.2113 sec
Elapsed time for households 14.0839 sec
Iteration 100
Elapsed time for kappa 37.6294 sec
Elapsed time for experts 14.0822 sec
Elapsed time for households 14.0455 sec
Iteration 101
Elapsed time for kappa 43.1165 sec
Elapsed time for experts 14.1178 sec
Elapsed time for households 13.1984 sec
Iteration 102
Elapsed time for kappa 54.1217 sec
Elapsed time for experts 15.8307 sec
Elapsed time for households 18.3143 sec
Iteration 103
Elapsed time for kappa 44.5366 sec
Elapsed time for experts 16.4027 sec
Elapsed time for households 14.2667 sec
Iteration 104
Elapsed time for kappa 41.3165 sec
Elapsed time for experts 16.4778 sec
Elapsed time for households 14.8782 sec
Iteration 105
Elapsed time for kappa 39.9831 sec
Elapsed time for experts 16.0706 sec
Elapsed time for households 13.0976 sec
Iteration 106
Elapsed time for kappa 38.5320 sec
Elapsed time for experts 13.5514 sec
Elapsed time for households 14.9517 sec
Iteration 107
Elapsed time for kappa 39.8745 sec
Elapsed time for experts 14.7462 sec
Elapsed time for households 14.6577 sec
Iteration 108
Elapsed time for kappa 54.6980 sec
Elapsed time for experts 16.3552 sec
Elapsed time for households 14.8251 sec
Iteration 109
Elapsed time for kappa 44.9902 sec
Elapsed time for experts 14.5718 sec
Elapsed time for households 12.9899 sec
Iteration 110
Elapsed time for kappa 39.3064 sec
Elapsed time for experts 14.1153 sec
Elapsed time for households 12.6328 sec
Iteration 111
Elapsed time for kappa 37.1413 sec
Elapsed time for experts 13.1792 sec
Elapsed time for households 11.8092 sec
Iteration 112
Elapsed time for kappa 38.8437 sec
Elapsed time for experts 12.9312 sec
Elapsed time for households 11.8768 sec
Iteration 113
Elapsed time for kappa 39.7589 sec
Elapsed time for experts 16.4800 sec
Elapsed time for households 14.4421 sec
Iteration 114
Elapsed time for kappa 57.4932 sec
Elapsed time for experts 17.0697 sec
Elapsed time for households 14.7868 sec
Iteration 115
Elapsed time for kappa 41.3709 sec
Elapsed time for experts 18.2070 sec
Elapsed time for households 15.8502 sec
Iteration 116
Elapsed time for kappa 40.2976 sec
Elapsed time for experts 15.8468 sec
Elapsed time for households 14.4143 sec
Iteration 117
Elapsed time for kappa 39.5420 sec
Elapsed time for experts 13.6385 sec
Elapsed time for households 12.5395 sec
Iteration 118
Elapsed time for kappa 40.7997 sec
Elapsed time for experts 14.2095 sec
Elapsed time for households 13.7319 sec
Iteration 119
Elapsed time for kappa 40.2658 sec
Elapsed time for experts 14.6235 sec
Elapsed time for households 14.5013 sec
Iteration 120
Elapsed time for kappa 52.4458 sec
Elapsed time for experts 15.7938 sec
Elapsed time for households 15.9282 sec
Iteration 121
Elapsed time for kappa 38.6366 sec
Elapsed time for experts 14.6350 sec
Elapsed time for households 14.4965 sec
Iteration 122
Elapsed time for kappa 38.5532 sec
Elapsed time for experts 14.1114 sec
Elapsed time for households 14.5710 sec
Iteration 123
Elapsed time for kappa 37.4484 sec
Elapsed time for experts 13.8834 sec
Elapsed time for households 12.9515 sec
Iteration 124
Elapsed time for kappa 37.6193 sec
Elapsed time for experts 13.8308 sec
Elapsed time for households 15.0289 sec
Iteration 125
Elapsed time for kappa 37.5525 sec
Elapsed time for experts 13.8186 sec
Elapsed time for households 12.7373 sec
Iteration 126
Elapsed time for kappa 53.4089 sec
Elapsed time for experts 17.6141 sec
Elapsed time for households 16.3706 sec
Iteration 127
Elapsed time for kappa 42.0178 sec
Elapsed time for experts 17.2606 sec
Elapsed time for households 14.9269 sec
Iteration 128
Elapsed time for kappa 38.8318 sec
Elapsed time for experts 16.5737 sec
Elapsed time for households 13.6153 sec
Iteration 129
Elapsed time for kappa 40.3478 sec
Elapsed time for experts 15.0996 sec
Elapsed time for households 14.6343 sec
Iteration 130
Elapsed time for kappa 37.7114 sec
Elapsed time for experts 17.3884 sec
Elapsed time for households 12.7620 sec
Iteration 131
Elapsed time for kappa 37.0821 sec
Elapsed time for experts 13.0055 sec
Elapsed time for households 14.9261 sec
Iteration 132
Elapsed time for kappa 54.1962 sec
Elapsed time for experts 17.3085 sec
Elapsed time for households 14.1543 sec
Iteration 133
Elapsed time for kappa 41.5328 sec
Elapsed time for experts 14.9070 sec
Elapsed time for households 14.0713 sec
Iteration 134
Elapsed time for kappa 37.4329 sec
Elapsed time for experts 17.9220 sec
Elapsed time for households 12.4356 sec
Iteration 135
Elapsed time for kappa 36.8145 sec
Elapsed time for experts 14.2930 sec
Elapsed time for households 13.6169 sec
Iteration 136
Elapsed time for kappa 37.6378 sec
Elapsed time for experts 14.3178 sec
Elapsed time for households 13.5835 sec
Iteration 137
Elapsed time for kappa 35.3343 sec
Elapsed time for experts 13.2654 sec
Elapsed time for households 14.2965 sec
Iteration 138
Elapsed time for kappa 49.3383 sec
Elapsed time for experts 15.5530 sec
Elapsed time for households 13.5294 sec
Iteration 139
Elapsed time for kappa 46.6392 sec
Elapsed time for experts 14.4951 sec
Elapsed time for households 15.7578 sec
Iteration 140
Elapsed time for kappa 38.5283 sec
Elapsed time for experts 13.7562 sec
Elapsed time for households 13.3209 sec
Iteration 141
Elapsed time for kappa 36.4670 sec
Elapsed time for experts 14.0639 sec
Elapsed time for households 12.6203 sec
Iteration 142
Elapsed time for kappa 36.8871 sec
Elapsed time for experts 12.8417 sec
Elapsed time for households 12.8511 sec
Iteration 143
Elapsed time for kappa 43.7463 sec
Elapsed time for experts 14.8517 sec
Elapsed time for households 22.1918 sec
Iteration 144
Elapsed time for kappa 39.1832 sec
Elapsed time for experts 14.6878 sec
Elapsed time for households 13.4886 sec
Iteration 145
Elapsed time for kappa 38.2338 sec
Elapsed time for experts 14.5713 sec
Elapsed time for households 13.5835 sec
Iteration 146
Elapsed time for kappa 46.2504 sec
Elapsed time for experts 15.5057 sec
Elapsed time for households 13.2447 sec
Iteration 147
Elapsed time for kappa 37.7233 sec
Elapsed time for experts 13.2877 sec
Elapsed time for households 14.9714 sec
Iteration 148
Elapsed time for kappa 37.1501 sec
Elapsed time for experts 13.4080 sec
Elapsed time for households 12.4793 sec
Iteration 149
Elapsed time for kappa 40.7711 sec
Elapsed time for experts 27.7220 sec
Elapsed time for households 15.0649 sec
Iteration 150
Elapsed time for kappa 42.2473 sec
Elapsed time for experts 16.1685 sec
Elapsed time for households 17.0486 sec
Iteration 151
Elapsed time for kappa 41.7173 sec
Elapsed time for experts 16.5653 sec
Elapsed time for households 14.6141 sec
Iteration 152
Elapsed time for kappa 39.9196 sec
Elapsed time for experts 14.4786 sec
Elapsed time for households 13.0950 sec
Iteration 153
Elapsed time for kappa 38.8289 sec
Elapsed time for experts 14.2981 sec
Elapsed time for households 13.7336 sec
Iteration 154
Elapsed time for kappa 41.1080 sec
Elapsed time for experts 14.4292 sec
Elapsed time for households 13.6782 sec
Iteration 155
Elapsed time for kappa 40.2998 sec
Elapsed time for experts 25.8164 sec
Elapsed time for households 13.9385 sec
Iteration 156
Elapsed time for kappa 40.0167 sec
Elapsed time for experts 14.2664 sec
Elapsed time for households 16.2431 sec
Iteration 157
Elapsed time for kappa 39.3981 sec
Elapsed time for experts 13.7805 sec
Elapsed time for households 12.4934 sec
Iteration 158
Elapsed time for kappa 38.5526 sec
Elapsed time for experts 13.7663 sec
Elapsed time for households 12.0749 sec
Iteration 159
Elapsed time for kappa 45.1992 sec
Elapsed time for experts 13.7543 sec
Elapsed time for households 12.5773 sec
Iteration 160
Elapsed time for kappa 40.2584 sec
Elapsed time for experts 14.4725 sec
Elapsed time for households 13.2194 sec
Iteration 161
Elapsed time for kappa 36.0955 sec
Elapsed time for experts 22.9307 sec
Elapsed time for households 17.3033 sec
Iteration 162
Elapsed time for kappa 49.1573 sec
Elapsed time for experts 14.8010 sec
Elapsed time for households 13.2576 sec
Iteration 163
Elapsed time for kappa 48.1615 sec
Elapsed time for experts 14.6031 sec
Elapsed time for households 12.5569 sec
Iteration 164
Elapsed time for kappa 37.7099 sec
Elapsed time for experts 14.6353 sec
Elapsed time for households 15.4741 sec
Iteration 165
Elapsed time for kappa 36.6361 sec
Elapsed time for experts 17.1307 sec
Elapsed time for households 12.0997 sec
Iteration 166
Elapsed time for kappa 44.8358 sec
Elapsed time for experts 14.0728 sec
Elapsed time for households 12.8324 sec
Iteration 167
Elapsed time for kappa 55.6144 sec
Elapsed time for experts 18.1842 sec
Elapsed time for households 14.5842 sec
Iteration 168
Elapsed time for kappa 43.4293 sec
Elapsed time for experts 14.9797 sec
Elapsed time for households 13.9204 sec
Iteration 169
Elapsed time for kappa 39.3388 sec
Elapsed time for experts 15.2453 sec
Elapsed time for households 15.4433 sec
Iteration 170
Elapsed time for kappa 40.3519 sec
Elapsed time for experts 15.3161 sec
Elapsed time for households 14.6248 sec
Iteration 171
Elapsed time for kappa 40.2443 sec
Elapsed time for experts 15.1956 sec
Elapsed time for households 14.4820 sec
Iteration 172
Elapsed time for kappa 37.4173 sec
Elapsed time for experts 13.5300 sec
Elapsed time for households 12.5082 sec
Iteration 173
Elapsed time for kappa 51.1859 sec
Elapsed time for experts 16.0713 sec
Elapsed time for households 14.5001 sec
Iteration 174
Elapsed time for kappa 48.5453 sec
Elapsed time for experts 14.5908 sec
Elapsed time for households 14.0009 sec
Iteration 175
Elapsed time for kappa 45.7380 sec
Elapsed time for experts 16.3488 sec
Elapsed time for households 14.7395 sec
Iteration 176
Elapsed time for kappa 37.9051 sec
Elapsed time for experts 14.2046 sec
Elapsed time for households 13.0131 sec
Iteration 177
Elapsed time for kappa 43.9817 sec
Elapsed time for experts 14.5725 sec
Elapsed time for households 14.4897 sec
Iteration 178
Elapsed time for kappa 37.3086 sec
Elapsed time for experts 16.9086 sec
Elapsed time for households 14.8826 sec
Iteration 179
Elapsed time for kappa 50.8996 sec
Elapsed time for experts 15.6895 sec
Elapsed time for households 12.9892 sec
Iteration 180
Elapsed time for kappa 38.7265 sec
Elapsed time for experts 14.3218 sec
Elapsed time for households 14.7015 sec
Iteration 181
Elapsed time for kappa 47.2693 sec
Elapsed time for experts 14.7665 sec
Elapsed time for households 14.7995 sec
Iteration 182
Elapsed time for kappa 38.0875 sec
Elapsed time for experts 14.2670 sec
Elapsed time for households 13.1272 sec
Iteration 183
Elapsed time for kappa 37.5559 sec
Elapsed time for experts 13.5931 sec
Elapsed time for households 13.2060 sec
Iteration 184
Elapsed time for kappa 37.0239 sec
Elapsed time for experts 13.6188 sec
Elapsed time for households 12.6747 sec
Iteration 185
Elapsed time for kappa 47.9681 sec
Elapsed time for experts 15.9663 sec
Elapsed time for households 14.1228 sec
Iteration 186
Elapsed time for kappa 38.5253 sec
Elapsed time for experts 14.6564 sec
Elapsed time for households 13.3178 sec
Iteration 187
Elapsed time for kappa 37.5766 sec
Elapsed time for experts 14.6807 sec
Elapsed time for households 16.4728 sec
Iteration 188
Elapsed time for kappa 46.8583 sec
Elapsed time for experts 14.3620 sec
Elapsed time for households 12.8676 sec
Iteration 189
Elapsed time for kappa 36.7535 sec
Elapsed time for experts 17.6461 sec
Elapsed time for households 12.2311 sec
Iteration 190
Elapsed time for kappa 36.1746 sec
Elapsed time for experts 13.1898 sec
Elapsed time for households 12.7259 sec
Iteration 191
Elapsed time for kappa 56.9193 sec
Elapsed time for experts 17.6830 sec
Elapsed time for households 15.3250 sec
Iteration 192
Elapsed time for kappa 42.0463 sec
Elapsed time for experts 15.4259 sec
Elapsed time for households 14.2219 sec
Iteration 193
Elapsed time for kappa 38.8777 sec
Elapsed time for experts 14.3903 sec
Elapsed time for households 15.2862 sec
Iteration 194
Elapsed time for kappa 41.8932 sec
Elapsed time for experts 14.9799 sec
Elapsed time for households 14.5168 sec
Iteration 195
Elapsed time for kappa 37.5416 sec
Elapsed time for experts 13.9322 sec
Elapsed time for households 12.8400 sec
Iteration 196
Elapsed time for kappa 35.7094 sec
Elapsed time for experts 14.1965 sec
Elapsed time for households 12.9946 sec
Iteration 197
Elapsed time for kappa 54.9290 sec
Elapsed time for experts 17.1767 sec
Elapsed time for households 14.1469 sec
Iteration 198
Elapsed time for kappa 38.4047 sec
Elapsed time for experts 14.4946 sec
Elapsed time for households 13.3850 sec
Iteration 199
Elapsed time for kappa 38.2241 sec
Elapsed time for experts 18.2861 sec
Elapsed time for households 16.1159 sec
Iteration 200
Elapsed time for kappa 37.9403 sec
Elapsed time for experts 14.2504 sec
Elapsed time for households 11.8703 sec
Iteration 201
Elapsed time for kappa 37.7758 sec
Elapsed time for experts 13.7560 sec
Elapsed time for households 12.4128 sec
Iteration 202
Elapsed time for kappa 36.0585 sec
Elapsed time for experts 16.6246 sec
Elapsed time for households 12.9673 sec
Iteration 203
Elapsed time for kappa 49.5806 sec
Elapsed time for experts 14.5320 sec
Elapsed time for households 13.3639 sec
Iteration 204
Elapsed time for kappa 38.8730 sec
Elapsed time for experts 14.1961 sec
Elapsed time for households 13.2209 sec
Iteration 205
Elapsed time for kappa 47.3385 sec
Elapsed time for experts 15.4005 sec
Elapsed time for households 13.9330 sec
Iteration 206
Elapsed time for kappa 37.2923 sec
Elapsed time for experts 14.7846 sec
Elapsed time for households 14.6301 sec
Iteration 207
Elapsed time for kappa 37.6715 sec
Elapsed time for experts 13.3698 sec
Elapsed time for households 13.4232 sec
Iteration 208
Elapsed time for kappa 38.3517 sec
Elapsed time for experts 13.4526 sec
Elapsed time for households 22.1207 sec
Iteration 209
Elapsed time for kappa 38.6259 sec
Elapsed time for experts 15.0355 sec
Elapsed time for households 14.3687 sec
Iteration 210
Elapsed time for kappa 37.5314 sec
Elapsed time for experts 14.3485 sec
Elapsed time for households 14.1315 sec
Iteration 211
Elapsed time for kappa 38.8248 sec
Elapsed time for experts 18.2574 sec
Elapsed time for households 13.5703 sec
Iteration 212
Elapsed time for kappa 42.6211 sec
Elapsed time for experts 14.1928 sec
Elapsed time for households 12.9990 sec
Iteration 213
Elapsed time for kappa 43.3588 sec
Elapsed time for experts 14.1225 sec
Elapsed time for households 14.0422 sec
Iteration 214
Elapsed time for kappa 40.2633 sec
Elapsed time for experts 14.7204 sec
Elapsed time for households 22.7954 sec
Iteration 215
Elapsed time for kappa 48.8204 sec
Elapsed time for experts 15.4385 sec
Elapsed time for households 13.7780 sec
Iteration 216
Elapsed time for kappa 39.1734 sec
Elapsed time for experts 17.3075 sec
Elapsed time for households 13.8001 sec
Iteration 217
Elapsed time for kappa 37.8165 sec
Elapsed time for experts 14.5662 sec
Elapsed time for households 14.1346 sec
Iteration 218
Elapsed time for kappa 37.6217 sec
Elapsed time for experts 17.8631 sec
Elapsed time for households 13.3481 sec
Iteration 219
Elapsed time for kappa 38.4443 sec
Elapsed time for experts 13.7050 sec
Elapsed time for households 12.7107 sec
Iteration 220
Elapsed time for kappa 41.2959 sec
Elapsed time for experts 14.9071 sec
Elapsed time for households 22.8949 sec
Iteration 221
Elapsed time for kappa 41.3444 sec
Elapsed time for experts 14.8915 sec
Elapsed time for households 13.9676 sec
Iteration 222
Elapsed time for kappa 39.3921 sec
Elapsed time for experts 14.1156 sec
Elapsed time for households 13.2938 sec
Iteration 223
Elapsed time for kappa 46.7352 sec
Elapsed time for experts 14.5476 sec
Elapsed time for households 15.4047 sec
Iteration 224
Elapsed time for kappa 37.6755 sec
Elapsed time for experts 13.4706 sec
Elapsed time for households 12.2467 sec
Iteration 225
Elapsed time for kappa 43.2104 sec
Elapsed time for experts 16.3761 sec
Elapsed time for households 13.6854 sec
Iteration 226
Elapsed time for kappa 38.3839 sec
Elapsed time for experts 14.3648 sec
Elapsed time for households 15.3117 sec
Iteration 227
Elapsed time for kappa 58.6461 sec
Elapsed time for experts 18.0322 sec
Elapsed time for households 16.2661 sec
Iteration 228
Elapsed time for kappa 39.9299 sec
Elapsed time for experts 14.7703 sec
Elapsed time for households 13.1699 sec
Iteration 229
Elapsed time for kappa 47.4051 sec
Elapsed time for experts 14.5717 sec
Elapsed time for households 13.3038 sec
Iteration 230
Elapsed time for kappa 39.4715 sec
Elapsed time for experts 20.6270 sec
Elapsed time for households 14.2603 sec
Iteration 231
Elapsed time for kappa 38.7639 sec
Elapsed time for experts 13.6922 sec
Elapsed time for households 13.0582 sec
Iteration 232
Elapsed time for kappa 39.5750 sec
Elapsed time for experts 13.2472 sec
Elapsed time for households 12.8993 sec
Iteration 233
Elapsed time for kappa 46.7306 sec
Elapsed time for experts 15.0534 sec
Elapsed time for households 14.1580 sec
Iteration 234
Elapsed time for kappa 37.7306 sec
Elapsed time for experts 14.1460 sec
Elapsed time for households 13.7752 sec
Iteration 235
Elapsed time for kappa 37.6175 sec
Elapsed time for experts 14.9712 sec
Elapsed time for households 13.3594 sec
Iteration 236
Elapsed time for kappa 36.0486 sec
Elapsed time for experts 20.9908 sec
Elapsed time for households 12.7661 sec
Iteration 237
Elapsed time for kappa 36.1694 sec
Elapsed time for experts 17.3783 sec
Elapsed time for households 12.3854 sec
Iteration 238
Elapsed time for kappa 35.4528 sec
Elapsed time for experts 23.3369 sec
Elapsed time for households 18.1073 sec
Iteration 239
Elapsed time for kappa 39.0572 sec
Elapsed time for experts 13.9354 sec
Elapsed time for households 12.9920 sec
Iteration 240
Elapsed time for kappa 37.7833 sec
Elapsed time for experts 14.9646 sec
Elapsed time for households 13.6980 sec
Iteration 241
Elapsed time for kappa 42.2476 sec
Elapsed time for experts 15.4449 sec
Elapsed time for households 12.8989 sec
Iteration 242
Elapsed time for kappa 39.5428 sec
Elapsed time for experts 13.6583 sec
Elapsed time for households 11.6775 sec
Iteration 243
Elapsed time for kappa 37.6291 sec
Elapsed time for experts 12.7525 sec
Elapsed time for households 12.0377 sec
Iteration 244
Elapsed time for kappa 33.9107 sec
Elapsed time for experts 12.1817 sec
Elapsed time for households 22.7315 sec
Iteration 245
Elapsed time for kappa 40.9775 sec
Elapsed time for experts 14.0484 sec
Elapsed time for households 13.0427 sec
Iteration 246
Elapsed time for kappa 34.8742 sec
Elapsed time for experts 12.7650 sec
Elapsed time for households 11.4129 sec
Iteration 247
Elapsed time for kappa 35.0261 sec
Elapsed time for experts 19.1443 sec
Elapsed time for households 11.7011 sec
Iteration 248
Elapsed time for kappa 33.5887 sec
Elapsed time for experts 12.4368 sec
Elapsed time for households 11.0942 sec
Iteration 249
Elapsed time for kappa 33.6675 sec
Elapsed time for experts 12.1858 sec
Elapsed time for households 11.1380 sec
Iteration 250
Elapsed time for kappa 32.4012 sec
Elapsed time for experts 11.9459 sec
Elapsed time for households 19.7261 sec
Iteration 251
Elapsed time for kappa 35.2257 sec
Elapsed time for experts 12.8061 sec
Elapsed time for households 11.4687 sec
Iteration 252
Elapsed time for kappa 34.3214 sec
Elapsed time for experts 12.6901 sec
Elapsed time for households 11.7822 sec
Iteration 253
Elapsed time for kappa 33.7496 sec
Elapsed time for experts 18.9570 sec
Elapsed time for households 12.1280 sec
Iteration 254
Elapsed time for kappa 34.7214 sec
Elapsed time for experts 12.1286 sec
Elapsed time for households 11.3608 sec
Iteration 255
Elapsed time for kappa 32.4660 sec
Elapsed time for experts 12.4768 sec
Elapsed time for households 11.5879 sec
Iteration 256
Elapsed time for kappa 32.9918 sec
Elapsed time for experts 12.0862 sec
Elapsed time for households 11.3569 sec
Iteration 257
Elapsed time for kappa 42.2492 sec
Elapsed time for experts 12.9559 sec
Elapsed time for households 12.2419 sec
Iteration 258
Elapsed time for kappa 33.5428 sec
Elapsed time for experts 12.5317 sec
Elapsed time for households 11.6014 sec
Iteration 259
Elapsed time for kappa 33.5601 sec
Elapsed time for experts 12.7317 sec
Elapsed time for households 11.2360 sec
Iteration 260
Elapsed time for kappa 32.7695 sec
Elapsed time for experts 12.2629 sec
Elapsed time for households 11.8270 sec
Iteration 261
Elapsed time for kappa 41.6608 sec
Elapsed time for experts 15.4554 sec
Elapsed time for households 13.6112 sec
Iteration 262
Elapsed time for kappa 32.7835 sec
Elapsed time for experts 12.0733 sec
Elapsed time for households 10.7441 sec
Iteration 263
Elapsed time for kappa 41.3824 sec
Elapsed time for experts 12.7581 sec
Elapsed time for households 13.0961 sec
Iteration 264
Elapsed time for kappa 33.0490 sec
Elapsed time for experts 12.5273 sec
Elapsed time for households 11.3428 sec
Iteration 265
Elapsed time for kappa 33.5262 sec
Elapsed time for experts 12.5127 sec
Elapsed time for households 11.3439 sec
Iteration 266
Elapsed time for kappa 32.6922 sec
Elapsed time for experts 12.1637 sec
Elapsed time for households 10.9964 sec
Iteration 267
Elapsed time for kappa 33.6930 sec
Elapsed time for experts 11.9369 sec
Elapsed time for households 11.0996 sec
Iteration 268
Elapsed time for kappa 31.5255 sec
Elapsed time for experts 11.9594 sec
Elapsed time for households 17.8338 sec
Iteration 269
Elapsed time for kappa 35.5885 sec
Elapsed time for experts 12.3805 sec
Elapsed time for households 11.4702 sec
Iteration 270
Elapsed time for kappa 32.5005 sec
Elapsed time for experts 12.1397 sec
Elapsed time for households 11.2058 sec
Iteration 271
Elapsed time for kappa 32.5770 sec
Elapsed time for experts 12.2048 sec
Elapsed time for households 11.2413 sec
Iteration 272
Elapsed time for kappa 32.1333 sec
Elapsed time for experts 12.3655 sec
Elapsed time for households 10.9115 sec
Iteration 273
Elapsed time for kappa 31.4768 sec
Elapsed time for experts 11.9283 sec
Elapsed time for households 11.3529 sec
Iteration 274
Elapsed time for kappa 33.2019 sec
Elapsed time for experts 11.6594 sec
Elapsed time for households 11.6998 sec
Iteration 275
Elapsed time for kappa 40.1548 sec
Elapsed time for experts 15.6737 sec
Elapsed time for households 14.5206 sec
Iteration 276
Elapsed time for kappa 36.8846 sec
Elapsed time for experts 12.5570 sec
Elapsed time for households 11.2990 sec
Iteration 277
Elapsed time for kappa 32.3871 sec
Elapsed time for experts 14.3289 sec
Elapsed time for households 13.4442 sec
Iteration 278
Elapsed time for kappa 38.6912 sec
Elapsed time for experts 14.0780 sec
Elapsed time for households 11.8639 sec
Iteration 279
Elapsed time for kappa 33.8749 sec
Elapsed time for experts 12.4424 sec
Elapsed time for households 12.2972 sec
Iteration 280
Elapsed time for kappa 36.9053 sec
Elapsed time for experts 12.8039 sec
Elapsed time for households 21.9477 sec
Iteration 281
Elapsed time for kappa 37.9270 sec
Elapsed time for experts 13.8496 sec
Elapsed time for households 13.1897 sec
Iteration 282
Elapsed time for kappa 36.8869 sec
Elapsed time for experts 13.5722 sec
Elapsed time for households 11.3285 sec
Iteration 283
Elapsed time for kappa 33.6787 sec
Elapsed time for experts 12.4176 sec
Elapsed time for households 12.0292 sec
Iteration 284
Elapsed time for kappa 31.3064 sec
Elapsed time for experts 18.3175 sec
Elapsed time for households 14.6041 sec
Iteration 285
Elapsed time for kappa 31.9913 sec
Elapsed time for experts 17.9269 sec
Elapsed time for households 13.3999 sec
Iteration 286
Elapsed time for kappa 32.6201 sec
Elapsed time for experts 13.5253 sec
Elapsed time for households 11.6351 sec
Iteration 287
Elapsed time for kappa 40.7866 sec
Elapsed time for experts 14.5821 sec
Elapsed time for households 11.3609 sec
Iteration 288
Elapsed time for kappa 32.1398 sec
Elapsed time for experts 12.3703 sec
Elapsed time for households 11.2405 sec
Iteration 289
Elapsed time for kappa 38.1381 sec
Elapsed time for experts 12.3575 sec
Elapsed time for households 11.3894 sec
Iteration 290
Elapsed time for kappa 32.4545 sec
Elapsed time for experts 13.8267 sec
Elapsed time for households 12.1054 sec
Iteration 291
Elapsed time for kappa 31.1600 sec
Elapsed time for experts 11.8159 sec
Elapsed time for households 10.5870 sec
Iteration 292
Elapsed time for kappa 31.2727 sec
Elapsed time for experts 11.7095 sec
Elapsed time for households 22.6520 sec
Iteration 293
Elapsed time for kappa 33.0651 sec
Elapsed time for experts 14.2677 sec
Elapsed time for households 13.3394 sec
Iteration 294
Elapsed time for kappa 32.1653 sec
Elapsed time for experts 11.9559 sec
Elapsed time for households 13.0120 sec
Iteration 295
Elapsed time for kappa 34.1225 sec
Elapsed time for experts 12.9731 sec
Elapsed time for households 11.6282 sec
Iteration 296
Elapsed time for kappa 34.0456 sec
Elapsed time for experts 13.2320 sec
Elapsed time for households 12.0200 sec
Iteration 297
Elapsed time for kappa 40.7400 sec
Elapsed time for experts 12.8160 sec
Elapsed time for households 11.4177 sec
Iteration 298
Elapsed time for kappa 34.1799 sec
Elapsed time for experts 12.9923 sec
Elapsed time for households 12.1797 sec
Iteration 299
Elapsed time for kappa 41.7459 sec
Elapsed time for experts 14.6471 sec
Elapsed time for households 12.8972 sec
Elapsed time for training 20656.1257 sec
90000 90000 90000 90000
