2022-10-02 22:59:39.986901: I tensorflow/core/platform/cpu_feature_guard.cc:193] This TensorFlow binary is optimized with oneAPI Deep Neural Network Library (oneDNN) to use the following CPU instructions in performance-critical operations:  AVX2 AVX512F AVX512_VNNI FMA
To enable them in other operations, rebuild TensorFlow with the appropriate compiler flags.
2022-10-02 22:59:40.135498: I tensorflow/core/util/util.cc:169] oneDNN custom operations are on. You may see slightly different numerical results due to floating-point round-off errors from different computation orders. To turn them off, set the environment variable `TF_ENABLE_ONEDNN_OPTS=0`.
2022-10-02 22:59:40.141268: W tensorflow/stream_executor/platform/default/dso_loader.cc:64] Could not load dynamic library 'libcudart.so.11.0'; dlerror: libcudart.so.11.0: cannot open shared object file: No such file or directory; LD_LIBRARY_PATH: /software/python-anaconda-2022.05-el8-x86_64/lib:/software/cudnn-8.3.1-el8-x86_64/lib64
2022-10-02 22:59:40.141293: I tensorflow/stream_executor/cuda/cudart_stub.cc:29] Ignore above cudart dlerror if you do not have a GPU set up on your machine.
2022-10-02 22:59:40.168459: E tensorflow/stream_executor/cuda/cuda_blas.cc:2981] Unable to register cuBLAS factory: Attempting to register factory for plugin cuBLAS when one has already been registered
2022-10-02 22:59:40.890912: W tensorflow/stream_executor/platform/default/dso_loader.cc:64] Could not load dynamic library 'libnvinfer.so.7'; dlerror: libnvinfer.so.7: cannot open shared object file: No such file or directory; LD_LIBRARY_PATH: /software/python-anaconda-2022.05-el8-x86_64/lib:/software/cudnn-8.3.1-el8-x86_64/lib64
2022-10-02 22:59:40.891039: W tensorflow/stream_executor/platform/default/dso_loader.cc:64] Could not load dynamic library 'libnvinfer_plugin.so.7'; dlerror: libnvinfer_plugin.so.7: cannot open shared object file: No such file or directory; LD_LIBRARY_PATH: /software/python-anaconda-2022.05-el8-x86_64/lib:/software/cudnn-8.3.1-el8-x86_64/lib64
2022-10-02 22:59:40.891052: W tensorflow/compiler/tf2tensorrt/utils/py_utils.cc:38] TF-TRT Warning: Cannot dlopen some TensorRT libraries. If you would like to use Nvidia GPU with TensorRT, please make sure the missing libraries mentioned above are installed properly.
2022-10-02 22:59:43.679554: W tensorflow/stream_executor/platform/default/dso_loader.cc:64] Could not load dynamic library 'libcuda.so.1'; dlerror: libcuda.so.1: cannot open shared object file: No such file or directory; LD_LIBRARY_PATH: /software/python-anaconda-2022.05-el8-x86_64/lib:/software/cudnn-8.3.1-el8-x86_64/lib64
2022-10-02 22:59:43.679596: W tensorflow/stream_executor/cuda/cuda_driver.cc:263] failed call to cuInit: UNKNOWN ERROR (303)
2022-10-02 22:59:43.679618: I tensorflow/stream_executor/cuda/cuda_diagnostics.cc:156] kernel driver does not appear to be running on this host (midway3-0069.rcc.local): /proc/driver/nvidia/version does not exist
2022-10-02 22:59:43.680028: I tensorflow/core/platform/cpu_feature_guard.cc:193] This TensorFlow binary is optimized with oneAPI Deep Neural Network Library (oneDNN) to use the following CPU instructions in performance-critical operations:  AVX2 AVX512F AVX512_VNNI FMA
To enable them in other operations, rebuild TensorFlow with the appropriate compiler flags.
2022-10-02 23:00:21.977364: W tensorflow/core/common_runtime/forward_type_inference.cc:332] Type inference failed. This indicates an invalid graph that escaped type checking. Error message: INVALID_ARGUMENT: expected compatible input types, but input 1:
type_id: TFT_OPTIONAL
args {
  type_id: TFT_PRODUCT
  args {
    type_id: TFT_TENSOR
    args {
      type_id: TFT_BOOL
    }
  }
}
 is neither a subtype nor a supertype of the combined inputs preceding it:
type_id: TFT_OPTIONAL
args {
  type_id: TFT_PRODUCT
  args {
    type_id: TFT_TENSOR
    args {
      type_id: TFT_DOUBLE
    }
  }
}

	while inferring type of node 'StatefulPartitionedCall_1/StatefulPartitionedCall/cond_1_259/output/_29750'
Iter: 1 loss: 0.12217247006164614
Iter: 2 loss: 1.1969709813583834e-05
Iter: 3 loss: 1.1955504092860153e-05
Iter: 4 loss: 1.1898861814833588e-05
Iter: 5 loss: 1.1675157271881601e-05
Iter: 6 loss: 1.0824606357976314e-05
Iter: 7 loss: 4.66368817807693e-06
Iter: 8 loss: 2.9152538441071922e-06
Iter: 9 loss: 1.846999966300675e-06
Iter: 10 loss: 1.3947037287637939e-06
166444.29168444598
Iter: 1 loss: 81390.856672865484
205825.67131510947
Iter: 2 loss: 220873.49695178439
1589854.8565612521
Iter: 3 loss: 103107013.51769736
260097.24440404435
Iter: 4 loss: 340903.37387925555
228335.23233760509
Iter: 5 loss: 432814.04940308788
164525.06320476861
Iter: 6 loss: 76917.990670096871
163986.80512712884
Iter: 7 loss: 75543.662372346545
163929.6904595244
Iter: 8 loss: 75428.88418759816
163745.95829507327
Iter: 9 loss: 75119.158170535549
163273.79775601529
Iter: 10 loss: 74396.8702325949
162067.49983449862
Iter: 11 loss: 72638.16613570237
159488.0921758076
Iter: 12 loss: 68846.044550686376
154978.53712422348
Iter: 13 loss: 61616.112055485588
148436.58858118806
Iter: 14 loss: 50349.471735660147
145643.39230801645
Iter: 15 loss: 45565.431647659185
144069.36322689307
Iter: 16 loss: 42336.379259403577
143378.23326080042
Iter: 17 loss: 40014.731989793225
143159.0922105824
Iter: 18 loss: 37896.906680086737
141988.53682396765
Iter: 19 loss: 35264.638038263365
141198.50017984604
Iter: 20 loss: 33637.642253242084
140717.98109047036
Iter: 21 loss: 32912.250502566763
140176.69098504522
Iter: 22 loss: 32411.148708274181
139390.06439777027
Iter: 23 loss: 31890.065489347842
138402.08682596442
Iter: 24 loss: 31403.478032860934
137610.05720380839
Iter: 25 loss: 31134.46092705605
133768.83423755463
Iter: 26 loss: 30135.326899054624
128421.26334509489
Iter: 27 loss: 29254.028884396703
117872.58087234425
Iter: 28 loss: 23938.487093774358
85178.140818244967
Iter: 29 loss: 8758.8408391132944
77097.79632915
Iter: 30 loss: 6868.28797359312
69256.568101975223
Iter: 31 loss: 5611.116856129398
52362.080126883
Iter: 32 loss: 2628.5490559691907
28624.538481433716
Iter: 33 loss: 714.07209058980266
29377.255009957255
Iter: 34 loss: 299.84523407421432
36649.54385722935
Iter: 35 loss: 473.43962736138144
31307.433058675342
Iter: 36 loss: 204.56817429514203
92111.7662988688
Iter: 1 loss: 41294.675105260823
-78441.980563031844
Iter: 2 loss: 332781.0092698721
-1747.7857186457859
Iter: 3 loss: 2551.8695118342494
26627.96894528433
Iter: 4 loss: 7150.903165007051
-9199472.8736061435
Iter: 5 loss: 4204507887.0984406
92593.386609098554
Iter: 6 loss: 40126.616398960447
101449.99566151827
Iter: 7 loss: 22212.178401630961
105865.47135334712
Iter: 8 loss: 15818.157258591362
110893.89145106179
Iter: 9 loss: 10121.73916878883
114325.53775023736
Iter: 10 loss: 7027.5788873573347
116749.79864624338
Iter: 11 loss: 5253.3851623193668
118597.88506879115
Iter: 12 loss: 4222.143633355714
120327.82648048975
Iter: 13 loss: 3488.0070447684921
121599.51273718206
Iter: 14 loss: 2967.8169395281934
122864.53933047439
Iter: 15 loss: 2628.6526628056558
122992.11642990229
Iter: 16 loss: 2564.1713110248284
123062.82671633802
Iter: 17 loss: 2534.9445569788372
123356.0670116556
Iter: 18 loss: 2431.8099724772087
123622.02184420708
Iter: 19 loss: 2359.4425651324259
123933.34871727975
Iter: 20 loss: 2291.4703555943975
124085.02606626434
Iter: 21 loss: 2271.4747037774418
124160.49744844846
Iter: 22 loss: 2264.1619542011508
124267.00801257259
Iter: 23 loss: 2251.88039489601
124434.63046448758
Iter: 24 loss: 2223.34563661042
124825.28806492483
Iter: 25 loss: 2122.5226964759258
125422.96800713829
Iter: 26 loss: 1886.9138533883252
124366.99630703236
Iter: 27 loss: 2348.8647225607738
126049.75234579254
Iter: 28 loss: 1733.5067995063787
126083.84158785423
Iter: 29 loss: 1643.8964839087359
126065.21906175252
Iter: 30 loss: 1633.912750199677
126090.42107198437
Iter: 31 loss: 1631.4016400482658
126130.33355981202
Iter: 32 loss: 1629.7235369972309
126151.38341827932
Iter: 33 loss: 1629.0903101451872
126159.11037416244
Iter: 34 loss: 1628.7053915670544
126162.59684544498
Iter: 35 loss: 1628.1059812031235
126161.87331037663
Iter: 36 loss: 1627.02708248338
126157.27276716457
Iter: 37 loss: 1624.3984767294151
Iter: 1 loss: 1.7394361217011689e-06
20439.231973570437
Iter: 1 loss: 2522.084601636654
1776.578488847721
Iter: 2 loss: 332786.126179471
86301.187952526117
Iter: 3 loss: 235760.32073275023
26169.547587460438
Iter: 4 loss: 66.286011024608186
26173.159569241856
Iter: 5 loss: 65.657951813878242
26186.817443090222
Iter: 6 loss: 63.260244152171254
26230.032221964946
Iter: 7 loss: 55.242072350741651
26264.760923911625
Iter: 8 loss: 41.208888985199614
26206.939326264968
Iter: 9 loss: 33.826400581844105
26021.354539705688
Iter: 10 loss: 27.5544662905986
25623.066414966466
Iter: 11 loss: 21.869096075484507
24956.287058392943
Iter: 12 loss: 17.368598811376888
24516.949135745155
Iter: 13 loss: 16.329650240001151
24426.567808990061
Iter: 14 loss: 16.151151565132153
24253.498285748421
Iter: 15 loss: 15.549550617538324
24091.613651886015
Iter: 16 loss: 14.192595962452739
26466.458840895837
Iter: 17 loss: 262.86085845902352
24175.926198388112
Iter: 18 loss: 13.382444248808838
24203.783694745369
Iter: 19 loss: 13.287688657328014
24185.052232105692
Iter: 20 loss: 13.125804894703634
23991.093384747626
Iter: 21 loss: 12.959108368181614
23078.684914039739
Iter: 22 loss: 12.464876286917113
22573.371135081761
Iter: 23 loss: 12.078321076584794
21718.254378800619
Iter: 24 loss: 11.003483767394561
16027.417326379229
Iter: 25 loss: 13.154703486702857
19841.871836052687
Iter: 26 loss: 10.237767050645871
24779.847415799624
Iter: 27 loss: 2152.1914569322271
19230.526563997104
Iter: 28 loss: 9.47839180913537
16508.532292476051
Iter: 29 loss: 143.59629248269579
19229.636369311218
Iter: 30 loss: 9.4766815977459853
19211.812334003938
Iter: 31 loss: 9.4424573537080772
18227.216367099576
Iter: 32 loss: 15.335828789759677
18987.464076874821
Iter: 33 loss: 9.0157804478241452
18648.23586969377
Iter: 34 loss: 8.8168848706938885
18916.171561528383
Iter: 35 loss: 8.8852061255297627
18759.728081480695
Iter: 36 loss: 8.6872444690842663
14375.764291271276
Iter: 37 loss: 512.76372814519254
18759.485319606621
Iter: 38 loss: 8.686884141780542
16374.068838839281
Iter: 39 loss: 163.36359057335537
18528.325693800503
Iter: 40 loss: 8.486453734702
12956.514260213171
Iter: 41 loss: 754.3124402805679
18527.147038655668
Iter: 42 loss: 8.4800525395155546
18267.510034223877
Iter: 43 loss: 8.1085745869751147
18426.706266211495
Iter: 44 loss: 8.0931793744064553
18910.276134696571
Iter: 45 loss: 7.4838405936899735
19804.708041288475
Iter: 46 loss: 42.645294306796913
18902.356487549263
Iter: 47 loss: 6.7202830561848659
17265.483702143578
Iter: 48 loss: 31.489661828446025
18608.90566834194
Iter: 49 loss: 6.5941210027806845
18480.111796400161
Iter: 50 loss: 6.5793391209999372
18279.2663115323
Iter: 51 loss: 6.1918991240910284
17928.201188748208
Iter: 52 loss: 6.0783725355477785
16982.079613773338
Iter: 53 loss: 5.8392164382169556
127058.61112248588
Iter: 1 loss: 10338.55416110162
17696443.467553571
Iter: 2 loss: 1110306.7210461092
-947846.06873942434
Iter: 3 loss: 45200969.641134769
129780.87276513728
Iter: 4 loss: 6922.1774761640754
132621.41776906973
Iter: 5 loss: 4117.1857341678324
134621.29072364239
Iter: 6 loss: 2605.6282595281236
136257.66627429455
Iter: 7 loss: 1651.915972493686
137532.34995657005
Iter: 8 loss: 1084.2031637666046
138564.85042324566
Iter: 9 loss: 734.74671005618586
139414.64358692657
Iter: 10 loss: 517.04892737618718
140110.6222103161
Iter: 11 loss: 379.93897462952771
140602.25472465344
Iter: 12 loss: 302.202273596184
140836.09377086483
Iter: 13 loss: 271.172456138895
140890.49200419441
Iter: 14 loss: 265.08300469289
140901.40125957952
Iter: 15 loss: 263.75489495032656
140930.09093033138
Iter: 16 loss: 261.07686711004624
141045.12521032128
Iter: 17 loss: 254.9168636881123
141300.6142264088
Iter: 18 loss: 243.77403210458391
141692.83540807548
Iter: 19 loss: 239.3677184889506
141774.74539334304
Iter: 20 loss: 230.12855787212334
141885.64982357778
Iter: 21 loss: 225.45021751860295
141949.15589700226
Iter: 22 loss: 223.73800771851057
141989.2320840921
Iter: 23 loss: 222.62391027669167
142010.37796637561
Iter: 24 loss: 221.88415492794928
142018.57685382679
Iter: 25 loss: 221.28436770703456
142017.92639803857
Iter: 26 loss: 220.86496847577618
142017.2424911191
Iter: 27 loss: 220.33905613809512
142019.1295442823
Iter: 28 loss: 219.70829355726642
142026.83202780958
Iter: 29 loss: 218.63990581997331
142050.34179064032
Iter: 30 loss: 215.991346697767
142107.10838028975
Iter: 31 loss: 209.87079062863239
142232.16003852873
Iter: 32 loss: 197.1319082106279
142226.04072141071
Iter: 33 loss: 190.67472874413102
142311.95367677789
Iter: 34 loss: 189.5245353982578
Iter: 1 loss: 1.4904011427414876e-06
