Iteration 0
Elapsed time for kappa 185.9084 sec
Elapsed time for experts 80.7831 sec
Elapsed time for households 74.3357 sec
Iteration 1
Elapsed time for kappa 163.3771 sec
Elapsed time for experts 77.2290 sec
Elapsed time for households 72.3375 sec
Iteration 2
Elapsed time for kappa 155.7252 sec
Elapsed time for experts 76.4966 sec
Elapsed time for households 71.4715 sec
Iteration 3
Elapsed time for kappa 157.1817 sec
Elapsed time for experts 76.0502 sec
Elapsed time for households 70.8486 sec
Iteration 4
Elapsed time for kappa 154.6689 sec
Elapsed time for experts 75.7625 sec
Elapsed time for households 70.2446 sec
Iteration 5
Elapsed time for kappa 156.6659 sec
Elapsed time for experts 76.9137 sec
Elapsed time for households 73.0045 sec
Iteration 6
Elapsed time for kappa 152.8542 sec
Elapsed time for experts 84.2732 sec
Elapsed time for households 72.2822 sec
Iteration 7
Elapsed time for kappa 152.6646 sec
Elapsed time for experts 78.1188 sec
Elapsed time for households 71.7080 sec
Iteration 8
Elapsed time for kappa 156.0248 sec
Elapsed time for experts 75.7090 sec
Elapsed time for households 70.1965 sec
Iteration 9
Elapsed time for kappa 153.6309 sec
Elapsed time for experts 76.5896 sec
Elapsed time for households 70.0172 sec
Iteration 10
Elapsed time for kappa 89.6650 sec
Elapsed time for experts 74.4114 sec
Elapsed time for households 70.1190 sec
Iteration 11
Elapsed time for kappa 80.3826 sec
Elapsed time for experts 74.3379 sec
Elapsed time for households 68.4671 sec
Iteration 12
Elapsed time for kappa 60.9315 sec
Elapsed time for experts 83.7936 sec
Elapsed time for households 70.2020 sec
Iteration 13
Elapsed time for kappa 93.2588 sec
Elapsed time for experts 74.7367 sec
Elapsed time for households 71.0492 sec
Iteration 14
Elapsed time for kappa 69.8321 sec
Elapsed time for experts 76.7896 sec
Elapsed time for households 70.5380 sec
Elapsed time for training 4212.6287 sec
90000 90000 90000 90000
