ERROR: logger: /software/python-anaconda-2022.05-el8-x86_64/lib/libuuid.so.1: no version information available (required by /lib64/libblkid.so.1)
      while executing
  "exec logger -t modulecmd "[get-env USER]: $command [join $args]""
      (procedure "module" line 2)
      invoked from within
  "module load python/anaconda-2022.05"
      ("eval" body line 1)
      invoked from within
  "eval $execcmdlist"
  Please report this issue at https://github.com/cea-hpc/modules/issues
Iteration 0
Elapsed time for kappa 81.7810 sec
Elapsed time for experts 32.1887 sec
Elapsed time for households 25.1444 sec
Iteration 1
Elapsed time for kappa 42.4338 sec
Elapsed time for experts 22.0324 sec
Elapsed time for households 24.9821 sec
Iteration 2
Elapsed time for kappa 37.8579 sec
Elapsed time for experts 19.8695 sec
Elapsed time for households 14.9307 sec
Iteration 3
Elapsed time for kappa 38.5559 sec
Elapsed time for experts 14.2640 sec
Elapsed time for households 12.5645 sec
Iteration 4
Elapsed time for kappa 41.1153 sec
Elapsed time for experts 13.3755 sec
Elapsed time for households 12.8740 sec
Iteration 5
Elapsed time for kappa 40.7025 sec
Elapsed time for experts 13.6031 sec
Elapsed time for households 12.6918 sec
Iteration 6
Elapsed time for kappa 38.8173 sec
Elapsed time for experts 13.4832 sec
Elapsed time for households 11.8913 sec
Iteration 7
Elapsed time for kappa 39.7442 sec
Elapsed time for experts 13.2788 sec
Elapsed time for households 12.4974 sec
Iteration 8
Elapsed time for kappa 38.8178 sec
Elapsed time for experts 24.9033 sec
Elapsed time for households 13.4812 sec
Iteration 9
Elapsed time for kappa 39.1273 sec
Elapsed time for experts 15.7945 sec
Elapsed time for households 13.6835 sec
Iteration 10
Elapsed time for kappa 38.4592 sec
Elapsed time for experts 13.5016 sec
Elapsed time for households 12.1404 sec
Iteration 11
Elapsed time for kappa 39.6598 sec
Elapsed time for experts 13.4200 sec
Elapsed time for households 11.6707 sec
Iteration 12
Elapsed time for kappa 37.5774 sec
Elapsed time for experts 13.0838 sec
Elapsed time for households 11.9073 sec
Iteration 13
Elapsed time for kappa 37.0050 sec
Elapsed time for experts 14.5635 sec
Elapsed time for households 12.5792 sec
Iteration 14
Elapsed time for kappa 37.3063 sec
Elapsed time for experts 23.4638 sec
Elapsed time for households 12.8040 sec
Iteration 15
Elapsed time for kappa 37.9482 sec
Elapsed time for experts 14.0488 sec
Elapsed time for households 12.3860 sec
Iteration 16
Elapsed time for kappa 37.5578 sec
Elapsed time for experts 13.6112 sec
Elapsed time for households 12.7829 sec
Iteration 17
Elapsed time for kappa 36.7542 sec
Elapsed time for experts 14.2654 sec
Elapsed time for households 13.0906 sec
Iteration 18
Elapsed time for kappa 37.5183 sec
Elapsed time for experts 13.0402 sec
Elapsed time for households 12.0337 sec
Iteration 19
Elapsed time for kappa 36.6568 sec
Elapsed time for experts 13.6517 sec
Elapsed time for households 12.6442 sec
Iteration 20
Elapsed time for kappa 46.4187 sec
Elapsed time for experts 24.5147 sec
Elapsed time for households 13.9646 sec
Iteration 21
Elapsed time for kappa 37.2604 sec
Elapsed time for experts 13.6861 sec
Elapsed time for households 13.0358 sec
Iteration 22
Elapsed time for kappa 36.5536 sec
Elapsed time for experts 13.9665 sec
Elapsed time for households 12.6636 sec
Iteration 23
Elapsed time for kappa 37.2156 sec
Elapsed time for experts 13.2245 sec
Elapsed time for households 12.7402 sec
Iteration 24
Elapsed time for kappa 36.0535 sec
Elapsed time for experts 14.2437 sec
Elapsed time for households 12.1742 sec
Iteration 25
Elapsed time for kappa 36.3940 sec
Elapsed time for experts 13.7319 sec
Elapsed time for households 12.3118 sec
Iteration 26
Elapsed time for kappa 45.6232 sec
Elapsed time for experts 14.9249 sec
Elapsed time for households 14.7198 sec
Iteration 27
Elapsed time for kappa 43.6337 sec
Elapsed time for experts 13.9579 sec
Elapsed time for households 14.4187 sec
Iteration 28
Elapsed time for kappa 38.7986 sec
Elapsed time for experts 14.3144 sec
Elapsed time for households 12.9711 sec
Iteration 29
Elapsed time for kappa 40.9872 sec
Elapsed time for experts 14.4084 sec
Elapsed time for households 12.8069 sec
Iteration 30
Elapsed time for kappa 37.2527 sec
Elapsed time for experts 13.1732 sec
Elapsed time for households 12.1287 sec
Iteration 31
Elapsed time for kappa 39.5073 sec
Elapsed time for experts 13.3944 sec
Elapsed time for households 16.4410 sec
Iteration 32
Elapsed time for kappa 54.9347 sec
Elapsed time for experts 16.6764 sec
Elapsed time for households 14.7532 sec
Iteration 33
Elapsed time for kappa 39.2629 sec
Elapsed time for experts 14.4928 sec
Elapsed time for households 12.6842 sec
Iteration 34
Elapsed time for kappa 36.9184 sec
Elapsed time for experts 14.1061 sec
Elapsed time for households 12.2595 sec
Iteration 35
Elapsed time for kappa 37.1275 sec
Elapsed time for experts 14.7659 sec
Elapsed time for households 14.5974 sec
Iteration 36
Elapsed time for kappa 41.8328 sec
Elapsed time for experts 14.8015 sec
Elapsed time for households 12.6635 sec
Iteration 37
Elapsed time for kappa 38.2785 sec
Elapsed time for experts 16.7985 sec
Elapsed time for households 15.4167 sec
Iteration 38
Elapsed time for kappa 50.4071 sec
Elapsed time for experts 14.3062 sec
Elapsed time for households 13.1749 sec
Iteration 39
Elapsed time for kappa 38.4184 sec
Elapsed time for experts 14.3707 sec
Elapsed time for households 11.6730 sec
Iteration 40
Elapsed time for kappa 35.3097 sec
Elapsed time for experts 12.4174 sec
Elapsed time for households 11.1048 sec
Iteration 41
Elapsed time for kappa 37.0601 sec
Elapsed time for experts 15.8049 sec
Elapsed time for households 14.8536 sec
Iteration 42
Elapsed time for kappa 37.9323 sec
Elapsed time for experts 13.0344 sec
Elapsed time for households 12.4295 sec
Iteration 43
Elapsed time for kappa 45.6048 sec
Elapsed time for experts 14.4420 sec
Elapsed time for households 13.5408 sec
Iteration 44
Elapsed time for kappa 45.8321 sec
Elapsed time for experts 17.5660 sec
Elapsed time for households 13.6554 sec
Iteration 45
Elapsed time for kappa 43.1617 sec
Elapsed time for experts 14.7795 sec
Elapsed time for households 14.6564 sec
Iteration 46
Elapsed time for kappa 42.8539 sec
Elapsed time for experts 14.4891 sec
Elapsed time for households 13.7107 sec
Iteration 47
Elapsed time for kappa 37.9689 sec
Elapsed time for experts 16.4801 sec
Elapsed time for households 17.0205 sec
Iteration 48
Elapsed time for kappa 36.7358 sec
Elapsed time for experts 13.2406 sec
Elapsed time for households 12.6264 sec
Iteration 49
Elapsed time for kappa 37.0826 sec
Elapsed time for experts 13.3819 sec
Elapsed time for households 20.1425 sec
Iteration 50
Elapsed time for kappa 38.1541 sec
Elapsed time for experts 14.7365 sec
Elapsed time for households 12.7577 sec
Iteration 51
Elapsed time for kappa 37.1673 sec
Elapsed time for experts 16.1192 sec
Elapsed time for households 16.1346 sec
Iteration 52
Elapsed time for kappa 37.3082 sec
Elapsed time for experts 14.2982 sec
Elapsed time for households 15.1351 sec
Iteration 53
Elapsed time for kappa 37.0713 sec
Elapsed time for experts 13.1386 sec
Elapsed time for households 13.1722 sec
Iteration 54
Elapsed time for kappa 35.3505 sec
Elapsed time for experts 12.8195 sec
Elapsed time for households 11.7514 sec
Iteration 55
Elapsed time for kappa 38.7443 sec
Elapsed time for experts 16.6767 sec
Elapsed time for households 13.5477 sec
Iteration 56
Elapsed time for kappa 45.3055 sec
Elapsed time for experts 17.5867 sec
Elapsed time for households 13.2235 sec
Iteration 57
Elapsed time for kappa 40.8016 sec
Elapsed time for experts 13.5995 sec
Elapsed time for households 13.5652 sec
Iteration 58
Elapsed time for kappa 43.0221 sec
Elapsed time for experts 14.6169 sec
Elapsed time for households 11.9524 sec
Iteration 59
Elapsed time for kappa 38.4782 sec
Elapsed time for experts 13.9104 sec
Elapsed time for households 12.4358 sec
Iteration 60
Elapsed time for kappa 38.7607 sec
Elapsed time for experts 16.7946 sec
Elapsed time for households 11.8138 sec
Iteration 61
Elapsed time for kappa 39.7522 sec
Elapsed time for experts 22.2462 sec
Elapsed time for households 13.5328 sec
Iteration 62
Elapsed time for kappa 36.6655 sec
Elapsed time for experts 13.7821 sec
Elapsed time for households 11.8862 sec
Iteration 63
Elapsed time for kappa 36.2680 sec
Elapsed time for experts 13.1921 sec
Elapsed time for households 12.5081 sec
Iteration 64
Elapsed time for kappa 35.4180 sec
Elapsed time for experts 16.1001 sec
Elapsed time for households 13.4553 sec
Iteration 65
Elapsed time for kappa 37.4749 sec
Elapsed time for experts 13.8156 sec
Elapsed time for households 11.6474 sec
Iteration 66
Elapsed time for kappa 39.3929 sec
Elapsed time for experts 13.4492 sec
Elapsed time for households 11.4869 sec
Iteration 67
Elapsed time for kappa 37.4800 sec
Elapsed time for experts 23.3675 sec
Elapsed time for households 14.5455 sec
Iteration 68
Elapsed time for kappa 39.4538 sec
Elapsed time for experts 13.4725 sec
Elapsed time for households 12.5256 sec
Iteration 69
Elapsed time for kappa 35.8895 sec
Elapsed time for experts 12.9322 sec
Elapsed time for households 11.6908 sec
Iteration 70
Elapsed time for kappa 36.8202 sec
Elapsed time for experts 16.3371 sec
Elapsed time for households 13.0886 sec
Iteration 71
Elapsed time for kappa 37.4725 sec
Elapsed time for experts 13.8942 sec
Elapsed time for households 11.9875 sec
Iteration 72
Elapsed time for kappa 35.9203 sec
Elapsed time for experts 13.3899 sec
Elapsed time for households 14.6860 sec
Iteration 73
Elapsed time for kappa 41.3233 sec
Elapsed time for experts 21.9867 sec
Elapsed time for households 12.5027 sec
Iteration 74
Elapsed time for kappa 36.4523 sec
Elapsed time for experts 14.2924 sec
Elapsed time for households 11.8175 sec
Iteration 75
Elapsed time for kappa 35.4593 sec
Elapsed time for experts 13.2165 sec
Elapsed time for households 11.5435 sec
Iteration 76
Elapsed time for kappa 34.8719 sec
Elapsed time for experts 13.4225 sec
Elapsed time for households 12.0021 sec
Iteration 77
Elapsed time for kappa 35.1340 sec
Elapsed time for experts 12.9107 sec
Elapsed time for households 11.5361 sec
Iteration 78
Elapsed time for kappa 34.5727 sec
Elapsed time for experts 12.8584 sec
Elapsed time for households 12.0732 sec
Iteration 79
Elapsed time for kappa 35.9731 sec
Elapsed time for experts 20.5100 sec
Elapsed time for households 12.8913 sec
Iteration 80
Elapsed time for kappa 35.4199 sec
Elapsed time for experts 14.1504 sec
Elapsed time for households 14.0370 sec
Iteration 81
Elapsed time for kappa 37.9882 sec
Elapsed time for experts 16.4286 sec
Elapsed time for households 13.7453 sec
Iteration 82
Elapsed time for kappa 36.2702 sec
Elapsed time for experts 14.0670 sec
Elapsed time for households 11.8411 sec
Iteration 83
Elapsed time for kappa 35.8454 sec
Elapsed time for experts 15.3133 sec
Elapsed time for households 14.4195 sec
Iteration 84
Elapsed time for kappa 35.5066 sec
Elapsed time for experts 13.7392 sec
Elapsed time for households 12.2757 sec
Iteration 85
Elapsed time for kappa 48.8134 sec
Elapsed time for experts 13.5253 sec
Elapsed time for households 12.8493 sec
Iteration 86
Elapsed time for kappa 34.5067 sec
Elapsed time for experts 16.0046 sec
Elapsed time for households 14.8315 sec
Iteration 87
Elapsed time for kappa 34.9798 sec
Elapsed time for experts 12.8087 sec
Elapsed time for households 12.0107 sec
Iteration 88
Elapsed time for kappa 33.4896 sec
Elapsed time for experts 12.7647 sec
Elapsed time for households 11.4048 sec
Iteration 89
Elapsed time for kappa 34.6032 sec
Elapsed time for experts 16.3839 sec
Elapsed time for households 13.5984 sec
Iteration 90
Elapsed time for kappa 34.0384 sec
Elapsed time for experts 15.2333 sec
Elapsed time for households 15.1694 sec
Iteration 91
Elapsed time for kappa 45.4614 sec
Elapsed time for experts 14.5608 sec
Elapsed time for households 16.4935 sec
Iteration 92
Elapsed time for kappa 43.0043 sec
Elapsed time for experts 15.1965 sec
Elapsed time for households 12.5241 sec
Iteration 93
Elapsed time for kappa 34.9106 sec
Elapsed time for experts 12.9268 sec
Elapsed time for households 11.2537 sec
Iteration 94
Elapsed time for kappa 33.8678 sec
Elapsed time for experts 13.4698 sec
Elapsed time for households 14.7599 sec
Iteration 95
Elapsed time for kappa 39.8290 sec
Elapsed time for experts 15.5407 sec
Elapsed time for households 12.6658 sec
Iteration 96
Elapsed time for kappa 37.4310 sec
Elapsed time for experts 12.6254 sec
Elapsed time for households 11.0061 sec
Iteration 97
Elapsed time for kappa 41.7986 sec
Elapsed time for experts 13.4902 sec
Elapsed time for households 12.9322 sec
Iteration 98
Elapsed time for kappa 34.2552 sec
Elapsed time for experts 15.5367 sec
Elapsed time for households 15.6693 sec
Iteration 99
Elapsed time for kappa 38.6056 sec
Elapsed time for experts 14.1799 sec
Elapsed time for households 13.5348 sec
Iteration 100
Elapsed time for kappa 30.8454 sec
Elapsed time for experts 12.4587 sec
Elapsed time for households 12.5819 sec
Iteration 101
Elapsed time for kappa 40.0600 sec
Elapsed time for experts 15.3550 sec
Elapsed time for households 11.4187 sec
Iteration 102
Elapsed time for kappa 40.5168 sec
Elapsed time for experts 13.8745 sec
Elapsed time for households 11.3052 sec
Iteration 103
Elapsed time for kappa 42.5659 sec
Elapsed time for experts 15.2164 sec
Elapsed time for households 14.6650 sec
Iteration 104
Elapsed time for kappa 36.9540 sec
Elapsed time for experts 15.5011 sec
Elapsed time for households 14.9947 sec
Iteration 105
Elapsed time for kappa 34.2828 sec
Elapsed time for experts 12.4598 sec
Elapsed time for households 11.1398 sec
Iteration 106
Elapsed time for kappa 33.1170 sec
Elapsed time for experts 16.7083 sec
Elapsed time for households 11.4168 sec
Iteration 107
Elapsed time for kappa 33.0122 sec
Elapsed time for experts 12.8550 sec
Elapsed time for households 11.6331 sec
Iteration 108
Elapsed time for kappa 33.1938 sec
Elapsed time for experts 12.7652 sec
Elapsed time for households 11.4038 sec
Iteration 109
Elapsed time for kappa 40.3519 sec
Elapsed time for experts 13.2558 sec
Elapsed time for households 13.2114 sec
Iteration 110
Elapsed time for kappa 34.2987 sec
Elapsed time for experts 13.1278 sec
Elapsed time for households 11.8529 sec
Iteration 111
Elapsed time for kappa 33.1362 sec
Elapsed time for experts 12.7626 sec
Elapsed time for households 14.2257 sec
Iteration 112
Elapsed time for kappa 35.3050 sec
Elapsed time for experts 12.4923 sec
Elapsed time for households 10.6417 sec
Iteration 113
Elapsed time for kappa 30.8898 sec
Elapsed time for experts 12.1932 sec
Elapsed time for households 11.3451 sec
Iteration 114
Elapsed time for kappa 32.5150 sec
Elapsed time for experts 12.1457 sec
Elapsed time for households 10.9281 sec
Iteration 115
Elapsed time for kappa 40.2929 sec
Elapsed time for experts 13.2881 sec
Elapsed time for households 11.6271 sec
Iteration 116
Elapsed time for kappa 33.9515 sec
Elapsed time for experts 12.6807 sec
Elapsed time for households 11.9238 sec
Iteration 117
Elapsed time for kappa 33.2228 sec
Elapsed time for experts 12.6405 sec
Elapsed time for households 11.3792 sec
Iteration 118
Elapsed time for kappa 32.9873 sec
Elapsed time for experts 12.8010 sec
Elapsed time for households 11.2836 sec
Iteration 119
Elapsed time for kappa 32.4453 sec
Elapsed time for experts 16.3631 sec
Elapsed time for households 14.6833 sec
Iteration 120
Elapsed time for kappa 33.9585 sec
Elapsed time for experts 13.1439 sec
Elapsed time for households 21.4350 sec
Iteration 121
Elapsed time for kappa 34.3155 sec
Elapsed time for experts 16.6516 sec
Elapsed time for households 15.3536 sec
Iteration 122
Elapsed time for kappa 36.4235 sec
Elapsed time for experts 13.7311 sec
Elapsed time for households 12.7573 sec
Iteration 123
Elapsed time for kappa 33.0033 sec
Elapsed time for experts 13.4093 sec
Elapsed time for households 11.6464 sec
Iteration 124
Elapsed time for kappa 32.8719 sec
Elapsed time for experts 16.2698 sec
Elapsed time for households 12.2055 sec
Iteration 125
Elapsed time for kappa 33.1096 sec
Elapsed time for experts 15.4728 sec
Elapsed time for households 14.1450 sec
Iteration 126
Elapsed time for kappa 34.9867 sec
Elapsed time for experts 19.8206 sec
Elapsed time for households 12.1378 sec
Iteration 127
Elapsed time for kappa 36.5955 sec
Elapsed time for experts 13.4065 sec
Elapsed time for households 11.9010 sec
Iteration 128
Elapsed time for kappa 37.4936 sec
Elapsed time for experts 16.2028 sec
Elapsed time for households 14.5837 sec
Iteration 129
Elapsed time for kappa 37.6014 sec
Elapsed time for experts 12.9206 sec
Elapsed time for households 12.4157 sec
Iteration 130
Elapsed time for kappa 32.6421 sec
Elapsed time for experts 12.2812 sec
Elapsed time for households 11.1693 sec
Iteration 131
Elapsed time for kappa 33.5306 sec
Elapsed time for experts 13.9733 sec
Elapsed time for households 15.0460 sec
Iteration 132
Elapsed time for kappa 32.7842 sec
Elapsed time for experts 19.0165 sec
Elapsed time for households 11.4216 sec
Iteration 133
Elapsed time for kappa 32.5182 sec
Elapsed time for experts 12.2445 sec
Elapsed time for households 11.5549 sec
Iteration 134
Elapsed time for kappa 31.2476 sec
Elapsed time for experts 12.1714 sec
Elapsed time for households 13.0103 sec
Iteration 135
Elapsed time for kappa 31.5645 sec
Elapsed time for experts 12.3266 sec
Elapsed time for households 11.7211 sec
Iteration 136
Elapsed time for kappa 32.2662 sec
Elapsed time for experts 12.1695 sec
Elapsed time for households 13.0274 sec
Iteration 137
Elapsed time for kappa 33.1055 sec
Elapsed time for experts 13.1008 sec
Elapsed time for households 11.4215 sec
Iteration 138
Elapsed time for kappa 32.0702 sec
Elapsed time for experts 19.3686 sec
Elapsed time for households 15.9957 sec
Iteration 139
Elapsed time for kappa 35.3143 sec
Elapsed time for experts 13.3939 sec
Elapsed time for households 11.6480 sec
Iteration 140
Elapsed time for kappa 32.9312 sec
Elapsed time for experts 13.7471 sec
Elapsed time for households 12.7061 sec
Iteration 141
Elapsed time for kappa 32.5760 sec
Elapsed time for experts 12.6463 sec
Elapsed time for households 12.8774 sec
Iteration 142
Elapsed time for kappa 33.7047 sec
Elapsed time for experts 12.6005 sec
Elapsed time for households 11.7434 sec
Iteration 143
Elapsed time for kappa 33.5691 sec
Elapsed time for experts 15.0062 sec
Elapsed time for households 13.2393 sec
Iteration 144
Elapsed time for kappa 35.9174 sec
Elapsed time for experts 19.1049 sec
Elapsed time for households 11.7651 sec
Iteration 145
Elapsed time for kappa 34.3962 sec
Elapsed time for experts 16.4231 sec
Elapsed time for households 13.2469 sec
Iteration 146
Elapsed time for kappa 34.5621 sec
Elapsed time for experts 12.9581 sec
Elapsed time for households 12.3321 sec
Iteration 147
Elapsed time for kappa 34.3616 sec
Elapsed time for experts 12.4955 sec
Elapsed time for households 11.6847 sec
Iteration 148
Elapsed time for kappa 33.5072 sec
Elapsed time for experts 15.1530 sec
Elapsed time for households 13.4735 sec
Iteration 149
Elapsed time for kappa 32.9919 sec
Elapsed time for experts 13.4469 sec
Elapsed time for households 11.5076 sec
Iteration 150
Elapsed time for kappa 40.7200 sec
Elapsed time for experts 13.7274 sec
Elapsed time for households 12.0832 sec
Iteration 151
Elapsed time for kappa 34.6020 sec
Elapsed time for experts 13.2786 sec
Elapsed time for households 11.9925 sec
Iteration 152
Elapsed time for kappa 32.9110 sec
Elapsed time for experts 15.9390 sec
Elapsed time for households 13.6511 sec
Iteration 153
Elapsed time for kappa 32.7904 sec
Elapsed time for experts 15.0529 sec
Elapsed time for households 13.9244 sec
Iteration 154
Elapsed time for kappa 36.9726 sec
Elapsed time for experts 12.8534 sec
Elapsed time for households 11.5504 sec
Iteration 155
Elapsed time for kappa 33.4433 sec
Elapsed time for experts 12.5615 sec
Elapsed time for households 11.3459 sec
Iteration 156
Elapsed time for kappa 40.2018 sec
Elapsed time for experts 18.0117 sec
Elapsed time for households 13.6021 sec
Iteration 157
Elapsed time for kappa 34.2131 sec
Elapsed time for experts 12.9933 sec
Elapsed time for households 11.8073 sec
Iteration 158
Elapsed time for kappa 32.8405 sec
Elapsed time for experts 16.3287 sec
Elapsed time for households 14.5891 sec
Iteration 159
Elapsed time for kappa 38.1905 sec
Elapsed time for experts 13.5113 sec
Elapsed time for households 13.3074 sec
Iteration 160
Elapsed time for kappa 32.3882 sec
Elapsed time for experts 15.3420 sec
Elapsed time for households 13.6498 sec
Iteration 161
Elapsed time for kappa 36.6470 sec
Elapsed time for experts 14.6827 sec
Elapsed time for households 13.8169 sec
Iteration 162
Elapsed time for kappa 44.2754 sec
Elapsed time for experts 14.5765 sec
Elapsed time for households 13.3758 sec
Iteration 163
Elapsed time for kappa 36.8535 sec
Elapsed time for experts 12.2575 sec
Elapsed time for households 10.9618 sec
Iteration 164
Elapsed time for kappa 32.0541 sec
Elapsed time for experts 12.4005 sec
Elapsed time for households 11.2254 sec
Iteration 165
Elapsed time for kappa 31.8853 sec
Elapsed time for experts 12.4395 sec
Elapsed time for households 11.3215 sec
Iteration 166
Elapsed time for kappa 30.6679 sec
Elapsed time for experts 14.7984 sec
Elapsed time for households 15.0335 sec
Iteration 167
Elapsed time for kappa 32.5607 sec
Elapsed time for experts 16.1528 sec
Elapsed time for households 11.6298 sec
Iteration 168
Elapsed time for kappa 47.9913 sec
Elapsed time for experts 14.1774 sec
Elapsed time for households 11.9703 sec
Iteration 169
Elapsed time for kappa 33.9428 sec
Elapsed time for experts 13.4506 sec
Elapsed time for households 12.0619 sec
Iteration 170
Elapsed time for kappa 33.7538 sec
Elapsed time for experts 12.9912 sec
Elapsed time for households 12.3519 sec
Iteration 171
Elapsed time for kappa 32.8956 sec
Elapsed time for experts 14.9461 sec
Elapsed time for households 14.8375 sec
Iteration 172
Elapsed time for kappa 38.9862 sec
Elapsed time for experts 13.5316 sec
Elapsed time for households 12.5362 sec
Iteration 173
Elapsed time for kappa 33.3006 sec
Elapsed time for experts 12.5927 sec
Elapsed time for households 11.2260 sec
Iteration 174
Elapsed time for kappa 41.8784 sec
Elapsed time for experts 13.0523 sec
Elapsed time for households 11.5907 sec
Iteration 175
Elapsed time for kappa 34.2540 sec
Elapsed time for experts 13.8381 sec
Elapsed time for households 11.6597 sec
Iteration 176
Elapsed time for kappa 34.1190 sec
Elapsed time for experts 16.6300 sec
Elapsed time for households 12.3935 sec
Iteration 177
Elapsed time for kappa 31.1352 sec
Elapsed time for experts 12.0710 sec
Elapsed time for households 11.5402 sec
Iteration 178
Elapsed time for kappa 31.8067 sec
Elapsed time for experts 11.6799 sec
Elapsed time for households 11.4586 sec
Iteration 179
Elapsed time for kappa 30.7802 sec
Elapsed time for experts 11.7334 sec
Elapsed time for households 11.6867 sec
Iteration 180
Elapsed time for kappa 40.5582 sec
Elapsed time for experts 13.4172 sec
Elapsed time for households 12.8033 sec
Iteration 181
Elapsed time for kappa 32.1886 sec
Elapsed time for experts 12.5588 sec
Elapsed time for households 11.9471 sec
Iteration 182
Elapsed time for kappa 32.3831 sec
Elapsed time for experts 12.0662 sec
Elapsed time for households 11.6966 sec
Iteration 183
Elapsed time for kappa 32.9994 sec
Elapsed time for experts 15.3941 sec
Elapsed time for households 14.6673 sec
Iteration 184
Elapsed time for kappa 37.1772 sec
Elapsed time for experts 12.9356 sec
Elapsed time for households 12.9875 sec
Iteration 185
Elapsed time for kappa 33.5710 sec
Elapsed time for experts 14.0363 sec
Elapsed time for households 20.3015 sec
Iteration 186
Elapsed time for kappa 40.1210 sec
Elapsed time for experts 14.5423 sec
Elapsed time for households 13.9280 sec
Iteration 187
Elapsed time for kappa 37.5491 sec
Elapsed time for experts 14.1497 sec
Elapsed time for households 12.3917 sec
Iteration 188
Elapsed time for kappa 33.7076 sec
Elapsed time for experts 13.0664 sec
Elapsed time for households 11.9037 sec
Iteration 189
Elapsed time for kappa 32.6666 sec
Elapsed time for experts 16.6076 sec
Elapsed time for households 12.4806 sec
Iteration 190
Elapsed time for kappa 33.0771 sec
Elapsed time for experts 15.4728 sec
Elapsed time for households 13.9123 sec
Iteration 191
Elapsed time for kappa 33.0874 sec
Elapsed time for experts 20.1228 sec
Elapsed time for households 12.5957 sec
Iteration 192
Elapsed time for kappa 33.7477 sec
Elapsed time for experts 16.8387 sec
Elapsed time for households 12.5854 sec
Iteration 193
Elapsed time for kappa 42.5663 sec
Elapsed time for experts 14.1896 sec
Elapsed time for households 13.5914 sec
Iteration 194
Elapsed time for kappa 32.6356 sec
Elapsed time for experts 15.4529 sec
Elapsed time for households 14.1938 sec
Iteration 195
Elapsed time for kappa 36.8868 sec
Elapsed time for experts 13.7434 sec
Elapsed time for households 11.1780 sec
Iteration 196
Elapsed time for kappa 32.9747 sec
Elapsed time for experts 13.0030 sec
Elapsed time for households 11.6748 sec
Iteration 197
Elapsed time for kappa 36.6863 sec
Elapsed time for experts 12.8598 sec
Elapsed time for households 18.6070 sec
Iteration 198
Elapsed time for kappa 32.9499 sec
Elapsed time for experts 12.2645 sec
Elapsed time for households 11.7092 sec
Iteration 199
Elapsed time for kappa 42.0960 sec
Elapsed time for experts 15.8988 sec
Elapsed time for households 11.2624 sec
Iteration 200
Elapsed time for kappa 32.6522 sec
Elapsed time for experts 13.0594 sec
Elapsed time for households 11.7645 sec
Iteration 201
Elapsed time for kappa 32.8597 sec
Elapsed time for experts 12.0045 sec
Elapsed time for households 10.8749 sec
Iteration 202
Elapsed time for kappa 31.9643 sec
Elapsed time for experts 12.7185 sec
Elapsed time for households 11.9933 sec
Iteration 203
Elapsed time for kappa 32.5734 sec
Elapsed time for experts 13.0779 sec
Elapsed time for households 23.9515 sec
Iteration 204
Elapsed time for kappa 42.8263 sec
Elapsed time for experts 16.7865 sec
Elapsed time for households 12.8553 sec
Iteration 205
Elapsed time for kappa 35.0073 sec
Elapsed time for experts 13.0804 sec
Elapsed time for households 12.8340 sec
Iteration 206
Elapsed time for kappa 32.8965 sec
Elapsed time for experts 15.5667 sec
Elapsed time for households 13.3147 sec
Iteration 207
Elapsed time for kappa 41.8136 sec
Elapsed time for experts 15.5093 sec
Elapsed time for households 15.8853 sec
Iteration 208
Elapsed time for kappa 38.5574 sec
Elapsed time for experts 15.0901 sec
Elapsed time for households 11.5793 sec
Iteration 209
Elapsed time for kappa 34.0556 sec
Elapsed time for experts 15.3835 sec
Elapsed time for households 12.9741 sec
Iteration 210
Elapsed time for kappa 46.3976 sec
Elapsed time for experts 14.6719 sec
Elapsed time for households 13.5929 sec
Iteration 211
Elapsed time for kappa 36.5516 sec
Elapsed time for experts 13.9240 sec
Elapsed time for households 11.6864 sec
Iteration 212
Elapsed time for kappa 33.7441 sec
Elapsed time for experts 17.4434 sec
Elapsed time for households 12.2526 sec
Iteration 213
Elapsed time for kappa 33.1635 sec
Elapsed time for experts 12.2725 sec
Elapsed time for households 10.8687 sec
Iteration 214
Elapsed time for kappa 31.4532 sec
Elapsed time for experts 12.2335 sec
Elapsed time for households 11.0002 sec
Iteration 215
Elapsed time for kappa 32.3852 sec
Elapsed time for experts 11.6954 sec
Elapsed time for households 13.5721 sec
Iteration 216
Elapsed time for kappa 40.4873 sec
Elapsed time for experts 13.2140 sec
Elapsed time for households 12.2147 sec
Iteration 217
Elapsed time for kappa 40.1774 sec
Elapsed time for experts 12.7011 sec
Elapsed time for households 12.6283 sec
Iteration 218
Elapsed time for kappa 34.5638 sec
Elapsed time for experts 13.1096 sec
Elapsed time for households 12.0326 sec
Iteration 219
Elapsed time for kappa 34.8310 sec
Elapsed time for experts 12.5976 sec
Elapsed time for households 11.1511 sec
Iteration 220
Elapsed time for kappa 33.2378 sec
Elapsed time for experts 13.4540 sec
Elapsed time for households 11.9875 sec
Iteration 221
Elapsed time for kappa 39.9963 sec
Elapsed time for experts 23.0553 sec
Elapsed time for households 12.7623 sec
Iteration 222
Elapsed time for kappa 36.3505 sec
Elapsed time for experts 15.5727 sec
Elapsed time for households 12.4344 sec
Iteration 223
Elapsed time for kappa 33.0606 sec
Elapsed time for experts 12.7515 sec
Elapsed time for households 11.5623 sec
Iteration 224
Elapsed time for kappa 33.0764 sec
Elapsed time for experts 13.1296 sec
Elapsed time for households 11.6890 sec
Iteration 225
Elapsed time for kappa 32.9285 sec
Elapsed time for experts 12.9764 sec
Elapsed time for households 11.4709 sec
Iteration 226
Elapsed time for kappa 31.9830 sec
Elapsed time for experts 12.7703 sec
Elapsed time for households 11.7170 sec
Iteration 227
Elapsed time for kappa 31.8641 sec
Elapsed time for experts 12.2243 sec
Elapsed time for households 18.3011 sec
Iteration 228
Elapsed time for kappa 33.4464 sec
Elapsed time for experts 13.2228 sec
Elapsed time for households 12.0504 sec
Iteration 229
Elapsed time for kappa 34.5205 sec
Elapsed time for experts 12.2457 sec
Elapsed time for households 11.2175 sec
Iteration 230
Elapsed time for kappa 32.4927 sec
Elapsed time for experts 13.1263 sec
Elapsed time for households 11.6126 sec
Iteration 231
Elapsed time for kappa 33.6458 sec
Elapsed time for experts 13.1157 sec
Elapsed time for households 11.8051 sec
Iteration 232
Elapsed time for kappa 32.5532 sec
Elapsed time for experts 12.9195 sec
Elapsed time for households 14.8173 sec
Iteration 233
Elapsed time for kappa 35.0315 sec
Elapsed time for experts 12.2748 sec
Elapsed time for households 19.1686 sec
Iteration 234
Elapsed time for kappa 35.0557 sec
Elapsed time for experts 13.5831 sec
Elapsed time for households 16.8004 sec
Iteration 235
Elapsed time for kappa 39.3172 sec
Elapsed time for experts 15.5707 sec
Elapsed time for households 12.8398 sec
Iteration 236
Elapsed time for kappa 34.6223 sec
Elapsed time for experts 13.5143 sec
Elapsed time for households 12.8875 sec
Iteration 237
Elapsed time for kappa 38.2707 sec
Elapsed time for experts 15.5175 sec
Elapsed time for households 12.2447 sec
Iteration 238
Elapsed time for kappa 39.9096 sec
Elapsed time for experts 13.8368 sec
Elapsed time for households 12.3144 sec
Iteration 239
Elapsed time for kappa 39.4070 sec
Elapsed time for experts 14.0074 sec
Elapsed time for households 13.2045 sec
Iteration 240
Elapsed time for kappa 44.3284 sec
Elapsed time for experts 13.6822 sec
Elapsed time for households 13.0301 sec
Iteration 241
Elapsed time for kappa 34.5839 sec
Elapsed time for experts 13.1635 sec
Elapsed time for households 12.1025 sec
Iteration 242
Elapsed time for kappa 33.9648 sec
Elapsed time for experts 12.7793 sec
Elapsed time for households 11.4776 sec
Iteration 243
Elapsed time for kappa 33.9966 sec
Elapsed time for experts 12.6621 sec
Elapsed time for households 11.2457 sec
Iteration 244
Elapsed time for kappa 33.2139 sec
Elapsed time for experts 13.3292 sec
Elapsed time for households 11.8810 sec
Iteration 245
Elapsed time for kappa 35.0742 sec
Elapsed time for experts 15.9720 sec
Elapsed time for households 18.9543 sec
Iteration 246
Elapsed time for kappa 34.4033 sec
Elapsed time for experts 13.7226 sec
Elapsed time for households 11.4086 sec
Iteration 247
Elapsed time for kappa 32.2585 sec
Elapsed time for experts 12.0425 sec
Elapsed time for households 11.3591 sec
Iteration 248
Elapsed time for kappa 32.9052 sec
Elapsed time for experts 14.2261 sec
Elapsed time for households 11.8240 sec
Iteration 249
Elapsed time for kappa 32.7044 sec
Elapsed time for experts 12.7406 sec
Elapsed time for households 12.1603 sec
Iteration 250
Elapsed time for kappa 32.8372 sec
Elapsed time for experts 12.5138 sec
Elapsed time for households 11.5422 sec
Iteration 251
Elapsed time for kappa 32.6932 sec
Elapsed time for experts 12.4246 sec
Elapsed time for households 11.1545 sec
Iteration 252
Elapsed time for kappa 41.0062 sec
Elapsed time for experts 14.0985 sec
Elapsed time for households 12.7500 sec
Iteration 253
Elapsed time for kappa 34.0280 sec
Elapsed time for experts 16.2460 sec
Elapsed time for households 15.1588 sec
Iteration 254
Elapsed time for kappa 35.7552 sec
Elapsed time for experts 15.8761 sec
Elapsed time for households 14.8120 sec
Iteration 255
Elapsed time for kappa 33.9230 sec
Elapsed time for experts 16.7289 sec
Elapsed time for households 11.8966 sec
Iteration 256
Elapsed time for kappa 33.6653 sec
Elapsed time for experts 12.9579 sec
Elapsed time for households 12.1003 sec
Iteration 257
Elapsed time for kappa 32.7280 sec
Elapsed time for experts 12.2637 sec
Elapsed time for households 11.1790 sec
Iteration 258
Elapsed time for kappa 43.6709 sec
Elapsed time for experts 13.0371 sec
Elapsed time for households 12.1222 sec
Iteration 259
Elapsed time for kappa 34.7731 sec
Elapsed time for experts 15.0173 sec
Elapsed time for households 12.4914 sec
Iteration 260
Elapsed time for kappa 35.1147 sec
Elapsed time for experts 12.9509 sec
Elapsed time for households 12.1362 sec
Iteration 261
Elapsed time for kappa 35.0790 sec
Elapsed time for experts 12.8856 sec
Elapsed time for households 11.4687 sec
Iteration 262
Elapsed time for kappa 32.8811 sec
Elapsed time for experts 13.2898 sec
Elapsed time for households 11.6816 sec
Iteration 263
Elapsed time for kappa 32.3230 sec
Elapsed time for experts 20.0412 sec
Elapsed time for households 12.9085 sec
Iteration 264
Elapsed time for kappa 33.8198 sec
Elapsed time for experts 17.5436 sec
Elapsed time for households 15.9876 sec
Iteration 265
Elapsed time for kappa 38.4373 sec
Elapsed time for experts 13.4339 sec
Elapsed time for households 12.6547 sec
Iteration 266
Elapsed time for kappa 33.3537 sec
Elapsed time for experts 17.0676 sec
Elapsed time for households 15.4870 sec
Iteration 267
Elapsed time for kappa 35.7228 sec
Elapsed time for experts 13.3029 sec
Elapsed time for households 11.5463 sec
Iteration 268
Elapsed time for kappa 32.7109 sec
Elapsed time for experts 12.3085 sec
Elapsed time for households 13.9050 sec
Iteration 269
Elapsed time for kappa 33.8278 sec
Elapsed time for experts 12.4570 sec
Elapsed time for households 19.0319 sec
Iteration 270
Elapsed time for kappa 35.5051 sec
Elapsed time for experts 13.0451 sec
Elapsed time for households 13.2493 sec
Iteration 271
Elapsed time for kappa 33.9673 sec
Elapsed time for experts 12.9600 sec
Elapsed time for households 11.5289 sec
Iteration 272
Elapsed time for kappa 34.4094 sec
Elapsed time for experts 13.3069 sec
Elapsed time for households 11.5600 sec
Iteration 273
Elapsed time for kappa 34.7446 sec
Elapsed time for experts 12.5567 sec
Elapsed time for households 11.5854 sec
Iteration 274
Elapsed time for kappa 40.2292 sec
Elapsed time for experts 13.1221 sec
Elapsed time for households 11.6560 sec
Iteration 275
Elapsed time for kappa 32.2092 sec
Elapsed time for experts 12.5927 sec
Elapsed time for households 18.9650 sec
Iteration 276
Elapsed time for kappa 35.1313 sec
Elapsed time for experts 13.6996 sec
Elapsed time for households 12.9790 sec
Iteration 277
Elapsed time for kappa 33.3772 sec
Elapsed time for experts 12.9642 sec
Elapsed time for households 12.0852 sec
Iteration 278
Elapsed time for kappa 34.6782 sec
Elapsed time for experts 15.1529 sec
Elapsed time for households 12.0679 sec
Iteration 279
Elapsed time for kappa 33.1985 sec
Elapsed time for experts 13.3506 sec
Elapsed time for households 11.9546 sec
Iteration 280
Elapsed time for kappa 40.1560 sec
Elapsed time for experts 12.9676 sec
Elapsed time for households 11.4753 sec
Iteration 281
Elapsed time for kappa 36.9456 sec
Elapsed time for experts 13.1085 sec
Elapsed time for households 12.9452 sec
Iteration 282
Elapsed time for kappa 42.6642 sec
Elapsed time for experts 13.8892 sec
Elapsed time for households 12.0674 sec
Iteration 283
Elapsed time for kappa 33.9470 sec
Elapsed time for experts 14.5772 sec
Elapsed time for households 11.9848 sec
Iteration 284
Elapsed time for kappa 33.3891 sec
Elapsed time for experts 13.8870 sec
Elapsed time for households 11.9586 sec
Iteration 285
Elapsed time for kappa 32.7608 sec
Elapsed time for experts 12.2454 sec
Elapsed time for households 11.1583 sec
Iteration 286
Elapsed time for kappa 32.7217 sec
Elapsed time for experts 12.6546 sec
Elapsed time for households 11.5037 sec
Iteration 287
Elapsed time for kappa 33.6511 sec
Elapsed time for experts 12.4319 sec
Elapsed time for households 11.0647 sec
Iteration 288
Elapsed time for kappa 40.1806 sec
Elapsed time for experts 13.1608 sec
Elapsed time for households 11.6508 sec
Iteration 289
Elapsed time for kappa 34.0216 sec
Elapsed time for experts 15.4197 sec
Elapsed time for households 11.7797 sec
Iteration 290
Elapsed time for kappa 40.6068 sec
Elapsed time for experts 14.8647 sec
Elapsed time for households 11.9117 sec
Iteration 291
Elapsed time for kappa 34.6457 sec
Elapsed time for experts 14.0530 sec
Elapsed time for households 11.4599 sec
Iteration 292
Elapsed time for kappa 33.2477 sec
Elapsed time for experts 15.4738 sec
Elapsed time for households 12.3637 sec
Iteration 293
Elapsed time for kappa 33.0981 sec
Elapsed time for experts 12.8791 sec
Elapsed time for households 17.9580 sec
Iteration 294
Elapsed time for kappa 35.1671 sec
Elapsed time for experts 14.0213 sec
Elapsed time for households 15.6819 sec
Iteration 295
Elapsed time for kappa 39.1343 sec
Elapsed time for experts 16.4860 sec
Elapsed time for households 15.4371 sec
Iteration 296
Elapsed time for kappa 34.2453 sec
Elapsed time for experts 15.5266 sec
Elapsed time for households 11.9330 sec
Iteration 297
Elapsed time for kappa 33.4291 sec
Elapsed time for experts 13.3457 sec
Elapsed time for households 12.6048 sec
Iteration 298
Elapsed time for kappa 32.5826 sec
Elapsed time for experts 15.6596 sec
Elapsed time for households 14.8468 sec
Iteration 299
Elapsed time for kappa 34.3892 sec
Elapsed time for experts 14.9370 sec
Elapsed time for households 11.7227 sec
Elapsed time for training 19169.4045 sec
90000 90000 90000 90000
