Iteration 0
Elapsed time for kappa 85.4338 sec
Elapsed time for experts 26.4674 sec
Elapsed time for households 19.3441 sec
Iteration 1
Elapsed time for kappa 45.7826 sec
Elapsed time for experts 18.8081 sec
Elapsed time for households 18.0123 sec
Iteration 2
Elapsed time for kappa 35.0522 sec
Elapsed time for experts 18.0077 sec
Elapsed time for households 16.7916 sec
Iteration 3
Elapsed time for kappa 39.6166 sec
Elapsed time for experts 17.3199 sec
Elapsed time for households 15.9103 sec
Iteration 4
Elapsed time for kappa 34.1326 sec
Elapsed time for experts 21.0928 sec
Elapsed time for households 16.7440 sec
Iteration 5
Elapsed time for kappa 36.6003 sec
Elapsed time for experts 18.9251 sec
Elapsed time for households 17.8819 sec
Iteration 6
Elapsed time for kappa 33.1458 sec
Elapsed time for experts 18.7942 sec
Elapsed time for households 17.5656 sec
Iteration 7
Elapsed time for kappa 34.5219 sec
Elapsed time for experts 18.6066 sec
Elapsed time for households 15.7560 sec
Iteration 8
Elapsed time for kappa 36.2996 sec
Elapsed time for experts 24.6636 sec
Elapsed time for households 17.4603 sec
Iteration 9
Elapsed time for kappa 34.8551 sec
Elapsed time for experts 22.9506 sec
Elapsed time for households 16.8563 sec
Iteration 10
Elapsed time for kappa 34.5611 sec
Elapsed time for experts 19.9921 sec
Elapsed time for households 16.0948 sec
Iteration 11
Elapsed time for kappa 34.3270 sec
Elapsed time for experts 18.8117 sec
Elapsed time for households 16.5261 sec
Iteration 12
Elapsed time for kappa 35.3631 sec
Elapsed time for experts 19.1271 sec
Elapsed time for households 17.0801 sec
Iteration 13
Elapsed time for kappa 35.2348 sec
Elapsed time for experts 21.9521 sec
Elapsed time for households 18.5766 sec
Iteration 14
Elapsed time for kappa 33.2800 sec
Elapsed time for experts 27.1617 sec
Elapsed time for households 19.2528 sec
Iteration 15
Elapsed time for kappa 36.1491 sec
Elapsed time for experts 19.8318 sec
Elapsed time for households 18.4923 sec
Iteration 16
Elapsed time for kappa 36.9888 sec
Elapsed time for experts 17.6748 sec
Elapsed time for households 15.5811 sec
Iteration 17
Elapsed time for kappa 34.0843 sec
Elapsed time for experts 26.0312 sec
Elapsed time for households 18.4133 sec
Iteration 18
Elapsed time for kappa 32.4150 sec
Elapsed time for experts 18.7034 sec
Elapsed time for households 17.4253 sec
Iteration 19
Elapsed time for kappa 34.8383 sec
Elapsed time for experts 19.3227 sec
Elapsed time for households 16.7466 sec
Iteration 20
Elapsed time for kappa 34.5622 sec
Elapsed time for experts 28.1243 sec
Elapsed time for households 17.2759 sec
Iteration 21
Elapsed time for kappa 33.7136 sec
Elapsed time for experts 20.9566 sec
Elapsed time for households 18.4903 sec
Iteration 22
Elapsed time for kappa 34.2524 sec
Elapsed time for experts 18.4738 sec
Elapsed time for households 16.8661 sec
Iteration 23
Elapsed time for kappa 33.8247 sec
Elapsed time for experts 23.9158 sec
Elapsed time for households 16.7761 sec
Iteration 24
Elapsed time for kappa 36.0013 sec
Elapsed time for experts 19.6598 sec
Elapsed time for households 17.9760 sec
Iteration 25
Elapsed time for kappa 34.1079 sec
Elapsed time for experts 18.1243 sec
Elapsed time for households 16.5598 sec
Iteration 26
Elapsed time for kappa 37.4515 sec
Elapsed time for experts 28.8485 sec
Elapsed time for households 18.3910 sec
Iteration 27
Elapsed time for kappa 34.3873 sec
Elapsed time for experts 19.2711 sec
Elapsed time for households 16.4814 sec
Iteration 28
Elapsed time for kappa 34.1018 sec
Elapsed time for experts 19.0964 sec
Elapsed time for households 18.9022 sec
Iteration 29
Elapsed time for kappa 31.7395 sec
Elapsed time for experts 20.2039 sec
Elapsed time for households 19.1401 sec
Iteration 30
Elapsed time for kappa 32.7460 sec
Elapsed time for experts 16.5562 sec
Elapsed time for households 16.2188 sec
Iteration 31
Elapsed time for kappa 34.7930 sec
Elapsed time for experts 22.7881 sec
Elapsed time for households 15.5014 sec
Iteration 32
Elapsed time for kappa 40.0474 sec
Elapsed time for experts 19.9490 sec
Elapsed time for households 16.9603 sec
Iteration 33
Elapsed time for kappa 32.5459 sec
Elapsed time for experts 19.0774 sec
Elapsed time for households 17.7440 sec
Iteration 34
Elapsed time for kappa 31.3107 sec
Elapsed time for experts 18.5886 sec
Elapsed time for households 15.9398 sec
Iteration 35
Elapsed time for kappa 31.6596 sec
Elapsed time for experts 19.7558 sec
Elapsed time for households 16.7509 sec
Iteration 36
Elapsed time for kappa 31.6277 sec
Elapsed time for experts 19.4426 sec
Elapsed time for households 17.3359 sec
Iteration 37
Elapsed time for kappa 32.0499 sec
Elapsed time for experts 20.8103 sec
Elapsed time for households 17.0905 sec
Iteration 38
Elapsed time for kappa 37.9438 sec
Elapsed time for experts 22.4838 sec
Elapsed time for households 17.9716 sec
Iteration 39
Elapsed time for kappa 32.1457 sec
Elapsed time for experts 20.1658 sec
Elapsed time for households 16.4748 sec
Iteration 40
Elapsed time for kappa 32.4945 sec
Elapsed time for experts 19.5722 sec
Elapsed time for households 15.8635 sec
Iteration 41
Elapsed time for kappa 32.5811 sec
Elapsed time for experts 17.7379 sec
Elapsed time for households 16.2626 sec
Iteration 42
Elapsed time for kappa 32.1777 sec
Elapsed time for experts 19.9067 sec
Elapsed time for households 15.9124 sec
Iteration 43
Elapsed time for kappa 33.0473 sec
Elapsed time for experts 19.9852 sec
Elapsed time for households 17.5925 sec
Iteration 44
Elapsed time for kappa 38.0110 sec
Elapsed time for experts 22.0363 sec
Elapsed time for households 15.9048 sec
Iteration 45
Elapsed time for kappa 31.1822 sec
Elapsed time for experts 18.3435 sec
Elapsed time for households 17.6391 sec
Iteration 46
Elapsed time for kappa 30.9612 sec
Elapsed time for experts 18.8797 sec
Elapsed time for households 16.3658 sec
Iteration 47
Elapsed time for kappa 30.7672 sec
Elapsed time for experts 19.9276 sec
Elapsed time for households 15.4151 sec
Iteration 48
Elapsed time for kappa 33.3867 sec
Elapsed time for experts 22.1035 sec
Elapsed time for households 15.7386 sec
Iteration 49
Elapsed time for kappa 32.2870 sec
Elapsed time for experts 19.2106 sec
Elapsed time for households 16.4737 sec
Iteration 50
Elapsed time for kappa 40.5301 sec
Elapsed time for experts 18.8584 sec
Elapsed time for households 16.0079 sec
Iteration 51
Elapsed time for kappa 30.5325 sec
Elapsed time for experts 16.9549 sec
Elapsed time for households 16.5047 sec
Iteration 52
Elapsed time for kappa 32.0948 sec
Elapsed time for experts 15.8239 sec
Elapsed time for households 17.8502 sec
Iteration 53
Elapsed time for kappa 30.5419 sec
Elapsed time for experts 16.7377 sec
Elapsed time for households 15.5882 sec
Iteration 54
Elapsed time for kappa 30.6220 sec
Elapsed time for experts 17.7846 sec
Elapsed time for households 16.2099 sec
Iteration 55
Elapsed time for kappa 32.0483 sec
Elapsed time for experts 19.0068 sec
Elapsed time for households 16.2961 sec
Iteration 56
Elapsed time for kappa 36.9489 sec
Elapsed time for experts 17.4829 sec
Elapsed time for households 16.7612 sec
Iteration 57
Elapsed time for kappa 31.2158 sec
Elapsed time for experts 18.9640 sec
Elapsed time for households 17.5560 sec
Iteration 58
Elapsed time for kappa 33.7942 sec
Elapsed time for experts 18.1034 sec
Elapsed time for households 16.3119 sec
Iteration 59
Elapsed time for kappa 31.2708 sec
Elapsed time for experts 17.6816 sec
Elapsed time for households 16.2107 sec
Iteration 60
Elapsed time for kappa 29.8568 sec
Elapsed time for experts 18.7923 sec
Elapsed time for households 16.4655 sec
Iteration 61
Elapsed time for kappa 30.2226 sec
Elapsed time for experts 21.6239 sec
Elapsed time for households 15.6752 sec
Iteration 62
Elapsed time for kappa 36.5454 sec
Elapsed time for experts 17.1475 sec
Elapsed time for households 16.9836 sec
Iteration 63
Elapsed time for kappa 30.8039 sec
Elapsed time for experts 16.8541 sec
Elapsed time for households 15.8139 sec
Iteration 64
Elapsed time for kappa 29.7472 sec
Elapsed time for experts 18.5857 sec
Elapsed time for households 16.7032 sec
Iteration 65
Elapsed time for kappa 30.2747 sec
Elapsed time for experts 21.9311 sec
Elapsed time for households 17.9880 sec
Iteration 66
Elapsed time for kappa 30.7603 sec
Elapsed time for experts 18.6309 sec
Elapsed time for households 16.1718 sec
Iteration 67
Elapsed time for kappa 30.3411 sec
Elapsed time for experts 16.7581 sec
Elapsed time for households 20.7090 sec
Iteration 68
Elapsed time for kappa 31.1311 sec
Elapsed time for experts 17.8359 sec
Elapsed time for households 15.9675 sec
Iteration 69
Elapsed time for kappa 31.0408 sec
Elapsed time for experts 18.9841 sec
Elapsed time for households 15.4773 sec
Iteration 70
Elapsed time for kappa 30.5690 sec
Elapsed time for experts 17.6732 sec
Elapsed time for households 15.6928 sec
Iteration 71
Elapsed time for kappa 29.9859 sec
Elapsed time for experts 17.3468 sec
Elapsed time for households 15.5302 sec
Iteration 72
Elapsed time for kappa 32.5941 sec
Elapsed time for experts 18.2156 sec
Elapsed time for households 16.3183 sec
Iteration 73
Elapsed time for kappa 32.9768 sec
Elapsed time for experts 26.2910 sec
Elapsed time for households 15.9101 sec
Iteration 74
Elapsed time for kappa 30.8422 sec
Elapsed time for experts 17.5046 sec
Elapsed time for households 16.8217 sec
Iteration 75
Elapsed time for kappa 31.5930 sec
Elapsed time for experts 19.3424 sec
Elapsed time for households 16.1404 sec
Iteration 76
Elapsed time for kappa 30.5671 sec
Elapsed time for experts 16.5922 sec
Elapsed time for households 16.1760 sec
Iteration 77
Elapsed time for kappa 29.9414 sec
Elapsed time for experts 19.7646 sec
Elapsed time for households 18.3034 sec
Iteration 78
Elapsed time for kappa 31.1039 sec
Elapsed time for experts 19.0697 sec
Elapsed time for households 16.2978 sec
Iteration 79
Elapsed time for kappa 30.0097 sec
Elapsed time for experts 16.9828 sec
Elapsed time for households 21.9867 sec
Iteration 80
Elapsed time for kappa 31.2363 sec
Elapsed time for experts 20.0657 sec
Elapsed time for households 16.4850 sec
Iteration 81
Elapsed time for kappa 31.9667 sec
Elapsed time for experts 18.3473 sec
Elapsed time for households 15.4971 sec
Iteration 82
Elapsed time for kappa 30.6778 sec
Elapsed time for experts 20.4638 sec
Elapsed time for households 15.9834 sec
Iteration 83
Elapsed time for kappa 30.2460 sec
Elapsed time for experts 21.1066 sec
Elapsed time for households 16.2185 sec
Iteration 84
Elapsed time for kappa 29.1417 sec
Elapsed time for experts 22.3489 sec
Elapsed time for households 16.4818 sec
Iteration 85
Elapsed time for kappa 29.3549 sec
Elapsed time for experts 19.3564 sec
Elapsed time for households 22.7005 sec
Iteration 86
Elapsed time for kappa 32.0981 sec
Elapsed time for experts 18.2940 sec
Elapsed time for households 15.9959 sec
Iteration 87
Elapsed time for kappa 31.4764 sec
Elapsed time for experts 18.1092 sec
Elapsed time for households 16.3770 sec
Iteration 88
Elapsed time for kappa 33.6049 sec
Elapsed time for experts 19.1651 sec
Elapsed time for households 17.3633 sec
Iteration 89
Elapsed time for kappa 30.4746 sec
Elapsed time for experts 17.8051 sec
Elapsed time for households 16.1120 sec
Iteration 90
Elapsed time for kappa 30.6133 sec
Elapsed time for experts 20.4134 sec
Elapsed time for households 17.0812 sec
Iteration 91
Elapsed time for kappa 30.0457 sec
Elapsed time for experts 20.4092 sec
Elapsed time for households 15.6979 sec
Iteration 92
Elapsed time for kappa 38.1939 sec
Elapsed time for experts 18.4733 sec
Elapsed time for households 17.3688 sec
Iteration 93
Elapsed time for kappa 31.4922 sec
Elapsed time for experts 17.6077 sec
Elapsed time for households 15.6301 sec
Iteration 94
Elapsed time for kappa 30.2835 sec
Elapsed time for experts 19.6022 sec
Elapsed time for households 16.0880 sec
Iteration 95
Elapsed time for kappa 29.7969 sec
Elapsed time for experts 21.0817 sec
Elapsed time for households 16.2679 sec
Iteration 96
Elapsed time for kappa 29.7517 sec
Elapsed time for experts 24.3697 sec
Elapsed time for households 16.0011 sec
Iteration 97
Elapsed time for kappa 30.3121 sec
Elapsed time for experts 18.0220 sec
Elapsed time for households 22.3619 sec
Iteration 98
Elapsed time for kappa 31.3646 sec
Elapsed time for experts 17.6439 sec
Elapsed time for households 16.5460 sec
Iteration 99
Elapsed time for kappa 31.4176 sec
Elapsed time for experts 17.4953 sec
Elapsed time for households 16.3584 sec
Iteration 100
Elapsed time for kappa 31.2375 sec
Elapsed time for experts 18.0009 sec
Elapsed time for households 17.5614 sec
Iteration 101
Elapsed time for kappa 30.3228 sec
Elapsed time for experts 17.0335 sec
Elapsed time for households 16.0109 sec
Iteration 102
Elapsed time for kappa 29.7254 sec
Elapsed time for experts 12.2830 sec
Elapsed time for households 16.7495 sec
Iteration 103
Elapsed time for kappa 33.7867 sec
Elapsed time for experts 20.1279 sec
Elapsed time for households 15.9537 sec
Iteration 104
Elapsed time for kappa 38.7089 sec
Elapsed time for experts 17.9440 sec
Elapsed time for households 16.5616 sec
Iteration 105
Elapsed time for kappa 31.8829 sec
Elapsed time for experts 17.6810 sec
Elapsed time for households 16.7599 sec
Iteration 106
Elapsed time for kappa 32.2563 sec
Elapsed time for experts 17.7957 sec
Elapsed time for households 16.1160 sec
Iteration 107
Elapsed time for kappa 32.4680 sec
Elapsed time for experts 19.2202 sec
Elapsed time for households 16.1983 sec
Iteration 108
Elapsed time for kappa 30.0404 sec
Elapsed time for experts 21.4864 sec
Elapsed time for households 17.2537 sec
Iteration 109
Elapsed time for kappa 31.2351 sec
Elapsed time for experts 22.5143 sec
Elapsed time for households 15.5661 sec
Iteration 110
Elapsed time for kappa 36.2191 sec
Elapsed time for experts 18.4282 sec
Elapsed time for households 18.0367 sec
Iteration 111
Elapsed time for kappa 32.6150 sec
Elapsed time for experts 18.9864 sec
Elapsed time for households 16.2153 sec
Iteration 112
Elapsed time for kappa 30.1152 sec
Elapsed time for experts 18.6341 sec
Elapsed time for households 17.2964 sec
Iteration 113
Elapsed time for kappa 30.6209 sec
Elapsed time for experts 19.4533 sec
Elapsed time for households 15.3484 sec
Iteration 114
Elapsed time for kappa 30.3732 sec
Elapsed time for experts 18.4347 sec
Elapsed time for households 16.7230 sec
Iteration 115
Elapsed time for kappa 29.8266 sec
Elapsed time for experts 33.6402 sec
Elapsed time for households 17.0109 sec
Iteration 116
Elapsed time for kappa 32.1382 sec
Elapsed time for experts 18.9667 sec
Elapsed time for households 16.8159 sec
Iteration 117
Elapsed time for kappa 31.1762 sec
Elapsed time for experts 18.1809 sec
Elapsed time for households 16.6292 sec
Iteration 118
Elapsed time for kappa 30.2014 sec
Elapsed time for experts 19.4915 sec
Elapsed time for households 18.6698 sec
Iteration 119
Elapsed time for kappa 30.0108 sec
Elapsed time for experts 17.2730 sec
Elapsed time for households 15.9537 sec
Iteration 120
Elapsed time for kappa 29.9040 sec
Elapsed time for experts 20.6670 sec
Elapsed time for households 16.5098 sec
Iteration 121
Elapsed time for kappa 30.7389 sec
Elapsed time for experts 16.7597 sec
Elapsed time for households 16.6335 sec
Iteration 122
Elapsed time for kappa 31.4625 sec
Elapsed time for experts 17.7066 sec
Elapsed time for households 15.6266 sec
Iteration 123
Elapsed time for kappa 30.9380 sec
Elapsed time for experts 21.3124 sec
Elapsed time for households 16.9085 sec
Iteration 124
Elapsed time for kappa 30.6250 sec
Elapsed time for experts 17.3555 sec
Elapsed time for households 15.8828 sec
Iteration 125
Elapsed time for kappa 30.4105 sec
Elapsed time for experts 16.5653 sec
Elapsed time for households 16.0929 sec
Iteration 126
Elapsed time for kappa 29.9224 sec
Elapsed time for experts 18.9420 sec
Elapsed time for households 15.3526 sec
Iteration 127
Elapsed time for kappa 30.5750 sec
Elapsed time for experts 20.6795 sec
Elapsed time for households 23.0410 sec
Iteration 128
Elapsed time for kappa 31.9864 sec
Elapsed time for experts 19.3578 sec
Elapsed time for households 16.2769 sec
Iteration 129
Elapsed time for kappa 32.2391 sec
Elapsed time for experts 19.4851 sec
Elapsed time for households 18.8139 sec
Iteration 130
Elapsed time for kappa 30.2337 sec
Elapsed time for experts 17.7355 sec
Elapsed time for households 16.3459 sec
Iteration 131
Elapsed time for kappa 30.0633 sec
Elapsed time for experts 19.0807 sec
Elapsed time for households 17.8133 sec
Iteration 132
Elapsed time for kappa 30.7822 sec
Elapsed time for experts 20.0252 sec
Elapsed time for households 15.7715 sec
Iteration 133
Elapsed time for kappa 30.7138 sec
Elapsed time for experts 17.2220 sec
Elapsed time for households 15.5887 sec
Iteration 134
Elapsed time for kappa 38.5380 sec
Elapsed time for experts 23.1421 sec
Elapsed time for households 17.6402 sec
Iteration 135
Elapsed time for kappa 32.1776 sec
Elapsed time for experts 18.3672 sec
Elapsed time for households 17.2717 sec
Iteration 136
Elapsed time for kappa 30.9773 sec
Elapsed time for experts 17.9575 sec
Elapsed time for households 17.5884 sec
Iteration 137
Elapsed time for kappa 30.7630 sec
Elapsed time for experts 18.7688 sec
Elapsed time for households 16.9916 sec
Iteration 138
Elapsed time for kappa 31.4548 sec
Elapsed time for experts 19.8046 sec
Elapsed time for households 15.6152 sec
Iteration 139
Elapsed time for kappa 29.3972 sec
Elapsed time for experts 17.6375 sec
Elapsed time for households 24.5298 sec
Iteration 140
Elapsed time for kappa 33.3283 sec
Elapsed time for experts 21.1797 sec
Elapsed time for households 18.1422 sec
Iteration 141
Elapsed time for kappa 30.7175 sec
Elapsed time for experts 17.2862 sec
Elapsed time for households 15.9430 sec
Iteration 142
Elapsed time for kappa 31.6087 sec
Elapsed time for experts 20.2728 sec
Elapsed time for households 16.8625 sec
Iteration 143
Elapsed time for kappa 30.4850 sec
Elapsed time for experts 18.1671 sec
Elapsed time for households 16.4737 sec
Iteration 144
Elapsed time for kappa 30.7972 sec
Elapsed time for experts 19.3379 sec
Elapsed time for households 17.6265 sec
Iteration 145
Elapsed time for kappa 31.1430 sec
Elapsed time for experts 21.9884 sec
Elapsed time for households 16.2697 sec
Iteration 146
Elapsed time for kappa 39.3530 sec
Elapsed time for experts 20.9384 sec
Elapsed time for households 16.2859 sec
Iteration 147
Elapsed time for kappa 30.8693 sec
Elapsed time for experts 17.9484 sec
Elapsed time for households 16.9876 sec
Iteration 148
Elapsed time for kappa 30.6470 sec
Elapsed time for experts 18.1639 sec
Elapsed time for households 17.4410 sec
Iteration 149
Elapsed time for kappa 30.4713 sec
Elapsed time for experts 17.3378 sec
Elapsed time for households 17.3618 sec
Iteration 150
Elapsed time for kappa 30.7984 sec
Elapsed time for experts 19.7687 sec
Elapsed time for households 17.9101 sec
Iteration 151
Elapsed time for kappa 30.4429 sec
Elapsed time for experts 17.0669 sec
Elapsed time for households 15.3645 sec
Iteration 152
Elapsed time for kappa 37.4541 sec
Elapsed time for experts 19.2283 sec
Elapsed time for households 16.1976 sec
Iteration 153
Elapsed time for kappa 32.8728 sec
Elapsed time for experts 20.0145 sec
Elapsed time for households 16.7879 sec
Iteration 154
Elapsed time for kappa 30.8642 sec
Elapsed time for experts 18.4146 sec
Elapsed time for households 16.8951 sec
Iteration 155
Elapsed time for kappa 31.2066 sec
Elapsed time for experts 21.6988 sec
Elapsed time for households 17.5239 sec
Iteration 156
Elapsed time for kappa 30.4519 sec
Elapsed time for experts 21.3041 sec
Elapsed time for households 16.1987 sec
Iteration 157
Elapsed time for kappa 29.8398 sec
Elapsed time for experts 18.7930 sec
Elapsed time for households 21.8311 sec
Iteration 158
Elapsed time for kappa 32.8391 sec
Elapsed time for experts 19.6830 sec
Elapsed time for households 16.7890 sec
Iteration 159
Elapsed time for kappa 31.9710 sec
Elapsed time for experts 20.4567 sec
Elapsed time for households 19.1543 sec
Iteration 160
Elapsed time for kappa 30.9350 sec
Elapsed time for experts 19.4446 sec
Elapsed time for households 16.3469 sec
Iteration 161
Elapsed time for kappa 30.3969 sec
Elapsed time for experts 18.3731 sec
Elapsed time for households 16.2450 sec
Iteration 162
Elapsed time for kappa 31.1423 sec
Elapsed time for experts 19.0833 sec
Elapsed time for households 16.3123 sec
Iteration 163
Elapsed time for kappa 29.1192 sec
Elapsed time for experts 17.3675 sec
Elapsed time for households 16.1799 sec
Iteration 164
Elapsed time for kappa 41.3268 sec
Elapsed time for experts 18.9281 sec
Elapsed time for households 17.3701 sec
Iteration 165
Elapsed time for kappa 31.1377 sec
Elapsed time for experts 18.4283 sec
Elapsed time for households 16.8636 sec
Iteration 166
Elapsed time for kappa 31.3593 sec
Elapsed time for experts 19.1481 sec
Elapsed time for households 16.6949 sec
Iteration 167
Elapsed time for kappa 30.4017 sec
Elapsed time for experts 18.7480 sec
Elapsed time for households 17.2382 sec
Iteration 168
Elapsed time for kappa 30.0250 sec
Elapsed time for experts 16.8007 sec
Elapsed time for households 15.8464 sec
Iteration 169
Elapsed time for kappa 30.7963 sec
Elapsed time for experts 17.6511 sec
Elapsed time for households 22.3618 sec
Iteration 170
Elapsed time for kappa 31.8504 sec
Elapsed time for experts 19.4530 sec
Elapsed time for households 15.9011 sec
Iteration 171
Elapsed time for kappa 31.3059 sec
Elapsed time for experts 17.9203 sec
Elapsed time for households 17.9707 sec
Iteration 172
Elapsed time for kappa 31.9887 sec
Elapsed time for experts 22.5648 sec
Elapsed time for households 16.3626 sec
Iteration 173
Elapsed time for kappa 31.1154 sec
Elapsed time for experts 21.0542 sec
Elapsed time for households 15.2261 sec
Iteration 174
Elapsed time for kappa 30.2348 sec
Elapsed time for experts 18.1262 sec
Elapsed time for households 16.9375 sec
Iteration 175
Elapsed time for kappa 30.2506 sec
Elapsed time for experts 25.6541 sec
Elapsed time for households 16.1704 sec
Iteration 176
Elapsed time for kappa 38.0791 sec
Elapsed time for experts 18.0602 sec
Elapsed time for households 17.0398 sec
Iteration 177
Elapsed time for kappa 34.3431 sec
Elapsed time for experts 24.6729 sec
Elapsed time for households 17.5006 sec
Iteration 178
Elapsed time for kappa 32.1642 sec
Elapsed time for experts 20.0496 sec
Elapsed time for households 16.0143 sec
Iteration 179
Elapsed time for kappa 30.7288 sec
Elapsed time for experts 20.4606 sec
Elapsed time for households 18.1671 sec
Iteration 180
Elapsed time for kappa 31.1316 sec
Elapsed time for experts 19.6003 sec
Elapsed time for households 16.9752 sec
Iteration 181
Elapsed time for kappa 30.7256 sec
Elapsed time for experts 16.9179 sec
Elapsed time for households 15.6931 sec
Iteration 182
Elapsed time for kappa 39.0035 sec
Elapsed time for experts 18.0523 sec
Elapsed time for households 16.7212 sec
Iteration 183
Elapsed time for kappa 32.7453 sec
Elapsed time for experts 22.7740 sec
Elapsed time for households 16.9058 sec
Iteration 184
Elapsed time for kappa 31.4293 sec
Elapsed time for experts 21.1123 sec
Elapsed time for households 16.7517 sec
Iteration 185
Elapsed time for kappa 30.4966 sec
Elapsed time for experts 19.1019 sec
Elapsed time for households 17.0370 sec
Iteration 186
Elapsed time for kappa 30.0018 sec
Elapsed time for experts 18.9713 sec
Elapsed time for households 16.4507 sec
Iteration 187
Elapsed time for kappa 29.3755 sec
Elapsed time for experts 17.9256 sec
Elapsed time for households 24.0821 sec
Iteration 188
Elapsed time for kappa 35.1783 sec
Elapsed time for experts 18.4911 sec
Elapsed time for households 17.4297 sec
Iteration 189
Elapsed time for kappa 32.1882 sec
Elapsed time for experts 20.9493 sec
Elapsed time for households 17.2053 sec
Iteration 190
Elapsed time for kappa 32.2282 sec
Elapsed time for experts 19.9292 sec
Elapsed time for households 17.2802 sec
Iteration 191
Elapsed time for kappa 31.3535 sec
Elapsed time for experts 17.7231 sec
Elapsed time for households 17.0372 sec
Iteration 192
Elapsed time for kappa 31.1119 sec
Elapsed time for experts 17.2022 sec
Elapsed time for households 16.2972 sec
Iteration 193
Elapsed time for kappa 29.5650 sec
Elapsed time for experts 21.9573 sec
Elapsed time for households 15.7816 sec
Iteration 194
Elapsed time for kappa 38.4733 sec
Elapsed time for experts 27.1274 sec
Elapsed time for households 19.8648 sec
Iteration 195
Elapsed time for kappa 31.5004 sec
Elapsed time for experts 22.1131 sec
Elapsed time for households 16.8523 sec
Iteration 196
Elapsed time for kappa 31.1899 sec
Elapsed time for experts 19.9290 sec
Elapsed time for households 16.1606 sec
Iteration 197
Elapsed time for kappa 30.7507 sec
Elapsed time for experts 22.0824 sec
Elapsed time for households 16.3535 sec
Iteration 198
Elapsed time for kappa 30.1030 sec
Elapsed time for experts 17.4063 sec
Elapsed time for households 16.2772 sec
Iteration 199
Elapsed time for kappa 31.1446 sec
Elapsed time for experts 18.0490 sec
Elapsed time for households 22.6374 sec
Iteration 200
Elapsed time for kappa 31.4889 sec
Elapsed time for experts 22.9978 sec
Elapsed time for households 16.5291 sec
Iteration 201
Elapsed time for kappa 31.3008 sec
Elapsed time for experts 18.1939 sec
Elapsed time for households 16.0538 sec
Iteration 202
Elapsed time for kappa 30.7496 sec
Elapsed time for experts 19.9186 sec
Elapsed time for households 16.8831 sec
Iteration 203
Elapsed time for kappa 30.5675 sec
Elapsed time for experts 17.3758 sec
Elapsed time for households 15.5810 sec
Iteration 204
Elapsed time for kappa 29.8646 sec
Elapsed time for experts 22.1746 sec
Elapsed time for households 17.5948 sec
Iteration 205
Elapsed time for kappa 29.7265 sec
Elapsed time for experts 25.1932 sec
Elapsed time for households 16.7692 sec
Iteration 206
Elapsed time for kappa 38.2244 sec
Elapsed time for experts 19.3615 sec
Elapsed time for households 16.5577 sec
Iteration 207
Elapsed time for kappa 31.2829 sec
Elapsed time for experts 18.4971 sec
Elapsed time for households 15.9712 sec
Iteration 208
Elapsed time for kappa 32.0728 sec
Elapsed time for experts 18.2644 sec
Elapsed time for households 17.7287 sec
Iteration 209
Elapsed time for kappa 30.5776 sec
Elapsed time for experts 18.7028 sec
Elapsed time for households 16.3878 sec
Iteration 210
Elapsed time for kappa 31.4014 sec
Elapsed time for experts 18.9600 sec
Elapsed time for households 15.7178 sec
Iteration 211
Elapsed time for kappa 29.9174 sec
Elapsed time for experts 17.4627 sec
Elapsed time for households 21.5806 sec
Iteration 212
Elapsed time for kappa 32.3562 sec
Elapsed time for experts 19.7746 sec
Elapsed time for households 16.7858 sec
Iteration 213
Elapsed time for kappa 31.3693 sec
Elapsed time for experts 17.0461 sec
Elapsed time for households 16.4452 sec
Iteration 214
Elapsed time for kappa 31.0110 sec
Elapsed time for experts 17.7451 sec
Elapsed time for households 16.3358 sec
Iteration 215
Elapsed time for kappa 30.0161 sec
Elapsed time for experts 22.4733 sec
Elapsed time for households 17.0241 sec
Iteration 216
Elapsed time for kappa 29.7045 sec
Elapsed time for experts 17.3374 sec
Elapsed time for households 16.4862 sec
Iteration 217
Elapsed time for kappa 29.4718 sec
Elapsed time for experts 21.3646 sec
Elapsed time for households 16.8856 sec
Iteration 218
Elapsed time for kappa 38.8226 sec
Elapsed time for experts 17.5273 sec
Elapsed time for households 16.3771 sec
Iteration 219
Elapsed time for kappa 30.9225 sec
Elapsed time for experts 18.7620 sec
Elapsed time for households 16.3978 sec
Iteration 220
Elapsed time for kappa 30.9797 sec
Elapsed time for experts 19.4527 sec
Elapsed time for households 17.3729 sec
Iteration 221
Elapsed time for kappa 31.1154 sec
Elapsed time for experts 17.9759 sec
Elapsed time for households 17.4838 sec
Iteration 222
Elapsed time for kappa 29.8764 sec
Elapsed time for experts 19.0147 sec
Elapsed time for households 16.6424 sec
Iteration 223
Elapsed time for kappa 33.4344 sec
Elapsed time for experts 19.9516 sec
Elapsed time for households 18.2828 sec
Iteration 224
Elapsed time for kappa 38.7439 sec
Elapsed time for experts 17.5960 sec
Elapsed time for households 16.9164 sec
Iteration 225
Elapsed time for kappa 32.6153 sec
Elapsed time for experts 19.1103 sec
Elapsed time for households 15.9211 sec
Iteration 226
Elapsed time for kappa 31.6374 sec
Elapsed time for experts 17.8567 sec
Elapsed time for households 16.4792 sec
Iteration 227
Elapsed time for kappa 31.9679 sec
Elapsed time for experts 18.7264 sec
Elapsed time for households 16.1549 sec
Iteration 228
Elapsed time for kappa 30.5665 sec
Elapsed time for experts 23.5006 sec
Elapsed time for households 17.0054 sec
Iteration 229
Elapsed time for kappa 29.5123 sec
Elapsed time for experts 11.7645 sec
Elapsed time for households 22.3566 sec
Iteration 230
Elapsed time for kappa 31.6919 sec
Elapsed time for experts 19.0541 sec
Elapsed time for households 16.2009 sec
Iteration 231
Elapsed time for kappa 31.2530 sec
Elapsed time for experts 18.5782 sec
Elapsed time for households 16.2918 sec
Iteration 232
Elapsed time for kappa 35.3787 sec
Elapsed time for experts 18.2153 sec
Elapsed time for households 16.9933 sec
Iteration 233
Elapsed time for kappa 31.7922 sec
Elapsed time for experts 19.1745 sec
Elapsed time for households 15.1993 sec
Iteration 234
Elapsed time for kappa 30.2756 sec
Elapsed time for experts 17.8060 sec
Elapsed time for households 16.1458 sec
Iteration 235
Elapsed time for kappa 30.0320 sec
Elapsed time for experts 19.4908 sec
Elapsed time for households 16.1995 sec
Iteration 236
Elapsed time for kappa 38.7608 sec
Elapsed time for experts 18.6168 sec
Elapsed time for households 16.6175 sec
Iteration 237
Elapsed time for kappa 34.0532 sec
Elapsed time for experts 19.9559 sec
Elapsed time for households 16.5099 sec
Iteration 238
Elapsed time for kappa 31.5647 sec
Elapsed time for experts 18.4010 sec
Elapsed time for households 15.8718 sec
Iteration 239
Elapsed time for kappa 30.9194 sec
Elapsed time for experts 17.5050 sec
Elapsed time for households 16.8008 sec
Iteration 240
Elapsed time for kappa 33.9206 sec
Elapsed time for experts 23.9505 sec
Elapsed time for households 16.1602 sec
Iteration 241
Elapsed time for kappa 31.3308 sec
Elapsed time for experts 17.6264 sec
Elapsed time for households 22.3401 sec
Iteration 242
Elapsed time for kappa 36.3138 sec
Elapsed time for experts 20.1525 sec
Elapsed time for households 17.3452 sec
Iteration 243
Elapsed time for kappa 31.3838 sec
Elapsed time for experts 18.9894 sec
Elapsed time for households 16.0363 sec
Iteration 244
Elapsed time for kappa 32.5383 sec
Elapsed time for experts 22.8631 sec
Elapsed time for households 16.4263 sec
Iteration 245
Elapsed time for kappa 30.4081 sec
Elapsed time for experts 18.6152 sec
Elapsed time for households 16.2348 sec
Iteration 246
Elapsed time for kappa 30.8037 sec
Elapsed time for experts 18.0173 sec
Elapsed time for households 15.7502 sec
Iteration 247
Elapsed time for kappa 30.3482 sec
Elapsed time for experts 18.7173 sec
Elapsed time for households 16.6954 sec
Iteration 248
Elapsed time for kappa 39.5728 sec
Elapsed time for experts 19.1219 sec
Elapsed time for households 16.8870 sec
Iteration 249
Elapsed time for kappa 33.0837 sec
Elapsed time for experts 19.5293 sec
Elapsed time for households 16.2826 sec
Iteration 250
Elapsed time for kappa 32.5281 sec
Elapsed time for experts 21.0647 sec
Elapsed time for households 17.7717 sec
Iteration 251
Elapsed time for kappa 31.4478 sec
Elapsed time for experts 19.1051 sec
Elapsed time for households 16.4406 sec
Iteration 252
Elapsed time for kappa 30.4619 sec
Elapsed time for experts 18.3598 sec
Elapsed time for households 16.6993 sec
Iteration 253
Elapsed time for kappa 30.4180 sec
Elapsed time for experts 16.9819 sec
Elapsed time for households 21.9450 sec
Iteration 254
Elapsed time for kappa 35.0374 sec
Elapsed time for experts 19.3973 sec
Elapsed time for households 17.1569 sec
Iteration 255
Elapsed time for kappa 31.0708 sec
Elapsed time for experts 20.1552 sec
Elapsed time for households 16.7461 sec
Iteration 256
Elapsed time for kappa 31.1121 sec
Elapsed time for experts 19.9320 sec
Elapsed time for households 17.1637 sec
Iteration 257
Elapsed time for kappa 30.9159 sec
Elapsed time for experts 19.9885 sec
Elapsed time for households 15.8771 sec
Iteration 258
Elapsed time for kappa 29.6941 sec
Elapsed time for experts 17.3834 sec
Elapsed time for households 15.4146 sec
Iteration 259
Elapsed time for kappa 31.4872 sec
Elapsed time for experts 18.4214 sec
Elapsed time for households 15.9034 sec
Iteration 260
Elapsed time for kappa 39.2376 sec
Elapsed time for experts 21.7502 sec
Elapsed time for households 16.9427 sec
Iteration 261
Elapsed time for kappa 31.3462 sec
Elapsed time for experts 18.9615 sec
Elapsed time for households 16.6280 sec
Iteration 262
Elapsed time for kappa 31.9232 sec
Elapsed time for experts 19.3523 sec
Elapsed time for households 15.4780 sec
Iteration 263
Elapsed time for kappa 31.3134 sec
Elapsed time for experts 18.6351 sec
Elapsed time for households 17.0901 sec
Iteration 264
Elapsed time for kappa 30.4799 sec
Elapsed time for experts 18.4683 sec
Elapsed time for households 16.1600 sec
Iteration 265
Elapsed time for kappa 29.6280 sec
Elapsed time for experts 19.4747 sec
Elapsed time for households 17.1576 sec
Iteration 266
Elapsed time for kappa 37.9095 sec
Elapsed time for experts 21.0245 sec
Elapsed time for households 17.6514 sec
Iteration 267
Elapsed time for kappa 31.1096 sec
Elapsed time for experts 19.2193 sec
Elapsed time for households 15.6124 sec
Iteration 268
Elapsed time for kappa 31.3095 sec
Elapsed time for experts 16.9964 sec
Elapsed time for households 16.1533 sec
Iteration 269
Elapsed time for kappa 31.1065 sec
Elapsed time for experts 17.6488 sec
Elapsed time for households 16.7602 sec
Iteration 270
Elapsed time for kappa 30.5747 sec
Elapsed time for experts 21.6770 sec
Elapsed time for households 19.0017 sec
Iteration 271
Elapsed time for kappa 33.7346 sec
Elapsed time for experts 19.0115 sec
Elapsed time for households 22.7880 sec
Iteration 272
Elapsed time for kappa 32.1423 sec
Elapsed time for experts 19.1317 sec
Elapsed time for households 17.6372 sec
Iteration 273
Elapsed time for kappa 31.9821 sec
Elapsed time for experts 17.5028 sec
Elapsed time for households 17.5530 sec
Iteration 274
Elapsed time for kappa 31.6831 sec
Elapsed time for experts 20.7373 sec
Elapsed time for households 16.9869 sec
Iteration 275
Elapsed time for kappa 30.6957 sec
Elapsed time for experts 18.8393 sec
Elapsed time for households 16.0664 sec
Iteration 276
Elapsed time for kappa 29.7179 sec
Elapsed time for experts 17.4185 sec
Elapsed time for households 15.9291 sec
Iteration 277
Elapsed time for kappa 29.6593 sec
Elapsed time for experts 16.5599 sec
Elapsed time for households 15.7879 sec
Iteration 278
Elapsed time for kappa 40.5972 sec
Elapsed time for experts 23.3074 sec
Elapsed time for households 17.3355 sec
Iteration 279
Elapsed time for kappa 31.0168 sec
Elapsed time for experts 19.2079 sec
Elapsed time for households 16.5851 sec
Iteration 280
Elapsed time for kappa 32.0765 sec
Elapsed time for experts 18.8210 sec
Elapsed time for households 17.4499 sec
Iteration 281
Elapsed time for kappa 31.3539 sec
Elapsed time for experts 19.1308 sec
Elapsed time for households 17.4016 sec
Iteration 282
Elapsed time for kappa 34.1202 sec
Elapsed time for experts 22.5312 sec
Elapsed time for households 19.0208 sec
Iteration 283
Elapsed time for kappa 30.1531 sec
Elapsed time for experts 17.6525 sec
Elapsed time for households 22.3157 sec
Iteration 284
Elapsed time for kappa 33.0452 sec
Elapsed time for experts 18.4478 sec
Elapsed time for households 17.6339 sec
Iteration 285
Elapsed time for kappa 31.8916 sec
Elapsed time for experts 21.1201 sec
Elapsed time for households 15.5058 sec
Iteration 286
Elapsed time for kappa 31.8974 sec
Elapsed time for experts 20.6092 sec
Elapsed time for households 15.8505 sec
Iteration 287
Elapsed time for kappa 31.2160 sec
Elapsed time for experts 19.2981 sec
Elapsed time for households 15.8981 sec
Iteration 288
Elapsed time for kappa 30.2683 sec
Elapsed time for experts 17.0688 sec
Elapsed time for households 16.2909 sec
Iteration 289
Elapsed time for kappa 30.3201 sec
Elapsed time for experts 17.7477 sec
Elapsed time for households 15.3012 sec
Iteration 290
Elapsed time for kappa 39.1637 sec
Elapsed time for experts 17.8618 sec
Elapsed time for households 16.2322 sec
Iteration 291
Elapsed time for kappa 31.5309 sec
Elapsed time for experts 18.9309 sec
Elapsed time for households 16.7535 sec
Iteration 292
Elapsed time for kappa 31.5949 sec
Elapsed time for experts 19.0417 sec
Elapsed time for households 17.3023 sec
Iteration 293
Elapsed time for kappa 31.0409 sec
Elapsed time for experts 18.4973 sec
Elapsed time for households 16.6208 sec
Iteration 294
Elapsed time for kappa 30.6240 sec
Elapsed time for experts 21.5351 sec
Elapsed time for households 16.3816 sec
Iteration 295
Elapsed time for kappa 33.4204 sec
Elapsed time for experts 21.7970 sec
Elapsed time for households 17.1634 sec
Iteration 296
Elapsed time for kappa 38.8004 sec
Elapsed time for experts 20.3326 sec
Elapsed time for households 17.1473 sec
Iteration 297
Elapsed time for kappa 31.9500 sec
Elapsed time for experts 19.3573 sec
Elapsed time for households 16.3625 sec
Iteration 298
Elapsed time for kappa 31.5507 sec
Elapsed time for experts 19.1174 sec
Elapsed time for households 16.6354 sec
Iteration 299
Elapsed time for kappa 32.1156 sec
Elapsed time for experts 18.5352 sec
Elapsed time for households 17.7569 sec
Elapsed time for training 20695.0002 sec
90000 90000 90000 90000
