Iteration 0
Elapsed time for kappa 67.1452 sec
Elapsed time for experts 18.4373 sec
Elapsed time for households 14.5860 sec
Iteration 1
Elapsed time for kappa 33.2734 sec
Elapsed time for experts 12.5757 sec
Elapsed time for households 12.0499 sec
Iteration 2
Elapsed time for kappa 32.9770 sec
Elapsed time for experts 15.2403 sec
Elapsed time for households 12.1525 sec
Iteration 3
Elapsed time for kappa 32.8929 sec
Elapsed time for experts 12.0896 sec
Elapsed time for households 11.8954 sec
Iteration 4
Elapsed time for kappa 33.2596 sec
Elapsed time for experts 12.1512 sec
Elapsed time for households 10.7067 sec
Iteration 5
Elapsed time for kappa 31.5101 sec
Elapsed time for experts 11.3691 sec
Elapsed time for households 10.8789 sec
Iteration 6
Elapsed time for kappa 33.3017 sec
Elapsed time for experts 12.2124 sec
Elapsed time for households 10.4152 sec
Iteration 7
Elapsed time for kappa 31.5442 sec
Elapsed time for experts 11.2295 sec
Elapsed time for households 10.1251 sec
Iteration 8
Elapsed time for kappa 33.3360 sec
Elapsed time for experts 19.1943 sec
Elapsed time for households 11.5755 sec
Iteration 9
Elapsed time for kappa 33.8293 sec
Elapsed time for experts 12.1944 sec
Elapsed time for households 11.2109 sec
Iteration 10
Elapsed time for kappa 33.3657 sec
Elapsed time for experts 11.8318 sec
Elapsed time for households 10.9830 sec
Iteration 11
Elapsed time for kappa 32.2874 sec
Elapsed time for experts 11.2234 sec
Elapsed time for households 10.2466 sec
Iteration 12
Elapsed time for kappa 32.6024 sec
Elapsed time for experts 11.8774 sec
Elapsed time for households 10.8091 sec
Iteration 13
Elapsed time for kappa 33.1194 sec
Elapsed time for experts 11.2588 sec
Elapsed time for households 10.1096 sec
Iteration 14
Elapsed time for kappa 31.3782 sec
Elapsed time for experts 19.1689 sec
Elapsed time for households 11.2223 sec
Iteration 15
Elapsed time for kappa 34.2652 sec
Elapsed time for experts 12.3577 sec
Elapsed time for households 11.0126 sec
Iteration 16
Elapsed time for kappa 33.7674 sec
Elapsed time for experts 12.3605 sec
Elapsed time for households 10.8717 sec
Iteration 17
Elapsed time for kappa 33.1714 sec
Elapsed time for experts 11.4732 sec
Elapsed time for households 10.7173 sec
Iteration 18
Elapsed time for kappa 31.3845 sec
Elapsed time for experts 11.2886 sec
Elapsed time for households 10.7498 sec
Iteration 19
Elapsed time for kappa 32.9692 sec
Elapsed time for experts 12.1184 sec
Elapsed time for households 10.2289 sec
Iteration 20
Elapsed time for kappa 38.9958 sec
Elapsed time for experts 12.8454 sec
Elapsed time for households 11.4799 sec
Iteration 21
Elapsed time for kappa 33.8646 sec
Elapsed time for experts 12.6884 sec
Elapsed time for households 11.1890 sec
Iteration 22
Elapsed time for kappa 33.7843 sec
Elapsed time for experts 12.4652 sec
Elapsed time for households 11.1882 sec
Iteration 23
Elapsed time for kappa 33.3526 sec
Elapsed time for experts 12.2492 sec
Elapsed time for households 10.9574 sec
Iteration 24
Elapsed time for kappa 33.0545 sec
Elapsed time for experts 12.2019 sec
Elapsed time for households 10.7842 sec
Iteration 25
Elapsed time for kappa 31.2210 sec
Elapsed time for experts 11.2010 sec
Elapsed time for households 10.6730 sec
Iteration 26
Elapsed time for kappa 41.6041 sec
Elapsed time for experts 13.2808 sec
Elapsed time for households 11.5444 sec
Iteration 27
Elapsed time for kappa 33.6389 sec
Elapsed time for experts 11.6212 sec
Elapsed time for households 10.5295 sec
Iteration 28
Elapsed time for kappa 33.6381 sec
Elapsed time for experts 12.2558 sec
Elapsed time for households 11.0535 sec
Iteration 29
Elapsed time for kappa 33.4081 sec
Elapsed time for experts 12.1821 sec
Elapsed time for households 11.0476 sec
Iteration 30
Elapsed time for kappa 32.3180 sec
Elapsed time for experts 11.9095 sec
Elapsed time for households 10.9188 sec
Iteration 31
Elapsed time for kappa 33.1118 sec
Elapsed time for experts 11.8682 sec
Elapsed time for households 10.9738 sec
Iteration 32
Elapsed time for kappa 41.8936 sec
Elapsed time for experts 13.4693 sec
Elapsed time for households 11.7379 sec
Iteration 33
Elapsed time for kappa 32.6311 sec
Elapsed time for experts 12.0457 sec
Elapsed time for households 11.1884 sec
Iteration 34
Elapsed time for kappa 33.7958 sec
Elapsed time for experts 12.2278 sec
Elapsed time for households 11.1396 sec
Iteration 35
Elapsed time for kappa 31.7660 sec
Elapsed time for experts 11.2002 sec
Elapsed time for households 10.1064 sec
Iteration 36
Elapsed time for kappa 32.5299 sec
Elapsed time for experts 11.9151 sec
Elapsed time for households 10.8265 sec
Iteration 37
Elapsed time for kappa 32.6267 sec
Elapsed time for experts 11.2777 sec
Elapsed time for households 10.2612 sec
Iteration 38
Elapsed time for kappa 41.9063 sec
Elapsed time for experts 13.2023 sec
Elapsed time for households 11.6048 sec
Iteration 39
Elapsed time for kappa 33.9446 sec
Elapsed time for experts 11.5031 sec
Elapsed time for households 10.3273 sec
Iteration 40
Elapsed time for kappa 31.9855 sec
Elapsed time for experts 11.9941 sec
Elapsed time for households 11.0809 sec
Iteration 41
Elapsed time for kappa 33.9068 sec
Elapsed time for experts 11.9351 sec
Elapsed time for households 10.1338 sec
Iteration 42
Elapsed time for kappa 31.2318 sec
Elapsed time for experts 11.5573 sec
Elapsed time for households 10.7398 sec
Iteration 43
Elapsed time for kappa 33.0843 sec
Elapsed time for experts 12.1650 sec
Elapsed time for households 10.9769 sec
Iteration 44
Elapsed time for kappa 42.5109 sec
Elapsed time for experts 13.2110 sec
Elapsed time for households 11.5386 sec
Iteration 45
Elapsed time for kappa 34.7568 sec
Elapsed time for experts 12.4314 sec
Elapsed time for households 11.1130 sec
Iteration 46
Elapsed time for kappa 34.4030 sec
Elapsed time for experts 12.6607 sec
Elapsed time for households 10.9696 sec
Iteration 47
Elapsed time for kappa 34.1897 sec
Elapsed time for experts 12.3442 sec
Elapsed time for households 10.9651 sec
Iteration 48
Elapsed time for kappa 33.3710 sec
Elapsed time for experts 11.7494 sec
Elapsed time for households 10.9476 sec
Iteration 49
Elapsed time for kappa 33.6077 sec
Elapsed time for experts 11.6536 sec
Elapsed time for households 18.2866 sec
Iteration 50
Elapsed time for kappa 35.6036 sec
Elapsed time for experts 12.8025 sec
Elapsed time for households 11.2892 sec
Iteration 51
Elapsed time for kappa 34.6834 sec
Elapsed time for experts 12.3807 sec
Elapsed time for households 11.1169 sec
Iteration 52
Elapsed time for kappa 34.3468 sec
Elapsed time for experts 12.2422 sec
Elapsed time for households 11.0910 sec
Iteration 53
Elapsed time for kappa 33.9356 sec
Elapsed time for experts 11.4031 sec
Elapsed time for households 10.2651 sec
Iteration 54
Elapsed time for kappa 31.7171 sec
Elapsed time for experts 11.4224 sec
Elapsed time for households 10.2147 sec
Iteration 55
Elapsed time for kappa 33.0144 sec
Elapsed time for experts 12.2846 sec
Elapsed time for households 10.7267 sec
Iteration 56
Elapsed time for kappa 42.3190 sec
Elapsed time for experts 11.9480 sec
Elapsed time for households 10.5837 sec
Iteration 57
Elapsed time for kappa 34.3901 sec
Elapsed time for experts 12.4098 sec
Elapsed time for households 11.1417 sec
Iteration 58
Elapsed time for kappa 32.7139 sec
Elapsed time for experts 12.5185 sec
Elapsed time for households 10.3677 sec
Iteration 59
Elapsed time for kappa 31.5521 sec
Elapsed time for experts 12.0539 sec
Elapsed time for households 11.3391 sec
Iteration 60
Elapsed time for kappa 33.7311 sec
Elapsed time for experts 11.7630 sec
Elapsed time for households 10.5923 sec
Iteration 61
Elapsed time for kappa 33.3355 sec
Elapsed time for experts 20.4347 sec
Elapsed time for households 12.5749 sec
Iteration 62
Elapsed time for kappa 35.2108 sec
Elapsed time for experts 12.6328 sec
Elapsed time for households 11.6821 sec
Iteration 63
Elapsed time for kappa 35.0297 sec
Elapsed time for experts 12.9731 sec
Elapsed time for households 11.0749 sec
Iteration 64
Elapsed time for kappa 34.1095 sec
Elapsed time for experts 12.4612 sec
Elapsed time for households 10.9353 sec
Iteration 65
Elapsed time for kappa 33.9734 sec
Elapsed time for experts 12.2870 sec
Elapsed time for households 10.8588 sec
Iteration 66
Elapsed time for kappa 33.5982 sec
Elapsed time for experts 12.2045 sec
Elapsed time for households 10.8166 sec
Iteration 67
Elapsed time for kappa 33.7098 sec
Elapsed time for experts 20.7173 sec
Elapsed time for households 12.3897 sec
Iteration 68
Elapsed time for kappa 34.3522 sec
Elapsed time for experts 11.9535 sec
Elapsed time for households 10.7279 sec
Iteration 69
Elapsed time for kappa 34.1777 sec
Elapsed time for experts 12.6398 sec
Elapsed time for households 11.4634 sec
Iteration 70
Elapsed time for kappa 34.4970 sec
Elapsed time for experts 12.3478 sec
Elapsed time for households 11.3292 sec
Iteration 71
Elapsed time for kappa 33.7049 sec
Elapsed time for experts 12.4149 sec
Elapsed time for households 11.1223 sec
Iteration 72
Elapsed time for kappa 33.4713 sec
Elapsed time for experts 12.3039 sec
Elapsed time for households 11.0637 sec
Iteration 73
Elapsed time for kappa 33.2348 sec
Elapsed time for experts 21.0013 sec
Elapsed time for households 12.4231 sec
Iteration 74
Elapsed time for kappa 35.4707 sec
Elapsed time for experts 13.3955 sec
Elapsed time for households 11.5771 sec
Iteration 75
Elapsed time for kappa 34.6527 sec
Elapsed time for experts 12.6438 sec
Elapsed time for households 10.4003 sec
Iteration 76
Elapsed time for kappa 32.7106 sec
Elapsed time for experts 12.7186 sec
Elapsed time for households 10.5159 sec
Iteration 77
Elapsed time for kappa 31.6041 sec
Elapsed time for experts 11.8736 sec
Elapsed time for households 11.0851 sec
Iteration 78
Elapsed time for kappa 33.3994 sec
Elapsed time for experts 11.4656 sec
Elapsed time for households 11.0532 sec
Iteration 79
Elapsed time for kappa 33.2183 sec
Elapsed time for experts 20.9254 sec
Elapsed time for households 12.0097 sec
Iteration 80
Elapsed time for kappa 35.0452 sec
Elapsed time for experts 12.1908 sec
Elapsed time for households 10.8114 sec
Iteration 81
Elapsed time for kappa 32.5220 sec
Elapsed time for experts 12.3959 sec
Elapsed time for households 11.4989 sec
Iteration 82
Elapsed time for kappa 34.3283 sec
Elapsed time for experts 12.6139 sec
Elapsed time for households 11.3605 sec
Iteration 83
Elapsed time for kappa 34.1701 sec
Elapsed time for experts 12.5921 sec
Elapsed time for households 11.0867 sec
Iteration 84
Elapsed time for kappa 33.6180 sec
Elapsed time for experts 11.6287 sec
Elapsed time for households 10.1766 sec
Iteration 85
Elapsed time for kappa 41.4197 sec
Elapsed time for experts 13.4970 sec
Elapsed time for households 11.9740 sec
Iteration 86
Elapsed time for kappa 34.0553 sec
Elapsed time for experts 13.2497 sec
Elapsed time for households 11.4312 sec
Iteration 87
Elapsed time for kappa 35.1859 sec
Elapsed time for experts 11.7173 sec
Elapsed time for households 10.5429 sec
Iteration 88
Elapsed time for kappa 33.0384 sec
Elapsed time for experts 11.9728 sec
Elapsed time for households 10.3531 sec
Iteration 89
Elapsed time for kappa 31.9765 sec
Elapsed time for experts 12.4538 sec
Elapsed time for households 10.8787 sec
Iteration 90
Elapsed time for kappa 33.5744 sec
Elapsed time for experts 12.3530 sec
Elapsed time for households 10.8344 sec
Iteration 91
Elapsed time for kappa 45.0353 sec
Elapsed time for experts 13.6735 sec
Elapsed time for households 12.3523 sec
Iteration 92
Elapsed time for kappa 33.9715 sec
Elapsed time for experts 11.9755 sec
Elapsed time for households 10.6330 sec
Iteration 93
Elapsed time for kappa 33.4801 sec
Elapsed time for experts 12.5178 sec
Elapsed time for households 11.3127 sec
Iteration 94
Elapsed time for kappa 34.3243 sec
Elapsed time for experts 12.3166 sec
Elapsed time for households 11.2348 sec
Iteration 95
Elapsed time for kappa 33.6414 sec
Elapsed time for experts 12.1130 sec
Elapsed time for households 10.3376 sec
Iteration 96
Elapsed time for kappa 32.9991 sec
Elapsed time for experts 12.2084 sec
Elapsed time for households 11.0717 sec
Iteration 97
Elapsed time for kappa 42.6516 sec
Elapsed time for experts 12.9821 sec
Elapsed time for households 12.1698 sec
Iteration 98
Elapsed time for kappa 34.0712 sec
Elapsed time for experts 12.0744 sec
Elapsed time for households 10.9363 sec
Iteration 99
Elapsed time for kappa 33.9071 sec
Elapsed time for experts 12.5997 sec
Elapsed time for households 11.7324 sec
Iteration 100
Elapsed time for kappa 34.5361 sec
Elapsed time for experts 12.6427 sec
Elapsed time for households 11.4672 sec
Iteration 101
Elapsed time for kappa 33.7809 sec
Elapsed time for experts 12.3825 sec
Elapsed time for households 11.3455 sec
Iteration 102
Elapsed time for kappa 33.5983 sec
Elapsed time for experts 12.2988 sec
Elapsed time for households 11.0292 sec
Iteration 103
Elapsed time for kappa 44.4907 sec
Elapsed time for experts 13.6995 sec
Elapsed time for households 12.1284 sec
Iteration 104
Elapsed time for kappa 35.4767 sec
Elapsed time for experts 13.2826 sec
Elapsed time for households 11.6563 sec
Iteration 105
Elapsed time for kappa 34.5869 sec
Elapsed time for experts 12.8299 sec
Elapsed time for households 11.4632 sec
Iteration 106
Elapsed time for kappa 34.7612 sec
Elapsed time for experts 12.5260 sec
Elapsed time for households 11.3939 sec
Iteration 107
Elapsed time for kappa 34.0388 sec
Elapsed time for experts 12.3030 sec
Elapsed time for households 11.1027 sec
Iteration 108
Elapsed time for kappa 33.4851 sec
Elapsed time for experts 11.9497 sec
Elapsed time for households 11.0689 sec
Iteration 109
Elapsed time for kappa 42.3248 sec
Elapsed time for experts 12.4923 sec
Elapsed time for households 11.1473 sec
Iteration 110
Elapsed time for kappa 34.4327 sec
Elapsed time for experts 13.0995 sec
Elapsed time for households 12.2248 sec
Iteration 111
Elapsed time for kappa 34.8987 sec
Elapsed time for experts 12.9756 sec
Elapsed time for households 11.6339 sec
Iteration 112
Elapsed time for kappa 34.4000 sec
Elapsed time for experts 12.7432 sec
Elapsed time for households 10.7352 sec
Iteration 113
Elapsed time for kappa 32.0554 sec
Elapsed time for experts 12.3098 sec
Elapsed time for households 11.3061 sec
Iteration 114
Elapsed time for kappa 31.7720 sec
Elapsed time for experts 11.5616 sec
Elapsed time for households 11.0993 sec
Iteration 115
Elapsed time for kappa 44.3252 sec
Elapsed time for experts 13.3012 sec
Elapsed time for households 11.1748 sec
Iteration 116
Elapsed time for kappa 35.6731 sec
Elapsed time for experts 13.4537 sec
Elapsed time for households 12.0172 sec
Iteration 117
Elapsed time for kappa 34.9384 sec
Elapsed time for experts 13.0274 sec
Elapsed time for households 11.7257 sec
Iteration 118
Elapsed time for kappa 34.5484 sec
Elapsed time for experts 12.8030 sec
Elapsed time for households 11.4111 sec
Iteration 119
Elapsed time for kappa 34.0982 sec
Elapsed time for experts 12.6344 sec
Elapsed time for households 11.0365 sec
Iteration 120
Elapsed time for kappa 33.9395 sec
Elapsed time for experts 11.5787 sec
Elapsed time for households 19.0285 sec
Iteration 121
Elapsed time for kappa 36.2330 sec
Elapsed time for experts 13.2809 sec
Elapsed time for households 11.7895 sec
Iteration 122
Elapsed time for kappa 35.7937 sec
Elapsed time for experts 13.0065 sec
Elapsed time for households 11.7237 sec
Iteration 123
Elapsed time for kappa 34.9443 sec
Elapsed time for experts 12.4959 sec
Elapsed time for households 11.4180 sec
Iteration 124
Elapsed time for kappa 34.0911 sec
Elapsed time for experts 12.3132 sec
Elapsed time for households 11.1978 sec
Iteration 125
Elapsed time for kappa 33.9329 sec
Elapsed time for experts 12.1810 sec
Elapsed time for households 11.0531 sec
Iteration 126
Elapsed time for kappa 33.3847 sec
Elapsed time for experts 21.7963 sec
Elapsed time for households 13.0395 sec
Iteration 127
Elapsed time for kappa 34.6695 sec
Elapsed time for experts 12.1988 sec
Elapsed time for households 11.3082 sec
Iteration 128
Elapsed time for kappa 33.1366 sec
Elapsed time for experts 12.9139 sec
Elapsed time for households 11.8684 sec
Iteration 129
Elapsed time for kappa 34.9645 sec
Elapsed time for experts 12.9219 sec
Elapsed time for households 11.4467 sec
Iteration 130
Elapsed time for kappa 34.1879 sec
Elapsed time for experts 12.5805 sec
Elapsed time for households 11.4006 sec
Iteration 131
Elapsed time for kappa 33.4731 sec
Elapsed time for experts 12.0672 sec
Elapsed time for households 10.4775 sec
Iteration 132
Elapsed time for kappa 33.6324 sec
Elapsed time for experts 20.0210 sec
Elapsed time for households 11.3826 sec
Iteration 133
Elapsed time for kappa 34.6164 sec
Elapsed time for experts 13.2402 sec
Elapsed time for households 12.2438 sec
Iteration 134
Elapsed time for kappa 35.4938 sec
Elapsed time for experts 13.3136 sec
Elapsed time for households 11.6473 sec
Iteration 135
Elapsed time for kappa 34.9445 sec
Elapsed time for experts 12.8197 sec
Elapsed time for households 11.3058 sec
Iteration 136
Elapsed time for kappa 32.9663 sec
Elapsed time for experts 11.6015 sec
Elapsed time for households 10.3931 sec
Iteration 137
Elapsed time for kappa 31.4830 sec
Elapsed time for experts 11.3759 sec
Elapsed time for households 11.1347 sec
Iteration 138
Elapsed time for kappa 33.1089 sec
Elapsed time for experts 21.5450 sec
Elapsed time for households 12.3808 sec
Iteration 139
Elapsed time for kappa 36.5366 sec
Elapsed time for experts 13.0882 sec
Elapsed time for households 11.9998 sec
Iteration 140
Elapsed time for kappa 35.6472 sec
Elapsed time for experts 13.0091 sec
Elapsed time for households 12.0327 sec
Iteration 141
Elapsed time for kappa 33.9215 sec
Elapsed time for experts 11.7962 sec
Elapsed time for households 10.6968 sec
Iteration 142
Elapsed time for kappa 34.1747 sec
Elapsed time for experts 12.4414 sec
Elapsed time for households 11.4216 sec
Iteration 143
Elapsed time for kappa 33.4111 sec
Elapsed time for experts 11.5366 sec
Elapsed time for households 10.4237 sec
Iteration 144
Elapsed time for kappa 32.6786 sec
Elapsed time for experts 20.3760 sec
Elapsed time for households 11.5152 sec
Iteration 145
Elapsed time for kappa 35.8350 sec
Elapsed time for experts 13.1281 sec
Elapsed time for households 12.1058 sec
Iteration 146
Elapsed time for kappa 34.4115 sec
Elapsed time for experts 12.1869 sec
Elapsed time for households 10.9609 sec
Iteration 147
Elapsed time for kappa 34.9095 sec
Elapsed time for experts 12.8615 sec
Elapsed time for households 10.5451 sec
Iteration 148
Elapsed time for kappa 34.1156 sec
Elapsed time for experts 12.3570 sec
Elapsed time for households 11.4745 sec
Iteration 149
Elapsed time for kappa 33.9801 sec
Elapsed time for experts 12.4321 sec
Elapsed time for households 11.3524 sec
Iteration 150
Elapsed time for kappa 45.5436 sec
Elapsed time for experts 14.4363 sec
Elapsed time for households 12.3774 sec
Iteration 151
Elapsed time for kappa 35.8235 sec
Elapsed time for experts 13.3970 sec
Elapsed time for households 11.1447 sec
Iteration 152
Elapsed time for kappa 33.4438 sec
Elapsed time for experts 12.2538 sec
Elapsed time for households 10.8123 sec
Iteration 153
Elapsed time for kappa 33.8876 sec
Elapsed time for experts 12.9933 sec
Elapsed time for households 11.6380 sec
Iteration 154
Elapsed time for kappa 34.3272 sec
Elapsed time for experts 11.9283 sec
Elapsed time for households 10.6325 sec
Iteration 155
Elapsed time for kappa 33.2028 sec
Elapsed time for experts 11.3122 sec
Elapsed time for households 10.7675 sec
Iteration 156
Elapsed time for kappa 45.6647 sec
Elapsed time for experts 13.1466 sec
Elapsed time for households 11.3382 sec
Iteration 157
Elapsed time for kappa 34.1737 sec
Elapsed time for experts 13.3548 sec
Elapsed time for households 12.0544 sec
Iteration 158
Elapsed time for kappa 35.8412 sec
Elapsed time for experts 12.6993 sec
Elapsed time for households 10.8716 sec
Iteration 159
Elapsed time for kappa 34.0778 sec
Elapsed time for experts 12.9042 sec
Elapsed time for households 11.4822 sec
Iteration 160
Elapsed time for kappa 34.4293 sec
Elapsed time for experts 12.7178 sec
Elapsed time for households 11.5937 sec
Iteration 161
Elapsed time for kappa 33.9867 sec
Elapsed time for experts 12.5035 sec
Elapsed time for households 10.9795 sec
Iteration 162
Elapsed time for kappa 45.9842 sec
Elapsed time for experts 14.0570 sec
Elapsed time for households 12.4499 sec
Iteration 163
Elapsed time for kappa 34.4725 sec
Elapsed time for experts 12.1493 sec
Elapsed time for households 11.1094 sec
Iteration 164
Elapsed time for kappa 33.3923 sec
Elapsed time for experts 12.0522 sec
Elapsed time for households 11.5547 sec
Iteration 165
Elapsed time for kappa 32.9849 sec
Elapsed time for experts 12.6752 sec
Elapsed time for households 11.3523 sec
Iteration 166
Elapsed time for kappa 34.2795 sec
Elapsed time for experts 12.3763 sec
Elapsed time for households 11.2863 sec
Iteration 167
Elapsed time for kappa 34.0417 sec
Elapsed time for experts 12.3346 sec
Elapsed time for households 11.2423 sec
Iteration 168
Elapsed time for kappa 45.5024 sec
Elapsed time for experts 14.2299 sec
Elapsed time for households 12.4405 sec
Iteration 169
Elapsed time for kappa 35.2883 sec
Elapsed time for experts 12.1629 sec
Elapsed time for households 11.1703 sec
Iteration 170
Elapsed time for kappa 33.4143 sec
Elapsed time for experts 12.2294 sec
Elapsed time for households 10.9492 sec
Iteration 171
Elapsed time for kappa 32.6819 sec
Elapsed time for experts 11.9287 sec
Elapsed time for households 10.7317 sec
Iteration 172
Elapsed time for kappa 32.1267 sec
Elapsed time for experts 11.7375 sec
Elapsed time for households 11.1686 sec
Iteration 173
Elapsed time for kappa 33.8542 sec
Elapsed time for experts 12.4839 sec
Elapsed time for households 11.2242 sec
Iteration 174
Elapsed time for kappa 44.9097 sec
Elapsed time for experts 13.9222 sec
Elapsed time for households 12.0486 sec
Iteration 175
Elapsed time for kappa 36.3424 sec
Elapsed time for experts 13.0060 sec
Elapsed time for households 11.9339 sec
Iteration 176
Elapsed time for kappa 35.8414 sec
Elapsed time for experts 12.8811 sec
Elapsed time for households 11.6394 sec
Iteration 177
Elapsed time for kappa 34.5737 sec
Elapsed time for experts 11.8337 sec
Elapsed time for households 10.5084 sec
Iteration 178
Elapsed time for kappa 34.3594 sec
Elapsed time for experts 11.5730 sec
Elapsed time for households 10.2877 sec
Iteration 179
Elapsed time for kappa 31.5475 sec
Elapsed time for experts 11.4249 sec
Elapsed time for households 10.0525 sec
Iteration 180
Elapsed time for kappa 41.9452 sec
Elapsed time for experts 12.5241 sec
Elapsed time for households 11.0688 sec
Iteration 181
Elapsed time for kappa 35.4842 sec
Elapsed time for experts 13.1467 sec
Elapsed time for households 12.3148 sec
Iteration 182
Elapsed time for kappa 36.1382 sec
Elapsed time for experts 12.9531 sec
Elapsed time for households 11.7834 sec
Iteration 183
Elapsed time for kappa 33.9159 sec
Elapsed time for experts 12.6849 sec
Elapsed time for households 11.5471 sec
Iteration 184
Elapsed time for kappa 34.5791 sec
Elapsed time for experts 12.5227 sec
Elapsed time for households 11.5147 sec
Iteration 185
Elapsed time for kappa 33.7038 sec
Elapsed time for experts 12.3350 sec
Elapsed time for households 11.0818 sec
Iteration 186
Elapsed time for kappa 44.1224 sec
Elapsed time for experts 13.7511 sec
Elapsed time for households 12.1152 sec
Iteration 187
Elapsed time for kappa 35.4389 sec
Elapsed time for experts 12.2316 sec
Elapsed time for households 11.4323 sec
Iteration 188
Elapsed time for kappa 35.2489 sec
Elapsed time for experts 13.0351 sec
Elapsed time for households 11.9191 sec
Iteration 189
Elapsed time for kappa 34.8656 sec
Elapsed time for experts 12.0652 sec
Elapsed time for households 11.1185 sec
Iteration 190
Elapsed time for kappa 34.4745 sec
Elapsed time for experts 12.6964 sec
Elapsed time for households 11.2797 sec
Iteration 191
Elapsed time for kappa 33.9161 sec
Elapsed time for experts 21.6224 sec
Elapsed time for households 13.0764 sec
Iteration 192
Elapsed time for kappa 36.9424 sec
Elapsed time for experts 13.3356 sec
Elapsed time for households 12.3525 sec
Iteration 193
Elapsed time for kappa 36.1559 sec
Elapsed time for experts 13.2743 sec
Elapsed time for households 12.2019 sec
Iteration 194
Elapsed time for kappa 35.5189 sec
Elapsed time for experts 13.1188 sec
Elapsed time for households 11.6813 sec
Iteration 195
Elapsed time for kappa 34.7966 sec
Elapsed time for experts 12.8453 sec
Elapsed time for households 11.6150 sec
Iteration 196
Elapsed time for kappa 34.1319 sec
Elapsed time for experts 12.6642 sec
Elapsed time for households 11.2924 sec
Iteration 197
Elapsed time for kappa 31.5763 sec
Elapsed time for experts 11.4411 sec
Elapsed time for households 20.7675 sec
Iteration 198
Elapsed time for kappa 37.3795 sec
Elapsed time for experts 13.2233 sec
Elapsed time for households 11.0305 sec
Iteration 199
Elapsed time for kappa 33.8120 sec
Elapsed time for experts 12.1294 sec
Elapsed time for households 11.0602 sec
Iteration 200
Elapsed time for kappa 33.1389 sec
Elapsed time for experts 12.0479 sec
Elapsed time for households 11.3413 sec
Iteration 201
Elapsed time for kappa 34.6671 sec
Elapsed time for experts 12.9273 sec
Elapsed time for households 10.9319 sec
Iteration 202
Elapsed time for kappa 31.9342 sec
Elapsed time for experts 11.8227 sec
Elapsed time for households 11.3528 sec
Iteration 203
Elapsed time for kappa 33.2303 sec
Elapsed time for experts 11.3148 sec
Elapsed time for households 19.9800 sec
Iteration 204
Elapsed time for kappa 34.2478 sec
Elapsed time for experts 12.5204 sec
Elapsed time for households 11.8760 sec
Iteration 205
Elapsed time for kappa 33.8998 sec
Elapsed time for experts 12.0252 sec
Elapsed time for households 10.9879 sec
Iteration 206
Elapsed time for kappa 35.3012 sec
Elapsed time for experts 13.1148 sec
Elapsed time for households 11.8867 sec
Iteration 207
Elapsed time for kappa 35.1154 sec
Elapsed time for experts 12.9972 sec
Elapsed time for households 11.3554 sec
Iteration 208
Elapsed time for kappa 33.8312 sec
Elapsed time for experts 12.6725 sec
Elapsed time for households 11.1038 sec
Iteration 209
Elapsed time for kappa 33.5977 sec
Elapsed time for experts 12.4950 sec
Elapsed time for households 11.1158 sec
Iteration 210
Elapsed time for kappa 46.2316 sec
Elapsed time for experts 13.7775 sec
Elapsed time for households 12.1926 sec
Iteration 211
Elapsed time for kappa 37.0709 sec
Elapsed time for experts 13.1642 sec
Elapsed time for households 11.9105 sec
Iteration 212
Elapsed time for kappa 34.5960 sec
Elapsed time for experts 12.2961 sec
Elapsed time for households 11.0168 sec
Iteration 213
Elapsed time for kappa 35.5258 sec
Elapsed time for experts 12.7576 sec
Elapsed time for households 11.5680 sec
Iteration 214
Elapsed time for kappa 33.9422 sec
Elapsed time for experts 12.5312 sec
Elapsed time for households 11.4345 sec
Iteration 215
Elapsed time for kappa 34.3890 sec
Elapsed time for experts 12.1505 sec
Elapsed time for households 10.9056 sec
Iteration 216
Elapsed time for kappa 42.5746 sec
Elapsed time for experts 13.5985 sec
Elapsed time for households 12.1266 sec
Iteration 217
Elapsed time for kappa 35.3008 sec
Elapsed time for experts 13.0446 sec
Elapsed time for households 11.8584 sec
Iteration 218
Elapsed time for kappa 35.3578 sec
Elapsed time for experts 12.9744 sec
Elapsed time for households 11.6448 sec
Iteration 219
Elapsed time for kappa 33.6301 sec
Elapsed time for experts 12.7197 sec
Elapsed time for households 11.3870 sec
Iteration 220
Elapsed time for kappa 33.9423 sec
Elapsed time for experts 12.2704 sec
Elapsed time for households 10.8653 sec
Iteration 221
Elapsed time for kappa 31.8566 sec
Elapsed time for experts 19.7090 sec
Elapsed time for households 11.7507 sec
Iteration 222
Elapsed time for kappa 35.8261 sec
Elapsed time for experts 13.2087 sec
Elapsed time for households 12.0942 sec
Iteration 223
Elapsed time for kappa 36.0675 sec
Elapsed time for experts 13.0442 sec
Elapsed time for households 12.0003 sec
Iteration 224
Elapsed time for kappa 34.6395 sec
Elapsed time for experts 12.8123 sec
Elapsed time for households 11.6908 sec
Iteration 225
Elapsed time for kappa 34.2439 sec
Elapsed time for experts 12.5255 sec
Elapsed time for households 10.9527 sec
Iteration 226
Elapsed time for kappa 31.3415 sec
Elapsed time for experts 11.3779 sec
Elapsed time for households 10.2200 sec
Iteration 227
Elapsed time for kappa 32.4384 sec
Elapsed time for experts 11.9362 sec
Elapsed time for households 20.3357 sec
Iteration 228
Elapsed time for kappa 35.2358 sec
Elapsed time for experts 12.3116 sec
Elapsed time for households 11.8907 sec
Iteration 229
Elapsed time for kappa 35.0321 sec
Elapsed time for experts 12.9862 sec
Elapsed time for households 11.6813 sec
Iteration 230
Elapsed time for kappa 34.0708 sec
Elapsed time for experts 11.8633 sec
Elapsed time for households 10.7863 sec
Iteration 231
Elapsed time for kappa 33.4711 sec
Elapsed time for experts 12.6891 sec
Elapsed time for households 11.4630 sec
Iteration 232
Elapsed time for kappa 33.7945 sec
Elapsed time for experts 12.2872 sec
Elapsed time for households 10.4202 sec
Iteration 233
Elapsed time for kappa 31.8546 sec
Elapsed time for experts 11.2046 sec
Elapsed time for households 18.5727 sec
Iteration 234
Elapsed time for kappa 36.2113 sec
Elapsed time for experts 13.0787 sec
Elapsed time for households 11.7159 sec
Iteration 235
Elapsed time for kappa 35.5071 sec
Elapsed time for experts 12.6421 sec
Elapsed time for households 11.6048 sec
Iteration 236
Elapsed time for kappa 35.0104 sec
Elapsed time for experts 12.7912 sec
Elapsed time for households 11.5771 sec
Iteration 237
Elapsed time for kappa 34.4466 sec
Elapsed time for experts 12.7252 sec
Elapsed time for households 11.3167 sec
Iteration 238
Elapsed time for kappa 33.4280 sec
Elapsed time for experts 11.5097 sec
Elapsed time for households 10.2381 sec
Iteration 239
Elapsed time for kappa 32.6137 sec
Elapsed time for experts 11.9377 sec
Elapsed time for households 10.8187 sec
Iteration 240
Elapsed time for kappa 44.3153 sec
Elapsed time for experts 13.5383 sec
Elapsed time for households 11.9982 sec
Iteration 241
Elapsed time for kappa 35.1646 sec
Elapsed time for experts 12.9584 sec
Elapsed time for households 11.5183 sec
Iteration 242
Elapsed time for kappa 32.5483 sec
Elapsed time for experts 12.6883 sec
Elapsed time for households 11.5984 sec
Iteration 243
Elapsed time for kappa 34.0747 sec
Elapsed time for experts 12.6988 sec
Elapsed time for households 11.3239 sec
Iteration 244
Elapsed time for kappa 31.3329 sec
Elapsed time for experts 12.0408 sec
Elapsed time for households 11.0770 sec
Iteration 245
Elapsed time for kappa 31.2305 sec
Elapsed time for experts 11.0891 sec
Elapsed time for households 17.4193 sec
Iteration 246
Elapsed time for kappa 35.3136 sec
Elapsed time for experts 12.9070 sec
Elapsed time for households 11.5669 sec
Iteration 247
Elapsed time for kappa 32.5368 sec
Elapsed time for experts 11.6269 sec
Elapsed time for households 10.4820 sec
Iteration 248
Elapsed time for kappa 33.3856 sec
Elapsed time for experts 12.5778 sec
Elapsed time for households 10.7472 sec
Iteration 249
Elapsed time for kappa 32.4712 sec
Elapsed time for experts 12.2808 sec
Elapsed time for households 11.0928 sec
Iteration 250
Elapsed time for kappa 32.7985 sec
Elapsed time for experts 11.8144 sec
Elapsed time for households 10.8232 sec
Iteration 251
Elapsed time for kappa 33.0118 sec
Elapsed time for experts 11.8168 sec
Elapsed time for households 10.8129 sec
Iteration 252
Elapsed time for kappa 43.0757 sec
Elapsed time for experts 13.0894 sec
Elapsed time for households 10.7679 sec
Iteration 253
Elapsed time for kappa 32.1148 sec
Elapsed time for experts 11.5923 sec
Elapsed time for households 10.5230 sec
Iteration 254
Elapsed time for kappa 33.4213 sec
Elapsed time for experts 12.4532 sec
Elapsed time for households 11.3936 sec
Iteration 255
Elapsed time for kappa 33.4228 sec
Elapsed time for experts 12.3394 sec
Elapsed time for households 11.1430 sec
Iteration 256
Elapsed time for kappa 32.4344 sec
Elapsed time for experts 12.2526 sec
Elapsed time for households 10.8093 sec
Iteration 257
Elapsed time for kappa 32.0730 sec
Elapsed time for experts 11.7582 sec
Elapsed time for households 10.6301 sec
Iteration 258
Elapsed time for kappa 39.4077 sec
Elapsed time for experts 11.8961 sec
Elapsed time for households 10.6301 sec
Iteration 259
Elapsed time for kappa 33.6475 sec
Elapsed time for experts 12.4364 sec
Elapsed time for households 11.2564 sec
Iteration 260
Elapsed time for kappa 33.3592 sec
Elapsed time for experts 12.3473 sec
Elapsed time for households 11.1940 sec
Iteration 261
Elapsed time for kappa 32.4588 sec
Elapsed time for experts 12.2557 sec
Elapsed time for households 11.0978 sec
Iteration 262
Elapsed time for kappa 32.1731 sec
Elapsed time for experts 12.1778 sec
Elapsed time for households 11.1415 sec
Iteration 263
Elapsed time for kappa 30.7623 sec
Elapsed time for experts 18.2511 sec
Elapsed time for households 11.3607 sec
Iteration 264
Elapsed time for kappa 31.6467 sec
Elapsed time for experts 11.7117 sec
Elapsed time for households 11.0634 sec
Iteration 265
Elapsed time for kappa 32.9957 sec
Elapsed time for experts 12.1199 sec
Elapsed time for households 11.0410 sec
Iteration 266
Elapsed time for kappa 31.4591 sec
Elapsed time for experts 12.3035 sec
Elapsed time for households 10.9831 sec
Iteration 267
Elapsed time for kappa 31.4725 sec
Elapsed time for experts 11.1360 sec
Elapsed time for households 10.1331 sec
Iteration 268
Elapsed time for kappa 31.5338 sec
Elapsed time for experts 11.1421 sec
Elapsed time for households 9.8094 sec
Iteration 269
Elapsed time for kappa 31.1292 sec
Elapsed time for experts 11.9706 sec
Elapsed time for households 18.3099 sec
Iteration 270
Elapsed time for kappa 33.6679 sec
Elapsed time for experts 12.6758 sec
Elapsed time for households 11.0331 sec
Iteration 271
Elapsed time for kappa 32.6203 sec
Elapsed time for experts 12.3840 sec
Elapsed time for households 10.8561 sec
Iteration 272
Elapsed time for kappa 32.4220 sec
Elapsed time for experts 12.3238 sec
Elapsed time for households 10.8000 sec
Iteration 273
Elapsed time for kappa 30.6066 sec
Elapsed time for experts 11.0776 sec
Elapsed time for households 9.8869 sec
Iteration 274
Elapsed time for kappa 29.6699 sec
Elapsed time for experts 11.0136 sec
Elapsed time for households 9.8746 sec
Iteration 275
Elapsed time for kappa 30.0022 sec
Elapsed time for experts 11.7415 sec
Elapsed time for households 18.5859 sec
Iteration 276
Elapsed time for kappa 33.5033 sec
Elapsed time for experts 12.6207 sec
Elapsed time for households 11.3307 sec
Iteration 277
Elapsed time for kappa 31.9494 sec
Elapsed time for experts 11.2348 sec
Elapsed time for households 10.0636 sec
Iteration 278
Elapsed time for kappa 30.0629 sec
Elapsed time for experts 11.2355 sec
Elapsed time for households 10.4614 sec
Iteration 279
Elapsed time for kappa 31.4522 sec
Elapsed time for experts 11.7013 sec
Elapsed time for households 9.8914 sec
Iteration 280
Elapsed time for kappa 29.2591 sec
Elapsed time for experts 10.7611 sec
Elapsed time for households 9.6555 sec
Iteration 281
Elapsed time for kappa 29.7186 sec
Elapsed time for experts 10.6721 sec
Elapsed time for households 9.5656 sec
Iteration 282
Elapsed time for kappa 38.3858 sec
Elapsed time for experts 11.6186 sec
Elapsed time for households 10.2727 sec
Iteration 283
Elapsed time for kappa 30.2170 sec
Elapsed time for experts 11.2347 sec
Elapsed time for households 9.9880 sec
Iteration 284
Elapsed time for kappa 30.0834 sec
Elapsed time for experts 10.9791 sec
Elapsed time for households 10.1752 sec
Iteration 285
Elapsed time for kappa 29.7293 sec
Elapsed time for experts 11.0450 sec
Elapsed time for households 9.9240 sec
Iteration 286
Elapsed time for kappa 29.2162 sec
Elapsed time for experts 10.8147 sec
Elapsed time for households 9.6883 sec
Iteration 287
Elapsed time for kappa 28.7611 sec
Elapsed time for experts 10.5939 sec
Elapsed time for households 9.5146 sec
Iteration 288
Elapsed time for kappa 36.5370 sec
Elapsed time for experts 11.3991 sec
Elapsed time for households 10.1847 sec
Iteration 289
Elapsed time for kappa 30.0268 sec
Elapsed time for experts 11.1501 sec
Elapsed time for households 10.0044 sec
Iteration 290
Elapsed time for kappa 29.9714 sec
Elapsed time for experts 11.0585 sec
Elapsed time for households 10.0503 sec
Iteration 291
Elapsed time for kappa 29.5217 sec
Elapsed time for experts 11.0215 sec
Elapsed time for households 9.9181 sec
Iteration 292
Elapsed time for kappa 28.9501 sec
Elapsed time for experts 10.8523 sec
Elapsed time for households 9.6741 sec
Iteration 293
Elapsed time for kappa 28.5901 sec
Elapsed time for experts 10.6938 sec
Elapsed time for households 15.7753 sec
Iteration 294
Elapsed time for kappa 30.4688 sec
Elapsed time for experts 11.4117 sec
Elapsed time for households 10.0390 sec
Iteration 295
Elapsed time for kappa 29.5171 sec
Elapsed time for experts 11.7921 sec
Elapsed time for households 10.4598 sec
Iteration 296
Elapsed time for kappa 30.5190 sec
Elapsed time for experts 11.5329 sec
Elapsed time for households 10.2967 sec
Iteration 297
Elapsed time for kappa 30.1427 sec
Elapsed time for experts 11.2464 sec
Elapsed time for households 10.2039 sec
Iteration 298
Elapsed time for kappa 29.2885 sec
Elapsed time for experts 10.8495 sec
Elapsed time for households 9.6300 sec
Iteration 299
Elapsed time for kappa 28.2310 sec
Elapsed time for experts 10.5465 sec
Elapsed time for households 9.4243 sec
Elapsed time for training 17543.1200 sec
90000 90000 90000 90000
