Iteration 0
Elapsed time for kappa 68.2270 sec
Elapsed time for experts 18.9839 sec
Elapsed time for households 14.7177 sec
Iteration 1
Elapsed time for kappa 31.3449 sec
Elapsed time for experts 13.7804 sec
Elapsed time for households 12.1375 sec
Iteration 2
Elapsed time for kappa 31.1381 sec
Elapsed time for experts 11.7642 sec
Elapsed time for households 10.4849 sec
Iteration 3
Elapsed time for kappa 35.1452 sec
Elapsed time for experts 13.0798 sec
Elapsed time for households 10.5422 sec
Iteration 4
Elapsed time for kappa 31.6434 sec
Elapsed time for experts 12.9395 sec
Elapsed time for households 10.4185 sec
Iteration 5
Elapsed time for kappa 31.1865 sec
Elapsed time for experts 11.5539 sec
Elapsed time for households 10.6370 sec
Iteration 6
Elapsed time for kappa 31.4576 sec
Elapsed time for experts 13.7375 sec
Elapsed time for households 10.4101 sec
Iteration 7
Elapsed time for kappa 31.4947 sec
Elapsed time for experts 12.6239 sec
Elapsed time for households 10.3564 sec
Iteration 8
Elapsed time for kappa 31.0926 sec
Elapsed time for experts 11.8092 sec
Elapsed time for households 16.7335 sec
Iteration 9
Elapsed time for kappa 31.8561 sec
Elapsed time for experts 12.0440 sec
Elapsed time for households 10.4533 sec
Iteration 10
Elapsed time for kappa 31.6957 sec
Elapsed time for experts 12.2862 sec
Elapsed time for households 12.1245 sec
Iteration 11
Elapsed time for kappa 31.4573 sec
Elapsed time for experts 12.5229 sec
Elapsed time for households 10.2225 sec
Iteration 12
Elapsed time for kappa 31.2751 sec
Elapsed time for experts 12.0661 sec
Elapsed time for households 10.2757 sec
Iteration 13
Elapsed time for kappa 31.4384 sec
Elapsed time for experts 12.4209 sec
Elapsed time for households 10.9380 sec
Iteration 14
Elapsed time for kappa 31.5696 sec
Elapsed time for experts 12.4506 sec
Elapsed time for households 10.2886 sec
Iteration 15
Elapsed time for kappa 39.4589 sec
Elapsed time for experts 12.5057 sec
Elapsed time for households 10.3279 sec
Iteration 16
Elapsed time for kappa 32.2159 sec
Elapsed time for experts 13.1483 sec
Elapsed time for households 10.3942 sec
Iteration 17
Elapsed time for kappa 31.5706 sec
Elapsed time for experts 11.6892 sec
Elapsed time for households 10.4571 sec
Iteration 18
Elapsed time for kappa 31.3031 sec
Elapsed time for experts 13.5440 sec
Elapsed time for households 10.6927 sec
Iteration 19
Elapsed time for kappa 31.2154 sec
Elapsed time for experts 11.8876 sec
Elapsed time for households 10.0289 sec
Iteration 20
Elapsed time for kappa 31.0534 sec
Elapsed time for experts 11.3398 sec
Elapsed time for households 16.9730 sec
Iteration 21
Elapsed time for kappa 32.1142 sec
Elapsed time for experts 12.0908 sec
Elapsed time for households 11.1367 sec
Iteration 22
Elapsed time for kappa 31.9770 sec
Elapsed time for experts 11.7756 sec
Elapsed time for households 10.7466 sec
Iteration 23
Elapsed time for kappa 31.5984 sec
Elapsed time for experts 11.5681 sec
Elapsed time for households 10.2711 sec
Iteration 24
Elapsed time for kappa 31.6626 sec
Elapsed time for experts 12.0118 sec
Elapsed time for households 10.4987 sec
Iteration 25
Elapsed time for kappa 31.4531 sec
Elapsed time for experts 12.1452 sec
Elapsed time for households 10.4256 sec
Iteration 26
Elapsed time for kappa 31.1143 sec
Elapsed time for experts 19.2702 sec
Elapsed time for households 10.9400 sec
Iteration 27
Elapsed time for kappa 32.0290 sec
Elapsed time for experts 12.0642 sec
Elapsed time for households 10.8572 sec
Iteration 28
Elapsed time for kappa 31.8436 sec
Elapsed time for experts 12.1046 sec
Elapsed time for households 11.1550 sec
Iteration 29
Elapsed time for kappa 31.5825 sec
Elapsed time for experts 12.2295 sec
Elapsed time for households 10.9093 sec
Iteration 30
Elapsed time for kappa 31.4874 sec
Elapsed time for experts 12.7153 sec
Elapsed time for households 10.6514 sec
Iteration 31
Elapsed time for kappa 31.2596 sec
Elapsed time for experts 12.2414 sec
Elapsed time for households 10.4757 sec
Iteration 32
Elapsed time for kappa 31.6551 sec
Elapsed time for experts 20.0599 sec
Elapsed time for households 11.1873 sec
Iteration 33
Elapsed time for kappa 32.1860 sec
Elapsed time for experts 11.7142 sec
Elapsed time for households 10.7537 sec
Iteration 34
Elapsed time for kappa 32.0101 sec
Elapsed time for experts 12.0973 sec
Elapsed time for households 10.3539 sec
Iteration 35
Elapsed time for kappa 32.2161 sec
Elapsed time for experts 12.9640 sec
Elapsed time for households 10.3142 sec
Iteration 36
Elapsed time for kappa 31.4308 sec
Elapsed time for experts 11.8664 sec
Elapsed time for households 10.1171 sec
Iteration 37
Elapsed time for kappa 31.2829 sec
Elapsed time for experts 12.7774 sec
Elapsed time for households 10.3192 sec
Iteration 38
Elapsed time for kappa 31.3131 sec
Elapsed time for experts 20.0656 sec
Elapsed time for households 11.1638 sec
Iteration 39
Elapsed time for kappa 32.4214 sec
Elapsed time for experts 12.2904 sec
Elapsed time for households 10.5202 sec
Iteration 40
Elapsed time for kappa 32.0725 sec
Elapsed time for experts 12.5734 sec
Elapsed time for households 10.6972 sec
Iteration 41
Elapsed time for kappa 31.5008 sec
Elapsed time for experts 12.2481 sec
Elapsed time for households 10.3528 sec
Iteration 42
Elapsed time for kappa 31.5251 sec
Elapsed time for experts 11.8945 sec
Elapsed time for households 10.4092 sec
Iteration 43
Elapsed time for kappa 31.5893 sec
Elapsed time for experts 12.0354 sec
Elapsed time for households 10.3764 sec
Iteration 44
Elapsed time for kappa 40.2162 sec
Elapsed time for experts 14.4490 sec
Elapsed time for households 11.0073 sec
Iteration 45
Elapsed time for kappa 32.3883 sec
Elapsed time for experts 12.4019 sec
Elapsed time for households 10.8001 sec
Iteration 46
Elapsed time for kappa 32.2845 sec
Elapsed time for experts 12.0889 sec
Elapsed time for households 10.3966 sec
Iteration 47
Elapsed time for kappa 31.7505 sec
Elapsed time for experts 11.5058 sec
Elapsed time for households 10.2907 sec
Iteration 48
Elapsed time for kappa 31.5658 sec
Elapsed time for experts 12.6648 sec
Elapsed time for households 10.3829 sec
Iteration 49
Elapsed time for kappa 31.5867 sec
Elapsed time for experts 12.3165 sec
Elapsed time for households 11.4974 sec
Iteration 50
Elapsed time for kappa 40.7890 sec
Elapsed time for experts 12.9475 sec
Elapsed time for households 10.9548 sec
Iteration 51
Elapsed time for kappa 32.9552 sec
Elapsed time for experts 12.3862 sec
Elapsed time for households 10.8996 sec
Iteration 52
Elapsed time for kappa 32.2055 sec
Elapsed time for experts 13.3568 sec
Elapsed time for households 10.3587 sec
Iteration 53
Elapsed time for kappa 31.7402 sec
Elapsed time for experts 12.3781 sec
Elapsed time for households 10.4225 sec
Iteration 54
Elapsed time for kappa 31.5971 sec
Elapsed time for experts 12.9683 sec
Elapsed time for households 12.4829 sec
Iteration 55
Elapsed time for kappa 31.4560 sec
Elapsed time for experts 11.4968 sec
Elapsed time for households 10.1283 sec
Iteration 56
Elapsed time for kappa 40.7755 sec
Elapsed time for experts 14.9084 sec
Elapsed time for households 11.1610 sec
Iteration 57
Elapsed time for kappa 32.7654 sec
Elapsed time for experts 12.0313 sec
Elapsed time for households 11.5443 sec
Iteration 58
Elapsed time for kappa 32.3697 sec
Elapsed time for experts 12.5080 sec
Elapsed time for households 10.6035 sec
Iteration 59
Elapsed time for kappa 31.7634 sec
Elapsed time for experts 12.0600 sec
Elapsed time for households 11.1790 sec
Iteration 60
Elapsed time for kappa 31.4841 sec
Elapsed time for experts 11.6174 sec
Elapsed time for households 10.3277 sec
Iteration 61
Elapsed time for kappa 31.5310 sec
Elapsed time for experts 11.6280 sec
Elapsed time for households 10.9905 sec
Iteration 62
Elapsed time for kappa 40.6996 sec
Elapsed time for experts 13.5478 sec
Elapsed time for households 10.9416 sec
Iteration 63
Elapsed time for kappa 32.6790 sec
Elapsed time for experts 13.1542 sec
Elapsed time for households 11.0459 sec
Iteration 64
Elapsed time for kappa 32.3889 sec
Elapsed time for experts 13.4573 sec
Elapsed time for households 10.7385 sec
Iteration 65
Elapsed time for kappa 31.8106 sec
Elapsed time for experts 12.0126 sec
Elapsed time for households 10.5262 sec
Iteration 66
Elapsed time for kappa 31.3545 sec
Elapsed time for experts 11.9007 sec
Elapsed time for households 10.5210 sec
Iteration 67
Elapsed time for kappa 31.8187 sec
Elapsed time for experts 11.9840 sec
Elapsed time for households 10.2002 sec
Iteration 68
Elapsed time for kappa 41.3422 sec
Elapsed time for experts 12.7235 sec
Elapsed time for households 11.0305 sec
Iteration 69
Elapsed time for kappa 32.8162 sec
Elapsed time for experts 12.1519 sec
Elapsed time for households 10.9871 sec
Iteration 70
Elapsed time for kappa 32.2310 sec
Elapsed time for experts 12.1718 sec
Elapsed time for households 10.7499 sec
Iteration 71
Elapsed time for kappa 32.1437 sec
Elapsed time for experts 12.4666 sec
Elapsed time for households 10.4291 sec
Iteration 72
Elapsed time for kappa 31.6784 sec
Elapsed time for experts 11.9124 sec
Elapsed time for households 10.9984 sec
Iteration 73
Elapsed time for kappa 31.5240 sec
Elapsed time for experts 12.6050 sec
Elapsed time for households 10.2837 sec
Iteration 74
Elapsed time for kappa 40.5448 sec
Elapsed time for experts 13.1351 sec
Elapsed time for households 11.2977 sec
Iteration 75
Elapsed time for kappa 33.2697 sec
Elapsed time for experts 13.0433 sec
Elapsed time for households 10.7750 sec
Iteration 76
Elapsed time for kappa 32.3109 sec
Elapsed time for experts 12.5341 sec
Elapsed time for households 10.5077 sec
Iteration 77
Elapsed time for kappa 32.0018 sec
Elapsed time for experts 12.2555 sec
Elapsed time for households 11.1180 sec
Iteration 78
Elapsed time for kappa 32.0547 sec
Elapsed time for experts 12.1256 sec
Elapsed time for households 10.2654 sec
Iteration 79
Elapsed time for kappa 31.5096 sec
Elapsed time for experts 12.1134 sec
Elapsed time for households 18.4089 sec
Iteration 80
Elapsed time for kappa 33.6649 sec
Elapsed time for experts 12.7790 sec
Elapsed time for households 10.9667 sec
Iteration 81
Elapsed time for kappa 32.8672 sec
Elapsed time for experts 12.7000 sec
Elapsed time for households 10.6818 sec
Iteration 82
Elapsed time for kappa 32.2945 sec
Elapsed time for experts 11.8341 sec
Elapsed time for households 10.5915 sec
Iteration 83
Elapsed time for kappa 31.8447 sec
Elapsed time for experts 12.5285 sec
Elapsed time for households 10.3371 sec
Iteration 84
Elapsed time for kappa 31.4199 sec
Elapsed time for experts 11.8089 sec
Elapsed time for households 10.2869 sec
Iteration 85
Elapsed time for kappa 31.3619 sec
Elapsed time for experts 12.3860 sec
Elapsed time for households 18.7116 sec
Iteration 86
Elapsed time for kappa 34.0155 sec
Elapsed time for experts 13.1860 sec
Elapsed time for households 10.9121 sec
Iteration 87
Elapsed time for kappa 32.9916 sec
Elapsed time for experts 12.7764 sec
Elapsed time for households 10.9635 sec
Iteration 88
Elapsed time for kappa 32.5117 sec
Elapsed time for experts 12.1625 sec
Elapsed time for households 10.7402 sec
Iteration 89
Elapsed time for kappa 31.9338 sec
Elapsed time for experts 11.9686 sec
Elapsed time for households 10.4652 sec
Iteration 90
Elapsed time for kappa 31.8955 sec
Elapsed time for experts 12.1264 sec
Elapsed time for households 10.3981 sec
Iteration 91
Elapsed time for kappa 31.4743 sec
Elapsed time for experts 11.4807 sec
Elapsed time for households 10.3430 sec
Iteration 92
Elapsed time for kappa 42.0632 sec
Elapsed time for experts 13.2046 sec
Elapsed time for households 11.3138 sec
Iteration 93
Elapsed time for kappa 32.8844 sec
Elapsed time for experts 13.5669 sec
Elapsed time for households 11.3781 sec
Iteration 94
Elapsed time for kappa 32.4779 sec
Elapsed time for experts 12.8696 sec
Elapsed time for households 10.6591 sec
Iteration 95
Elapsed time for kappa 32.2561 sec
Elapsed time for experts 12.2378 sec
Elapsed time for households 10.7149 sec
Iteration 96
Elapsed time for kappa 31.9806 sec
Elapsed time for experts 13.0692 sec
Elapsed time for households 10.4238 sec
Iteration 97
Elapsed time for kappa 31.3271 sec
Elapsed time for experts 11.7775 sec
Elapsed time for households 18.3081 sec
Iteration 98
Elapsed time for kappa 33.8337 sec
Elapsed time for experts 12.4249 sec
Elapsed time for households 11.0381 sec
Iteration 99
Elapsed time for kappa 33.1613 sec
Elapsed time for experts 12.5302 sec
Elapsed time for households 11.0347 sec
Iteration 100
Elapsed time for kappa 32.5402 sec
Elapsed time for experts 13.0313 sec
Elapsed time for households 10.6854 sec
Iteration 101
Elapsed time for kappa 32.2072 sec
Elapsed time for experts 12.5139 sec
Elapsed time for households 10.5518 sec
Iteration 102
Elapsed time for kappa 31.6454 sec
Elapsed time for experts 12.6067 sec
Elapsed time for households 10.3039 sec
Iteration 103
Elapsed time for kappa 31.3853 sec
Elapsed time for experts 20.7416 sec
Elapsed time for households 12.1759 sec
Iteration 104
Elapsed time for kappa 33.9127 sec
Elapsed time for experts 12.2841 sec
Elapsed time for households 11.2529 sec
Iteration 105
Elapsed time for kappa 32.8816 sec
Elapsed time for experts 12.5134 sec
Elapsed time for households 10.9187 sec
Iteration 106
Elapsed time for kappa 32.5559 sec
Elapsed time for experts 12.1106 sec
Elapsed time for households 10.7157 sec
Iteration 107
Elapsed time for kappa 32.1107 sec
Elapsed time for experts 12.2083 sec
Elapsed time for households 10.4608 sec
Iteration 108
Elapsed time for kappa 31.5762 sec
Elapsed time for experts 11.8625 sec
Elapsed time for households 10.4540 sec
Iteration 109
Elapsed time for kappa 31.2086 sec
Elapsed time for experts 20.1651 sec
Elapsed time for households 11.4514 sec
Iteration 110
Elapsed time for kappa 33.6185 sec
Elapsed time for experts 13.5831 sec
Elapsed time for households 11.0679 sec
Iteration 111
Elapsed time for kappa 33.2234 sec
Elapsed time for experts 12.8636 sec
Elapsed time for households 11.0515 sec
Iteration 112
Elapsed time for kappa 32.7015 sec
Elapsed time for experts 12.0993 sec
Elapsed time for households 10.7135 sec
Iteration 113
Elapsed time for kappa 31.8555 sec
Elapsed time for experts 12.5244 sec
Elapsed time for households 10.6600 sec
Iteration 114
Elapsed time for kappa 31.6926 sec
Elapsed time for experts 12.4677 sec
Elapsed time for households 10.2954 sec
Iteration 115
Elapsed time for kappa 31.5253 sec
Elapsed time for experts 20.1375 sec
Elapsed time for households 11.4134 sec
Iteration 116
Elapsed time for kappa 33.6939 sec
Elapsed time for experts 12.9259 sec
Elapsed time for households 11.2723 sec
Iteration 117
Elapsed time for kappa 32.9808 sec
Elapsed time for experts 12.9467 sec
Elapsed time for households 10.8383 sec
Iteration 118
Elapsed time for kappa 32.3118 sec
Elapsed time for experts 12.2590 sec
Elapsed time for households 10.7180 sec
Iteration 119
Elapsed time for kappa 32.2815 sec
Elapsed time for experts 11.8418 sec
Elapsed time for households 10.4552 sec
Iteration 120
Elapsed time for kappa 32.0283 sec
Elapsed time for experts 11.9198 sec
Elapsed time for households 10.2966 sec
Iteration 121
Elapsed time for kappa 31.5693 sec
Elapsed time for experts 21.3426 sec
Elapsed time for households 11.3875 sec
Iteration 122
Elapsed time for kappa 33.6012 sec
Elapsed time for experts 13.0693 sec
Elapsed time for households 11.1376 sec
Iteration 123
Elapsed time for kappa 33.0693 sec
Elapsed time for experts 12.8876 sec
Elapsed time for households 10.8649 sec
Iteration 124
Elapsed time for kappa 32.4351 sec
Elapsed time for experts 11.7318 sec
Elapsed time for households 10.4806 sec
Iteration 125
Elapsed time for kappa 32.0417 sec
Elapsed time for experts 13.1209 sec
Elapsed time for households 10.6000 sec
Iteration 126
Elapsed time for kappa 31.7104 sec
Elapsed time for experts 11.6225 sec
Elapsed time for households 10.2748 sec
Iteration 127
Elapsed time for kappa 41.8787 sec
Elapsed time for experts 13.3595 sec
Elapsed time for households 11.1088 sec
Iteration 128
Elapsed time for kappa 33.1666 sec
Elapsed time for experts 12.1199 sec
Elapsed time for households 11.0359 sec
Iteration 129
Elapsed time for kappa 32.3257 sec
Elapsed time for experts 13.3175 sec
Elapsed time for households 10.8745 sec
Iteration 130
Elapsed time for kappa 31.8522 sec
Elapsed time for experts 13.0105 sec
Elapsed time for households 10.9494 sec
Iteration 131
Elapsed time for kappa 31.6932 sec
Elapsed time for experts 11.9396 sec
Elapsed time for households 10.1543 sec
Iteration 132
Elapsed time for kappa 31.3907 sec
Elapsed time for experts 12.4229 sec
Elapsed time for households 10.2150 sec
Iteration 133
Elapsed time for kappa 40.8295 sec
Elapsed time for experts 12.9854 sec
Elapsed time for households 11.3235 sec
Iteration 134
Elapsed time for kappa 33.3137 sec
Elapsed time for experts 13.3349 sec
Elapsed time for households 10.9023 sec
Iteration 135
Elapsed time for kappa 32.5433 sec
Elapsed time for experts 12.6052 sec
Elapsed time for households 10.6652 sec
Iteration 136
Elapsed time for kappa 32.0877 sec
Elapsed time for experts 12.9344 sec
Elapsed time for households 10.3939 sec
Iteration 137
Elapsed time for kappa 31.4016 sec
Elapsed time for experts 12.5691 sec
Elapsed time for households 10.3013 sec
Iteration 138
Elapsed time for kappa 31.4828 sec
Elapsed time for experts 12.9277 sec
Elapsed time for households 10.2408 sec
Iteration 139
Elapsed time for kappa 40.3630 sec
Elapsed time for experts 13.1308 sec
Elapsed time for households 10.8630 sec
Iteration 140
Elapsed time for kappa 32.5817 sec
Elapsed time for experts 12.8451 sec
Elapsed time for households 10.7149 sec
Iteration 141
Elapsed time for kappa 32.5633 sec
Elapsed time for experts 13.2526 sec
Elapsed time for households 10.6609 sec
Iteration 142
Elapsed time for kappa 32.0033 sec
Elapsed time for experts 11.6409 sec
Elapsed time for households 10.3600 sec
Iteration 143
Elapsed time for kappa 31.3772 sec
Elapsed time for experts 12.2951 sec
Elapsed time for households 10.5765 sec
Iteration 144
Elapsed time for kappa 31.1696 sec
Elapsed time for experts 12.1387 sec
Elapsed time for households 10.1739 sec
Iteration 145
Elapsed time for kappa 40.4098 sec
Elapsed time for experts 12.7431 sec
Elapsed time for households 11.2048 sec
Iteration 146
Elapsed time for kappa 32.4351 sec
Elapsed time for experts 12.5358 sec
Elapsed time for households 10.9790 sec
Iteration 147
Elapsed time for kappa 32.0512 sec
Elapsed time for experts 11.6942 sec
Elapsed time for households 10.5863 sec
Iteration 148
Elapsed time for kappa 31.4547 sec
Elapsed time for experts 12.9403 sec
Elapsed time for households 10.5342 sec
Iteration 149
Elapsed time for kappa 30.4884 sec
Elapsed time for experts 12.6925 sec
Elapsed time for households 10.0123 sec
Iteration 150
Elapsed time for kappa 30.7583 sec
Elapsed time for experts 12.6960 sec
Elapsed time for households 10.4707 sec
Iteration 151
Elapsed time for kappa 39.3849 sec
Elapsed time for experts 13.5765 sec
Elapsed time for households 10.8425 sec
Iteration 152
Elapsed time for kappa 31.6997 sec
Elapsed time for experts 12.7446 sec
Elapsed time for households 10.8415 sec
Iteration 153
Elapsed time for kappa 31.4632 sec
Elapsed time for experts 12.2084 sec
Elapsed time for households 10.4843 sec
Iteration 154
Elapsed time for kappa 30.8091 sec
Elapsed time for experts 12.1164 sec
Elapsed time for households 10.2186 sec
Iteration 155
Elapsed time for kappa 30.3729 sec
Elapsed time for experts 11.6275 sec
Elapsed time for households 9.9614 sec
Iteration 156
Elapsed time for kappa 30.2865 sec
Elapsed time for experts 11.5992 sec
Elapsed time for households 9.7934 sec
Iteration 157
Elapsed time for kappa 38.5033 sec
Elapsed time for experts 13.0823 sec
Elapsed time for households 10.9419 sec
Iteration 158
Elapsed time for kappa 31.5626 sec
Elapsed time for experts 12.2390 sec
Elapsed time for households 10.5955 sec
Iteration 159
Elapsed time for kappa 31.1015 sec
Elapsed time for experts 12.4012 sec
Elapsed time for households 10.4368 sec
Iteration 160
Elapsed time for kappa 30.7638 sec
Elapsed time for experts 11.8117 sec
Elapsed time for households 10.1605 sec
Iteration 161
Elapsed time for kappa 29.9938 sec
Elapsed time for experts 11.8205 sec
Elapsed time for households 9.8701 sec
Iteration 162
Elapsed time for kappa 30.1488 sec
Elapsed time for experts 11.4771 sec
Elapsed time for households 10.0666 sec
Iteration 163
Elapsed time for kappa 37.6362 sec
Elapsed time for experts 11.8933 sec
Elapsed time for households 10.6254 sec
Iteration 164
Elapsed time for kappa 31.0417 sec
Elapsed time for experts 12.1449 sec
Elapsed time for households 10.4554 sec
Iteration 165
Elapsed time for kappa 30.6556 sec
Elapsed time for experts 12.1191 sec
Elapsed time for households 10.3127 sec
Iteration 166
Elapsed time for kappa 30.0842 sec
Elapsed time for experts 11.4289 sec
Elapsed time for households 10.0178 sec
Iteration 167
Elapsed time for kappa 30.1022 sec
Elapsed time for experts 12.0800 sec
Elapsed time for households 10.0395 sec
Iteration 168
Elapsed time for kappa 29.8904 sec
Elapsed time for experts 18.3976 sec
Elapsed time for households 10.9678 sec
Iteration 169
Elapsed time for kappa 31.2403 sec
Elapsed time for experts 12.6401 sec
Elapsed time for households 10.8186 sec
Iteration 170
Elapsed time for kappa 31.6449 sec
Elapsed time for experts 12.3857 sec
Elapsed time for households 10.8256 sec
Iteration 171
Elapsed time for kappa 32.1570 sec
Elapsed time for experts 13.4846 sec
Elapsed time for households 10.4831 sec
Iteration 172
Elapsed time for kappa 30.8435 sec
Elapsed time for experts 12.5564 sec
Elapsed time for households 10.3614 sec
Iteration 173
Elapsed time for kappa 30.3962 sec
Elapsed time for experts 12.6123 sec
Elapsed time for households 10.5333 sec
Iteration 174
Elapsed time for kappa 30.8397 sec
Elapsed time for experts 11.7349 sec
Elapsed time for households 17.0892 sec
Iteration 175
Elapsed time for kappa 31.8766 sec
Elapsed time for experts 12.9246 sec
Elapsed time for households 10.7164 sec
Iteration 176
Elapsed time for kappa 30.6173 sec
Elapsed time for experts 13.1387 sec
Elapsed time for households 11.1554 sec
Iteration 177
Elapsed time for kappa 30.3238 sec
Elapsed time for experts 11.9407 sec
Elapsed time for households 10.7695 sec
Iteration 178
Elapsed time for kappa 30.0406 sec
Elapsed time for experts 11.7967 sec
Elapsed time for households 10.2445 sec
Iteration 179
Elapsed time for kappa 29.4423 sec
Elapsed time for experts 10.9980 sec
Elapsed time for households 9.7709 sec
Iteration 180
Elapsed time for kappa 29.3194 sec
Elapsed time for experts 13.5942 sec
Elapsed time for households 16.6316 sec
Iteration 181
Elapsed time for kappa 30.3549 sec
Elapsed time for experts 12.2192 sec
Elapsed time for households 10.3454 sec
Iteration 182
Elapsed time for kappa 30.4019 sec
Elapsed time for experts 12.9122 sec
Elapsed time for households 10.4500 sec
Iteration 183
Elapsed time for kappa 30.1748 sec
Elapsed time for experts 11.6107 sec
Elapsed time for households 10.1779 sec
Iteration 184
Elapsed time for kappa 29.3186 sec
Elapsed time for experts 11.6984 sec
Elapsed time for households 9.9767 sec
Iteration 185
Elapsed time for kappa 28.8113 sec
Elapsed time for experts 11.9327 sec
Elapsed time for households 9.9164 sec
Iteration 186
Elapsed time for kappa 29.1657 sec
Elapsed time for experts 10.9236 sec
Elapsed time for households 9.7918 sec
Iteration 187
Elapsed time for kappa 36.9995 sec
Elapsed time for experts 12.0029 sec
Elapsed time for households 10.1600 sec
Iteration 188
Elapsed time for kappa 29.9440 sec
Elapsed time for experts 12.8223 sec
Elapsed time for households 10.2765 sec
Iteration 189
Elapsed time for kappa 30.0071 sec
Elapsed time for experts 12.7305 sec
Elapsed time for households 10.4940 sec
Iteration 190
Elapsed time for kappa 29.1930 sec
Elapsed time for experts 11.2703 sec
Elapsed time for households 10.1010 sec
Iteration 191
Elapsed time for kappa 28.8342 sec
Elapsed time for experts 11.8941 sec
Elapsed time for households 10.1684 sec
Iteration 192
Elapsed time for kappa 28.6827 sec
Elapsed time for experts 12.6874 sec
Elapsed time for households 9.8184 sec
Iteration 193
Elapsed time for kappa 35.8221 sec
Elapsed time for experts 11.9485 sec
Elapsed time for households 10.3059 sec
Iteration 194
Elapsed time for kappa 29.8256 sec
Elapsed time for experts 11.6879 sec
Elapsed time for households 10.3291 sec
Iteration 195
Elapsed time for kappa 29.5885 sec
Elapsed time for experts 12.6042 sec
Elapsed time for households 10.1190 sec
Iteration 196
Elapsed time for kappa 29.2994 sec
Elapsed time for experts 12.3545 sec
Elapsed time for households 9.9142 sec
Iteration 197
Elapsed time for kappa 28.7671 sec
Elapsed time for experts 12.2192 sec
Elapsed time for households 9.7549 sec
Iteration 198
Elapsed time for kappa 28.2525 sec
Elapsed time for experts 18.0583 sec
Elapsed time for households 10.5078 sec
Iteration 199
Elapsed time for kappa 29.6867 sec
Elapsed time for experts 12.4434 sec
Elapsed time for households 10.1339 sec
Iteration 200
Elapsed time for kappa 29.5707 sec
Elapsed time for experts 12.4781 sec
Elapsed time for households 10.2918 sec
Iteration 201
Elapsed time for kappa 29.3247 sec
Elapsed time for experts 12.3767 sec
Elapsed time for households 10.1565 sec
Iteration 202
Elapsed time for kappa 28.8358 sec
Elapsed time for experts 11.0486 sec
Elapsed time for households 9.7234 sec
Iteration 203
Elapsed time for kappa 28.2818 sec
Elapsed time for experts 11.5245 sec
Elapsed time for households 9.8341 sec
Iteration 204
Elapsed time for kappa 28.0893 sec
Elapsed time for experts 11.0427 sec
Elapsed time for households 16.1848 sec
Iteration 205
Elapsed time for kappa 30.0446 sec
Elapsed time for experts 12.6177 sec
Elapsed time for households 10.2453 sec
Iteration 206
Elapsed time for kappa 29.8101 sec
Elapsed time for experts 12.4781 sec
Elapsed time for households 10.2010 sec
Iteration 207
Elapsed time for kappa 29.3851 sec
Elapsed time for experts 12.2740 sec
Elapsed time for households 10.0831 sec
Iteration 208
Elapsed time for kappa 28.5941 sec
Elapsed time for experts 11.6802 sec
Elapsed time for households 9.7379 sec
Iteration 209
Elapsed time for kappa 28.3225 sec
Elapsed time for experts 11.1786 sec
Elapsed time for households 9.4965 sec
Iteration 210
Elapsed time for kappa 27.9291 sec
Elapsed time for experts 10.9039 sec
Elapsed time for households 16.2902 sec
Iteration 211
Elapsed time for kappa 30.1318 sec
Elapsed time for experts 12.5180 sec
Elapsed time for households 10.3448 sec
Iteration 212
Elapsed time for kappa 29.8145 sec
Elapsed time for experts 11.9406 sec
Elapsed time for households 10.1804 sec
Iteration 213
Elapsed time for kappa 29.4034 sec
Elapsed time for experts 12.4353 sec
Elapsed time for households 10.3114 sec
Iteration 214
Elapsed time for kappa 29.1166 sec
Elapsed time for experts 11.0886 sec
Elapsed time for households 9.8379 sec
Iteration 215
Elapsed time for kappa 28.8071 sec
Elapsed time for experts 12.7065 sec
Elapsed time for households 9.6793 sec
Iteration 216
Elapsed time for kappa 28.1728 sec
Elapsed time for experts 12.0375 sec
Elapsed time for households 9.4505 sec
Iteration 217
Elapsed time for kappa 36.5566 sec
Elapsed time for experts 11.9877 sec
Elapsed time for households 10.3654 sec
Iteration 218
Elapsed time for kappa 29.7625 sec
Elapsed time for experts 11.3180 sec
Elapsed time for households 10.1771 sec
Iteration 219
Elapsed time for kappa 29.3458 sec
Elapsed time for experts 12.4644 sec
Elapsed time for households 9.9908 sec
Iteration 220
Elapsed time for kappa 28.9469 sec
Elapsed time for experts 11.1207 sec
Elapsed time for households 9.8512 sec
Iteration 221
Elapsed time for kappa 29.0487 sec
Elapsed time for experts 11.7944 sec
Elapsed time for households 9.7580 sec
Iteration 222
Elapsed time for kappa 28.2153 sec
Elapsed time for experts 12.0077 sec
Elapsed time for households 15.7340 sec
Iteration 223
Elapsed time for kappa 30.5563 sec
Elapsed time for experts 12.1296 sec
Elapsed time for households 10.0985 sec
Iteration 224
Elapsed time for kappa 29.4531 sec
Elapsed time for experts 11.5074 sec
Elapsed time for households 10.2839 sec
Iteration 225
Elapsed time for kappa 29.1475 sec
Elapsed time for experts 11.1856 sec
Elapsed time for households 9.8665 sec
Iteration 226
Elapsed time for kappa 28.8972 sec
Elapsed time for experts 11.6603 sec
Elapsed time for households 9.8788 sec
Iteration 227
Elapsed time for kappa 28.4715 sec
Elapsed time for experts 11.0914 sec
Elapsed time for households 9.7731 sec
Iteration 228
Elapsed time for kappa 28.3597 sec
Elapsed time for experts 11.0894 sec
Elapsed time for households 9.7240 sec
Iteration 229
Elapsed time for kappa 37.0867 sec
Elapsed time for experts 11.8058 sec
Elapsed time for households 10.2962 sec
Iteration 230
Elapsed time for kappa 29.7756 sec
Elapsed time for experts 12.1641 sec
Elapsed time for households 10.0851 sec
Iteration 231
Elapsed time for kappa 29.4602 sec
Elapsed time for experts 12.0199 sec
Elapsed time for households 10.1073 sec
Iteration 232
Elapsed time for kappa 29.3951 sec
Elapsed time for experts 11.2646 sec
Elapsed time for households 10.1100 sec
Iteration 233
Elapsed time for kappa 28.6572 sec
Elapsed time for experts 11.5956 sec
Elapsed time for households 9.6081 sec
Iteration 234
Elapsed time for kappa 28.1585 sec
Elapsed time for experts 10.9196 sec
Elapsed time for households 9.5635 sec
Iteration 235
Elapsed time for kappa 35.6870 sec
Elapsed time for experts 12.5741 sec
Elapsed time for households 10.4638 sec
Iteration 236
Elapsed time for kappa 29.8596 sec
Elapsed time for experts 11.3650 sec
Elapsed time for households 10.2459 sec
Iteration 237
Elapsed time for kappa 29.5983 sec
Elapsed time for experts 11.8576 sec
Elapsed time for households 10.0369 sec
Iteration 238
Elapsed time for kappa 29.0205 sec
Elapsed time for experts 11.3183 sec
Elapsed time for households 9.8203 sec
Iteration 239
Elapsed time for kappa 28.7331 sec
Elapsed time for experts 11.5531 sec
Elapsed time for households 9.9174 sec
Iteration 240
Elapsed time for kappa 28.6288 sec
Elapsed time for experts 17.4816 sec
Elapsed time for households 10.8287 sec
Iteration 241
Elapsed time for kappa 29.8776 sec
Elapsed time for experts 11.7687 sec
Elapsed time for households 11.9602 sec
Iteration 242
Elapsed time for kappa 29.9231 sec
Elapsed time for experts 11.8323 sec
Elapsed time for households 10.4350 sec
Iteration 243
Elapsed time for kappa 29.6615 sec
Elapsed time for experts 11.7579 sec
Elapsed time for households 10.2331 sec
Iteration 244
Elapsed time for kappa 29.0433 sec
Elapsed time for experts 11.4512 sec
Elapsed time for households 9.9741 sec
Iteration 245
Elapsed time for kappa 28.5042 sec
Elapsed time for experts 11.5882 sec
Elapsed time for households 9.7767 sec
Iteration 246
Elapsed time for kappa 28.2356 sec
Elapsed time for experts 11.2643 sec
Elapsed time for households 16.2351 sec
Iteration 247
Elapsed time for kappa 30.0743 sec
Elapsed time for experts 12.0428 sec
Elapsed time for households 10.2625 sec
Iteration 248
Elapsed time for kappa 29.8821 sec
Elapsed time for experts 11.7142 sec
Elapsed time for households 10.1685 sec
Iteration 249
Elapsed time for kappa 29.6270 sec
Elapsed time for experts 11.8743 sec
Elapsed time for households 10.1044 sec
Iteration 250
Elapsed time for kappa 29.1331 sec
Elapsed time for experts 11.4390 sec
Elapsed time for households 9.7608 sec
Iteration 251
Elapsed time for kappa 28.5596 sec
Elapsed time for experts 10.8327 sec
Elapsed time for households 9.8887 sec
Iteration 252
Elapsed time for kappa 28.1794 sec
Elapsed time for experts 11.2724 sec
Elapsed time for households 16.6868 sec
Iteration 253
Elapsed time for kappa 30.2029 sec
Elapsed time for experts 12.1319 sec
Elapsed time for households 10.6959 sec
Iteration 254
Elapsed time for kappa 29.8958 sec
Elapsed time for experts 11.2786 sec
Elapsed time for households 10.0816 sec
Iteration 255
Elapsed time for kappa 29.3504 sec
Elapsed time for experts 11.7472 sec
Elapsed time for households 10.1741 sec
Iteration 256
Elapsed time for kappa 29.2940 sec
Elapsed time for experts 11.7215 sec
Elapsed time for households 9.9663 sec
Iteration 257
Elapsed time for kappa 28.4962 sec
Elapsed time for experts 11.5919 sec
Elapsed time for households 9.8376 sec
Iteration 258
Elapsed time for kappa 28.1903 sec
Elapsed time for experts 11.5196 sec
Elapsed time for households 9.5539 sec
Iteration 259
Elapsed time for kappa 37.0199 sec
Elapsed time for experts 12.2319 sec
Elapsed time for households 10.3722 sec
Iteration 260
Elapsed time for kappa 29.6795 sec
Elapsed time for experts 11.9074 sec
Elapsed time for households 10.1707 sec
Iteration 261
Elapsed time for kappa 29.4287 sec
Elapsed time for experts 12.1888 sec
Elapsed time for households 10.1967 sec
Iteration 262
Elapsed time for kappa 29.3786 sec
Elapsed time for experts 12.6231 sec
Elapsed time for households 10.1158 sec
Iteration 263
Elapsed time for kappa 28.6941 sec
Elapsed time for experts 11.4465 sec
Elapsed time for households 9.7575 sec
Iteration 264
Elapsed time for kappa 28.3061 sec
Elapsed time for experts 10.8418 sec
Elapsed time for households 9.8560 sec
Iteration 265
Elapsed time for kappa 36.2905 sec
Elapsed time for experts 11.5710 sec
Elapsed time for households 10.4374 sec
Iteration 266
Elapsed time for kappa 29.7524 sec
Elapsed time for experts 12.5163 sec
Elapsed time for households 9.9644 sec
Iteration 267
Elapsed time for kappa 29.3742 sec
Elapsed time for experts 11.9268 sec
Elapsed time for households 10.0968 sec
Iteration 268
Elapsed time for kappa 29.2413 sec
Elapsed time for experts 11.9730 sec
Elapsed time for households 10.0032 sec
Iteration 269
Elapsed time for kappa 28.7595 sec
Elapsed time for experts 12.0326 sec
Elapsed time for households 9.8844 sec
Iteration 270
Elapsed time for kappa 28.5401 sec
Elapsed time for experts 11.1742 sec
Elapsed time for households 15.8186 sec
Iteration 271
Elapsed time for kappa 30.0456 sec
Elapsed time for experts 11.9780 sec
Elapsed time for households 10.2610 sec
Iteration 272
Elapsed time for kappa 29.9636 sec
Elapsed time for experts 12.6571 sec
Elapsed time for households 9.9577 sec
Iteration 273
Elapsed time for kappa 29.3960 sec
Elapsed time for experts 12.5038 sec
Elapsed time for households 10.0497 sec
Iteration 274
Elapsed time for kappa 28.9757 sec
Elapsed time for experts 12.0432 sec
Elapsed time for households 9.7741 sec
Iteration 275
Elapsed time for kappa 28.5723 sec
Elapsed time for experts 11.7038 sec
Elapsed time for households 9.9715 sec
Iteration 276
Elapsed time for kappa 28.3003 sec
Elapsed time for experts 11.0473 sec
Elapsed time for households 9.4560 sec
Iteration 277
Elapsed time for kappa 36.3713 sec
Elapsed time for experts 11.4586 sec
Elapsed time for households 10.3142 sec
Iteration 278
Elapsed time for kappa 29.4048 sec
Elapsed time for experts 11.2387 sec
Elapsed time for households 10.1414 sec
Iteration 279
Elapsed time for kappa 29.5543 sec
Elapsed time for experts 11.4858 sec
Elapsed time for households 10.4497 sec
Iteration 280
Elapsed time for kappa 29.5410 sec
Elapsed time for experts 11.3236 sec
Elapsed time for households 10.1910 sec
Iteration 281
Elapsed time for kappa 28.7342 sec
Elapsed time for experts 12.1339 sec
Elapsed time for households 10.1791 sec
Iteration 282
Elapsed time for kappa 28.6739 sec
Elapsed time for experts 11.2796 sec
Elapsed time for households 16.2368 sec
Iteration 283
Elapsed time for kappa 30.7672 sec
Elapsed time for experts 12.3017 sec
Elapsed time for households 10.3704 sec
Iteration 284
Elapsed time for kappa 29.6802 sec
Elapsed time for experts 11.9389 sec
Elapsed time for households 10.1675 sec
Iteration 285
Elapsed time for kappa 29.3775 sec
Elapsed time for experts 11.7151 sec
Elapsed time for households 10.1952 sec
Iteration 286
Elapsed time for kappa 29.1653 sec
Elapsed time for experts 11.7946 sec
Elapsed time for households 10.1168 sec
Iteration 287
Elapsed time for kappa 28.7751 sec
Elapsed time for experts 11.3228 sec
Elapsed time for households 9.9966 sec
Iteration 288
Elapsed time for kappa 28.2799 sec
Elapsed time for experts 12.0115 sec
Elapsed time for households 9.4018 sec
Iteration 289
Elapsed time for kappa 36.8591 sec
Elapsed time for experts 12.8230 sec
Elapsed time for households 10.2380 sec
Iteration 290
Elapsed time for kappa 29.7874 sec
Elapsed time for experts 11.9392 sec
Elapsed time for households 10.3058 sec
Iteration 291
Elapsed time for kappa 29.8439 sec
Elapsed time for experts 12.4069 sec
Elapsed time for households 10.2890 sec
Iteration 292
Elapsed time for kappa 29.3316 sec
Elapsed time for experts 11.7192 sec
Elapsed time for households 9.9109 sec
Iteration 293
Elapsed time for kappa 28.9921 sec
Elapsed time for experts 11.5129 sec
Elapsed time for households 10.0215 sec
Iteration 294
Elapsed time for kappa 28.8296 sec
Elapsed time for experts 11.2731 sec
Elapsed time for households 16.1855 sec
Iteration 295
Elapsed time for kappa 30.7206 sec
Elapsed time for experts 11.7621 sec
Elapsed time for households 10.4503 sec
Iteration 296
Elapsed time for kappa 29.8360 sec
Elapsed time for experts 11.8304 sec
Elapsed time for households 10.3192 sec
Iteration 297
Elapsed time for kappa 29.5847 sec
Elapsed time for experts 13.1401 sec
Elapsed time for households 10.2566 sec
Iteration 298
Elapsed time for kappa 29.1472 sec
Elapsed time for experts 13.2262 sec
Elapsed time for households 9.8929 sec
Iteration 299
Elapsed time for kappa 28.4995 sec
Elapsed time for experts 11.3488 sec
Elapsed time for households 9.8227 sec
Elapsed time for training 16456.1842 sec
