2022-10-02 23:02:08.989602: I tensorflow/core/platform/cpu_feature_guard.cc:193] This TensorFlow binary is optimized with oneAPI Deep Neural Network Library (oneDNN) to use the following CPU instructions in performance-critical operations:  AVX2 AVX512F AVX512_VNNI FMA
To enable them in other operations, rebuild TensorFlow with the appropriate compiler flags.
2022-10-02 23:02:09.365733: I tensorflow/core/util/util.cc:169] oneDNN custom operations are on. You may see slightly different numerical results due to floating-point round-off errors from different computation orders. To turn them off, set the environment variable `TF_ENABLE_ONEDNN_OPTS=0`.
2022-10-02 23:02:09.422424: W tensorflow/stream_executor/platform/default/dso_loader.cc:64] Could not load dynamic library 'libcudart.so.11.0'; dlerror: libcudart.so.11.0: cannot open shared object file: No such file or directory; LD_LIBRARY_PATH: /software/python-anaconda-2022.05-el8-x86_64/lib:/software/cudnn-8.3.1-el8-x86_64/lib64
2022-10-02 23:02:09.422458: I tensorflow/stream_executor/cuda/cudart_stub.cc:29] Ignore above cudart dlerror if you do not have a GPU set up on your machine.
2022-10-02 23:02:09.460633: E tensorflow/stream_executor/cuda/cuda_blas.cc:2981] Unable to register cuBLAS factory: Attempting to register factory for plugin cuBLAS when one has already been registered
2022-10-02 23:02:11.184518: W tensorflow/stream_executor/platform/default/dso_loader.cc:64] Could not load dynamic library 'libnvinfer.so.7'; dlerror: libnvinfer.so.7: cannot open shared object file: No such file or directory; LD_LIBRARY_PATH: /software/python-anaconda-2022.05-el8-x86_64/lib:/software/cudnn-8.3.1-el8-x86_64/lib64
2022-10-02 23:02:11.184690: W tensorflow/stream_executor/platform/default/dso_loader.cc:64] Could not load dynamic library 'libnvinfer_plugin.so.7'; dlerror: libnvinfer_plugin.so.7: cannot open shared object file: No such file or directory; LD_LIBRARY_PATH: /software/python-anaconda-2022.05-el8-x86_64/lib:/software/cudnn-8.3.1-el8-x86_64/lib64
2022-10-02 23:02:11.184704: W tensorflow/compiler/tf2tensorrt/utils/py_utils.cc:38] TF-TRT Warning: Cannot dlopen some TensorRT libraries. If you would like to use Nvidia GPU with TensorRT, please make sure the missing libraries mentioned above are installed properly.
2022-10-02 23:02:17.396301: W tensorflow/stream_executor/platform/default/dso_loader.cc:64] Could not load dynamic library 'libcuda.so.1'; dlerror: libcuda.so.1: cannot open shared object file: No such file or directory; LD_LIBRARY_PATH: /software/python-anaconda-2022.05-el8-x86_64/lib:/software/cudnn-8.3.1-el8-x86_64/lib64
2022-10-02 23:02:17.396379: W tensorflow/stream_executor/cuda/cuda_driver.cc:263] failed call to cuInit: UNKNOWN ERROR (303)
2022-10-02 23:02:17.396409: I tensorflow/stream_executor/cuda/cuda_diagnostics.cc:156] kernel driver does not appear to be running on this host (midway3-0051.rcc.local): /proc/driver/nvidia/version does not exist
2022-10-02 23:02:17.397340: I tensorflow/core/platform/cpu_feature_guard.cc:193] This TensorFlow binary is optimized with oneAPI Deep Neural Network Library (oneDNN) to use the following CPU instructions in performance-critical operations:  AVX2 AVX512F AVX512_VNNI FMA
To enable them in other operations, rebuild TensorFlow with the appropriate compiler flags.
2022-10-02 23:02:55.481121: W tensorflow/core/common_runtime/forward_type_inference.cc:332] Type inference failed. This indicates an invalid graph that escaped type checking. Error message: INVALID_ARGUMENT: expected compatible input types, but input 1:
type_id: TFT_OPTIONAL
args {
  type_id: TFT_PRODUCT
  args {
    type_id: TFT_TENSOR
    args {
      type_id: TFT_BOOL
    }
  }
}
 is neither a subtype nor a supertype of the combined inputs preceding it:
type_id: TFT_OPTIONAL
args {
  type_id: TFT_PRODUCT
  args {
    type_id: TFT_TENSOR
    args {
      type_id: TFT_DOUBLE
    }
  }
}

	while inferring type of node 'StatefulPartitionedCall_1/StatefulPartitionedCall/cond_1_259/output/_29750'
Iter: 1 loss: 0.064479292628747575
Iter: 2 loss: 0.019285184000853085
Iter: 3 loss: 0.019227177741409189
Iter: 4 loss: 0.018968596057286104
Iter: 5 loss: 0.017404377448572109
Iter: 6 loss: 0.018517872983820398
Iter: 7 loss: 0.011609268360970159
Iter: 8 loss: 0.010793055551450931
Iter: 9 loss: 0.0094847264699526
Iter: 10 loss: 0.004616778469089481
Iter: 11 loss: 0.02042657027988759
Iter: 12 loss: 0.7879434558179681
Iter: 13 loss: 0.39293194493509703
Iter: 14 loss: 0.0070681710145529091
Iter: 15 loss: 0.0041558362154213574
Iter: 16 loss: 0.0031735127222129759
Iter: 17 loss: 0.0061276740406236013
Iter: 18 loss: 0.0016029011706352129
Iter: 19 loss: 0.0015321139178876538
Iter: 20 loss: 0.0014436131449691463
Iter: 21 loss: 0.0012968202717709872
Iter: 22 loss: 0.0011261175856831286
Iter: 23 loss: 0.0011085344948122758
Iter: 24 loss: 0.00095736102354625641
Iter: 25 loss: 0.00090519570016105264
Iter: 26 loss: 0.000867279699104968
Iter: 27 loss: 0.00082300514217868086
Iter: 28 loss: 0.00076697822973527678
Iter: 29 loss: 0.00079266988884224717
Iter: 30 loss: 0.00072478380965873752
Iter: 31 loss: 0.00069099327984699279
Iter: 32 loss: 0.000653179995141116
Iter: 33 loss: 0.00067253312420897438
Iter: 34 loss: 0.00056594173604098666
Iter: 35 loss: 0.00044839611173091428
Iter: 36 loss: 0.00058713293215292514
Iter: 37 loss: 0.00037322294831381017
Iter: 38 loss: 0.0003487670088347548
Iter: 39 loss: 0.00031666615442795659
Iter: 40 loss: 0.00030203366413086234
Iter: 41 loss: 0.00028529474397888876
Iter: 42 loss: 0.0002792354495607085
Iter: 43 loss: 0.00027309378404978871
Iter: 44 loss: 0.00026977948099879222
Iter: 45 loss: 0.00026712719047162749
Iter: 46 loss: 0.0002626208376522455
Iter: 47 loss: 0.00025637989127716833
114410.78942573187
Iter: 1 loss: 833897.4990503178
177758078.07662237
Iter: 2 loss: 7693030238349.8008
114410.67685173471
Iter: 3 loss: 833894.41296051757
114372.34327803378
Iter: 4 loss: 832843.87990658812
687148.41816043411
Iter: 5 loss: 25509686.924966585
117332.79852033423
Iter: 6 loss: 1263790.6236928008
84758.256357735489
Iter: 7 loss: 226669.71821908798
83998.927778408426
Iter: 8 loss: 217751.868600263
82705.978775070864
Iter: 9 loss: 206192.57346735528
82460.562058697571
Iter: 10 loss: 204726.54955037058
81670.907237979773
Iter: 11 loss: 199865.31396626556
79987.903556362435
Iter: 12 loss: 189076.667949119
75996.50381055678
Iter: 13 loss: 162556.15930691
69172.243136808713
Iter: 14 loss: 117116.84487892315
62057.321233871116
Iter: 15 loss: 73836.2860655595
56745.419691485993
Iter: 16 loss: 47558.191228058633
52809.34441036552
Iter: 17 loss: 31596.06299774519
50145.252817265486
Iter: 18 loss: 22405.566022714818
48688.048656984305
Iter: 19 loss: 17703.554398561086
48306.012907395576
Iter: 20 loss: 16157.539891294753
48207.669026142466
Iter: 21 loss: 15801.637408060045
47919.420823196037
Iter: 22 loss: 15199.900279864223
47314.196143099674
Iter: 23 loss: 14302.76832217761
46825.853371116071
Iter: 24 loss: 13833.637981596727
46642.535111988676
Iter: 25 loss: 13709.293777241508
46537.384866178778
Iter: 26 loss: 13618.719799745284
46439.766135480531
Iter: 27 loss: 13487.450025501388
42915.625718462252
Iter: 28 loss: 9439.7480935208787
39518.554450547657
Iter: 29 loss: 5923.66279178203
36341.01222980216
Iter: 30 loss: 3288.4107717030593
33538.0730464363
Iter: 31 loss: 1602.5581355881927
30558.025483534271
Iter: 32 loss: 533.9912504043798
26808.6740138685
Iter: 33 loss: 638.94378726040054
29030.403337848707
Iter: 34 loss: 342.65138445161028
28686.893425467733
Iter: 35 loss: 336.08738727091122
28700.604765698557
Iter: 36 loss: 318.10090144126764
28514.638656743842
Iter: 37 loss: 248.32002442193186
8530.9768465691923
Iter: 1 loss: 17730.374358977617
-6396.44205017741
Iter: 2 loss: 1822.1940938541254
1369653.1859893058
Iter: 3 loss: 614009622.68056273
-30811164.403409805
Iter: 4 loss: 229285108815.3725
8530.9851122745476
Iter: 5 loss: 17730.350026984364
11244.755730396961
Iter: 6 loss: 10609.404752460632
12101.532810607536
Iter: 7 loss: 8649.2508231678385
12498.576443861166
Iter: 8 loss: 7649.7088510151862
12502.184357224631
Iter: 9 loss: 7499.4959103346964
12488.194151135925
Iter: 10 loss: 7491.8194907288635
12485.30000812013
Iter: 11 loss: 7488.1988302665295
12481.037928060898
Iter: 12 loss: 7466.7857052851059
12491.00395391717
Iter: 13 loss: 7423.6889797507956
12546.501552840249
Iter: 14 loss: 7309.9686814066863
12686.964933944593
Iter: 15 loss: 7086.6860167348059
12891.84540120871
Iter: 16 loss: 6780.4482516497692
13578.719184341264
Iter: 17 loss: 6692.3571585775335
13574.618202076013
Iter: 18 loss: 6284.3878593256932
13618.936756458183
Iter: 19 loss: 6192.780494602277
13677.930992002095
Iter: 20 loss: 6148.2521678430539
13711.092802940149
Iter: 21 loss: 6141.1622719948227
13753.005693657047
Iter: 22 loss: 6132.51275899609
13828.549326168872
Iter: 23 loss: 6092.5879929471075
14206.931671646013
Iter: 24 loss: 5763.9129897664006
14376.983500095872
Iter: 25 loss: 5377.3841286503539
14413.917095162073
Iter: 26 loss: 5240.0739658826315
14476.613887887417
Iter: 27 loss: 5193.9527930211107
14486.466861073957
Iter: 28 loss: 5185.632572880726
14489.170725584045
Iter: 29 loss: 5184.8331010738584
14489.321119011402
Iter: 30 loss: 5184.6740074159316
14489.476368894444
Iter: 31 loss: 5184.3776101921922
14490.127805580943
Iter: 32 loss: 5183.6663370247206
14492.514199922114
Iter: 33 loss: 5181.8001174125675
14499.852591218432
Iter: 34 loss: 5177.0592596037695
14520.923233813533
Iter: 35 loss: 5164.9699547977561
Iter: 1 loss: 0.0002578789113776859
Iter: 2 loss: 0.017849430298540761
Iter: 3 loss: 0.00083123789492047905
Iter: 4 loss: 0.00025545491865285204
Iter: 5 loss: 0.00025474848952993694
64715.584754767158
Iter: 1 loss: 109210.56077404603
140345.14812425122
Iter: 2 loss: 1344762.9233949881
854141.83594479517
Iter: 3 loss: 134745797.10515168
240087.97839582746
Iter: 4 loss: 3569203.6038066293
251757.2387017108
Iter: 5 loss: 4373472.8618174214
62163.407129517618
Iter: 6 loss: 94319.055704431972
61430.749149138166
Iter: 7 loss: 91713.374687774325
60972.585000038431
Iter: 8 loss: 90758.9597681805
60766.885702541869
Iter: 9 loss: 90428.20931479003
60453.818103624566
Iter: 10 loss: 89811.457782632409
59823.514751552444
Iter: 11 loss: 88280.481125048536
58490.9360053079
Iter: 12 loss: 84510.108487574835
55758.103931207719
Iter: 13 loss: 76127.189186139862
50936.846526768859
Iter: 14 loss: 61657.359252939423
44520.041622166857
Iter: 15 loss: 44356.708567145914
39245.489570133359
Iter: 16 loss: 36499.338140718974
36374.65101833611
Iter: 17 loss: 34705.580216913862
35082.65414193162
Iter: 18 loss: 34264.6665628725
33653.66925159427
Iter: 19 loss: 33707.650547849393
30439.355214577532
Iter: 20 loss: 32361.788852961196
28785.871595517572
Iter: 21 loss: 31461.754242045365
30311.123475647648
Iter: 22 loss: 29681.334442251376
33281.570383232465
Iter: 23 loss: 27417.683555833486
33644.606315647878
Iter: 24 loss: 26933.707924235317
34430.93896638928
Iter: 25 loss: 26425.932785433819
35235.537253947441
Iter: 26 loss: 25559.031982113007
37128.972001945367
Iter: 27 loss: 23501.242799296964
40139.707203575061
Iter: 28 loss: 18758.953850217924
98310.149353164714
Iter: 29 loss: 815691.6374814728
40142.62194848177
Iter: 30 loss: 18753.06412244208
46545.859739085456
Iter: 31 loss: 23169.054234527532
41280.881118666759
Iter: 32 loss: 17426.76395564312
79197.076023969392
Iter: 33 loss: 404154.84375744907
41280.501579926669
Iter: 34 loss: 17423.243947788589
60833.4260181388
Iter: 35 loss: 121983.2103538122
41393.470104793916
Iter: 36 loss: 15971.727019538121
30187.461519096731
Iter: 37 loss: 20466.347313729111
40780.797591595569
Iter: 38 loss: 15232.495080522325
30577.861489362196
Iter: 39 loss: 31205.185290002453
39589.668263512911
Iter: 40 loss: 14433.961347940414
37045.175782394421
Iter: 41 loss: 10415.830548932037
33709.474945900554
Iter: 42 loss: 5404.4988547104012
33472.737668389906
Iter: 43 loss: 5147.4262225142993
32601.242696233334
Iter: 44 loss: 4253.466886380028
28202.227500691275
Iter: 45 loss: 3616.0494585018259
31956.05604675123
Iter: 46 loss: 3666.0141308127768
-20233.942760640784
Iter: 1 loss: 88411.294301620946
-21065.168539163751
Iter: 2 loss: 40625.646071448151
44416.626418527492
Iter: 3 loss: 2409380.1329223183
-504252.10452372
Iter: 4 loss: 42371578.788421154
-41427.310948043843
Iter: 5 loss: 362161.97027974931
-20287.961216789168
Iter: 6 loss: 89533.5927128155
-20144.440282629723
Iter: 7 loss: 87868.688379998726
-20054.679024832411
Iter: 8 loss: 87370.625968438719
-19700.832197880005
Iter: 9 loss: 85424.126346922378
-18364.788512658073
Iter: 10 loss: 78317.8506575763
-12279.413698101192
Iter: 11 loss: 50846.711286430465
-9530.7721934924484
Iter: 12 loss: 41107.303820648762
-7663.906146473726
Iter: 13 loss: 35367.907176484514
-7025.9382853889265
Iter: 14 loss: 33785.9669929553
-6803.1575391998949
Iter: 15 loss: 33448.47715826465
-6638.7764362140988
Iter: 16 loss: 33312.892166127975
-6544.2890554706628
Iter: 17 loss: 33271.636768987446
-6461.1581208395573
Iter: 18 loss: 33232.400137227305
-6285.9125724275118
Iter: 19 loss: 33140.291292408147
-6017.9713318411668
Iter: 20 loss: 32901.659584837143
-5679.7281520511915
Iter: 21 loss: 32555.39755435213
-5516.53719874655
Iter: 22 loss: 32332.911274337977
-5324.7903862547564
Iter: 23 loss: 31925.357661454829
-5138.2321977287065
Iter: 24 loss: 31071.652826121848
-5398.3340443343723
Iter: 25 loss: 29608.845496281767
-5264.6767925933545
Iter: 26 loss: 28115.311642552282
-4098.5167973998505
Iter: 27 loss: 26055.077095628403
-4108.7973334647322
Iter: 28 loss: 25409.2676147355
-3978.2918590905765
Iter: 29 loss: 24809.770092855622
-3813.4145642889171
Iter: 30 loss: 24744.99300520874
-3787.7021028764757
Iter: 31 loss: 24724.462963060949
-3791.5358522800861
Iter: 32 loss: 24678.831016004704
-3834.6188257465387
Iter: 33 loss: 24657.925395414939
-3897.0986330987089
Iter: 34 loss: 24626.609846958076
-3975.8489938240327
Iter: 35 loss: 24560.014516100193
-4060.6467703035278
Iter: 36 loss: 24392.378405421274
-4062.34323323115
Iter: 37 loss: 23981.225543511202
-3696.8969678619724
Iter: 38 loss: 23011.111827287103
Iter: 1 loss: 0.00026705820466525521
Iter: 2 loss: 0.60549871199692884
Iter: 3 loss: 0.00026361810347362861
Iter: 4 loss: 0.00026329499932276534
1310833.3046573349
Iter: 1 loss: 411484419.61808205
594409.86546761764
Iter: 2 loss: 50116273.799783856
5900840.9521388
Iter: 3 loss: 7132489569.1838274
-73054.913959272963
Iter: 4 loss: 4314335.1196233127
-50786.42440068096
Iter: 5 loss: 3100580.1174882194
-21675.927274322472
Iter: 6 loss: 1887680.9251594213
-1868.2921110279131
Iter: 7 loss: 1311130.8953155032
15228.139839781375
Iter: 8 loss: 983745.34484997659
27955.476722172243
Iter: 9 loss: 848757.42123030918
35784.720268793259
Iter: 10 loss: 813601.50719873724
38595.418004391075
Iter: 11 loss: 808569.18880274356
39911.511583236163
Iter: 12 loss: 805264.50924413628
42855.187235228841
Iter: 13 loss: 793183.21254873532
46648.192396278049
Iter: 14 loss: 765711.68397333077
51526.597841130279
Iter: 15 loss: 696187.90849071392
55033.825134970873
Iter: 16 loss: 556951.87513484806
50239.282461037263
Iter: 17 loss: 322474.39545592497
46633.144487806363
Iter: 18 loss: 196514.73339249173
43728.35237380545
Iter: 19 loss: 117822.53789383511
41657.6070215383
Iter: 20 loss: 71882.2851463888
40325.854558084
Iter: 21 loss: 44825.490709458369
39751.7001074884
Iter: 22 loss: 29726.070064143361
39937.938717750832
Iter: 23 loss: 22484.51987915226
40549.806313574052
Iter: 24 loss: 20456.741923269859
40766.561827625439
Iter: 25 loss: 20247.016658130786
40803.76847546496
Iter: 26 loss: 20061.891116338229
40644.444698395062
Iter: 27 loss: 19152.594132824503
39855.700118215274
Iter: 28 loss: 17585.126153363504
37809.446305905374
Iter: 29 loss: 15791.373931355429
36801.4783660179
Iter: 30 loss: 15355.099002912539
36347.586566731668
Iter: 31 loss: 15037.379031193679
36298.144933558033
Iter: 32 loss: 14952.772141298612
36248.393385320545
Iter: 33 loss: 14825.595612909849
36097.976932973776
Iter: 34 loss: 14412.505096726925
-131819.65271987097
Iter: 1 loss: 1690945.5766612461
4095651.9540455774
Iter: 2 loss: 27230034.178737272
-5845388.9476440232
Iter: 3 loss: 5524495329.8847322
-127171.62662509402
Iter: 4 loss: 1510077.7884017776
-111615.83641721921
Iter: 5 loss: 970567.65050237626
-106479.69009038777
Iter: 6 loss: 811871.96263013186
-104480.34005262985
Iter: 7 loss: 749458.16954480193
-104010.31136925812
Iter: 8 loss: 735688.66891033109
-103352.75642296988
Iter: 9 loss: 721226.62575073843
-101268.9513267217
Iter: 10 loss: 679916.30784380028
-97316.313439671736
Iter: 11 loss: 599914.27637135016
-92992.1723064159
Iter: 12 loss: 508659.82150719175
-88264.934020403656
Iter: 13 loss: 444904.56318171753
-84799.333787691314
Iter: 14 loss: 408402.34891130176
-84179.7584684413
Iter: 15 loss: 404010.20111382159
-83981.052664324568
Iter: 16 loss: 402505.5956966207
-82860.585338460689
Iter: 17 loss: 393755.02348828682
-80553.938851323182
Iter: 18 loss: 375879.68998699286
-75286.035120243818
Iter: 19 loss: 334003.72843802511
-63036.46269223695
Iter: 20 loss: 229440.45751724433
-56780.614243767282
Iter: 21 loss: 186032.94563614647
-54259.241990774215
Iter: 22 loss: 173730.17359563545
-53164.729167574362
Iter: 23 loss: 170210.02361064433
-51401.4521052697
Iter: 24 loss: 164716.43476234743
-49871.989026933144
Iter: 25 loss: 160737.95699156428
-49297.344705345888
Iter: 26 loss: 159737.74470095549
-49028.107369012781
Iter: 27 loss: 159191.13791905541
-48774.830378626582
Iter: 28 loss: 158296.85626702229
-48732.925003861434
Iter: 29 loss: 157508.38371926217
-48699.673197285869
Iter: 30 loss: 156557.70155016606
-48665.480289328305
Iter: 31 loss: 155295.90223701243
-48567.926520923756
Iter: 32 loss: 154260.57031964592
-48141.784802540264
Iter: 33 loss: 151544.28671087514
Iter: 1 loss: 0.00027292707421493987
Iter: 2 loss: 0.0197295105675167
Iter: 3 loss: 0.00079317743403850387
Iter: 4 loss: 0.00027137147257128762
Iter: 5 loss: 0.00027121911007037231
Iter: 6 loss: 0.00027068175034092757
64974.188203471618
Iter: 1 loss: 747902.98813639488
115910.71964382587
Iter: 2 loss: 1397104.6807747025
446939.49617153732
Iter: 3 loss: 24207689.04890535
39181.227108899177
Iter: 4 loss: 12584.41059254404
38144.627169746134
Iter: 5 loss: 11404.442537054627
36359.657608037895
Iter: 6 loss: 10815.175614245461
36805.214311836229
Iter: 7 loss: 10757.351929275657
36803.519434851638
Iter: 8 loss: 10731.238947951959
36797.636665692364
Iter: 9 loss: 10627.293260890818
36788.867651277833
Iter: 10 loss: 10218.714523511528
37026.521203039243
Iter: 11 loss: 8660.1425721167961
52717.586200434234
Iter: 12 loss: 55321.548825266378
38167.824091858041
Iter: 13 loss: 7044.4981267181447
175590.28186474103
Iter: 14 loss: 4594567.30174954
41350.17428314274
Iter: 15 loss: 8404.6224540187977
38849.637473304378
Iter: 16 loss: 6764.2076151428319
39045.509111764855
Iter: 17 loss: 6555.572236744476
38199.959730558767
Iter: 18 loss: 5912.2470353959689
-7064627.84274206
Iter: 19 loss: 12315020884.941807
38199.959730185066
Iter: 20 loss: 5912.24703523233
38199.959729743729
Iter: 21 loss: 5912.2470350477879
34395.041600443808
Iter: 22 loss: 8405.6496531914981
37741.348034585317
Iter: 23 loss: 5796.5618672617838
63442.891787381785
Iter: 24 loss: 167150.0634770318
37741.333329560446
Iter: 25 loss: 5796.5134639359
37734.246638707278
Iter: 26 loss: 5736.8529230029253
39373.276437111395
Iter: 27 loss: 6170.2862120000009
37840.717635244218
Iter: 28 loss: 5636.0088779917078
38086.9439913902
Iter: 29 loss: 5538.7233971737423
39800.357105503666
Iter: 30 loss: 9696.0739891485118
37763.032249859672
Iter: 31 loss: 5639.5398929473322
37811.811941844295
Iter: 32 loss: 5523.9939478814886
36739.954632235036
Iter: 33 loss: 5892.8229270071588
37248.586932223334
Iter: 34 loss: 5576.3678826183805
37702.488219641324
Iter: 35 loss: 5521.610116933175
16174.994542373935
Iter: 36 loss: 118627.32274594683
37555.385606703916
Iter: 37 loss: 5511.1690140514711
37914.534200758666
Iter: 38 loss: 5508.7714649092923
37598.96293958863
Iter: 39 loss: 5505.9560568663892
37731.665798592323
Iter: 40 loss: 5499.8683916835716
38065.959487948247
Iter: 41 loss: 5524.3664416118372
37775.194252785121
Iter: 42 loss: 5497.491371483
-225281.03422024957
Iter: 43 loss: 16889927.332649991
37653.0078962768
Iter: 44 loss: 5490.5183292200945
37666.3133960379
Iter: 45 loss: 5485.2383351370472
38667.854614166565
Iter: 46 loss: 5701.992126061592
37678.37389446552
Iter: 47 loss: 5484.7374031728168
37528.69097878912
Iter: 48 loss: 5481.7785658540633
82340.6438451201
Iter: 49 loss: 520476.46669600258
38748.732085067895
Iter: 50 loss: 7180.0392266907347
37614.62257230161
Iter: 51 loss: 5486.3056897949446
37572.929270000939
Iter: 52 loss: 5480.3579116915489
37586.168938247472
Iter: 53 loss: 5475.985906028789
38499.133096128215
Iter: 54 loss: 5625.7678582333
37587.828779895775
Iter: 55 loss: 5475.7917418869647
37589.660366870863
Iter: 56 loss: 5475.5886417249312
54789.350976412017
Iter: 57 loss: 76855.371422458658
37684.83349822594
Iter: 58 loss: 5470.8372430341406
37746.5584976825
Iter: 59 loss: 5471.0043790882437
37684.833498483262
Iter: 60 loss: 5470.8372430328909
550091.91081224009
Iter: 61 loss: 64106315.493706919
37979.354578263315
Iter: 62 loss: 5489.4061239290668
37717.64096539122
Iter: 63 loss: 5470.6283425806914
37701.714785076379
Iter: 64 loss: 5468.4015034340928
37380.752569126329
Iter: 65 loss: 5485.0582887358687
37654.594668685859
Iter: 66 loss: 5466.4509646324959
37100.232306439291
Iter: 67 loss: 5542.8916224559407
37614.752663262334
Iter: 68 loss: 5465.3792429877421
37755.370143604072
Iter: 69 loss: 5461.4595531430168
37633.097492067085
Iter: 70 loss: 5463.4531974021256
37703.228049406905
Iter: 71 loss: 5460.9766093365242
37490.414583529651
Iter: 72 loss: 5457.8589331406183
37536.589122110076
Iter: 73 loss: 5439.1061724677893
37558.9875353042
Iter: 74 loss: 5433.6622423726676
37621.825175834325
Iter: 75 loss: 5419.6163549469447
37623.681626040481
Iter: 76 loss: 5397.1358146169014
37482.145536533266
Iter: 77 loss: 5294.7220884426461
-985273.71478906216
Iter: 1 loss: 232295304.60518733
3752059.8966236645
Iter: 2 loss: 866195.66978591168
372079.19801803742
Iter: 3 loss: 1538737.2275951307
-19883.213217995653
Iter: 4 loss: 2318503.2140361033
-149628.37309834961
Iter: 5 loss: 4365553.0989145385
-131531.38629879252
Iter: 6 loss: 2028442.9598969284
-158179.72598563874
Iter: 7 loss: 3473849.8886851049
-36532809.353916116
Iter: 8 loss: 325977740994.85846
-79942.297305289176
Iter: 9 loss: 1205527.0668316733
-78402.990689233964
Iter: 10 loss: 1155052.5762075908
-72795.763908422115
Iter: 11 loss: 980127.619934911
-57996.656860601513
Iter: 12 loss: 585362.58713676641
-51108.874558044976
Iter: 13 loss: 434828.83088074357
-47237.090224966094
Iter: 14 loss: 360819.93510582251
-46244.595460578443
Iter: 15 loss: 344967.49593863357
-45985.85985453715
Iter: 16 loss: 341965.38333884027
-45469.25362687077
Iter: 17 loss: 336359.23093582864
-43985.526476718987
Iter: 18 loss: 320730.721471224
-40488.538530140948
Iter: 19 loss: 284325.62844806269
-34031.962919325924
Iter: 20 loss: 217731.17304350637
-26700.056349461647
Iter: 21 loss: 146920.3845794521
-22237.41545066973
Iter: 22 loss: 111177.12764754106
-19526.082661886638
Iter: 23 loss: 93497.6395237199
-17620.054566404018
Iter: 24 loss: 83798.516173052878
-15134.374779118041
Iter: 25 loss: 72916.953373655633
-10848.503083200296
Iter: 26 loss: 55731.6150397332
-7750.31321400573
Iter: 27 loss: 45234.358682652426
-6151.7274258745292
Iter: 28 loss: 40989.119539397754
-5628.7602276454081
Iter: 29 loss: 40127.841463554927
-5555.3839394832557
Iter: 30 loss: 40067.859001443809
-5513.3826461623848
Iter: 31 loss: 40023.536316116617
-5485.26511922172
Iter: 32 loss: 39967.562997904657
-5485.8531212792823
Iter: 33 loss: 39916.639983693422
-5496.8240931032387
Iter: 34 loss: 39844.6434423182
-5498.4716171027494
Iter: 35 loss: 39673.862936614438
-5464.0383540695238
Iter: 36 loss: 39306.420071581873
-5396.2931813466375
Iter: 37 loss: 38822.85281352653
-5221.106509880271
Iter: 38 loss: 38409.718159836993
-5268.56713458455
Iter: 39 loss: 38268.059126033411
Iter: 1 loss: 0.00025978061263564256
Iter: 2 loss: 0.07682833283870899
Iter: 3 loss: 0.00025853395358659893
Iter: 4 loss: 0.0002581742424014256
55085.696652086874
Iter: 1 loss: 99372.1529103555
114782.60751445213
Iter: 2 loss: 797323.3178879139
34275.603629111269
Iter: 3 loss: 40076.557736755181
28681.632830628769
Iter: 4 loss: 15497.19957332129
27226.820469570863
Iter: 5 loss: 11032.172419603894
25498.9229200549
Iter: 6 loss: 6678.302278131614
24567.851408652612
Iter: 7 loss: 4716.7186396442175
24099.38106722181
Iter: 8 loss: 3775.5854731341196
24033.326786374986
Iter: 9 loss: 3553.6524755243017
24070.92129857597
Iter: 10 loss: 3523.8786311889589
24160.914313838744
Iter: 11 loss: 3482.730598967104
24527.304479449456
Iter: 12 loss: 3345.1904157712656
25412.968420538124
Iter: 13 loss: 3047.4741167108537
26977.683760639433
Iter: 14 loss: 2504.613909708055
28251.975923146041
Iter: 15 loss: 1768.2296996079338
30217.278183787985
Iter: 16 loss: 590.29001936544933
33532.834766857144
Iter: 17 loss: 338.64197057516253
33898.826540987611
Iter: 18 loss: 326.01021022484395
33683.1998712652
Iter: 19 loss: 298.183539268617
31702.989206298316
Iter: 20 loss: 240.72563900859126
27032.541501996209
Iter: 21 loss: 156.203318039272
-1559.6056420624836
Iter: 22 loss: 1405.9932159192608
22807.37079263405
Iter: 23 loss: 95.603011594358634
-74643.989082917236
Iter: 24 loss: 11865.049471012104
22635.849841872274
Iter: 25 loss: 93.732890743831689
18962.546133675038
Iter: 26 loss: 78.564774768964114
20291.153217406565
Iter: 27 loss: 71.3588153997517
19751.686918857893
Iter: 28 loss: 66.7628985847236
18619.966148866766
Iter: 29 loss: 60.705502146322175
16827.252570289122
Iter: 30 loss: 51.729072631981445
14616.352225657196
Iter: 31 loss: 39.7106292927909
12475.721333567864
Iter: 32 loss: 25.538338737666017
11499.253877620577
Iter: 33 loss: 19.030967712920003
11357.38340844079
Iter: 34 loss: 17.450893498568774
11535.628825656222
Iter: 35 loss: 16.997477915110007
21012.543718095258
Iter: 1 loss: 3046.9668666670968
-4218.6917526330335
Iter: 2 loss: 159.68697079214388
7948.3460379801681
Iter: 3 loss: 12346.351237171808
-8706.8368347160467
Iter: 4 loss: 23746.190359169366
-22883784.964046035
Iter: 5 loss: 105653434417.81117
-1121083.562541249
Iter: 6 loss: 223416865.40832388
10715.89984712586
Iter: 7 loss: 37404.330825995065
21072.995447154113
Iter: 8 loss: 2992.0516219191563
21496.21256847107
Iter: 9 loss: 2695.9894108624144
21529.37478261529
Iter: 10 loss: 2688.5949718206366
21540.908226708514
Iter: 11 loss: 2684.969438623958
21577.33978789761
Iter: 12 loss: 2668.1630038937192
21622.282549467935
Iter: 13 loss: 2636.1798120982494
21667.384199276617
Iter: 14 loss: 2575.5050636890974
21668.001980616034
Iter: 15 loss: 2513.8828875663112
21645.441686858976
Iter: 16 loss: 2484.1011184641238
21632.57624033124
Iter: 17 loss: 2460.1474501095809
21630.30574214807
Iter: 18 loss: 2430.352571977588
21648.327932881944
Iter: 19 loss: 2396.2550386434282
21732.425034787761
Iter: 20 loss: 2297.420142062665
21940.435479032603
Iter: 21 loss: 2080.2254240209013
22182.745068641503
Iter: 22 loss: 1752.3671060690726
22128.211609642785
Iter: 23 loss: 1576.6068275242185
22078.281145126719
Iter: 24 loss: 1530.7679634940439
22142.59939754966
Iter: 25 loss: 1478.7388311415057
22291.813739288231
Iter: 26 loss: 1448.6155222735217
22303.097072945908
Iter: 27 loss: 1448.2492231310503
22324.8812653093
Iter: 28 loss: 1447.27691335378
22357.099560894781
Iter: 29 loss: 1445.3819860691526
22414.634813571527
Iter: 30 loss: 1440.7797288916411
22514.224514282043
Iter: 31 loss: 1430.3764596733859
22666.943970157463
Iter: 32 loss: 1409.7247312452491
22858.875615097997
Iter: 33 loss: 1375.4818562639839
22992.417187628649
Iter: 34 loss: 1341.9640393382572
22991.839026047448
Iter: 35 loss: 1340.3066838842794
22979.37514815776
Iter: 36 loss: 1339.6665114966156
22955.554923022872
Iter: 37 loss: 1339.0058022294588
22950.476635624393
Iter: 38 loss: 1338.716284816745
Iter: 1 loss: 0.00025009807654187649
Iter: 2 loss: 0.54226165210284227
Iter: 3 loss: 0.000246314318655638
Iter: 4 loss: 0.00024544956210359188
18702.359266910127
Iter: 1 loss: 25003.841056315363
24826.593310428474
Iter: 2 loss: 45582.508466910564
30493.788044572146
Iter: 3 loss: 34160.7546599003
79791.365708402809
Iter: 4 loss: 516136.35953576845
175546.14599841819
Iter: 5 loss: 3818065.766517703
18711.342875272763
Iter: 6 loss: 24965.2070003286
18720.437366607788
Iter: 7 loss: 24926.597387490921
152007.97487815915
Iter: 8 loss: 2101632.97612357
18742.64116127789
Iter: 9 loss: 24834.348709233804
18765.406727623293
Iter: 10 loss: 24742.547326832257
132720.20146121975
Iter: 11 loss: 2570789.1210949058
21771.836489375717
Iter: 12 loss: 19232.603704389025
38421.226378021136
Iter: 13 loss: 53671.695795329892
24015.028507566014
Iter: 14 loss: 18007.490214144422
47766.043928333114
Iter: 15 loss: 126792.72690061611
25725.219033351059
Iter: 16 loss: 17937.032728692076
24610.310247192363
Iter: 17 loss: 17770.886289588561
21654.361476396854
Iter: 18 loss: 19205.891568177285
23929.04900025978
Iter: 19 loss: 17522.605840131055
24275.504809761223
Iter: 20 loss: 17347.117144194013
24579.478382178735
Iter: 21 loss: 16935.350083468467
24620.506692217943
Iter: 22 loss: 15626.980919708685
22057.441529858363
Iter: 23 loss: 11916.425205828922
52552.7633233532
Iter: 24 loss: 38260.510764793267
462559.950552369
Iter: 25 loss: 46956159.376259349
7529.8213702673547
Iter: 26 loss: 47797.95308739999
35038.945897417332
Iter: 27 loss: 60833.635417343488
22154.612639154082
Iter: 28 loss: 11764.786598009889
22282.500479214494
Iter: 29 loss: 11617.612436574238
201725.51590874916
Iter: 30 loss: 7944280.3642377341
22282.580867793753
Iter: 31 loss: 11617.532983708257
55267.602261983877
Iter: 32 loss: 278414.77681744593
23665.527971858195
Iter: 33 loss: 11360.968949103177
22732.390221723355
Iter: 34 loss: 11332.881783632878
116072.22334901837
Iter: 35 loss: 2295622.0008032755
22732.833259498206
Iter: 36 loss: 11331.546605511241
23871.370647259158
Iter: 37 loss: 10937.135730395563
23052.935542501888
Iter: 38 loss: 10910.437949752313
24929.178239006978
Iter: 39 loss: 11656.627494224849
23143.543680838964
Iter: 40 loss: 8421.9524971309638
20283.223044183444
Iter: 41 loss: 4283.5908920688071
19902.055428556683
Iter: 42 loss: 3685.887205471317
19212.772330888085
Iter: 43 loss: 2913.583348866749
18688.23234632114
Iter: 44 loss: 2473.9021474164929
18015.064417134094
Iter: 45 loss: 1910.4993512640842
16095.59938861776
Iter: 46 loss: 1921.6147544383271
17136.399851858125
Iter: 47 loss: 1287.6422767787592
16801.998183117808
Iter: 48 loss: 1275.6384570217874
16946.760567870209
Iter: 49 loss: 1217.5117822745747
17014.753088376805
Iter: 50 loss: 1125.9546702381206
17054.925531819794
Iter: 51 loss: 943.9847863057937
16936.829495443195
Iter: 52 loss: 789.60531111319142
15828.624636998116
Iter: 53 loss: 544.00990663590164
16538.59135508765
Iter: 54 loss: 478.82290772623048
16338.041448407766
Iter: 55 loss: 408.68918193056129
15237.854084843397
Iter: 56 loss: 532.65313616922822
16065.707713736294
Iter: 57 loss: 355.81729071624079
16026.428352060273
Iter: 58 loss: 309.81498305072978
16599.763716741636
Iter: 59 loss: 364.18640136771307
16141.423713253469
Iter: 60 loss: 298.18420813802157
15936.73073084904
Iter: 61 loss: 285.60244280717404
16368.084995497529
Iter: 62 loss: 306.24886558370474
16049.72850128808
Iter: 63 loss: 281.43383478616136
16090.128427927903
Iter: 64 loss: 281.41243079787057
16066.532983925597
Iter: 65 loss: 281.22283523295607
-1253718.9211463213
Iter: 1 loss: 365448173.49136907
3787361.6557775647
Iter: 2 loss: 2183091.4356168285
297530.66205707763
Iter: 3 loss: 5448422.6925628455
-3114593.8757765661
Iter: 4 loss: 2460253538.1529741
14370.998289202365
Iter: 5 loss: 194530.52643498968
-517013.51788585685
Iter: 6 loss: 37771435.484846473
-9226969.4148525652
Iter: 7 loss: 19173059718.207153
-1329680.4571338005
Iter: 8 loss: 444207076.608552
-26671.690738999725
Iter: 9 loss: 207145.17327612807
-26664.008962176686
Iter: 10 loss: 206956.390095815
-26633.63086600681
Iter: 11 loss: 206207.09659355873
-26517.665889352535
Iter: 12 loss: 203302.06976208364
-26140.358501899205
Iter: 13 loss: 193080.00497299561
-25896.122010594576
Iter: 14 loss: 170364.47906519243
-26177.142787191635
Iter: 15 loss: 168362.01214635643
-26247.558175690945
Iter: 16 loss: 167710.73980500147
-26219.095902811798
Iter: 17 loss: 165955.78053284346
-25803.447122480662
Iter: 18 loss: 161650.96762633786
-24301.592348524649
Iter: 19 loss: 151140.32453474894
-20915.542735537765
Iter: 20 loss: 130260.87538600169
-16744.234965318567
Iter: 21 loss: 103170.84020247942
-14602.833249727333
Iter: 22 loss: 88152.352216747211
-12323.9065220066
Iter: 23 loss: 77151.472181237637
-9635.06604500251
Iter: 24 loss: 67854.2842803969
-9039.3354670164226
Iter: 25 loss: 66513.9567907807
-8873.1815568159327
Iter: 26 loss: 66256.491989855946
-8740.512657618332
Iter: 27 loss: 65961.491458724224
-7664.8628922148382
Iter: 28 loss: 63053.659769293394
-6623.8917934575984
Iter: 29 loss: 58827.652065502254
-6671.6350769957744
Iter: 30 loss: 54532.480487441717
-5574.6447778843994
Iter: 31 loss: 50754.336898919864
-5065.5198731000419
Iter: 32 loss: 48032.401242437467
-4970.3310812964055
Iter: 33 loss: 47947.136110763437
-4634.5523443814545
Iter: 34 loss: 47535.698834227973
-4029.9142322610487
Iter: 35 loss: 46516.855362383161
-2683.1118197988162
Iter: 36 loss: 43806.702995952364
-914.46469937576512
Iter: 37 loss: 39431.9565937616
912.80710182900657
Iter: 38 loss: 33260.711733195014
1223.1485030754711
Iter: 39 loss: 28575.028182655369
701.12579140874277
Iter: 40 loss: 27627.655578479331
729.42773982470408
Iter: 41 loss: 26789.851604223753
Iter: 1 loss: 0.00025809621951528949
Iter: 2 loss: 0.26023278199334821
Iter: 3 loss: 0.00025763981979641114
19841.048014573455
Iter: 1 loss: 16855.284357632503
30677.04803759206
Iter: 2 loss: 6960.3572556030094
30830.537802212111
Iter: 3 loss: 6726.957878992278
31462.245799095341
Iter: 4 loss: 5856.5763953087926
47363.273677288969
Iter: 5 loss: 1090.9402008503348
35300.789839527795
Iter: 6 loss: 954.36188139321689
36392.553814601924
Iter: 7 loss: 541.69243547680276
22708.006262598021
Iter: 8 loss: 2738.5972163928723
33979.074127153239
Iter: 9 loss: 212.92037771649842
28020.951519097627
Iter: 10 loss: 146.43566027754986
23946.369773402315
Iter: 11 loss: 99.351852727344067
22199.116372840275
Iter: 12 loss: 89.561337724977349
20910.64694796742
Iter: 13 loss: 79.014427213837678
18231.190929376051
Iter: 14 loss: 59.581740308039507
15054.795075946884
Iter: 15 loss: 41.771974881721121
15850.603621634196
Iter: 16 loss: 40.078197109549485
15585.908495314005
Iter: 17 loss: 34.551468403644975
14334.446532082879
Iter: 18 loss: 32.789746302463413
15241.200604899746
Iter: 19 loss: 30.019428554137811
16034.242010671336
Iter: 20 loss: 29.03325551826229
16032.233367630808
Iter: 21 loss: 28.361851591377697
15589.808051567979
Iter: 22 loss: 25.699822536579845
15312.601274842733
Iter: 23 loss: 25.574899193509456
15465.836957914384
Iter: 24 loss: 25.450370885215044
15530.990446429147
Iter: 25 loss: 25.249699153691111
15641.258705763374
Iter: 26 loss: 24.707006499600883
15448.341909277293
Iter: 27 loss: 23.722962357060261
14055.472823113016
Iter: 28 loss: 22.787870815266693
14910.755755767053
Iter: 29 loss: 22.46159400400439
13213.621621843778
Iter: 30 loss: 20.392621441380349
12928.762051684633
Iter: 31 loss: 22.602681509335625
13120.949632354477
Iter: 32 loss: 19.966817439765421
13113.950070509181
Iter: 33 loss: 19.857359229993889
12231.31461726726
Iter: 34 loss: 19.698235900764612
12415.26367353095
Iter: 35 loss: 19.528267461689492
12338.666643383596
Iter: 36 loss: 19.457491305533807
11950.566551854568
Iter: 37 loss: 19.331961952690015
14047.702861772086
Iter: 1 loss: 9590.1060621169072
6826505.9050925048
Iter: 2 loss: 3006904030.5338988
14047.728823004967
Iter: 3 loss: 9590.0528183572278
14050.64994412542
Iter: 4 loss: 9585.19121748244
14051.454855698625
Iter: 5 loss: 9583.9735916204336
14054.652922006395
Iter: 6 loss: 9579.1207069296743
14067.100727833182
Iter: 7 loss: 9559.98986260607
14111.429446080452
Iter: 8 loss: 9487.8864098493868
14096.432882080075
Iter: 9 loss: 9108.604747688365
14061.222870461203
Iter: 10 loss: 9091.5207321797643
14029.769855623841
Iter: 11 loss: 9079.0806376926521
14032.968298070606
Iter: 12 loss: 9077.6613168098665
14040.025567008974
Iter: 13 loss: 9075.38721119463
14044.987394070475
Iter: 14 loss: 9073.3159772583385
14053.148787360085
Iter: 15 loss: 9067.5028619790355
14063.279595337492
Iter: 16 loss: 9053.5379269646437
14071.440945885217
Iter: 17 loss: 9019.4864761984718
14052.804504574357
Iter: 18 loss: 8949.2051757360114
13936.670037862224
Iter: 19 loss: 8838.4205530001527
13670.442712229338
Iter: 20 loss: 8719.4359433276641
13468.114231452782
Iter: 21 loss: 8662.6264541999826
13549.416628076633
Iter: 22 loss: 8655.6865858539768
13550.220606467108
Iter: 23 loss: 8655.4247554335852
13552.026269167021
Iter: 24 loss: 8655.2100035934345
13553.312666607033
Iter: 25 loss: 8654.72112844934
13555.549311183702
Iter: 26 loss: 8653.42916374117
13559.054775154606
Iter: 27 loss: 8650.0647995428153
13564.755745372851
Iter: 28 loss: 8641.325449044456
13573.427772459334
Iter: 29 loss: 8618.9943269577416
13582.26758982789
Iter: 30 loss: 8564.37053559824
13565.459847809871
Iter: 31 loss: 8445.7791314944425
13442.581371528391
Iter: 32 loss: 8248.2230739269362
13211.402865184291
Iter: 33 loss: 8019.1249686812171
13111.406799074855
Iter: 34 loss: 7841.0367529994219
13168.732527374967
Iter: 35 loss: 7802.6384139115835
13085.37534810404
Iter: 36 loss: 7801.2879250201286
Iter: 1 loss: 0.00025248345256182771
Iter: 2 loss: 0.020876618012810502
Iter: 3 loss: 0.00026163198617282343
Iter: 4 loss: 0.00025205719209516045
10065.781340940313
Iter: 1 loss: 168.76650126336216
-21995.23696511444
Iter: 2 loss: 7269.5936937543966
20938.753551816248
Iter: 3 loss: 2211.0359197725993
13497.052413738358
Iter: 4 loss: 43.200151296655164
12909.633441442536
Iter: 5 loss: 29.925269069582921
12743.951416032207
Iter: 6 loss: 29.129541940312691
12759.654339185696
Iter: 7 loss: 29.012122215269144
12822.317019532875
Iter: 8 loss: 28.563621153463185
13070.799805519669
Iter: 9 loss: 27.102310503165068
13106.717514317486
Iter: 10 loss: 23.474000578202869
12788.35806827992
Iter: 11 loss: 22.74012199361518
12673.884016737593
Iter: 12 loss: 22.658504253253074
12690.970151400626
Iter: 13 loss: 22.598025480923603
12758.790125844596
Iter: 14 loss: 22.37389500104856
13687.43885370546
Iter: 15 loss: 20.627920370583766
13767.364627305693
Iter: 16 loss: 19.33524702194628
13237.927250163008
Iter: 17 loss: 18.806113781013721
12910.205366101884
Iter: 18 loss: 18.212071537331873
12497.548089325064
Iter: 19 loss: 18.042398872596177
12222.074447614623
Iter: 20 loss: 17.951364004876314
12052.964327394937
Iter: 21 loss: 17.552111065477835
11790.857977364347
Iter: 22 loss: 17.221708751816507
11933.901018608947
Iter: 23 loss: 16.966490824274754
11886.408333233061
Iter: 24 loss: 16.419202662119964
11091.22987350545
Iter: 25 loss: 15.90314280748148
10798.319641716194
Iter: 26 loss: 15.856980848151233
10947.935075345482
Iter: 27 loss: 15.794710067582022
10445.102325695225
Iter: 28 loss: 15.681595087034657
10405.883499595138
Iter: 29 loss: 15.441231581674128
10206.437934519792
Iter: 30 loss: 15.142220311790052
10213.014636141141
Iter: 31 loss: 15.104688528129795
10167.823909518218
Iter: 32 loss: 15.087663379149294
10122.521849835292
Iter: 33 loss: 15.039437366181229
10100.631048145791
Iter: 34 loss: 14.82684147957907
10023.775470028326
Iter: 35 loss: 14.413861034439627
9670.86522179367
Iter: 36 loss: 13.80993365909146
9617.7297572100579
Iter: 37 loss: 13.395649033069212
6557.5434066579064
Iter: 1 loss: 20129.230079789653
-66857.386394976435
Iter: 2 loss: 993062.46524645807
-4438.0166224072727
Iter: 3 loss: 442.26910575838508
-691222.01677586732
Iter: 4 loss: 99837427.525590479
6706.8891746779937
Iter: 5 loss: 19630.098179797027
8700.7827846285982
Iter: 6 loss: 13536.278337400607
9128.1130072510241
Iter: 7 loss: 12323.130012695969
9220.1731356735872
Iter: 8 loss: 12008.553669857694
9220.6076023251662
Iter: 9 loss: 11985.627488897775
9222.0251517289616
Iter: 10 loss: 11954.80614775616
9226.8263677038067
Iter: 11 loss: 11859.112726534027
9225.990584339439
Iter: 12 loss: 11660.062439940062
9169.70605990916
Iter: 13 loss: 11330.089444487137
9090.2802157395818
Iter: 14 loss: 11029.321145144555
9105.7876209461028
Iter: 15 loss: 10866.535739454348
9153.3336792891841
Iter: 16 loss: 10832.896225930221
9162.0622124362817
Iter: 17 loss: 10831.124008438719
9185.53872122689
Iter: 18 loss: 10824.76136454106
9225.4208123263834
Iter: 19 loss: 10809.922553315948
9304.16487327452
Iter: 20 loss: 10771.201073613534
9444.6702449648874
Iter: 21 loss: 10682.418283246836
9664.31650126881
Iter: 22 loss: 10508.050531585526
9890.741465463434
Iter: 23 loss: 10290.876632843001
9987.24055178875
Iter: 24 loss: 10194.871863014718
9998.2629818432451
Iter: 25 loss: 10183.596005196028
9996.2896482458982
Iter: 26 loss: 10179.988345683643
9982.9613870334542
Iter: 27 loss: 10175.372815609973
9971.0911920413619
Iter: 28 loss: 10172.972375541762
9976.561819946226
Iter: 29 loss: 10124.445851898863
10015.288109381871
Iter: 30 loss: 9952.2924828978139
10025.897361048028
Iter: 31 loss: 9943.1753296796342
10032.559707578954
Iter: 32 loss: 9941.5861349104944
10035.313191346197
Iter: 33 loss: 9940.709675079328
10044.196245469575
Iter: 34 loss: 9935.5055631050527
10053.842259352097
Iter: 35 loss: 9922.824731493416
Iter: 1 loss: 0.00024330044080060712
Iter: 2 loss: 0.66360393212006119
Iter: 3 loss: 0.00024058206201374427
Iter: 4 loss: 0.00024029538465804361
66937894.437461071
Iter: 1 loss: 1092095829584.6901
112482.9143329142
Iter: 2 loss: 557815.42887813947
29497.403708339771
Iter: 3 loss: 113137.42457163737
29497.403177154505
Iter: 4 loss: 113137.42252381335
29497.401052585363
Iter: 5 loss: 113137.41433322191
29497.392554075348
Iter: 6 loss: 113137.38156977469
29497.358560195433
Iter: 7 loss: 113137.25051696325
29497.222584694748
Iter: 8 loss: 113136.72630644782
29496.678682154321
Iter: 9 loss: 113134.62947747961
29494.503065295212
Iter: 10 loss: 113126.24238055677
29485.8004895768
Iter: 11 loss: 113092.69748550246
29450.988453870792
Iter: 12 loss: 112958.57379259277
29311.712578254039
Iter: 13 loss: 112422.97361596819
28754.164872669786
Iter: 14 loss: 110294.91170895137
26516.836359816778
Iter: 15 loss: 102013.71497590045
17451.368251927724
Iter: 16 loss: 72692.946533915863
-24069.036397654425
Iter: 17 loss: 23451.806838468718
-16448.80034766662
Iter: 18 loss: 19041.868206775816
-13775.706456866748
Iter: 19 loss: 15527.658136057253
-9680.305949554242
Iter: 20 loss: 6750.5617188928591
-10824.93979409946
Iter: 21 loss: 3240.4545167936208
-12748.891982900559
Iter: 22 loss: 2075.88649930654
-13298.868191134632
Iter: 23 loss: 1960.3774932693009
-13373.207769891605
Iter: 24 loss: 1929.190209416058
-13369.729213696064
Iter: 25 loss: 1834.300276870908
-13094.544145181146
Iter: 26 loss: 1617.9544896004854
-12290.131873718585
Iter: 27 loss: 1280.1885069138912
-9670.8963080867761
Iter: 28 loss: 940.335980310774
-7095.1093537610013
Iter: 29 loss: 840.36184869353519
-5788.8948107156994
Iter: 30 loss: 806.2759279048762
-806.65507110199019
Iter: 31 loss: 694.2601008097281
3914.8950504129225
Iter: 32 loss: 582.341889737967
8386.8324197765378
Iter: 33 loss: 435.78773587407511
10650.259385865696
Iter: 34 loss: 401.12142931239441
11681.462103805148
Iter: 35 loss: 397.90817457897128
11910.939541283768
Iter: 36 loss: 395.89911946430726
14727.537393324226
Iter: 37 loss: 375.39616106440843
17356.354638214681
Iter: 38 loss: 352.81444027913415
22247.10938297346
Iter: 39 loss: 304.73128511659309
22948.17576034784
Iter: 40 loss: 261.69590042720006
20582.818497068449
Iter: 41 loss: 259.7699454074907
21728.40442911963
Iter: 42 loss: 252.73215909205962
22561.5394041314
Iter: 43 loss: 238.39871040832477
22630.802810961963
Iter: 44 loss: 230.60654508420222
23490.333201361813
Iter: 45 loss: 219.56463719419318
-138460.83458639268
Iter: 1 loss: 1117194.0880097253
3489989.9338171328
Iter: 2 loss: 1608316.2043645072
320910.79748408869
Iter: 3 loss: 12189381.32467472
-108128.88582863114
Iter: 4 loss: 3296168.8804102363
-185622.72764219422
Iter: 5 loss: 9610208.2657932676
-592568.13639635488
Iter: 6 loss: 53914633.532246545
-487710.84989473078
Iter: 7 loss: 37578717.274308667
-133856.15722296917
Iter: 8 loss: 1152349.8566684022
-131542.97924095893
Iter: 9 loss: 1009353.8599329436
-130194.79741995872
Iter: 10 loss: 986079.0160134132
-125104.25567837039
Iter: 11 loss: 901617.51744760433
-101212.09659441124
Iter: 12 loss: 577348.88382134377
-89699.18634873486
Iter: 13 loss: 457305.58953408664
-80117.485339488514
Iter: 14 loss: 373764.61455600715
-74409.405677648043
Iter: 15 loss: 327030.70960116707
-72415.7079811761
Iter: 16 loss: 313554.81107145979
-72093.3721136834
Iter: 17 loss: 312410.015202438
-71618.18031566398
Iter: 18 loss: 310768.52949657268
-70262.822481236159
Iter: 19 loss: 306477.64894058282
-69185.189587204208
Iter: 20 loss: 303013.20345984679
-67708.55559798461
Iter: 21 loss: 297398.05871345056
-66020.203696526
Iter: 22 loss: 289228.47125809459
-63440.116978155907
Iter: 23 loss: 272579.48346139793
-62703.918062366749
Iter: 24 loss: 264788.80062901392
-62363.51330897936
Iter: 25 loss: 259759.50503612772
-62212.294706980218
Iter: 26 loss: 258069.71868395939
-61735.93069350419
Iter: 27 loss: 255013.58060419638
-60492.650416502263
Iter: 28 loss: 248630.26557268651
-58255.060797445425
Iter: 29 loss: 237743.09800090027
-54977.248561877408
Iter: 30 loss: 220843.76294971583
-52237.4662244393
Iter: 31 loss: 205646.68300798163
-51368.349106053167
Iter: 32 loss: 199568.81131567771
-51236.110993185866
Iter: 33 loss: 198584.0681128224
-51080.800688679148
Iter: 34 loss: 198030.36034062458
-50760.313314997205
Iter: 35 loss: 197063.13924042939
-50493.740228584851
Iter: 36 loss: 196276.42065914613
-49527.711485594707
Iter: 37 loss: 193101.54066608718
-46901.611203290508
Iter: 38 loss: 184447.93254286717
-42300.861220213541
Iter: 39 loss: 167971.65707224491
Iter: 1 loss: 0.00025071535051150262
Iter: 2 loss: 0.020480858449325484
Iter: 3 loss: 0.0011026334645196491
Iter: 4 loss: 0.00024812653710088687
Iter: 5 loss: 0.00024806050988643047
Iter: 6 loss: 0.00024780910026459593
Iter: 7 loss: 0.0002470031006156177
Iter: 8 loss: 0.00024482011622138254
Iter: 9 loss: 0.00024036929405588288
Iter: 10 loss: 0.00023628172371466144
Iter: 11 loss: 0.00023289380423570862
Iter: 12 loss: 0.00022845425077993364
Iter: 13 loss: 0.00022613104979801252
Iter: 14 loss: 0.0002222748693209416
Iter: 15 loss: 0.00022008133073709506
Iter: 16 loss: 0.00021881264463484909
Iter: 17 loss: 0.00021732623603163377
Iter: 18 loss: 0.00021329418534242635
Iter: 19 loss: 0.00020531538355664033
Iter: 20 loss: 0.00018885905740475065
Iter: 21 loss: 0.00017890925624864127
Iter: 22 loss: 0.00017121301186015444
Iter: 23 loss: 0.00015401358871736117
Iter: 24 loss: 0.00014751524409179514
Iter: 25 loss: 0.00014532252059179133
Iter: 26 loss: 0.00014503329512029998
18615.691372396708
Iter: 1 loss: 9556.6069166700145
72829.638072463582
Iter: 2 loss: 1358814.0810193592
83996.726914660569
Iter: 3 loss: 727429.20027148852
32247.215440527922
Iter: 4 loss: 9809.9705441860351
25387.18527492891
Iter: 5 loss: 311.94879942110697
25383.700793239121
Iter: 6 loss: 311.70756340588258
25369.770093106497
Iter: 7 loss: 310.82446636844486
25311.174855987956
Iter: 8 loss: 302.27506682357819
25309.695677254284
Iter: 9 loss: 285.78623499081755
25560.554094985666
Iter: 10 loss: 232.28423984210934
28360.353803239668
Iter: 11 loss: 194.33209171846443
26185.9704388125
Iter: 12 loss: 157.25613200701588
34633.634552917414
Iter: 13 loss: 4387.4773752212323
26942.9966905213
Iter: 14 loss: 112.34157811741369
27421.233219910515
Iter: 15 loss: 111.91226264908016
27164.64221682708
Iter: 16 loss: 109.2342347432637
27205.163876363826
Iter: 17 loss: 108.86510925736681
27279.411026639085
Iter: 18 loss: 107.82990769041595
26231.6735838297
Iter: 19 loss: 96.423147995866472
17374.270260020596
Iter: 20 loss: 98.654119520405274
21653.313238015828
Iter: 21 loss: 64.801270911707661
18692.348890674664
Iter: 22 loss: 61.394200118696688
19205.5673613408
Iter: 23 loss: 53.153038051160586
18378.114637434977
Iter: 24 loss: 47.469238645409838
15671.0381429809
Iter: 25 loss: 39.961251116150848
14267.63519138292
Iter: 26 loss: 38.245299276620059
13924.53079755426
Iter: 27 loss: 29.784036801177336
13118.974955201822
Iter: 28 loss: 24.182758171522615
13052.64838652754
Iter: 29 loss: 22.96238788546556
13264.161138379286
Iter: 30 loss: 22.566290117133541
13325.516929783076
Iter: 31 loss: 22.531966045134176
13322.718380103688
Iter: 32 loss: 22.53077260991158
13316.029830429672
Iter: 33 loss: 22.521207117426741
13289.21804091036
Iter: 34 loss: 22.484652372212363
13181.061401298679
Iter: 35 loss: 22.36564726436708
12954.202066587823
Iter: 36 loss: 21.928554013870205
12960.48634809449
Iter: 37 loss: 21.625643919102608
13087.483973148039
Iter: 38 loss: 21.554205207825827
13059.710130533194
Iter: 39 loss: 21.551439032454592
13063.232237868666
Iter: 40 loss: 21.550584849219021
13072.642683658487
Iter: 41 loss: 21.54827392135477
-135818.37982827786
Iter: 1 loss: 4760253.1244671671
6636633.5076984167
Iter: 2 loss: 462291068.68309653
2019339.5132519873
Iter: 3 loss: 70755424.060427234
169749.18482932379
Iter: 4 loss: 123099978.99214926
-165673.07880757155
Iter: 5 loss: 4398399.3627907662
-8093366.87471598
Iter: 6 loss: 16020311041.709425
-134840.8539723666
Iter: 7 loss: 4695156.3295879988
-92129.128667564335
Iter: 8 loss: 2294809.9716444882
-73380.505730363759
Iter: 9 loss: 1513550.6049411618
-54542.421478981109
Iter: 10 loss: 893871.00314140273
-41283.711227518623
Iter: 11 loss: 555772.275716421
-30768.014588786711
Iter: 12 loss: 344227.35518496385
-23038.493742831546
Iter: 13 loss: 219984.36206403948
-17552.048165918313
Iter: 14 loss: 147330.22859946103
-14150.976312515559
Iter: 15 loss: 108170.56189173894
-12608.929093719109
Iter: 16 loss: 90987.6271031892
-12287.360452850509
Iter: 17 loss: 86449.910452001976
-12236.194499144582
Iter: 18 loss: 85594.184643066343
-12113.984392908576
Iter: 19 loss: 84625.165615630453
-11663.037195842306
Iter: 20 loss: 81932.569518797987
-10797.537152412438
Iter: 21 loss: 77690.437402221753
-9565.64133458718
Iter: 22 loss: 72547.440531997156
-7989.1990248468892
Iter: 23 loss: 66455.150520490541
-7130.667723756239
Iter: 24 loss: 64189.70583423278
-6556.6779642825832
Iter: 25 loss: 63151.224812058834
-6213.1076230434865
Iter: 26 loss: 62614.377352234107
-5685.1408781655182
Iter: 27 loss: 60800.298642184491
-4854.14992825809
Iter: 28 loss: 56225.396985561041
-4892.1108598066457
Iter: 29 loss: 56046.055124655541
-4922.2223063470228
Iter: 30 loss: 55948.928699001015
-5023.3464124668335
Iter: 31 loss: 55870.42238785213
-5066.1680263439966
Iter: 32 loss: 55849.56477339167
-5088.84652763927
Iter: 33 loss: 55834.2784710212
-5093.969097367928
Iter: 34 loss: 55823.237596425759
-5099.7076149597287
Iter: 35 loss: 55779.621725657606
-5092.0402072405541
Iter: 36 loss: 55680.409718972194
-5036.7397222716554
Iter: 37 loss: 55407.12260985405
Iter: 1 loss: 0.00014047444459865544
Iter: 2 loss: 0.622412296759325
Iter: 3 loss: 0.00014028273362980205
28989.619162649084
Iter: 1 loss: 60296.053853235731
-1983.2340568588006
Iter: 2 loss: 694693.24647043215
-108960215.2905231
Iter: 3 loss: 2871807687674.1333
28989.613106384466
Iter: 4 loss: 60296.01699421231
28988.96004057637
Iter: 5 loss: 60292.042448129665
-1041536.7031390136
Iter: 6 loss: 214507136.86706552
-76695.026460366382
Iter: 7 loss: 1220420.1170609535
11657.842685178633
Iter: 8 loss: 1745.1443648803488
9273.30243606306
Iter: 9 loss: 1090.2085141992345
9607.9765837176383
Iter: 10 loss: 1070.50132728687
9631.1129469406442
Iter: 11 loss: 1067.5215105614398
9723.6722272226325
Iter: 12 loss: 1057.0147704524911
10136.642467958056
Iter: 13 loss: 980.32452639410815
10668.986727608371
Iter: 14 loss: 844.40952422420855
11058.889221000754
Iter: 15 loss: 676.96740694105688
10948.113619302381
Iter: 16 loss: 532.31459348701878
10660.127920818115
Iter: 17 loss: 500.05390941356274
10618.391302464886
Iter: 18 loss: 499.72017947086636
10616.177894930837
Iter: 19 loss: 499.70856987583483
10603.689194150975
Iter: 20 loss: 499.59127098477126
10593.902225487098
Iter: 21 loss: 499.37201350591408
10586.920378509496
Iter: 22 loss: 498.69098704536509
10607.21400550396
Iter: 23 loss: 496.99196452957273
10733.877192404398
Iter: 24 loss: 492.13106214661184
11376.115363988258
Iter: 25 loss: 474.46683828257528
32949.233225489268
Iter: 26 loss: 46448.796454756637
13559.358754248649
Iter: 27 loss: 518.994157989787
12034.323156631286
Iter: 28 loss: 461.90502005927357
13931.964830526387
Iter: 29 loss: 496.04373719145588
12614.59891241968
Iter: 30 loss: 452.51399610449187
13441.685212344928
Iter: 31 loss: 424.9724579509483
13832.85960103204
Iter: 32 loss: 395.91390795447688
14234.127817186709
Iter: 33 loss: 392.23612925254793
14069.9088603557
Iter: 34 loss: 389.41291270565853
14092.575007520481
Iter: 35 loss: 384.16926001480954
14652.592511917013
Iter: 36 loss: 369.74450361851729
16168.056068497564
Iter: 37 loss: 374.26849526928049
15316.267247527274
Iter: 38 loss: 360.8419220521713
16155.974435962178
Iter: 39 loss: 347.10355509377229
16102.960669750035
Iter: 40 loss: 346.83127648981247
16128.805431905213
Iter: 41 loss: 341.70135711604223
16895.798660500517
Iter: 42 loss: 333.32769401975008
17390.446286749011
Iter: 43 loss: 329.63747274678656
-916957.29167347809
Iter: 1 loss: 163282112.20930341
3812226.6880860538
Iter: 2 loss: 1674217.7513749595
525518.15630047978
Iter: 3 loss: 21799806.362413451
56413.517412566216
Iter: 4 loss: 41429.450698542074
-7713841.372461
Iter: 5 loss: 13444712127.241577
-337899.58950479608
Iter: 6 loss: 14050110.027321845
-297188.24204808963
Iter: 7 loss: 10187812.440217584
-243650.80130012796
Iter: 8 loss: 6053291.35713483
-211318.80565522751
Iter: 9 loss: 4062307.4779812424
-188284.72476704861
Iter: 10 loss: 2873000.2071744623
-176688.86034006573
Iter: 11 loss: 2352574.9861866478
-173053.54058774037
Iter: 12 loss: 2211705.2340946021
-172194.88728051935
Iter: 13 loss: 2187865.4202348054
-171086.08878350438
Iter: 14 loss: 2160156.3173000677
-167663.99328758958
Iter: 15 loss: 2073913.8467035778
-161733.63464124218
Iter: 16 loss: 1912871.7021206548
-155450.80725823814
Iter: 17 loss: 1730800.2187961843
-147961.94634074235
Iter: 18 loss: 1533565.4119253017
-144350.08203164069
Iter: 19 loss: 1466079.896649719
-142768.63239730624
Iter: 20 loss: 1448324.3687794411
-142141.07322520672
Iter: 21 loss: 1442537.4154588168
-141343.04452954206
Iter: 22 loss: 1433286.6254261632
-140081.17611405521
Iter: 23 loss: 1412850.2054789627
-138219.879906149
Iter: 24 loss: 1368465.9237005683
-137071.95868382973
Iter: 25 loss: 1311308.5924461768
-133783.43647164296
Iter: 26 loss: 1224453.1045044123
-124753.47004515407
Iter: 27 loss: 1019287.7389183043
-116518.52820987317
Iter: 28 loss: 877078.007161069
-110026.71964042031
Iter: 29 loss: 780257.78641301626
-92612.790693630377
Iter: 30 loss: 553030.32522828248
-79665.833807152754
Iter: 31 loss: 403959.87362607126
-71415.12566759855
Iter: 32 loss: 315744.90568274155
-67145.785016303387
Iter: 33 loss: 275652.63096584368
-61104.673968906718
Iter: 34 loss: 231803.01418122166
-50147.307694181596
Iter: 35 loss: 165126.84127190785
Iter: 1 loss: 0.00013757768864767754
Iter: 2 loss: 0.65089677625207343
Iter: 3 loss: 0.00013666947345028672
14177.770889025251
Iter: 1 loss: 1516.1264652804896
170353.53011124927
Iter: 2 loss: 1537683.4269531628
35215.85916866851
Iter: 3 loss: 19508.94672962062
18271.610382231273
Iter: 4 loss: 459.84988930834578
18242.439264970206
Iter: 5 loss: 453.56043040564157
18126.711911567352
Iter: 6 loss: 428.84165166207788
17679.300184398864
Iter: 7 loss: 337.14082999514994
14977.493761590013
Iter: 8 loss: 287.11541040942029
16308.779183937004
Iter: 9 loss: 123.54336971230089
14718.754903575233
Iter: 10 loss: 70.223120292934766
14458.4566847916
Iter: 11 loss: 60.637945739653325
14662.744765360821
Iter: 12 loss: 56.965897992573531
14653.118369110278
Iter: 13 loss: 56.75376331621046
14633.262322425053
Iter: 14 loss: 56.45115118070953
14597.880182080276
Iter: 15 loss: 55.970586100247019
14574.557017239549
Iter: 16 loss: 55.709387118149735
14545.259995537563
Iter: 17 loss: 55.594429338055065
14506.127317849794
Iter: 18 loss: 55.5226599680322
14461.569155919555
Iter: 19 loss: 55.461439647521566
14285.742092201128
Iter: 20 loss: 55.248822750995757
13919.929136496563
Iter: 21 loss: 54.850554188440114
13200.293341079283
Iter: 22 loss: 54.151133882065238
12434.169167977419
Iter: 23 loss: 53.423386013295115
12059.402531275835
Iter: 24 loss: 53.02679380382439
12140.502508437181
Iter: 25 loss: 52.916575935742806
12274.706088288358
Iter: 26 loss: 52.856242475831912
12448.015028100144
Iter: 27 loss: 52.743642314499688
12774.143286489492
Iter: 28 loss: 52.416926039198962
13275.347792497552
Iter: 29 loss: 51.64119134203716
14000.554713746544
Iter: 30 loss: 49.93343770083446
14682.180526354741
Iter: 31 loss: 47.143608318130617
14893.114907593561
Iter: 32 loss: 43.03287839563329
14383.321474049488
Iter: 33 loss: 37.157856450753812
14102.420043851784
Iter: 34 loss: 35.394369086208791
14268.864574625015
Iter: 35 loss: 35.010512920433612
14372.295399713361
Iter: 36 loss: 34.884675677863171
-108138.22720051915
Iter: 1 loss: 936932.54707675567
-3761.2697650213508
Iter: 2 loss: 94.240854092996344
29588.487370975316
Iter: 3 loss: 36035.188354722464
-91159.6001393642
Iter: 4 loss: 949985.633045327
-4687474.4723242447
Iter: 5 loss: 3477826955.29394
-106961.63483314484
Iter: 6 loss: 909798.24578089174
-93963.628549087851
Iter: 7 loss: 636209.05483666062
-90943.908902019262
Iter: 8 loss: 585950.66411426873
-88459.9860663527
Iter: 9 loss: 555516.33433889458
-84360.082892448932
Iter: 10 loss: 512542.069077572
-73504.372248262065
Iter: 11 loss: 405954.42973352456
-55876.530791189405
Iter: 12 loss: 249401.77980604768
-43595.570035577548
Iter: 13 loss: 165572.20077010023
-33249.676396025054
Iter: 14 loss: 109744.31747008985
-25420.840317109258
Iter: 15 loss: 75697.046628439988
-19819.455807143244
Iter: 16 loss: 55322.171817664086
-16710.154673568497
Iter: 17 loss: 45555.946747262846
-15673.496071923495
Iter: 18 loss: 42685.773571777063
-15415.888357258256
Iter: 19 loss: 41861.116778706091
-15296.569363280016
Iter: 20 loss: 41204.195576940721
-15331.258339832177
Iter: 21 loss: 40869.51106464264
-15395.863518173139
Iter: 22 loss: 40782.965992741163
-15394.257198318803
Iter: 23 loss: 40721.190245760692
-15278.581412776268
Iter: 24 loss: 40191.903268741313
-14989.293302959459
Iter: 25 loss: 39358.262319476329
-14468.121513378241
Iter: 26 loss: 38227.926647826724
-13923.048750176771
Iter: 27 loss: 37296.537288854161
-13533.317886299417
Iter: 28 loss: 36716.72683503203
-13339.856681517116
Iter: 29 loss: 36546.705558691428
-13247.003709462511
Iter: 30 loss: 36461.14384399329
-13000.615426898781
Iter: 31 loss: 36199.121102382611
-12615.328752097681
Iter: 32 loss: 35738.076491563319
-12076.85040273899
Iter: 33 loss: 35087.575943028387
-11595.291672851023
Iter: 34 loss: 34588.826523641139
-11364.5016129183
Iter: 35 loss: 34260.841021477259
-11342.749432842509
Iter: 36 loss: 34138.888306021305
Iter: 1 loss: 0.00014901028831106422
Iter: 2 loss: 0.58155342318962355
Iter: 3 loss: 0.00014894069676069186
15242.586189001328
Iter: 1 loss: 325.50939792222158
72694.169120490173
Iter: 2 loss: 2638.4370537818968
-18243.278503621954
Iter: 3 loss: 211966.03336283242
14633.300501384841
Iter: 4 loss: 72.973993586858626
14249.7368933551
Iter: 5 loss: 33.313446166585692
14253.269426825835
Iter: 6 loss: 33.26505748730122
14246.024399290778
Iter: 7 loss: 33.226972328479121
14184.17101293608
Iter: 8 loss: 33.030299915833147
14026.537478703987
Iter: 9 loss: 32.642153594675094
13593.278531619773
Iter: 10 loss: 31.729130367682536
12817.896887300725
Iter: 11 loss: 30.261713578630761
11883.94879499831
Iter: 12 loss: 28.4277037855391
11327.924179841537
Iter: 13 loss: 26.88043833679464
11207.901127248299
Iter: 14 loss: 26.425423706259728
11216.146063039423
Iter: 15 loss: 26.308100245617325
11337.748253837468
Iter: 16 loss: 25.817017780299711
11670.88704921335
Iter: 17 loss: 24.938165057717871
12421.344321246066
Iter: 18 loss: 23.541571527123871
13144.53302710806
Iter: 19 loss: 22.679340533750665
13530.002774559671
Iter: 20 loss: 22.460403944947963
13575.281175462609
Iter: 21 loss: 22.424543172278746
13555.333022852748
Iter: 22 loss: 22.416685280784503
13502.335581170464
Iter: 23 loss: 22.392661457806511
13450.232866141427
Iter: 24 loss: 22.349024664712289
13417.59631427237
Iter: 25 loss: 22.261310736500704
13478.637766413394
Iter: 26 loss: 22.159265335945296
13611.912846792133
Iter: 27 loss: 22.084297087948784
13695.41992689323
Iter: 28 loss: 22.063619592448958
13706.633725131582
Iter: 29 loss: 22.060648180299545
13718.509630438713
Iter: 30 loss: 22.053997722296454
13733.434888021617
Iter: 31 loss: 22.036152310926258
13746.608412040972
Iter: 32 loss: 21.989724608580367
13740.507891108373
Iter: 33 loss: 21.864946920333274
-12940.643742417404
Iter: 1 loss: 265304.82217808871
-38017.177579454255
Iter: 2 loss: 297334.09314671712
41805.0625816253
Iter: 3 loss: 438335.71688790363
-188558.85981928988
Iter: 4 loss: 2403314.6738727782
-5264131.46462734
Iter: 5 loss: 3590092691.6219888
-12794.767405246388
Iter: 6 loss: 263074.34713210783
-2388.3612453978949
Iter: 7 loss: 129208.96925376446
2206.7161798579855
Iter: 8 loss: 85718.240697884132
6840.9578764783491
Iter: 9 loss: 51280.759623267062
10123.20347715278
Iter: 10 loss: 32453.041184177364
12722.959067559
Iter: 11 loss: 20700.000823331029
14603.610649814018
Iter: 12 loss: 13874.233817555147
15870.074401240981
Iter: 13 loss: 10038.772556950446
16558.148534437685
Iter: 14 loss: 8200.0317397187573
16814.9181612095
Iter: 15 loss: 7566.7371156138252
16919.025427394721
Iter: 16 loss: 7360.9783860482512
17080.73843174538
Iter: 17 loss: 7101.4950618698331
17521.264615953936
Iter: 18 loss: 6439.6145803219524
18249.790333372563
Iter: 19 loss: 5317.6483147920462
18872.988765610844
Iter: 20 loss: 4397.5772045542944
18918.496139482369
Iter: 21 loss: 4324.2661270240424
18916.859484763379
Iter: 22 loss: 4321.2374432901106
18915.783236200015
Iter: 23 loss: 4320.4729683878813
18905.428956426789
Iter: 24 loss: 4313.2926865252075
18899.676360195241
Iter: 25 loss: 4306.12279098735
18892.178866306665
Iter: 26 loss: 4283.1366873989518
18891.30449007171
Iter: 27 loss: 4237.9974405743924
18902.09615981457
Iter: 28 loss: 4158.1500902778271
18932.042793313918
Iter: 29 loss: 4074.4100821656457
18993.824242945622
Iter: 30 loss: 4011.8287796090062
19036.732755264085
Iter: 31 loss: 3996.6963413273111
19042.499834901122
Iter: 32 loss: 3996.0922862959042
19050.199541948212
Iter: 33 loss: 3994.982441375605
19064.412062485608
Iter: 34 loss: 3991.9217525566892
19095.376748554645
Iter: 35 loss: 3982.9313788127756
19159.401075371657
Iter: 36 loss: 3959.3982582208719
Iter: 1 loss: 0.00014732339973543116
Iter: 2 loss: 0.38705493778460176
Iter: 3 loss: 0.00014697980062028127
23631.507659944968
Iter: 1 loss: 22064.742918444539
-2905919.2945090714
Iter: 2 loss: 2165761862.5724988
23620.779978216662
Iter: 3 loss: 22034.679000296837
11975.965019401558
Iter: 4 loss: 4884.8048595348391
11270.705723919378
Iter: 5 loss: 4593.5146529784543
9814.9522946426732
Iter: 6 loss: 3685.8043456264922
8621.0964904612265
Iter: 7 loss: 2236.9497423677972
8795.5370534513731
Iter: 8 loss: 508.79739564955457
10104.360707309099
Iter: 9 loss: 87.0563169828783
10384.220051082075
Iter: 10 loss: 75.045035476581617
10459.089237034914
Iter: 11 loss: 74.065650420096816
10462.061091824842
Iter: 12 loss: 74.040143329481438
10485.214724142383
Iter: 13 loss: 73.835003931459909
10578.011352800359
Iter: 14 loss: 73.088260298732507
11670.048448991685
Iter: 15 loss: 66.448377840178154
13280.202744817196
Iter: 16 loss: 59.249893701644339
14928.929984103881
Iter: 17 loss: 51.76942643496956
15786.452957815069
Iter: 18 loss: 47.07637959114259
16375.131143779719
Iter: 19 loss: 46.820443969269917
16361.361239242597
Iter: 20 loss: 46.755985807934593
16419.648016703508
Iter: 21 loss: 46.740386510804115
16454.795511831355
Iter: 22 loss: 46.733992255343608
16483.275304257382
Iter: 23 loss: 46.686618148692716
16610.459574619119
Iter: 24 loss: 46.046921468642878
16482.28729439764
Iter: 25 loss: 45.062109516226187
15751.426875176645
Iter: 26 loss: 43.249845946572542
14553.176902033214
Iter: 27 loss: 41.7029384027898
14032.643771147368
Iter: 28 loss: 41.393505641084957
14003.847321869229
Iter: 29 loss: 41.361906991064316
14002.988304191756
Iter: 30 loss: 41.334973497562508
14006.517563103271
Iter: 31 loss: 41.273939898605349
14003.944548343432
Iter: 32 loss: 41.146542060964549
13980.154644023434
Iter: 33 loss: 40.796997487036677
13905.541870074605
Iter: 34 loss: 40.031337669963818
-253924.99208333
Iter: 1 loss: 8392571.1738628242
-5596.356674754159
Iter: 2 loss: 1218.0835107588111
97878684.546790883
Iter: 3 loss: 2338280329262.2959
-253575.948010998
Iter: 4 loss: 8368229.3953289315
-182062.85780122026
Iter: 5 loss: 4156825.61297454
-150481.73776979314
Iter: 6 loss: 2775218.1973824571
-119074.58080048488
Iter: 7 loss: 1680536.0387779856
-97511.73773294632
Iter: 8 loss: 1086904.6803059527
-81620.220534114371
Iter: 9 loss: 732305.17650417844
-71863.386420165771
Iter: 10 loss: 553899.269062943
-67304.548121113359
Iter: 11 loss: 488513.27230522159
-65887.8146407594
Iter: 12 loss: 475641.43302814115
-65133.758987910725
Iter: 13 loss: 469571.45080522582
-62636.9168488418
Iter: 14 loss: 448409.55263882293
-57558.963271560351
Iter: 15 loss: 403007.01137968479
-47822.53105123392
Iter: 16 loss: 312546.63225393207
-36877.698761441745
Iter: 17 loss: 212664.01109749393
-29297.180425556
Iter: 18 loss: 154558.71669866424
-23862.370462415456
Iter: 19 loss: 115719.38951948195
-21657.425490294234
Iter: 20 loss: 96972.665039622123
-21522.532690464403
Iter: 21 loss: 93204.278534325655
-20997.983071020892
Iter: 22 loss: 90430.196051033592
-19354.98730828286
Iter: 23 loss: 84846.417707212633
-19054.255414051513
Iter: 24 loss: 84241.407863550179
-18935.042001887447
Iter: 25 loss: 83976.13895052197
-18676.054232351529
Iter: 26 loss: 83175.425935817257
-17017.123339992464
Iter: 27 loss: 77320.720776822811
-13818.533808177446
Iter: 28 loss: 60611.5481524945
-14750.577071853088
Iter: 29 loss: 58229.843613711564
-13573.775014860723
Iter: 30 loss: 57125.872267656108
-11141.818892425588
Iter: 31 loss: 49814.010135510638
-11031.720952635136
Iter: 32 loss: 49260.608115910349
-10906.320872730823
Iter: 33 loss: 48974.201765758917
-10156.95354091511
Iter: 34 loss: 47792.786027002294
-9675.41097259272
Iter: 35 loss: 47054.292956591817
Iter: 1 loss: 0.00013952850057801121
Iter: 2 loss: 0.019838437519426128
Iter: 3 loss: 0.00046006344100982374
Iter: 4 loss: 0.00013883057590234892
11951.334113422425
Iter: 1 loss: 1154.0496133847673
101341.80966323445
Iter: 2 loss: 442283.42073604558
37001.588005619415
Iter: 3 loss: 37051.412428754149
15553.796762597261
Iter: 4 loss: 223.29609105676263
15549.477128609804
Iter: 5 loss: 222.54180540697189
15532.449278011336
Iter: 6 loss: 220.0974272267145
15699.746615741216
Iter: 7 loss: 208.85648790412534
16652.582862408155
Iter: 8 loss: 174.84074257555989
19417.959748808385
Iter: 9 loss: 118.06282842234646
21386.402487734304
Iter: 10 loss: 111.24773871986861
20613.411611084492
Iter: 11 loss: 109.09974720766567
20614.916948096288
Iter: 12 loss: 108.80918570346819
20315.201119526668
Iter: 13 loss: 107.22451522042807
19995.990502270706
Iter: 14 loss: 106.54100117150045
19351.09043865178
Iter: 15 loss: 105.18503041097625
18259.935038025738
Iter: 16 loss: 102.41461015443394
15973.741478349211
Iter: 17 loss: 95.632099566492883
13692.89097259305
Iter: 18 loss: 84.278645724823178
12656.5013252631
Iter: 19 loss: 77.620648517397669
12649.868689740553
Iter: 20 loss: 76.032830246774267
12787.951080314726
Iter: 21 loss: 75.341962806778128
13085.894916524478
Iter: 22 loss: 74.03899990308517
13676.058080865892
Iter: 23 loss: 71.170467197237372
14310.749722954777
Iter: 24 loss: 66.4576354308061
14804.322891829477
Iter: 25 loss: 64.027984998707922
14517.880427575168
Iter: 26 loss: 63.549802284235369
14366.54390011505
Iter: 27 loss: 63.499833154029034
14279.933885303235
Iter: 28 loss: 63.475542878642962
14198.792833154659
Iter: 29 loss: 63.427455959260072
14064.185651184467
Iter: 30 loss: 63.286845339265554
13886.549479022466
Iter: 31 loss: 62.946744689089577
13652.841174564368
Iter: 32 loss: 62.070098095232254
13491.784227589576
Iter: 33 loss: 60.267291697989378
13672.581447806537
Iter: 34 loss: 57.767924577221578
-87125.296911582336
Iter: 1 loss: 794040.12407966412
-5858.6307897866118
Iter: 2 loss: 1584.5342633939763
97327.802614589615
Iter: 3 loss: 1788804.2726729522
-1272011.4184610606
Iter: 4 loss: 189285315.35971209
-195054.11162057114
Iter: 5 loss: 4086804.2030941574
-54410.357530967995
Iter: 6 loss: 174564.6177191285
-54017.524465842354
Iter: 7 loss: 172317.17484116374
-53176.3415891005
Iter: 8 loss: 169060.54486374115
-53083.435794476056
Iter: 9 loss: 168750.15012691048
-52075.086546117731
Iter: 10 loss: 165094.735768702
-50463.934251140265
Iter: 11 loss: 158695.74810914067
-47089.855937287481
Iter: 12 loss: 143320.64889021931
-43881.743884636438
Iter: 13 loss: 124388.60542922825
-43391.742636767027
Iter: 14 loss: 117326.99382187473
-43382.385730077993
Iter: 15 loss: 116013.18294883972
-43410.523643443026
Iter: 16 loss: 114441.60577829316
-43432.613869186251
Iter: 17 loss: 114377.63985990618
-43437.478831219327
Iter: 18 loss: 114286.75544355623
-43469.109639671275
Iter: 19 loss: 114004.07861126791
-43557.460954440612
Iter: 20 loss: 112830.93186786663
-43910.737026237708
Iter: 21 loss: 110970.14728406088
-43952.225013141928
Iter: 22 loss: 110127.87702382632
-43808.846650492458
Iter: 23 loss: 107225.66371132682
-43055.922487055388
Iter: 24 loss: 102668.87495111139
-40471.520170519507
Iter: 25 loss: 92347.757944221492
-36063.918828108806
Iter: 26 loss: 77880.508113570017
-32043.329215174825
Iter: 27 loss: 64712.686534024906
-31777.005626614591
Iter: 28 loss: 64043.206495033257
-31416.327699063178
Iter: 29 loss: 63272.843940689665
-31195.369515505816
Iter: 30 loss: 62942.588583729623
-31124.985379923994
Iter: 31 loss: 62782.203619552238
-31015.615765512121
Iter: 32 loss: 62399.03805182306
-30705.105215304848
Iter: 33 loss: 61304.367728031866
-28824.705473637459
Iter: 34 loss: 55042.412048806116
-26768.785252253318
Iter: 35 loss: 49556.745949097487
-24871.285609325805
Iter: 36 loss: 45491.282539455373
Iter: 1 loss: 0.00014498507896622465
Iter: 2 loss: 0.62769561146181729
Iter: 3 loss: 0.00014463827862762053
15540.099032587997
Iter: 1 loss: 726.64621037601023
6234.4206936787014
Iter: 2 loss: 344948.99281896476
-6990.88639913739
Iter: 3 loss: 23997.168714760031
12951.454973787051
Iter: 4 loss: 305.33400058282461
12943.5149639118
Iter: 5 loss: 304.66038608596563
12911.780910298477
Iter: 6 loss: 302.01222859415822
12785.261354226996
Iter: 7 loss: 292.15690430359922
11793.55860718568
Iter: 8 loss: 188.90628430624875
11462.15558602033
Iter: 9 loss: 136.25020745415773
11597.643018862898
Iter: 10 loss: 133.40244549406657
11711.248849234169
Iter: 11 loss: 132.83390116069222
11720.690055514304
Iter: 12 loss: 132.80626681434853
11771.121278990711
Iter: 13 loss: 132.59470048998406
11871.345843919078
Iter: 14 loss: 132.08669075648476
12087.967384457435
Iter: 15 loss: 130.82896800817372
12503.669080182612
Iter: 16 loss: 128.19429424653882
13113.631384043536
Iter: 17 loss: 124.13966688108871
13655.233314295052
Iter: 18 loss: 120.2398564866223
13815.470723267135
Iter: 19 loss: 118.62785711322698
13761.448484658886
Iter: 20 loss: 118.42945028737296
13737.60773940545
Iter: 21 loss: 118.38643884876774
13717.733696394218
Iter: 22 loss: 118.24977944270337
13765.468449624572
Iter: 23 loss: 117.867371479251
14052.889327076737
Iter: 24 loss: 116.92524134329588
14935.414759782177
Iter: 25 loss: 114.96678633923572
16614.645715754359
Iter: 26 loss: 112.41097563474079
17441.742529285293
Iter: 27 loss: 110.93692725142026
17664.337085559549
Iter: 28 loss: 110.09225720202778
17958.307594907812
Iter: 29 loss: 109.98753313044472
18131.565910537909
Iter: 30 loss: 109.84494885061663
18701.660847442759
Iter: 31 loss: 109.19602866879853
19453.276983545715
Iter: 32 loss: 107.87153905551335
21001.521724766753
Iter: 33 loss: 106.73127240921671
19975.569936778295
Iter: 34 loss: 106.09023905731175
21877.941853116296
Iter: 35 loss: 128.33057353106045
20372.411624273147
Iter: 36 loss: 103.18794081411002
19972.578043457579
Iter: 37 loss: 99.2094337589903
20091.895204124416
Iter: 38 loss: 98.404257266570539
-227191.30870810119
Iter: 1 loss: 2973003.94581794
-6965.6898313128713
Iter: 2 loss: 3164.7097250193988
-2737369.9004084244
Iter: 3 loss: 1856896200.2417784
-42463265.401900649
Iter: 4 loss: 220695408667.67038
-229044.98902263015
Iter: 5 loss: 2960293.9010784039
-206806.55155808807
Iter: 6 loss: 2085739.7293250589
-206756.6243384461
Iter: 7 loss: 2084586.6897391193
-206558.02302985245
Iter: 8 loss: 2080005.9227189871
-205781.20767990165
Iter: 9 loss: 2062177.5293401498
-202947.61343454683
Iter: 10 loss: 1998333.5362460685
-190229.86622795588
Iter: 11 loss: 1730489.2715556917
-176772.4434623702
Iter: 12 loss: 1480700.0718394809
-164649.7392656891
Iter: 13 loss: 1298348.4282561045
-152406.29359208504
Iter: 14 loss: 1148488.9955792578
-148528.1383348151
Iter: 15 loss: 1126558.9272593786
-147117.64324182036
Iter: 16 loss: 1121726.4134094648
-146530.99474253581
Iter: 17 loss: 1119184.9156295946
-144966.40555418079
Iter: 18 loss: 1110166.6247763466
-141920.88579451863
Iter: 19 loss: 1082837.3438526434
-135128.250534639
Iter: 20 loss: 1018147.4938123312
-130723.5783854129
Iter: 21 loss: 981650.63473296049
-126980.67584577005
Iter: 22 loss: 951909.70644824021
-120830.84481007754
Iter: 23 loss: 893247.83402515121
-114086.23011335819
Iter: 24 loss: 802862.025085925
-111943.95036916765
Iter: 25 loss: 729845.82933505054
-111543.47710076447
Iter: 26 loss: 696717.264999993
-109956.29192287321
Iter: 27 loss: 668736.85259502882
-109910.15092019545
Iter: 28 loss: 667960.00855993223
-109745.37381519738
Iter: 29 loss: 667605.04538824782
-109199.10916302921
Iter: 30 loss: 666848.73114946857
-108772.83425314624
Iter: 31 loss: 666157.78291154664
-108231.86028801386
Iter: 32 loss: 665002.64477564546
-107894.56400081328
Iter: 33 loss: 663927.27250537719
-107668.53381438945
Iter: 34 loss: 662489.1673974914
-107464.41944702038
Iter: 35 loss: 659980.5231920029
-107090.86922900403
Iter: 36 loss: 654379.76877269277
-105838.0501495451
Iter: 37 loss: 637559.48592623486
-102008.58207448253
Iter: 38 loss: 590409.91860899073
Iter: 1 loss: 0.0001450685843325964
Iter: 2 loss: 0.38878453750898911
Iter: 3 loss: 0.00014417678284908846
22444.135274387208
Iter: 1 loss: 748.13312252140793
-870984.70843453333
Iter: 2 loss: 164630254.16692662
21423.889874511293
Iter: 3 loss: 361.29408522428611
20040.983368823912
Iter: 4 loss: 177.74480788726325
20088.43563538848
Iter: 5 loss: 177.03777459252046
20137.833138344249
Iter: 6 loss: 175.80366330572846
20229.148402339822
Iter: 7 loss: 172.1630350925025
20330.315783964397
Iter: 8 loss: 165.11857951397675
20388.744725698132
Iter: 9 loss: 153.92199282835551
20293.865538414731
Iter: 10 loss: 142.77235954799536
20143.720686531262
Iter: 11 loss: 138.901052953101
20095.2193331228
Iter: 12 loss: 138.5944354053716
20078.52753980257
Iter: 13 loss: 138.48968353188343
20040.900166019117
Iter: 14 loss: 138.16190963794691
19968.138359915531
Iter: 15 loss: 137.35460973050033
19802.018469336246
Iter: 16 loss: 135.17012455611032
19422.273316712624
Iter: 17 loss: 129.50130336974357
18481.554546324576
Iter: 18 loss: 113.87439728355393
15824.03346111588
Iter: 19 loss: 71.877227417500549
13426.555017210403
Iter: 20 loss: 54.995569041820382
13698.043418781017
Iter: 21 loss: 33.162298158884724
13609.298414745495
Iter: 22 loss: 30.920973002494954
13628.091224939744
Iter: 23 loss: 30.459584023866846
13793.849399667455
Iter: 24 loss: 29.83666624245091
14038.327635526646
Iter: 25 loss: 29.416450827690209
14117.234696807918
Iter: 26 loss: 29.333674266920507
14132.238113896447
Iter: 27 loss: 29.321394878793139
14132.927575047992
Iter: 28 loss: 29.320891585591511
14132.890558974814
Iter: 29 loss: 29.320359781867516
14131.956390856989
Iter: 30 loss: 29.318559062283242
14128.515148319675
Iter: 31 loss: 29.314289584778322
14117.289367668398
Iter: 32 loss: 29.302845427985567
-171371.29473947265
Iter: 1 loss: 3457279.4509377684
4129976.7111575031
Iter: 2 loss: 2184495.06636983
739127.32592134411
Iter: 3 loss: 34142408.140526652
55848.630713412043
Iter: 4 loss: 2246650.3099437086
-20781.186279429457
Iter: 5 loss: 845555.11782908277
15156.660615544064
Iter: 6 loss: 28208.074890392465
-273291.20776502445
Iter: 7 loss: 12741391.151381955
-498150.30648692528
Iter: 8 loss: 20503285.181238957
-72116.010133712858
Iter: 9 loss: 702923.54608094413
-61926.163535882268
Iter: 10 loss: 689108.29951713083
-4330160.3042821176
Iter: 11 loss: 4517381603.9687357
-72113.426832592755
Iter: 12 loss: 702850.52180827479
-61438.367136107467
Iter: 13 loss: 420903.03072660335
-58587.156064377545
Iter: 14 loss: 347807.78254883585
-57414.978430971663
Iter: 15 loss: 309398.129060298
-57170.383946208516
Iter: 16 loss: 298182.33132406388
-56700.079945592384
Iter: 17 loss: 290194.85408600536
-55398.592738395244
Iter: 18 loss: 277861.598960579
-53073.112530949918
Iter: 19 loss: 262433.93030743551
-49353.143693215541
Iter: 20 loss: 242107.16587827442
-46861.849999524158
Iter: 21 loss: 232435.58393273887
-45309.1519378362
Iter: 22 loss: 228494.08749059349
-44354.799432277694
Iter: 23 loss: 226662.3165841088
-42362.4932425992
Iter: 24 loss: 217565.39315787685
-33619.466049807466
Iter: 25 loss: 169824.32422034416
-26099.099246788028
Iter: 26 loss: 129721.64353930656
-19665.146723664242
Iter: 27 loss: 92677.6355924634
-19884.086725290537
Iter: 28 loss: 77737.349477520518
-18882.679298406798
Iter: 29 loss: 77389.4461293428
-19124.403447929471
Iter: 30 loss: 77090.582761481433
-19347.653814144265
Iter: 31 loss: 76850.505572951661
-19348.913052448021
Iter: 32 loss: 76601.599970787385
-19174.778800470496
Iter: 33 loss: 76208.024074263449
-19066.412479997751
Iter: 34 loss: 76025.704482454283
-18815.891489126909
Iter: 35 loss: 75186.239210275191
-18630.313974041339
Iter: 36 loss: 74613.645095064363
-18452.140532944679
Iter: 37 loss: 73960.776491740457
-18065.502751559659
Iter: 38 loss: 72508.609069239217
-17464.466618190352
Iter: 39 loss: 70381.2187698826
-16765.502873873684
Iter: 40 loss: 68013.4428601417
-16670.977335560929
Iter: 41 loss: 67232.355906017518
Iter: 1 loss: 0.00014261045345718745
Iter: 2 loss: 0.0186354414888837
Iter: 3 loss: 0.0019463639438508226
Iter: 4 loss: 0.0001373248176847537
Iter: 5 loss: 0.00013727456262343173
8073.8078068761706
Iter: 1 loss: 2597.6851846831082
183070.241528517
Iter: 2 loss: 1978827.7498557596
63179.812941777811
Iter: 3 loss: 145636.51884936224
14532.057635470137
Iter: 4 loss: 793.52850176163
13697.809570667549
Iter: 5 loss: 737.69969418689573
13611.999184850571
Iter: 6 loss: 732.78963193777975
13469.84680541289
Iter: 7 loss: 711.83127090889479
13498.156790005336
Iter: 8 loss: 667.50194591106037
14092.753513539834
Iter: 9 loss: 562.80638654835911
15865.426732890843
Iter: 10 loss: 387.45805510838471
18811.696832939539
Iter: 11 loss: 203.58226357935192
20771.156749883587
Iter: 12 loss: 139.29090340687492
21154.285935307948
Iter: 13 loss: 130.47876966145441
21084.040056281363
Iter: 14 loss: 129.06171696485069
20998.324410607784
Iter: 15 loss: 128.91898891951695
20907.498729659819
Iter: 16 loss: 128.45085483511522
20543.668646139449
Iter: 17 loss: 126.86055249238392
18487.143568109634
Iter: 18 loss: 116.56863182689038
15782.560390441664
Iter: 19 loss: 105.86605079091362
15542.388271648144
Iter: 20 loss: 104.01959158811493
15739.450674597545
Iter: 21 loss: 103.60165492316693
16008.340070240007
Iter: 22 loss: 102.3589692362649
18597.041458067368
Iter: 23 loss: 106.10573390926447
17121.671961170716
Iter: 24 loss: 98.126264493093473
17936.3483310215
Iter: 25 loss: 95.961573213783666
17885.707987429716
Iter: 26 loss: 92.924905567229644
18124.190214777664
Iter: 27 loss: 92.068914733835015
18289.460758258923
Iter: 28 loss: 91.4591461459044
18815.795223569163
Iter: 29 loss: 91.09730489942784
18565.232459359169
Iter: 30 loss: 88.2848806885311
16324.230065141008
Iter: 31 loss: 82.5545009549536
15808.98427243203
Iter: 32 loss: 85.287548663585056
16154.858335897174
Iter: 33 loss: 81.602249908017086
16679.153229896914
Iter: 34 loss: 80.20246938012906
17294.414666102606
Iter: 35 loss: 79.814523421543669
16851.686539961061
Iter: 36 loss: 79.128150289917357
17118.201134205367
Iter: 37 loss: 81.538681585576327
16901.0578772394
Iter: 38 loss: 78.0017225586318
-237581.43056255323
Iter: 1 loss: 4594914.2531207222
4100784.6951863077
Iter: 2 loss: 2109174.7747704019
564983.34767394175
Iter: 3 loss: 1559797.5270682985
-4571460.6789227258
Iter: 4 loss: 5252870907.4786615
-1222682.2687306737
Iter: 5 loss: 303152195.35894322
-281543.40189399739
Iter: 6 loss: 10840121.988010645
-577917.8577203271
Iter: 7 loss: 68960285.013535276
-146200.39501463919
Iter: 8 loss: 1449404.9118907009
-146312.59066327929
Iter: 9 loss: 1448612.4124328
-146578.92029379538
Iter: 10 loss: 1446858.6267561892
-146642.89158951468
Iter: 11 loss: 1445304.9461854878
-146540.04801197955
Iter: 12 loss: 1438408.6921787923
-145786.37986834857
Iter: 13 loss: 1424451.7548599783
-143352.78721990838
Iter: 14 loss: 1392383.4462069008
-138814.00010441049
Iter: 15 loss: 1336364.669624221
-133899.53084842459
Iter: 16 loss: 1263803.9196437735
-132818.4159099285
Iter: 17 loss: 1238832.8880397705
-132171.03581542138
Iter: 18 loss: 1230229.4031563171
-131977.70992025797
Iter: 19 loss: 1229268.347422238
-131975.8249050765
Iter: 20 loss: 1229245.3414805895
-131969.58786852256
Iter: 21 loss: 1229174.2242354508
-131945.96800176456
Iter: 22 loss: 1228832.88406097
-131827.60406324826
Iter: 23 loss: 1227026.4578495391
-131587.23624934445
Iter: 24 loss: 1223175.3116394444
-130984.38134182543
Iter: 25 loss: 1212826.6061710916
-129744.45983818639
Iter: 26 loss: 1188995.3503395843
-127588.3376492261
Iter: 27 loss: 1140394.6742796649
-124191.84112869957
Iter: 28 loss: 1065004.0830444745
-115460.71693545845
Iter: 29 loss: 922785.51108835242
-92062.878529324662
Iter: 30 loss: 608162.19431018108
-77458.894425611245
Iter: 31 loss: 419155.75919146347
-81173.068290509211
Iter: 32 loss: 407328.95087654324
-75624.294249519575
Iter: 33 loss: 387686.89650523517
-77528.630882353944
Iter: 34 loss: 376183.471405398
-74644.23662826982
Iter: 35 loss: 365315.71004124358
-73028.854425355443
Iter: 36 loss: 346515.61300969811
-70176.924565068635
Iter: 37 loss: 332548.07841494353
-69788.568624333653
Iter: 38 loss: 330809.11718364817
-69367.230398097687
Iter: 39 loss: 328542.17768169526
-68725.17612732928
Iter: 40 loss: 324852.98188073852
Iter: 1 loss: 0.0001453215706758074
Iter: 2 loss: 0.018805941844860549
Iter: 3 loss: 0.00027288772291566589
Iter: 4 loss: 0.00014493870798904386
16743.268180085772
Iter: 1 loss: 64.512439276596353
26267.307242595285
Iter: 2 loss: 70658.606483803451
14959.714940102825
Iter: 3 loss: 157.89260460437333
16199.543601821177
Iter: 4 loss: 40.117699163401241
16142.857183627149
Iter: 5 loss: 39.838092679431327
15915.772138155287
Iter: 6 loss: 38.937932578176
14961.766431244454
Iter: 7 loss: 35.472579544628076
13584.247151904932
Iter: 8 loss: 31.845569247574876
13852.890326379866
Iter: 9 loss: 29.799466786420474
14964.941151323052
Iter: 10 loss: 28.436039656954318
15429.32967429306
Iter: 11 loss: 28.148053723351339
15802.916919326686
Iter: 12 loss: 27.887738995201502
15890.95039870572
Iter: 13 loss: 27.804274987524437
15904.244167466344
Iter: 14 loss: 27.718454738894344
15863.621617190376
Iter: 15 loss: 27.51035165975129
15729.471423851162
Iter: 16 loss: 27.218122636001219
15550.639207589818
Iter: 17 loss: 26.889891253344636
15374.375625846786
Iter: 18 loss: 26.69168137560785
15344.62952933658
Iter: 19 loss: 26.648258184203186
15323.263515223383
Iter: 20 loss: 26.598904451054729
15257.814889489504
Iter: 21 loss: 26.448780348703444
15111.529660557184
Iter: 22 loss: 26.1171884611842
14811.346242147387
Iter: 23 loss: 25.432637367986274
14396.539335750782
Iter: 24 loss: 24.416878875203174
13947.105985350114
Iter: 25 loss: 23.195485569822857
13556.634407029354
Iter: 26 loss: 22.445506910187643
13336.068848976731
Iter: 27 loss: 22.38149643129281
13295.7998216485
Iter: 28 loss: 22.371558609651061
13154.78361188742
Iter: 29 loss: 22.338638265262063
12932.465092575294
Iter: 30 loss: 22.247071405818581
12500.19477718183
Iter: 31 loss: 21.9794243159772
11783.560231045951
Iter: 32 loss: 21.306879750584486
10941.30145680498
Iter: 33 loss: 20.702987707143752
11341.132480764791
Iter: 34 loss: 20.53478474467218
11615.765838199592
Iter: 35 loss: 20.003454662538541
-6659.8080408851447
Iter: 1 loss: 65181.827288461449
-628597.82987183414
Iter: 2 loss: 95413301.580878779
-84626381.161942139
Iter: 3 loss: 1748357424842.9043
-6658.4784172442269
Iter: 4 loss: 65173.005254273892
-3186.1070326230038
Iter: 5 loss: 43887.141342112569
-2491.1939851451261
Iter: 6 loss: 39949.267296849241
-2333.9823749212046
Iter: 7 loss: 38977.306278570621
-2310.7071065288319
Iter: 8 loss: 38836.642717603812
-2238.7794253794327
Iter: 9 loss: 38470.760764567036
-2060.4233941288876
Iter: 10 loss: 37645.784673393151
-1688.4134798723653
Iter: 11 loss: 36015.991558495225
-1196.3591731739971
Iter: 12 loss: 34019.192219044955
-727.98194348068046
Iter: 13 loss: 32503.122725625493
-559.26765462261392
Iter: 14 loss: 32167.426243347152
-521.53649034956379
Iter: 15 loss: 32106.256396774756
-432.09716612520242
Iter: 16 loss: 31960.717799493035
-323.10071523932857
Iter: 17 loss: 31780.254281333266
-5.8221774419434951
Iter: 18 loss: 31260.615602263919
563.726371839934
Iter: 19 loss: 30368.734226439614
1464.4210021921108
Iter: 20 loss: 28873.297193907234
1765.7985304926119
Iter: 21 loss: 28396.529725295408
1873.0060384375784
Iter: 22 loss: 28221.178908049405
1888.7109153839106
Iter: 23 loss: 28171.956410483064
1896.8622788539128
Iter: 24 loss: 28146.481541589539
1929.4044331238088
Iter: 25 loss: 28058.764110695491
2001.9747328803624
Iter: 26 loss: 27873.304274422058
2173.0809234985518
Iter: 27 loss: 27393.098034399307
2413.5171406056761
Iter: 28 loss: 26396.834274754678
2463.5547795684806
Iter: 29 loss: 24985.278186855121
2692.1665514558708
Iter: 30 loss: 23386.608985846855
4228.16615410184
Iter: 31 loss: 18822.8818484322
4850.1460110936523
Iter: 32 loss: 15169.898993285335
5681.6201028652258
Iter: 33 loss: 15115.945452515842
5455.5375824140028
Iter: 34 loss: 14934.314782973883
Iter: 1 loss: 0.00015396869889722784
Iter: 2 loss: 0.6428923448589281
Iter: 3 loss: 0.00015016331374102158
Iter: 4 loss: 0.00015013087402218915
2374.1228997266408
Iter: 1 loss: 15383.027442947194
23328253.91596717
Iter: 2 loss: 132538116636.75041
2374.2956343373307
Iter: 3 loss: 15382.446957299881
4540.7207795324066
Iter: 4 loss: 8973.8760055512776
10813.806460817119
Iter: 5 loss: 182.92624302596491
11489.849347647025
Iter: 6 loss: 90.595504018874209
11529.673364064845
Iter: 7 loss: 90.281917196715682
11532.273442141428
Iter: 8 loss: 90.249308926067783
11542.676551071105
Iter: 9 loss: 90.136831278816985
11584.731376044971
Iter: 10 loss: 89.383989062967657
11673.088698269901
Iter: 11 loss: 87.36670422256725
11832.132870667643
Iter: 12 loss: 83.009610847390448
12083.673363560445
Iter: 13 loss: 74.949162954247825
12370.577876935959
Iter: 14 loss: 62.214398221746116
12623.728767582879
Iter: 15 loss: 42.465178232546549
12721.392555143075
Iter: 16 loss: 31.905364162813058
13010.531539922647
Iter: 17 loss: 29.482392536531961
13054.625229124209
Iter: 18 loss: 28.976885323616244
13092.662450999844
Iter: 19 loss: 28.942049584933361
13083.372349363633
Iter: 20 loss: 28.927024544924173
13016.028882174691
Iter: 21 loss: 28.831877564176835
12859.181186759419
Iter: 22 loss: 28.645282016810125
12449.72623590719
Iter: 23 loss: 28.210313194279721
11670.375436362969
Iter: 24 loss: 27.574121883556764
11334.720264839947
Iter: 25 loss: 27.46507822537346
11468.907669894088
Iter: 26 loss: 27.424120832136715
11595.161090533602
Iter: 27 loss: 27.392308108928706
11623.121952884325
Iter: 28 loss: 27.386393220980548
11642.656803693868
Iter: 29 loss: 27.377099295512913
11677.2777343114
Iter: 30 loss: 27.350640884175419
11737.813051406385
Iter: 31 loss: 27.288133288248744
11855.327117146287
Iter: 32 loss: 27.138942856961869
12051.249430385626
Iter: 33 loss: 26.848049117102246
12300.79511263287
Iter: 34 loss: 26.40883447935823
