2022-10-02 22:59:36.883754: I tensorflow/core/platform/cpu_feature_guard.cc:193] This TensorFlow binary is optimized with oneAPI Deep Neural Network Library (oneDNN) to use the following CPU instructions in performance-critical operations:  AVX2 AVX512F AVX512_VNNI FMA
To enable them in other operations, rebuild TensorFlow with the appropriate compiler flags.
2022-10-02 22:59:37.064440: I tensorflow/core/util/util.cc:169] oneDNN custom operations are on. You may see slightly different numerical results due to floating-point round-off errors from different computation orders. To turn them off, set the environment variable `TF_ENABLE_ONEDNN_OPTS=0`.
2022-10-02 22:59:37.070238: W tensorflow/stream_executor/platform/default/dso_loader.cc:64] Could not load dynamic library 'libcudart.so.11.0'; dlerror: libcudart.so.11.0: cannot open shared object file: No such file or directory; LD_LIBRARY_PATH: /software/python-anaconda-2022.05-el8-x86_64/lib:/software/cudnn-8.3.1-el8-x86_64/lib64
2022-10-02 22:59:37.070272: I tensorflow/stream_executor/cuda/cudart_stub.cc:29] Ignore above cudart dlerror if you do not have a GPU set up on your machine.
2022-10-02 22:59:37.099021: E tensorflow/stream_executor/cuda/cuda_blas.cc:2981] Unable to register cuBLAS factory: Attempting to register factory for plugin cuBLAS when one has already been registered
2022-10-02 22:59:37.852165: W tensorflow/stream_executor/platform/default/dso_loader.cc:64] Could not load dynamic library 'libnvinfer.so.7'; dlerror: libnvinfer.so.7: cannot open shared object file: No such file or directory; LD_LIBRARY_PATH: /software/python-anaconda-2022.05-el8-x86_64/lib:/software/cudnn-8.3.1-el8-x86_64/lib64
2022-10-02 22:59:37.852275: W tensorflow/stream_executor/platform/default/dso_loader.cc:64] Could not load dynamic library 'libnvinfer_plugin.so.7'; dlerror: libnvinfer_plugin.so.7: cannot open shared object file: No such file or directory; LD_LIBRARY_PATH: /software/python-anaconda-2022.05-el8-x86_64/lib:/software/cudnn-8.3.1-el8-x86_64/lib64
2022-10-02 22:59:37.852288: W tensorflow/compiler/tf2tensorrt/utils/py_utils.cc:38] TF-TRT Warning: Cannot dlopen some TensorRT libraries. If you would like to use Nvidia GPU with TensorRT, please make sure the missing libraries mentioned above are installed properly.
2022-10-02 22:59:40.795586: W tensorflow/stream_executor/platform/default/dso_loader.cc:64] Could not load dynamic library 'libcuda.so.1'; dlerror: libcuda.so.1: cannot open shared object file: No such file or directory; LD_LIBRARY_PATH: /software/python-anaconda-2022.05-el8-x86_64/lib:/software/cudnn-8.3.1-el8-x86_64/lib64
2022-10-02 22:59:40.795628: W tensorflow/stream_executor/cuda/cuda_driver.cc:263] failed call to cuInit: UNKNOWN ERROR (303)
2022-10-02 22:59:40.795649: I tensorflow/stream_executor/cuda/cuda_diagnostics.cc:156] kernel driver does not appear to be running on this host (midway3-0124.rcc.local): /proc/driver/nvidia/version does not exist
2022-10-02 22:59:40.796028: I tensorflow/core/platform/cpu_feature_guard.cc:193] This TensorFlow binary is optimized with oneAPI Deep Neural Network Library (oneDNN) to use the following CPU instructions in performance-critical operations:  AVX2 AVX512F AVX512_VNNI FMA
To enable them in other operations, rebuild TensorFlow with the appropriate compiler flags.
2022-10-02 23:00:18.575424: W tensorflow/core/common_runtime/forward_type_inference.cc:332] Type inference failed. This indicates an invalid graph that escaped type checking. Error message: INVALID_ARGUMENT: expected compatible input types, but input 1:
type_id: TFT_OPTIONAL
args {
  type_id: TFT_PRODUCT
  args {
    type_id: TFT_TENSOR
    args {
      type_id: TFT_BOOL
    }
  }
}
 is neither a subtype nor a supertype of the combined inputs preceding it:
type_id: TFT_OPTIONAL
args {
  type_id: TFT_PRODUCT
  args {
    type_id: TFT_TENSOR
    args {
      type_id: TFT_DOUBLE
    }
  }
}

	while inferring type of node 'StatefulPartitionedCall_1/StatefulPartitionedCall/cond_1_259/output/_29750'
Iter: 1 loss: 0.082702918354395361
Iter: 2 loss: 0.0067267593804693753
Iter: 3 loss: 0.006666343786928328
Iter: 4 loss: 0.0064078737049352765
Iter: 5 loss: 0.0051716669333464037
Iter: 6 loss: 0.0084269184324951944
Iter: 7 loss: 0.0030165692389825791
Iter: 8 loss: 0.87015804968167809
Iter: 9 loss: 0.0029035950604481844
Iter: 10 loss: 0.0027454300980607727
Iter: 11 loss: 0.0026550539244768723
Iter: 12 loss: 0.0025554540540552988
Iter: 13 loss: 0.0022884340490609912
Iter: 14 loss: 0.002445260382203651
Iter: 15 loss: 0.002109375636227321
Iter: 16 loss: 0.001615295817869756
Iter: 17 loss: 0.0064386269912070273
Iter: 18 loss: 0.0010733059340939418
Iter: 19 loss: 0.0010314965135207507
Iter: 20 loss: 0.000991424456884359
Iter: 21 loss: 0.00088274074885310563
Iter: 22 loss: 0.00046085735698948524
Iter: 23 loss: 0.00070107677400669155
Iter: 24 loss: 0.00017159544969933268
Iter: 25 loss: 0.0024059492680737781
Iter: 26 loss: 0.00013533599045463697
Iter: 27 loss: 0.00012597423917699136
Iter: 28 loss: 0.00012420645519384727
Iter: 29 loss: 0.00012188537547572667
Iter: 30 loss: 0.0001137472147757018
Iter: 31 loss: 9.750766075880344e-05
Iter: 32 loss: 8.4662220789954093e-05
Iter: 33 loss: 7.13708880383621e-05
Iter: 34 loss: 5.732339889341833e-05
Iter: 35 loss: 4.5578118543945313e-05
Iter: 36 loss: 4.3134503836628367e-05
Iter: 37 loss: 4.230864223174248e-05
12346.670441245358
Iter: 1 loss: 9.8293716388044938
-1774983.660752095
Iter: 2 loss: 45400682.3184368
12346.670428338071
Iter: 3 loss: 9.8293716142300784
-53035428.66891215
Iter: 4 loss: 33241708516.818542
12346.670428321228
Iter: 5 loss: 9.8293716141979957
12346.670428093566
Iter: 6 loss: 9.8293716137645752
-256006.10422604944
Iter: 7 loss: 56019.469968793957
12344.07747787804
Iter: 8 loss: 9.82443547470358
785.110457281153
Iter: 9 loss: 5.5727481873000624
9152.3136484547285
Iter: 10 loss: 4.8252355137122107
-35925.703795957525
Iter: 11 loss: 360.44261228452638
5284.3853638020082
Iter: 12 loss: 2.5288733909726493
5555.2600121115192
Iter: 13 loss: 2.38417954227818
5089.0759580611348
Iter: 14 loss: 1.9672756802451343
2580.7411420512385
Iter: 15 loss: 0.9738466233728621
947.36395876367953
Iter: 16 loss: 0.72792728511390092
345.7979289519655
Iter: 17 loss: 0.69670382431371836
184.133819234587
Iter: 18 loss: 0.68682593842763251
89.382760291601457
Iter: 19 loss: 0.64689968827746136
554.40961012811817
Iter: 20 loss: 0.5411287063796586
1310.9505583949533
Iter: 21 loss: 0.49272461274618129
1380.7649654393504
Iter: 22 loss: 0.47866504454201875
1346.7020746942308
Iter: 23 loss: 0.41602290809994286
1291.9419085335217
Iter: 24 loss: 0.41074517244823239
1070.9897085588086
Iter: 25 loss: 0.38726485281947715
761.77606831007415
Iter: 26 loss: 0.35091398775853344
363.74842489056272
Iter: 27 loss: 0.29377622752989307
-32.907934277925037
Iter: 28 loss: 0.24802993229255824
-403.3815156004722
Iter: 29 loss: 0.23218755556977594
-803.347550419932
Iter: 30 loss: 0.21905377942645993
-1434.2839655809164
Iter: 31 loss: 0.18957065509285886
-1870.8870133603939
Iter: 32 loss: 0.17516977090189062
-1854.4195079045508
Iter: 33 loss: 0.17404495345222851
-1828.0826154129006
Iter: 34 loss: 0.17275105097652146
-1782.8617466054186
Iter: 35 loss: 0.17054497464556689
-1749.22970847419
Iter: 36 loss: 0.16888062015543787
-1759.9760616258418
Iter: 37 loss: 0.16761045819531759
-1738.602751650435
Iter: 38 loss: 0.15672748396438868
-1217.9043193117107
Iter: 39 loss: 0.1207453980261511
-1285.1635674133227
Iter: 40 loss: 0.10438579753315533
4771.1367666471624
Iter: 1 loss: 2.1883313927772163
46414.175975552425
Iter: 2 loss: 172.84197445075802
952.94770304779661
Iter: 3 loss: 0.35756377893268237
600.9003378098098
Iter: 4 loss: 0.285577389302405
-2042.9765823131931
Iter: 5 loss: 0.11449269669662865
-1573.5434561850345
Iter: 6 loss: 0.053197335833086057
595.80663920693064
Iter: 7 loss: 0.87563615490613667
-1709.4599942325299
Iter: 8 loss: 0.053241712934911492
-1634.6195233181982
Iter: 9 loss: 0.049025400978027
-1573.9313822534716
Iter: 10 loss: 0.046313809347917047
-1343.5304071343767
Iter: 11 loss: 0.037623714208217411
277.16174550102664
Iter: 12 loss: 0.018934881119863724
472.26169625174066
Iter: 13 loss: 0.013071969370449753
374.47477011297684
Iter: 14 loss: 0.011560322308895891
81.039406905261785
Iter: 15 loss: 0.0096460631464038386
-11.835101337047563
Iter: 16 loss: 0.0092000857027884249
-97.3908701905572
Iter: 17 loss: 0.008295780248389565
-160.50033276496418
Iter: 18 loss: 0.0066696171516152482
-133.31408157615485
Iter: 19 loss: 0.0046045495158092021
-86.6319316085179
Iter: 20 loss: 0.0027184703728964704
-21.809590833402407
Iter: 21 loss: 0.0022884545002689605
-12.082638165965164
Iter: 22 loss: 0.0020399876456937576
-41.414875134636411
Iter: 23 loss: 0.0015767419660175162
-103.31152128681617
Iter: 24 loss: 0.0014808962744856432
-142.26520716354452
Iter: 25 loss: 0.0014480396629237666
-167.86985335979978
Iter: 26 loss: 0.0014235868299040688
-185.64960065689445
Iter: 27 loss: 0.0013727539797573365
-192.38843251134909
Iter: 28 loss: 0.0012451981557130135
-164.23278584738765
Iter: 29 loss: 0.0011143820160727106
-90.890531142441631
Iter: 30 loss: 0.00094743748470194934
-28.786044773840743
Iter: 31 loss: 0.00083306660923584649
-9.5242129174856522
Iter: 32 loss: 0.0007890092415153854
-21.583482780634668
Iter: 33 loss: 0.00073695335455608213
-49.86078705746128
Iter: 34 loss: 0.00069103636409578706
-73.721826891798
Iter: 35 loss: 0.00065749035736676134
Iter: 1 loss: 4.4660706664682665e-05
Iter: 2 loss: 17.740683910493505
Iter: 3 loss: 4.4660703860837144e-05
Iter: 4 loss: 4.4651096729892464e-05
Iter: 5 loss: 0.052756252241682011
Iter: 6 loss: 4.4647040408275069e-05
Iter: 7 loss: 4.4116944157914234e-05
-1087.20145440307
Iter: 1 loss: 0.12532665663583192
-303668.23333042563
Iter: 2 loss: 1947243.6945545003
-1087.2014832055993
Iter: 3 loss: 0.125326654625395
-1087.2439538732713
Iter: 4 loss: 0.1253236903765825
-383809.2545046591
Iter: 5 loss: 2809055.1167522292
-2005755.5947536768
Iter: 6 loss: 30978902.71294732
-1087.2439589566111
Iter: 7 loss: 0.1253236900218179
-1364.7990598716515
Iter: 8 loss: 0.11598528059556465
-1352.9514019885078
Iter: 9 loss: 0.1157822389903029
-1282.3188043915786
Iter: 10 loss: 0.11406612282832537
-1219.1154176359523
Iter: 11 loss: 0.11174192499583875
-1182.2383074575546
Iter: 12 loss: 0.10884432950208449
-1189.8865572612867
Iter: 13 loss: 0.106877860401171
-1199.158481274068
Iter: 14 loss: 0.10660382795399367
-1195.8559535056847
Iter: 15 loss: 0.10650140206311401
-1165.6647517106251
Iter: 16 loss: 0.10615275099029749
-1145.7710527129752
Iter: 17 loss: 0.10536311414128038
-1128.2602703531306
Iter: 18 loss: 0.10066170850024707
-1141.1939832556327
Iter: 19 loss: 0.095952060761686983
-483.03921168762145
Iter: 20 loss: 0.0895703072161554
-678.56789521537394
Iter: 21 loss: 0.085795611582473313
-745.18094930047187
Iter: 22 loss: 0.083166930540068559
-716.87504384392969
Iter: 23 loss: 0.082798388285507257
-692.19020395012876
Iter: 24 loss: 0.082605804264655289
-671.91141661129768
Iter: 25 loss: 0.082340706906800482
-638.24386696022418
Iter: 26 loss: 0.081600858524893669
-602.34816041543684
Iter: 27 loss: 0.080020248665313432
-587.94375594097119
Iter: 28 loss: 0.076838914134107969
-753.15051027180846
Iter: 29 loss: 0.07072467138141722
-1694.6858769484363
Iter: 30 loss: 0.16531442520551062
-821.62671952330788
Iter: 31 loss: 0.06860570160014838
-1148.2009191395546
Iter: 32 loss: 0.06192792566808096
-1158.5347776955286
Iter: 33 loss: 0.058305727483130607
-1297.4643013186837
Iter: 34 loss: 0.055917491782286374
-1408.0365193236789
Iter: 35 loss: 0.053583919164413116
-1687.8147810425251
Iter: 36 loss: 0.047636872980603588
-1731.0125847868189
Iter: 37 loss: 0.044834232624579071
-1938.5242891432063
Iter: 38 loss: 0.042407757864010666
-543.60694008998291
Iter: 1 loss: 0.0023979720552148066
5450226491.4929457
Iter: 2 loss: 1387184309244776.5
-543.6069400899828
Iter: 3 loss: 0.0023979720552148066
Iter: 1 loss: 4.4068285457053929e-05
Iter: 2 loss: 0.1685070157461801
Iter: 3 loss: 4.3697633062086204e-05
-1890.5242358093572
Iter: 1 loss: 0.048520673441525296
29116.197148008054
Iter: 2 loss: 57.297144555655336
4330.5749926028311
Iter: 3 loss: 4.3945996001967442
-1818.3609532564485
Iter: 4 loss: 0.04805198341387535
-1829.6508414009747
Iter: 5 loss: 0.048026815185839726
-1834.1857529106842
Iter: 6 loss: 0.048011894087049749
-1851.9019503562231
Iter: 7 loss: 0.047935407244666287
-1871.3251106656148
Iter: 8 loss: 0.04782204238824974
-1888.9207845839871
Iter: 9 loss: 0.047665833017801015
-1891.2473221635964
Iter: 10 loss: 0.04745725449940786
-1885.3885091825914
Iter: 11 loss: 0.0472878216215616
-1883.5633789794938
Iter: 12 loss: 0.0472257812667666
-1887.2088142707607
Iter: 13 loss: 0.047120175702161857
-1873.3392572361709
Iter: 14 loss: 0.046848168589507772
-1845.9430769932667
Iter: 15 loss: 0.046646445286576264
-1838.2738946861468
Iter: 16 loss: 0.04662458768386802
-1834.37497652924
Iter: 17 loss: 0.046609929596113674
-1830.4139840594173
Iter: 18 loss: 0.0465800695487187
-1825.4396838701427
Iter: 19 loss: 0.046502271250612688
-1820.8998247936463
Iter: 20 loss: 0.046326860883711476
-1818.6519509736097
Iter: 21 loss: 0.045971680729523838
-1819.6152898081077
Iter: 22 loss: 0.045417940169025506
-1782.144532785376
Iter: 23 loss: 0.04424542187221734
-1608.2730547581011
Iter: 24 loss: 0.041877912115602808
-1471.7604477229397
Iter: 25 loss: 0.040978232248729304
-1458.2527731122202
Iter: 26 loss: 0.04080608350849127
-1426.8247844304199
Iter: 27 loss: 0.040619400671330422
-1416.9152963916749
Iter: 28 loss: 0.040470436827651737
-1413.3346734894849
Iter: 29 loss: 0.040435016052823028
-1413.8189663684129
Iter: 30 loss: 0.040387698873848396
-1418.0350681477739
Iter: 31 loss: 0.040320857714716343
-1432.7048831607081
Iter: 32 loss: 0.040125411959868844
-1459.6535476205354
Iter: 33 loss: 0.039808527250506508
-755.74539943759373
Iter: 1 loss: 0.0036513028145775074
153776742.28353462
Iter: 2 loss: 456969628123.41504
30597.605403631031
Iter: 3 loss: 66.051061152803783
2058.8714862746147
Iter: 4 loss: 0.25544191793432425
-539.08427737335739
Iter: 5 loss: 0.001843582737084066
-492.91346012729139
Iter: 6 loss: 0.0017047909392831216
-421.87754112411392
Iter: 7 loss: 0.0015042182070810781
-226.95949194650706
Iter: 8 loss: 0.0010890679458961407
-194.85422375347213
Iter: 9 loss: 0.00094133558067691016
-187.59549971494306
Iter: 10 loss: 0.0009255963376883135
-193.21377527565485
Iter: 11 loss: 0.00091585425629378309
-206.91757508523165
Iter: 12 loss: 0.00090279462384622723
-218.12614007921115
Iter: 13 loss: 0.0008927105503543527
-228.00881086626788
Iter: 14 loss: 0.0008774780633894752
-230.43873131925289
Iter: 15 loss: 0.00085219589015540287
-213.587537706881
Iter: 16 loss: 0.00081276800478906135
-171.44129986456127
Iter: 17 loss: 0.00076641482926702016
-122.46281865355935
Iter: 18 loss: 0.00074029320099886
-106.10209412547789
Iter: 19 loss: 0.00073210850328579626
-97.624679245374992
Iter: 20 loss: 0.0007241778503654701
-90.328168076332247
Iter: 21 loss: 0.0007081882698994794
-72.968368915561882
Iter: 22 loss: 0.00066098277285267309
-57.07866274701707
Iter: 23 loss: 0.00059939901729290368
-67.717243683656477
Iter: 24 loss: 0.00057827007153519127
-69.674200612534
Iter: 25 loss: 0.00056864974637173857
-74.615936064603488
Iter: 26 loss: 0.00055636937586764411
-72.501791685916928
Iter: 27 loss: 0.00054258604013409522
-76.021863954664056
Iter: 28 loss: 0.00050853278398360537
-58.327434144879845
Iter: 29 loss: 0.00047349924961252108
-43.162663093431945
Iter: 30 loss: 0.00044391969192164159
-29.141459731938156
Iter: 31 loss: 0.00042119013090428784
-28.081042239755359
Iter: 32 loss: 0.00041421270720295956
-31.943755114738249
Iter: 33 loss: 0.00041137232914319416
-34.723499068655123
Iter: 34 loss: 0.00040961969301399174
Iter: 1 loss: 4.37568046403395e-05
Iter: 2 loss: 0.010158385973732883
Iter: 3 loss: 4.8907808372351619e-05
Iter: 4 loss: 4.331986043061487e-05
-1460.3500734131894
Iter: 1 loss: 0.043578887777277683
20036.461213269562
Iter: 2 loss: 42.882132994248849
-844.25928973370037
Iter: 3 loss: 0.11048970273701131
-1452.9854094873949
Iter: 4 loss: 0.04356903407611952
-1454.0821912653928
Iter: 5 loss: 0.043558745002399243
-1458.4703173301882
Iter: 6 loss: 0.043519340278541263
-1476.0387686428221
Iter: 7 loss: 0.043389712573974205
-1516.1051574180274
Iter: 8 loss: 0.043247675097435226
-1518.4103847827473
Iter: 9 loss: 0.0432265918431469
-1558.7652524905968
Iter: 10 loss: 0.042975786054422691
-1623.5014916749703
Iter: 11 loss: 0.042694599328616238
-1750.0772583480593
Iter: 12 loss: 0.042195416539939426
-2004.3395165417921
Iter: 13 loss: 0.041386507119915525
-2265.2382030525141
Iter: 14 loss: 0.041253330101663585
-2189.2123735900132
Iter: 15 loss: 0.040963994782604984
-2165.66186152093
Iter: 16 loss: 0.0409401916180512
-2151.1878839222345
Iter: 17 loss: 0.040926623642203494
-2144.0727049044563
Iter: 18 loss: 0.040897119081908143
-2097.8684083446542
Iter: 19 loss: 0.040649486787983989
-2035.2990470715074
Iter: 20 loss: 0.040250236788423654
-1887.5428637614737
Iter: 21 loss: 0.039346393110176715
-1722.2901358031634
Iter: 22 loss: 0.038609897308381096
-1770.5071814053174
Iter: 23 loss: 0.038130845873517748
-1848.774266170893
Iter: 24 loss: 0.038044781367141442
-1827.5003807601861
Iter: 25 loss: 0.037963051966294556
-1813.0312412561416
Iter: 26 loss: 0.037859550475624462
-1825.3903767800366
Iter: 27 loss: 0.037850882785136375
-1837.9318463384334
Iter: 28 loss: 0.03782515852396081
-1863.056868481995
Iter: 29 loss: 0.037775409315626535
-1877.9909635644092
Iter: 30 loss: 0.037684815604080643
-1918.2202427764423
Iter: 31 loss: 0.037445164808590878
-1952.7108667831646
Iter: 32 loss: 0.037091649659321865
-2026.350595656118
Iter: 33 loss: 0.037037101231630218
-1834.3785272609582
Iter: 34 loss: 0.036842600549370365
-1873.2327892150456
Iter: 35 loss: 0.036772923096969432
-178.20598894919624
Iter: 1 loss: 0.00054006737781031773
2357.5812673004534
Iter: 2 loss: 0.30888708083968719
3164.9699719711625
Iter: 3 loss: 0.32538538987771165
-131.90698393332011
Iter: 4 loss: 0.00047919340572952533
-127.28343937892227
Iter: 5 loss: 0.00047221507867033756
-87.1174438228666
Iter: 6 loss: 0.00044426048501586875
-57.6714684926545
Iter: 7 loss: 0.00043547106906279877
-48.031704613082127
Iter: 8 loss: 0.00043505745873658239
Iter: 1 loss: 4.4006084041811296e-05
Iter: 2 loss: 0.28435829098613208
Iter: 3 loss: 4.3876973878479879e-05
-1841.2216389953048
Iter: 1 loss: 0.044272088798842819
-60786.208800756052
Iter: 2 loss: 9157.4303230250189
-1841.2593039276071
Iter: 3 loss: 0.044271618885642051
-1888.371848469347
Iter: 4 loss: 0.043979550069631092
-1888.0697153217402
Iter: 5 loss: 0.043978763934942294
-1886.861245510268
Iter: 6 loss: 0.043975928266064404
-1882.3376810101895
Iter: 7 loss: 0.043956524387538512
-1882.789547362298
Iter: 8 loss: 0.0439453979048894
-1883.6943489763323
Iter: 9 loss: 0.04393446255080663
-1885.0677829255108
Iter: 10 loss: 0.043914294060994355
-1883.5184495157619
Iter: 11 loss: 0.04389752760397115
-1875.6321945773859
Iter: 12 loss: 0.043867646215723463
-1868.2983711383649
Iter: 13 loss: 0.04383680459207405
-1860.8619001665029
Iter: 14 loss: 0.043803881906729035
-1861.1185872694186
Iter: 15 loss: 0.043790091717251768
-1866.5594596378996
Iter: 16 loss: 0.043773722238142729
-1877.4564345566744
Iter: 17 loss: 0.043756052079947816
-1890.4249379473251
Iter: 18 loss: 0.0437339812606529
-1900.7869305323002
Iter: 19 loss: 0.043721933609264581
-1904.1391475455625
Iter: 20 loss: 0.043715464668357067
-1913.131842164717
Iter: 21 loss: 0.043691123949765133
-1927.2130416484483
Iter: 22 loss: 0.043643357928429147
-1955.5103030161852
Iter: 23 loss: 0.043534097347618671
-1995.8402292576832
Iter: 24 loss: 0.043365555341194406
-2032.8062664530441
Iter: 25 loss: 0.043202613606285377
-2036.4427167045374
Iter: 26 loss: 0.043147537631314195
-2028.1917282455138
Iter: 27 loss: 0.04314133392007112
-2024.5783999323228
Iter: 28 loss: 0.043140850622964529
-85.2472529344037
Iter: 1 loss: 0.00048178204379587566
94910.425228930209
Iter: 2 loss: 356.13612405077873
-85.267240143602947
Iter: 3 loss: 0.00048152781294611184
-85.294335461918735
Iter: 4 loss: 0.00048121933895228048
Iter: 1 loss: 4.5225359976224137e-05
Iter: 2 loss: 0.056400549259336533
Iter: 3 loss: 4.5025147070676557e-05
-2047.5674008391206
Iter: 1 loss: 0.033802957865959792
85680.2402106731
Iter: 2 loss: 594540.72384847538
-246994.93404668546
Iter: 3 loss: 15070.083767683795
-2047.5678993342888
Iter: 4 loss: 0.033802954634232676
-2071.0025611118208
Iter: 5 loss: 0.033727202683675489
-2070.689491224312
Iter: 6 loss: 0.033725128777234742
-2069.4373224124083
Iter: 7 loss: 0.033716980852657084
-2064.4304195073919
Iter: 8 loss: 0.033686752527127585
-2031.6570130157302
Iter: 9 loss: 0.033560920217105106
-2017.5781969819077
Iter: 10 loss: 0.033498023426274483
-1998.0003820723732
Iter: 11 loss: 0.033404518041930321
-1981.4544328795114
Iter: 12 loss: 0.033254308554986643
-1923.3880920536149
Iter: 13 loss: 0.032845029931738691
-1841.9900471853875
Iter: 14 loss: 0.032488717246709563
-1689.4938158821103
Iter: 15 loss: 0.032026396332170873
-1496.5932045267009
Iter: 16 loss: 0.031621035328029359
-1320.8519568425886
Iter: 17 loss: 0.031260376248133409
-1273.9357279119222
Iter: 18 loss: 0.031107935962173372
-1284.9580784622053
Iter: 19 loss: 0.031069456969035437
-1289.5634975347607
Iter: 20 loss: 0.031041616025288953
-1289.414260735095
Iter: 21 loss: 0.031010298100790246
-1284.1420835015965
Iter: 22 loss: 0.03099185421814642
-1276.6234664135509
Iter: 23 loss: 0.030964822217131628
-1265.8498372845756
Iter: 24 loss: 0.030890709408682882
-1259.9842688945869
Iter: 25 loss: 0.030710971484622551
-1282.8822597497533
Iter: 26 loss: 0.030389866958883072
-1356.2253492541727
Iter: 27 loss: 0.03004277302654108
-1420.9499476642927
Iter: 28 loss: 0.02988741115730565
-1447.5132796031551
Iter: 29 loss: 0.029855300946605372
-1455.7265797070445
Iter: 30 loss: 0.02985164001294055
-1462.003561032235
Iter: 31 loss: 0.029849598086137973
-1469.9055179193438
Iter: 32 loss: 0.029846975703725947
-1479.6297005418082
Iter: 33 loss: 0.029841977752487321
-1494.5545335669333
Iter: 34 loss: 0.029829779680639368
-1513.2300676133689
Iter: 35 loss: 0.029802083215378406
-1529.5417500465337
Iter: 36 loss: 0.029747488219991909
161.81635279706069
Iter: 1 loss: 0.00094445809074580227
74348.429047921061
Iter: 2 loss: 129.893028546368
143.06891100796125
Iter: 3 loss: 0.00079384089991213177
44.881169397178354
Iter: 4 loss: 0.00050287086211784336
43.411845532475922
Iter: 5 loss: 0.00049366528151887777
35.510439798510916
Iter: 6 loss: 0.00048642208208431555
-29.263293883776846
Iter: 7 loss: 0.00045859807696980082
-33.466190537698665
Iter: 8 loss: 0.00045607038230085573
-32.065127013026093
Iter: 9 loss: 0.00045479327401271724
-30.530503047081922
Iter: 10 loss: 0.00045436391851583853
Iter: 1 loss: 4.3294506217353296e-05
Iter: 2 loss: 0.29301073562085866
Iter: 3 loss: 4.3193578776990477e-05
-1484.3749046216985
Iter: 1 loss: 0.025985742632213222
-17241569.296098046
Iter: 2 loss: 9297327845.8631287
-8029928.8336710017
Iter: 3 loss: 2074819996.0759959
-2741664.1949364897
Iter: 4 loss: 274754275.40393388
-19112.573221922525
Iter: 5 loss: 51.99193865418745
-2073.6341351545088
Iter: 6 loss: 0.07200279863632833
-1491.2899616581469
Iter: 7 loss: 0.0259790156093681
-1491.3333801579356
Iter: 8 loss: 0.025974552854736134
-1491.5075556344004
Iter: 9 loss: 0.025957823860088731
-1486.8195534641359
Iter: 10 loss: 0.025879692571893164
-1486.6240584959032
Iter: 11 loss: 0.025876375428258869
-1485.8435005092815
Iter: 12 loss: 0.025865944744465963
-1484.8772627812211
Iter: 13 loss: 0.025848135869872869
-1460.8687351520161
Iter: 14 loss: 0.025812714955338656
-1419.5856344378017
Iter: 15 loss: 0.025773894372648355
-1403.9128152466924
Iter: 16 loss: 0.025744559043526793
-1362.9559931245467
Iter: 17 loss: 0.025674983346446696
-1356.743456922803
Iter: 18 loss: 0.02565831247918049
-1349.3446259680056
Iter: 19 loss: 0.025635414494946739
-1338.0940120042133
Iter: 20 loss: 0.025609841081461655
-1314.8543529335857
Iter: 21 loss: 0.025570906606568834
-1257.4467679209936
Iter: 22 loss: 0.025495440122919443
-1177.0820263391702
Iter: 23 loss: 0.025411965568137941
-1125.9187813001331
Iter: 24 loss: 0.025363484909178335
-1117.2577887379566
Iter: 25 loss: 0.025351234015570261
-1121.4301491126862
Iter: 26 loss: 0.025348044812886595
-1129.66556935384
Iter: 27 loss: 0.025342243723868146
-1142.7010082291874
Iter: 28 loss: 0.025328890375239454
-1165.2813091543719
Iter: 29 loss: 0.025293645648502755
-1200.7318541160009
Iter: 30 loss: 0.025209657624146942
-1253.6711251839604
Iter: 31 loss: 0.025034744130211589
-1312.8120915650834
Iter: 32 loss: 0.02481116660354819
-1317.2971447359425
Iter: 33 loss: 0.024663442348677497
-1264.7133788042997
Iter: 34 loss: 0.0245891150875096
-1242.8233482558257
Iter: 35 loss: 0.024584903990466152
-1237.6613048000711
Iter: 36 loss: 0.024575761106982504
-1220.6440210862022
Iter: 37 loss: 0.024519144595554689
-1198.750679154402
Iter: 38 loss: 0.024420052472371077
122.41921135664609
Iter: 1 loss: 0.00061044732300294944
75440.642793066858
Iter: 2 loss: 138.92681160889282
113.08492934752336
Iter: 3 loss: 0.000553267829242342
52.712773098749594
Iter: 4 loss: 0.000432613688757056
52.478567243151446
Iter: 5 loss: 0.00042832310949981014
45.756866335724439
Iter: 6 loss: 0.00042363111514426754
12.493547050663327
Iter: 7 loss: 0.000411650707327881
0.23874661848135592
Iter: 8 loss: 0.00040713923794600138
-3.9395642947655389
Iter: 9 loss: 0.00040611659913091208
-2.7462864245798664
Iter: 10 loss: 0.00040564700793513755
Iter: 1 loss: 4.3395890346696923e-05
Iter: 2 loss: 0.030949872625510043
Iter: 3 loss: 4.4604623157121074e-05
Iter: 4 loss: 4.3250916054469944e-05
-1174.5768009687295
Iter: 1 loss: 0.041485479192857361
-579688.91477522464
Iter: 2 loss: 10360256.40946581
-249526.8371966898
Iter: 3 loss: 2101755.096602519
-2035.60169485479
Iter: 4 loss: 3.5158510406474512
-1165.9709890154606
Iter: 5 loss: 0.041378450751169055
-1210.9060538983581
Iter: 6 loss: 0.041086822904331556
-1227.1493742618864
Iter: 7 loss: 0.04106495090104828
-1229.3744967295838
Iter: 8 loss: 0.041061144654070215
-1265.7858635114198
Iter: 9 loss: 0.040990618654992164
-1276.5674630598337
Iter: 10 loss: 0.040892596469789579
-1301.191256717259
Iter: 11 loss: 0.040680439474625726
-1300.2892574357006
Iter: 12 loss: 0.040648733736371026
-1295.6567868865018
Iter: 13 loss: 0.040570651557932061
-1286.4462143541145
Iter: 14 loss: 0.040386148332275551
-1278.4870179793838
Iter: 15 loss: 0.04012169915093676
-1309.1639192287616
Iter: 16 loss: 0.039806941097723134
-1364.5378470014302
Iter: 17 loss: 0.039472327269507765
-1424.0909128834737
Iter: 18 loss: 0.039235241043070863
-1520.6025118384082
Iter: 19 loss: 0.038905508200896069
-1632.8904854598532
Iter: 20 loss: 0.038508825229181989
-1809.7601248479673
Iter: 21 loss: 0.037736749909765867
-1955.5492886644677
Iter: 22 loss: 0.03713036898792596
-1931.4108188437144
Iter: 23 loss: 0.037008114583358988
-1907.2017445482579
Iter: 24 loss: 0.036978298547132582
-1896.0806556655643
Iter: 25 loss: 0.036967882928291028
-1873.8122247946676
Iter: 26 loss: 0.036943739571280519
-1855.2840542730469
Iter: 27 loss: 0.036914203799264252
-1819.4081977147546
Iter: 28 loss: 0.036835809609474836
-1766.8103692955756
Iter: 29 loss: 0.036691095056109665
-1698.8254153634184
Iter: 30 loss: 0.036469072229674424
-1634.5016862457071
Iter: 31 loss: 0.036270103574138353
-1648.1456869477336
Iter: 32 loss: 0.036211472103494867
-1662.7325808958733
Iter: 33 loss: 0.0362016917103411
-1671.0768395950463
Iter: 34 loss: 0.036200672855120311
-248.59021656591767
Iter: 1 loss: 0.00091647933936308862
63527881.228423059
Iter: 2 loss: 54804011995.873291
-248.59021656585372
Iter: 3 loss: 0.00091647933936256083
-248.59021656562129
Iter: 4 loss: 0.00091647933936057848
54840.516041444513
Iter: 5 loss: 239.14853782088466
4622.6631599226348
Iter: 6 loss: 0.71321012037128373
-95.420692644631671
Iter: 7 loss: 0.000697028585258032
-139.72817784676323
Iter: 8 loss: 0.00051076900388243257
-136.94020503156563
Iter: 9 loss: 0.00050003148787573976
-89.487917918517226
Iter: 10 loss: 0.00045476727987133283
-48.288132809677435
Iter: 11 loss: 0.00043702680283188135
-40.147163554051687
Iter: 12 loss: 0.00043336142296061732
-39.993050483051945
Iter: 13 loss: 0.000431911631876271
-45.435835212491725
Iter: 14 loss: 0.00043051383356446527
-52.492442213626759
Iter: 15 loss: 0.00042942069785341391
-57.357033715556369
Iter: 16 loss: 0.00042790657619431392
-62.118040579752446
Iter: 17 loss: 0.00042466771685541307
-58.223244028716763
Iter: 18 loss: 0.00042215662415431946
-47.42245002542235
Iter: 19 loss: 0.00041986404927473717
-38.413541254305422
Iter: 20 loss: 0.00041883646241528858
-33.539259831356986
Iter: 21 loss: 0.00041797862761455576
Iter: 1 loss: 4.4018193070246555e-05
Iter: 2 loss: 0.0078519489396483774
Iter: 3 loss: 6.740493134367092e-05
Iter: 4 loss: 4.386890330248783e-05
-1779.3108714439168
Iter: 1 loss: 0.027239907849092082
28775.820701731682
Iter: 2 loss: 54.042753340388856
2414.2035700060978
Iter: 3 loss: 1.9888247506915984
-1739.1893736164748
Iter: 4 loss: 0.027069791899343533
-1741.36134221715
Iter: 5 loss: 0.02706064222337589
-1747.5564196120695
Iter: 6 loss: 0.027002893611231361
-1746.1544279475302
Iter: 7 loss: 0.0269268796315216
-1731.230414107004
Iter: 8 loss: 0.026830583808870784
-1708.3498945083506
Iter: 9 loss: 0.02673874237275476
-1681.3055905769493
Iter: 10 loss: 0.026671363888903281
-1668.4876677772486
Iter: 11 loss: 0.026629657875804659
-1639.2103894298457
Iter: 12 loss: 0.026508225886179924
-1619.8433169256728
Iter: 13 loss: 0.026387350785817359
-1620.3264879748558
Iter: 14 loss: 0.026228269995184839
-1642.5737737347895
Iter: 15 loss: 0.026124419512078324
-1655.0644255524851
Iter: 16 loss: 0.026105682539046483
-1662.4397209649924
Iter: 17 loss: 0.026092600360297459
-1661.830974239956
Iter: 18 loss: 0.026076451655603572
-1652.1288773459778
Iter: 19 loss: 0.026046480020386165
-1640.0501682524184
Iter: 20 loss: 0.026019529310048018
-1606.1245449282117
Iter: 21 loss: 0.025939258382317736
-1544.93081359872
Iter: 22 loss: 0.025774086636642803
-1422.9727629248732
Iter: 23 loss: 0.025400521743202436
-1244.4620287506577
Iter: 24 loss: 0.024821472576025991
-1066.9378974652843
Iter: 25 loss: 0.024274608774630769
-972.87686707645639
Iter: 26 loss: 0.023974536659918409
-987.42906696013688
Iter: 27 loss: 0.023824689255881049
-1017.2899242448082
Iter: 28 loss: 0.023729631534920515
-1008.7219429070292
Iter: 29 loss: 0.023687393964738082
-952.691853963921
Iter: 30 loss: 0.023620320883292023
-914.20234463656448
Iter: 31 loss: 0.023604850524672559
-899.15082949625526
Iter: 32 loss: 0.023601680477603144
-893.42775334046814
Iter: 33 loss: 0.02359976036187484
122.70222054887135
Iter: 1 loss: 0.00057544607744113659
79043.390532441656
Iter: 2 loss: 163.96655338543559
114.52020928533054
Iter: 3 loss: 0.00054762977524116358
59.362019750342839
Iter: 4 loss: 0.00046767232058142841
52.214879287790055
Iter: 5 loss: 0.00046048077744662377
2.67317072286754
Iter: 6 loss: 0.00042917866739268013
-29.019205174839371
Iter: 7 loss: 0.00042079100954378439
-20.898431305586083
Iter: 8 loss: 0.00041644312110075113
-18.190952850813673
Iter: 9 loss: 0.00041588201336712952
Iter: 1 loss: 4.36066242075166e-05
Iter: 2 loss: 0.28678611068984211
Iter: 3 loss: 4.3574061744405256e-05
-802.24424681798268
Iter: 1 loss: 0.046133573906380877
-1554029.1022657077
Iter: 2 loss: 114249615.7959327
-802.2442468242748
Iter: 3 loss: 0.046133573906306263
-802.24424686726
Iter: 4 loss: 0.046133573905798142
356329.15744149452
Iter: 5 loss: 11209399.132560372
-802.24424692980756
Iter: 6 loss: 0.046133573905059219
-846.65535134097058
Iter: 7 loss: 0.045872456718710972
-847.0252926127456
Iter: 8 loss: 0.045865454729126141
-848.50531299880447
Iter: 9 loss: 0.045838386964965144
-854.42947794585052
Iter: 10 loss: 0.045745143298217363
-898.35790986547033
Iter: 11 loss: 0.045538275944137695
-918.65687697843794
Iter: 12 loss: 0.045316046919249835
-999.75406927198173
Iter: 13 loss: 0.04459128304316029
-1271.9195288559283
Iter: 14 loss: 0.0429959220962051
-1447.9059554039732
Iter: 15 loss: 0.041585891830857771
-1519.8132326076957
Iter: 16 loss: 0.040723170104566317
-1595.4603475138265
Iter: 17 loss: 0.039981719092874866
-1632.9824863726278
Iter: 18 loss: 0.03968018570292383
-1741.1256598904829
Iter: 19 loss: 0.039096151571392325
-1836.6100906913559
Iter: 20 loss: 0.038818694919990224
-1880.328904522316
Iter: 21 loss: 0.038727524318353
-1925.2851319015283
Iter: 22 loss: 0.038624508673499328
-1978.4936601846093
Iter: 23 loss: 0.038478870065911448
-2010.5072520810468
Iter: 24 loss: 0.03834397864289444
-2004.5299845845557
Iter: 25 loss: 0.038310662695787485
-1993.6710167848087
Iter: 26 loss: 0.038307116478083894
-1987.4829962686222
Iter: 27 loss: 0.038305572527348473
-1977.9110522047056
Iter: 28 loss: 0.038301599319194878
-1959.5945238717948
Iter: 29 loss: 0.038289868016219995
-1929.6609634540832
Iter: 30 loss: 0.038260770884549156
-1879.326846495351
Iter: 31 loss: 0.038188118462107096
-1804.5061573151916
Iter: 32 loss: 0.038027763498191924
-1723.9498290048505
Iter: 33 loss: 0.03775010570816769
-1695.0100271012734
Iter: 34 loss: 0.037458635214758992
-1731.019557512785
Iter: 35 loss: 0.037321806367548414
-1772.3420582406038
Iter: 36 loss: 0.03729811777695019
-1785.9946129645775
Iter: 37 loss: 0.037296273098104668
-1787.9427985384159
Iter: 38 loss: 0.037295818052885232
-259.85027916953118
Iter: 1 loss: 0.00086298677464078917
8445.3453012597784
Iter: 2 loss: 7.0575869718146169
6111.26306585099
Iter: 3 loss: 0.99242258834966768
51.576553215123631
Iter: 4 loss: 0.0022743011671713309
-165.05633548286676
Iter: 5 loss: 0.00052707956230971438
-151.70038475476085
Iter: 6 loss: 0.00051202431328569863
-93.938160529826334
Iter: 7 loss: 0.00046203380523316773
-41.780884393342546
Iter: 8 loss: 0.00043320330222764992
-43.385570441403338
Iter: 9 loss: 0.00042991940086418816
-56.468083625747745
Iter: 10 loss: 0.00042557266410975095
-57.500731067992419
Iter: 11 loss: 0.00042495636911842928
Iter: 1 loss: 4.4513916947237566e-05
Iter: 2 loss: 0.0078776852844474072
Iter: 3 loss: 4.6756614744809017e-05
Iter: 4 loss: 4.4437691625998573e-05
-1826.7140264144271
Iter: 1 loss: 0.034249117072190617
28279.762289673392
Iter: 2 loss: 50.523542742867065
490.925830134123
Iter: 3 loss: 0.63560314553858055
-1806.032551520789
Iter: 4 loss: 0.034200780860000127
-1806.5341254272016
Iter: 5 loss: 0.034199021715975816
-1808.5405781794464
Iter: 6 loss: 0.034192847358243288
-1813.2584608573156
Iter: 7 loss: 0.034162283619083231
-1811.1219085733098
Iter: 8 loss: 0.0341489150396731
-1808.1317435367257
Iter: 9 loss: 0.034144142345193342
-1805.7387664694397
Iter: 10 loss: 0.0341417260319661
-1804.2787231371544
Iter: 11 loss: 0.034139217982935878
-1802.5684921271006
Iter: 12 loss: 0.034132541531959978
-1802.920254246153
Iter: 13 loss: 0.034123189571384563
-1802.911680056895
Iter: 14 loss: 0.034109542021867022
-1801.886850253183
Iter: 15 loss: 0.034094875486443285
-1799.6747668888036
Iter: 16 loss: 0.0340881349883624
-1794.4987467666929
Iter: 17 loss: 0.034081183056340322
-1784.3338996301686
Iter: 18 loss: 0.034072604401746455
-1768.041168121463
Iter: 19 loss: 0.034059978864190717
-1753.813723723626
Iter: 20 loss: 0.034052244853749539
-1750.8580461637739
Iter: 21 loss: 0.034049684619569573
-1747.9676326881286
Iter: 22 loss: 0.034044945375050949
-1743.3270983100629
Iter: 23 loss: 0.034034911955451976
-1731.968241729892
Iter: 24 loss: 0.034008589529109436
-1706.5739324667895
Iter: 25 loss: 0.033949172709662988
-1655.9317478538508
Iter: 26 loss: 0.033834376457489032
-1588.1603252702716
Iter: 27 loss: 0.03369595345597115
-1556.0330928250523
Iter: 28 loss: 0.033625846425514784
-1563.1870291094108
Iter: 29 loss: 0.033607506084768882
-1572.1817988484229
Iter: 30 loss: 0.033605327581620208
-1573.5715128251918
Iter: 31 loss: 0.033604979818412775
-8.5440910143741569
Iter: 1 loss: 0.00040879623092313858
77456.658548644729
Iter: 2 loss: 151.17816926054758
-11.097712428891146
Iter: 3 loss: 0.00040485356835184144
-27.495951282008612
Iter: 4 loss: 0.00039487229050773359
-29.172435547492682
Iter: 5 loss: 0.00039427372220010565
-35.879770843394255
Iter: 6 loss: 0.00039249853461594751
-56.192482673992366
Iter: 7 loss: 0.00039016887583352466
-50.854477852023294
Iter: 8 loss: 0.00038967237712587429
Iter: 1 loss: 4.3065305920724017e-05
Iter: 2 loss: 0.28584450224198965
Iter: 3 loss: 4.3028531195996737e-05
-1582.6010215631313
Iter: 1 loss: 0.038329805302980191
-54604.197737840674
Iter: 2 loss: 94543.147679030924
-1582.6010293063673
Iter: 3 loss: 0.038329805286343124
-1591.79661852631
Iter: 4 loss: 0.038319937536846239
-1592.0531758804418
Iter: 5 loss: 0.038314282720313973
-1593.0800174670119
Iter: 6 loss: 0.038293033518653409
-1605.8915793434639
Iter: 7 loss: 0.038193582373625176
-1609.2094903306934
Iter: 8 loss: 0.038185574896829652
-1622.4789552777816
Iter: 9 loss: 0.038157316577206613
-1711.659426788603
Iter: 10 loss: 0.03801506678353149
-1772.9408656810983
Iter: 11 loss: 0.037911150037112942
-1880.0714124321989
Iter: 12 loss: 0.037828011234237444
-1881.889320315667
Iter: 13 loss: 0.03777494539350594
-1887.86953941107
Iter: 14 loss: 0.037726935664249575
-1901.1841701075289
Iter: 15 loss: 0.037702179654779441
-1916.6286751710052
Iter: 16 loss: 0.037681820317404219
-1924.4384550218547
Iter: 17 loss: 0.037672490626062351
-1927.0296671548913
Iter: 18 loss: 0.037663792132261939
-1925.291416212212
Iter: 19 loss: 0.037643075451588584
-1912.7305672216762
Iter: 20 loss: 0.037605186340805952
-1886.1193713421292
Iter: 21 loss: 0.037529566240941593
-1867.3009641842941
Iter: 22 loss: 0.037422522312367881
-1830.036973909183
Iter: 23 loss: 0.0373458198308609
-1801.6717027333334
Iter: 24 loss: 0.037306702777467469
-1802.6812149481252
Iter: 25 loss: 0.037303681224648257
-1806.16102839097
Iter: 26 loss: 0.037294766383758768
-1807.2447867339733
Iter: 27 loss: 0.037283696499266238
-1804.4042145422231
Iter: 28 loss: 0.037252304078698228
-1791.9526915786034
Iter: 29 loss: 0.037200141519114015
-1768.0677494170209
Iter: 30 loss: 0.037138402593330413
-1750.4210498183861
Iter: 31 loss: 0.037075147814177617
-1726.0448391877799
Iter: 32 loss: 0.036984797687664793
-1713.6386241604032
Iter: 33 loss: 0.036928521118274826
-1698.3061966591126
Iter: 34 loss: 0.036833598859573262
-1696.0241013444333
Iter: 35 loss: 0.036684961400738215
-116.59898265683711
Iter: 1 loss: 0.00043748043678240318
4446.6802896660047
Iter: 2 loss: 0.50959158919631575
657.0556132425786
Iter: 3 loss: 0.012056570767293787
-98.56845688652183
Iter: 4 loss: 0.0004309826070921714
-94.194801199539171
Iter: 5 loss: 0.00042842871071814429
-61.448936144753318
Iter: 6 loss: 0.00041680903767903987
-58.019874469231411
Iter: 7 loss: 0.00042185289486765877
-61.03170429368874
Iter: 8 loss: 0.00041677659654556777
Iter: 1 loss: 4.4864013463064915e-05
Iter: 2 loss: 0.19564484909714061
Iter: 3 loss: 4.4810634433729564e-05
-1654.5184919619405
Iter: 1 loss: 0.03043820548187235
-68166.322289997
Iter: 2 loss: 282876.85570758965
-235732.0456329624
Iter: 3 loss: 14515.099006442437
-1654.5186096866269
Iter: 4 loss: 0.030438204328502572
-1654.7404257403591
Iter: 5 loss: 0.030436037510278468
-12568471.729208363
Iter: 6 loss: 2087817160.4454453
-59707.675917443681
Iter: 7 loss: 519.78428901966379
-4460.9428919625716
Iter: 8 loss: 1.0569800901132325
-1689.5363322497383
Iter: 9 loss: 0.030253464877506419
-1691.748535151246
Iter: 10 loss: 0.030238506439908878
-1698.4058567994086
Iter: 11 loss: 0.030118165548599935
-1692.6949640555556
Iter: 12 loss: 0.029973846748787957
-1667.5282614185596
Iter: 13 loss: 0.029805374690762065
-1644.0158811150695
Iter: 14 loss: 0.029722682283336667
-1629.9320190353337
Iter: 15 loss: 0.029695431051401454
-1625.4987948656783
Iter: 16 loss: 0.029682442621622535
-1615.7515503479221
Iter: 17 loss: 0.029638702493863661
-1605.8670026562693
Iter: 18 loss: 0.029567838942594148
-1599.3581121599732
Iter: 19 loss: 0.029465235733438833
-1609.8258222079708
Iter: 20 loss: 0.029320371974204118
-1641.9117185233026
Iter: 21 loss: 0.02919648796857699
-1655.1911140139114
Iter: 22 loss: 0.029174950664557893
-1661.4094307718433
Iter: 23 loss: 0.029164076397499617
-1661.2733787832842
Iter: 24 loss: 0.029144602354448712
-1648.1783174973741
Iter: 25 loss: 0.029064536420085052
-1626.2453861101528
Iter: 26 loss: 0.028982763475180563
-1558.9005487249588
Iter: 27 loss: 0.028751862038824925
-1430.7382369363604
Iter: 28 loss: 0.028309776894649662
-1195.8596900287203
Iter: 29 loss: 0.027521169015793
-981.42619824659619
Iter: 30 loss: 0.026865963807328263
-918.96322407099615
Iter: 31 loss: 0.026606512562173397
-947.103103049617
Iter: 32 loss: 0.026553382949947819
-973.24689078074766
Iter: 33 loss: 0.026542261005148848
-992.76389825429192
Iter: 34 loss: 0.026532035964995669
-1012.2149262085265
Iter: 35 loss: 0.026515393429900704
-1035.4730812688217
Iter: 36 loss: 0.026477523880169208
-1068.2846779988663
Iter: 37 loss: 0.026379590573664992
-1102.8566604210537
Iter: 38 loss: 0.026178442387085159
103.41263249110511
Iter: 1 loss: 0.00064149472508834066
75857.56070073061
Iter: 2 loss: 135.50042573199033
90.858772670861768
Iter: 3 loss: 0.0005792682526541672
27.209093887693957
Iter: 4 loss: 0.00045370530761652632
22.727082568171763
Iter: 5 loss: 0.00044832634881777661
-17.101479207475904
Iter: 6 loss: 0.00042326161972109169
-50.791450808100244
Iter: 7 loss: 0.00041645967149221664
-44.098186411093643
Iter: 8 loss: 0.00041480255917911765
-41.674270386761464
Iter: 9 loss: 0.00041432560171308452
Iter: 1 loss: 4.350575372900053e-05
Iter: 2 loss: 0.0037199419711459068
Iter: 3 loss: 4.6608732423371991e-05
Iter: 4 loss: 4.343242254122472e-05
-1149.2095835210473
Iter: 1 loss: 0.032474381444412267
27435.343034500169
Iter: 2 loss: 57.068030451509252
2249.7712183872036
Iter: 3 loss: 1.3931508822985808
-1119.5559871346272
Iter: 4 loss: 0.03237244862186324
-1120.656794733068
Iter: 5 loss: 0.032368629808229868
-1125.0616927837311
Iter: 6 loss: 0.032357334253834857
-1128.6016278379102
Iter: 7 loss: 0.032321932904774309
-1127.4284275185225
Iter: 8 loss: 0.032249873305672069
-1118.6920710347292
Iter: 9 loss: 0.03221165776202
-1110.3519261959564
Iter: 10 loss: 0.032196761388933418
-1108.0268956027212
Iter: 11 loss: 0.032191647556526953
-1104.3892101562465
Iter: 12 loss: 0.03217638108154626
-1104.4492729165922
Iter: 13 loss: 0.0321576323704882
-1116.590904780451
Iter: 14 loss: 0.032120488253100467
-1156.4939372969543
Iter: 15 loss: 0.032056082111720688
-1189.7900138798386
Iter: 16 loss: 0.0320210073975999
-1222.1682869522615
Iter: 17 loss: 0.031991156894194031
-1241.4551008683688
Iter: 18 loss: 0.031968956139095686
-1251.3412641574528
Iter: 19 loss: 0.031952220413663072
-1252.125775423131
Iter: 20 loss: 0.031944567673814359
-1251.1298312946233
Iter: 21 loss: 0.031938184234282033
-1251.1817124876166
Iter: 22 loss: 0.03192307728759617
-1257.754886657965
Iter: 23 loss: 0.031888839174290917
-1284.2637312704287
Iter: 24 loss: 0.031810653778419962
-1350.3178246350644
Iter: 25 loss: 0.031670986394270378
-1452.1804965651054
Iter: 26 loss: 0.031514170190360555
-1513.168550491615
Iter: 27 loss: 0.031443337701288925
-1516.4753964937045
Iter: 28 loss: 0.031430106822952351
-1509.6946382755459
Iter: 29 loss: 0.031428909377192026
-1507.9593852318012
Iter: 30 loss: 0.03142855364506307
-81.965954053628025
Iter: 1 loss: 0.00047571943434037073
2109.7325860543419
Iter: 2 loss: 0.32093803257901865
3282.2900273465084
Iter: 3 loss: 0.44033299845587415
-30.07705070754605
Iter: 4 loss: 0.00040211235779099577
-38.950155840256492
Iter: 5 loss: 0.00039732290528417052
-38.971390680269437
Iter: 6 loss: 0.00039721581752950934
Iter: 1 loss: 4.3980163324089424e-05
Iter: 2 loss: 0.34185043304175033
Iter: 3 loss: 4.39044549513525e-05
-1501.7910836644573
Iter: 1 loss: 0.023151738171516903
29771.375401136153
Iter: 2 loss: 57.012838730626093
-261.46966518977456
Iter: 3 loss: 0.22359348252942168
-1492.0698099009155
Iter: 4 loss: 0.023139146470030961
-1492.0684171474372
Iter: 5 loss: 0.023138815522352106
-1492.062842289346
Iter: 6 loss: 0.023137506975639398
-1492.0404813909004
Iter: 7 loss: 0.023132516706559032
-1491.9500569812094
Iter: 8 loss: 0.023116459193152129
-1477.8067891389155
Iter: 9 loss: 0.023059414931159077
-1453.0118050387366
Iter: 10 loss: 0.023013618351084258
-1434.844544893507
Iter: 11 loss: 0.022977979329727942
-1406.0271873749075
Iter: 12 loss: 0.022929709924504875
-1397.9949867379482
Iter: 13 loss: 0.022909041004727661
-1396.1125603090522
Iter: 14 loss: 0.022885134653972315
-1398.3498940731117
Iter: 15 loss: 0.022868051279431378
-1400.2279241312065
Iter: 16 loss: 0.022854044446287768
-1399.6853104447232
Iter: 17 loss: 0.02282136048766668
-1388.8069575953168
Iter: 18 loss: 0.022751454836661671
-1351.9353755972247
Iter: 19 loss: 0.022611091988701915
-1280.8505788531002
Iter: 20 loss: 0.022409785023759444
-1191.6442250658142
Iter: 21 loss: 0.022156306447345325
-1127.6996869817658
Iter: 22 loss: 0.022004996789322887
-1120.8961037952131
Iter: 23 loss: 0.021980286789203114
-1121.9585172027751
Iter: 24 loss: 0.021963924375106227
-1125.6098408032913
Iter: 25 loss: 0.021927108086681052
-1093.9220901533754
Iter: 26 loss: 0.021792722656715696
-954.71570372568169
Iter: 27 loss: 0.021487469196850951
-891.99823677321876
Iter: 28 loss: 0.021384881389464584
-856.98586021164328
Iter: 29 loss: 0.021341244597173147
-852.90516464863788
Iter: 30 loss: 0.021330598589688245
-845.21935941966854
Iter: 31 loss: 0.0212925880571043
-836.49912965518229
Iter: 32 loss: 0.021207429580270731
-832.84825260470279
Iter: 33 loss: 0.021003268149467274
-860.64302842968561
Iter: 34 loss: 0.02068719623189183
-890.52843147153385
Iter: 35 loss: 0.02045983086965179
-888.385933202406
Iter: 36 loss: 0.020390049403752317
262.328029141876
Iter: 1 loss: 0.001061967204115377
73893.018908480415
Iter: 2 loss: 134.64485363423125
241.57141271218592
Iter: 3 loss: 0.00088508010794601031
132.38586159479891
Iter: 4 loss: 0.00051490788577011122
123.83821390853221
Iter: 5 loss: 0.000499450181220267
-9.1468623343671815
Iter: 6 loss: 0.00041636620158418244
13.881907720146225
Iter: 7 loss: 0.00041497035668894853
2.6968496307232241
Iter: 8 loss: 0.00040802853659380309
15.521713909519729
Iter: 9 loss: 0.00040495718938043604
27.492261060499143
Iter: 10 loss: 0.00039952927732643371
30.460697926676421
Iter: 11 loss: 0.00039635725242539766
28.845010530129773
Iter: 12 loss: 0.00039354770741251686
21.22822891865377
Iter: 13 loss: 0.00038510562620108931
10.829212431940855
Iter: 14 loss: 0.00037584924422668503
-8.6438469385057033
Iter: 15 loss: 0.00036793958392308454
-12.799373620544918
Iter: 16 loss: 0.00036472654840723884
-14.072332411887832
Iter: 17 loss: 0.00036282832703503858
-14.222047776953733
Iter: 18 loss: 0.00036073994210507229
-14.803190020747795
Iter: 19 loss: 0.00035753081807629204
-14.810774319110774
Iter: 20 loss: 0.00035245118193878808
-18.170351016180497
Iter: 21 loss: 0.00034881612222546337
-19.190246453490325
Iter: 22 loss: 0.00034556686681990216
-24.683547035406587
Iter: 23 loss: 0.00034106711054210316
-26.210471924532243
Iter: 24 loss: 0.00033158085096765603
-44.348519611080107
Iter: 25 loss: 0.00031764201009211912
-36.227505175423673
Iter: 26 loss: 0.00030977508137355523
-38.468345950499042
Iter: 27 loss: 0.00030620315656584737
-37.553615005250904
Iter: 28 loss: 0.00030469788066082458
-35.9552308252985
Iter: 29 loss: 0.00030309026356140317
-28.370218834132203
Iter: 30 loss: 0.00029709058152776579
-24.554989383256405
Iter: 31 loss: 0.00029393766968812817
-16.079066275239704
Iter: 32 loss: 0.00028225808045201893
-9.5667726568578573
Iter: 33 loss: 0.00027070629048012504
Iter: 1 loss: 4.5054758837043338e-05
Iter: 2 loss: 0.30209743956206447
Iter: 3 loss: 4.4964902408740078e-05
-846.789284124549
Iter: 1 loss: 0.060317286725627327
-714364.59409991757
Iter: 2 loss: 21204835.635762226
-846.78928420929174
Iter: 3 loss: 0.060317286724849331
-846.78928597661456
Iter: 4 loss: 0.060317286708627661
-138948.78045060288
Iter: 5 loss: 15723.42004238868
-8141782.1578958668
Iter: 6 loss: 1480236163.1844189
-846.78928597726156
Iter: 7 loss: 0.060317286708621645
-846.78928597884828
Iter: 8 loss: 0.060317286708607032
-278343.79963819217
Iter: 9 loss: 1098796.5220495788
-18393.991211426022
Iter: 10 loss: 39.996876264997979
-1017.3421892704255
Iter: 11 loss: 0.062098243225448622
-886.57327072394355
Iter: 12 loss: 0.060133940326633231
-887.65418779479387
Iter: 13 loss: 0.060100541891012507
-891.97993855191362
Iter: 14 loss: 0.059971184101282868
-909.31628068473231
Iter: 15 loss: 0.059521589864215387
-978.07828662858037
Iter: 16 loss: 0.058391325485265766
-1013.4337098860933
Iter: 17 loss: 0.057731135693698754
-1217.7045423300558
Iter: 18 loss: 0.053936409062190174
-1400.8197518604138
Iter: 19 loss: 0.05029573106859956
-1721.6705129828715
Iter: 20 loss: 0.046042059788743019
-1870.4161706147954
Iter: 21 loss: 0.043327561434905945
-2053.3309628108555
Iter: 22 loss: 0.042208183683860909
-2120.7588285496313
Iter: 23 loss: 0.041612732576957821
-2199.953327502174
Iter: 24 loss: 0.041176757151518958
-2224.1920672592514
Iter: 25 loss: 0.040916408738451655
-2234.8066166145004
Iter: 26 loss: 0.040699315788626879
-2234.7281939105924
Iter: 27 loss: 0.040548490390943805
-2230.8845075751738
Iter: 28 loss: 0.040277303613459471
-2209.7424176409777
Iter: 29 loss: 0.039951042508052204
-2172.601764591157
Iter: 30 loss: 0.039754325587996034
-2148.6013161470837
Iter: 31 loss: 0.039650974861970521
-2080.8636092697193
Iter: 32 loss: 0.039386711405471293
-1988.631475643386
Iter: 33 loss: 0.039033315858514182
-1899.5112382685188
Iter: 34 loss: 0.0387067778516466
-1878.104417565419
Iter: 35 loss: 0.038611454667100177
-1876.2543474500274
Iter: 36 loss: 0.038600615597580622
-1881.0277107681313
Iter: 37 loss: 0.038597875599208839
-1884.3829745759401
Iter: 38 loss: 0.038594040457152146
-1886.7668227345912
Iter: 39 loss: 0.038586116433378496
-1885.2823034390833
Iter: 40 loss: 0.038558526297139684
-1873.9643898330446
Iter: 41 loss: 0.038515129562881355
-1844.5256468534023
Iter: 42 loss: 0.038452075534751051
-1819.6064471654736
Iter: 43 loss: 0.038393353259664816
-403.09545724596711
Iter: 1 loss: 0.0013909587964038279
457576327.79902506
Iter: 2 loss: 5819953952389.9922
-403.09545724596717
Iter: 3 loss: 0.0013909587964038282
Iter: 1 loss: 4.3710038369733321e-05
Iter: 2 loss: 0.0078326854893698162
Iter: 3 loss: 5.618582993171062e-05
Iter: 4 loss: 4.3613990079065828e-05
-1807.7067844951591
Iter: 1 loss: 0.0419319662001878
23286.193229028722
Iter: 2 loss: 51.558259361645277
-1196.4196027488117
Iter: 3 loss: 0.09058383362742195
-1802.7860831242697
Iter: 4 loss: 0.041928740082982863
-1802.8332782594418
Iter: 5 loss: 0.041928301441302183
-1803.0220695556043
Iter: 6 loss: 0.04192655358175703
-1803.7774068243373
Iter: 7 loss: 0.041919669459294283
-1806.8015090524177
Iter: 8 loss: 0.041893850078018637
-1830.9841452168644
Iter: 9 loss: 0.041738839217069022
-1840.6112575360503
Iter: 10 loss: 0.041676329543623325
-1837.4515712826305
Iter: 11 loss: 0.041655225380472186
-1837.0164867337342
Iter: 12 loss: 0.041651841931010805
-1837.9347515005427
Iter: 13 loss: 0.041644775465782068
-1843.4867692993369
Iter: 14 loss: 0.041626149592996722
-1861.424005768105
Iter: 15 loss: 0.041582930232957116
-1906.9712787497983
Iter: 16 loss: 0.041494120185862245
-1988.9578727437151
Iter: 17 loss: 0.041363950524865932
-2170.7575848796928
Iter: 18 loss: 0.041747302996946609
-2029.9611000485124
Iter: 19 loss: 0.041326693006182934
-2080.0801858155137
Iter: 20 loss: 0.041244046140338129
-2095.1020918559307
Iter: 21 loss: 0.0412146660964884
-2089.1352620683824
Iter: 22 loss: 0.041211754888747079
-2084.2557384021497
Iter: 23 loss: 0.041210401051359355
-2076.5925750874239
Iter: 24 loss: 0.041207345634505954
-2062.1293089557012
Iter: 25 loss: 0.041199047213828763
-2037.4391679879454
Iter: 26 loss: 0.041179254366158775
-1998.2091682930231
Iter: 27 loss: 0.041136447873317744
-1953.5835945113026
Iter: 28 loss: 0.041066243577353743
-1929.4160889744937
Iter: 29 loss: 0.040978388654036343
-1936.3679872868302
Iter: 30 loss: 0.040904153685132227
-1957.15828715446
Iter: 31 loss: 0.040882755797945314
-1968.8163970593528
Iter: 32 loss: 0.040878584990391778
-1977.2103681028248
Iter: 33 loss: 0.040873254947041096
-1978.873686191286
Iter: 34 loss: 0.040863057701453126
-1967.2463416243454
Iter: 35 loss: 0.040855774980986477
-1955.7355117258735
Iter: 36 loss: 0.040853576897138179
-1949.2361440431052
Iter: 37 loss: 0.04085260000088279
-522.87783485512693
Iter: 1 loss: 0.0022885058144137705
236753.65698925202
Iter: 2 loss: 10307.803170507726
10905.640774760754
Iter: 3 loss: 6.045098418077286
3181.7373335257089
Iter: 4 loss: 0.46413341346499148
-303.826204230963
Iter: 5 loss: 0.00084762321868226439
-304.42839953689651
Iter: 6 loss: 0.00075370309708474735
-279.38021004161209
Iter: 7 loss: 0.00066029834443154484
-189.95548844454234
Iter: 8 loss: 0.0005032107404968428
-109.83726696701015
Iter: 9 loss: 0.000406989619890547
-77.295719733005086
Iter: 10 loss: 0.00038946835545591239
-86.941956829262836
Iter: 11 loss: 0.0003829620457195155
-95.597500868745229
Iter: 12 loss: 0.00037994082568351418
-120.4520845705413
Iter: 13 loss: 0.00036961719679938769
-126.49918176876317
Iter: 14 loss: 0.00036256617825724646
-124.24876042297323
Iter: 15 loss: 0.00034532148006346727
-106.25384437871864
Iter: 16 loss: 0.00033258442217380755
-80.241821165372755
Iter: 17 loss: 0.0003225562618939251
-66.094062071284412
Iter: 18 loss: 0.0003187907352920685
-59.219403249946296
Iter: 19 loss: 0.00031634822779370777
-54.013096945133
Iter: 20 loss: 0.00031246114787927815
-52.535364285021217
Iter: 21 loss: 0.0003080950147708558
-60.027075014004041
Iter: 22 loss: 0.00030357234483919669
-63.7427814731128
Iter: 23 loss: 0.00030074060743953517
-66.11549560067121
Iter: 24 loss: 0.00029916533178056987
-62.217240813539973
Iter: 25 loss: 0.000297356030873635
-55.412332872803908
Iter: 26 loss: 0.00029420789019491436
-42.143352120722369
Iter: 27 loss: 0.00029097030864070808
-34.022513292558187
Iter: 28 loss: 0.00028789464253135583
-29.985695685733834
Iter: 29 loss: 0.00028437340531826092
-39.443305342748751
Iter: 30 loss: 0.00028133723749862682
-41.009365491129763
Iter: 31 loss: 0.00027961022603151627
-43.844434956483362
Iter: 32 loss: 0.00027893071488524409
Iter: 1 loss: 4.4120902551590625e-05
Iter: 2 loss: 0.028092807140441444
Iter: 3 loss: 4.3978736384222491e-05
-1951.0831442408639
Iter: 1 loss: 0.029276144973274187
34281.250614548626
Iter: 2 loss: 50.648659546838147
-1679.1304899582319
Iter: 3 loss: 0.034601481347251863
-1934.5658026803267
Iter: 4 loss: 0.029253719357504353
-1932.3270969893938
Iter: 5 loss: 0.02921703618455581
-1917.3226381145646
Iter: 6 loss: 0.029103642607040868
-1915.772436750839
Iter: 7 loss: 0.029096351237094066
-1909.5727471245743
Iter: 8 loss: 0.029069359911936994
-1836.7892458541994
Iter: 9 loss: 0.028756254517481407
-1724.5667677447682
Iter: 10 loss: 0.028310423212711367
-1576.9683760254056
Iter: 11 loss: 0.027690899821825161
-1379.2120892901867
Iter: 12 loss: 0.026583750129325723
-1315.9758971055132
Iter: 13 loss: 0.026043130172640018
-1318.9149832950948
Iter: 14 loss: 0.0257792552001737
-1317.0288838939675
Iter: 15 loss: 0.025707225140352397
-1244.8150145620234
Iter: 16 loss: 0.025432514037158332
-1096.6019891654923
Iter: 17 loss: 0.025135412293119292
-1012.9889193171102
Iter: 18 loss: 0.024965725232255785
-872.61813529046492
Iter: 19 loss: 0.024467592190815519
-839.64925584328023
Iter: 20 loss: 0.024258936930233267
-872.28057214325031
Iter: 21 loss: 0.02418393105819755
-921.63679352279962
Iter: 22 loss: 0.024158134223410378
-933.83423947896688
Iter: 23 loss: 0.023776586931242759
-1150.2208884246184
Iter: 24 loss: 0.022552465809671636
-1125.681242996156
Iter: 25 loss: 0.022441974195875545
-1118.2776037456451
Iter: 26 loss: 0.022409968329305047
-1123.2742795420204
Iter: 27 loss: 0.022406830866573385
-1120.0156029371592
Iter: 28 loss: 0.022406092292617374
365.82560578996316
Iter: 1 loss: 0.00166097622421243
77199.6779737308
Iter: 2 loss: 149.36488649220254
336.5206545669098
Iter: 3 loss: 0.0012930936758771359
172.83387574330123
Iter: 4 loss: 0.00049512517887774607
166.12000993913506
Iter: 5 loss: 0.00046809664769142928
86.093997712943064
Iter: 6 loss: 0.000352092173312221
25.235591067873141
Iter: 7 loss: 0.00032130297266974811
13.477531614955542
Iter: 8 loss: 0.0003137143368578393
16.538310541762144
Iter: 9 loss: 0.00031140981937941942
36.157999598284817
Iter: 10 loss: 0.00030249586995867824
38.947596659951806
Iter: 11 loss: 0.00029728347203394494
36.645075399615507
Iter: 12 loss: 0.00028106996837612495
23.868342340294294
Iter: 13 loss: 0.00027347661215699565
5.7405061910456423
Iter: 14 loss: 0.00026741085677279511
-2.2616868355438453
Iter: 15 loss: 0.00026626083058312641
-5.970916658242972
Iter: 16 loss: 0.00026527437370342565
