Iteration 0
Elapsed time for kappa 289.1060 sec
Elapsed time for experts 129.2090 sec
Elapsed time for households 101.1761 sec
Iteration 1
Elapsed time for kappa 252.6813 sec
Elapsed time for experts 116.4531 sec
Elapsed time for households 107.1086 sec
Iteration 2
Elapsed time for kappa 235.4411 sec
Elapsed time for experts 125.8149 sec
Elapsed time for households 108.1332 sec
Iteration 3
Elapsed time for kappa 224.6542 sec
Elapsed time for experts 128.4826 sec
Elapsed time for households 109.4242 sec
Iteration 4
Elapsed time for kappa 230.8083 sec
Elapsed time for experts 111.4701 sec
Elapsed time for households 112.1363 sec
Iteration 5
Elapsed time for kappa 219.9647 sec
Elapsed time for experts 114.6527 sec
Elapsed time for households 115.8534 sec
Iteration 6
Elapsed time for kappa 226.2572 sec
Elapsed time for experts 111.9623 sec
Elapsed time for households 14.8188 sec
Iteration 7
Elapsed time for kappa 257.4799 sec
Elapsed time for experts 117.8792 sec
Elapsed time for households 106.7591 sec
Iteration 8
Elapsed time for kappa 237.3885 sec
Elapsed time for experts 112.5098 sec
Elapsed time for households 105.4925 sec
Iteration 9
Elapsed time for kappa 237.1868 sec
Elapsed time for experts 115.3100 sec
Elapsed time for households 107.4231 sec
Iteration 10
Elapsed time for kappa 239.2002 sec
Elapsed time for experts 110.0455 sec
Elapsed time for households 111.8507 sec
Iteration 11
Elapsed time for kappa 238.8238 sec
Elapsed time for experts 122.4591 sec
Elapsed time for households 96.2272 sec
Iteration 12
Elapsed time for kappa 246.6936 sec
Elapsed time for experts 119.7653 sec
Elapsed time for households 99.9057 sec
Iteration 13
Elapsed time for kappa 180.1313 sec
Elapsed time for experts 116.0936 sec
Elapsed time for households 105.7055 sec
Iteration 14
Elapsed time for kappa 133.5416 sec
Elapsed time for experts 118.0982 sec
Elapsed time for households 100.5491 sec
Elapsed time for training 6723.0896 sec
