/tmp/slurmd/job22783655/slurm_script: line 19: deactivate: No such file or directory
Iteration 0
Elapsed time for kappa 142.4446 sec
Elapsed time for experts 70.9252 sec
Elapsed time for households 61.4780 sec
Iteration 1
Elapsed time for kappa 107.9880 sec
Elapsed time for experts 66.4850 sec
Elapsed time for households 58.8992 sec
Iteration 2
Elapsed time for kappa 106.9676 sec
Elapsed time for experts 64.2247 sec
Elapsed time for households 59.3047 sec
Iteration 3
Elapsed time for kappa 107.9861 sec
Elapsed time for experts 65.3490 sec
Elapsed time for households 58.9695 sec
Iteration 4
Elapsed time for kappa 108.8055 sec
Elapsed time for experts 66.1990 sec
Elapsed time for households 59.3729 sec
Iteration 5
Elapsed time for kappa 109.3447 sec
Elapsed time for experts 64.3461 sec
Elapsed time for households 58.7326 sec
Iteration 6
Elapsed time for kappa 104.6530 sec
Elapsed time for experts 62.9202 sec
Elapsed time for households 59.1915 sec
Iteration 7
Elapsed time for kappa 115.8257 sec
Elapsed time for experts 64.4877 sec
Elapsed time for households 42.0305 sec
Iteration 8
Elapsed time for kappa 105.8910 sec
Elapsed time for experts 64.1335 sec
Elapsed time for households 58.5319 sec
Iteration 9
Elapsed time for kappa 106.2363 sec
Elapsed time for experts 62.5101 sec
Elapsed time for households 57.4392 sec
Iteration 10
Elapsed time for kappa 105.1776 sec
Elapsed time for experts 63.2073 sec
Elapsed time for households 41.3593 sec
Iteration 11
Elapsed time for kappa 105.9731 sec
Elapsed time for experts 65.2483 sec
Elapsed time for households 59.0118 sec
Iteration 12
Elapsed time for kappa 105.7757 sec
Elapsed time for experts 70.1966 sec
Elapsed time for households 60.0698 sec
Iteration 13
Elapsed time for kappa 111.2963 sec
Elapsed time for experts 65.3407 sec
Elapsed time for households 58.0057 sec
Iteration 14
Elapsed time for kappa 108.3597 sec
Elapsed time for experts 65.2091 sec
Elapsed time for households 58.6849 sec
Elapsed time for training 3485.7094 sec
