ERROR: logger: /software/python-anaconda-2022.05-el8-x86_64/lib/libuuid.so.1: no version information available (required by /lib64/libblkid.so.1)
      while executing
  "exec logger -t modulecmd "[get-env USER]: $command [join $args]""
      (procedure "module" line 2)
      invoked from within
  "module load python/anaconda-2022.05"
      ("eval" body line 1)
      invoked from within
  "eval $execcmdlist"
  Please report this issue at https://github.com/cea-hpc/modules/issues
Iteration 0
Elapsed time for kappa 66.6275 sec
Elapsed time for experts 18.8070 sec
Elapsed time for households 14.7980 sec
Iteration 1
Elapsed time for kappa 31.6323 sec
Elapsed time for experts 13.8937 sec
Elapsed time for households 10.6919 sec
Iteration 2
Elapsed time for kappa 31.3132 sec
Elapsed time for experts 11.4811 sec
Elapsed time for households 10.2942 sec
Iteration 3
Elapsed time for kappa 35.3758 sec
Elapsed time for experts 14.2508 sec
Elapsed time for households 12.3085 sec
Iteration 4
Elapsed time for kappa 31.5932 sec
Elapsed time for experts 13.1829 sec
Elapsed time for households 11.2620 sec
Iteration 5
Elapsed time for kappa 30.9922 sec
Elapsed time for experts 11.2506 sec
Elapsed time for households 10.1892 sec
Iteration 6
Elapsed time for kappa 34.4213 sec
Elapsed time for experts 13.0630 sec
Elapsed time for households 10.0195 sec
Iteration 7
Elapsed time for kappa 31.5443 sec
Elapsed time for experts 13.5374 sec
Elapsed time for households 12.2221 sec
Iteration 8
Elapsed time for kappa 31.3166 sec
Elapsed time for experts 11.2936 sec
Elapsed time for households 10.0303 sec
Iteration 9
Elapsed time for kappa 38.0253 sec
Elapsed time for experts 12.0929 sec
Elapsed time for households 10.2878 sec
Iteration 10
Elapsed time for kappa 30.8139 sec
Elapsed time for experts 11.2739 sec
Elapsed time for households 10.7895 sec
Iteration 11
Elapsed time for kappa 31.3292 sec
Elapsed time for experts 11.2060 sec
Elapsed time for households 10.1349 sec
Iteration 12
Elapsed time for kappa 31.1184 sec
Elapsed time for experts 12.3876 sec
Elapsed time for households 10.9866 sec
Iteration 13
Elapsed time for kappa 34.0540 sec
Elapsed time for experts 12.3743 sec
Elapsed time for households 10.2816 sec
Iteration 14
Elapsed time for kappa 31.1126 sec
Elapsed time for experts 12.0388 sec
Elapsed time for households 10.1783 sec
Iteration 15
Elapsed time for kappa 38.3160 sec
Elapsed time for experts 12.2653 sec
Elapsed time for households 10.6281 sec
Iteration 16
Elapsed time for kappa 31.1037 sec
Elapsed time for experts 11.5286 sec
Elapsed time for households 10.3187 sec
Iteration 17
Elapsed time for kappa 30.5147 sec
Elapsed time for experts 11.8633 sec
Elapsed time for households 9.9897 sec
Iteration 18
Elapsed time for kappa 30.9706 sec
Elapsed time for experts 11.4248 sec
Elapsed time for households 10.1327 sec
Iteration 19
Elapsed time for kappa 30.9861 sec
Elapsed time for experts 11.9834 sec
Elapsed time for households 10.3550 sec
Iteration 20
Elapsed time for kappa 31.3237 sec
Elapsed time for experts 11.8749 sec
Elapsed time for households 10.2670 sec
Iteration 21
Elapsed time for kappa 37.9859 sec
Elapsed time for experts 11.9499 sec
Elapsed time for households 12.5558 sec
Iteration 22
Elapsed time for kappa 31.2837 sec
Elapsed time for experts 11.2347 sec
Elapsed time for households 10.3227 sec
Iteration 23
Elapsed time for kappa 30.8609 sec
Elapsed time for experts 11.3412 sec
Elapsed time for households 12.1229 sec
Iteration 24
Elapsed time for kappa 30.7923 sec
Elapsed time for experts 11.6333 sec
Elapsed time for households 10.1132 sec
Iteration 25
Elapsed time for kappa 30.9050 sec
Elapsed time for experts 11.4528 sec
Elapsed time for households 10.1107 sec
Iteration 26
Elapsed time for kappa 31.2060 sec
Elapsed time for experts 11.6522 sec
Elapsed time for households 16.4957 sec
Iteration 27
Elapsed time for kappa 31.3614 sec
Elapsed time for experts 11.8556 sec
Elapsed time for households 11.3012 sec
Iteration 28
Elapsed time for kappa 33.7322 sec
Elapsed time for experts 12.7917 sec
Elapsed time for households 11.0859 sec
Iteration 29
Elapsed time for kappa 30.6001 sec
Elapsed time for experts 11.3065 sec
Elapsed time for households 9.9313 sec
Iteration 30
Elapsed time for kappa 30.7334 sec
Elapsed time for experts 11.0510 sec
Elapsed time for households 10.1018 sec
Iteration 31
Elapsed time for kappa 30.9026 sec
Elapsed time for experts 11.2661 sec
Elapsed time for households 10.1324 sec
Iteration 32
Elapsed time for kappa 31.1035 sec
Elapsed time for experts 11.7637 sec
Elapsed time for households 10.0776 sec
Iteration 33
Elapsed time for kappa 37.6196 sec
Elapsed time for experts 11.5977 sec
Elapsed time for households 10.2721 sec
Iteration 34
Elapsed time for kappa 30.6026 sec
Elapsed time for experts 11.1841 sec
Elapsed time for households 10.1420 sec
Iteration 35
Elapsed time for kappa 30.3173 sec
Elapsed time for experts 11.4818 sec
Elapsed time for households 10.2503 sec
Iteration 36
Elapsed time for kappa 30.0098 sec
Elapsed time for experts 11.0037 sec
Elapsed time for households 9.8992 sec
Iteration 37
Elapsed time for kappa 30.0693 sec
Elapsed time for experts 11.6933 sec
Elapsed time for households 9.8815 sec
Iteration 38
Elapsed time for kappa 31.0324 sec
Elapsed time for experts 17.6371 sec
Elapsed time for households 10.5371 sec
Iteration 39
Elapsed time for kappa 30.6759 sec
Elapsed time for experts 11.2873 sec
Elapsed time for households 10.1842 sec
Iteration 40
Elapsed time for kappa 30.3358 sec
Elapsed time for experts 12.0586 sec
Elapsed time for households 10.3073 sec
Iteration 41
Elapsed time for kappa 29.7011 sec
Elapsed time for experts 11.3731 sec
Elapsed time for households 9.9264 sec
Iteration 42
Elapsed time for kappa 29.7330 sec
Elapsed time for experts 11.1818 sec
Elapsed time for households 9.9926 sec
Iteration 43
Elapsed time for kappa 30.5236 sec
Elapsed time for experts 13.7409 sec
Elapsed time for households 9.8435 sec
Iteration 44
Elapsed time for kappa 30.5287 sec
Elapsed time for experts 18.9675 sec
Elapsed time for households 10.9075 sec
Iteration 45
Elapsed time for kappa 30.0428 sec
Elapsed time for experts 11.2739 sec
Elapsed time for households 9.9682 sec
Iteration 46
Elapsed time for kappa 30.0526 sec
Elapsed time for experts 11.8700 sec
Elapsed time for households 10.1441 sec
Iteration 47
Elapsed time for kappa 29.4866 sec
Elapsed time for experts 11.0687 sec
Elapsed time for households 10.4831 sec
Iteration 48
Elapsed time for kappa 29.8226 sec
Elapsed time for experts 11.1306 sec
Elapsed time for households 10.0991 sec
Iteration 49
Elapsed time for kappa 30.2046 sec
Elapsed time for experts 11.5634 sec
Elapsed time for households 10.0674 sec
Iteration 50
Elapsed time for kappa 30.6451 sec
Elapsed time for experts 17.7053 sec
Elapsed time for households 10.3724 sec
Iteration 51
Elapsed time for kappa 30.0781 sec
Elapsed time for experts 11.5739 sec
Elapsed time for households 10.1693 sec
Iteration 52
Elapsed time for kappa 30.3197 sec
Elapsed time for experts 11.1244 sec
Elapsed time for households 9.7608 sec
Iteration 53
Elapsed time for kappa 29.2806 sec
Elapsed time for experts 11.7327 sec
Elapsed time for households 9.9045 sec
Iteration 54
Elapsed time for kappa 29.2393 sec
Elapsed time for experts 11.6070 sec
Elapsed time for households 9.6940 sec
Iteration 55
Elapsed time for kappa 29.6900 sec
Elapsed time for experts 12.1693 sec
Elapsed time for households 11.2427 sec
Iteration 56
Elapsed time for kappa 30.0224 sec
Elapsed time for experts 17.2819 sec
Elapsed time for households 10.7028 sec
Iteration 57
Elapsed time for kappa 29.8937 sec
Elapsed time for experts 11.8576 sec
Elapsed time for households 10.0104 sec
Iteration 58
Elapsed time for kappa 29.5858 sec
Elapsed time for experts 11.3760 sec
Elapsed time for households 10.0051 sec
Iteration 59
Elapsed time for kappa 29.2862 sec
Elapsed time for experts 11.4220 sec
Elapsed time for households 9.6925 sec
Iteration 60
Elapsed time for kappa 28.9846 sec
Elapsed time for experts 10.9179 sec
Elapsed time for households 9.7140 sec
Iteration 61
Elapsed time for kappa 29.7221 sec
Elapsed time for experts 12.5093 sec
Elapsed time for households 10.9779 sec
Iteration 62
Elapsed time for kappa 35.9139 sec
Elapsed time for experts 11.6991 sec
Elapsed time for households 10.4168 sec
Iteration 63
Elapsed time for kappa 29.4519 sec
Elapsed time for experts 11.5481 sec
Elapsed time for households 9.8854 sec
Iteration 64
Elapsed time for kappa 29.1109 sec
Elapsed time for experts 10.9039 sec
Elapsed time for households 10.0639 sec
Iteration 65
Elapsed time for kappa 28.9583 sec
Elapsed time for experts 10.8504 sec
Elapsed time for households 9.9240 sec
Iteration 66
Elapsed time for kappa 28.8266 sec
Elapsed time for experts 11.2016 sec
Elapsed time for households 9.7424 sec
Iteration 67
Elapsed time for kappa 29.0635 sec
Elapsed time for experts 10.6541 sec
Elapsed time for households 9.6269 sec
Iteration 68
Elapsed time for kappa 35.4236 sec
Elapsed time for experts 12.1034 sec
Elapsed time for households 10.0701 sec
Iteration 69
Elapsed time for kappa 29.1880 sec
Elapsed time for experts 11.8624 sec
Elapsed time for households 10.0372 sec
Iteration 70
Elapsed time for kappa 28.8991 sec
Elapsed time for experts 11.0337 sec
Elapsed time for households 9.9952 sec
Iteration 71
Elapsed time for kappa 31.6751 sec
Elapsed time for experts 12.2466 sec
Elapsed time for households 10.9506 sec
Iteration 72
Elapsed time for kappa 31.5008 sec
Elapsed time for experts 12.0170 sec
Elapsed time for households 9.9660 sec
Iteration 73
Elapsed time for kappa 28.7891 sec
Elapsed time for experts 10.7276 sec
Elapsed time for households 9.6503 sec
Iteration 74
Elapsed time for kappa 35.9109 sec
Elapsed time for experts 11.9285 sec
Elapsed time for households 10.4617 sec
Iteration 75
Elapsed time for kappa 29.1712 sec
Elapsed time for experts 11.1924 sec
Elapsed time for households 10.1664 sec
Iteration 76
Elapsed time for kappa 29.0487 sec
Elapsed time for experts 11.6317 sec
Elapsed time for households 9.8587 sec
Iteration 77
Elapsed time for kappa 28.7274 sec
Elapsed time for experts 10.8745 sec
Elapsed time for households 9.9899 sec
Iteration 78
Elapsed time for kappa 28.7568 sec
Elapsed time for experts 10.7984 sec
Elapsed time for households 10.2647 sec
Iteration 79
Elapsed time for kappa 28.7358 sec
Elapsed time for experts 10.6786 sec
Elapsed time for households 9.5754 sec
Iteration 80
Elapsed time for kappa 35.2464 sec
Elapsed time for experts 12.2583 sec
Elapsed time for households 11.3084 sec
Iteration 81
Elapsed time for kappa 29.8756 sec
Elapsed time for experts 13.0875 sec
Elapsed time for households 10.5405 sec
Iteration 82
Elapsed time for kappa 32.1811 sec
Elapsed time for experts 11.5722 sec
Elapsed time for households 11.0732 sec
Iteration 83
Elapsed time for kappa 33.0960 sec
Elapsed time for experts 12.0049 sec
Elapsed time for households 11.1889 sec
Iteration 84
Elapsed time for kappa 30.2564 sec
Elapsed time for experts 12.6672 sec
Elapsed time for households 10.6640 sec
Iteration 85
Elapsed time for kappa 31.0745 sec
Elapsed time for experts 12.6025 sec
Elapsed time for households 10.5326 sec
Iteration 86
Elapsed time for kappa 37.5520 sec
Elapsed time for experts 13.5571 sec
Elapsed time for households 10.4973 sec
Iteration 87
Elapsed time for kappa 30.5375 sec
Elapsed time for experts 12.9272 sec
Elapsed time for households 10.6610 sec
Iteration 88
Elapsed time for kappa 30.4919 sec
Elapsed time for experts 11.6836 sec
Elapsed time for households 10.6537 sec
Iteration 89
Elapsed time for kappa 30.4244 sec
Elapsed time for experts 12.9036 sec
Elapsed time for households 11.6219 sec
Iteration 90
Elapsed time for kappa 29.9090 sec
Elapsed time for experts 12.7530 sec
Elapsed time for households 10.4459 sec
Iteration 91
Elapsed time for kappa 30.5848 sec
Elapsed time for experts 11.9715 sec
Elapsed time for households 10.4567 sec
Iteration 92
Elapsed time for kappa 37.9508 sec
Elapsed time for experts 12.8755 sec
Elapsed time for households 11.5794 sec
Iteration 93
Elapsed time for kappa 31.6752 sec
Elapsed time for experts 12.9023 sec
Elapsed time for households 12.2128 sec
Iteration 94
Elapsed time for kappa 31.1388 sec
Elapsed time for experts 12.1849 sec
Elapsed time for households 11.3131 sec
Iteration 95
Elapsed time for kappa 29.7190 sec
Elapsed time for experts 12.3696 sec
Elapsed time for households 11.1518 sec
Iteration 96
Elapsed time for kappa 29.2816 sec
Elapsed time for experts 11.6914 sec
Elapsed time for households 10.9122 sec
Iteration 97
Elapsed time for kappa 28.9906 sec
Elapsed time for experts 11.5808 sec
Elapsed time for households 15.8965 sec
Iteration 98
Elapsed time for kappa 32.6758 sec
Elapsed time for experts 12.9066 sec
Elapsed time for households 12.5833 sec
Iteration 99
Elapsed time for kappa 30.3994 sec
Elapsed time for experts 11.6429 sec
Elapsed time for households 11.7481 sec
Iteration 100
Elapsed time for kappa 29.7018 sec
Elapsed time for experts 11.6475 sec
Elapsed time for households 10.5759 sec
Iteration 101
Elapsed time for kappa 29.8298 sec
Elapsed time for experts 12.6187 sec
Elapsed time for households 10.0973 sec
Iteration 102
Elapsed time for kappa 29.2745 sec
Elapsed time for experts 11.1999 sec
Elapsed time for households 10.9211 sec
Iteration 103
Elapsed time for kappa 29.0828 sec
Elapsed time for experts 17.5833 sec
Elapsed time for households 10.9001 sec
Iteration 104
Elapsed time for kappa 30.4733 sec
Elapsed time for experts 11.7769 sec
Elapsed time for households 10.2502 sec
Iteration 105
Elapsed time for kappa 29.9811 sec
Elapsed time for experts 11.5994 sec
Elapsed time for households 10.5765 sec
Iteration 106
Elapsed time for kappa 29.4158 sec
Elapsed time for experts 12.1304 sec
Elapsed time for households 10.9488 sec
Iteration 107
Elapsed time for kappa 29.4362 sec
Elapsed time for experts 11.4127 sec
Elapsed time for households 10.3624 sec
Iteration 108
Elapsed time for kappa 29.4328 sec
Elapsed time for experts 11.4255 sec
Elapsed time for households 10.3224 sec
Iteration 109
Elapsed time for kappa 29.3103 sec
Elapsed time for experts 17.5006 sec
Elapsed time for households 11.9123 sec
Iteration 110
Elapsed time for kappa 33.4258 sec
Elapsed time for experts 13.4285 sec
Elapsed time for households 12.1538 sec
Iteration 111
Elapsed time for kappa 32.9881 sec
Elapsed time for experts 12.6601 sec
Elapsed time for households 10.4360 sec
Iteration 112
Elapsed time for kappa 30.0367 sec
Elapsed time for experts 11.4873 sec
Elapsed time for households 10.1560 sec
Iteration 113
Elapsed time for kappa 29.4689 sec
Elapsed time for experts 11.6973 sec
Elapsed time for households 10.1353 sec
Iteration 114
Elapsed time for kappa 29.3370 sec
Elapsed time for experts 11.5721 sec
Elapsed time for households 10.1750 sec
Iteration 115
Elapsed time for kappa 29.2904 sec
Elapsed time for experts 17.5984 sec
Elapsed time for households 11.2246 sec
Iteration 116
Elapsed time for kappa 30.3662 sec
Elapsed time for experts 12.3449 sec
Elapsed time for households 10.5299 sec
Iteration 117
Elapsed time for kappa 30.3667 sec
Elapsed time for experts 11.8095 sec
Elapsed time for households 10.3554 sec
Iteration 118
Elapsed time for kappa 30.0059 sec
Elapsed time for experts 12.3453 sec
Elapsed time for households 11.4340 sec
Iteration 119
Elapsed time for kappa 29.6997 sec
Elapsed time for experts 11.4913 sec
Elapsed time for households 11.2994 sec
Iteration 120
Elapsed time for kappa 29.2100 sec
Elapsed time for experts 11.4869 sec
Elapsed time for households 10.0668 sec
Iteration 121
Elapsed time for kappa 29.0383 sec
Elapsed time for experts 17.7560 sec
Elapsed time for households 10.8558 sec
Iteration 122
Elapsed time for kappa 30.7675 sec
Elapsed time for experts 12.0366 sec
Elapsed time for households 10.9194 sec
Iteration 123
Elapsed time for kappa 30.1060 sec
Elapsed time for experts 11.5481 sec
Elapsed time for households 10.3585 sec
Iteration 124
Elapsed time for kappa 29.4966 sec
Elapsed time for experts 11.5807 sec
Elapsed time for households 10.1635 sec
Iteration 125
Elapsed time for kappa 29.3272 sec
Elapsed time for experts 11.7761 sec
Elapsed time for households 11.4331 sec
Iteration 126
Elapsed time for kappa 29.2720 sec
Elapsed time for experts 11.2877 sec
Elapsed time for households 10.3833 sec
Iteration 127
Elapsed time for kappa 39.6141 sec
Elapsed time for experts 12.1191 sec
Elapsed time for households 10.5944 sec
Iteration 128
Elapsed time for kappa 30.5312 sec
Elapsed time for experts 11.7323 sec
Elapsed time for households 10.6321 sec
Iteration 129
Elapsed time for kappa 30.1517 sec
Elapsed time for experts 11.7116 sec
Elapsed time for households 10.4030 sec
Iteration 130
Elapsed time for kappa 29.9405 sec
Elapsed time for experts 11.6280 sec
Elapsed time for households 10.3427 sec
Iteration 131
Elapsed time for kappa 29.7141 sec
Elapsed time for experts 11.2474 sec
Elapsed time for households 11.1715 sec
Iteration 132
Elapsed time for kappa 29.1195 sec
Elapsed time for experts 11.2715 sec
Elapsed time for households 10.2178 sec
Iteration 133
Elapsed time for kappa 36.7877 sec
Elapsed time for experts 12.4593 sec
Elapsed time for households 10.9487 sec
Iteration 134
Elapsed time for kappa 33.6233 sec
Elapsed time for experts 13.5724 sec
Elapsed time for households 10.6759 sec
Iteration 135
Elapsed time for kappa 30.1915 sec
Elapsed time for experts 11.6888 sec
Elapsed time for households 10.4476 sec
Iteration 136
Elapsed time for kappa 29.7698 sec
Elapsed time for experts 12.3239 sec
Elapsed time for households 10.2327 sec
Iteration 137
Elapsed time for kappa 29.6267 sec
Elapsed time for experts 12.0043 sec
Elapsed time for households 10.1811 sec
Iteration 138
Elapsed time for kappa 29.2142 sec
Elapsed time for experts 11.3093 sec
Elapsed time for households 10.0991 sec
Iteration 139
Elapsed time for kappa 36.7534 sec
Elapsed time for experts 12.5076 sec
Elapsed time for households 10.6588 sec
Iteration 140
Elapsed time for kappa 30.5328 sec
Elapsed time for experts 12.4156 sec
Elapsed time for households 10.8379 sec
Iteration 141
Elapsed time for kappa 30.1643 sec
Elapsed time for experts 13.4770 sec
Elapsed time for households 10.5436 sec
Iteration 142
Elapsed time for kappa 29.6291 sec
Elapsed time for experts 11.6737 sec
Elapsed time for households 10.1923 sec
Iteration 143
Elapsed time for kappa 29.5273 sec
Elapsed time for experts 11.4979 sec
Elapsed time for households 10.3253 sec
Iteration 144
Elapsed time for kappa 29.0982 sec
Elapsed time for experts 11.7708 sec
Elapsed time for households 10.1533 sec
Iteration 145
Elapsed time for kappa 37.3985 sec
Elapsed time for experts 12.4406 sec
Elapsed time for households 12.0605 sec
Iteration 146
Elapsed time for kappa 30.5006 sec
Elapsed time for experts 11.7305 sec
Elapsed time for households 11.3152 sec
Iteration 147
Elapsed time for kappa 30.2849 sec
Elapsed time for experts 11.9951 sec
Elapsed time for households 10.3074 sec
Iteration 148
Elapsed time for kappa 29.7314 sec
Elapsed time for experts 11.7556 sec
Elapsed time for households 10.3038 sec
Iteration 149
Elapsed time for kappa 29.8383 sec
Elapsed time for experts 11.7696 sec
Elapsed time for households 11.3603 sec
Iteration 150
Elapsed time for kappa 29.1130 sec
Elapsed time for experts 11.5652 sec
Elapsed time for households 10.2858 sec
Iteration 151
Elapsed time for kappa 36.9516 sec
Elapsed time for experts 12.2987 sec
Elapsed time for households 10.8856 sec
Iteration 152
Elapsed time for kappa 30.4873 sec
Elapsed time for experts 11.9876 sec
Elapsed time for households 10.5459 sec
Iteration 153
Elapsed time for kappa 30.0951 sec
Elapsed time for experts 12.1672 sec
Elapsed time for households 10.6756 sec
Iteration 154
Elapsed time for kappa 30.0063 sec
Elapsed time for experts 11.4387 sec
Elapsed time for households 10.6255 sec
Iteration 155
Elapsed time for kappa 29.3821 sec
Elapsed time for experts 10.9802 sec
Elapsed time for households 9.5747 sec
Iteration 156
Elapsed time for kappa 27.9774 sec
Elapsed time for experts 10.7544 sec
Elapsed time for households 9.7931 sec
Iteration 157
Elapsed time for kappa 35.4649 sec
Elapsed time for experts 11.8950 sec
Elapsed time for households 10.4371 sec
Iteration 158
Elapsed time for kappa 29.5557 sec
Elapsed time for experts 11.5463 sec
Elapsed time for households 10.2709 sec
Iteration 159
Elapsed time for kappa 29.4701 sec
Elapsed time for experts 12.3230 sec
Elapsed time for households 11.1249 sec
Iteration 160
Elapsed time for kappa 31.5540 sec
Elapsed time for experts 12.0673 sec
Elapsed time for households 10.8851 sec
Iteration 161
Elapsed time for kappa 31.2840 sec
Elapsed time for experts 12.3342 sec
Elapsed time for households 10.8692 sec
Iteration 162
Elapsed time for kappa 31.8432 sec
Elapsed time for experts 11.7797 sec
Elapsed time for households 10.4243 sec
Iteration 163
Elapsed time for kappa 39.9052 sec
Elapsed time for experts 13.3622 sec
Elapsed time for households 10.2580 sec
Iteration 164
Elapsed time for kappa 31.1907 sec
Elapsed time for experts 12.9753 sec
Elapsed time for households 10.5038 sec
Iteration 165
Elapsed time for kappa 29.3109 sec
Elapsed time for experts 12.3209 sec
Elapsed time for households 10.8168 sec
Iteration 166
Elapsed time for kappa 30.6828 sec
Elapsed time for experts 12.4300 sec
Elapsed time for households 10.5771 sec
Iteration 167
Elapsed time for kappa 30.6052 sec
Elapsed time for experts 11.9056 sec
Elapsed time for households 10.9012 sec
Iteration 168
Elapsed time for kappa 30.0712 sec
Elapsed time for experts 16.7767 sec
Elapsed time for households 10.5279 sec
Iteration 169
Elapsed time for kappa 31.5143 sec
Elapsed time for experts 12.5981 sec
Elapsed time for households 10.9687 sec
Iteration 170
Elapsed time for kappa 31.3140 sec
Elapsed time for experts 12.9336 sec
Elapsed time for households 11.3089 sec
Iteration 171
Elapsed time for kappa 30.8556 sec
Elapsed time for experts 11.7758 sec
Elapsed time for households 10.6460 sec
Iteration 172
Elapsed time for kappa 29.8461 sec
Elapsed time for experts 11.8743 sec
Elapsed time for households 10.3185 sec
Iteration 173
Elapsed time for kappa 30.4819 sec
Elapsed time for experts 11.3681 sec
Elapsed time for households 9.8997 sec
Iteration 174
Elapsed time for kappa 29.6275 sec
Elapsed time for experts 11.5473 sec
Elapsed time for households 16.2700 sec
Iteration 175
Elapsed time for kappa 31.6815 sec
Elapsed time for experts 12.6467 sec
Elapsed time for households 11.2907 sec
Iteration 176
Elapsed time for kappa 31.3134 sec
Elapsed time for experts 13.2774 sec
Elapsed time for households 11.9582 sec
Iteration 177
Elapsed time for kappa 30.7550 sec
Elapsed time for experts 12.2580 sec
Elapsed time for households 10.4696 sec
Iteration 178
Elapsed time for kappa 30.6634 sec
Elapsed time for experts 11.3115 sec
Elapsed time for households 10.6243 sec
Iteration 179
Elapsed time for kappa 29.6946 sec
Elapsed time for experts 12.0658 sec
Elapsed time for households 10.6299 sec
Iteration 180
Elapsed time for kappa 29.2249 sec
Elapsed time for experts 10.6749 sec
Elapsed time for households 16.0748 sec
Iteration 181
Elapsed time for kappa 31.6619 sec
Elapsed time for experts 11.4792 sec
Elapsed time for households 10.1560 sec
Iteration 182
Elapsed time for kappa 29.9716 sec
Elapsed time for experts 12.7052 sec
Elapsed time for households 11.2725 sec
Iteration 183
Elapsed time for kappa 29.6217 sec
Elapsed time for experts 11.1930 sec
Elapsed time for households 9.9663 sec
Iteration 184
Elapsed time for kappa 30.3937 sec
Elapsed time for experts 12.2566 sec
Elapsed time for households 10.2470 sec
Iteration 185
Elapsed time for kappa 29.8511 sec
Elapsed time for experts 11.1380 sec
Elapsed time for households 10.0711 sec
Iteration 186
Elapsed time for kappa 28.2080 sec
Elapsed time for experts 10.8092 sec
Elapsed time for households 9.9145 sec
Iteration 187
Elapsed time for kappa 38.0480 sec
Elapsed time for experts 12.2602 sec
Elapsed time for households 11.0823 sec
Iteration 188
Elapsed time for kappa 32.0220 sec
Elapsed time for experts 12.6922 sec
Elapsed time for households 11.9824 sec
Iteration 189
Elapsed time for kappa 33.6745 sec
Elapsed time for experts 13.8622 sec
Elapsed time for households 11.8272 sec
Iteration 190
Elapsed time for kappa 33.9277 sec
Elapsed time for experts 13.5151 sec
Elapsed time for households 11.4156 sec
Iteration 191
Elapsed time for kappa 32.6285 sec
Elapsed time for experts 11.1190 sec
Elapsed time for households 10.7194 sec
Iteration 192
Elapsed time for kappa 29.8953 sec
Elapsed time for experts 12.2249 sec
Elapsed time for households 16.4300 sec
Iteration 193
Elapsed time for kappa 32.0514 sec
Elapsed time for experts 11.7087 sec
Elapsed time for households 10.1416 sec
Iteration 194
Elapsed time for kappa 29.3697 sec
Elapsed time for experts 11.7708 sec
Elapsed time for households 10.8419 sec
Iteration 195
Elapsed time for kappa 29.8801 sec
Elapsed time for experts 11.8888 sec
Elapsed time for households 11.5902 sec
Iteration 196
Elapsed time for kappa 32.5428 sec
Elapsed time for experts 12.0411 sec
Elapsed time for households 10.8195 sec
Iteration 197
Elapsed time for kappa 32.3463 sec
Elapsed time for experts 13.7678 sec
Elapsed time for households 11.0973 sec
Iteration 198
Elapsed time for kappa 31.0374 sec
Elapsed time for experts 19.0512 sec
Elapsed time for households 12.9565 sec
Iteration 199
Elapsed time for kappa 34.4742 sec
Elapsed time for experts 13.9574 sec
Elapsed time for households 12.2698 sec
Iteration 200
Elapsed time for kappa 30.4314 sec
Elapsed time for experts 12.0808 sec
Elapsed time for households 10.6498 sec
Iteration 201
Elapsed time for kappa 30.2259 sec
Elapsed time for experts 11.7632 sec
Elapsed time for households 10.3647 sec
Iteration 202
Elapsed time for kappa 28.7451 sec
Elapsed time for experts 11.4712 sec
Elapsed time for households 9.7973 sec
Iteration 203
Elapsed time for kappa 28.9936 sec
Elapsed time for experts 11.0728 sec
Elapsed time for households 9.8362 sec
Iteration 204
Elapsed time for kappa 28.5453 sec
Elapsed time for experts 11.0466 sec
Elapsed time for households 16.2875 sec
Iteration 205
Elapsed time for kappa 30.4113 sec
Elapsed time for experts 12.1603 sec
Elapsed time for households 10.4854 sec
Iteration 206
Elapsed time for kappa 29.7177 sec
Elapsed time for experts 11.8657 sec
Elapsed time for households 10.5053 sec
Iteration 207
Elapsed time for kappa 30.1073 sec
Elapsed time for experts 11.5564 sec
Elapsed time for households 10.1053 sec
Iteration 208
Elapsed time for kappa 28.8941 sec
Elapsed time for experts 11.9056 sec
Elapsed time for households 10.6371 sec
Iteration 209
Elapsed time for kappa 28.7603 sec
Elapsed time for experts 11.4039 sec
Elapsed time for households 10.0903 sec
Iteration 210
Elapsed time for kappa 29.6798 sec
Elapsed time for experts 11.5112 sec
Elapsed time for households 16.9157 sec
Iteration 211
Elapsed time for kappa 31.8923 sec
Elapsed time for experts 12.4707 sec
Elapsed time for households 10.8527 sec
Iteration 212
Elapsed time for kappa 29.6638 sec
Elapsed time for experts 11.5633 sec
Elapsed time for households 10.4653 sec
Iteration 213
Elapsed time for kappa 31.2319 sec
Elapsed time for experts 11.8726 sec
Elapsed time for households 10.8422 sec
Iteration 214
Elapsed time for kappa 29.7960 sec
Elapsed time for experts 11.5401 sec
Elapsed time for households 10.0373 sec
Iteration 215
Elapsed time for kappa 28.9124 sec
Elapsed time for experts 11.2848 sec
Elapsed time for households 10.0690 sec
Iteration 216
Elapsed time for kappa 29.3324 sec
Elapsed time for experts 11.9636 sec
Elapsed time for households 10.2265 sec
Iteration 217
Elapsed time for kappa 39.0116 sec
Elapsed time for experts 12.6229 sec
Elapsed time for households 11.3904 sec
Iteration 218
Elapsed time for kappa 31.2745 sec
Elapsed time for experts 12.2553 sec
Elapsed time for households 10.4985 sec
Iteration 219
Elapsed time for kappa 29.7368 sec
Elapsed time for experts 12.1891 sec
Elapsed time for households 10.2812 sec
Iteration 220
Elapsed time for kappa 30.4401 sec
Elapsed time for experts 11.1427 sec
Elapsed time for households 9.9552 sec
Iteration 221
Elapsed time for kappa 32.6037 sec
Elapsed time for experts 13.1803 sec
Elapsed time for households 10.2640 sec
Iteration 222
Elapsed time for kappa 29.5120 sec
Elapsed time for experts 11.3457 sec
Elapsed time for households 15.8570 sec
Iteration 223
Elapsed time for kappa 30.7321 sec
Elapsed time for experts 12.7813 sec
Elapsed time for households 11.0310 sec
Iteration 224
Elapsed time for kappa 30.3539 sec
Elapsed time for experts 11.3393 sec
Elapsed time for households 10.0620 sec
Iteration 225
Elapsed time for kappa 29.7836 sec
Elapsed time for experts 12.7706 sec
Elapsed time for households 10.6981 sec
Iteration 226
Elapsed time for kappa 30.3916 sec
Elapsed time for experts 11.7511 sec
Elapsed time for households 10.8130 sec
Iteration 227
Elapsed time for kappa 30.2364 sec
Elapsed time for experts 11.7181 sec
Elapsed time for households 10.1487 sec
Iteration 228
Elapsed time for kappa 29.4943 sec
Elapsed time for experts 11.8014 sec
Elapsed time for households 17.2695 sec
Iteration 229
Elapsed time for kappa 31.9430 sec
Elapsed time for experts 12.0259 sec
Elapsed time for households 10.5864 sec
Iteration 230
Elapsed time for kappa 29.9278 sec
Elapsed time for experts 12.7200 sec
Elapsed time for households 12.2374 sec
Iteration 231
Elapsed time for kappa 30.0028 sec
Elapsed time for experts 11.1445 sec
Elapsed time for households 10.3475 sec
Iteration 232
Elapsed time for kappa 30.9141 sec
Elapsed time for experts 11.7155 sec
Elapsed time for households 10.0430 sec
Iteration 233
Elapsed time for kappa 29.8979 sec
Elapsed time for experts 12.3463 sec
Elapsed time for households 10.4694 sec
Iteration 234
Elapsed time for kappa 30.3118 sec
Elapsed time for experts 11.5276 sec
Elapsed time for households 10.6871 sec
Iteration 235
Elapsed time for kappa 37.6804 sec
Elapsed time for experts 11.8578 sec
Elapsed time for households 10.5909 sec
Iteration 236
Elapsed time for kappa 30.2349 sec
Elapsed time for experts 11.8047 sec
Elapsed time for households 11.1733 sec
Iteration 237
Elapsed time for kappa 31.1931 sec
Elapsed time for experts 12.7893 sec
Elapsed time for households 11.3606 sec
Iteration 238
Elapsed time for kappa 29.3774 sec
Elapsed time for experts 11.2203 sec
Elapsed time for households 10.7721 sec
Iteration 239
Elapsed time for kappa 29.7211 sec
Elapsed time for experts 11.5610 sec
Elapsed time for households 9.7580 sec
Iteration 240
Elapsed time for kappa 28.4083 sec
Elapsed time for experts 11.7093 sec
Elapsed time for households 16.0436 sec
Iteration 241
Elapsed time for kappa 30.8335 sec
Elapsed time for experts 11.9448 sec
Elapsed time for households 10.6970 sec
Iteration 242
Elapsed time for kappa 31.4654 sec
Elapsed time for experts 11.9312 sec
Elapsed time for households 10.8673 sec
Iteration 243
Elapsed time for kappa 30.8732 sec
Elapsed time for experts 11.5192 sec
Elapsed time for households 11.5306 sec
Iteration 244
Elapsed time for kappa 28.8958 sec
Elapsed time for experts 12.0577 sec
Elapsed time for households 10.4898 sec
Iteration 245
Elapsed time for kappa 29.0929 sec
Elapsed time for experts 10.8484 sec
Elapsed time for households 10.1155 sec
Iteration 246
Elapsed time for kappa 28.7583 sec
Elapsed time for experts 11.0030 sec
Elapsed time for households 9.7851 sec
Iteration 247
Elapsed time for kappa 36.9038 sec
Elapsed time for experts 12.0398 sec
Elapsed time for households 11.1726 sec
Iteration 248
Elapsed time for kappa 31.4412 sec
Elapsed time for experts 12.0818 sec
Elapsed time for households 11.6261 sec
Iteration 249
Elapsed time for kappa 30.0940 sec
Elapsed time for experts 11.4355 sec
Elapsed time for households 11.2056 sec
Iteration 250
Elapsed time for kappa 32.5338 sec
Elapsed time for experts 12.8919 sec
Elapsed time for households 11.1425 sec
Iteration 251
Elapsed time for kappa 28.8549 sec
Elapsed time for experts 10.8455 sec
Elapsed time for households 10.9560 sec
Iteration 252
Elapsed time for kappa 29.5236 sec
Elapsed time for experts 11.9233 sec
Elapsed time for households 16.5030 sec
Iteration 253
Elapsed time for kappa 31.2208 sec
Elapsed time for experts 12.3623 sec
Elapsed time for households 11.1200 sec
Iteration 254
Elapsed time for kappa 31.3726 sec
Elapsed time for experts 12.3771 sec
Elapsed time for households 10.8238 sec
Iteration 255
Elapsed time for kappa 29.8797 sec
Elapsed time for experts 11.4861 sec
Elapsed time for households 10.7863 sec
Iteration 256
Elapsed time for kappa 29.3486 sec
Elapsed time for experts 11.0255 sec
Elapsed time for households 9.8554 sec
Iteration 257
Elapsed time for kappa 28.8659 sec
Elapsed time for experts 11.4568 sec
Elapsed time for households 10.5488 sec
Iteration 258
Elapsed time for kappa 28.3396 sec
Elapsed time for experts 11.0306 sec
Elapsed time for households 9.9934 sec
Iteration 259
Elapsed time for kappa 37.1481 sec
Elapsed time for experts 11.6884 sec
Elapsed time for households 10.3700 sec
Iteration 260
Elapsed time for kappa 30.8602 sec
Elapsed time for experts 12.8581 sec
Elapsed time for households 10.7687 sec
Iteration 261
Elapsed time for kappa 31.2645 sec
Elapsed time for experts 12.4404 sec
Elapsed time for households 11.0242 sec
Iteration 262
Elapsed time for kappa 30.5308 sec
Elapsed time for experts 12.8171 sec
Elapsed time for households 10.4310 sec
Iteration 263
Elapsed time for kappa 29.9675 sec
Elapsed time for experts 10.9767 sec
Elapsed time for households 10.0158 sec
Iteration 264
Elapsed time for kappa 30.4065 sec
Elapsed time for experts 11.6645 sec
Elapsed time for households 16.7448 sec
Iteration 265
Elapsed time for kappa 31.4951 sec
Elapsed time for experts 12.4862 sec
Elapsed time for households 10.3496 sec
Iteration 266
Elapsed time for kappa 30.5603 sec
Elapsed time for experts 11.9969 sec
Elapsed time for households 10.0366 sec
Iteration 267
Elapsed time for kappa 30.1942 sec
Elapsed time for experts 12.1663 sec
Elapsed time for households 10.3701 sec
Iteration 268
Elapsed time for kappa 30.0557 sec
Elapsed time for experts 12.9000 sec
Elapsed time for households 10.0895 sec
Iteration 269
Elapsed time for kappa 28.6983 sec
Elapsed time for experts 11.0011 sec
Elapsed time for households 10.3785 sec
Iteration 270
Elapsed time for kappa 29.3617 sec
Elapsed time for experts 10.9456 sec
Elapsed time for households 9.8730 sec
Iteration 271
Elapsed time for kappa 37.9701 sec
Elapsed time for experts 12.0269 sec
Elapsed time for households 11.3099 sec
Iteration 272
Elapsed time for kappa 29.8561 sec
Elapsed time for experts 11.7175 sec
Elapsed time for households 10.0208 sec
Iteration 273
Elapsed time for kappa 29.7158 sec
Elapsed time for experts 11.3148 sec
Elapsed time for households 10.0874 sec
Iteration 274
Elapsed time for kappa 29.6764 sec
Elapsed time for experts 11.3572 sec
Elapsed time for households 10.1657 sec
Iteration 275
Elapsed time for kappa 29.0450 sec
Elapsed time for experts 11.7308 sec
Elapsed time for households 9.9226 sec
Iteration 276
Elapsed time for kappa 28.5462 sec
Elapsed time for experts 11.4107 sec
Elapsed time for households 9.9926 sec
Iteration 277
Elapsed time for kappa 36.6403 sec
Elapsed time for experts 13.1071 sec
Elapsed time for households 10.6898 sec
Iteration 278
Elapsed time for kappa 30.8238 sec
Elapsed time for experts 12.3131 sec
Elapsed time for households 10.6125 sec
Iteration 279
Elapsed time for kappa 30.8028 sec
Elapsed time for experts 12.7920 sec
Elapsed time for households 10.6202 sec
Iteration 280
Elapsed time for kappa 29.4664 sec
Elapsed time for experts 12.5279 sec
Elapsed time for households 11.2778 sec
Iteration 281
Elapsed time for kappa 29.0542 sec
Elapsed time for experts 11.2436 sec
Elapsed time for households 9.9951 sec
Iteration 282
Elapsed time for kappa 29.3766 sec
Elapsed time for experts 11.4161 sec
Elapsed time for households 16.1908 sec
Iteration 283
Elapsed time for kappa 30.6831 sec
Elapsed time for experts 11.9831 sec
Elapsed time for households 11.5393 sec
Iteration 284
Elapsed time for kappa 29.6740 sec
Elapsed time for experts 12.4874 sec
Elapsed time for households 10.6992 sec
Iteration 285
Elapsed time for kappa 29.5826 sec
Elapsed time for experts 11.2935 sec
Elapsed time for households 10.6800 sec
Iteration 286
Elapsed time for kappa 29.3917 sec
Elapsed time for experts 11.4816 sec
Elapsed time for households 9.9400 sec
Iteration 287
Elapsed time for kappa 29.7426 sec
Elapsed time for experts 10.8750 sec
Elapsed time for households 10.5163 sec
Iteration 288
Elapsed time for kappa 28.3387 sec
Elapsed time for experts 11.5986 sec
Elapsed time for households 9.9385 sec
Iteration 289
Elapsed time for kappa 38.3755 sec
Elapsed time for experts 12.3344 sec
Elapsed time for households 11.1970 sec
Iteration 290
Elapsed time for kappa 30.9047 sec
Elapsed time for experts 12.2952 sec
Elapsed time for households 10.1922 sec
Iteration 291
Elapsed time for kappa 29.6835 sec
Elapsed time for experts 11.6030 sec
Elapsed time for households 10.3441 sec
Iteration 292
Elapsed time for kappa 29.3418 sec
Elapsed time for experts 12.5408 sec
Elapsed time for households 10.2880 sec
Iteration 293
Elapsed time for kappa 29.4645 sec
Elapsed time for experts 11.4440 sec
Elapsed time for households 10.2610 sec
Iteration 294
Elapsed time for kappa 29.0504 sec
Elapsed time for experts 11.2270 sec
Elapsed time for households 17.1706 sec
Iteration 295
Elapsed time for kappa 30.8411 sec
Elapsed time for experts 12.3728 sec
Elapsed time for households 10.8175 sec
Iteration 296
Elapsed time for kappa 31.2420 sec
Elapsed time for experts 11.3610 sec
Elapsed time for households 10.4465 sec
Iteration 297
Elapsed time for kappa 29.9370 sec
Elapsed time for experts 11.1722 sec
Elapsed time for households 10.4556 sec
Iteration 298
Elapsed time for kappa 30.1634 sec
Elapsed time for experts 11.0918 sec
Elapsed time for households 9.9155 sec
Iteration 299
Elapsed time for kappa 28.8270 sec
Elapsed time for experts 11.2497 sec
Elapsed time for households 10.0901 sec
Elapsed time for training 16208.2510 sec
