Iteration 0
Elapsed time for kappa 69.6096 sec
Elapsed time for experts 20.3530 sec
Elapsed time for households 14.7527 sec
Iteration 1
Elapsed time for kappa 33.2804 sec
Elapsed time for experts 12.5564 sec
Elapsed time for households 14.0767 sec
Iteration 2
Elapsed time for kappa 34.0776 sec
Elapsed time for experts 13.6935 sec
Elapsed time for households 12.5891 sec
Iteration 3
Elapsed time for kappa 38.4973 sec
Elapsed time for experts 12.8874 sec
Elapsed time for households 11.3142 sec
Iteration 4
Elapsed time for kappa 34.6804 sec
Elapsed time for experts 12.5409 sec
Elapsed time for households 10.9380 sec
Iteration 5
Elapsed time for kappa 34.0907 sec
Elapsed time for experts 11.8786 sec
Elapsed time for households 10.3193 sec
Iteration 6
Elapsed time for kappa 32.5863 sec
Elapsed time for experts 12.8268 sec
Elapsed time for households 10.3297 sec
Iteration 7
Elapsed time for kappa 31.8612 sec
Elapsed time for experts 12.4004 sec
Elapsed time for households 11.1040 sec
Iteration 8
Elapsed time for kappa 33.2113 sec
Elapsed time for experts 12.1616 sec
Elapsed time for households 17.5610 sec
Iteration 9
Elapsed time for kappa 34.3203 sec
Elapsed time for experts 12.6605 sec
Elapsed time for households 11.2929 sec
Iteration 10
Elapsed time for kappa 33.6773 sec
Elapsed time for experts 12.5654 sec
Elapsed time for households 11.3943 sec
Iteration 11
Elapsed time for kappa 33.5368 sec
Elapsed time for experts 12.5435 sec
Elapsed time for households 11.3500 sec
Iteration 12
Elapsed time for kappa 31.7298 sec
Elapsed time for experts 12.5193 sec
Elapsed time for households 10.2464 sec
Iteration 13
Elapsed time for kappa 32.9272 sec
Elapsed time for experts 11.5688 sec
Elapsed time for households 10.6945 sec
Iteration 14
Elapsed time for kappa 34.1085 sec
Elapsed time for experts 12.8950 sec
Elapsed time for households 10.8958 sec
Iteration 15
Elapsed time for kappa 42.1716 sec
Elapsed time for experts 11.9994 sec
Elapsed time for households 10.4562 sec
Iteration 16
Elapsed time for kappa 33.9892 sec
Elapsed time for experts 12.8997 sec
Elapsed time for households 10.9339 sec
Iteration 17
Elapsed time for kappa 33.5061 sec
Elapsed time for experts 12.8187 sec
Elapsed time for households 11.1987 sec
Iteration 18
Elapsed time for kappa 33.3586 sec
Elapsed time for experts 13.0534 sec
Elapsed time for households 11.3610 sec
Iteration 19
Elapsed time for kappa 33.2329 sec
Elapsed time for experts 13.1572 sec
Elapsed time for households 10.6251 sec
Iteration 20
Elapsed time for kappa 32.8219 sec
Elapsed time for experts 12.8312 sec
Elapsed time for households 17.8706 sec
Iteration 21
Elapsed time for kappa 31.9084 sec
Elapsed time for experts 12.4748 sec
Elapsed time for households 11.6955 sec
Iteration 22
Elapsed time for kappa 33.7389 sec
Elapsed time for experts 12.2273 sec
Elapsed time for households 11.1839 sec
Iteration 23
Elapsed time for kappa 33.8505 sec
Elapsed time for experts 12.3351 sec
Elapsed time for households 11.3254 sec
Iteration 24
Elapsed time for kappa 34.1621 sec
Elapsed time for experts 12.2893 sec
Elapsed time for households 11.0508 sec
Iteration 25
Elapsed time for kappa 33.0690 sec
Elapsed time for experts 12.2469 sec
Elapsed time for households 11.1545 sec
Iteration 26
Elapsed time for kappa 32.2724 sec
Elapsed time for experts 20.1683 sec
Elapsed time for households 13.8843 sec
Iteration 27
Elapsed time for kappa 35.3360 sec
Elapsed time for experts 14.7206 sec
Elapsed time for households 11.2779 sec
Iteration 28
Elapsed time for kappa 34.4258 sec
Elapsed time for experts 13.2414 sec
Elapsed time for households 11.3578 sec
Iteration 29
Elapsed time for kappa 33.6312 sec
Elapsed time for experts 12.9789 sec
Elapsed time for households 11.5158 sec
Iteration 30
Elapsed time for kappa 31.9497 sec
Elapsed time for experts 11.7168 sec
Elapsed time for households 10.6408 sec
Iteration 31
Elapsed time for kappa 33.2766 sec
Elapsed time for experts 12.2817 sec
Elapsed time for households 11.3030 sec
Iteration 32
Elapsed time for kappa 34.1711 sec
Elapsed time for experts 20.0530 sec
Elapsed time for households 11.9814 sec
Iteration 33
Elapsed time for kappa 34.2620 sec
Elapsed time for experts 12.9254 sec
Elapsed time for households 11.5250 sec
Iteration 34
Elapsed time for kappa 34.7561 sec
Elapsed time for experts 12.5485 sec
Elapsed time for households 11.2088 sec
Iteration 35
Elapsed time for kappa 33.8077 sec
Elapsed time for experts 11.9650 sec
Elapsed time for households 10.2607 sec
Iteration 36
Elapsed time for kappa 32.1171 sec
Elapsed time for experts 13.1185 sec
Elapsed time for households 11.3516 sec
Iteration 37
Elapsed time for kappa 32.8732 sec
Elapsed time for experts 11.5828 sec
Elapsed time for households 11.0430 sec
Iteration 38
Elapsed time for kappa 32.9159 sec
Elapsed time for experts 20.3642 sec
Elapsed time for households 12.3596 sec
Iteration 39
Elapsed time for kappa 34.9344 sec
Elapsed time for experts 14.4292 sec
Elapsed time for households 11.2675 sec
Iteration 40
Elapsed time for kappa 33.8797 sec
Elapsed time for experts 12.5320 sec
Elapsed time for households 10.6229 sec
Iteration 41
Elapsed time for kappa 34.2865 sec
Elapsed time for experts 12.6740 sec
Elapsed time for households 11.3784 sec
Iteration 42
Elapsed time for kappa 32.9173 sec
Elapsed time for experts 12.3953 sec
Elapsed time for households 10.4363 sec
Iteration 43
Elapsed time for kappa 33.2304 sec
Elapsed time for experts 12.4863 sec
Elapsed time for households 10.3103 sec
Iteration 44
Elapsed time for kappa 42.1766 sec
Elapsed time for experts 13.8341 sec
Elapsed time for households 11.8342 sec
Iteration 45
Elapsed time for kappa 33.7412 sec
Elapsed time for experts 13.5482 sec
Elapsed time for households 11.3840 sec
Iteration 46
Elapsed time for kappa 34.0135 sec
Elapsed time for experts 12.1474 sec
Elapsed time for households 10.4697 sec
Iteration 47
Elapsed time for kappa 31.8795 sec
Elapsed time for experts 11.8863 sec
Elapsed time for households 11.1235 sec
Iteration 48
Elapsed time for kappa 33.3058 sec
Elapsed time for experts 12.6973 sec
Elapsed time for households 12.2873 sec
Iteration 49
Elapsed time for kappa 31.6208 sec
Elapsed time for experts 11.4089 sec
Elapsed time for households 10.9063 sec
Iteration 50
Elapsed time for kappa 42.3090 sec
Elapsed time for experts 13.5098 sec
Elapsed time for households 11.9814 sec
Iteration 51
Elapsed time for kappa 35.7273 sec
Elapsed time for experts 13.1610 sec
Elapsed time for households 11.3733 sec
Iteration 52
Elapsed time for kappa 34.7466 sec
Elapsed time for experts 13.6814 sec
Elapsed time for households 11.2422 sec
Iteration 53
Elapsed time for kappa 34.4449 sec
Elapsed time for experts 12.5778 sec
Elapsed time for households 11.2193 sec
Iteration 54
Elapsed time for kappa 33.2572 sec
Elapsed time for experts 12.9209 sec
Elapsed time for households 10.9916 sec
Iteration 55
Elapsed time for kappa 33.7906 sec
Elapsed time for experts 12.6674 sec
Elapsed time for households 10.7443 sec
Iteration 56
Elapsed time for kappa 43.3725 sec
Elapsed time for experts 14.3654 sec
Elapsed time for households 11.8657 sec
Iteration 57
Elapsed time for kappa 34.9653 sec
Elapsed time for experts 13.0309 sec
Elapsed time for households 11.2676 sec
Iteration 58
Elapsed time for kappa 34.3783 sec
Elapsed time for experts 12.4033 sec
Elapsed time for households 10.6885 sec
Iteration 59
Elapsed time for kappa 32.6393 sec
Elapsed time for experts 13.7145 sec
Elapsed time for households 11.2908 sec
Iteration 60
Elapsed time for kappa 33.7470 sec
Elapsed time for experts 12.7621 sec
Elapsed time for households 11.3739 sec
Iteration 61
Elapsed time for kappa 33.2746 sec
Elapsed time for experts 11.8687 sec
Elapsed time for households 11.0299 sec
Iteration 62
Elapsed time for kappa 41.2560 sec
Elapsed time for experts 12.5986 sec
Elapsed time for households 11.0958 sec
Iteration 63
Elapsed time for kappa 34.4331 sec
Elapsed time for experts 12.7661 sec
Elapsed time for households 11.6461 sec
Iteration 64
Elapsed time for kappa 33.9983 sec
Elapsed time for experts 12.8173 sec
Elapsed time for households 11.1896 sec
Iteration 65
Elapsed time for kappa 34.4171 sec
Elapsed time for experts 12.5834 sec
Elapsed time for households 10.4736 sec
Iteration 66
Elapsed time for kappa 33.1803 sec
Elapsed time for experts 12.8796 sec
Elapsed time for households 10.9900 sec
Iteration 67
Elapsed time for kappa 33.1333 sec
Elapsed time for experts 13.0795 sec
Elapsed time for households 11.1031 sec
Iteration 68
Elapsed time for kappa 42.0279 sec
Elapsed time for experts 13.8342 sec
Elapsed time for households 12.3422 sec
Iteration 69
Elapsed time for kappa 35.1542 sec
Elapsed time for experts 13.2623 sec
Elapsed time for households 11.7857 sec
Iteration 70
Elapsed time for kappa 34.5958 sec
Elapsed time for experts 14.5150 sec
Elapsed time for households 12.0400 sec
Iteration 71
Elapsed time for kappa 32.3635 sec
Elapsed time for experts 12.1033 sec
Elapsed time for households 11.1240 sec
Iteration 72
Elapsed time for kappa 33.2716 sec
Elapsed time for experts 12.4996 sec
Elapsed time for households 11.3923 sec
Iteration 73
Elapsed time for kappa 33.6207 sec
Elapsed time for experts 12.3828 sec
Elapsed time for households 10.8368 sec
Iteration 74
Elapsed time for kappa 43.6710 sec
Elapsed time for experts 14.0323 sec
Elapsed time for households 12.0526 sec
Iteration 75
Elapsed time for kappa 35.4435 sec
Elapsed time for experts 13.1382 sec
Elapsed time for households 11.4712 sec
Iteration 76
Elapsed time for kappa 33.5908 sec
Elapsed time for experts 12.7684 sec
Elapsed time for households 11.5006 sec
Iteration 77
Elapsed time for kappa 34.9301 sec
Elapsed time for experts 12.5062 sec
Elapsed time for households 11.1590 sec
Iteration 78
Elapsed time for kappa 34.6515 sec
Elapsed time for experts 12.5251 sec
Elapsed time for households 11.0866 sec
Iteration 79
Elapsed time for kappa 33.0744 sec
Elapsed time for experts 12.4038 sec
Elapsed time for households 18.7003 sec
Iteration 80
Elapsed time for kappa 35.9789 sec
Elapsed time for experts 12.3353 sec
Elapsed time for households 11.1696 sec
Iteration 81
Elapsed time for kappa 34.9085 sec
Elapsed time for experts 12.8995 sec
Elapsed time for households 10.7328 sec
Iteration 82
Elapsed time for kappa 32.6282 sec
Elapsed time for experts 12.4174 sec
Elapsed time for households 11.5597 sec
Iteration 83
Elapsed time for kappa 33.9260 sec
Elapsed time for experts 12.0438 sec
Elapsed time for households 10.4772 sec
Iteration 84
Elapsed time for kappa 32.9713 sec
Elapsed time for experts 13.1622 sec
Elapsed time for households 11.2328 sec
Iteration 85
Elapsed time for kappa 32.9192 sec
Elapsed time for experts 12.3368 sec
Elapsed time for households 19.2591 sec
Iteration 86
Elapsed time for kappa 35.7994 sec
Elapsed time for experts 13.8330 sec
Elapsed time for households 12.4249 sec
Iteration 87
Elapsed time for kappa 35.2599 sec
Elapsed time for experts 14.0620 sec
Elapsed time for households 11.9585 sec
Iteration 88
Elapsed time for kappa 33.6617 sec
Elapsed time for experts 14.0055 sec
Elapsed time for households 10.6984 sec
Iteration 89
Elapsed time for kappa 33.2998 sec
Elapsed time for experts 12.7177 sec
Elapsed time for households 11.0957 sec
Iteration 90
Elapsed time for kappa 33.8209 sec
Elapsed time for experts 12.7637 sec
Elapsed time for households 11.3969 sec
Iteration 91
Elapsed time for kappa 33.5323 sec
Elapsed time for experts 21.6188 sec
Elapsed time for households 12.2729 sec
Iteration 92
Elapsed time for kappa 34.7962 sec
Elapsed time for experts 13.8400 sec
Elapsed time for households 11.9786 sec
Iteration 93
Elapsed time for kappa 34.8399 sec
Elapsed time for experts 13.5107 sec
Elapsed time for households 11.8587 sec
Iteration 94
Elapsed time for kappa 33.7516 sec
Elapsed time for experts 11.7183 sec
Elapsed time for households 10.7401 sec
Iteration 95
Elapsed time for kappa 33.2960 sec
Elapsed time for experts 12.6534 sec
Elapsed time for households 11.2869 sec
Iteration 96
Elapsed time for kappa 33.2918 sec
Elapsed time for experts 12.9299 sec
Elapsed time for households 11.2562 sec
Iteration 97
Elapsed time for kappa 32.8759 sec
Elapsed time for experts 21.9026 sec
Elapsed time for households 12.7453 sec
Iteration 98
Elapsed time for kappa 35.3477 sec
Elapsed time for experts 13.4697 sec
Elapsed time for households 11.9515 sec
Iteration 99
Elapsed time for kappa 35.2594 sec
Elapsed time for experts 13.5911 sec
Elapsed time for households 10.8928 sec
Iteration 100
Elapsed time for kappa 32.4548 sec
Elapsed time for experts 12.1818 sec
Elapsed time for households 10.8947 sec
Iteration 101
Elapsed time for kappa 33.4700 sec
Elapsed time for experts 12.8056 sec
Elapsed time for households 11.2136 sec
Iteration 102
Elapsed time for kappa 33.1622 sec
Elapsed time for experts 11.8518 sec
Elapsed time for households 10.5482 sec
Iteration 103
Elapsed time for kappa 31.7501 sec
Elapsed time for experts 21.3979 sec
Elapsed time for households 12.4886 sec
Iteration 104
Elapsed time for kappa 33.9478 sec
Elapsed time for experts 13.3050 sec
Elapsed time for households 12.2476 sec
Iteration 105
Elapsed time for kappa 35.1229 sec
Elapsed time for experts 13.4658 sec
Elapsed time for households 12.1353 sec
Iteration 106
Elapsed time for kappa 34.8111 sec
Elapsed time for experts 13.1822 sec
Elapsed time for households 11.9340 sec
Iteration 107
Elapsed time for kappa 34.3737 sec
Elapsed time for experts 12.7948 sec
Elapsed time for households 11.4077 sec
Iteration 108
Elapsed time for kappa 34.0038 sec
Elapsed time for experts 12.9468 sec
Elapsed time for households 11.1209 sec
Iteration 109
Elapsed time for kappa 44.0976 sec
Elapsed time for experts 14.4342 sec
Elapsed time for households 12.2731 sec
Iteration 110
Elapsed time for kappa 35.9028 sec
Elapsed time for experts 13.1578 sec
Elapsed time for households 12.1360 sec
Iteration 111
Elapsed time for kappa 35.1878 sec
Elapsed time for experts 13.1250 sec
Elapsed time for households 11.7724 sec
Iteration 112
Elapsed time for kappa 33.4858 sec
Elapsed time for experts 12.1214 sec
Elapsed time for households 10.6907 sec
Iteration 113
Elapsed time for kappa 33.0029 sec
Elapsed time for experts 12.9853 sec
Elapsed time for households 11.1828 sec
Iteration 114
Elapsed time for kappa 33.2865 sec
Elapsed time for experts 12.7452 sec
Elapsed time for households 11.4188 sec
Iteration 115
Elapsed time for kappa 44.8590 sec
Elapsed time for experts 14.3257 sec
Elapsed time for households 12.0674 sec
Iteration 116
Elapsed time for kappa 36.2302 sec
Elapsed time for experts 12.8615 sec
Elapsed time for households 11.9099 sec
Iteration 117
Elapsed time for kappa 35.1744 sec
Elapsed time for experts 13.1814 sec
Elapsed time for households 11.5238 sec
Iteration 118
Elapsed time for kappa 34.6230 sec
Elapsed time for experts 12.9556 sec
Elapsed time for households 10.9139 sec
Iteration 119
Elapsed time for kappa 32.4703 sec
Elapsed time for experts 12.8492 sec
Elapsed time for households 11.2397 sec
Iteration 120
Elapsed time for kappa 33.8016 sec
Elapsed time for experts 12.4391 sec
Elapsed time for households 11.3360 sec
Iteration 121
Elapsed time for kappa 45.3921 sec
Elapsed time for experts 14.1575 sec
Elapsed time for households 11.5970 sec
Iteration 122
Elapsed time for kappa 35.7564 sec
Elapsed time for experts 13.9827 sec
Elapsed time for households 12.0774 sec
Iteration 123
Elapsed time for kappa 35.4698 sec
Elapsed time for experts 13.6801 sec
Elapsed time for households 11.7148 sec
Iteration 124
Elapsed time for kappa 34.7230 sec
Elapsed time for experts 12.8804 sec
Elapsed time for households 10.6400 sec
Iteration 125
Elapsed time for kappa 34.0789 sec
Elapsed time for experts 12.4151 sec
Elapsed time for households 11.4773 sec
Iteration 126
Elapsed time for kappa 34.1587 sec
Elapsed time for experts 12.2652 sec
Elapsed time for households 11.1477 sec
Iteration 127
Elapsed time for kappa 45.2910 sec
Elapsed time for experts 13.6331 sec
Elapsed time for households 13.6091 sec
Iteration 128
Elapsed time for kappa 36.3226 sec
Elapsed time for experts 13.6864 sec
Elapsed time for households 12.2828 sec
Iteration 129
Elapsed time for kappa 34.5646 sec
Elapsed time for experts 13.4156 sec
Elapsed time for households 11.9110 sec
Iteration 130
Elapsed time for kappa 35.1095 sec
Elapsed time for experts 13.5038 sec
Elapsed time for households 11.6602 sec
Iteration 131
Elapsed time for kappa 33.7571 sec
Elapsed time for experts 12.0363 sec
Elapsed time for households 10.3785 sec
Iteration 132
Elapsed time for kappa 32.8778 sec
Elapsed time for experts 11.8142 sec
Elapsed time for households 10.4598 sec
Iteration 133
Elapsed time for kappa 42.4425 sec
Elapsed time for experts 13.9164 sec
Elapsed time for households 11.5541 sec
Iteration 134
Elapsed time for kappa 33.7194 sec
Elapsed time for experts 14.3104 sec
Elapsed time for households 11.2810 sec
Iteration 135
Elapsed time for kappa 32.8937 sec
Elapsed time for experts 13.5037 sec
Elapsed time for households 11.9216 sec
Iteration 136
Elapsed time for kappa 34.4315 sec
Elapsed time for experts 13.5279 sec
Elapsed time for households 11.4815 sec
Iteration 137
Elapsed time for kappa 33.6057 sec
Elapsed time for experts 13.0180 sec
Elapsed time for households 11.6267 sec
Iteration 138
Elapsed time for kappa 32.6482 sec
Elapsed time for experts 12.1434 sec
Elapsed time for households 10.8123 sec
Iteration 139
Elapsed time for kappa 44.7242 sec
Elapsed time for experts 14.0985 sec
Elapsed time for households 12.8846 sec
Iteration 140
Elapsed time for kappa 34.1929 sec
Elapsed time for experts 13.3314 sec
Elapsed time for households 11.7974 sec
Iteration 141
Elapsed time for kappa 35.3372 sec
Elapsed time for experts 13.3166 sec
Elapsed time for households 11.5911 sec
Iteration 142
Elapsed time for kappa 34.9169 sec
Elapsed time for experts 12.6739 sec
Elapsed time for households 11.2916 sec
Iteration 143
Elapsed time for kappa 33.8051 sec
Elapsed time for experts 12.0616 sec
Elapsed time for households 10.8573 sec
Iteration 144
Elapsed time for kappa 31.5391 sec
Elapsed time for experts 13.0587 sec
Elapsed time for households 11.8229 sec
Iteration 145
Elapsed time for kappa 44.2863 sec
Elapsed time for experts 14.3224 sec
Elapsed time for households 12.7270 sec
Iteration 146
Elapsed time for kappa 36.0026 sec
Elapsed time for experts 14.4062 sec
Elapsed time for households 12.6474 sec
Iteration 147
Elapsed time for kappa 35.0818 sec
Elapsed time for experts 13.3572 sec
Elapsed time for households 11.8735 sec
Iteration 148
Elapsed time for kappa 33.6287 sec
Elapsed time for experts 12.7758 sec
Elapsed time for households 11.9921 sec
Iteration 149
Elapsed time for kappa 34.4556 sec
Elapsed time for experts 12.6402 sec
Elapsed time for households 11.4599 sec
Iteration 150
Elapsed time for kappa 33.1540 sec
Elapsed time for experts 12.5005 sec
Elapsed time for households 19.9044 sec
Iteration 151
Elapsed time for kappa 36.4725 sec
Elapsed time for experts 13.3559 sec
Elapsed time for households 12.3893 sec
Iteration 152
Elapsed time for kappa 35.9046 sec
Elapsed time for experts 14.5328 sec
Elapsed time for households 12.1068 sec
Iteration 153
Elapsed time for kappa 35.0715 sec
Elapsed time for experts 12.8395 sec
Elapsed time for households 11.4507 sec
Iteration 154
Elapsed time for kappa 34.8587 sec
Elapsed time for experts 13.1445 sec
Elapsed time for households 11.6278 sec
Iteration 155
Elapsed time for kappa 34.2922 sec
Elapsed time for experts 13.0084 sec
Elapsed time for households 11.1934 sec
Iteration 156
Elapsed time for kappa 31.4695 sec
Elapsed time for experts 20.7183 sec
Elapsed time for households 11.6639 sec
Iteration 157
Elapsed time for kappa 34.5177 sec
Elapsed time for experts 12.4470 sec
Elapsed time for households 11.2338 sec
Iteration 158
Elapsed time for kappa 35.4284 sec
Elapsed time for experts 13.6607 sec
Elapsed time for households 11.7284 sec
Iteration 159
Elapsed time for kappa 34.6716 sec
Elapsed time for experts 13.1766 sec
Elapsed time for households 11.7943 sec
Iteration 160
Elapsed time for kappa 34.7041 sec
Elapsed time for experts 13.0101 sec
Elapsed time for households 11.5712 sec
Iteration 161
Elapsed time for kappa 33.6986 sec
Elapsed time for experts 13.4172 sec
Elapsed time for households 11.6413 sec
Iteration 162
Elapsed time for kappa 33.1948 sec
Elapsed time for experts 12.6357 sec
Elapsed time for households 19.2580 sec
Iteration 163
Elapsed time for kappa 33.9301 sec
Elapsed time for experts 13.6266 sec
Elapsed time for households 11.8126 sec
Iteration 164
Elapsed time for kappa 35.3712 sec
Elapsed time for experts 13.6891 sec
Elapsed time for households 11.9384 sec
Iteration 165
Elapsed time for kappa 34.5441 sec
Elapsed time for experts 13.2050 sec
Elapsed time for households 11.9004 sec
Iteration 166
Elapsed time for kappa 34.3289 sec
Elapsed time for experts 12.4363 sec
Elapsed time for households 11.7920 sec
Iteration 167
Elapsed time for kappa 33.3065 sec
Elapsed time for experts 12.7893 sec
Elapsed time for households 11.1730 sec
Iteration 168
Elapsed time for kappa 32.7651 sec
Elapsed time for experts 21.3549 sec
Elapsed time for households 12.4506 sec
Iteration 169
Elapsed time for kappa 36.1541 sec
Elapsed time for experts 13.4371 sec
Elapsed time for households 11.9108 sec
Iteration 170
Elapsed time for kappa 34.9477 sec
Elapsed time for experts 13.3474 sec
Elapsed time for households 11.6964 sec
Iteration 171
Elapsed time for kappa 34.6470 sec
Elapsed time for experts 13.4623 sec
Elapsed time for households 11.3399 sec
Iteration 172
Elapsed time for kappa 33.7907 sec
Elapsed time for experts 12.6466 sec
Elapsed time for households 11.2609 sec
Iteration 173
Elapsed time for kappa 33.8750 sec
Elapsed time for experts 13.0740 sec
Elapsed time for households 11.2277 sec
Iteration 174
Elapsed time for kappa 33.0359 sec
Elapsed time for experts 12.9466 sec
Elapsed time for households 19.7211 sec
Iteration 175
Elapsed time for kappa 34.9405 sec
Elapsed time for experts 13.0772 sec
Elapsed time for households 12.1836 sec
Iteration 176
Elapsed time for kappa 34.4614 sec
Elapsed time for experts 13.7420 sec
Elapsed time for households 12.0837 sec
Iteration 177
Elapsed time for kappa 34.1947 sec
Elapsed time for experts 13.1674 sec
Elapsed time for households 11.6245 sec
Iteration 178
Elapsed time for kappa 33.4398 sec
Elapsed time for experts 12.4514 sec
Elapsed time for households 10.6632 sec
Iteration 179
Elapsed time for kappa 33.1263 sec
Elapsed time for experts 12.3068 sec
Elapsed time for households 10.8630 sec
Iteration 180
Elapsed time for kappa 33.5641 sec
Elapsed time for experts 12.1477 sec
Elapsed time for households 19.4718 sec
Iteration 181
Elapsed time for kappa 35.1680 sec
Elapsed time for experts 12.8009 sec
Elapsed time for households 11.9201 sec
Iteration 182
Elapsed time for kappa 33.7045 sec
Elapsed time for experts 13.3484 sec
Elapsed time for households 11.6029 sec
Iteration 183
Elapsed time for kappa 32.7192 sec
Elapsed time for experts 12.9751 sec
Elapsed time for households 11.5495 sec
Iteration 184
Elapsed time for kappa 33.4237 sec
Elapsed time for experts 13.0008 sec
Elapsed time for households 11.3539 sec
Iteration 185
Elapsed time for kappa 33.1308 sec
Elapsed time for experts 12.6032 sec
Elapsed time for households 11.0205 sec
Iteration 186
Elapsed time for kappa 32.9434 sec
Elapsed time for experts 12.2883 sec
Elapsed time for households 11.1866 sec
Iteration 187
Elapsed time for kappa 42.4087 sec
Elapsed time for experts 13.2887 sec
Elapsed time for households 12.1159 sec
Iteration 188
Elapsed time for kappa 34.0262 sec
Elapsed time for experts 12.9943 sec
Elapsed time for households 11.7792 sec
Iteration 189
Elapsed time for kappa 33.8538 sec
Elapsed time for experts 13.1816 sec
Elapsed time for households 11.6992 sec
Iteration 190
Elapsed time for kappa 33.1963 sec
Elapsed time for experts 13.0721 sec
Elapsed time for households 11.2532 sec
Iteration 191
Elapsed time for kappa 31.9434 sec
Elapsed time for experts 12.0971 sec
Elapsed time for households 9.9844 sec
Iteration 192
Elapsed time for kappa 31.7926 sec
Elapsed time for experts 12.2335 sec
Elapsed time for households 17.5611 sec
Iteration 193
Elapsed time for kappa 34.1728 sec
Elapsed time for experts 12.9706 sec
Elapsed time for households 11.2565 sec
Iteration 194
Elapsed time for kappa 33.1879 sec
Elapsed time for experts 11.9312 sec
Elapsed time for households 11.3926 sec
Iteration 195
Elapsed time for kappa 32.3439 sec
Elapsed time for experts 12.6919 sec
Elapsed time for households 10.8523 sec
Iteration 196
Elapsed time for kappa 30.9594 sec
Elapsed time for experts 11.8403 sec
Elapsed time for households 10.7093 sec
Iteration 197
Elapsed time for kappa 30.6899 sec
Elapsed time for experts 11.1398 sec
Elapsed time for households 9.8561 sec
Iteration 198
Elapsed time for kappa 32.4647 sec
Elapsed time for experts 19.9353 sec
Elapsed time for households 11.8940 sec
Iteration 199
Elapsed time for kappa 32.5342 sec
Elapsed time for experts 12.3113 sec
Elapsed time for households 10.6041 sec
Iteration 200
Elapsed time for kappa 31.3567 sec
Elapsed time for experts 12.1288 sec
Elapsed time for households 10.5887 sec
Iteration 201
Elapsed time for kappa 32.0006 sec
Elapsed time for experts 12.5474 sec
Elapsed time for households 10.8614 sec
Iteration 202
Elapsed time for kappa 32.1994 sec
Elapsed time for experts 12.2563 sec
Elapsed time for households 11.1090 sec
Iteration 203
Elapsed time for kappa 32.1274 sec
Elapsed time for experts 11.9206 sec
Elapsed time for households 10.9312 sec
Iteration 204
Elapsed time for kappa 32.2721 sec
Elapsed time for experts 12.0293 sec
Elapsed time for households 18.1030 sec
Iteration 205
Elapsed time for kappa 33.5115 sec
Elapsed time for experts 12.0607 sec
Elapsed time for households 10.6991 sec
Iteration 206
Elapsed time for kappa 31.2926 sec
Elapsed time for experts 12.4494 sec
Elapsed time for households 11.5316 sec
Iteration 207
Elapsed time for kappa 32.3553 sec
Elapsed time for experts 12.1373 sec
Elapsed time for households 10.6098 sec
Iteration 208
Elapsed time for kappa 31.6295 sec
Elapsed time for experts 11.9646 sec
Elapsed time for households 10.4864 sec
Iteration 209
Elapsed time for kappa 30.5185 sec
Elapsed time for experts 11.7937 sec
Elapsed time for households 10.8701 sec
Iteration 210
Elapsed time for kappa 31.6319 sec
Elapsed time for experts 11.8871 sec
Elapsed time for households 17.9902 sec
Iteration 211
Elapsed time for kappa 33.5328 sec
Elapsed time for experts 12.0928 sec
Elapsed time for households 10.5684 sec
Iteration 212
Elapsed time for kappa 30.4374 sec
Elapsed time for experts 12.2920 sec
Elapsed time for households 11.0745 sec
Iteration 213
Elapsed time for kappa 31.8296 sec
Elapsed time for experts 12.2828 sec
Elapsed time for households 11.1080 sec
Iteration 214
Elapsed time for kappa 31.3816 sec
Elapsed time for experts 11.9233 sec
Elapsed time for households 10.6541 sec
Iteration 215
Elapsed time for kappa 31.6829 sec
Elapsed time for experts 11.9539 sec
Elapsed time for households 10.7983 sec
Iteration 216
Elapsed time for kappa 31.5620 sec
Elapsed time for experts 11.7940 sec
Elapsed time for households 10.4738 sec
Iteration 217
Elapsed time for kappa 39.6095 sec
Elapsed time for experts 12.2627 sec
Elapsed time for households 11.5111 sec
Iteration 218
Elapsed time for kappa 32.2962 sec
Elapsed time for experts 12.4661 sec
Elapsed time for households 11.1248 sec
Iteration 219
Elapsed time for kappa 31.4880 sec
Elapsed time for experts 11.9214 sec
Elapsed time for households 10.1032 sec
Iteration 220
Elapsed time for kappa 30.5384 sec
Elapsed time for experts 11.8971 sec
Elapsed time for households 10.8069 sec
Iteration 221
Elapsed time for kappa 31.1832 sec
Elapsed time for experts 11.7131 sec
Elapsed time for households 10.5038 sec
Iteration 222
Elapsed time for kappa 31.0714 sec
Elapsed time for experts 11.8882 sec
Elapsed time for households 16.8407 sec
Iteration 223
Elapsed time for kappa 32.7128 sec
Elapsed time for experts 12.6483 sec
Elapsed time for households 10.9486 sec
Iteration 224
Elapsed time for kappa 32.1005 sec
Elapsed time for experts 12.2545 sec
Elapsed time for households 11.1526 sec
Iteration 225
Elapsed time for kappa 31.7533 sec
Elapsed time for experts 12.4868 sec
Elapsed time for households 11.1639 sec
Iteration 226
Elapsed time for kappa 30.6160 sec
Elapsed time for experts 12.0835 sec
Elapsed time for households 10.6386 sec
Iteration 227
Elapsed time for kappa 30.2066 sec
Elapsed time for experts 11.4477 sec
Elapsed time for households 11.0296 sec
Iteration 228
Elapsed time for kappa 30.5955 sec
Elapsed time for experts 11.4592 sec
Elapsed time for households 17.5889 sec
Iteration 229
Elapsed time for kappa 32.3855 sec
Elapsed time for experts 12.2753 sec
Elapsed time for households 11.0600 sec
Iteration 230
Elapsed time for kappa 32.1962 sec
Elapsed time for experts 12.4437 sec
Elapsed time for households 10.8429 sec
Iteration 231
Elapsed time for kappa 31.5970 sec
Elapsed time for experts 12.1668 sec
Elapsed time for households 10.9094 sec
Iteration 232
Elapsed time for kappa 31.1403 sec
Elapsed time for experts 12.2012 sec
Elapsed time for households 10.0510 sec
Iteration 233
Elapsed time for kappa 28.6123 sec
Elapsed time for experts 11.0908 sec
Elapsed time for households 9.8121 sec
Iteration 234
Elapsed time for kappa 29.7652 sec
Elapsed time for experts 11.8743 sec
Elapsed time for households 10.2154 sec
Iteration 235
Elapsed time for kappa 38.7638 sec
Elapsed time for experts 12.2601 sec
Elapsed time for households 11.0806 sec
Iteration 236
Elapsed time for kappa 30.5521 sec
Elapsed time for experts 11.9034 sec
Elapsed time for households 10.0884 sec
Iteration 237
Elapsed time for kappa 29.6163 sec
Elapsed time for experts 12.0345 sec
Elapsed time for households 10.9957 sec
Iteration 238
Elapsed time for kappa 30.8501 sec
Elapsed time for experts 12.6633 sec
Elapsed time for households 10.8466 sec
Iteration 239
Elapsed time for kappa 30.1628 sec
Elapsed time for experts 11.5780 sec
Elapsed time for households 9.9444 sec
Iteration 240
Elapsed time for kappa 29.0230 sec
Elapsed time for experts 10.8613 sec
Elapsed time for households 16.0504 sec
Iteration 241
Elapsed time for kappa 31.3179 sec
Elapsed time for experts 12.4846 sec
Elapsed time for households 11.1672 sec
Iteration 242
Elapsed time for kappa 31.0556 sec
Elapsed time for experts 12.5213 sec
Elapsed time for households 11.0090 sec
Iteration 243
Elapsed time for kappa 30.9903 sec
Elapsed time for experts 12.4692 sec
Elapsed time for households 10.9160 sec
Iteration 244
Elapsed time for kappa 30.4706 sec
Elapsed time for experts 11.5416 sec
Elapsed time for households 10.5839 sec
Iteration 245
Elapsed time for kappa 30.3543 sec
Elapsed time for experts 11.7913 sec
Elapsed time for households 10.2290 sec
Iteration 246
Elapsed time for kappa 30.0883 sec
Elapsed time for experts 11.6257 sec
Elapsed time for households 10.2786 sec
Iteration 247
Elapsed time for kappa 39.2921 sec
Elapsed time for experts 12.8891 sec
Elapsed time for households 10.8409 sec
Iteration 248
Elapsed time for kappa 29.7298 sec
Elapsed time for experts 12.1352 sec
Elapsed time for households 10.7267 sec
Iteration 249
Elapsed time for kappa 30.9782 sec
Elapsed time for experts 12.2035 sec
Elapsed time for households 11.1936 sec
Iteration 250
Elapsed time for kappa 31.3612 sec
Elapsed time for experts 11.8892 sec
Elapsed time for households 10.7563 sec
Iteration 251
Elapsed time for kappa 30.2987 sec
Elapsed time for experts 11.8366 sec
Elapsed time for households 11.0442 sec
Iteration 252
Elapsed time for kappa 30.3871 sec
Elapsed time for experts 11.3099 sec
Elapsed time for households 17.5733 sec
Iteration 253
Elapsed time for kappa 31.4049 sec
Elapsed time for experts 12.4023 sec
Elapsed time for households 10.9972 sec
Iteration 254
Elapsed time for kappa 31.2662 sec
Elapsed time for experts 12.1886 sec
Elapsed time for households 10.8298 sec
Iteration 255
Elapsed time for kappa 31.4180 sec
Elapsed time for experts 11.9686 sec
Elapsed time for households 10.8726 sec
Iteration 256
Elapsed time for kappa 31.0898 sec
Elapsed time for experts 12.1734 sec
Elapsed time for households 10.4831 sec
Iteration 257
Elapsed time for kappa 30.6183 sec
Elapsed time for experts 11.2261 sec
Elapsed time for households 9.7138 sec
Iteration 258
Elapsed time for kappa 28.0914 sec
Elapsed time for experts 10.9088 sec
Elapsed time for households 17.3312 sec
Iteration 259
Elapsed time for kappa 30.3146 sec
Elapsed time for experts 12.2110 sec
Elapsed time for households 10.7052 sec
Iteration 260
Elapsed time for kappa 31.2859 sec
Elapsed time for experts 12.3395 sec
Elapsed time for households 11.0782 sec
Iteration 261
Elapsed time for kappa 31.6269 sec
Elapsed time for experts 11.9802 sec
Elapsed time for households 11.1590 sec
Iteration 262
Elapsed time for kappa 31.3632 sec
Elapsed time for experts 12.4807 sec
Elapsed time for households 10.5314 sec
Iteration 263
Elapsed time for kappa 29.4148 sec
Elapsed time for experts 11.1147 sec
Elapsed time for households 10.0216 sec
Iteration 264
Elapsed time for kappa 29.9534 sec
Elapsed time for experts 11.5776 sec
Elapsed time for households 18.0151 sec
Iteration 265
Elapsed time for kappa 32.3427 sec
Elapsed time for experts 12.5048 sec
Elapsed time for households 11.1745 sec
Iteration 266
Elapsed time for kappa 31.5396 sec
Elapsed time for experts 12.4379 sec
Elapsed time for households 10.4499 sec
Iteration 267
Elapsed time for kappa 30.9251 sec
Elapsed time for experts 12.0350 sec
Elapsed time for households 10.6765 sec
Iteration 268
Elapsed time for kappa 31.0687 sec
Elapsed time for experts 12.4762 sec
Elapsed time for households 10.6515 sec
Iteration 269
Elapsed time for kappa 30.7697 sec
Elapsed time for experts 11.7569 sec
Elapsed time for households 10.4874 sec
Iteration 270
Elapsed time for kappa 29.9041 sec
Elapsed time for experts 10.8895 sec
Elapsed time for households 9.8590 sec
Iteration 271
Elapsed time for kappa 38.7269 sec
Elapsed time for experts 12.7376 sec
Elapsed time for households 10.5228 sec
Iteration 272
Elapsed time for kappa 30.9798 sec
Elapsed time for experts 12.0952 sec
Elapsed time for households 10.9571 sec
Iteration 273
Elapsed time for kappa 31.8632 sec
Elapsed time for experts 11.3497 sec
Elapsed time for households 10.2747 sec
Iteration 274
Elapsed time for kappa 29.6867 sec
Elapsed time for experts 12.0288 sec
Elapsed time for households 10.3760 sec
Iteration 275
Elapsed time for kappa 28.7130 sec
Elapsed time for experts 11.4517 sec
Elapsed time for households 10.3558 sec
Iteration 276
Elapsed time for kappa 29.8847 sec
Elapsed time for experts 11.9065 sec
Elapsed time for households 10.4953 sec
Iteration 277
Elapsed time for kappa 38.6572 sec
Elapsed time for experts 12.6996 sec
Elapsed time for households 11.1999 sec
Iteration 278
Elapsed time for kappa 30.8429 sec
Elapsed time for experts 11.5845 sec
Elapsed time for households 10.4060 sec
Iteration 279
Elapsed time for kappa 29.7376 sec
Elapsed time for experts 11.9595 sec
Elapsed time for households 11.2253 sec
Iteration 280
Elapsed time for kappa 30.7975 sec
Elapsed time for experts 11.5109 sec
Elapsed time for households 10.1227 sec
Iteration 281
Elapsed time for kappa 28.8302 sec
Elapsed time for experts 11.2632 sec
Elapsed time for households 10.3178 sec
Iteration 282
Elapsed time for kappa 29.9178 sec
Elapsed time for experts 18.2441 sec
Elapsed time for households 11.8114 sec
Iteration 283
Elapsed time for kappa 31.5423 sec
Elapsed time for experts 11.9107 sec
Elapsed time for households 10.3776 sec
Iteration 284
Elapsed time for kappa 30.0634 sec
Elapsed time for experts 11.5857 sec
Elapsed time for households 10.2072 sec
Iteration 285
Elapsed time for kappa 29.6459 sec
Elapsed time for experts 11.4606 sec
Elapsed time for households 10.2691 sec
Iteration 286
Elapsed time for kappa 29.0884 sec
Elapsed time for experts 11.3401 sec
Elapsed time for households 10.1545 sec
Iteration 287
Elapsed time for kappa 28.6185 sec
Elapsed time for experts 10.9040 sec
Elapsed time for households 9.8272 sec
Iteration 288
Elapsed time for kappa 28.3984 sec
Elapsed time for experts 11.1981 sec
Elapsed time for households 16.9958 sec
Iteration 289
Elapsed time for kappa 30.6594 sec
Elapsed time for experts 11.8050 sec
Elapsed time for households 10.5577 sec
Iteration 290
Elapsed time for kappa 30.1110 sec
Elapsed time for experts 11.3391 sec
Elapsed time for households 10.2763 sec
Iteration 291
Elapsed time for kappa 30.1015 sec
Elapsed time for experts 11.2723 sec
Elapsed time for households 10.0347 sec
Iteration 292
Elapsed time for kappa 29.1441 sec
Elapsed time for experts 11.4786 sec
Elapsed time for households 9.9777 sec
Iteration 293
Elapsed time for kappa 28.5342 sec
Elapsed time for experts 11.0391 sec
Elapsed time for households 9.8662 sec
Iteration 294
Elapsed time for kappa 28.1381 sec
Elapsed time for experts 10.7306 sec
Elapsed time for households 16.5986 sec
Iteration 295
Elapsed time for kappa 30.6430 sec
Elapsed time for experts 11.8316 sec
Elapsed time for households 10.5317 sec
Iteration 296
Elapsed time for kappa 29.5672 sec
Elapsed time for experts 11.7291 sec
Elapsed time for households 10.4330 sec
Iteration 297
Elapsed time for kappa 29.6536 sec
Elapsed time for experts 11.3804 sec
Elapsed time for households 10.4477 sec
Iteration 298
Elapsed time for kappa 29.5286 sec
Elapsed time for experts 11.7454 sec
Elapsed time for households 10.2044 sec
Iteration 299
Elapsed time for kappa 28.9215 sec
Elapsed time for experts 11.4997 sec
Elapsed time for households 9.9475 sec
Elapsed time for training 17427.8367 sec
