Iteration 0
Elapsed time for kappa 66.4312 sec
Elapsed time for experts 22.1328 sec
Elapsed time for households 19.3702 sec
Iteration 1
Elapsed time for kappa 35.7193 sec
Elapsed time for experts 17.1046 sec
Elapsed time for households 15.3062 sec
Iteration 2
Elapsed time for kappa 36.6062 sec
Elapsed time for experts 22.9949 sec
Elapsed time for households 13.9610 sec
Iteration 3
Elapsed time for kappa 35.1353 sec
Elapsed time for experts 16.2833 sec
Elapsed time for households 14.2900 sec
Iteration 4
Elapsed time for kappa 34.7852 sec
Elapsed time for experts 15.2055 sec
Elapsed time for households 12.7773 sec
Iteration 5
Elapsed time for kappa 36.5829 sec
Elapsed time for experts 15.7377 sec
Elapsed time for households 11.8431 sec
Iteration 6
Elapsed time for kappa 34.7271 sec
Elapsed time for experts 13.7206 sec
Elapsed time for households 12.8347 sec
Iteration 7
Elapsed time for kappa 34.5269 sec
Elapsed time for experts 15.5428 sec
Elapsed time for households 13.3150 sec
Iteration 8
Elapsed time for kappa 34.9847 sec
Elapsed time for experts 22.4527 sec
Elapsed time for households 11.6420 sec
Iteration 9
Elapsed time for kappa 34.2516 sec
Elapsed time for experts 13.7401 sec
Elapsed time for households 12.6364 sec
Iteration 10
Elapsed time for kappa 34.3639 sec
Elapsed time for experts 14.0369 sec
Elapsed time for households 11.1959 sec
Iteration 11
Elapsed time for kappa 37.3440 sec
Elapsed time for experts 15.5601 sec
Elapsed time for households 12.8582 sec
Iteration 12
Elapsed time for kappa 36.7365 sec
Elapsed time for experts 18.0496 sec
Elapsed time for households 12.3230 sec
Iteration 13
Elapsed time for kappa 35.0419 sec
Elapsed time for experts 15.8521 sec
Elapsed time for households 11.7701 sec
Iteration 14
Elapsed time for kappa 37.0558 sec
Elapsed time for experts 22.9513 sec
Elapsed time for households 13.3522 sec
Iteration 15
Elapsed time for kappa 35.0866 sec
Elapsed time for experts 15.2419 sec
Elapsed time for households 11.7444 sec
Iteration 16
Elapsed time for kappa 34.4367 sec
Elapsed time for experts 14.0249 sec
Elapsed time for households 11.7081 sec
Iteration 17
Elapsed time for kappa 34.4539 sec
Elapsed time for experts 15.6128 sec
Elapsed time for households 12.9107 sec
Iteration 18
Elapsed time for kappa 36.1209 sec
Elapsed time for experts 13.3017 sec
Elapsed time for households 14.0477 sec
Iteration 19
Elapsed time for kappa 37.3576 sec
Elapsed time for experts 17.2009 sec
Elapsed time for households 12.9281 sec
Iteration 20
Elapsed time for kappa 43.9527 sec
Elapsed time for experts 15.8019 sec
Elapsed time for households 12.0015 sec
Iteration 21
Elapsed time for kappa 35.1836 sec
Elapsed time for experts 13.9879 sec
Elapsed time for households 11.5106 sec
Iteration 22
Elapsed time for kappa 34.7779 sec
Elapsed time for experts 16.1418 sec
Elapsed time for households 12.2348 sec
Iteration 23
Elapsed time for kappa 34.4907 sec
Elapsed time for experts 15.5493 sec
Elapsed time for households 15.4452 sec
Iteration 24
Elapsed time for kappa 35.9905 sec
Elapsed time for experts 15.3765 sec
Elapsed time for households 14.2451 sec
Iteration 25
Elapsed time for kappa 34.9690 sec
Elapsed time for experts 13.6551 sec
Elapsed time for households 13.8654 sec
Iteration 26
Elapsed time for kappa 44.0765 sec
Elapsed time for experts 16.5010 sec
Elapsed time for households 15.0757 sec
Iteration 27
Elapsed time for kappa 38.5976 sec
Elapsed time for experts 13.9541 sec
Elapsed time for households 14.9393 sec
Iteration 28
Elapsed time for kappa 37.0216 sec
Elapsed time for experts 16.4229 sec
Elapsed time for households 14.8680 sec
Iteration 29
Elapsed time for kappa 34.5662 sec
Elapsed time for experts 15.0722 sec
Elapsed time for households 13.5209 sec
Iteration 30
Elapsed time for kappa 35.3496 sec
Elapsed time for experts 15.2172 sec
Elapsed time for households 11.3125 sec
Iteration 31
Elapsed time for kappa 33.9502 sec
Elapsed time for experts 15.3458 sec
Elapsed time for households 13.3348 sec
Iteration 32
Elapsed time for kappa 47.8042 sec
Elapsed time for experts 17.7508 sec
Elapsed time for households 13.5757 sec
Iteration 33
Elapsed time for kappa 37.4004 sec
Elapsed time for experts 17.5267 sec
Elapsed time for households 12.2349 sec
Iteration 34
Elapsed time for kappa 36.1269 sec
Elapsed time for experts 13.0011 sec
Elapsed time for households 11.4171 sec
Iteration 35
Elapsed time for kappa 34.5630 sec
Elapsed time for experts 15.9038 sec
Elapsed time for households 14.9133 sec
Iteration 36
Elapsed time for kappa 34.8640 sec
Elapsed time for experts 18.5510 sec
Elapsed time for households 12.4384 sec
Iteration 37
Elapsed time for kappa 34.0579 sec
Elapsed time for experts 13.1209 sec
Elapsed time for households 11.2187 sec
Iteration 38
Elapsed time for kappa 47.9734 sec
Elapsed time for experts 17.2573 sec
Elapsed time for households 13.6433 sec
Iteration 39
Elapsed time for kappa 37.8551 sec
Elapsed time for experts 15.4311 sec
Elapsed time for households 13.8454 sec
Iteration 40
Elapsed time for kappa 36.1761 sec
Elapsed time for experts 15.6632 sec
Elapsed time for households 12.3345 sec
Iteration 41
Elapsed time for kappa 35.2641 sec
Elapsed time for experts 13.6227 sec
Elapsed time for households 13.5963 sec
Iteration 42
Elapsed time for kappa 36.5566 sec
Elapsed time for experts 14.0204 sec
Elapsed time for households 13.3420 sec
Iteration 43
Elapsed time for kappa 35.2217 sec
Elapsed time for experts 13.9239 sec
Elapsed time for households 11.4985 sec
Iteration 44
Elapsed time for kappa 46.8848 sec
Elapsed time for experts 18.6042 sec
Elapsed time for households 12.7977 sec
Iteration 45
Elapsed time for kappa 38.6124 sec
Elapsed time for experts 14.3802 sec
Elapsed time for households 11.2832 sec
Iteration 46
Elapsed time for kappa 37.6861 sec
Elapsed time for experts 13.0078 sec
Elapsed time for households 11.2314 sec
Iteration 47
Elapsed time for kappa 36.6204 sec
Elapsed time for experts 12.6421 sec
Elapsed time for households 11.0940 sec
Iteration 48
Elapsed time for kappa 35.1698 sec
Elapsed time for experts 12.4903 sec
Elapsed time for households 14.0871 sec
Iteration 49
Elapsed time for kappa 34.8077 sec
Elapsed time for experts 13.6869 sec
Elapsed time for households 21.3466 sec
Iteration 50
Elapsed time for kappa 36.3015 sec
Elapsed time for experts 14.5782 sec
Elapsed time for households 12.0418 sec
Iteration 51
Elapsed time for kappa 35.4896 sec
Elapsed time for experts 12.8438 sec
Elapsed time for households 11.9575 sec
Iteration 52
Elapsed time for kappa 35.3546 sec
Elapsed time for experts 13.2035 sec
Elapsed time for households 13.7733 sec
Iteration 53
Elapsed time for kappa 38.4937 sec
Elapsed time for experts 18.3422 sec
Elapsed time for households 13.7477 sec
Iteration 54
Elapsed time for kappa 34.2469 sec
Elapsed time for experts 13.2068 sec
Elapsed time for households 11.1972 sec
Iteration 55
Elapsed time for kappa 36.7592 sec
Elapsed time for experts 14.9900 sec
Elapsed time for households 11.8981 sec
Iteration 56
Elapsed time for kappa 49.1158 sec
Elapsed time for experts 14.3881 sec
Elapsed time for households 13.7571 sec
Iteration 57
Elapsed time for kappa 37.5557 sec
Elapsed time for experts 18.0668 sec
Elapsed time for households 12.1090 sec
Iteration 58
Elapsed time for kappa 36.1036 sec
Elapsed time for experts 14.2144 sec
Elapsed time for households 11.9269 sec
Iteration 59
Elapsed time for kappa 37.2269 sec
Elapsed time for experts 16.9221 sec
Elapsed time for households 13.6751 sec
Iteration 60
Elapsed time for kappa 35.8567 sec
Elapsed time for experts 13.4283 sec
Elapsed time for households 11.6824 sec
Iteration 61
Elapsed time for kappa 34.4870 sec
Elapsed time for experts 23.4100 sec
Elapsed time for households 15.7109 sec
Iteration 62
Elapsed time for kappa 37.5199 sec
Elapsed time for experts 14.0097 sec
Elapsed time for households 12.1456 sec
Iteration 63
Elapsed time for kappa 35.8927 sec
Elapsed time for experts 13.4837 sec
Elapsed time for households 11.8786 sec
Iteration 64
Elapsed time for kappa 38.0700 sec
Elapsed time for experts 15.3687 sec
Elapsed time for households 11.8624 sec
Iteration 65
Elapsed time for kappa 36.7589 sec
Elapsed time for experts 13.1358 sec
Elapsed time for households 11.2972 sec
Iteration 66
Elapsed time for kappa 34.4831 sec
Elapsed time for experts 16.0502 sec
Elapsed time for households 11.6374 sec
Iteration 67
Elapsed time for kappa 34.2570 sec
Elapsed time for experts 22.7835 sec
Elapsed time for households 12.4030 sec
Iteration 68
Elapsed time for kappa 36.2096 sec
Elapsed time for experts 16.8793 sec
Elapsed time for households 13.2832 sec
Iteration 69
Elapsed time for kappa 37.3090 sec
Elapsed time for experts 12.9408 sec
Elapsed time for households 11.8274 sec
Iteration 70
Elapsed time for kappa 35.6968 sec
Elapsed time for experts 12.8160 sec
Elapsed time for households 11.5250 sec
Iteration 71
Elapsed time for kappa 34.6557 sec
Elapsed time for experts 13.3451 sec
Elapsed time for households 14.2827 sec
Iteration 72
Elapsed time for kappa 34.8828 sec
Elapsed time for experts 12.4372 sec
Elapsed time for households 11.0788 sec
Iteration 73
Elapsed time for kappa 38.7478 sec
Elapsed time for experts 23.3463 sec
Elapsed time for households 13.2332 sec
Iteration 74
Elapsed time for kappa 41.0943 sec
Elapsed time for experts 14.9183 sec
Elapsed time for households 14.3595 sec
Iteration 75
Elapsed time for kappa 36.9279 sec
Elapsed time for experts 15.7421 sec
Elapsed time for households 14.2853 sec
Iteration 76
Elapsed time for kappa 36.9058 sec
Elapsed time for experts 15.7970 sec
Elapsed time for households 11.8893 sec
Iteration 77
Elapsed time for kappa 38.0865 sec
Elapsed time for experts 15.6143 sec
Elapsed time for households 13.3011 sec
Iteration 78
Elapsed time for kappa 36.4993 sec
Elapsed time for experts 12.6336 sec
Elapsed time for households 11.0626 sec
Iteration 79
Elapsed time for kappa 35.4609 sec
Elapsed time for experts 23.6300 sec
Elapsed time for households 14.5240 sec
Iteration 80
Elapsed time for kappa 39.5627 sec
Elapsed time for experts 16.6969 sec
Elapsed time for households 14.4084 sec
Iteration 81
Elapsed time for kappa 36.3440 sec
Elapsed time for experts 13.9596 sec
Elapsed time for households 11.8893 sec
Iteration 82
Elapsed time for kappa 34.5894 sec
Elapsed time for experts 13.2246 sec
Elapsed time for households 11.7660 sec
Iteration 83
Elapsed time for kappa 34.4486 sec
Elapsed time for experts 16.9470 sec
Elapsed time for households 12.1112 sec
Iteration 84
Elapsed time for kappa 34.6576 sec
Elapsed time for experts 12.5734 sec
Elapsed time for households 11.2856 sec
Iteration 85
Elapsed time for kappa 45.9494 sec
Elapsed time for experts 17.4677 sec
Elapsed time for households 14.9348 sec
Iteration 86
Elapsed time for kappa 37.1507 sec
Elapsed time for experts 13.7745 sec
Elapsed time for households 11.6192 sec
Iteration 87
Elapsed time for kappa 35.2416 sec
Elapsed time for experts 13.7580 sec
Elapsed time for households 14.4516 sec
Iteration 88
Elapsed time for kappa 36.0194 sec
Elapsed time for experts 13.9828 sec
Elapsed time for households 14.1256 sec
Iteration 89
Elapsed time for kappa 35.8249 sec
Elapsed time for experts 14.0385 sec
Elapsed time for households 11.2039 sec
Iteration 90
Elapsed time for kappa 34.2673 sec
Elapsed time for experts 16.4000 sec
Elapsed time for households 12.6305 sec
Iteration 91
Elapsed time for kappa 50.0755 sec
Elapsed time for experts 17.5167 sec
Elapsed time for households 14.8130 sec
Iteration 92
Elapsed time for kappa 37.9202 sec
Elapsed time for experts 16.6471 sec
Elapsed time for households 13.8937 sec
Iteration 93
Elapsed time for kappa 36.6120 sec
Elapsed time for experts 17.1085 sec
Elapsed time for households 13.4404 sec
Iteration 94
Elapsed time for kappa 37.2291 sec
Elapsed time for experts 16.5270 sec
Elapsed time for households 13.2863 sec
Iteration 95
Elapsed time for kappa 36.7710 sec
Elapsed time for experts 13.2118 sec
Elapsed time for households 11.5607 sec
Iteration 96
Elapsed time for kappa 34.3491 sec
Elapsed time for experts 13.6090 sec
Elapsed time for households 11.6666 sec
Iteration 97
Elapsed time for kappa 47.2998 sec
Elapsed time for experts 14.0357 sec
Elapsed time for households 12.2792 sec
Iteration 98
Elapsed time for kappa 36.9436 sec
Elapsed time for experts 17.7035 sec
Elapsed time for households 12.6348 sec
Iteration 99
Elapsed time for kappa 36.1239 sec
Elapsed time for experts 13.7694 sec
Elapsed time for households 11.5724 sec
Iteration 100
Elapsed time for kappa 35.0817 sec
Elapsed time for experts 12.8392 sec
Elapsed time for households 11.4855 sec
Iteration 101
Elapsed time for kappa 34.2591 sec
Elapsed time for experts 13.2125 sec
Elapsed time for households 14.0412 sec
Iteration 102
Elapsed time for kappa 39.1965 sec
Elapsed time for experts 13.1337 sec
Elapsed time for households 13.6066 sec
Iteration 103
Elapsed time for kappa 46.9035 sec
Elapsed time for experts 14.8014 sec
Elapsed time for households 13.1253 sec
Iteration 104
Elapsed time for kappa 36.8126 sec
Elapsed time for experts 14.2658 sec
Elapsed time for households 12.1304 sec
Iteration 105
Elapsed time for kappa 35.5568 sec
Elapsed time for experts 13.7343 sec
Elapsed time for households 14.8041 sec
Iteration 106
Elapsed time for kappa 35.4383 sec
Elapsed time for experts 13.5711 sec
Elapsed time for households 11.8937 sec
Iteration 107
Elapsed time for kappa 34.5419 sec
Elapsed time for experts 14.1182 sec
Elapsed time for households 11.8983 sec
Iteration 108
Elapsed time for kappa 37.0218 sec
Elapsed time for experts 16.2460 sec
Elapsed time for households 13.7188 sec
Iteration 109
Elapsed time for kappa 45.8599 sec
Elapsed time for experts 14.9873 sec
Elapsed time for households 12.3365 sec
Iteration 110
Elapsed time for kappa 36.0731 sec
Elapsed time for experts 16.9919 sec
Elapsed time for households 12.7786 sec
Iteration 111
Elapsed time for kappa 36.1071 sec
Elapsed time for experts 13.6642 sec
Elapsed time for households 12.3799 sec
Iteration 112
Elapsed time for kappa 35.2989 sec
Elapsed time for experts 13.1823 sec
Elapsed time for households 11.6292 sec
Iteration 113
Elapsed time for kappa 34.0633 sec
Elapsed time for experts 15.4840 sec
Elapsed time for households 11.8836 sec
Iteration 114
Elapsed time for kappa 35.0744 sec
Elapsed time for experts 13.5824 sec
Elapsed time for households 11.3263 sec
Iteration 115
Elapsed time for kappa 46.0813 sec
Elapsed time for experts 13.9703 sec
Elapsed time for households 12.3462 sec
Iteration 116
Elapsed time for kappa 36.1581 sec
Elapsed time for experts 14.5059 sec
Elapsed time for households 12.1803 sec
Iteration 117
Elapsed time for kappa 35.8604 sec
Elapsed time for experts 13.9001 sec
Elapsed time for households 13.9864 sec
Iteration 118
Elapsed time for kappa 35.4407 sec
Elapsed time for experts 13.4647 sec
Elapsed time for households 11.8224 sec
Iteration 119
Elapsed time for kappa 35.1345 sec
Elapsed time for experts 12.8364 sec
Elapsed time for households 11.3129 sec
Iteration 120
Elapsed time for kappa 38.4306 sec
Elapsed time for experts 15.5494 sec
Elapsed time for households 23.4195 sec
Iteration 121
Elapsed time for kappa 38.9498 sec
Elapsed time for experts 17.4771 sec
Elapsed time for households 14.5160 sec
Iteration 122
Elapsed time for kappa 38.1963 sec
Elapsed time for experts 14.4483 sec
Elapsed time for households 12.5496 sec
Iteration 123
Elapsed time for kappa 35.7182 sec
Elapsed time for experts 17.6426 sec
Elapsed time for households 13.5886 sec
Iteration 124
Elapsed time for kappa 36.2401 sec
Elapsed time for experts 13.6089 sec
Elapsed time for households 13.7170 sec
Iteration 125
Elapsed time for kappa 36.6279 sec
Elapsed time for experts 13.6595 sec
Elapsed time for households 13.2955 sec
Iteration 126
Elapsed time for kappa 37.1836 sec
Elapsed time for experts 25.5593 sec
Elapsed time for households 13.1973 sec
Iteration 127
Elapsed time for kappa 38.1453 sec
Elapsed time for experts 17.0946 sec
Elapsed time for households 14.5897 sec
Iteration 128
Elapsed time for kappa 37.7232 sec
Elapsed time for experts 14.0790 sec
Elapsed time for households 13.0470 sec
Iteration 129
Elapsed time for kappa 35.5985 sec
Elapsed time for experts 13.6839 sec
Elapsed time for households 16.1973 sec
Iteration 130
Elapsed time for kappa 35.5006 sec
Elapsed time for experts 16.8558 sec
Elapsed time for households 13.6278 sec
Iteration 131
Elapsed time for kappa 36.7049 sec
Elapsed time for experts 15.9305 sec
Elapsed time for households 14.0210 sec
Iteration 132
Elapsed time for kappa 36.0360 sec
Elapsed time for experts 24.3387 sec
Elapsed time for households 13.4585 sec
Iteration 133
Elapsed time for kappa 37.4233 sec
Elapsed time for experts 13.8764 sec
Elapsed time for households 12.7491 sec
Iteration 134
Elapsed time for kappa 36.0619 sec
Elapsed time for experts 14.4385 sec
Elapsed time for households 15.0209 sec
Iteration 135
Elapsed time for kappa 36.1827 sec
Elapsed time for experts 13.5037 sec
Elapsed time for households 11.6485 sec
Iteration 136
Elapsed time for kappa 34.9837 sec
Elapsed time for experts 13.5159 sec
Elapsed time for households 14.1088 sec
Iteration 137
Elapsed time for kappa 35.5946 sec
Elapsed time for experts 12.9577 sec
Elapsed time for households 11.3599 sec
Iteration 138
Elapsed time for kappa 34.1230 sec
Elapsed time for experts 22.7761 sec
Elapsed time for households 12.9912 sec
Iteration 139
Elapsed time for kappa 37.3976 sec
Elapsed time for experts 13.5626 sec
Elapsed time for households 11.9410 sec
Iteration 140
Elapsed time for kappa 35.9257 sec
Elapsed time for experts 13.6782 sec
Elapsed time for households 11.9218 sec
Iteration 141
Elapsed time for kappa 35.5604 sec
Elapsed time for experts 12.9973 sec
Elapsed time for households 11.7016 sec
Iteration 142
Elapsed time for kappa 35.3066 sec
Elapsed time for experts 15.9125 sec
Elapsed time for households 14.3068 sec
Iteration 143
Elapsed time for kappa 39.1630 sec
Elapsed time for experts 13.4667 sec
Elapsed time for households 12.3554 sec
Iteration 144
Elapsed time for kappa 35.7303 sec
Elapsed time for experts 23.9746 sec
Elapsed time for households 13.1096 sec
Iteration 145
Elapsed time for kappa 37.1005 sec
Elapsed time for experts 14.1093 sec
Elapsed time for households 13.1060 sec
Iteration 146
Elapsed time for kappa 35.8406 sec
Elapsed time for experts 13.9431 sec
Elapsed time for households 12.8047 sec
Iteration 147
Elapsed time for kappa 35.1725 sec
Elapsed time for experts 13.6344 sec
Elapsed time for households 11.9443 sec
Iteration 148
Elapsed time for kappa 35.8020 sec
Elapsed time for experts 12.9657 sec
Elapsed time for households 14.5118 sec
Iteration 149
Elapsed time for kappa 36.6197 sec
Elapsed time for experts 16.9227 sec
Elapsed time for households 11.8878 sec
Iteration 150
Elapsed time for kappa 48.2095 sec
Elapsed time for experts 14.7728 sec
Elapsed time for households 12.2627 sec
Iteration 151
Elapsed time for kappa 36.7825 sec
Elapsed time for experts 13.9566 sec
Elapsed time for households 12.2826 sec
Iteration 152
Elapsed time for kappa 35.8887 sec
Elapsed time for experts 17.8333 sec
Elapsed time for households 12.7621 sec
Iteration 153
Elapsed time for kappa 36.2270 sec
Elapsed time for experts 13.2243 sec
Elapsed time for households 13.7906 sec
Iteration 154
Elapsed time for kappa 36.5887 sec
Elapsed time for experts 12.8996 sec
Elapsed time for households 11.4234 sec
Iteration 155
Elapsed time for kappa 35.9681 sec
Elapsed time for experts 12.6514 sec
Elapsed time for households 14.2145 sec
Iteration 156
Elapsed time for kappa 47.5316 sec
Elapsed time for experts 14.2621 sec
Elapsed time for households 12.4966 sec
Iteration 157
Elapsed time for kappa 37.1248 sec
Elapsed time for experts 14.3904 sec
Elapsed time for households 12.3195 sec
Iteration 158
Elapsed time for kappa 35.4699 sec
Elapsed time for experts 13.6827 sec
Elapsed time for households 12.1911 sec
Iteration 159
Elapsed time for kappa 35.6094 sec
Elapsed time for experts 13.6090 sec
Elapsed time for households 12.1933 sec
Iteration 160
Elapsed time for kappa 34.6152 sec
Elapsed time for experts 15.8350 sec
Elapsed time for households 12.3061 sec
Iteration 161
Elapsed time for kappa 34.5847 sec
Elapsed time for experts 16.4406 sec
Elapsed time for households 12.0593 sec
Iteration 162
Elapsed time for kappa 46.7313 sec
Elapsed time for experts 14.2973 sec
Elapsed time for households 12.6546 sec
Iteration 163
Elapsed time for kappa 36.5974 sec
Elapsed time for experts 17.0795 sec
Elapsed time for households 13.3381 sec
Iteration 164
Elapsed time for kappa 37.1426 sec
Elapsed time for experts 14.8105 sec
Elapsed time for households 11.8043 sec
Iteration 165
Elapsed time for kappa 35.4758 sec
Elapsed time for experts 13.0502 sec
Elapsed time for households 12.1056 sec
Iteration 166
Elapsed time for kappa 34.8837 sec
Elapsed time for experts 13.4253 sec
Elapsed time for households 13.9425 sec
Iteration 167
Elapsed time for kappa 35.2910 sec
Elapsed time for experts 15.6454 sec
Elapsed time for households 13.4061 sec
Iteration 168
Elapsed time for kappa 48.1780 sec
Elapsed time for experts 15.3343 sec
Elapsed time for households 12.4764 sec
Iteration 169
Elapsed time for kappa 36.8092 sec
Elapsed time for experts 14.8064 sec
Elapsed time for households 12.7510 sec
Iteration 170
Elapsed time for kappa 36.0462 sec
Elapsed time for experts 13.4401 sec
Elapsed time for households 12.4737 sec
Iteration 171
Elapsed time for kappa 35.1659 sec
Elapsed time for experts 13.1323 sec
Elapsed time for households 11.9016 sec
Iteration 172
Elapsed time for kappa 36.1636 sec
Elapsed time for experts 13.1048 sec
Elapsed time for households 11.6310 sec
Iteration 173
Elapsed time for kappa 34.3288 sec
Elapsed time for experts 12.9669 sec
Elapsed time for households 11.4855 sec
Iteration 174
Elapsed time for kappa 46.0162 sec
Elapsed time for experts 14.6605 sec
Elapsed time for households 12.4282 sec
Iteration 175
Elapsed time for kappa 42.6078 sec
Elapsed time for experts 16.6015 sec
Elapsed time for households 14.6798 sec
Iteration 176
Elapsed time for kappa 37.2850 sec
Elapsed time for experts 13.3450 sec
Elapsed time for households 12.3182 sec
Iteration 177
Elapsed time for kappa 35.4284 sec
Elapsed time for experts 13.0821 sec
Elapsed time for households 14.8575 sec
Iteration 178
Elapsed time for kappa 35.5272 sec
Elapsed time for experts 16.2923 sec
Elapsed time for households 12.5086 sec
Iteration 179
Elapsed time for kappa 37.9816 sec
Elapsed time for experts 14.0192 sec
Elapsed time for households 13.6163 sec
Iteration 180
Elapsed time for kappa 51.0618 sec
Elapsed time for experts 17.2160 sec
Elapsed time for households 14.9314 sec
Iteration 181
Elapsed time for kappa 39.0785 sec
Elapsed time for experts 16.8379 sec
Elapsed time for households 14.9521 sec
Iteration 182
Elapsed time for kappa 37.9334 sec
Elapsed time for experts 14.0033 sec
Elapsed time for households 11.8519 sec
Iteration 183
Elapsed time for kappa 38.7487 sec
Elapsed time for experts 16.0244 sec
Elapsed time for households 12.5723 sec
Iteration 184
Elapsed time for kappa 36.7062 sec
Elapsed time for experts 13.4806 sec
Elapsed time for households 11.7034 sec
Iteration 185
Elapsed time for kappa 36.1973 sec
Elapsed time for experts 12.6211 sec
Elapsed time for households 11.3756 sec
Iteration 186
Elapsed time for kappa 48.6304 sec
Elapsed time for experts 14.3224 sec
Elapsed time for households 12.9273 sec
Iteration 187
Elapsed time for kappa 41.7289 sec
Elapsed time for experts 17.6513 sec
Elapsed time for households 14.1684 sec
Iteration 188
Elapsed time for kappa 37.6738 sec
Elapsed time for experts 17.1022 sec
Elapsed time for households 12.7602 sec
Iteration 189
Elapsed time for kappa 36.0042 sec
Elapsed time for experts 16.9279 sec
Elapsed time for households 13.8646 sec
Iteration 190
Elapsed time for kappa 36.7507 sec
Elapsed time for experts 13.8744 sec
Elapsed time for households 13.8180 sec
Iteration 191
Elapsed time for kappa 35.7387 sec
Elapsed time for experts 24.2046 sec
Elapsed time for households 17.3535 sec
Iteration 192
Elapsed time for kappa 43.1244 sec
Elapsed time for experts 17.6346 sec
Elapsed time for households 13.9997 sec
Iteration 193
Elapsed time for kappa 37.5464 sec
Elapsed time for experts 13.9125 sec
Elapsed time for households 12.1805 sec
Iteration 194
Elapsed time for kappa 36.6030 sec
Elapsed time for experts 13.8269 sec
Elapsed time for households 12.9037 sec
Iteration 195
Elapsed time for kappa 35.6715 sec
Elapsed time for experts 13.0719 sec
Elapsed time for households 11.7901 sec
Iteration 196
Elapsed time for kappa 34.7833 sec
Elapsed time for experts 13.2283 sec
Elapsed time for households 14.1300 sec
Iteration 197
Elapsed time for kappa 35.4739 sec
Elapsed time for experts 12.7933 sec
Elapsed time for households 22.4352 sec
Iteration 198
Elapsed time for kappa 37.7259 sec
Elapsed time for experts 18.3067 sec
Elapsed time for households 14.4887 sec
Iteration 199
Elapsed time for kappa 38.8183 sec
Elapsed time for experts 14.1519 sec
Elapsed time for households 12.4568 sec
Iteration 200
Elapsed time for kappa 36.3696 sec
Elapsed time for experts 13.5778 sec
Elapsed time for households 12.5255 sec
Iteration 201
Elapsed time for kappa 35.8359 sec
Elapsed time for experts 13.4808 sec
Elapsed time for households 12.1940 sec
Iteration 202
Elapsed time for kappa 34.2698 sec
Elapsed time for experts 12.6983 sec
Elapsed time for households 11.5790 sec
Iteration 203
Elapsed time for kappa 33.7548 sec
Elapsed time for experts 13.1439 sec
Elapsed time for households 21.5143 sec
Iteration 204
Elapsed time for kappa 38.1336 sec
Elapsed time for experts 14.2853 sec
Elapsed time for households 12.5575 sec
Iteration 205
Elapsed time for kappa 37.0803 sec
Elapsed time for experts 13.9262 sec
Elapsed time for households 12.3441 sec
Iteration 206
Elapsed time for kappa 36.3214 sec
Elapsed time for experts 13.5376 sec
Elapsed time for households 11.8692 sec
Iteration 207
Elapsed time for kappa 35.6489 sec
Elapsed time for experts 13.5911 sec
Elapsed time for households 11.9639 sec
Iteration 208
Elapsed time for kappa 35.1900 sec
Elapsed time for experts 13.6411 sec
Elapsed time for households 11.6620 sec
Iteration 209
Elapsed time for kappa 33.9415 sec
Elapsed time for experts 13.6191 sec
Elapsed time for households 11.7643 sec
Iteration 210
Elapsed time for kappa 53.1604 sec
Elapsed time for experts 15.5624 sec
Elapsed time for households 15.0284 sec
Iteration 211
Elapsed time for kappa 39.5119 sec
Elapsed time for experts 13.6168 sec
Elapsed time for households 12.2773 sec
Iteration 212
Elapsed time for kappa 37.3890 sec
Elapsed time for experts 17.3861 sec
Elapsed time for households 13.2843 sec
Iteration 213
Elapsed time for kappa 39.2965 sec
Elapsed time for experts 14.9911 sec
Elapsed time for households 14.4571 sec
Iteration 214
Elapsed time for kappa 36.7144 sec
Elapsed time for experts 13.4113 sec
Elapsed time for households 11.8771 sec
Iteration 215
Elapsed time for kappa 34.8113 sec
Elapsed time for experts 16.7434 sec
Elapsed time for households 12.9340 sec
Iteration 216
Elapsed time for kappa 50.1727 sec
Elapsed time for experts 17.5980 sec
Elapsed time for households 14.7077 sec
Iteration 217
Elapsed time for kappa 39.8702 sec
Elapsed time for experts 13.9628 sec
Elapsed time for households 13.0369 sec
Iteration 218
Elapsed time for kappa 37.5067 sec
Elapsed time for experts 13.7057 sec
Elapsed time for households 12.0481 sec
Iteration 219
Elapsed time for kappa 38.2939 sec
Elapsed time for experts 14.1733 sec
Elapsed time for households 11.9051 sec
Iteration 220
Elapsed time for kappa 37.3071 sec
Elapsed time for experts 13.5153 sec
Elapsed time for households 11.7937 sec
Iteration 221
Elapsed time for kappa 35.7147 sec
Elapsed time for experts 14.0345 sec
Elapsed time for households 22.8215 sec
Iteration 222
Elapsed time for kappa 43.9332 sec
Elapsed time for experts 15.0508 sec
Elapsed time for households 13.5989 sec
Iteration 223
Elapsed time for kappa 38.3743 sec
Elapsed time for experts 15.2054 sec
Elapsed time for households 12.6552 sec
Iteration 224
Elapsed time for kappa 37.0484 sec
Elapsed time for experts 13.9069 sec
Elapsed time for households 13.8185 sec
Iteration 225
Elapsed time for kappa 35.9469 sec
Elapsed time for experts 13.2820 sec
Elapsed time for households 14.0552 sec
Iteration 226
Elapsed time for kappa 35.7702 sec
Elapsed time for experts 15.6058 sec
Elapsed time for households 11.9307 sec
Iteration 227
Elapsed time for kappa 34.3179 sec
Elapsed time for experts 13.6045 sec
Elapsed time for households 11.5416 sec
Iteration 228
Elapsed time for kappa 47.2276 sec
Elapsed time for experts 16.0912 sec
Elapsed time for households 12.6074 sec
Iteration 229
Elapsed time for kappa 37.7249 sec
Elapsed time for experts 14.4408 sec
Elapsed time for households 12.3598 sec
Iteration 230
Elapsed time for kappa 41.1105 sec
Elapsed time for experts 14.2827 sec
Elapsed time for households 15.0283 sec
Iteration 231
Elapsed time for kappa 38.7589 sec
Elapsed time for experts 13.7196 sec
Elapsed time for households 14.1286 sec
Iteration 232
Elapsed time for kappa 36.8391 sec
Elapsed time for experts 13.3366 sec
Elapsed time for households 11.7143 sec
Iteration 233
Elapsed time for kappa 34.5541 sec
Elapsed time for experts 14.3963 sec
Elapsed time for households 21.1736 sec
Iteration 234
Elapsed time for kappa 38.9000 sec
Elapsed time for experts 17.6285 sec
Elapsed time for households 14.2189 sec
Iteration 235
Elapsed time for kappa 39.3587 sec
Elapsed time for experts 14.4921 sec
Elapsed time for households 13.1012 sec
Iteration 236
Elapsed time for kappa 36.8243 sec
Elapsed time for experts 13.8929 sec
Elapsed time for households 12.0567 sec
Iteration 237
Elapsed time for kappa 35.9059 sec
Elapsed time for experts 17.7698 sec
Elapsed time for households 12.2108 sec
Iteration 238
Elapsed time for kappa 35.1150 sec
Elapsed time for experts 12.8126 sec
Elapsed time for households 11.4526 sec
Iteration 239
Elapsed time for kappa 34.0252 sec
Elapsed time for experts 12.8643 sec
Elapsed time for households 21.8847 sec
Iteration 240
Elapsed time for kappa 38.7824 sec
Elapsed time for experts 17.3315 sec
Elapsed time for households 15.0258 sec
Iteration 241
Elapsed time for kappa 38.2387 sec
Elapsed time for experts 17.8484 sec
Elapsed time for households 14.0210 sec
Iteration 242
Elapsed time for kappa 38.1932 sec
Elapsed time for experts 13.7509 sec
Elapsed time for households 12.1823 sec
Iteration 243
Elapsed time for kappa 39.8146 sec
Elapsed time for experts 13.6789 sec
Elapsed time for households 14.6060 sec
Iteration 244
Elapsed time for kappa 37.4114 sec
Elapsed time for experts 12.9671 sec
Elapsed time for households 13.7425 sec
Iteration 245
Elapsed time for kappa 35.2257 sec
Elapsed time for experts 13.6338 sec
Elapsed time for households 22.4390 sec
Iteration 246
Elapsed time for kappa 38.9450 sec
Elapsed time for experts 18.0057 sec
Elapsed time for households 13.3961 sec
Iteration 247
Elapsed time for kappa 40.6152 sec
Elapsed time for experts 13.8377 sec
Elapsed time for households 14.7229 sec
Iteration 248
Elapsed time for kappa 37.1480 sec
Elapsed time for experts 16.9902 sec
Elapsed time for households 14.4214 sec
Iteration 249
Elapsed time for kappa 36.3314 sec
Elapsed time for experts 16.5438 sec
Elapsed time for households 13.6190 sec
Iteration 250
Elapsed time for kappa 35.7496 sec
Elapsed time for experts 12.5426 sec
Elapsed time for households 12.3261 sec
Iteration 251
Elapsed time for kappa 34.8405 sec
Elapsed time for experts 12.3496 sec
Elapsed time for households 11.2247 sec
Iteration 252
Elapsed time for kappa 45.7304 sec
Elapsed time for experts 13.6402 sec
Elapsed time for households 11.5852 sec
Iteration 253
Elapsed time for kappa 33.9521 sec
Elapsed time for experts 12.5494 sec
Elapsed time for households 11.3443 sec
Iteration 254
Elapsed time for kappa 33.6956 sec
Elapsed time for experts 13.0696 sec
Elapsed time for households 10.9865 sec
Iteration 255
Elapsed time for kappa 33.5172 sec
Elapsed time for experts 12.2039 sec
Elapsed time for households 11.1389 sec
Iteration 256
Elapsed time for kappa 32.5530 sec
Elapsed time for experts 12.3385 sec
Elapsed time for households 10.8645 sec
Iteration 257
Elapsed time for kappa 32.0279 sec
Elapsed time for experts 12.9326 sec
Elapsed time for households 10.4601 sec
Iteration 258
Elapsed time for kappa 41.7448 sec
Elapsed time for experts 12.7103 sec
Elapsed time for households 11.4069 sec
Iteration 259
Elapsed time for kappa 33.2397 sec
Elapsed time for experts 12.3358 sec
Elapsed time for households 10.9026 sec
Iteration 260
Elapsed time for kappa 32.8520 sec
Elapsed time for experts 12.1113 sec
Elapsed time for households 10.8502 sec
Iteration 261
Elapsed time for kappa 32.5386 sec
Elapsed time for experts 12.7351 sec
Elapsed time for households 10.9893 sec
Iteration 262
Elapsed time for kappa 31.8835 sec
Elapsed time for experts 12.8159 sec
Elapsed time for households 10.6001 sec
Iteration 263
Elapsed time for kappa 31.3810 sec
Elapsed time for experts 11.4950 sec
Elapsed time for households 18.0139 sec
Iteration 264
Elapsed time for kappa 33.7736 sec
Elapsed time for experts 12.3338 sec
Elapsed time for households 11.2096 sec
Iteration 265
Elapsed time for kappa 32.5877 sec
Elapsed time for experts 11.9503 sec
Elapsed time for households 10.9816 sec
Iteration 266
Elapsed time for kappa 32.3547 sec
Elapsed time for experts 12.2582 sec
Elapsed time for households 10.9134 sec
Iteration 267
Elapsed time for kappa 31.8823 sec
Elapsed time for experts 14.7203 sec
Elapsed time for households 11.0706 sec
Iteration 268
Elapsed time for kappa 34.6020 sec
Elapsed time for experts 13.7323 sec
Elapsed time for households 10.9578 sec
Iteration 269
Elapsed time for kappa 33.6178 sec
Elapsed time for experts 14.0084 sec
Elapsed time for households 11.9254 sec
Iteration 270
Elapsed time for kappa 44.1160 sec
Elapsed time for experts 13.0044 sec
Elapsed time for households 13.4175 sec
Iteration 271
Elapsed time for kappa 35.1288 sec
Elapsed time for experts 12.4156 sec
Elapsed time for households 10.7327 sec
Iteration 272
Elapsed time for kappa 32.4952 sec
Elapsed time for experts 11.8234 sec
Elapsed time for households 10.6960 sec
Iteration 273
Elapsed time for kappa 31.5612 sec
Elapsed time for experts 12.0669 sec
Elapsed time for households 10.6721 sec
Iteration 274
Elapsed time for kappa 31.5519 sec
Elapsed time for experts 12.2637 sec
Elapsed time for households 10.6923 sec
Iteration 275
Elapsed time for kappa 30.7898 sec
Elapsed time for experts 11.8805 sec
Elapsed time for households 17.6380 sec
Iteration 276
Elapsed time for kappa 32.8089 sec
Elapsed time for experts 12.3237 sec
Elapsed time for households 10.8579 sec
Iteration 277
Elapsed time for kappa 35.2950 sec
Elapsed time for experts 11.9401 sec
Elapsed time for households 11.8864 sec
Iteration 278
Elapsed time for kappa 34.2919 sec
Elapsed time for experts 11.9177 sec
Elapsed time for households 10.5153 sec
Iteration 279
Elapsed time for kappa 30.8158 sec
Elapsed time for experts 14.1936 sec
Elapsed time for households 10.9077 sec
Iteration 280
Elapsed time for kappa 31.8611 sec
Elapsed time for experts 11.8263 sec
Elapsed time for households 12.8289 sec
Iteration 281
Elapsed time for kappa 32.3348 sec
Elapsed time for experts 11.3349 sec
Elapsed time for households 10.2282 sec
Iteration 282
Elapsed time for kappa 40.7255 sec
Elapsed time for experts 15.2337 sec
Elapsed time for households 11.6589 sec
Iteration 283
Elapsed time for kappa 33.0704 sec
Elapsed time for experts 14.8231 sec
Elapsed time for households 11.0524 sec
Iteration 284
Elapsed time for kappa 32.1146 sec
Elapsed time for experts 12.2261 sec
Elapsed time for households 11.7108 sec
Iteration 285
Elapsed time for kappa 35.8267 sec
Elapsed time for experts 11.8444 sec
Elapsed time for households 10.6119 sec
Iteration 286
Elapsed time for kappa 32.0912 sec
Elapsed time for experts 13.7077 sec
Elapsed time for households 12.4152 sec
Iteration 287
Elapsed time for kappa 30.8561 sec
Elapsed time for experts 12.8802 sec
Elapsed time for households 10.0106 sec
Iteration 288
Elapsed time for kappa 42.8347 sec
Elapsed time for experts 12.5442 sec
Elapsed time for households 11.6157 sec
Iteration 289
Elapsed time for kappa 35.5903 sec
Elapsed time for experts 11.7518 sec
Elapsed time for households 10.6430 sec
Iteration 290
Elapsed time for kappa 34.5249 sec
Elapsed time for experts 15.0073 sec
Elapsed time for households 11.3057 sec
Iteration 291
Elapsed time for kappa 31.7364 sec
Elapsed time for experts 11.8607 sec
Elapsed time for households 10.2351 sec
Iteration 292
Elapsed time for kappa 29.9951 sec
Elapsed time for experts 11.2225 sec
Elapsed time for households 12.3490 sec
Iteration 293
Elapsed time for kappa 32.1202 sec
Elapsed time for experts 11.2578 sec
Elapsed time for households 20.8803 sec
Iteration 294
Elapsed time for kappa 31.4819 sec
Elapsed time for experts 11.8458 sec
Elapsed time for households 10.7963 sec
Iteration 295
Elapsed time for kappa 30.4799 sec
Elapsed time for experts 12.4769 sec
Elapsed time for households 10.1658 sec
Iteration 296
Elapsed time for kappa 30.4571 sec
Elapsed time for experts 12.1067 sec
Elapsed time for households 12.4688 sec
Iteration 297
Elapsed time for kappa 30.3501 sec
Elapsed time for experts 12.3576 sec
Elapsed time for households 10.1106 sec
Iteration 298
Elapsed time for kappa 29.8791 sec
Elapsed time for experts 11.3486 sec
Elapsed time for households 9.8060 sec
Iteration 299
Elapsed time for kappa 29.4023 sec
Elapsed time for experts 11.2982 sec
Elapsed time for households 9.9140 sec
Elapsed time for training 19402.5803 sec
