Iteration 0
Elapsed time for kappa 67.6002 sec
Elapsed time for experts 19.4527 sec
Elapsed time for households 14.8979 sec
Iteration 1
Elapsed time for kappa 31.9391 sec
Elapsed time for experts 13.7586 sec
Elapsed time for households 12.6920 sec
Iteration 2
Elapsed time for kappa 31.7728 sec
Elapsed time for experts 14.7054 sec
Elapsed time for households 12.6865 sec
Iteration 3
Elapsed time for kappa 35.4151 sec
Elapsed time for experts 14.7690 sec
Elapsed time for households 12.5562 sec
Iteration 4
Elapsed time for kappa 32.2162 sec
Elapsed time for experts 14.4528 sec
Elapsed time for households 12.4898 sec
Iteration 5
Elapsed time for kappa 31.8200 sec
Elapsed time for experts 15.3940 sec
Elapsed time for households 13.0877 sec
Iteration 6
Elapsed time for kappa 32.5876 sec
Elapsed time for experts 13.7964 sec
Elapsed time for households 14.2948 sec
Iteration 7
Elapsed time for kappa 35.6760 sec
Elapsed time for experts 14.6951 sec
Elapsed time for households 12.5923 sec
Iteration 8
Elapsed time for kappa 35.9161 sec
Elapsed time for experts 13.9662 sec
Elapsed time for households 19.9656 sec
Iteration 9
Elapsed time for kappa 36.9703 sec
Elapsed time for experts 14.4919 sec
Elapsed time for households 13.0983 sec
Iteration 10
Elapsed time for kappa 34.9452 sec
Elapsed time for experts 15.2166 sec
Elapsed time for households 13.1965 sec
Iteration 11
Elapsed time for kappa 36.9258 sec
Elapsed time for experts 13.5584 sec
Elapsed time for households 13.3573 sec
Iteration 12
Elapsed time for kappa 35.8575 sec
Elapsed time for experts 15.7860 sec
Elapsed time for households 14.2510 sec
Iteration 13
Elapsed time for kappa 36.3495 sec
Elapsed time for experts 14.6060 sec
Elapsed time for households 12.4294 sec
Iteration 14
Elapsed time for kappa 34.0799 sec
Elapsed time for experts 13.7055 sec
Elapsed time for households 12.5363 sec
Iteration 15
Elapsed time for kappa 40.7368 sec
Elapsed time for experts 17.5413 sec
Elapsed time for households 13.0050 sec
Iteration 16
Elapsed time for kappa 33.0295 sec
Elapsed time for experts 14.1100 sec
Elapsed time for households 12.3295 sec
Iteration 17
Elapsed time for kappa 32.6861 sec
Elapsed time for experts 15.0481 sec
Elapsed time for households 12.5985 sec
Iteration 18
Elapsed time for kappa 35.4727 sec
Elapsed time for experts 14.5009 sec
Elapsed time for households 12.2887 sec
Iteration 19
Elapsed time for kappa 33.9141 sec
Elapsed time for experts 15.4731 sec
Elapsed time for households 12.5159 sec
Iteration 20
Elapsed time for kappa 34.3623 sec
Elapsed time for experts 13.6481 sec
Elapsed time for households 18.9891 sec
Iteration 21
Elapsed time for kappa 36.5350 sec
Elapsed time for experts 14.5345 sec
Elapsed time for households 12.9630 sec
Iteration 22
Elapsed time for kappa 36.8218 sec
Elapsed time for experts 13.8800 sec
Elapsed time for households 12.8088 sec
Iteration 23
Elapsed time for kappa 36.2366 sec
Elapsed time for experts 14.8784 sec
Elapsed time for households 12.4903 sec
Iteration 24
Elapsed time for kappa 36.1523 sec
Elapsed time for experts 13.7249 sec
Elapsed time for households 12.4315 sec
Iteration 25
Elapsed time for kappa 34.6576 sec
Elapsed time for experts 13.8411 sec
Elapsed time for households 12.1911 sec
Iteration 26
Elapsed time for kappa 31.3016 sec
Elapsed time for experts 21.1393 sec
Elapsed time for households 13.2813 sec
Iteration 27
Elapsed time for kappa 33.1498 sec
Elapsed time for experts 14.0955 sec
Elapsed time for households 12.6123 sec
Iteration 28
Elapsed time for kappa 32.5610 sec
Elapsed time for experts 13.9456 sec
Elapsed time for households 12.3824 sec
Iteration 29
Elapsed time for kappa 31.8676 sec
Elapsed time for experts 13.6023 sec
Elapsed time for households 12.4630 sec
Iteration 30
Elapsed time for kappa 31.7318 sec
Elapsed time for experts 13.8296 sec
Elapsed time for households 12.3091 sec
Iteration 31
Elapsed time for kappa 31.5745 sec
Elapsed time for experts 13.8543 sec
Elapsed time for households 11.1876 sec
Iteration 32
Elapsed time for kappa 31.4421 sec
Elapsed time for experts 21.1306 sec
Elapsed time for households 13.2980 sec
Iteration 33
Elapsed time for kappa 32.8252 sec
Elapsed time for experts 14.1514 sec
Elapsed time for households 12.6843 sec
Iteration 34
Elapsed time for kappa 32.1050 sec
Elapsed time for experts 13.9472 sec
Elapsed time for households 11.0760 sec
Iteration 35
Elapsed time for kappa 31.9321 sec
Elapsed time for experts 13.9439 sec
Elapsed time for households 12.9415 sec
Iteration 36
Elapsed time for kappa 33.4293 sec
Elapsed time for experts 14.3037 sec
Elapsed time for households 12.3030 sec
Iteration 37
Elapsed time for kappa 33.1762 sec
Elapsed time for experts 14.3981 sec
Elapsed time for households 13.2163 sec
Iteration 38
Elapsed time for kappa 32.9882 sec
Elapsed time for experts 22.7397 sec
Elapsed time for households 14.2431 sec
Iteration 39
Elapsed time for kappa 34.6535 sec
Elapsed time for experts 15.0960 sec
Elapsed time for households 11.3426 sec
Iteration 40
Elapsed time for kappa 34.3595 sec
Elapsed time for experts 14.9406 sec
Elapsed time for households 13.3196 sec
Iteration 41
Elapsed time for kappa 33.7278 sec
Elapsed time for experts 14.8442 sec
Elapsed time for households 12.3761 sec
Iteration 42
Elapsed time for kappa 32.2259 sec
Elapsed time for experts 14.0702 sec
Elapsed time for households 12.3403 sec
Iteration 43
Elapsed time for kappa 31.8316 sec
Elapsed time for experts 13.6903 sec
Elapsed time for households 11.4424 sec
Iteration 44
Elapsed time for kappa 41.4477 sec
Elapsed time for experts 15.3560 sec
Elapsed time for households 11.7684 sec
Iteration 45
Elapsed time for kappa 33.4540 sec
Elapsed time for experts 14.4889 sec
Elapsed time for households 12.8452 sec
Iteration 46
Elapsed time for kappa 32.5629 sec
Elapsed time for experts 13.9725 sec
Elapsed time for households 10.7278 sec
Iteration 47
Elapsed time for kappa 32.0595 sec
Elapsed time for experts 14.0079 sec
Elapsed time for households 11.5000 sec
Iteration 48
Elapsed time for kappa 32.8998 sec
Elapsed time for experts 13.9112 sec
Elapsed time for households 11.0934 sec
Iteration 49
Elapsed time for kappa 32.3491 sec
Elapsed time for experts 13.8560 sec
Elapsed time for households 11.8818 sec
Iteration 50
Elapsed time for kappa 41.9115 sec
Elapsed time for experts 15.3319 sec
Elapsed time for households 11.4696 sec
Iteration 51
Elapsed time for kappa 33.6504 sec
Elapsed time for experts 14.5066 sec
Elapsed time for households 12.2470 sec
Iteration 52
Elapsed time for kappa 32.9011 sec
Elapsed time for experts 14.5540 sec
Elapsed time for households 11.6595 sec
Iteration 53
Elapsed time for kappa 32.7718 sec
Elapsed time for experts 14.0090 sec
Elapsed time for households 11.8775 sec
Iteration 54
Elapsed time for kappa 32.3510 sec
Elapsed time for experts 13.7904 sec
Elapsed time for households 11.4589 sec
Iteration 55
Elapsed time for kappa 32.5437 sec
Elapsed time for experts 13.9133 sec
Elapsed time for households 11.2986 sec
Iteration 56
Elapsed time for kappa 42.1482 sec
Elapsed time for experts 14.2376 sec
Elapsed time for households 11.9601 sec
Iteration 57
Elapsed time for kappa 33.4478 sec
Elapsed time for experts 14.3760 sec
Elapsed time for households 13.1574 sec
Iteration 58
Elapsed time for kappa 33.2769 sec
Elapsed time for experts 14.5832 sec
Elapsed time for households 11.9902 sec
Iteration 59
Elapsed time for kappa 32.8490 sec
Elapsed time for experts 14.3565 sec
Elapsed time for households 12.6554 sec
Iteration 60
Elapsed time for kappa 32.2107 sec
Elapsed time for experts 13.2107 sec
Elapsed time for households 11.0622 sec
Iteration 61
Elapsed time for kappa 32.1123 sec
Elapsed time for experts 14.0957 sec
Elapsed time for households 10.5448 sec
Iteration 62
Elapsed time for kappa 41.9450 sec
Elapsed time for experts 15.3335 sec
Elapsed time for households 12.6069 sec
Iteration 63
Elapsed time for kappa 33.7044 sec
Elapsed time for experts 13.4466 sec
Elapsed time for households 11.1689 sec
Iteration 64
Elapsed time for kappa 32.7655 sec
Elapsed time for experts 13.9806 sec
Elapsed time for households 10.9744 sec
Iteration 65
Elapsed time for kappa 32.7721 sec
Elapsed time for experts 13.8312 sec
Elapsed time for households 11.2683 sec
Iteration 66
Elapsed time for kappa 33.6027 sec
Elapsed time for experts 13.8421 sec
Elapsed time for households 10.8927 sec
Iteration 67
Elapsed time for kappa 32.0624 sec
Elapsed time for experts 12.4934 sec
Elapsed time for households 11.3787 sec
Iteration 68
Elapsed time for kappa 41.3963 sec
Elapsed time for experts 15.2753 sec
Elapsed time for households 11.6180 sec
Iteration 69
Elapsed time for kappa 33.4017 sec
Elapsed time for experts 14.5087 sec
Elapsed time for households 11.6244 sec
Iteration 70
Elapsed time for kappa 32.0460 sec
Elapsed time for experts 14.0958 sec
Elapsed time for households 10.9258 sec
Iteration 71
Elapsed time for kappa 32.4174 sec
Elapsed time for experts 14.0926 sec
Elapsed time for households 11.1521 sec
Iteration 72
Elapsed time for kappa 32.3359 sec
Elapsed time for experts 14.2099 sec
Elapsed time for households 10.7317 sec
Iteration 73
Elapsed time for kappa 32.3225 sec
Elapsed time for experts 14.0672 sec
Elapsed time for households 10.6824 sec
Iteration 74
Elapsed time for kappa 39.9752 sec
Elapsed time for experts 14.5753 sec
Elapsed time for households 12.1125 sec
Iteration 75
Elapsed time for kappa 33.3197 sec
Elapsed time for experts 14.4660 sec
Elapsed time for households 11.4527 sec
Iteration 76
Elapsed time for kappa 32.7464 sec
Elapsed time for experts 12.7725 sec
Elapsed time for households 10.8328 sec
Iteration 77
Elapsed time for kappa 31.9497 sec
Elapsed time for experts 12.1430 sec
Elapsed time for households 10.4831 sec
Iteration 78
Elapsed time for kappa 32.0469 sec
Elapsed time for experts 12.8707 sec
Elapsed time for households 10.6328 sec
Iteration 79
Elapsed time for kappa 31.1673 sec
Elapsed time for experts 13.6867 sec
Elapsed time for households 10.8764 sec
Iteration 80
Elapsed time for kappa 39.7605 sec
Elapsed time for experts 14.5280 sec
Elapsed time for households 11.7850 sec
Iteration 81
Elapsed time for kappa 32.0454 sec
Elapsed time for experts 14.1100 sec
Elapsed time for households 10.8238 sec
Iteration 82
Elapsed time for kappa 31.9329 sec
Elapsed time for experts 13.8786 sec
Elapsed time for households 10.3904 sec
Iteration 83
Elapsed time for kappa 31.1779 sec
Elapsed time for experts 13.7082 sec
Elapsed time for households 10.4938 sec
Iteration 84
Elapsed time for kappa 31.5084 sec
Elapsed time for experts 13.5288 sec
Elapsed time for households 10.0512 sec
Iteration 85
Elapsed time for kappa 30.9362 sec
Elapsed time for experts 13.6947 sec
Elapsed time for households 17.0405 sec
Iteration 86
Elapsed time for kappa 32.2473 sec
Elapsed time for experts 14.4614 sec
Elapsed time for households 10.7785 sec
Iteration 87
Elapsed time for kappa 31.9025 sec
Elapsed time for experts 13.9824 sec
Elapsed time for households 11.9206 sec
Iteration 88
Elapsed time for kappa 31.3165 sec
Elapsed time for experts 13.8953 sec
Elapsed time for households 11.0283 sec
Iteration 89
Elapsed time for kappa 31.6397 sec
Elapsed time for experts 13.8686 sec
Elapsed time for households 11.6464 sec
Iteration 90
Elapsed time for kappa 31.0777 sec
Elapsed time for experts 13.4783 sec
Elapsed time for households 10.4650 sec
Iteration 91
Elapsed time for kappa 31.3856 sec
Elapsed time for experts 20.7356 sec
Elapsed time for households 12.0337 sec
Iteration 92
Elapsed time for kappa 31.8724 sec
Elapsed time for experts 14.2180 sec
Elapsed time for households 10.6592 sec
Iteration 93
Elapsed time for kappa 31.4504 sec
Elapsed time for experts 13.6825 sec
Elapsed time for households 11.8224 sec
Iteration 94
Elapsed time for kappa 30.9325 sec
Elapsed time for experts 13.8147 sec
Elapsed time for households 10.3937 sec
Iteration 95
Elapsed time for kappa 30.6149 sec
Elapsed time for experts 11.9826 sec
Elapsed time for households 10.1572 sec
Iteration 96
Elapsed time for kappa 30.4138 sec
Elapsed time for experts 12.3638 sec
Elapsed time for households 11.8225 sec
Iteration 97
Elapsed time for kappa 31.1093 sec
Elapsed time for experts 13.4568 sec
Elapsed time for households 18.1641 sec
Iteration 98
Elapsed time for kappa 31.8809 sec
Elapsed time for experts 13.8767 sec
Elapsed time for households 10.9997 sec
Iteration 99
Elapsed time for kappa 30.7275 sec
Elapsed time for experts 12.6469 sec
Elapsed time for households 11.3541 sec
Iteration 100
Elapsed time for kappa 30.3368 sec
Elapsed time for experts 13.6581 sec
Elapsed time for households 10.5463 sec
Iteration 101
Elapsed time for kappa 30.2247 sec
Elapsed time for experts 13.5915 sec
Elapsed time for households 10.1727 sec
Iteration 102
Elapsed time for kappa 30.7222 sec
Elapsed time for experts 12.3984 sec
Elapsed time for households 10.9322 sec
Iteration 103
Elapsed time for kappa 30.5697 sec
Elapsed time for experts 13.5733 sec
Elapsed time for households 16.9936 sec
Iteration 104
Elapsed time for kappa 31.9138 sec
Elapsed time for experts 14.2350 sec
Elapsed time for households 10.8864 sec
Iteration 105
Elapsed time for kappa 31.0859 sec
Elapsed time for experts 13.9841 sec
Elapsed time for households 11.1793 sec
Iteration 106
Elapsed time for kappa 30.4832 sec
Elapsed time for experts 12.5087 sec
Elapsed time for households 10.9863 sec
Iteration 107
Elapsed time for kappa 30.2794 sec
Elapsed time for experts 13.4915 sec
Elapsed time for households 11.2562 sec
Iteration 108
Elapsed time for kappa 29.8052 sec
Elapsed time for experts 11.4828 sec
Elapsed time for households 10.5556 sec
Iteration 109
Elapsed time for kappa 30.6611 sec
Elapsed time for experts 13.3399 sec
Elapsed time for households 10.0482 sec
Iteration 110
Elapsed time for kappa 37.7464 sec
Elapsed time for experts 13.1559 sec
Elapsed time for households 10.8238 sec
Iteration 111
Elapsed time for kappa 30.5599 sec
Elapsed time for experts 13.8692 sec
Elapsed time for households 11.3298 sec
Iteration 112
Elapsed time for kappa 30.1699 sec
Elapsed time for experts 12.3500 sec
Elapsed time for households 10.6933 sec
Iteration 113
Elapsed time for kappa 29.9902 sec
Elapsed time for experts 13.4789 sec
Elapsed time for households 11.0721 sec
Iteration 114
Elapsed time for kappa 30.1259 sec
Elapsed time for experts 12.0545 sec
Elapsed time for households 10.8298 sec
Iteration 115
Elapsed time for kappa 29.3488 sec
Elapsed time for experts 11.8980 sec
Elapsed time for households 16.1507 sec
Iteration 116
Elapsed time for kappa 30.9439 sec
Elapsed time for experts 13.8934 sec
Elapsed time for households 10.5879 sec
Iteration 117
Elapsed time for kappa 30.3108 sec
Elapsed time for experts 13.6535 sec
Elapsed time for households 11.4705 sec
Iteration 118
Elapsed time for kappa 29.4867 sec
Elapsed time for experts 13.3352 sec
Elapsed time for households 10.3359 sec
Iteration 119
Elapsed time for kappa 29.2457 sec
Elapsed time for experts 13.2387 sec
Elapsed time for households 10.1379 sec
Iteration 120
Elapsed time for kappa 29.4027 sec
Elapsed time for experts 13.1997 sec
Elapsed time for households 10.1092 sec
Iteration 121
Elapsed time for kappa 29.8552 sec
Elapsed time for experts 13.1360 sec
Elapsed time for households 16.8107 sec
Iteration 122
Elapsed time for kappa 30.9152 sec
Elapsed time for experts 13.8221 sec
Elapsed time for households 10.3851 sec
Iteration 123
Elapsed time for kappa 30.1136 sec
Elapsed time for experts 12.2989 sec
Elapsed time for households 10.5740 sec
Iteration 124
Elapsed time for kappa 29.7263 sec
Elapsed time for experts 13.5765 sec
Elapsed time for households 10.4055 sec
Iteration 125
Elapsed time for kappa 29.4195 sec
Elapsed time for experts 13.2463 sec
Elapsed time for households 10.3297 sec
Iteration 126
Elapsed time for kappa 29.2606 sec
Elapsed time for experts 13.4155 sec
Elapsed time for households 9.8691 sec
Iteration 127
Elapsed time for kappa 28.7730 sec
Elapsed time for experts 10.9884 sec
Elapsed time for households 16.3539 sec
Iteration 128
Elapsed time for kappa 30.8316 sec
Elapsed time for experts 13.8993 sec
Elapsed time for households 10.4121 sec
Iteration 129
Elapsed time for kappa 29.9463 sec
Elapsed time for experts 13.7396 sec
Elapsed time for households 10.3918 sec
Iteration 130
Elapsed time for kappa 29.5932 sec
Elapsed time for experts 13.4875 sec
Elapsed time for households 10.1243 sec
Iteration 131
Elapsed time for kappa 29.3451 sec
Elapsed time for experts 12.1755 sec
Elapsed time for households 9.9653 sec
Iteration 132
Elapsed time for kappa 28.8644 sec
Elapsed time for experts 13.1909 sec
Elapsed time for households 9.8413 sec
Iteration 133
Elapsed time for kappa 28.6459 sec
Elapsed time for experts 12.3293 sec
Elapsed time for households 10.3541 sec
Iteration 134
Elapsed time for kappa 36.6671 sec
Elapsed time for experts 13.8415 sec
Elapsed time for households 10.5701 sec
Iteration 135
Elapsed time for kappa 29.8987 sec
Elapsed time for experts 13.5498 sec
Elapsed time for households 10.1870 sec
Iteration 136
Elapsed time for kappa 30.1398 sec
Elapsed time for experts 12.4301 sec
Elapsed time for households 11.2245 sec
Iteration 137
Elapsed time for kappa 28.9336 sec
Elapsed time for experts 12.3316 sec
Elapsed time for households 9.7335 sec
Iteration 138
Elapsed time for kappa 28.6976 sec
Elapsed time for experts 13.1572 sec
Elapsed time for households 10.5516 sec
Iteration 139
Elapsed time for kappa 28.7368 sec
Elapsed time for experts 13.1642 sec
Elapsed time for households 10.4441 sec
Iteration 140
Elapsed time for kappa 35.5090 sec
Elapsed time for experts 13.7417 sec
Elapsed time for households 11.0330 sec
Iteration 141
Elapsed time for kappa 29.4769 sec
Elapsed time for experts 13.6380 sec
Elapsed time for households 11.0978 sec
Iteration 142
Elapsed time for kappa 29.4494 sec
Elapsed time for experts 12.3600 sec
Elapsed time for households 10.0067 sec
Iteration 143
Elapsed time for kappa 29.3095 sec
Elapsed time for experts 13.2144 sec
Elapsed time for households 10.4420 sec
Iteration 144
Elapsed time for kappa 28.8414 sec
Elapsed time for experts 13.4746 sec
Elapsed time for households 10.3526 sec
Iteration 145
Elapsed time for kappa 28.2300 sec
Elapsed time for experts 19.0115 sec
Elapsed time for households 11.3691 sec
Iteration 146
Elapsed time for kappa 29.9652 sec
Elapsed time for experts 12.6829 sec
Elapsed time for households 10.2625 sec
Iteration 147
Elapsed time for kappa 29.6338 sec
Elapsed time for experts 13.5787 sec
Elapsed time for households 10.5173 sec
Iteration 148
Elapsed time for kappa 29.0604 sec
Elapsed time for experts 13.3374 sec
Elapsed time for households 10.2990 sec
Iteration 149
Elapsed time for kappa 28.9056 sec
Elapsed time for experts 13.2587 sec
Elapsed time for households 10.2088 sec
Iteration 150
Elapsed time for kappa 28.6375 sec
Elapsed time for experts 13.0114 sec
Elapsed time for households 10.0711 sec
Iteration 151
Elapsed time for kappa 28.7784 sec
Elapsed time for experts 13.0449 sec
Elapsed time for households 16.7533 sec
Iteration 152
Elapsed time for kappa 30.1777 sec
Elapsed time for experts 12.6826 sec
Elapsed time for households 10.9386 sec
Iteration 153
Elapsed time for kappa 29.8570 sec
Elapsed time for experts 13.7090 sec
Elapsed time for households 10.2230 sec
Iteration 154
Elapsed time for kappa 29.1402 sec
Elapsed time for experts 13.2966 sec
Elapsed time for households 9.9871 sec
Iteration 155
Elapsed time for kappa 28.7468 sec
Elapsed time for experts 12.0516 sec
Elapsed time for households 9.8455 sec
Iteration 156
Elapsed time for kappa 28.7447 sec
Elapsed time for experts 12.2051 sec
Elapsed time for households 10.4993 sec
Iteration 157
Elapsed time for kappa 28.4499 sec
Elapsed time for experts 12.9339 sec
Elapsed time for households 17.0318 sec
Iteration 158
Elapsed time for kappa 30.0481 sec
Elapsed time for experts 12.7887 sec
Elapsed time for households 10.7752 sec
Iteration 159
Elapsed time for kappa 30.2140 sec
Elapsed time for experts 13.7668 sec
Elapsed time for households 10.7559 sec
Iteration 160
Elapsed time for kappa 29.3238 sec
Elapsed time for experts 13.6605 sec
Elapsed time for households 10.4847 sec
Iteration 161
Elapsed time for kappa 28.8949 sec
Elapsed time for experts 13.2948 sec
Elapsed time for households 10.5057 sec
Iteration 162
Elapsed time for kappa 28.7195 sec
Elapsed time for experts 12.7660 sec
Elapsed time for households 9.9648 sec
Iteration 163
Elapsed time for kappa 28.4725 sec
Elapsed time for experts 11.6921 sec
Elapsed time for households 10.2822 sec
Iteration 164
Elapsed time for kappa 36.6809 sec
Elapsed time for experts 13.7702 sec
Elapsed time for households 10.9488 sec
Iteration 165
Elapsed time for kappa 29.9962 sec
Elapsed time for experts 13.5372 sec
Elapsed time for households 10.8553 sec
Iteration 166
Elapsed time for kappa 29.5270 sec
Elapsed time for experts 13.2969 sec
Elapsed time for households 10.5905 sec
Iteration 167
Elapsed time for kappa 29.4147 sec
Elapsed time for experts 13.5120 sec
Elapsed time for households 10.0722 sec
Iteration 168
Elapsed time for kappa 28.5561 sec
Elapsed time for experts 12.5322 sec
Elapsed time for households 9.7452 sec
Iteration 169
Elapsed time for kappa 28.2866 sec
Elapsed time for experts 12.7397 sec
Elapsed time for households 9.8512 sec
Iteration 170
Elapsed time for kappa 35.8542 sec
Elapsed time for experts 13.1255 sec
Elapsed time for households 10.6927 sec
Iteration 171
Elapsed time for kappa 29.9738 sec
Elapsed time for experts 11.7131 sec
Elapsed time for households 10.3525 sec
Iteration 172
Elapsed time for kappa 29.5950 sec
Elapsed time for experts 11.7299 sec
Elapsed time for households 10.1122 sec
Iteration 173
Elapsed time for kappa 29.1126 sec
Elapsed time for experts 13.3460 sec
Elapsed time for households 10.0236 sec
Iteration 174
Elapsed time for kappa 28.6801 sec
Elapsed time for experts 13.1495 sec
Elapsed time for households 10.6880 sec
Iteration 175
Elapsed time for kappa 28.5387 sec
Elapsed time for experts 12.9061 sec
Elapsed time for households 16.2448 sec
Iteration 176
Elapsed time for kappa 30.3291 sec
Elapsed time for experts 13.6892 sec
Elapsed time for households 11.2985 sec
Iteration 177
Elapsed time for kappa 29.8506 sec
Elapsed time for experts 13.5903 sec
Elapsed time for households 10.4738 sec
Iteration 178
Elapsed time for kappa 29.3722 sec
Elapsed time for experts 13.4484 sec
Elapsed time for households 10.4995 sec
Iteration 179
Elapsed time for kappa 29.1891 sec
Elapsed time for experts 13.3989 sec
Elapsed time for households 10.3941 sec
Iteration 180
Elapsed time for kappa 28.8898 sec
Elapsed time for experts 11.8565 sec
Elapsed time for households 9.7780 sec
Iteration 181
Elapsed time for kappa 28.5915 sec
Elapsed time for experts 12.0023 sec
Elapsed time for households 10.4942 sec
Iteration 182
Elapsed time for kappa 36.3840 sec
Elapsed time for experts 13.7515 sec
Elapsed time for households 11.4542 sec
Iteration 183
Elapsed time for kappa 30.1735 sec
Elapsed time for experts 11.5685 sec
Elapsed time for households 10.4576 sec
Iteration 184
Elapsed time for kappa 29.7667 sec
Elapsed time for experts 13.6881 sec
Elapsed time for households 10.3034 sec
Iteration 185
Elapsed time for kappa 29.0462 sec
Elapsed time for experts 13.3660 sec
Elapsed time for households 10.6382 sec
Iteration 186
Elapsed time for kappa 28.7819 sec
Elapsed time for experts 12.6510 sec
Elapsed time for households 10.8979 sec
Iteration 187
Elapsed time for kappa 28.8170 sec
Elapsed time for experts 13.0549 sec
Elapsed time for households 16.2718 sec
Iteration 188
Elapsed time for kappa 30.2003 sec
Elapsed time for experts 13.0725 sec
Elapsed time for households 11.1409 sec
Iteration 189
Elapsed time for kappa 29.8273 sec
Elapsed time for experts 13.3340 sec
Elapsed time for households 10.8411 sec
Iteration 190
Elapsed time for kappa 29.5261 sec
Elapsed time for experts 13.4207 sec
Elapsed time for households 10.4573 sec
Iteration 191
Elapsed time for kappa 29.1927 sec
Elapsed time for experts 13.1138 sec
Elapsed time for households 9.8758 sec
Iteration 192
Elapsed time for kappa 28.4855 sec
Elapsed time for experts 12.6466 sec
Elapsed time for households 9.8988 sec
Iteration 193
Elapsed time for kappa 28.6194 sec
Elapsed time for experts 10.8081 sec
Elapsed time for households 9.6530 sec
Iteration 194
Elapsed time for kappa 36.9703 sec
Elapsed time for experts 12.9613 sec
Elapsed time for households 11.9968 sec
Iteration 195
Elapsed time for kappa 29.8723 sec
Elapsed time for experts 12.9768 sec
Elapsed time for households 11.7241 sec
Iteration 196
Elapsed time for kappa 29.8716 sec
Elapsed time for experts 13.0420 sec
Elapsed time for households 10.5549 sec
Iteration 197
Elapsed time for kappa 29.4636 sec
Elapsed time for experts 13.4800 sec
Elapsed time for households 10.3776 sec
Iteration 198
Elapsed time for kappa 28.7246 sec
Elapsed time for experts 12.9883 sec
Elapsed time for households 9.9381 sec
Iteration 199
Elapsed time for kappa 28.5566 sec
Elapsed time for experts 12.9277 sec
Elapsed time for households 16.2429 sec
Iteration 200
Elapsed time for kappa 30.5283 sec
Elapsed time for experts 13.8436 sec
Elapsed time for households 11.4526 sec
Iteration 201
Elapsed time for kappa 29.8834 sec
Elapsed time for experts 13.3456 sec
Elapsed time for households 10.3066 sec
Iteration 202
Elapsed time for kappa 29.7376 sec
Elapsed time for experts 12.3144 sec
Elapsed time for households 10.1719 sec
Iteration 203
Elapsed time for kappa 29.0330 sec
Elapsed time for experts 12.0702 sec
Elapsed time for households 9.8422 sec
Iteration 204
Elapsed time for kappa 28.8836 sec
Elapsed time for experts 12.7530 sec
Elapsed time for households 10.3035 sec
Iteration 205
Elapsed time for kappa 28.4983 sec
Elapsed time for experts 13.0671 sec
Elapsed time for households 10.0433 sec
Iteration 206
Elapsed time for kappa 37.3284 sec
Elapsed time for experts 12.7788 sec
Elapsed time for households 10.5193 sec
Iteration 207
Elapsed time for kappa 30.0281 sec
Elapsed time for experts 13.6614 sec
Elapsed time for households 10.1427 sec
Iteration 208
Elapsed time for kappa 29.7202 sec
Elapsed time for experts 13.5491 sec
Elapsed time for households 10.7212 sec
Iteration 209
Elapsed time for kappa 29.0130 sec
Elapsed time for experts 13.3328 sec
Elapsed time for households 10.3794 sec
Iteration 210
Elapsed time for kappa 28.9096 sec
Elapsed time for experts 12.4656 sec
Elapsed time for households 9.8706 sec
Iteration 211
Elapsed time for kappa 28.5125 sec
Elapsed time for experts 13.1126 sec
Elapsed time for households 9.9606 sec
Iteration 212
Elapsed time for kappa 36.2100 sec
Elapsed time for experts 13.8998 sec
Elapsed time for households 10.5417 sec
Iteration 213
Elapsed time for kappa 30.0176 sec
Elapsed time for experts 13.3828 sec
Elapsed time for households 10.5174 sec
Iteration 214
Elapsed time for kappa 29.5292 sec
Elapsed time for experts 13.0710 sec
Elapsed time for households 10.1274 sec
Iteration 215
Elapsed time for kappa 29.2231 sec
Elapsed time for experts 13.1073 sec
Elapsed time for households 10.1782 sec
Iteration 216
Elapsed time for kappa 29.0529 sec
Elapsed time for experts 13.1817 sec
Elapsed time for households 11.0097 sec
Iteration 217
Elapsed time for kappa 28.5278 sec
Elapsed time for experts 13.1480 sec
Elapsed time for households 16.0575 sec
Iteration 218
Elapsed time for kappa 30.5611 sec
Elapsed time for experts 13.8776 sec
Elapsed time for households 11.4558 sec
Iteration 219
Elapsed time for kappa 30.1076 sec
Elapsed time for experts 13.7590 sec
Elapsed time for households 11.3788 sec
Iteration 220
Elapsed time for kappa 29.6967 sec
Elapsed time for experts 13.6506 sec
Elapsed time for households 10.5942 sec
Iteration 221
Elapsed time for kappa 29.1350 sec
Elapsed time for experts 13.2664 sec
Elapsed time for households 10.2534 sec
Iteration 222
Elapsed time for kappa 28.6733 sec
Elapsed time for experts 13.2035 sec
Elapsed time for households 9.8774 sec
Iteration 223
Elapsed time for kappa 28.3676 sec
Elapsed time for experts 13.2343 sec
Elapsed time for households 10.1835 sec
Iteration 224
Elapsed time for kappa 37.1353 sec
Elapsed time for experts 14.0593 sec
Elapsed time for households 10.7710 sec
Iteration 225
Elapsed time for kappa 29.7871 sec
Elapsed time for experts 11.5247 sec
Elapsed time for households 10.2382 sec
Iteration 226
Elapsed time for kappa 29.4595 sec
Elapsed time for experts 13.9177 sec
Elapsed time for households 11.8669 sec
Iteration 227
Elapsed time for kappa 29.5597 sec
Elapsed time for experts 13.5705 sec
Elapsed time for households 10.5874 sec
Iteration 228
Elapsed time for kappa 29.2067 sec
Elapsed time for experts 13.3918 sec
Elapsed time for households 10.3456 sec
Iteration 229
Elapsed time for kappa 28.2944 sec
Elapsed time for experts 13.0137 sec
Elapsed time for households 17.2696 sec
Iteration 230
Elapsed time for kappa 30.3877 sec
Elapsed time for experts 13.8122 sec
Elapsed time for households 11.0431 sec
Iteration 231
Elapsed time for kappa 30.0673 sec
Elapsed time for experts 13.5560 sec
Elapsed time for households 10.9453 sec
Iteration 232
Elapsed time for kappa 29.4514 sec
Elapsed time for experts 13.4038 sec
Elapsed time for households 10.7161 sec
Iteration 233
Elapsed time for kappa 29.0414 sec
Elapsed time for experts 12.3529 sec
Elapsed time for households 10.4866 sec
Iteration 234
Elapsed time for kappa 28.8892 sec
Elapsed time for experts 11.2612 sec
Elapsed time for households 10.1785 sec
Iteration 235
Elapsed time for kappa 28.3449 sec
Elapsed time for experts 13.2348 sec
Elapsed time for households 10.1506 sec
Iteration 236
Elapsed time for kappa 37.4274 sec
Elapsed time for experts 11.8955 sec
Elapsed time for households 11.1560 sec
Iteration 237
Elapsed time for kappa 29.9057 sec
Elapsed time for experts 12.0102 sec
Elapsed time for households 10.6032 sec
Iteration 238
Elapsed time for kappa 29.9937 sec
Elapsed time for experts 12.5333 sec
Elapsed time for households 10.3591 sec
Iteration 239
Elapsed time for kappa 29.5250 sec
Elapsed time for experts 13.7514 sec
Elapsed time for households 11.2874 sec
Iteration 240
Elapsed time for kappa 28.8261 sec
Elapsed time for experts 13.3328 sec
Elapsed time for households 11.0128 sec
Iteration 241
Elapsed time for kappa 28.8802 sec
Elapsed time for experts 13.1831 sec
Elapsed time for households 10.8284 sec
Iteration 242
Elapsed time for kappa 36.0882 sec
Elapsed time for experts 13.8651 sec
Elapsed time for households 12.4286 sec
Iteration 243
Elapsed time for kappa 30.2892 sec
Elapsed time for experts 12.2930 sec
Elapsed time for households 12.2718 sec
Iteration 244
Elapsed time for kappa 29.9191 sec
Elapsed time for experts 13.5531 sec
Elapsed time for households 10.3383 sec
Iteration 245
Elapsed time for kappa 29.7364 sec
Elapsed time for experts 13.5850 sec
Elapsed time for households 10.5179 sec
Iteration 246
Elapsed time for kappa 28.9250 sec
Elapsed time for experts 13.4143 sec
Elapsed time for households 9.9497 sec
Iteration 247
Elapsed time for kappa 29.0582 sec
Elapsed time for experts 12.8632 sec
Elapsed time for households 16.3137 sec
Iteration 248
Elapsed time for kappa 30.4494 sec
Elapsed time for experts 13.8052 sec
Elapsed time for households 10.3890 sec
Iteration 249
Elapsed time for kappa 29.9347 sec
Elapsed time for experts 13.6548 sec
Elapsed time for households 10.3135 sec
Iteration 250
Elapsed time for kappa 29.8873 sec
Elapsed time for experts 13.6899 sec
Elapsed time for households 10.1631 sec
Iteration 251
Elapsed time for kappa 29.3303 sec
Elapsed time for experts 12.9368 sec
Elapsed time for households 10.2321 sec
Iteration 252
Elapsed time for kappa 28.8946 sec
Elapsed time for experts 13.2685 sec
Elapsed time for households 9.8134 sec
Iteration 253
Elapsed time for kappa 28.4384 sec
Elapsed time for experts 13.0539 sec
Elapsed time for households 11.1551 sec
Iteration 254
Elapsed time for kappa 37.7014 sec
Elapsed time for experts 13.9914 sec
Elapsed time for households 11.8371 sec
Iteration 255
Elapsed time for kappa 30.1475 sec
Elapsed time for experts 12.2366 sec
Elapsed time for households 11.7200 sec
Iteration 256
Elapsed time for kappa 30.2144 sec
Elapsed time for experts 12.9416 sec
Elapsed time for households 10.4325 sec
Iteration 257
Elapsed time for kappa 29.5267 sec
Elapsed time for experts 13.3895 sec
Elapsed time for households 10.5967 sec
Iteration 258
Elapsed time for kappa 29.3788 sec
Elapsed time for experts 13.3136 sec
Elapsed time for households 9.9498 sec
Iteration 259
Elapsed time for kappa 28.8396 sec
Elapsed time for experts 12.0634 sec
Elapsed time for households 16.4309 sec
Iteration 260
Elapsed time for kappa 30.8239 sec
Elapsed time for experts 13.9238 sec
Elapsed time for households 10.5442 sec
Iteration 261
Elapsed time for kappa 30.0731 sec
Elapsed time for experts 13.6326 sec
Elapsed time for households 10.1536 sec
Iteration 262
Elapsed time for kappa 30.1291 sec
Elapsed time for experts 12.9590 sec
Elapsed time for households 10.2096 sec
Iteration 263
Elapsed time for kappa 29.3578 sec
Elapsed time for experts 13.4632 sec
Elapsed time for households 10.8436 sec
Iteration 264
Elapsed time for kappa 28.9210 sec
Elapsed time for experts 13.1046 sec
Elapsed time for households 10.5376 sec
Iteration 265
Elapsed time for kappa 28.6952 sec
Elapsed time for experts 13.1846 sec
Elapsed time for households 10.2126 sec
Iteration 266
Elapsed time for kappa 37.6341 sec
Elapsed time for experts 14.0302 sec
Elapsed time for households 10.8676 sec
Iteration 267
Elapsed time for kappa 30.2832 sec
Elapsed time for experts 13.7736 sec
Elapsed time for households 10.8775 sec
Iteration 268
Elapsed time for kappa 29.9747 sec
Elapsed time for experts 13.6881 sec
Elapsed time for households 11.3654 sec
Iteration 269
Elapsed time for kappa 30.0221 sec
Elapsed time for experts 13.7189 sec
Elapsed time for households 10.1053 sec
Iteration 270
Elapsed time for kappa 28.9504 sec
Elapsed time for experts 13.3052 sec
Elapsed time for households 10.3000 sec
Iteration 271
Elapsed time for kappa 28.8799 sec
Elapsed time for experts 13.1513 sec
Elapsed time for households 16.1557 sec
Iteration 272
Elapsed time for kappa 31.1612 sec
Elapsed time for experts 12.0921 sec
Elapsed time for households 10.6418 sec
Iteration 273
Elapsed time for kappa 30.0608 sec
Elapsed time for experts 13.4881 sec
Elapsed time for households 10.3478 sec
Iteration 274
Elapsed time for kappa 29.6839 sec
Elapsed time for experts 11.5412 sec
Elapsed time for households 10.3163 sec
Iteration 275
Elapsed time for kappa 29.8877 sec
Elapsed time for experts 13.6057 sec
Elapsed time for households 10.3576 sec
Iteration 276
Elapsed time for kappa 29.1534 sec
Elapsed time for experts 13.3674 sec
Elapsed time for households 10.3631 sec
Iteration 277
Elapsed time for kappa 28.7108 sec
Elapsed time for experts 12.6877 sec
Elapsed time for households 9.7212 sec
Iteration 278
Elapsed time for kappa 37.8842 sec
Elapsed time for experts 14.0768 sec
Elapsed time for households 10.8663 sec
Iteration 279
Elapsed time for kappa 30.1040 sec
Elapsed time for experts 13.7883 sec
Elapsed time for households 11.4182 sec
Iteration 280
Elapsed time for kappa 30.1691 sec
Elapsed time for experts 13.8036 sec
Elapsed time for households 11.9069 sec
Iteration 281
Elapsed time for kappa 29.6176 sec
Elapsed time for experts 13.7076 sec
Elapsed time for households 10.2786 sec
Iteration 282
Elapsed time for kappa 29.6539 sec
Elapsed time for experts 13.5382 sec
Elapsed time for households 11.1359 sec
Iteration 283
Elapsed time for kappa 29.0479 sec
Elapsed time for experts 13.5588 sec
Elapsed time for households 10.1642 sec
Iteration 284
Elapsed time for kappa 36.9965 sec
Elapsed time for experts 14.1418 sec
Elapsed time for households 10.6504 sec
Iteration 285
Elapsed time for kappa 29.9160 sec
Elapsed time for experts 13.1786 sec
Elapsed time for households 10.5541 sec
Iteration 286
Elapsed time for kappa 30.4413 sec
Elapsed time for experts 13.7018 sec
Elapsed time for households 10.3226 sec
Iteration 287
Elapsed time for kappa 29.8997 sec
Elapsed time for experts 12.3398 sec
Elapsed time for households 10.8632 sec
Iteration 288
Elapsed time for kappa 29.3225 sec
Elapsed time for experts 13.5632 sec
Elapsed time for households 11.1058 sec
Iteration 289
Elapsed time for kappa 29.2251 sec
Elapsed time for experts 13.1395 sec
Elapsed time for households 16.2763 sec
Iteration 290
Elapsed time for kappa 30.5254 sec
Elapsed time for experts 13.9202 sec
Elapsed time for households 10.3967 sec
Iteration 291
Elapsed time for kappa 30.3120 sec
Elapsed time for experts 13.6556 sec
Elapsed time for households 10.4811 sec
Iteration 292
Elapsed time for kappa 29.9602 sec
Elapsed time for experts 13.3541 sec
Elapsed time for households 10.3987 sec
Iteration 293
Elapsed time for kappa 29.8488 sec
Elapsed time for experts 12.9228 sec
Elapsed time for households 10.6064 sec
Iteration 294
Elapsed time for kappa 28.8094 sec
Elapsed time for experts 12.0455 sec
Elapsed time for households 10.1732 sec
Iteration 295
Elapsed time for kappa 28.9716 sec
Elapsed time for experts 13.1562 sec
Elapsed time for households 9.9239 sec
Iteration 296
Elapsed time for kappa 38.1320 sec
Elapsed time for experts 14.0545 sec
Elapsed time for households 11.2131 sec
Iteration 297
Elapsed time for kappa 30.1953 sec
Elapsed time for experts 12.0218 sec
Elapsed time for households 10.7557 sec
Iteration 298
Elapsed time for kappa 29.8426 sec
Elapsed time for experts 12.3088 sec
Elapsed time for households 10.1819 sec
Iteration 299
Elapsed time for kappa 29.7044 sec
Elapsed time for experts 13.6385 sec
Elapsed time for households 10.5974 sec
Elapsed time for training 16940.3509 sec
