Iteration 0
Elapsed time for kappa 113.9017 sec
Elapsed time for experts 44.0675 sec
Elapsed time for households 36.3350 sec
Iteration 1
Elapsed time for kappa 82.4319 sec
Elapsed time for experts 40.0383 sec
Elapsed time for households 33.0894 sec
Iteration 2
Elapsed time for kappa 82.9500 sec
Elapsed time for experts 38.2622 sec
Elapsed time for households 32.2359 sec
Iteration 3
Elapsed time for kappa 81.3436 sec
Elapsed time for experts 37.7757 sec
Elapsed time for households 32.3015 sec
Iteration 4
Elapsed time for kappa 80.2692 sec
Elapsed time for experts 36.9636 sec
Elapsed time for households 32.3763 sec
Iteration 5
Elapsed time for kappa 80.4829 sec
Elapsed time for experts 37.0711 sec
Elapsed time for households 32.4593 sec
Iteration 6
Elapsed time for kappa 81.1996 sec
Elapsed time for experts 37.3670 sec
Elapsed time for households 32.8730 sec
Iteration 7
Elapsed time for kappa 87.5722 sec
Elapsed time for experts 38.2207 sec
Elapsed time for households 32.5319 sec
Iteration 8
Elapsed time for kappa 79.6753 sec
Elapsed time for experts 37.4918 sec
Elapsed time for households 32.6313 sec
Iteration 9
Elapsed time for kappa 83.7465 sec
Elapsed time for experts 37.4466 sec
Elapsed time for households 32.8185 sec
Iteration 10
Elapsed time for kappa 80.8350 sec
Elapsed time for experts 37.7944 sec
Elapsed time for households 32.2984 sec
Iteration 11
Elapsed time for kappa 80.5073 sec
Elapsed time for experts 37.4379 sec
Elapsed time for households 32.8645 sec
Iteration 12
Elapsed time for kappa 81.5672 sec
Elapsed time for experts 37.1547 sec
Elapsed time for households 39.3022 sec
Iteration 13
Elapsed time for kappa 81.1591 sec
Elapsed time for experts 38.0450 sec
Elapsed time for households 32.9987 sec
Iteration 14
Elapsed time for kappa 83.7105 sec
Elapsed time for experts 37.4769 sec
Elapsed time for households 32.8248 sec
Elapsed time for training 2334.7012 sec
