Iteration 0
Elapsed time for kappa 216.1453 sec
Elapsed time for experts 114.1460 sec
Elapsed time for households 24.2783 sec
Iteration 1
Elapsed time for kappa 189.4640 sec
Elapsed time for experts 110.9456 sec
Elapsed time for households 31.5486 sec
Iteration 2
Elapsed time for kappa 186.6243 sec
Elapsed time for experts 100.9726 sec
Elapsed time for households 19.1510 sec
Iteration 3
Elapsed time for kappa 183.9947 sec
Elapsed time for experts 102.6229 sec
Elapsed time for households 19.3104 sec
Iteration 4
Elapsed time for kappa 187.6117 sec
Elapsed time for experts 102.0774 sec
Elapsed time for households 94.3234 sec
Iteration 5
Elapsed time for kappa 183.0129 sec
Elapsed time for experts 101.2407 sec
Elapsed time for households 29.7617 sec
Iteration 6
Elapsed time for kappa 188.5714 sec
Elapsed time for experts 101.3360 sec
Elapsed time for households 94.0155 sec
Iteration 7
Elapsed time for kappa 199.3070 sec
Elapsed time for experts 103.4420 sec
Elapsed time for households 89.1516 sec
Iteration 8
Elapsed time for kappa 182.8683 sec
Elapsed time for experts 99.1526 sec
Elapsed time for households 90.9994 sec
Iteration 9
Elapsed time for kappa 184.1607 sec
Elapsed time for experts 101.5934 sec
Elapsed time for households 30.4159 sec
Iteration 10
Elapsed time for kappa 182.8305 sec
Elapsed time for experts 13.2848 sec
Elapsed time for households 49.4750 sec
Iteration 11
Elapsed time for kappa 183.1293 sec
Elapsed time for experts 12.8948 sec
Elapsed time for households 94.1588 sec
Iteration 12
Elapsed time for kappa 177.8482 sec
Elapsed time for experts 100.2563 sec
Elapsed time for households 72.3851 sec
Iteration 13
Elapsed time for kappa 192.3034 sec
Elapsed time for experts 100.4779 sec
Elapsed time for households 43.6486 sec
Iteration 14
Elapsed time for kappa 186.0444 sec
Elapsed time for experts 11.2999 sec
Elapsed time for households 46.3070 sec
Elapsed time for training 4929.4268 sec
