Iteration 0
Elapsed time for kappa 84.7105 sec
Elapsed time for experts 34.7511 sec
Elapsed time for households 15.3876 sec
Iteration 1
Elapsed time for kappa 37.3211 sec
Elapsed time for experts 30.7356 sec
Elapsed time for households 24.2686 sec
Iteration 2
Elapsed time for kappa 41.7430 sec
Elapsed time for experts 32.2737 sec
Elapsed time for households 17.2291 sec
Iteration 3
Elapsed time for kappa 39.9385 sec
Elapsed time for experts 18.1159 sec
Elapsed time for households 18.8550 sec
Iteration 4
Elapsed time for kappa 38.0153 sec
Elapsed time for experts 14.2925 sec
Elapsed time for households 22.4633 sec
Iteration 5
Elapsed time for kappa 38.2863 sec
Elapsed time for experts 22.9326 sec
Elapsed time for households 13.6511 sec
Iteration 6
Elapsed time for kappa 38.3490 sec
Elapsed time for experts 15.3806 sec
Elapsed time for households 15.2232 sec
Iteration 7
Elapsed time for kappa 36.5981 sec
Elapsed time for experts 16.2808 sec
Elapsed time for households 12.4553 sec
Iteration 8
Elapsed time for kappa 38.4601 sec
Elapsed time for experts 25.1741 sec
Elapsed time for households 13.4932 sec
Iteration 9
Elapsed time for kappa 39.4365 sec
Elapsed time for experts 15.5430 sec
Elapsed time for households 12.1662 sec
Iteration 10
Elapsed time for kappa 41.8538 sec
Elapsed time for experts 17.1406 sec
Elapsed time for households 26.7288 sec
Iteration 11
Elapsed time for kappa 41.4574 sec
Elapsed time for experts 24.3472 sec
Elapsed time for households 14.4086 sec
Iteration 12
Elapsed time for kappa 40.2926 sec
Elapsed time for experts 13.2795 sec
Elapsed time for households 30.9598 sec
Iteration 13
Elapsed time for kappa 39.3866 sec
Elapsed time for experts 16.3049 sec
Elapsed time for households 23.1105 sec
Iteration 14
Elapsed time for kappa 37.4062 sec
Elapsed time for experts 23.4857 sec
Elapsed time for households 17.8604 sec
Iteration 15
Elapsed time for kappa 39.0298 sec
Elapsed time for experts 14.3228 sec
Elapsed time for households 16.6715 sec
Iteration 16
Elapsed time for kappa 44.0562 sec
Elapsed time for experts 14.6777 sec
Elapsed time for households 14.5941 sec
Iteration 17
Elapsed time for kappa 44.3076 sec
Elapsed time for experts 13.6321 sec
Elapsed time for households 11.7899 sec
Iteration 18
Elapsed time for kappa 43.0373 sec
Elapsed time for experts 18.0652 sec
Elapsed time for households 18.5908 sec
Iteration 19
Elapsed time for kappa 40.9267 sec
Elapsed time for experts 16.6220 sec
Elapsed time for households 15.8567 sec
Iteration 20
Elapsed time for kappa 54.0797 sec
Elapsed time for experts 15.7817 sec
Elapsed time for households 24.0002 sec
Iteration 21
Elapsed time for kappa 40.9364 sec
Elapsed time for experts 16.8654 sec
Elapsed time for households 13.5618 sec
Iteration 22
Elapsed time for kappa 37.4715 sec
Elapsed time for experts 17.4294 sec
Elapsed time for households 16.2775 sec
Iteration 23
Elapsed time for kappa 41.5555 sec
Elapsed time for experts 18.3856 sec
Elapsed time for households 16.9882 sec
Iteration 24
Elapsed time for kappa 38.9642 sec
Elapsed time for experts 20.8956 sec
Elapsed time for households 15.0023 sec
Iteration 25
Elapsed time for kappa 41.7936 sec
Elapsed time for experts 17.3404 sec
Elapsed time for households 15.4710 sec
Iteration 26
Elapsed time for kappa 51.5180 sec
Elapsed time for experts 14.7265 sec
Elapsed time for households 33.6889 sec
Iteration 27
Elapsed time for kappa 40.8617 sec
Elapsed time for experts 17.4895 sec
Elapsed time for households 25.5312 sec
Iteration 28
Elapsed time for kappa 42.8695 sec
Elapsed time for experts 15.1028 sec
Elapsed time for households 13.0072 sec
Iteration 29
Elapsed time for kappa 46.3138 sec
Elapsed time for experts 17.2813 sec
Elapsed time for households 12.5099 sec
Iteration 30
Elapsed time for kappa 40.0745 sec
Elapsed time for experts 20.2034 sec
Elapsed time for households 12.1673 sec
Iteration 31
Elapsed time for kappa 40.5718 sec
Elapsed time for experts 15.5809 sec
Elapsed time for households 15.2694 sec
Iteration 32
Elapsed time for kappa 57.8579 sec
Elapsed time for experts 18.8663 sec
Elapsed time for households 13.8218 sec
Iteration 33
Elapsed time for kappa 38.7379 sec
Elapsed time for experts 19.2008 sec
Elapsed time for households 21.0922 sec
Iteration 34
Elapsed time for kappa 40.2744 sec
Elapsed time for experts 15.6429 sec
Elapsed time for households 14.9191 sec
Iteration 35
Elapsed time for kappa 39.3509 sec
Elapsed time for experts 18.9068 sec
Elapsed time for households 17.3589 sec
Iteration 36
Elapsed time for kappa 38.2333 sec
Elapsed time for experts 16.5280 sec
Elapsed time for households 15.8264 sec
Iteration 37
Elapsed time for kappa 40.5198 sec
Elapsed time for experts 16.5362 sec
Elapsed time for households 14.5518 sec
Iteration 38
Elapsed time for kappa 49.9192 sec
Elapsed time for experts 16.3257 sec
Elapsed time for households 22.7666 sec
Iteration 39
Elapsed time for kappa 45.5184 sec
Elapsed time for experts 15.7031 sec
Elapsed time for households 14.7374 sec
Iteration 40
Elapsed time for kappa 42.1748 sec
Elapsed time for experts 17.7126 sec
Elapsed time for households 14.2914 sec
Iteration 41
Elapsed time for kappa 42.8319 sec
Elapsed time for experts 17.2106 sec
Elapsed time for households 15.2725 sec
Iteration 42
Elapsed time for kappa 39.3927 sec
Elapsed time for experts 17.6072 sec
Elapsed time for households 15.4768 sec
Iteration 43
Elapsed time for kappa 42.4141 sec
Elapsed time for experts 17.9463 sec
Elapsed time for households 14.3794 sec
Iteration 44
Elapsed time for kappa 53.9820 sec
Elapsed time for experts 15.1072 sec
Elapsed time for households 19.4284 sec
Iteration 45
Elapsed time for kappa 39.7199 sec
Elapsed time for experts 16.7573 sec
Elapsed time for households 16.3724 sec
Iteration 46
Elapsed time for kappa 44.7329 sec
Elapsed time for experts 17.2335 sec
Elapsed time for households 17.2992 sec
Iteration 47
Elapsed time for kappa 38.4654 sec
Elapsed time for experts 14.2743 sec
Elapsed time for households 13.6863 sec
Iteration 48
Elapsed time for kappa 42.2485 sec
Elapsed time for experts 15.9432 sec
Elapsed time for households 17.5543 sec
Iteration 49
Elapsed time for kappa 40.0964 sec
Elapsed time for experts 16.9039 sec
Elapsed time for households 21.8632 sec
Iteration 50
Elapsed time for kappa 40.8986 sec
Elapsed time for experts 14.9944 sec
Elapsed time for households 14.1263 sec
Iteration 51
Elapsed time for kappa 38.6567 sec
Elapsed time for experts 13.9786 sec
Elapsed time for households 13.2092 sec
Iteration 52
Elapsed time for kappa 37.8867 sec
Elapsed time for experts 13.5467 sec
Elapsed time for households 15.0425 sec
Iteration 53
Elapsed time for kappa 44.8536 sec
Elapsed time for experts 14.7936 sec
Elapsed time for households 17.3942 sec
Iteration 54
Elapsed time for kappa 42.9310 sec
Elapsed time for experts 18.5386 sec
Elapsed time for households 13.1018 sec
Iteration 55
Elapsed time for kappa 39.8119 sec
Elapsed time for experts 15.3392 sec
Elapsed time for households 14.0827 sec
Iteration 56
Elapsed time for kappa 47.1050 sec
Elapsed time for experts 15.3769 sec
Elapsed time for households 13.9916 sec
Iteration 57
Elapsed time for kappa 37.1857 sec
Elapsed time for experts 17.8425 sec
Elapsed time for households 16.4886 sec
Iteration 58
Elapsed time for kappa 37.3983 sec
Elapsed time for experts 14.0772 sec
Elapsed time for households 14.9831 sec
Iteration 59
Elapsed time for kappa 37.6677 sec
Elapsed time for experts 14.2185 sec
Elapsed time for households 14.5944 sec
Iteration 60
Elapsed time for kappa 38.1391 sec
Elapsed time for experts 14.2638 sec
Elapsed time for households 13.3075 sec
Iteration 61
Elapsed time for kappa 36.8590 sec
Elapsed time for experts 23.7497 sec
Elapsed time for households 15.4658 sec
Iteration 62
Elapsed time for kappa 38.3894 sec
Elapsed time for experts 22.0599 sec
Elapsed time for households 14.0539 sec
Iteration 63
Elapsed time for kappa 38.5569 sec
Elapsed time for experts 13.8970 sec
Elapsed time for households 12.7529 sec
Iteration 64
Elapsed time for kappa 37.7522 sec
Elapsed time for experts 17.8147 sec
Elapsed time for households 13.3873 sec
Iteration 65
Elapsed time for kappa 46.3378 sec
Elapsed time for experts 16.3103 sec
Elapsed time for households 15.2323 sec
Iteration 66
Elapsed time for kappa 35.7396 sec
Elapsed time for experts 13.6737 sec
Elapsed time for households 13.2529 sec
Iteration 67
Elapsed time for kappa 36.1217 sec
Elapsed time for experts 24.9774 sec
Elapsed time for households 15.7851 sec
Iteration 68
Elapsed time for kappa 38.3510 sec
Elapsed time for experts 15.2044 sec
Elapsed time for households 13.6144 sec
Iteration 69
Elapsed time for kappa 41.2452 sec
Elapsed time for experts 15.1265 sec
Elapsed time for households 16.5911 sec
Iteration 70
Elapsed time for kappa 36.6349 sec
Elapsed time for experts 15.1420 sec
Elapsed time for households 16.2012 sec
Iteration 71
Elapsed time for kappa 36.1643 sec
Elapsed time for experts 15.0421 sec
Elapsed time for households 27.8233 sec
Iteration 72
Elapsed time for kappa 37.1672 sec
Elapsed time for experts 20.6652 sec
Elapsed time for households 12.3977 sec
Iteration 73
Elapsed time for kappa 44.3856 sec
Elapsed time for experts 27.8349 sec
Elapsed time for households 20.2893 sec
Iteration 74
Elapsed time for kappa 40.2789 sec
Elapsed time for experts 20.4362 sec
Elapsed time for households 13.4977 sec
Iteration 75
Elapsed time for kappa 39.2908 sec
Elapsed time for experts 18.8761 sec
Elapsed time for households 12.9306 sec
Iteration 76
Elapsed time for kappa 37.8370 sec
Elapsed time for experts 15.4049 sec
Elapsed time for households 21.7188 sec
Iteration 77
Elapsed time for kappa 41.3214 sec
Elapsed time for experts 15.9993 sec
Elapsed time for households 13.7810 sec
Iteration 78
Elapsed time for kappa 43.7250 sec
Elapsed time for experts 16.5687 sec
Elapsed time for households 13.2865 sec
Iteration 79
Elapsed time for kappa 41.8555 sec
Elapsed time for experts 23.8964 sec
Elapsed time for households 24.1300 sec
Iteration 80
Elapsed time for kappa 46.3922 sec
Elapsed time for experts 17.9321 sec
Elapsed time for households 16.0754 sec
Iteration 81
Elapsed time for kappa 37.3712 sec
Elapsed time for experts 17.1125 sec
Elapsed time for households 14.0306 sec
Iteration 82
Elapsed time for kappa 43.0192 sec
Elapsed time for experts 16.4898 sec
Elapsed time for households 19.9974 sec
Iteration 83
Elapsed time for kappa 43.7525 sec
Elapsed time for experts 16.0474 sec
Elapsed time for households 15.6581 sec
Iteration 84
Elapsed time for kappa 37.3265 sec
Elapsed time for experts 14.5936 sec
Elapsed time for households 15.2353 sec
Iteration 85
Elapsed time for kappa 49.3409 sec
Elapsed time for experts 15.5524 sec
Elapsed time for households 15.1455 sec
Iteration 86
Elapsed time for kappa 39.0439 sec
Elapsed time for experts 14.2199 sec
Elapsed time for households 14.8328 sec
Iteration 87
Elapsed time for kappa 43.9100 sec
Elapsed time for experts 17.3696 sec
Elapsed time for households 14.1818 sec
Iteration 88
Elapsed time for kappa 42.8305 sec
Elapsed time for experts 16.4390 sec
Elapsed time for households 15.4865 sec
Iteration 89
Elapsed time for kappa 41.8365 sec
Elapsed time for experts 16.9135 sec
Elapsed time for households 15.7087 sec
Iteration 90
Elapsed time for kappa 38.7773 sec
Elapsed time for experts 14.8840 sec
Elapsed time for households 16.6785 sec
Iteration 91
Elapsed time for kappa 49.9066 sec
Elapsed time for experts 15.5068 sec
Elapsed time for households 14.0071 sec
Iteration 92
Elapsed time for kappa 39.0093 sec
Elapsed time for experts 18.0375 sec
Elapsed time for households 14.7446 sec
Iteration 93
Elapsed time for kappa 44.2208 sec
Elapsed time for experts 15.4373 sec
Elapsed time for households 14.6452 sec
Iteration 94
Elapsed time for kappa 39.8702 sec
Elapsed time for experts 16.4818 sec
Elapsed time for households 14.6394 sec
Iteration 95
Elapsed time for kappa 39.3277 sec
Elapsed time for experts 16.2313 sec
Elapsed time for households 16.2268 sec
Iteration 96
Elapsed time for kappa 37.1456 sec
Elapsed time for experts 15.2012 sec
Elapsed time for households 18.5168 sec
Iteration 97
Elapsed time for kappa 48.9212 sec
Elapsed time for experts 18.1877 sec
Elapsed time for households 13.7897 sec
Iteration 98
Elapsed time for kappa 38.0602 sec
Elapsed time for experts 15.0253 sec
Elapsed time for households 13.8932 sec
Iteration 99
Elapsed time for kappa 38.4309 sec
Elapsed time for experts 14.8534 sec
Elapsed time for households 22.0297 sec
Iteration 100
Elapsed time for kappa 37.2224 sec
Elapsed time for experts 15.5033 sec
Elapsed time for households 12.0178 sec
Iteration 101
Elapsed time for kappa 36.7526 sec
Elapsed time for experts 14.0051 sec
Elapsed time for households 16.9221 sec
Iteration 102
Elapsed time for kappa 44.2121 sec
Elapsed time for experts 16.7254 sec
Elapsed time for households 14.0031 sec
Iteration 103
Elapsed time for kappa 48.2315 sec
Elapsed time for experts 17.1911 sec
Elapsed time for households 13.3344 sec
Iteration 104
Elapsed time for kappa 47.4240 sec
Elapsed time for experts 16.4679 sec
Elapsed time for households 14.7909 sec
Iteration 105
Elapsed time for kappa 38.5408 sec
Elapsed time for experts 14.0574 sec
Elapsed time for households 13.9000 sec
Iteration 106
Elapsed time for kappa 37.2688 sec
Elapsed time for experts 13.6035 sec
Elapsed time for households 12.8299 sec
Iteration 107
Elapsed time for kappa 37.7634 sec
Elapsed time for experts 18.0870 sec
Elapsed time for households 16.3888 sec
Iteration 108
Elapsed time for kappa 38.1823 sec
Elapsed time for experts 17.8878 sec
Elapsed time for households 13.6680 sec
Iteration 109
Elapsed time for kappa 46.5775 sec
Elapsed time for experts 15.8715 sec
Elapsed time for households 15.0511 sec
Iteration 110
Elapsed time for kappa 38.4543 sec
Elapsed time for experts 15.9671 sec
Elapsed time for households 13.6492 sec
Iteration 111
Elapsed time for kappa 37.5716 sec
Elapsed time for experts 14.8568 sec
Elapsed time for households 17.3460 sec
Iteration 112
Elapsed time for kappa 36.8001 sec
Elapsed time for experts 17.7434 sec
Elapsed time for households 13.1102 sec
Iteration 113
Elapsed time for kappa 47.8479 sec
Elapsed time for experts 14.5590 sec
Elapsed time for households 12.9792 sec
Iteration 114
Elapsed time for kappa 36.9413 sec
Elapsed time for experts 16.3555 sec
Elapsed time for households 12.0544 sec
Iteration 115
Elapsed time for kappa 48.2414 sec
Elapsed time for experts 17.6045 sec
Elapsed time for households 23.6851 sec
Iteration 116
Elapsed time for kappa 41.8155 sec
Elapsed time for experts 15.1507 sec
Elapsed time for households 14.4355 sec
Iteration 117
Elapsed time for kappa 45.2064 sec
Elapsed time for experts 18.6131 sec
Elapsed time for households 16.3305 sec
Iteration 118
Elapsed time for kappa 44.3497 sec
Elapsed time for experts 17.7128 sec
Elapsed time for households 12.6290 sec
Iteration 119
Elapsed time for kappa 38.0423 sec
Elapsed time for experts 17.8045 sec
Elapsed time for households 14.7456 sec
Iteration 120
Elapsed time for kappa 44.4396 sec
Elapsed time for experts 17.5098 sec
Elapsed time for households 21.1823 sec
Iteration 121
Elapsed time for kappa 40.2657 sec
Elapsed time for experts 15.0454 sec
Elapsed time for households 14.2117 sec
Iteration 122
Elapsed time for kappa 39.1904 sec
Elapsed time for experts 15.2510 sec
Elapsed time for households 24.2898 sec
Iteration 123
Elapsed time for kappa 44.6753 sec
Elapsed time for experts 15.0989 sec
Elapsed time for households 12.7467 sec
Iteration 124
Elapsed time for kappa 37.3998 sec
Elapsed time for experts 15.0978 sec
Elapsed time for households 13.6076 sec
Iteration 125
Elapsed time for kappa 36.4023 sec
Elapsed time for experts 17.5379 sec
Elapsed time for households 15.3023 sec
Iteration 126
Elapsed time for kappa 35.7260 sec
Elapsed time for experts 30.7500 sec
Elapsed time for households 16.2344 sec
Iteration 127
Elapsed time for kappa 43.0013 sec
Elapsed time for experts 18.4995 sec
Elapsed time for households 15.8093 sec
Iteration 128
Elapsed time for kappa 43.1666 sec
Elapsed time for experts 16.9645 sec
Elapsed time for households 16.7570 sec
Iteration 129
Elapsed time for kappa 40.8421 sec
Elapsed time for experts 14.7501 sec
Elapsed time for households 14.9060 sec
Iteration 130
Elapsed time for kappa 44.5419 sec
Elapsed time for experts 13.7419 sec
Elapsed time for households 19.8882 sec
Iteration 131
Elapsed time for kappa 39.3731 sec
Elapsed time for experts 16.3501 sec
Elapsed time for households 14.6824 sec
Iteration 132
Elapsed time for kappa 43.9838 sec
Elapsed time for experts 29.0806 sec
Elapsed time for households 15.8830 sec
Iteration 133
Elapsed time for kappa 47.3908 sec
Elapsed time for experts 17.6541 sec
Elapsed time for households 25.0259 sec
Iteration 134
Elapsed time for kappa 42.1217 sec
Elapsed time for experts 16.1458 sec
Elapsed time for households 13.6431 sec
Iteration 135
Elapsed time for kappa 39.2669 sec
Elapsed time for experts 19.4239 sec
Elapsed time for households 13.7805 sec
Iteration 136
Elapsed time for kappa 39.3375 sec
Elapsed time for experts 16.4050 sec
Elapsed time for households 15.6353 sec
Iteration 137
Elapsed time for kappa 41.2381 sec
Elapsed time for experts 16.6597 sec
Elapsed time for households 15.4351 sec
Iteration 138
Elapsed time for kappa 39.0916 sec
Elapsed time for experts 26.7168 sec
Elapsed time for households 15.5725 sec
Iteration 139
Elapsed time for kappa 41.1668 sec
Elapsed time for experts 16.1978 sec
Elapsed time for households 20.5823 sec
Iteration 140
Elapsed time for kappa 40.3258 sec
Elapsed time for experts 16.6696 sec
Elapsed time for households 13.6050 sec
Iteration 141
Elapsed time for kappa 38.4141 sec
Elapsed time for experts 16.5378 sec
Elapsed time for households 19.4786 sec
Iteration 142
Elapsed time for kappa 38.2511 sec
Elapsed time for experts 14.3725 sec
Elapsed time for households 13.7341 sec
Iteration 143
Elapsed time for kappa 38.7752 sec
Elapsed time for experts 15.7912 sec
Elapsed time for households 19.1689 sec
Iteration 144
Elapsed time for kappa 40.6966 sec
Elapsed time for experts 29.1899 sec
Elapsed time for households 15.3860 sec
Iteration 145
Elapsed time for kappa 40.0646 sec
Elapsed time for experts 15.5493 sec
Elapsed time for households 15.4376 sec
Iteration 146
Elapsed time for kappa 41.8495 sec
Elapsed time for experts 17.8327 sec
Elapsed time for households 21.0837 sec
Iteration 147
Elapsed time for kappa 40.4790 sec
Elapsed time for experts 17.7357 sec
Elapsed time for households 13.8614 sec
Iteration 148
Elapsed time for kappa 41.5220 sec
Elapsed time for experts 16.1441 sec
Elapsed time for households 14.0897 sec
Iteration 149
Elapsed time for kappa 40.3441 sec
Elapsed time for experts 15.7393 sec
Elapsed time for households 16.2860 sec
Iteration 150
Elapsed time for kappa 52.9308 sec
Elapsed time for experts 18.4905 sec
Elapsed time for households 14.5969 sec
Iteration 151
Elapsed time for kappa 40.1056 sec
Elapsed time for experts 16.2046 sec
Elapsed time for households 14.5880 sec
Iteration 152
Elapsed time for kappa 37.9459 sec
Elapsed time for experts 15.8840 sec
Elapsed time for households 17.6356 sec
Iteration 153
Elapsed time for kappa 37.8196 sec
Elapsed time for experts 14.6381 sec
Elapsed time for households 17.9224 sec
Iteration 154
Elapsed time for kappa 40.0207 sec
Elapsed time for experts 14.4775 sec
Elapsed time for households 13.2365 sec
Iteration 155
Elapsed time for kappa 40.5205 sec
Elapsed time for experts 15.4648 sec
Elapsed time for households 13.8166 sec
Iteration 156
Elapsed time for kappa 58.4722 sec
Elapsed time for experts 17.6087 sec
Elapsed time for households 18.2860 sec
Iteration 157
Elapsed time for kappa 41.1840 sec
Elapsed time for experts 15.2112 sec
Elapsed time for households 13.6297 sec
Iteration 158
Elapsed time for kappa 40.0617 sec
Elapsed time for experts 15.0234 sec
Elapsed time for households 16.1649 sec
Iteration 159
Elapsed time for kappa 43.1858 sec
Elapsed time for experts 16.1856 sec
Elapsed time for households 21.0739 sec
Iteration 160
Elapsed time for kappa 40.1911 sec
Elapsed time for experts 16.2661 sec
Elapsed time for households 16.6277 sec
Iteration 161
Elapsed time for kappa 43.7061 sec
Elapsed time for experts 15.7978 sec
Elapsed time for households 13.7742 sec
Iteration 162
Elapsed time for kappa 52.1756 sec
Elapsed time for experts 19.4500 sec
Elapsed time for households 17.4432 sec
Iteration 163
Elapsed time for kappa 47.1619 sec
Elapsed time for experts 16.7136 sec
Elapsed time for households 15.3432 sec
Iteration 164
Elapsed time for kappa 38.0277 sec
Elapsed time for experts 17.8672 sec
Elapsed time for households 20.5814 sec
Iteration 165
Elapsed time for kappa 38.3963 sec
Elapsed time for experts 15.3030 sec
Elapsed time for households 14.1540 sec
Iteration 166
Elapsed time for kappa 37.6482 sec
Elapsed time for experts 15.1122 sec
Elapsed time for households 13.6543 sec
Iteration 167
Elapsed time for kappa 39.3999 sec
Elapsed time for experts 14.1872 sec
Elapsed time for households 13.9981 sec
Iteration 168
Elapsed time for kappa 49.4702 sec
Elapsed time for experts 17.1966 sec
Elapsed time for households 14.1505 sec
Iteration 169
Elapsed time for kappa 40.1835 sec
Elapsed time for experts 15.2493 sec
Elapsed time for households 14.5504 sec
Iteration 170
Elapsed time for kappa 38.2977 sec
Elapsed time for experts 14.9828 sec
Elapsed time for households 14.6564 sec
Iteration 171
Elapsed time for kappa 37.7330 sec
Elapsed time for experts 16.9836 sec
Elapsed time for households 14.7126 sec
Iteration 172
Elapsed time for kappa 36.8517 sec
Elapsed time for experts 14.9814 sec
Elapsed time for households 14.2770 sec
Iteration 173
Elapsed time for kappa 36.5053 sec
Elapsed time for experts 13.7777 sec
Elapsed time for households 13.4102 sec
Iteration 174
Elapsed time for kappa 47.8495 sec
Elapsed time for experts 20.6254 sec
Elapsed time for households 13.9101 sec
Iteration 175
Elapsed time for kappa 39.2107 sec
Elapsed time for experts 15.5133 sec
Elapsed time for households 17.6686 sec
Iteration 176
Elapsed time for kappa 39.3926 sec
Elapsed time for experts 18.0422 sec
Elapsed time for households 16.1360 sec
Iteration 177
Elapsed time for kappa 47.2976 sec
Elapsed time for experts 17.8286 sec
Elapsed time for households 13.7925 sec
Iteration 178
Elapsed time for kappa 45.3488 sec
Elapsed time for experts 16.7291 sec
Elapsed time for households 15.2698 sec
Iteration 179
Elapsed time for kappa 43.1330 sec
Elapsed time for experts 16.0780 sec
Elapsed time for households 13.1870 sec
Iteration 180
Elapsed time for kappa 49.2390 sec
Elapsed time for experts 16.4621 sec
Elapsed time for households 13.2589 sec
Iteration 181
Elapsed time for kappa 39.9320 sec
Elapsed time for experts 14.8084 sec
Elapsed time for households 14.4853 sec
Iteration 182
Elapsed time for kappa 39.8973 sec
Elapsed time for experts 14.2338 sec
Elapsed time for households 12.6382 sec
Iteration 183
Elapsed time for kappa 38.5029 sec
Elapsed time for experts 17.8343 sec
Elapsed time for households 12.9505 sec
Iteration 184
Elapsed time for kappa 39.4744 sec
Elapsed time for experts 14.0216 sec
Elapsed time for households 13.5025 sec
Iteration 185
Elapsed time for kappa 37.6804 sec
Elapsed time for experts 14.5441 sec
Elapsed time for households 13.9197 sec
Iteration 186
Elapsed time for kappa 56.3552 sec
Elapsed time for experts 20.9822 sec
Elapsed time for households 16.8108 sec
Iteration 187
Elapsed time for kappa 40.7325 sec
Elapsed time for experts 18.8830 sec
Elapsed time for households 18.1903 sec
Iteration 188
Elapsed time for kappa 38.0675 sec
Elapsed time for experts 16.0925 sec
Elapsed time for households 15.4699 sec
Iteration 189
Elapsed time for kappa 37.2295 sec
Elapsed time for experts 16.2482 sec
Elapsed time for households 20.2538 sec
Iteration 190
Elapsed time for kappa 37.5532 sec
Elapsed time for experts 14.5039 sec
Elapsed time for households 20.4123 sec
Iteration 191
Elapsed time for kappa 36.6719 sec
Elapsed time for experts 27.3401 sec
Elapsed time for households 20.7888 sec
Iteration 192
Elapsed time for kappa 40.5444 sec
Elapsed time for experts 15.6825 sec
Elapsed time for households 16.0953 sec
Iteration 193
Elapsed time for kappa 39.0513 sec
Elapsed time for experts 14.0753 sec
Elapsed time for households 14.5470 sec
Iteration 194
Elapsed time for kappa 39.3949 sec
Elapsed time for experts 14.1556 sec
Elapsed time for households 13.4186 sec
Iteration 195
Elapsed time for kappa 39.0671 sec
Elapsed time for experts 17.9839 sec
Elapsed time for households 18.0747 sec
Iteration 196
Elapsed time for kappa 38.6219 sec
Elapsed time for experts 15.2224 sec
Elapsed time for households 14.2924 sec
Iteration 197
Elapsed time for kappa 39.0420 sec
Elapsed time for experts 14.2286 sec
Elapsed time for households 32.1312 sec
Iteration 198
Elapsed time for kappa 40.9067 sec
Elapsed time for experts 18.2736 sec
Elapsed time for households 17.2503 sec
Iteration 199
Elapsed time for kappa 45.7346 sec
Elapsed time for experts 18.4615 sec
Elapsed time for households 15.2920 sec
Iteration 200
Elapsed time for kappa 40.2088 sec
Elapsed time for experts 16.0034 sec
Elapsed time for households 14.3952 sec
Iteration 201
Elapsed time for kappa 38.8479 sec
Elapsed time for experts 18.7906 sec
Elapsed time for households 13.2167 sec
Iteration 202
Elapsed time for kappa 37.0271 sec
Elapsed time for experts 14.5452 sec
Elapsed time for households 14.0420 sec
Iteration 203
Elapsed time for kappa 42.0946 sec
Elapsed time for experts 15.0953 sec
Elapsed time for households 28.9739 sec
Iteration 204
Elapsed time for kappa 44.6276 sec
Elapsed time for experts 16.5245 sec
Elapsed time for households 16.1629 sec
Iteration 205
Elapsed time for kappa 41.5154 sec
Elapsed time for experts 19.8978 sec
Elapsed time for households 17.4181 sec
Iteration 206
Elapsed time for kappa 42.4350 sec
Elapsed time for experts 16.9795 sec
Elapsed time for households 14.3877 sec
Iteration 207
Elapsed time for kappa 39.0272 sec
Elapsed time for experts 15.1130 sec
Elapsed time for households 16.7616 sec
Iteration 208
Elapsed time for kappa 37.3842 sec
Elapsed time for experts 17.0802 sec
Elapsed time for households 16.0319 sec
Iteration 209
Elapsed time for kappa 38.7278 sec
Elapsed time for experts 13.6522 sec
Elapsed time for households 13.9560 sec
Iteration 210
Elapsed time for kappa 54.3519 sec
Elapsed time for experts 18.1742 sec
Elapsed time for households 17.1624 sec
Iteration 211
Elapsed time for kappa 47.7186 sec
Elapsed time for experts 18.8331 sec
Elapsed time for households 16.4538 sec
Iteration 212
Elapsed time for kappa 40.5394 sec
Elapsed time for experts 17.1265 sec
Elapsed time for households 14.5776 sec
Iteration 213
Elapsed time for kappa 42.7778 sec
Elapsed time for experts 18.0065 sec
Elapsed time for households 15.7364 sec
Iteration 214
Elapsed time for kappa 42.8020 sec
Elapsed time for experts 16.0076 sec
Elapsed time for households 16.1105 sec
Iteration 215
Elapsed time for kappa 40.7481 sec
Elapsed time for experts 17.5320 sec
Elapsed time for households 20.5431 sec
Iteration 216
Elapsed time for kappa 52.9573 sec
Elapsed time for experts 14.9547 sec
Elapsed time for households 17.2230 sec
Iteration 217
Elapsed time for kappa 48.1752 sec
Elapsed time for experts 16.0430 sec
Elapsed time for households 15.2269 sec
Iteration 218
Elapsed time for kappa 39.4099 sec
Elapsed time for experts 17.1219 sec
Elapsed time for households 16.7892 sec
Iteration 219
Elapsed time for kappa 41.8842 sec
Elapsed time for experts 15.9161 sec
Elapsed time for households 15.3162 sec
Iteration 220
Elapsed time for kappa 41.0848 sec
Elapsed time for experts 17.1301 sec
Elapsed time for households 13.4344 sec
Iteration 221
Elapsed time for kappa 42.8153 sec
Elapsed time for experts 16.0303 sec
Elapsed time for households 31.7033 sec
Iteration 222
Elapsed time for kappa 45.0251 sec
Elapsed time for experts 18.4009 sec
Elapsed time for households 15.6891 sec
Iteration 223
Elapsed time for kappa 42.1363 sec
Elapsed time for experts 18.0597 sec
Elapsed time for households 16.6972 sec
Iteration 224
Elapsed time for kappa 43.0919 sec
Elapsed time for experts 16.6115 sec
Elapsed time for households 21.5303 sec
Iteration 225
Elapsed time for kappa 42.4656 sec
Elapsed time for experts 18.5213 sec
Elapsed time for households 14.0029 sec
Iteration 226
Elapsed time for kappa 41.1367 sec
Elapsed time for experts 14.5369 sec
Elapsed time for households 14.0125 sec
Iteration 227
Elapsed time for kappa 39.2668 sec
Elapsed time for experts 14.9066 sec
Elapsed time for households 13.5307 sec
Iteration 228
Elapsed time for kappa 52.6763 sec
Elapsed time for experts 19.2767 sec
Elapsed time for households 17.9393 sec
Iteration 229
Elapsed time for kappa 48.1957 sec
Elapsed time for experts 16.5246 sec
Elapsed time for households 14.8784 sec
Iteration 230
Elapsed time for kappa 39.5373 sec
Elapsed time for experts 19.1291 sec
Elapsed time for households 16.6281 sec
Iteration 231
Elapsed time for kappa 38.6639 sec
Elapsed time for experts 16.4158 sec
Elapsed time for households 16.5601 sec
Iteration 232
Elapsed time for kappa 38.6034 sec
Elapsed time for experts 14.9768 sec
Elapsed time for households 12.1523 sec
Iteration 233
Elapsed time for kappa 41.3265 sec
Elapsed time for experts 15.5229 sec
Elapsed time for households 24.4938 sec
Iteration 234
Elapsed time for kappa 40.7828 sec
Elapsed time for experts 18.5265 sec
Elapsed time for households 17.1676 sec
Iteration 235
Elapsed time for kappa 48.3501 sec
Elapsed time for experts 20.4818 sec
Elapsed time for households 13.7594 sec
Iteration 236
Elapsed time for kappa 38.9289 sec
Elapsed time for experts 17.6548 sec
Elapsed time for households 14.9077 sec
Iteration 237
Elapsed time for kappa 41.0884 sec
Elapsed time for experts 14.6751 sec
Elapsed time for households 14.8066 sec
Iteration 238
Elapsed time for kappa 36.5086 sec
Elapsed time for experts 12.9092 sec
Elapsed time for households 12.3039 sec
Iteration 239
Elapsed time for kappa 36.8317 sec
Elapsed time for experts 16.8128 sec
Elapsed time for households 25.9101 sec
Iteration 240
Elapsed time for kappa 39.9692 sec
Elapsed time for experts 14.4237 sec
Elapsed time for households 14.4071 sec
Iteration 241
Elapsed time for kappa 36.7238 sec
Elapsed time for experts 13.3711 sec
Elapsed time for households 15.9216 sec
Iteration 242
Elapsed time for kappa 35.6392 sec
Elapsed time for experts 13.5069 sec
Elapsed time for households 12.1733 sec
Iteration 243
Elapsed time for kappa 35.0160 sec
Elapsed time for experts 13.0800 sec
Elapsed time for households 14.4923 sec
Iteration 244
Elapsed time for kappa 34.1879 sec
Elapsed time for experts 14.5295 sec
Elapsed time for households 14.7740 sec
Iteration 245
Elapsed time for kappa 33.4978 sec
Elapsed time for experts 13.9008 sec
Elapsed time for households 23.6141 sec
Iteration 246
Elapsed time for kappa 36.8130 sec
Elapsed time for experts 13.9813 sec
Elapsed time for households 13.2604 sec
Iteration 247
Elapsed time for kappa 35.7738 sec
Elapsed time for experts 14.6468 sec
Elapsed time for households 12.6285 sec
Iteration 248
Elapsed time for kappa 35.1454 sec
Elapsed time for experts 14.0681 sec
Elapsed time for households 13.6730 sec
Iteration 249
Elapsed time for kappa 45.4712 sec
Elapsed time for experts 14.5178 sec
Elapsed time for households 14.3482 sec
Iteration 250
Elapsed time for kappa 34.6189 sec
Elapsed time for experts 12.6821 sec
Elapsed time for households 12.5591 sec
Iteration 251
Elapsed time for kappa 33.1871 sec
Elapsed time for experts 12.8729 sec
Elapsed time for households 13.2217 sec
Iteration 252
Elapsed time for kappa 45.5121 sec
Elapsed time for experts 13.9791 sec
Elapsed time for households 13.6423 sec
Iteration 253
Elapsed time for kappa 35.3434 sec
Elapsed time for experts 14.2584 sec
Elapsed time for households 14.5507 sec
Iteration 254
Elapsed time for kappa 35.2345 sec
Elapsed time for experts 15.2397 sec
Elapsed time for households 13.0323 sec
Iteration 255
Elapsed time for kappa 35.7761 sec
Elapsed time for experts 14.5112 sec
Elapsed time for households 12.2600 sec
Iteration 256
Elapsed time for kappa 35.0952 sec
Elapsed time for experts 12.9346 sec
Elapsed time for households 12.2436 sec
Iteration 257
Elapsed time for kappa 34.1950 sec
Elapsed time for experts 12.6885 sec
Elapsed time for households 18.5757 sec
Iteration 258
Elapsed time for kappa 43.3153 sec
Elapsed time for experts 13.5275 sec
Elapsed time for households 13.1407 sec
Iteration 259
Elapsed time for kappa 35.1633 sec
Elapsed time for experts 13.5307 sec
Elapsed time for households 12.7894 sec
Iteration 260
Elapsed time for kappa 34.7561 sec
Elapsed time for experts 14.5333 sec
Elapsed time for households 13.2702 sec
Iteration 261
Elapsed time for kappa 35.0053 sec
Elapsed time for experts 15.4354 sec
Elapsed time for households 11.6256 sec
Iteration 262
Elapsed time for kappa 33.8586 sec
Elapsed time for experts 12.7610 sec
Elapsed time for households 20.5907 sec
Iteration 263
Elapsed time for kappa 33.1493 sec
Elapsed time for experts 21.6732 sec
Elapsed time for households 13.1517 sec
Iteration 264
Elapsed time for kappa 35.9514 sec
Elapsed time for experts 13.5551 sec
Elapsed time for households 14.0805 sec
Iteration 265
Elapsed time for kappa 34.7695 sec
Elapsed time for experts 15.0393 sec
Elapsed time for households 14.1497 sec
Iteration 266
Elapsed time for kappa 34.6792 sec
Elapsed time for experts 14.4505 sec
Elapsed time for households 13.6375 sec
Iteration 267
Elapsed time for kappa 34.0249 sec
Elapsed time for experts 15.8614 sec
Elapsed time for households 11.4917 sec
Iteration 268
Elapsed time for kappa 33.5878 sec
Elapsed time for experts 12.9288 sec
Elapsed time for households 12.8755 sec
Iteration 269
Elapsed time for kappa 33.3132 sec
Elapsed time for experts 15.0532 sec
Elapsed time for households 28.7139 sec
Iteration 270
Elapsed time for kappa 42.7565 sec
Elapsed time for experts 14.5907 sec
Elapsed time for households 14.3935 sec
Iteration 271
Elapsed time for kappa 36.2665 sec
Elapsed time for experts 13.5083 sec
Elapsed time for households 12.0658 sec
Iteration 272
Elapsed time for kappa 34.9633 sec
Elapsed time for experts 13.9583 sec
Elapsed time for households 18.7930 sec
Iteration 273
Elapsed time for kappa 34.1124 sec
Elapsed time for experts 12.4516 sec
Elapsed time for households 12.2082 sec
Iteration 274
Elapsed time for kappa 33.4748 sec
Elapsed time for experts 12.4912 sec
Elapsed time for households 14.2261 sec
Iteration 275
Elapsed time for kappa 32.4556 sec
Elapsed time for experts 12.9665 sec
Elapsed time for households 21.9469 sec
Iteration 276
Elapsed time for kappa 35.3830 sec
Elapsed time for experts 13.4612 sec
Elapsed time for households 13.3205 sec
Iteration 277
Elapsed time for kappa 40.6005 sec
Elapsed time for experts 15.0374 sec
Elapsed time for households 12.2147 sec
Iteration 278
Elapsed time for kappa 39.5388 sec
Elapsed time for experts 14.4810 sec
Elapsed time for households 14.4412 sec
Iteration 279
Elapsed time for kappa 39.6435 sec
Elapsed time for experts 15.5720 sec
Elapsed time for households 14.6017 sec
Iteration 280
Elapsed time for kappa 36.7211 sec
Elapsed time for experts 16.5541 sec
Elapsed time for households 14.0405 sec
Iteration 281
Elapsed time for kappa 37.9868 sec
Elapsed time for experts 15.4323 sec
Elapsed time for households 18.1369 sec
Iteration 282
Elapsed time for kappa 48.2163 sec
Elapsed time for experts 21.0143 sec
Elapsed time for households 12.8372 sec
Iteration 283
Elapsed time for kappa 37.0073 sec
Elapsed time for experts 16.1581 sec
Elapsed time for households 16.0593 sec
Iteration 284
Elapsed time for kappa 41.7271 sec
Elapsed time for experts 13.8617 sec
Elapsed time for households 13.5012 sec
Iteration 285
Elapsed time for kappa 36.1647 sec
Elapsed time for experts 18.0344 sec
Elapsed time for households 13.4753 sec
Iteration 286
Elapsed time for kappa 35.2986 sec
Elapsed time for experts 13.8604 sec
Elapsed time for households 13.4313 sec
Iteration 287
Elapsed time for kappa 39.5388 sec
Elapsed time for experts 13.6190 sec
Elapsed time for households 13.7187 sec
Iteration 288
Elapsed time for kappa 44.1789 sec
Elapsed time for experts 14.5600 sec
Elapsed time for households 13.8208 sec
Iteration 289
Elapsed time for kappa 36.1077 sec
Elapsed time for experts 18.1130 sec
Elapsed time for households 13.4358 sec
Iteration 290
Elapsed time for kappa 42.3660 sec
Elapsed time for experts 13.6624 sec
Elapsed time for households 12.7259 sec
Iteration 291
Elapsed time for kappa 35.9984 sec
Elapsed time for experts 14.4146 sec
Elapsed time for households 12.5239 sec
Iteration 292
Elapsed time for kappa 34.7316 sec
Elapsed time for experts 13.2745 sec
Elapsed time for households 11.5772 sec
Iteration 293
Elapsed time for kappa 34.3960 sec
Elapsed time for experts 15.7052 sec
Elapsed time for households 27.3158 sec
Iteration 294
Elapsed time for kappa 35.4038 sec
Elapsed time for experts 17.2018 sec
Elapsed time for households 13.9486 sec
Iteration 295
Elapsed time for kappa 34.3122 sec
Elapsed time for experts 14.2753 sec
Elapsed time for households 18.8374 sec
Iteration 296
Elapsed time for kappa 34.8365 sec
Elapsed time for experts 16.2310 sec
Elapsed time for households 15.7264 sec
Iteration 297
Elapsed time for kappa 41.7389 sec
Elapsed time for experts 13.4114 sec
Elapsed time for households 14.0691 sec
Iteration 298
Elapsed time for kappa 33.4743 sec
Elapsed time for experts 13.1546 sec
Elapsed time for households 13.1422 sec
Iteration 299
Elapsed time for kappa 34.3703 sec
Elapsed time for experts 13.2279 sec
Elapsed time for households 16.2656 sec
Elapsed time for training 21995.9533 sec
