Iteration 0
Elapsed time for kappa 227.6114 sec
Elapsed time for experts 114.3384 sec
Elapsed time for households 98.2595 sec
Iteration 1
Elapsed time for kappa 185.4385 sec
Elapsed time for experts 107.0496 sec
Elapsed time for households 95.3290 sec
Iteration 2
Elapsed time for kappa 195.5548 sec
Elapsed time for experts 109.4564 sec
Elapsed time for households 94.5187 sec
Iteration 3
Elapsed time for kappa 194.5644 sec
Elapsed time for experts 106.3434 sec
Elapsed time for households 29.6891 sec
Iteration 4
Elapsed time for kappa 188.4051 sec
Elapsed time for experts 108.7503 sec
Elapsed time for households 100.0669 sec
Iteration 5
Elapsed time for kappa 189.3417 sec
Elapsed time for experts 12.6989 sec
Elapsed time for households 40.3088 sec
Iteration 6
Elapsed time for kappa 192.8773 sec
Elapsed time for experts 108.1680 sec
Elapsed time for households 51.1725 sec
Iteration 7
Elapsed time for kappa 73.9924 sec
Elapsed time for experts 108.2456 sec
Elapsed time for households 92.6991 sec
Iteration 8
Elapsed time for kappa 88.6621 sec
Elapsed time for experts 105.1644 sec
Elapsed time for households 44.1945 sec
Iteration 9
Elapsed time for kappa 59.9405 sec
Elapsed time for experts 12.6557 sec
Elapsed time for households 94.7789 sec
Iteration 10
Elapsed time for kappa 83.5261 sec
Elapsed time for experts 108.8447 sec
Elapsed time for households 60.5659 sec
Iteration 11
Elapsed time for kappa 81.0112 sec
Elapsed time for experts 105.8276 sec
Elapsed time for households 33.2769 sec
Iteration 12
Elapsed time for kappa 92.7406 sec
Elapsed time for experts 105.5855 sec
Elapsed time for households 55.4019 sec
Iteration 13
Elapsed time for kappa 85.6382 sec
Elapsed time for experts 116.9296 sec
Elapsed time for households 62.2531 sec
Iteration 14
Elapsed time for kappa 89.0204 sec
Elapsed time for experts 106.3430 sec
Elapsed time for households 95.1606 sec
Elapsed time for training 4513.2351 sec
