/tmp/slurmd/job22784814/slurm_script: line 19: deactivate: No such file or directory
Iteration 0
Elapsed time for kappa 127.6080 sec
Elapsed time for experts 43.4027 sec
Elapsed time for households 39.4187 sec
Iteration 1
Elapsed time for kappa 96.1795 sec
Elapsed time for experts 40.8241 sec
Elapsed time for households 37.5934 sec
Iteration 2
Elapsed time for kappa 93.9213 sec
Elapsed time for experts 43.8093 sec
Elapsed time for households 36.5691 sec
Iteration 3
Elapsed time for kappa 89.1913 sec
Elapsed time for experts 43.0285 sec
Elapsed time for households 37.8790 sec
Iteration 4
Elapsed time for kappa 92.4146 sec
Elapsed time for experts 38.2475 sec
Elapsed time for households 41.6914 sec
Iteration 5
Elapsed time for kappa 92.7554 sec
Elapsed time for experts 32.3741 sec
Elapsed time for households 43.2534 sec
Iteration 6
Elapsed time for kappa 95.1449 sec
Elapsed time for experts 34.3981 sec
Elapsed time for households 36.1582 sec
Iteration 7
Elapsed time for kappa 106.8061 sec
Elapsed time for experts 38.3655 sec
Elapsed time for households 39.5263 sec
Iteration 8
Elapsed time for kappa 94.6579 sec
Elapsed time for experts 39.9224 sec
Elapsed time for households 31.6906 sec
Iteration 9
Elapsed time for kappa 101.3390 sec
Elapsed time for experts 38.6713 sec
Elapsed time for households 30.9740 sec
Iteration 10
Elapsed time for kappa 99.5313 sec
Elapsed time for experts 39.4735 sec
Elapsed time for households 35.1607 sec
Iteration 11
Elapsed time for kappa 97.3439 sec
Elapsed time for experts 39.4278 sec
Elapsed time for households 37.7602 sec
Iteration 12
Elapsed time for kappa 95.6969 sec
Elapsed time for experts 38.4547 sec
Elapsed time for households 45.4755 sec
Iteration 13
Elapsed time for kappa 98.9578 sec
Elapsed time for experts 39.3596 sec
Elapsed time for households 37.2288 sec
Iteration 14
Elapsed time for kappa 94.0119 sec
Elapsed time for experts 41.9620 sec
Elapsed time for households 37.9775 sec
Elapsed time for training 2636.7151 sec
