Iteration 0
Elapsed time for kappa 69.7237 sec
Elapsed time for experts 22.0485 sec
Elapsed time for households 20.0297 sec
Iteration 1
Elapsed time for kappa 34.6950 sec
Elapsed time for experts 13.5733 sec
Elapsed time for households 14.5040 sec
Iteration 2
Elapsed time for kappa 41.3503 sec
Elapsed time for experts 13.7766 sec
Elapsed time for households 16.5787 sec
Iteration 3
Elapsed time for kappa 35.3394 sec
Elapsed time for experts 13.0409 sec
Elapsed time for households 12.0594 sec
Iteration 4
Elapsed time for kappa 34.2315 sec
Elapsed time for experts 15.9784 sec
Elapsed time for households 14.3182 sec
Iteration 5
Elapsed time for kappa 33.8057 sec
Elapsed time for experts 15.9540 sec
Elapsed time for households 11.8003 sec
Iteration 6
Elapsed time for kappa 33.7638 sec
Elapsed time for experts 14.5275 sec
Elapsed time for households 11.8587 sec
Iteration 7
Elapsed time for kappa 34.1760 sec
Elapsed time for experts 15.1520 sec
Elapsed time for households 12.9897 sec
Iteration 8
Elapsed time for kappa 43.9479 sec
Elapsed time for experts 14.1571 sec
Elapsed time for households 13.1012 sec
Iteration 9
Elapsed time for kappa 38.5458 sec
Elapsed time for experts 13.7708 sec
Elapsed time for households 11.1479 sec
Iteration 10
Elapsed time for kappa 36.4571 sec
Elapsed time for experts 15.7096 sec
Elapsed time for households 13.2551 sec
Iteration 11
Elapsed time for kappa 35.0162 sec
Elapsed time for experts 15.3701 sec
Elapsed time for households 11.9186 sec
Iteration 12
Elapsed time for kappa 34.1645 sec
Elapsed time for experts 16.2286 sec
Elapsed time for households 11.6856 sec
Iteration 13
Elapsed time for kappa 36.8103 sec
Elapsed time for experts 16.1975 sec
Elapsed time for households 18.9370 sec
Iteration 14
Elapsed time for kappa 35.0405 sec
Elapsed time for experts 13.4479 sec
Elapsed time for households 12.1880 sec
Iteration 15
Elapsed time for kappa 33.9878 sec
Elapsed time for experts 16.1798 sec
Elapsed time for households 11.7687 sec
Iteration 16
Elapsed time for kappa 37.9688 sec
Elapsed time for experts 13.2257 sec
Elapsed time for households 11.7075 sec
Iteration 17
Elapsed time for kappa 36.0785 sec
Elapsed time for experts 14.1991 sec
Elapsed time for households 12.9125 sec
Iteration 18
Elapsed time for kappa 35.6978 sec
Elapsed time for experts 13.1265 sec
Elapsed time for households 12.5490 sec
Iteration 19
Elapsed time for kappa 35.0081 sec
Elapsed time for experts 12.7893 sec
Elapsed time for households 13.1862 sec
Iteration 20
Elapsed time for kappa 44.4567 sec
Elapsed time for experts 13.6573 sec
Elapsed time for households 11.7346 sec
Iteration 21
Elapsed time for kappa 35.0390 sec
Elapsed time for experts 16.4570 sec
Elapsed time for households 11.8508 sec
Iteration 22
Elapsed time for kappa 37.7685 sec
Elapsed time for experts 15.3527 sec
Elapsed time for households 13.4100 sec
Iteration 23
Elapsed time for kappa 35.0836 sec
Elapsed time for experts 16.0721 sec
Elapsed time for households 11.7098 sec
Iteration 24
Elapsed time for kappa 36.7981 sec
Elapsed time for experts 13.7676 sec
Elapsed time for households 13.6109 sec
Iteration 25
Elapsed time for kappa 34.8162 sec
Elapsed time for experts 13.0065 sec
Elapsed time for households 19.2834 sec
Iteration 26
Elapsed time for kappa 35.1420 sec
Elapsed time for experts 13.8244 sec
Elapsed time for households 12.0035 sec
Iteration 27
Elapsed time for kappa 34.6230 sec
Elapsed time for experts 13.6735 sec
Elapsed time for households 13.7664 sec
Iteration 28
Elapsed time for kappa 35.1706 sec
Elapsed time for experts 13.5100 sec
Elapsed time for households 13.8068 sec
Iteration 29
Elapsed time for kappa 35.4785 sec
Elapsed time for experts 16.4996 sec
Elapsed time for households 11.8104 sec
Iteration 30
Elapsed time for kappa 34.4062 sec
Elapsed time for experts 13.5898 sec
Elapsed time for households 11.3090 sec
Iteration 31
Elapsed time for kappa 33.2581 sec
Elapsed time for experts 21.7461 sec
Elapsed time for households 15.4575 sec
Iteration 32
Elapsed time for kappa 37.8428 sec
Elapsed time for experts 14.1397 sec
Elapsed time for households 14.9096 sec
Iteration 33
Elapsed time for kappa 36.5852 sec
Elapsed time for experts 12.5622 sec
Elapsed time for households 13.4547 sec
Iteration 34
Elapsed time for kappa 37.9986 sec
Elapsed time for experts 15.7240 sec
Elapsed time for households 13.4751 sec
Iteration 35
Elapsed time for kappa 35.0040 sec
Elapsed time for experts 12.9559 sec
Elapsed time for households 11.2741 sec
Iteration 36
Elapsed time for kappa 33.8585 sec
Elapsed time for experts 12.1357 sec
Elapsed time for households 11.4906 sec
Iteration 37
Elapsed time for kappa 33.4796 sec
Elapsed time for experts 23.4262 sec
Elapsed time for households 14.4226 sec
Iteration 38
Elapsed time for kappa 36.6933 sec
Elapsed time for experts 13.4507 sec
Elapsed time for households 12.3303 sec
Iteration 39
Elapsed time for kappa 34.9140 sec
Elapsed time for experts 12.9850 sec
Elapsed time for households 14.5474 sec
Iteration 40
Elapsed time for kappa 35.2089 sec
Elapsed time for experts 15.8060 sec
Elapsed time for households 12.1864 sec
Iteration 41
Elapsed time for kappa 34.4291 sec
Elapsed time for experts 13.7568 sec
Elapsed time for households 11.6416 sec
Iteration 42
Elapsed time for kappa 34.0751 sec
Elapsed time for experts 13.2079 sec
Elapsed time for households 11.5066 sec
Iteration 43
Elapsed time for kappa 33.4083 sec
Elapsed time for experts 21.7012 sec
Elapsed time for households 12.4880 sec
Iteration 44
Elapsed time for kappa 43.2332 sec
Elapsed time for experts 14.7576 sec
Elapsed time for households 12.6155 sec
Iteration 45
Elapsed time for kappa 35.5333 sec
Elapsed time for experts 14.8618 sec
Elapsed time for households 11.5839 sec
Iteration 46
Elapsed time for kappa 34.9911 sec
Elapsed time for experts 13.6195 sec
Elapsed time for households 11.2738 sec
Iteration 47
Elapsed time for kappa 34.4216 sec
Elapsed time for experts 15.3712 sec
Elapsed time for households 13.5784 sec
Iteration 48
Elapsed time for kappa 34.9040 sec
Elapsed time for experts 12.8094 sec
Elapsed time for households 11.9502 sec
Iteration 49
Elapsed time for kappa 34.1879 sec
Elapsed time for experts 21.9139 sec
Elapsed time for households 12.1859 sec
Iteration 50
Elapsed time for kappa 40.0403 sec
Elapsed time for experts 13.6317 sec
Elapsed time for households 14.4177 sec
Iteration 51
Elapsed time for kappa 36.2467 sec
Elapsed time for experts 15.7122 sec
Elapsed time for households 11.5190 sec
Iteration 52
Elapsed time for kappa 34.6210 sec
Elapsed time for experts 13.9578 sec
Elapsed time for households 11.8181 sec
Iteration 53
Elapsed time for kappa 38.1840 sec
Elapsed time for experts 15.6865 sec
Elapsed time for households 13.5355 sec
Iteration 54
Elapsed time for kappa 34.6478 sec
Elapsed time for experts 12.8540 sec
Elapsed time for households 11.6803 sec
Iteration 55
Elapsed time for kappa 45.6108 sec
Elapsed time for experts 15.0772 sec
Elapsed time for households 16.0980 sec
Iteration 56
Elapsed time for kappa 36.3141 sec
Elapsed time for experts 17.3428 sec
Elapsed time for households 12.6079 sec
Iteration 57
Elapsed time for kappa 35.3105 sec
Elapsed time for experts 15.0704 sec
Elapsed time for households 14.1234 sec
Iteration 58
Elapsed time for kappa 35.2581 sec
Elapsed time for experts 13.2900 sec
Elapsed time for households 12.0978 sec
Iteration 59
Elapsed time for kappa 34.4895 sec
Elapsed time for experts 12.8210 sec
Elapsed time for households 11.1550 sec
Iteration 60
Elapsed time for kappa 34.1357 sec
Elapsed time for experts 12.6474 sec
Elapsed time for households 11.0483 sec
Iteration 61
Elapsed time for kappa 45.6028 sec
Elapsed time for experts 14.6909 sec
Elapsed time for households 12.5326 sec
Iteration 62
Elapsed time for kappa 35.7798 sec
Elapsed time for experts 13.0632 sec
Elapsed time for households 12.0265 sec
Iteration 63
Elapsed time for kappa 35.1732 sec
Elapsed time for experts 16.2036 sec
Elapsed time for households 11.9947 sec
Iteration 64
Elapsed time for kappa 35.3914 sec
Elapsed time for experts 15.7237 sec
Elapsed time for households 11.7977 sec
Iteration 65
Elapsed time for kappa 34.3769 sec
Elapsed time for experts 12.8158 sec
Elapsed time for households 11.4181 sec
Iteration 66
Elapsed time for kappa 34.4311 sec
Elapsed time for experts 15.4335 sec
Elapsed time for households 14.0063 sec
Iteration 67
Elapsed time for kappa 53.3299 sec
Elapsed time for experts 16.5244 sec
Elapsed time for households 13.0178 sec
Iteration 68
Elapsed time for kappa 37.8069 sec
Elapsed time for experts 13.4384 sec
Elapsed time for households 12.1359 sec
Iteration 69
Elapsed time for kappa 36.5821 sec
Elapsed time for experts 13.8263 sec
Elapsed time for households 14.0672 sec
Iteration 70
Elapsed time for kappa 36.0438 sec
Elapsed time for experts 12.9432 sec
Elapsed time for households 11.7972 sec
Iteration 71
Elapsed time for kappa 37.4587 sec
Elapsed time for experts 13.7970 sec
Elapsed time for households 13.5474 sec
Iteration 72
Elapsed time for kappa 35.3185 sec
Elapsed time for experts 15.2483 sec
Elapsed time for households 14.1046 sec
Iteration 73
Elapsed time for kappa 46.5617 sec
Elapsed time for experts 13.8619 sec
Elapsed time for households 15.2068 sec
Iteration 74
Elapsed time for kappa 37.2547 sec
Elapsed time for experts 13.3422 sec
Elapsed time for households 12.3933 sec
Iteration 75
Elapsed time for kappa 35.4404 sec
Elapsed time for experts 13.4485 sec
Elapsed time for households 11.9721 sec
Iteration 76
Elapsed time for kappa 34.7440 sec
Elapsed time for experts 14.2233 sec
Elapsed time for households 11.8118 sec
Iteration 77
Elapsed time for kappa 34.7266 sec
Elapsed time for experts 15.6811 sec
Elapsed time for households 13.1979 sec
Iteration 78
Elapsed time for kappa 35.8803 sec
Elapsed time for experts 12.8570 sec
Elapsed time for households 12.5795 sec
Iteration 79
Elapsed time for kappa 45.6391 sec
Elapsed time for experts 14.6513 sec
Elapsed time for households 12.5263 sec
Iteration 80
Elapsed time for kappa 35.2058 sec
Elapsed time for experts 13.9751 sec
Elapsed time for households 12.3337 sec
Iteration 81
Elapsed time for kappa 34.7809 sec
Elapsed time for experts 13.7492 sec
Elapsed time for households 11.7520 sec
Iteration 82
Elapsed time for kappa 34.4110 sec
Elapsed time for experts 15.8731 sec
Elapsed time for households 13.0399 sec
Iteration 83
Elapsed time for kappa 35.9218 sec
Elapsed time for experts 13.5936 sec
Elapsed time for households 11.6872 sec
Iteration 84
Elapsed time for kappa 33.9584 sec
Elapsed time for experts 15.2965 sec
Elapsed time for households 11.8848 sec
Iteration 85
Elapsed time for kappa 50.0173 sec
Elapsed time for experts 18.3041 sec
Elapsed time for households 14.7148 sec
Iteration 86
Elapsed time for kappa 37.3077 sec
Elapsed time for experts 14.7802 sec
Elapsed time for households 11.4725 sec
Iteration 87
Elapsed time for kappa 38.7864 sec
Elapsed time for experts 14.0703 sec
Elapsed time for households 13.8364 sec
Iteration 88
Elapsed time for kappa 36.4273 sec
Elapsed time for experts 16.0186 sec
Elapsed time for households 13.9994 sec
Iteration 89
Elapsed time for kappa 35.8731 sec
Elapsed time for experts 13.8827 sec
Elapsed time for households 11.9485 sec
Iteration 90
Elapsed time for kappa 37.5196 sec
Elapsed time for experts 13.4838 sec
Elapsed time for households 21.6360 sec
Iteration 91
Elapsed time for kappa 37.1999 sec
Elapsed time for experts 13.7878 sec
Elapsed time for households 12.2825 sec
Iteration 92
Elapsed time for kappa 35.3822 sec
Elapsed time for experts 13.2051 sec
Elapsed time for households 11.7837 sec
Iteration 93
Elapsed time for kappa 34.7054 sec
Elapsed time for experts 14.1198 sec
Elapsed time for households 13.2448 sec
Iteration 94
Elapsed time for kappa 35.4049 sec
Elapsed time for experts 12.9968 sec
Elapsed time for households 13.9983 sec
Iteration 95
Elapsed time for kappa 36.9403 sec
Elapsed time for experts 16.9456 sec
Elapsed time for households 11.6300 sec
Iteration 96
Elapsed time for kappa 36.9824 sec
Elapsed time for experts 26.4447 sec
Elapsed time for households 14.6358 sec
Iteration 97
Elapsed time for kappa 38.4680 sec
Elapsed time for experts 14.4055 sec
Elapsed time for households 12.6262 sec
Iteration 98
Elapsed time for kappa 36.9082 sec
Elapsed time for experts 14.4431 sec
Elapsed time for households 13.0836 sec
Iteration 99
Elapsed time for kappa 39.2027 sec
Elapsed time for experts 13.2933 sec
Elapsed time for households 12.3664 sec
Iteration 100
Elapsed time for kappa 35.9492 sec
Elapsed time for experts 13.0422 sec
Elapsed time for households 13.7540 sec
Iteration 101
Elapsed time for kappa 35.4322 sec
Elapsed time for experts 13.7690 sec
Elapsed time for households 13.9819 sec
Iteration 102
Elapsed time for kappa 35.6144 sec
Elapsed time for experts 25.8776 sec
Elapsed time for households 14.8370 sec
Iteration 103
Elapsed time for kappa 39.4167 sec
Elapsed time for experts 14.9795 sec
Elapsed time for households 12.3393 sec
Iteration 104
Elapsed time for kappa 38.6507 sec
Elapsed time for experts 16.9242 sec
Elapsed time for households 14.5437 sec
Iteration 105
Elapsed time for kappa 38.3567 sec
Elapsed time for experts 16.6629 sec
Elapsed time for households 13.7793 sec
Iteration 106
Elapsed time for kappa 37.2297 sec
Elapsed time for experts 15.1283 sec
Elapsed time for households 13.7716 sec
Iteration 107
Elapsed time for kappa 37.0288 sec
Elapsed time for experts 12.2420 sec
Elapsed time for households 11.3271 sec
Iteration 108
Elapsed time for kappa 36.4512 sec
Elapsed time for experts 24.8486 sec
Elapsed time for households 13.9800 sec
Iteration 109
Elapsed time for kappa 37.1195 sec
Elapsed time for experts 14.0760 sec
Elapsed time for households 12.3828 sec
Iteration 110
Elapsed time for kappa 39.7229 sec
Elapsed time for experts 13.9236 sec
Elapsed time for households 14.4007 sec
Iteration 111
Elapsed time for kappa 37.2123 sec
Elapsed time for experts 13.8093 sec
Elapsed time for households 11.7989 sec
Iteration 112
Elapsed time for kappa 34.7646 sec
Elapsed time for experts 15.9134 sec
Elapsed time for households 14.0361 sec
Iteration 113
Elapsed time for kappa 35.1602 sec
Elapsed time for experts 16.1323 sec
Elapsed time for households 12.0121 sec
Iteration 114
Elapsed time for kappa 34.6261 sec
Elapsed time for experts 23.0479 sec
Elapsed time for households 12.3138 sec
Iteration 115
Elapsed time for kappa 37.1230 sec
Elapsed time for experts 14.3712 sec
Elapsed time for households 15.4794 sec
Iteration 116
Elapsed time for kappa 41.0244 sec
Elapsed time for experts 13.7643 sec
Elapsed time for households 14.3567 sec
Iteration 117
Elapsed time for kappa 36.8849 sec
Elapsed time for experts 13.2932 sec
Elapsed time for households 13.6403 sec
Iteration 118
Elapsed time for kappa 35.4358 sec
Elapsed time for experts 14.8691 sec
Elapsed time for households 12.1783 sec
Iteration 119
Elapsed time for kappa 36.0764 sec
Elapsed time for experts 14.5713 sec
Elapsed time for households 13.7411 sec
Iteration 120
Elapsed time for kappa 47.0859 sec
Elapsed time for experts 14.9954 sec
Elapsed time for households 12.7834 sec
Iteration 121
Elapsed time for kappa 40.9359 sec
Elapsed time for experts 14.0913 sec
Elapsed time for households 12.4465 sec
Iteration 122
Elapsed time for kappa 38.1261 sec
Elapsed time for experts 13.6713 sec
Elapsed time for households 14.2606 sec
Iteration 123
Elapsed time for kappa 39.7566 sec
Elapsed time for experts 14.0201 sec
Elapsed time for households 13.4669 sec
Iteration 124
Elapsed time for kappa 36.8286 sec
Elapsed time for experts 15.9252 sec
Elapsed time for households 14.2482 sec
Iteration 125
Elapsed time for kappa 37.0549 sec
Elapsed time for experts 13.4138 sec
Elapsed time for households 13.9522 sec
Iteration 126
Elapsed time for kappa 48.7384 sec
Elapsed time for experts 15.2846 sec
Elapsed time for households 12.6045 sec
Iteration 127
Elapsed time for kappa 36.8091 sec
Elapsed time for experts 13.7421 sec
Elapsed time for households 14.4360 sec
Iteration 128
Elapsed time for kappa 39.2142 sec
Elapsed time for experts 14.2146 sec
Elapsed time for households 12.3435 sec
Iteration 129
Elapsed time for kappa 37.8119 sec
Elapsed time for experts 14.4284 sec
Elapsed time for households 13.6777 sec
Iteration 130
Elapsed time for kappa 40.6090 sec
Elapsed time for experts 14.5960 sec
Elapsed time for households 12.3252 sec
Iteration 131
Elapsed time for kappa 36.9407 sec
Elapsed time for experts 13.3974 sec
Elapsed time for households 11.7225 sec
Iteration 132
Elapsed time for kappa 49.5428 sec
Elapsed time for experts 18.4910 sec
Elapsed time for households 14.6362 sec
Iteration 133
Elapsed time for kappa 39.1765 sec
Elapsed time for experts 17.5174 sec
Elapsed time for households 13.9260 sec
Iteration 134
Elapsed time for kappa 38.6043 sec
Elapsed time for experts 14.4499 sec
Elapsed time for households 14.3419 sec
Iteration 135
Elapsed time for kappa 37.4775 sec
Elapsed time for experts 13.6650 sec
Elapsed time for households 11.8499 sec
Iteration 136
Elapsed time for kappa 39.2792 sec
Elapsed time for experts 13.2282 sec
Elapsed time for households 13.4099 sec
Iteration 137
Elapsed time for kappa 36.3954 sec
Elapsed time for experts 14.5171 sec
Elapsed time for households 13.3221 sec
Iteration 138
Elapsed time for kappa 48.6341 sec
Elapsed time for experts 18.6418 sec
Elapsed time for households 13.7405 sec
Iteration 139
Elapsed time for kappa 41.0551 sec
Elapsed time for experts 14.5954 sec
Elapsed time for households 15.2436 sec
Iteration 140
Elapsed time for kappa 39.6773 sec
Elapsed time for experts 17.8956 sec
Elapsed time for households 13.6801 sec
Iteration 141
Elapsed time for kappa 35.6998 sec
Elapsed time for experts 14.0210 sec
Elapsed time for households 11.8412 sec
Iteration 142
Elapsed time for kappa 35.3029 sec
Elapsed time for experts 13.2437 sec
Elapsed time for households 11.4108 sec
Iteration 143
Elapsed time for kappa 35.4525 sec
Elapsed time for experts 12.6267 sec
Elapsed time for households 11.1772 sec
Iteration 144
Elapsed time for kappa 47.7722 sec
Elapsed time for experts 14.9987 sec
Elapsed time for households 12.6305 sec
Iteration 145
Elapsed time for kappa 37.1959 sec
Elapsed time for experts 13.6685 sec
Elapsed time for households 13.2827 sec
Iteration 146
Elapsed time for kappa 36.8917 sec
Elapsed time for experts 14.0710 sec
Elapsed time for households 11.8994 sec
Iteration 147
Elapsed time for kappa 39.5090 sec
Elapsed time for experts 16.4821 sec
Elapsed time for households 14.3916 sec
Iteration 148
Elapsed time for kappa 38.9057 sec
Elapsed time for experts 16.4915 sec
Elapsed time for households 13.9935 sec
Iteration 149
Elapsed time for kappa 35.1356 sec
Elapsed time for experts 13.6680 sec
Elapsed time for households 11.4769 sec
Iteration 150
Elapsed time for kappa 45.6518 sec
Elapsed time for experts 17.8417 sec
Elapsed time for households 14.7556 sec
Iteration 151
Elapsed time for kappa 40.2909 sec
Elapsed time for experts 15.4492 sec
Elapsed time for households 12.5152 sec
Iteration 152
Elapsed time for kappa 39.4141 sec
Elapsed time for experts 13.9583 sec
Elapsed time for households 14.3129 sec
Iteration 153
Elapsed time for kappa 37.0912 sec
Elapsed time for experts 13.4110 sec
Elapsed time for households 11.8137 sec
Iteration 154
Elapsed time for kappa 35.2810 sec
Elapsed time for experts 15.7871 sec
Elapsed time for households 14.1387 sec
Iteration 155
Elapsed time for kappa 37.6940 sec
Elapsed time for experts 12.5909 sec
Elapsed time for households 13.5149 sec
Iteration 156
Elapsed time for kappa 47.5813 sec
Elapsed time for experts 15.2039 sec
Elapsed time for households 12.1601 sec
Iteration 157
Elapsed time for kappa 36.6197 sec
Elapsed time for experts 14.5736 sec
Elapsed time for households 12.5154 sec
Iteration 158
Elapsed time for kappa 36.8907 sec
Elapsed time for experts 14.1249 sec
Elapsed time for households 11.6608 sec
Iteration 159
Elapsed time for kappa 35.4268 sec
Elapsed time for experts 13.5497 sec
Elapsed time for households 11.8639 sec
Iteration 160
Elapsed time for kappa 35.4991 sec
Elapsed time for experts 16.2148 sec
Elapsed time for households 12.0022 sec
Iteration 161
Elapsed time for kappa 35.4840 sec
Elapsed time for experts 21.2996 sec
Elapsed time for households 13.5989 sec
Iteration 162
Elapsed time for kappa 37.2077 sec
Elapsed time for experts 14.1128 sec
Elapsed time for households 13.4174 sec
Iteration 163
Elapsed time for kappa 36.4704 sec
Elapsed time for experts 13.6378 sec
Elapsed time for households 12.4061 sec
Iteration 164
Elapsed time for kappa 35.8417 sec
Elapsed time for experts 14.0387 sec
Elapsed time for households 11.8320 sec
Iteration 165
Elapsed time for kappa 34.6038 sec
Elapsed time for experts 14.5425 sec
Elapsed time for households 14.2868 sec
Iteration 166
Elapsed time for kappa 38.3649 sec
Elapsed time for experts 15.7310 sec
Elapsed time for households 13.5708 sec
Iteration 167
Elapsed time for kappa 34.8404 sec
Elapsed time for experts 15.3088 sec
Elapsed time for households 25.1171 sec
Iteration 168
Elapsed time for kappa 40.2346 sec
Elapsed time for experts 14.1094 sec
Elapsed time for households 15.2470 sec
Iteration 169
Elapsed time for kappa 39.1802 sec
Elapsed time for experts 17.7851 sec
Elapsed time for households 13.9376 sec
Iteration 170
Elapsed time for kappa 38.6519 sec
Elapsed time for experts 14.2718 sec
Elapsed time for households 14.0440 sec
Iteration 171
Elapsed time for kappa 37.0116 sec
Elapsed time for experts 17.0719 sec
Elapsed time for households 13.2253 sec
Iteration 172
Elapsed time for kappa 36.1307 sec
Elapsed time for experts 13.5969 sec
Elapsed time for households 11.9237 sec
Iteration 173
Elapsed time for kappa 37.4592 sec
Elapsed time for experts 16.1819 sec
Elapsed time for households 24.1543 sec
Iteration 174
Elapsed time for kappa 38.7827 sec
Elapsed time for experts 14.3715 sec
Elapsed time for households 15.0219 sec
Iteration 175
Elapsed time for kappa 39.9607 sec
Elapsed time for experts 15.3955 sec
Elapsed time for households 14.9076 sec
Iteration 176
Elapsed time for kappa 37.5258 sec
Elapsed time for experts 15.2904 sec
Elapsed time for households 12.5768 sec
Iteration 177
Elapsed time for kappa 41.9120 sec
Elapsed time for experts 14.5330 sec
Elapsed time for households 12.8327 sec
Iteration 178
Elapsed time for kappa 36.1266 sec
Elapsed time for experts 13.1472 sec
Elapsed time for households 14.7373 sec
Iteration 179
Elapsed time for kappa 34.8355 sec
Elapsed time for experts 15.5141 sec
Elapsed time for households 13.8569 sec
Iteration 180
Elapsed time for kappa 49.0650 sec
Elapsed time for experts 18.3477 sec
Elapsed time for households 13.4697 sec
Iteration 181
Elapsed time for kappa 37.2315 sec
Elapsed time for experts 14.0246 sec
Elapsed time for households 12.4713 sec
Iteration 182
Elapsed time for kappa 35.8888 sec
Elapsed time for experts 14.5707 sec
Elapsed time for households 12.9182 sec
Iteration 183
Elapsed time for kappa 36.3630 sec
Elapsed time for experts 13.3754 sec
Elapsed time for households 11.5753 sec
Iteration 184
Elapsed time for kappa 35.5844 sec
Elapsed time for experts 16.4941 sec
Elapsed time for households 12.0759 sec
Iteration 185
Elapsed time for kappa 35.6929 sec
Elapsed time for experts 15.9106 sec
Elapsed time for households 24.5528 sec
Iteration 186
Elapsed time for kappa 41.9234 sec
Elapsed time for experts 17.0652 sec
Elapsed time for households 15.2794 sec
Iteration 187
Elapsed time for kappa 37.3999 sec
Elapsed time for experts 13.5624 sec
Elapsed time for households 15.0489 sec
Iteration 188
Elapsed time for kappa 37.3871 sec
Elapsed time for experts 13.4631 sec
Elapsed time for households 11.6691 sec
Iteration 189
Elapsed time for kappa 36.4654 sec
Elapsed time for experts 16.4799 sec
Elapsed time for households 12.8523 sec
Iteration 190
Elapsed time for kappa 38.0542 sec
Elapsed time for experts 16.1081 sec
Elapsed time for households 15.8243 sec
Iteration 191
Elapsed time for kappa 37.1363 sec
Elapsed time for experts 26.7113 sec
Elapsed time for households 14.9212 sec
Iteration 192
Elapsed time for kappa 39.9548 sec
Elapsed time for experts 16.8337 sec
Elapsed time for households 14.8782 sec
Iteration 193
Elapsed time for kappa 39.1050 sec
Elapsed time for experts 17.2542 sec
Elapsed time for households 15.0459 sec
Iteration 194
Elapsed time for kappa 38.3743 sec
Elapsed time for experts 14.1358 sec
Elapsed time for households 12.0440 sec
Iteration 195
Elapsed time for kappa 36.6272 sec
Elapsed time for experts 13.1705 sec
Elapsed time for households 13.0407 sec
Iteration 196
Elapsed time for kappa 37.5641 sec
Elapsed time for experts 13.2056 sec
Elapsed time for households 15.5946 sec
Iteration 197
Elapsed time for kappa 35.7250 sec
Elapsed time for experts 13.2519 sec
Elapsed time for households 23.5254 sec
Iteration 198
Elapsed time for kappa 42.1544 sec
Elapsed time for experts 15.2006 sec
Elapsed time for households 14.8910 sec
Iteration 199
Elapsed time for kappa 40.2331 sec
Elapsed time for experts 14.4937 sec
Elapsed time for households 13.7003 sec
Iteration 200
Elapsed time for kappa 41.1210 sec
Elapsed time for experts 16.7270 sec
Elapsed time for households 14.4379 sec
Iteration 201
Elapsed time for kappa 36.2910 sec
Elapsed time for experts 13.8209 sec
Elapsed time for households 15.1497 sec
Iteration 202
Elapsed time for kappa 37.5781 sec
Elapsed time for experts 14.9630 sec
Elapsed time for households 13.6065 sec
Iteration 203
Elapsed time for kappa 35.4974 sec
Elapsed time for experts 13.3427 sec
Elapsed time for households 24.2010 sec
Iteration 204
Elapsed time for kappa 41.7419 sec
Elapsed time for experts 18.8871 sec
Elapsed time for households 15.9410 sec
Iteration 205
Elapsed time for kappa 38.0105 sec
Elapsed time for experts 14.2568 sec
Elapsed time for households 12.1114 sec
Iteration 206
Elapsed time for kappa 36.5757 sec
Elapsed time for experts 13.2567 sec
Elapsed time for households 12.1642 sec
Iteration 207
Elapsed time for kappa 36.0231 sec
Elapsed time for experts 13.4552 sec
Elapsed time for households 11.5413 sec
Iteration 208
Elapsed time for kappa 35.0688 sec
Elapsed time for experts 16.8751 sec
Elapsed time for households 12.2337 sec
Iteration 209
Elapsed time for kappa 34.8174 sec
Elapsed time for experts 14.8358 sec
Elapsed time for households 14.0989 sec
Iteration 210
Elapsed time for kappa 48.5737 sec
Elapsed time for experts 14.5571 sec
Elapsed time for households 12.7217 sec
Iteration 211
Elapsed time for kappa 37.7703 sec
Elapsed time for experts 14.2449 sec
Elapsed time for households 12.7129 sec
Iteration 212
Elapsed time for kappa 40.7293 sec
Elapsed time for experts 16.7979 sec
Elapsed time for households 14.6442 sec
Iteration 213
Elapsed time for kappa 36.6034 sec
Elapsed time for experts 16.8458 sec
Elapsed time for households 12.9615 sec
Iteration 214
Elapsed time for kappa 35.8222 sec
Elapsed time for experts 13.3389 sec
Elapsed time for households 11.8546 sec
Iteration 215
Elapsed time for kappa 35.1394 sec
Elapsed time for experts 13.9174 sec
Elapsed time for households 20.4355 sec
Iteration 216
Elapsed time for kappa 38.2379 sec
Elapsed time for experts 18.7497 sec
Elapsed time for households 13.6670 sec
Iteration 217
Elapsed time for kappa 37.8706 sec
Elapsed time for experts 13.8277 sec
Elapsed time for households 15.1119 sec
Iteration 218
Elapsed time for kappa 37.4955 sec
Elapsed time for experts 16.8143 sec
Elapsed time for households 15.3505 sec
Iteration 219
Elapsed time for kappa 36.3276 sec
Elapsed time for experts 16.4817 sec
Elapsed time for households 12.4229 sec
Iteration 220
Elapsed time for kappa 35.4457 sec
Elapsed time for experts 13.2748 sec
Elapsed time for households 11.3236 sec
Iteration 221
Elapsed time for kappa 38.6586 sec
Elapsed time for experts 12.8179 sec
Elapsed time for households 25.9990 sec
Iteration 222
Elapsed time for kappa 39.8027 sec
Elapsed time for experts 17.1710 sec
Elapsed time for households 14.4505 sec
Iteration 223
Elapsed time for kappa 39.3954 sec
Elapsed time for experts 14.2539 sec
Elapsed time for households 12.2686 sec
Iteration 224
Elapsed time for kappa 37.1142 sec
Elapsed time for experts 13.5383 sec
Elapsed time for households 11.8476 sec
Iteration 225
Elapsed time for kappa 38.4338 sec
Elapsed time for experts 15.9452 sec
Elapsed time for households 14.2591 sec
Iteration 226
Elapsed time for kappa 37.2950 sec
Elapsed time for experts 13.0054 sec
Elapsed time for households 11.8499 sec
Iteration 227
Elapsed time for kappa 34.6860 sec
Elapsed time for experts 15.8696 sec
Elapsed time for households 13.6209 sec
Iteration 228
Elapsed time for kappa 49.8550 sec
Elapsed time for experts 17.6897 sec
Elapsed time for households 14.5369 sec
Iteration 229
Elapsed time for kappa 38.5617 sec
Elapsed time for experts 16.5358 sec
Elapsed time for households 13.4349 sec
Iteration 230
Elapsed time for kappa 37.2410 sec
Elapsed time for experts 17.2114 sec
Elapsed time for households 13.2243 sec
Iteration 231
Elapsed time for kappa 36.2858 sec
Elapsed time for experts 16.7333 sec
Elapsed time for households 13.1349 sec
Iteration 232
Elapsed time for kappa 36.8080 sec
Elapsed time for experts 12.8460 sec
Elapsed time for households 14.3307 sec
Iteration 233
Elapsed time for kappa 36.1855 sec
Elapsed time for experts 13.6105 sec
Elapsed time for households 22.4130 sec
Iteration 234
Elapsed time for kappa 36.7852 sec
Elapsed time for experts 14.7529 sec
Elapsed time for households 12.3770 sec
Iteration 235
Elapsed time for kappa 36.3802 sec
Elapsed time for experts 16.9489 sec
Elapsed time for households 12.9174 sec
Iteration 236
Elapsed time for kappa 36.3659 sec
Elapsed time for experts 16.2464 sec
Elapsed time for households 15.4612 sec
Iteration 237
Elapsed time for kappa 36.9423 sec
Elapsed time for experts 16.4512 sec
Elapsed time for households 12.1668 sec
Iteration 238
Elapsed time for kappa 37.7780 sec
Elapsed time for experts 16.2074 sec
Elapsed time for households 12.3325 sec
Iteration 239
Elapsed time for kappa 36.4823 sec
Elapsed time for experts 16.0476 sec
Elapsed time for households 11.7315 sec
Iteration 240
Elapsed time for kappa 46.2556 sec
Elapsed time for experts 13.6109 sec
Elapsed time for households 16.3230 sec
Iteration 241
Elapsed time for kappa 37.5464 sec
Elapsed time for experts 12.8901 sec
Elapsed time for households 11.7352 sec
Iteration 242
Elapsed time for kappa 34.8082 sec
Elapsed time for experts 13.3536 sec
Elapsed time for households 12.4427 sec
Iteration 243
Elapsed time for kappa 39.4290 sec
Elapsed time for experts 13.2444 sec
Elapsed time for households 14.6690 sec
Iteration 244
Elapsed time for kappa 36.0977 sec
Elapsed time for experts 12.4925 sec
Elapsed time for households 13.5298 sec
Iteration 245
Elapsed time for kappa 35.5111 sec
Elapsed time for experts 12.7794 sec
Elapsed time for households 19.6909 sec
Iteration 246
Elapsed time for kappa 36.9754 sec
Elapsed time for experts 13.4484 sec
Elapsed time for households 12.7607 sec
Iteration 247
Elapsed time for kappa 36.3587 sec
Elapsed time for experts 12.7990 sec
Elapsed time for households 11.2238 sec
Iteration 248
Elapsed time for kappa 33.0067 sec
Elapsed time for experts 12.4463 sec
Elapsed time for households 11.3721 sec
Iteration 249
Elapsed time for kappa 32.3240 sec
Elapsed time for experts 12.4598 sec
Elapsed time for households 10.6061 sec
Iteration 250
Elapsed time for kappa 32.8610 sec
Elapsed time for experts 11.6194 sec
Elapsed time for households 10.7480 sec
Iteration 251
Elapsed time for kappa 32.5702 sec
Elapsed time for experts 12.0421 sec
Elapsed time for households 10.5138 sec
Iteration 252
Elapsed time for kappa 42.1267 sec
Elapsed time for experts 13.2284 sec
Elapsed time for households 11.6220 sec
Iteration 253
Elapsed time for kappa 32.3681 sec
Elapsed time for experts 12.2783 sec
Elapsed time for households 11.5623 sec
Iteration 254
Elapsed time for kappa 32.0902 sec
Elapsed time for experts 12.0454 sec
Elapsed time for households 10.9596 sec
Iteration 255
Elapsed time for kappa 31.8701 sec
Elapsed time for experts 12.3181 sec
Elapsed time for households 10.8506 sec
Iteration 256
Elapsed time for kappa 31.1683 sec
Elapsed time for experts 11.6342 sec
Elapsed time for households 10.6869 sec
Iteration 257
Elapsed time for kappa 30.9706 sec
Elapsed time for experts 11.5798 sec
Elapsed time for households 17.4385 sec
Iteration 258
Elapsed time for kappa 32.7366 sec
Elapsed time for experts 12.6118 sec
Elapsed time for households 10.9264 sec
Iteration 259
Elapsed time for kappa 31.9151 sec
Elapsed time for experts 11.9085 sec
Elapsed time for households 10.6039 sec
Iteration 260
Elapsed time for kappa 31.1851 sec
Elapsed time for experts 11.9004 sec
Elapsed time for households 10.8753 sec
Iteration 261
Elapsed time for kappa 30.6870 sec
Elapsed time for experts 11.4010 sec
Elapsed time for households 10.4032 sec
Iteration 262
Elapsed time for kappa 30.2312 sec
Elapsed time for experts 12.1159 sec
Elapsed time for households 10.5333 sec
Iteration 263
Elapsed time for kappa 30.8630 sec
Elapsed time for experts 11.7839 sec
Elapsed time for households 10.4476 sec
Iteration 264
Elapsed time for kappa 40.3557 sec
Elapsed time for experts 12.3913 sec
Elapsed time for households 11.1352 sec
Iteration 265
Elapsed time for kappa 31.4316 sec
Elapsed time for experts 12.5099 sec
Elapsed time for households 10.6029 sec
Iteration 266
Elapsed time for kappa 36.1590 sec
Elapsed time for experts 11.9550 sec
Elapsed time for households 12.5643 sec
Iteration 267
Elapsed time for kappa 32.0218 sec
Elapsed time for experts 12.1927 sec
Elapsed time for households 10.8334 sec
Iteration 268
Elapsed time for kappa 30.8027 sec
Elapsed time for experts 11.2524 sec
Elapsed time for households 12.3906 sec
Iteration 269
Elapsed time for kappa 31.7918 sec
Elapsed time for experts 15.0300 sec
Elapsed time for households 11.4279 sec
Iteration 270
Elapsed time for kappa 42.5808 sec
Elapsed time for experts 12.0425 sec
Elapsed time for households 11.0833 sec
Iteration 271
Elapsed time for kappa 31.0714 sec
Elapsed time for experts 12.0279 sec
Elapsed time for households 13.2005 sec
Iteration 272
Elapsed time for kappa 32.8012 sec
Elapsed time for experts 12.0979 sec
Elapsed time for households 11.0586 sec
Iteration 273
Elapsed time for kappa 34.1389 sec
Elapsed time for experts 14.9444 sec
Elapsed time for households 11.1023 sec
Iteration 274
Elapsed time for kappa 30.1680 sec
Elapsed time for experts 11.3085 sec
Elapsed time for households 10.0447 sec
Iteration 275
Elapsed time for kappa 29.8150 sec
Elapsed time for experts 11.6433 sec
Elapsed time for households 16.6150 sec
Iteration 276
Elapsed time for kappa 31.2320 sec
Elapsed time for experts 11.6652 sec
Elapsed time for households 10.5122 sec
Iteration 277
Elapsed time for kappa 31.7655 sec
Elapsed time for experts 14.3126 sec
Elapsed time for households 12.8644 sec
Iteration 278
Elapsed time for kappa 33.4736 sec
Elapsed time for experts 14.4937 sec
Elapsed time for households 13.5709 sec
Iteration 279
Elapsed time for kappa 29.9022 sec
Elapsed time for experts 11.7141 sec
Elapsed time for households 10.1427 sec
Iteration 280
Elapsed time for kappa 33.6211 sec
Elapsed time for experts 13.5716 sec
Elapsed time for households 11.7383 sec
Iteration 281
Elapsed time for kappa 30.6195 sec
Elapsed time for experts 12.5188 sec
Elapsed time for households 9.8236 sec
Iteration 282
Elapsed time for kappa 37.9121 sec
Elapsed time for experts 11.6548 sec
Elapsed time for households 13.1013 sec
Iteration 283
Elapsed time for kappa 30.1910 sec
Elapsed time for experts 11.9362 sec
Elapsed time for households 13.2471 sec
Iteration 284
Elapsed time for kappa 32.9873 sec
Elapsed time for experts 11.6627 sec
Elapsed time for households 14.1461 sec
Iteration 285
Elapsed time for kappa 32.6699 sec
Elapsed time for experts 11.3094 sec
Elapsed time for households 10.2067 sec
Iteration 286
Elapsed time for kappa 29.2690 sec
Elapsed time for experts 15.3546 sec
Elapsed time for households 11.0066 sec
Iteration 287
Elapsed time for kappa 29.4625 sec
Elapsed time for experts 14.1774 sec
Elapsed time for households 17.2931 sec
Iteration 288
Elapsed time for kappa 30.7954 sec
Elapsed time for experts 12.0273 sec
Elapsed time for households 10.7286 sec
Iteration 289
Elapsed time for kappa 30.0575 sec
Elapsed time for experts 11.5599 sec
Elapsed time for households 10.5081 sec
Iteration 290
Elapsed time for kappa 29.5206 sec
Elapsed time for experts 12.5287 sec
Elapsed time for households 12.8848 sec
Iteration 291
Elapsed time for kappa 28.9841 sec
Elapsed time for experts 11.2095 sec
Elapsed time for households 10.3910 sec
Iteration 292
Elapsed time for kappa 32.6769 sec
Elapsed time for experts 15.2182 sec
Elapsed time for households 10.2145 sec
Iteration 293
Elapsed time for kappa 28.7047 sec
Elapsed time for experts 10.9736 sec
Elapsed time for households 9.9674 sec
Iteration 294
Elapsed time for kappa 41.9134 sec
Elapsed time for experts 12.2654 sec
Elapsed time for households 12.9375 sec
Iteration 295
Elapsed time for kappa 32.2727 sec
Elapsed time for experts 11.5295 sec
Elapsed time for households 10.1416 sec
Iteration 296
Elapsed time for kappa 30.0574 sec
Elapsed time for experts 11.6152 sec
Elapsed time for households 10.3266 sec
Iteration 297
Elapsed time for kappa 29.3996 sec
Elapsed time for experts 11.6121 sec
Elapsed time for households 10.5799 sec
Iteration 298
Elapsed time for kappa 28.9365 sec
Elapsed time for experts 11.7941 sec
Elapsed time for households 10.7797 sec
Iteration 299
Elapsed time for kappa 28.8907 sec
Elapsed time for experts 14.5741 sec
Elapsed time for households 11.0302 sec
Elapsed time for training 19400.9345 sec
90000 90000 90000 90000
