Iteration 0
Elapsed time for kappa 70.8696 sec
Elapsed time for experts 20.6491 sec
Elapsed time for households 15.3136 sec
Iteration 1
Elapsed time for kappa 34.2366 sec
Elapsed time for experts 15.2492 sec
Elapsed time for households 12.4614 sec
Iteration 2
Elapsed time for kappa 39.7278 sec
Elapsed time for experts 14.7135 sec
Elapsed time for households 13.0726 sec
Iteration 3
Elapsed time for kappa 34.1890 sec
Elapsed time for experts 16.8276 sec
Elapsed time for households 13.2498 sec
Iteration 4
Elapsed time for kappa 35.3742 sec
Elapsed time for experts 14.3979 sec
Elapsed time for households 12.8141 sec
Iteration 5
Elapsed time for kappa 34.0562 sec
Elapsed time for experts 14.4759 sec
Elapsed time for households 12.5580 sec
Iteration 6
Elapsed time for kappa 33.8898 sec
Elapsed time for experts 14.2330 sec
Elapsed time for households 12.8163 sec
Iteration 7
Elapsed time for kappa 34.3526 sec
Elapsed time for experts 13.8473 sec
Elapsed time for households 17.8027 sec
Iteration 8
Elapsed time for kappa 33.9716 sec
Elapsed time for experts 13.9877 sec
Elapsed time for households 13.1111 sec
Iteration 9
Elapsed time for kappa 33.6806 sec
Elapsed time for experts 13.9969 sec
Elapsed time for households 12.8335 sec
Iteration 10
Elapsed time for kappa 33.2789 sec
Elapsed time for experts 14.0091 sec
Elapsed time for households 11.3027 sec
Iteration 11
Elapsed time for kappa 34.4166 sec
Elapsed time for experts 14.0501 sec
Elapsed time for households 12.7636 sec
Iteration 12
Elapsed time for kappa 33.5239 sec
Elapsed time for experts 13.2686 sec
Elapsed time for households 12.7816 sec
Iteration 13
Elapsed time for kappa 34.1880 sec
Elapsed time for experts 13.3536 sec
Elapsed time for households 19.9100 sec
Iteration 14
Elapsed time for kappa 33.6000 sec
Elapsed time for experts 13.5189 sec
Elapsed time for households 11.3731 sec
Iteration 15
Elapsed time for kappa 33.5564 sec
Elapsed time for experts 13.6335 sec
Elapsed time for households 12.2490 sec
Iteration 16
Elapsed time for kappa 33.4996 sec
Elapsed time for experts 14.0269 sec
Elapsed time for households 11.7683 sec
Iteration 17
Elapsed time for kappa 33.5825 sec
Elapsed time for experts 14.0483 sec
Elapsed time for households 12.0108 sec
Iteration 18
Elapsed time for kappa 33.8377 sec
Elapsed time for experts 14.0086 sec
Elapsed time for households 11.0357 sec
Iteration 19
Elapsed time for kappa 33.5039 sec
Elapsed time for experts 21.0494 sec
Elapsed time for households 13.1446 sec
Iteration 20
Elapsed time for kappa 33.5782 sec
Elapsed time for experts 13.8930 sec
Elapsed time for households 12.9165 sec
Iteration 21
Elapsed time for kappa 33.3890 sec
Elapsed time for experts 14.2018 sec
Elapsed time for households 12.4595 sec
Iteration 22
Elapsed time for kappa 32.9493 sec
Elapsed time for experts 13.2894 sec
Elapsed time for households 11.1801 sec
Iteration 23
Elapsed time for kappa 33.3070 sec
Elapsed time for experts 13.2883 sec
Elapsed time for households 12.0963 sec
Iteration 24
Elapsed time for kappa 33.7278 sec
Elapsed time for experts 13.1536 sec
Elapsed time for households 12.0596 sec
Iteration 25
Elapsed time for kappa 34.3799 sec
Elapsed time for experts 19.4367 sec
Elapsed time for households 12.0623 sec
Iteration 26
Elapsed time for kappa 33.7061 sec
Elapsed time for experts 13.0002 sec
Elapsed time for households 11.6003 sec
Iteration 27
Elapsed time for kappa 33.6487 sec
Elapsed time for experts 12.6656 sec
Elapsed time for households 10.9174 sec
Iteration 28
Elapsed time for kappa 33.2083 sec
Elapsed time for experts 12.2016 sec
Elapsed time for households 10.8746 sec
Iteration 29
Elapsed time for kappa 32.6176 sec
Elapsed time for experts 13.4334 sec
Elapsed time for households 12.4022 sec
Iteration 30
Elapsed time for kappa 33.8429 sec
Elapsed time for experts 13.7661 sec
Elapsed time for households 11.3436 sec
Iteration 31
Elapsed time for kappa 33.7246 sec
Elapsed time for experts 21.3322 sec
Elapsed time for households 12.6337 sec
Iteration 32
Elapsed time for kappa 33.5866 sec
Elapsed time for experts 13.8382 sec
Elapsed time for households 11.8464 sec
Iteration 33
Elapsed time for kappa 32.9584 sec
Elapsed time for experts 14.0914 sec
Elapsed time for households 11.6037 sec
Iteration 34
Elapsed time for kappa 32.5108 sec
Elapsed time for experts 13.7241 sec
Elapsed time for households 11.1721 sec
Iteration 35
Elapsed time for kappa 33.1349 sec
Elapsed time for experts 13.5778 sec
Elapsed time for households 12.0536 sec
Iteration 36
Elapsed time for kappa 33.4947 sec
Elapsed time for experts 12.9375 sec
Elapsed time for households 11.5669 sec
Iteration 37
Elapsed time for kappa 40.4190 sec
Elapsed time for experts 13.9493 sec
Elapsed time for households 11.3475 sec
Iteration 38
Elapsed time for kappa 33.4186 sec
Elapsed time for experts 13.9959 sec
Elapsed time for households 10.8892 sec
Iteration 39
Elapsed time for kappa 33.2620 sec
Elapsed time for experts 12.4364 sec
Elapsed time for households 12.3580 sec
Iteration 40
Elapsed time for kappa 32.5688 sec
Elapsed time for experts 13.0468 sec
Elapsed time for households 10.9505 sec
Iteration 41
Elapsed time for kappa 32.6853 sec
Elapsed time for experts 14.1083 sec
Elapsed time for households 11.5227 sec
Iteration 42
Elapsed time for kappa 32.8467 sec
Elapsed time for experts 13.5419 sec
Elapsed time for households 11.7014 sec
Iteration 43
Elapsed time for kappa 39.0857 sec
Elapsed time for experts 13.9973 sec
Elapsed time for households 11.8400 sec
Iteration 44
Elapsed time for kappa 32.8351 sec
Elapsed time for experts 13.4543 sec
Elapsed time for households 11.9300 sec
Iteration 45
Elapsed time for kappa 32.1564 sec
Elapsed time for experts 13.1249 sec
Elapsed time for households 13.1070 sec
Iteration 46
Elapsed time for kappa 32.3725 sec
Elapsed time for experts 13.5570 sec
Elapsed time for households 11.0511 sec
Iteration 47
Elapsed time for kappa 32.3764 sec
Elapsed time for experts 13.1784 sec
Elapsed time for households 10.7366 sec
Iteration 48
Elapsed time for kappa 33.7474 sec
Elapsed time for experts 13.4425 sec
Elapsed time for households 11.4456 sec
Iteration 49
Elapsed time for kappa 39.7213 sec
Elapsed time for experts 13.9815 sec
Elapsed time for households 11.4533 sec
Iteration 50
Elapsed time for kappa 32.1455 sec
Elapsed time for experts 13.3142 sec
Elapsed time for households 10.9137 sec
Iteration 51
Elapsed time for kappa 31.6163 sec
Elapsed time for experts 13.8901 sec
Elapsed time for households 11.9357 sec
Iteration 52
Elapsed time for kappa 31.4588 sec
Elapsed time for experts 13.8824 sec
Elapsed time for households 11.2452 sec
Iteration 53
Elapsed time for kappa 31.6362 sec
Elapsed time for experts 12.2700 sec
Elapsed time for households 12.4008 sec
Iteration 54
Elapsed time for kappa 32.8951 sec
Elapsed time for experts 13.1508 sec
Elapsed time for households 10.7181 sec
Iteration 55
Elapsed time for kappa 38.0749 sec
Elapsed time for experts 14.0411 sec
Elapsed time for households 12.0616 sec
Iteration 56
Elapsed time for kappa 32.0890 sec
Elapsed time for experts 12.9619 sec
Elapsed time for households 12.0342 sec
Iteration 57
Elapsed time for kappa 31.6066 sec
Elapsed time for experts 12.6923 sec
Elapsed time for households 11.0138 sec
Iteration 58
Elapsed time for kappa 31.1057 sec
Elapsed time for experts 13.9007 sec
Elapsed time for households 11.1297 sec
Iteration 59
Elapsed time for kappa 31.4313 sec
Elapsed time for experts 13.6774 sec
Elapsed time for households 10.7420 sec
Iteration 60
Elapsed time for kappa 31.7434 sec
Elapsed time for experts 12.9430 sec
Elapsed time for households 10.7339 sec
Iteration 61
Elapsed time for kappa 38.2226 sec
Elapsed time for experts 14.1121 sec
Elapsed time for households 12.1872 sec
Iteration 62
Elapsed time for kappa 31.2330 sec
Elapsed time for experts 13.8305 sec
Elapsed time for households 11.1220 sec
Iteration 63
Elapsed time for kappa 31.3020 sec
Elapsed time for experts 13.4754 sec
Elapsed time for households 10.6589 sec
Iteration 64
Elapsed time for kappa 31.3911 sec
Elapsed time for experts 12.8484 sec
Elapsed time for households 11.1619 sec
Iteration 65
Elapsed time for kappa 30.9536 sec
Elapsed time for experts 12.9384 sec
Elapsed time for households 10.3753 sec
Iteration 66
Elapsed time for kappa 31.5469 sec
Elapsed time for experts 12.3330 sec
Elapsed time for households 10.4756 sec
Iteration 67
Elapsed time for kappa 38.1049 sec
Elapsed time for experts 13.0982 sec
Elapsed time for households 11.1278 sec
Iteration 68
Elapsed time for kappa 31.4193 sec
Elapsed time for experts 13.8681 sec
Elapsed time for households 11.2296 sec
Iteration 69
Elapsed time for kappa 31.2061 sec
Elapsed time for experts 12.9770 sec
Elapsed time for households 11.5780 sec
Iteration 70
Elapsed time for kappa 31.1100 sec
Elapsed time for experts 13.4684 sec
Elapsed time for households 10.8503 sec
Iteration 71
Elapsed time for kappa 31.1261 sec
Elapsed time for experts 11.8585 sec
Elapsed time for households 11.0204 sec
Iteration 72
Elapsed time for kappa 30.9497 sec
Elapsed time for experts 13.0803 sec
Elapsed time for households 10.7995 sec
Iteration 73
Elapsed time for kappa 37.7297 sec
Elapsed time for experts 13.6275 sec
Elapsed time for households 11.2590 sec
Iteration 74
Elapsed time for kappa 31.3548 sec
Elapsed time for experts 12.0820 sec
Elapsed time for households 10.5740 sec
Iteration 75
Elapsed time for kappa 31.0511 sec
Elapsed time for experts 13.2342 sec
Elapsed time for households 11.1745 sec
Iteration 76
Elapsed time for kappa 30.5519 sec
Elapsed time for experts 13.2447 sec
Elapsed time for households 10.7625 sec
Iteration 77
Elapsed time for kappa 30.5291 sec
Elapsed time for experts 13.0996 sec
Elapsed time for households 11.1607 sec
Iteration 78
Elapsed time for kappa 30.2120 sec
Elapsed time for experts 12.3529 sec
Elapsed time for households 16.1588 sec
Iteration 79
Elapsed time for kappa 31.5392 sec
Elapsed time for experts 12.4527 sec
Elapsed time for households 11.2701 sec
Iteration 80
Elapsed time for kappa 31.2544 sec
Elapsed time for experts 12.0267 sec
Elapsed time for households 12.0832 sec
Iteration 81
Elapsed time for kappa 30.6295 sec
Elapsed time for experts 12.6853 sec
Elapsed time for households 10.9099 sec
Iteration 82
Elapsed time for kappa 30.2733 sec
Elapsed time for experts 13.4639 sec
Elapsed time for households 11.3213 sec
Iteration 83
Elapsed time for kappa 30.6255 sec
Elapsed time for experts 12.0409 sec
Elapsed time for households 10.6302 sec
Iteration 84
Elapsed time for kappa 30.3242 sec
Elapsed time for experts 18.2114 sec
Elapsed time for households 11.2383 sec
Iteration 85
Elapsed time for kappa 32.0284 sec
Elapsed time for experts 13.2879 sec
Elapsed time for households 11.2223 sec
Iteration 86
Elapsed time for kappa 31.2747 sec
Elapsed time for experts 13.4354 sec
Elapsed time for households 11.1577 sec
Iteration 87
Elapsed time for kappa 30.9148 sec
Elapsed time for experts 13.4671 sec
Elapsed time for households 11.1637 sec
Iteration 88
Elapsed time for kappa 30.5494 sec
Elapsed time for experts 12.3166 sec
Elapsed time for households 10.5732 sec
Iteration 89
Elapsed time for kappa 30.2537 sec
Elapsed time for experts 12.3966 sec
Elapsed time for households 10.8767 sec
Iteration 90
Elapsed time for kappa 30.5180 sec
Elapsed time for experts 18.8880 sec
Elapsed time for households 11.5884 sec
Iteration 91
Elapsed time for kappa 31.7763 sec
Elapsed time for experts 13.0230 sec
Elapsed time for households 11.0488 sec
Iteration 92
Elapsed time for kappa 29.4742 sec
Elapsed time for experts 12.2523 sec
Elapsed time for households 12.2659 sec
Iteration 93
Elapsed time for kappa 32.5543 sec
Elapsed time for experts 13.8593 sec
Elapsed time for households 11.5456 sec
Iteration 94
Elapsed time for kappa 32.2500 sec
Elapsed time for experts 13.8941 sec
Elapsed time for households 12.4258 sec
Iteration 95
Elapsed time for kappa 33.1576 sec
Elapsed time for experts 13.0645 sec
Elapsed time for households 12.9121 sec
Iteration 96
Elapsed time for kappa 33.6039 sec
Elapsed time for experts 19.2570 sec
Elapsed time for households 13.4026 sec
Iteration 97
Elapsed time for kappa 32.8638 sec
Elapsed time for experts 13.9863 sec
Elapsed time for households 12.1266 sec
Iteration 98
Elapsed time for kappa 33.5023 sec
Elapsed time for experts 14.5334 sec
Elapsed time for households 13.7158 sec
Iteration 99
Elapsed time for kappa 33.4326 sec
Elapsed time for experts 13.3522 sec
Elapsed time for households 11.3514 sec
Iteration 100
Elapsed time for kappa 32.0321 sec
Elapsed time for experts 13.7168 sec
Elapsed time for households 11.6908 sec
Iteration 101
Elapsed time for kappa 32.9127 sec
Elapsed time for experts 14.7453 sec
Elapsed time for households 11.8394 sec
Iteration 102
Elapsed time for kappa 42.7232 sec
Elapsed time for experts 15.4359 sec
Elapsed time for households 11.8278 sec
Iteration 103
Elapsed time for kappa 32.6227 sec
Elapsed time for experts 13.3191 sec
Elapsed time for households 12.0403 sec
Iteration 104
Elapsed time for kappa 33.3931 sec
Elapsed time for experts 14.9854 sec
Elapsed time for households 12.8105 sec
Iteration 105
Elapsed time for kappa 35.6009 sec
Elapsed time for experts 13.8388 sec
Elapsed time for households 11.6768 sec
Iteration 106
Elapsed time for kappa 31.3401 sec
Elapsed time for experts 13.3660 sec
Elapsed time for households 11.3855 sec
Iteration 107
Elapsed time for kappa 32.4330 sec
Elapsed time for experts 13.9683 sec
Elapsed time for households 11.7389 sec
Iteration 108
Elapsed time for kappa 43.1673 sec
Elapsed time for experts 15.4210 sec
Elapsed time for households 13.2293 sec
Iteration 109
Elapsed time for kappa 32.5939 sec
Elapsed time for experts 13.9681 sec
Elapsed time for households 11.9989 sec
Iteration 110
Elapsed time for kappa 32.8591 sec
Elapsed time for experts 14.2556 sec
Elapsed time for households 12.7588 sec
Iteration 111
Elapsed time for kappa 34.0694 sec
Elapsed time for experts 16.8626 sec
Elapsed time for households 11.2913 sec
Iteration 112
Elapsed time for kappa 31.9304 sec
Elapsed time for experts 12.8823 sec
Elapsed time for households 11.2054 sec
Iteration 113
Elapsed time for kappa 32.0471 sec
Elapsed time for experts 14.2134 sec
Elapsed time for households 12.1070 sec
Iteration 114
Elapsed time for kappa 41.6507 sec
Elapsed time for experts 17.9318 sec
Elapsed time for households 12.8268 sec
Iteration 115
Elapsed time for kappa 33.2137 sec
Elapsed time for experts 13.9986 sec
Elapsed time for households 11.9373 sec
Iteration 116
Elapsed time for kappa 33.1168 sec
Elapsed time for experts 14.9064 sec
Elapsed time for households 12.1009 sec
Iteration 117
Elapsed time for kappa 34.3482 sec
Elapsed time for experts 16.7107 sec
Elapsed time for households 13.2586 sec
Iteration 118
Elapsed time for kappa 31.6753 sec
Elapsed time for experts 13.2317 sec
Elapsed time for households 11.5323 sec
Iteration 119
Elapsed time for kappa 32.3296 sec
Elapsed time for experts 14.1501 sec
Elapsed time for households 13.0732 sec
Iteration 120
Elapsed time for kappa 43.6416 sec
Elapsed time for experts 15.2043 sec
Elapsed time for households 12.3395 sec
Iteration 121
Elapsed time for kappa 32.6622 sec
Elapsed time for experts 14.5820 sec
Elapsed time for households 12.0287 sec
Iteration 122
Elapsed time for kappa 33.4513 sec
Elapsed time for experts 14.1902 sec
Elapsed time for households 13.4332 sec
Iteration 123
Elapsed time for kappa 35.6976 sec
Elapsed time for experts 15.4375 sec
Elapsed time for households 11.3844 sec
Iteration 124
Elapsed time for kappa 31.6040 sec
Elapsed time for experts 13.9134 sec
Elapsed time for households 12.0883 sec
Iteration 125
Elapsed time for kappa 32.6065 sec
Elapsed time for experts 14.2004 sec
Elapsed time for households 12.6908 sec
Iteration 126
Elapsed time for kappa 42.8467 sec
Elapsed time for experts 14.4519 sec
Elapsed time for households 11.6178 sec
Iteration 127
Elapsed time for kappa 33.3461 sec
Elapsed time for experts 14.4305 sec
Elapsed time for households 12.3680 sec
Iteration 128
Elapsed time for kappa 33.1010 sec
Elapsed time for experts 16.0023 sec
Elapsed time for households 12.2224 sec
Iteration 129
Elapsed time for kappa 32.5756 sec
Elapsed time for experts 13.3889 sec
Elapsed time for households 11.4547 sec
Iteration 130
Elapsed time for kappa 32.7554 sec
Elapsed time for experts 13.7890 sec
Elapsed time for households 12.1175 sec
Iteration 131
Elapsed time for kappa 35.4215 sec
Elapsed time for experts 13.9169 sec
Elapsed time for households 11.7976 sec
Iteration 132
Elapsed time for kappa 38.9284 sec
Elapsed time for experts 14.0972 sec
Elapsed time for households 12.2360 sec
Iteration 133
Elapsed time for kappa 34.3375 sec
Elapsed time for experts 14.5514 sec
Elapsed time for households 14.0451 sec
Iteration 134
Elapsed time for kappa 33.9982 sec
Elapsed time for experts 12.7847 sec
Elapsed time for households 12.0977 sec
Iteration 135
Elapsed time for kappa 32.7321 sec
Elapsed time for experts 13.7555 sec
Elapsed time for households 12.4684 sec
Iteration 136
Elapsed time for kappa 35.1528 sec
Elapsed time for experts 13.6745 sec
Elapsed time for households 12.3797 sec
Iteration 137
Elapsed time for kappa 31.4854 sec
Elapsed time for experts 13.8825 sec
Elapsed time for households 12.4945 sec
Iteration 138
Elapsed time for kappa 40.8507 sec
Elapsed time for experts 16.3298 sec
Elapsed time for households 15.4867 sec
Iteration 139
Elapsed time for kappa 33.1441 sec
Elapsed time for experts 14.6801 sec
Elapsed time for households 12.1597 sec
Iteration 140
Elapsed time for kappa 32.9250 sec
Elapsed time for experts 14.6400 sec
Elapsed time for households 11.8158 sec
Iteration 141
Elapsed time for kappa 35.2098 sec
Elapsed time for experts 13.9416 sec
Elapsed time for households 11.3118 sec
Iteration 142
Elapsed time for kappa 32.0082 sec
Elapsed time for experts 14.4724 sec
Elapsed time for households 12.9979 sec
Iteration 143
Elapsed time for kappa 34.4834 sec
Elapsed time for experts 13.1153 sec
Elapsed time for households 18.5713 sec
Iteration 144
Elapsed time for kappa 33.0573 sec
Elapsed time for experts 13.9826 sec
Elapsed time for households 13.6100 sec
Iteration 145
Elapsed time for kappa 34.8273 sec
Elapsed time for experts 16.0861 sec
Elapsed time for households 13.4534 sec
Iteration 146
Elapsed time for kappa 32.3012 sec
Elapsed time for experts 13.0590 sec
Elapsed time for households 12.8346 sec
Iteration 147
Elapsed time for kappa 32.8197 sec
Elapsed time for experts 15.2285 sec
Elapsed time for households 12.3951 sec
Iteration 148
Elapsed time for kappa 31.9437 sec
Elapsed time for experts 13.7296 sec
Elapsed time for households 12.1117 sec
Iteration 149
Elapsed time for kappa 31.7940 sec
Elapsed time for experts 21.4066 sec
Elapsed time for households 13.8503 sec
Iteration 150
Elapsed time for kappa 34.9186 sec
Elapsed time for experts 16.2781 sec
Elapsed time for households 12.4790 sec
Iteration 151
Elapsed time for kappa 32.8111 sec
Elapsed time for experts 13.0003 sec
Elapsed time for households 12.0764 sec
Iteration 152
Elapsed time for kappa 33.5546 sec
Elapsed time for experts 15.2637 sec
Elapsed time for households 13.7686 sec
Iteration 153
Elapsed time for kappa 32.1767 sec
Elapsed time for experts 13.1947 sec
Elapsed time for households 11.9629 sec
Iteration 154
Elapsed time for kappa 32.4727 sec
Elapsed time for experts 13.6205 sec
Elapsed time for households 13.2974 sec
Iteration 155
Elapsed time for kappa 31.5440 sec
Elapsed time for experts 11.8286 sec
Elapsed time for households 22.0546 sec
Iteration 156
Elapsed time for kappa 44.3338 sec
Elapsed time for experts 18.3948 sec
Elapsed time for households 17.3653 sec
Iteration 157
Elapsed time for kappa 43.1189 sec
Elapsed time for experts 18.5591 sec
Elapsed time for households 14.5587 sec
Iteration 158
Elapsed time for kappa 37.5971 sec
Elapsed time for experts 15.4225 sec
Elapsed time for households 12.3262 sec
Iteration 159
Elapsed time for kappa 33.8845 sec
Elapsed time for experts 14.0597 sec
Elapsed time for households 10.9465 sec
Iteration 160
Elapsed time for kappa 31.4518 sec
Elapsed time for experts 12.3913 sec
Elapsed time for households 10.8885 sec
Iteration 161
Elapsed time for kappa 30.1465 sec
Elapsed time for experts 12.0911 sec
Elapsed time for households 17.2578 sec
Iteration 162
Elapsed time for kappa 32.3503 sec
Elapsed time for experts 12.4747 sec
Elapsed time for households 12.6476 sec
Iteration 163
Elapsed time for kappa 31.6605 sec
Elapsed time for experts 13.1932 sec
Elapsed time for households 12.1120 sec
Iteration 164
Elapsed time for kappa 36.2016 sec
Elapsed time for experts 16.9801 sec
Elapsed time for households 10.1045 sec
Iteration 165
Elapsed time for kappa 32.7706 sec
Elapsed time for experts 13.9744 sec
Elapsed time for households 11.7576 sec
Iteration 166
Elapsed time for kappa 31.5944 sec
Elapsed time for experts 14.2295 sec
Elapsed time for households 11.7708 sec
Iteration 167
Elapsed time for kappa 33.0548 sec
Elapsed time for experts 14.4284 sec
Elapsed time for households 12.1582 sec
Iteration 168
Elapsed time for kappa 44.6582 sec
Elapsed time for experts 14.3928 sec
Elapsed time for households 12.9872 sec
Iteration 169
Elapsed time for kappa 33.1703 sec
Elapsed time for experts 14.8992 sec
Elapsed time for households 13.2194 sec
Iteration 170
Elapsed time for kappa 34.3200 sec
Elapsed time for experts 14.3700 sec
Elapsed time for households 14.0436 sec
Iteration 171
Elapsed time for kappa 33.4460 sec
Elapsed time for experts 14.0271 sec
Elapsed time for households 12.8296 sec
Iteration 172
Elapsed time for kappa 32.2223 sec
Elapsed time for experts 14.1642 sec
Elapsed time for households 12.5653 sec
Iteration 173
Elapsed time for kappa 33.8642 sec
Elapsed time for experts 16.0148 sec
Elapsed time for households 18.7283 sec
Iteration 174
Elapsed time for kappa 32.9927 sec
Elapsed time for experts 13.8272 sec
Elapsed time for households 12.6714 sec
Iteration 175
Elapsed time for kappa 34.0473 sec
Elapsed time for experts 14.3540 sec
Elapsed time for households 13.0194 sec
Iteration 176
Elapsed time for kappa 35.1968 sec
Elapsed time for experts 14.2127 sec
Elapsed time for households 11.6275 sec
Iteration 177
Elapsed time for kappa 32.2670 sec
Elapsed time for experts 14.6929 sec
Elapsed time for households 12.5734 sec
Iteration 178
Elapsed time for kappa 32.9439 sec
Elapsed time for experts 14.8541 sec
Elapsed time for households 13.1627 sec
Iteration 179
Elapsed time for kappa 31.3803 sec
Elapsed time for experts 13.4160 sec
Elapsed time for households 18.8856 sec
Iteration 180
Elapsed time for kappa 34.3135 sec
Elapsed time for experts 15.1340 sec
Elapsed time for households 13.0201 sec
Iteration 181
Elapsed time for kappa 35.6486 sec
Elapsed time for experts 14.2190 sec
Elapsed time for households 12.0595 sec
Iteration 182
Elapsed time for kappa 32.8067 sec
Elapsed time for experts 14.5726 sec
Elapsed time for households 12.4812 sec
Iteration 183
Elapsed time for kappa 34.8863 sec
Elapsed time for experts 14.4492 sec
Elapsed time for households 12.5925 sec
Iteration 184
Elapsed time for kappa 31.4138 sec
Elapsed time for experts 13.3721 sec
Elapsed time for households 11.6306 sec
Iteration 185
Elapsed time for kappa 32.5755 sec
Elapsed time for experts 14.2312 sec
Elapsed time for households 12.2272 sec
Iteration 186
Elapsed time for kappa 42.4945 sec
Elapsed time for experts 13.6954 sec
Elapsed time for households 12.0569 sec
Iteration 187
Elapsed time for kappa 33.8861 sec
Elapsed time for experts 14.4195 sec
Elapsed time for households 12.9630 sec
Iteration 188
Elapsed time for kappa 36.8652 sec
Elapsed time for experts 13.8340 sec
Elapsed time for households 12.2894 sec
Iteration 189
Elapsed time for kappa 31.7695 sec
Elapsed time for experts 13.4458 sec
Elapsed time for households 12.8159 sec
Iteration 190
Elapsed time for kappa 33.2070 sec
Elapsed time for experts 16.3583 sec
Elapsed time for households 13.1535 sec
Iteration 191
Elapsed time for kappa 32.2232 sec
Elapsed time for experts 13.8084 sec
Elapsed time for households 17.8720 sec
Iteration 192
Elapsed time for kappa 34.8498 sec
Elapsed time for experts 14.3537 sec
Elapsed time for households 14.1562 sec
Iteration 193
Elapsed time for kappa 34.7231 sec
Elapsed time for experts 13.7184 sec
Elapsed time for households 12.1024 sec
Iteration 194
Elapsed time for kappa 33.3031 sec
Elapsed time for experts 14.8945 sec
Elapsed time for households 13.3621 sec
Iteration 195
Elapsed time for kappa 35.7185 sec
Elapsed time for experts 14.0731 sec
Elapsed time for households 12.1598 sec
Iteration 196
Elapsed time for kappa 31.9347 sec
Elapsed time for experts 14.0077 sec
Elapsed time for households 12.6567 sec
Iteration 197
Elapsed time for kappa 35.2267 sec
Elapsed time for experts 13.7577 sec
Elapsed time for households 11.9533 sec
Iteration 198
Elapsed time for kappa 39.7254 sec
Elapsed time for experts 14.4268 sec
Elapsed time for households 12.3671 sec
Iteration 199
Elapsed time for kappa 35.9987 sec
Elapsed time for experts 15.2916 sec
Elapsed time for households 12.6559 sec
Iteration 200
Elapsed time for kappa 32.6132 sec
Elapsed time for experts 14.2451 sec
Elapsed time for households 12.7602 sec
Iteration 201
Elapsed time for kappa 34.0173 sec
Elapsed time for experts 16.2897 sec
Elapsed time for households 12.2671 sec
Iteration 202
Elapsed time for kappa 31.9342 sec
Elapsed time for experts 13.8091 sec
Elapsed time for households 12.7006 sec
Iteration 203
Elapsed time for kappa 32.7102 sec
Elapsed time for experts 14.9510 sec
Elapsed time for households 19.8454 sec
Iteration 204
Elapsed time for kappa 33.8644 sec
Elapsed time for experts 13.3594 sec
Elapsed time for households 12.3200 sec
Iteration 205
Elapsed time for kappa 34.5349 sec
Elapsed time for experts 16.4758 sec
Elapsed time for households 14.0918 sec
Iteration 206
Elapsed time for kappa 29.8664 sec
Elapsed time for experts 20.0015 sec
Elapsed time for households 16.2428 sec
Iteration 207
Elapsed time for kappa 43.0854 sec
Elapsed time for experts 18.4376 sec
Elapsed time for households 16.1583 sec
Iteration 208
Elapsed time for kappa 40.2232 sec
Elapsed time for experts 15.9797 sec
Elapsed time for households 14.4763 sec
Iteration 209
Elapsed time for kappa 34.0564 sec
Elapsed time for experts 15.1466 sec
Elapsed time for households 12.4433 sec
Iteration 210
Elapsed time for kappa 39.9016 sec
Elapsed time for experts 14.7625 sec
Elapsed time for households 11.8479 sec
Iteration 211
Elapsed time for kappa 31.8207 sec
Elapsed time for experts 13.7175 sec
Elapsed time for households 11.0911 sec
Iteration 212
Elapsed time for kappa 31.4178 sec
Elapsed time for experts 13.8975 sec
Elapsed time for households 11.6859 sec
Iteration 213
Elapsed time for kappa 31.1086 sec
Elapsed time for experts 13.0715 sec
Elapsed time for households 11.0840 sec
Iteration 214
Elapsed time for kappa 31.1797 sec
Elapsed time for experts 15.2681 sec
Elapsed time for households 13.9407 sec
Iteration 215
Elapsed time for kappa 33.7138 sec
Elapsed time for experts 13.6151 sec
Elapsed time for households 18.0608 sec
Iteration 216
Elapsed time for kappa 33.2844 sec
Elapsed time for experts 14.6845 sec
Elapsed time for households 12.5874 sec
Iteration 217
Elapsed time for kappa 34.0996 sec
Elapsed time for experts 14.6059 sec
Elapsed time for households 13.0678 sec
Iteration 218
Elapsed time for kappa 36.0161 sec
Elapsed time for experts 14.3822 sec
Elapsed time for households 12.0054 sec
Iteration 219
Elapsed time for kappa 31.8134 sec
Elapsed time for experts 13.4829 sec
Elapsed time for households 11.8191 sec
Iteration 220
Elapsed time for kappa 33.1159 sec
Elapsed time for experts 14.1250 sec
Elapsed time for households 12.2920 sec
Iteration 221
Elapsed time for kappa 33.9574 sec
Elapsed time for experts 12.4255 sec
Elapsed time for households 11.5113 sec
Iteration 222
Elapsed time for kappa 40.9653 sec
Elapsed time for experts 15.3656 sec
Elapsed time for households 14.1905 sec
Iteration 223
Elapsed time for kappa 35.7072 sec
Elapsed time for experts 15.8391 sec
Elapsed time for households 13.1475 sec
Iteration 224
Elapsed time for kappa 32.7349 sec
Elapsed time for experts 13.6270 sec
Elapsed time for households 12.1618 sec
Iteration 225
Elapsed time for kappa 33.3382 sec
Elapsed time for experts 14.4652 sec
Elapsed time for households 12.7004 sec
Iteration 226
Elapsed time for kappa 34.7723 sec
Elapsed time for experts 13.1413 sec
Elapsed time for households 12.1684 sec
Iteration 227
Elapsed time for kappa 31.8788 sec
Elapsed time for experts 14.3994 sec
Elapsed time for households 11.5429 sec
Iteration 228
Elapsed time for kappa 42.6862 sec
Elapsed time for experts 15.8185 sec
Elapsed time for households 13.1597 sec
Iteration 229
Elapsed time for kappa 33.0786 sec
Elapsed time for experts 14.7882 sec
Elapsed time for households 12.7245 sec
Iteration 230
Elapsed time for kappa 34.3736 sec
Elapsed time for experts 15.4118 sec
Elapsed time for households 14.1085 sec
Iteration 231
Elapsed time for kappa 32.8996 sec
Elapsed time for experts 13.9483 sec
Elapsed time for households 12.5470 sec
Iteration 232
Elapsed time for kappa 32.9740 sec
Elapsed time for experts 14.3573 sec
Elapsed time for households 12.9030 sec
Iteration 233
Elapsed time for kappa 34.5439 sec
Elapsed time for experts 13.6984 sec
Elapsed time for households 18.4394 sec
Iteration 234
Elapsed time for kappa 33.8491 sec
Elapsed time for experts 14.3037 sec
Elapsed time for households 12.3708 sec
Iteration 235
Elapsed time for kappa 36.5600 sec
Elapsed time for experts 15.5755 sec
Elapsed time for households 12.9323 sec
Iteration 236
Elapsed time for kappa 32.3934 sec
Elapsed time for experts 14.0539 sec
Elapsed time for households 12.0879 sec
Iteration 237
Elapsed time for kappa 33.5068 sec
Elapsed time for experts 16.5439 sec
Elapsed time for households 12.3152 sec
Iteration 238
Elapsed time for kappa 32.1229 sec
Elapsed time for experts 13.0602 sec
Elapsed time for households 11.8163 sec
Iteration 239
Elapsed time for kappa 32.2804 sec
Elapsed time for experts 14.6185 sec
Elapsed time for households 12.8471 sec
Iteration 240
Elapsed time for kappa 43.3979 sec
Elapsed time for experts 14.2757 sec
Elapsed time for households 12.7887 sec
Iteration 241
Elapsed time for kappa 34.2245 sec
Elapsed time for experts 15.1647 sec
Elapsed time for households 12.4371 sec
Iteration 242
Elapsed time for kappa 36.5055 sec
Elapsed time for experts 13.7104 sec
Elapsed time for households 12.4348 sec
Iteration 243
Elapsed time for kappa 33.0431 sec
Elapsed time for experts 14.6413 sec
Elapsed time for households 13.4390 sec
Iteration 244
Elapsed time for kappa 35.0024 sec
Elapsed time for experts 14.4893 sec
Elapsed time for households 11.8124 sec
Iteration 245
Elapsed time for kappa 31.7605 sec
Elapsed time for experts 13.5405 sec
Elapsed time for households 19.5070 sec
Iteration 246
Elapsed time for kappa 37.0798 sec
Elapsed time for experts 14.3928 sec
Elapsed time for households 11.7100 sec
Iteration 247
Elapsed time for kappa 33.3267 sec
Elapsed time for experts 13.6282 sec
Elapsed time for households 12.5576 sec
Iteration 248
Elapsed time for kappa 36.5503 sec
Elapsed time for experts 13.5634 sec
Elapsed time for households 11.6441 sec
Iteration 249
Elapsed time for kappa 32.0861 sec
Elapsed time for experts 13.2304 sec
Elapsed time for households 12.0857 sec
Iteration 250
Elapsed time for kappa 34.5283 sec
Elapsed time for experts 13.7769 sec
Elapsed time for households 11.9174 sec
Iteration 251
Elapsed time for kappa 31.0776 sec
Elapsed time for experts 12.6325 sec
Elapsed time for households 12.2136 sec
Iteration 252
Elapsed time for kappa 44.6948 sec
Elapsed time for experts 12.9123 sec
Elapsed time for households 11.3547 sec
Iteration 253
Elapsed time for kappa 41.3397 sec
Elapsed time for experts 19.5563 sec
Elapsed time for households 16.5233 sec
Iteration 254
Elapsed time for kappa 43.0716 sec
Elapsed time for experts 18.7684 sec
Elapsed time for households 15.6579 sec
Iteration 255
Elapsed time for kappa 39.5364 sec
Elapsed time for experts 15.4855 sec
Elapsed time for households 14.0185 sec
Iteration 256
Elapsed time for kappa 34.5938 sec
Elapsed time for experts 13.7178 sec
Elapsed time for households 11.9345 sec
Iteration 257
Elapsed time for kappa 31.0513 sec
Elapsed time for experts 12.0281 sec
Elapsed time for households 11.1483 sec
Iteration 258
Elapsed time for kappa 37.8680 sec
Elapsed time for experts 13.0572 sec
Elapsed time for households 12.5747 sec
Iteration 259
Elapsed time for kappa 31.7815 sec
Elapsed time for experts 13.3152 sec
Elapsed time for households 11.2058 sec
Iteration 260
Elapsed time for kappa 31.8212 sec
Elapsed time for experts 13.9938 sec
Elapsed time for households 11.9394 sec
Iteration 261
Elapsed time for kappa 36.8178 sec
Elapsed time for experts 15.0269 sec
Elapsed time for households 11.2062 sec
Iteration 262
Elapsed time for kappa 33.2004 sec
Elapsed time for experts 12.9880 sec
Elapsed time for households 11.9845 sec
Iteration 263
Elapsed time for kappa 32.0617 sec
Elapsed time for experts 13.4165 sec
Elapsed time for households 19.8936 sec
Iteration 264
Elapsed time for kappa 35.1163 sec
Elapsed time for experts 15.0030 sec
Elapsed time for households 14.4602 sec
Iteration 265
Elapsed time for kappa 34.0437 sec
Elapsed time for experts 13.8681 sec
Elapsed time for households 12.2648 sec
Iteration 266
Elapsed time for kappa 33.0377 sec
Elapsed time for experts 14.4134 sec
Elapsed time for households 12.4027 sec
Iteration 267
Elapsed time for kappa 34.3842 sec
Elapsed time for experts 15.6871 sec
Elapsed time for households 12.4047 sec
Iteration 268
Elapsed time for kappa 31.6986 sec
Elapsed time for experts 13.3211 sec
Elapsed time for households 11.3964 sec
Iteration 269
Elapsed time for kappa 32.2552 sec
Elapsed time for experts 13.1969 sec
Elapsed time for households 11.9199 sec
Iteration 270
Elapsed time for kappa 44.3145 sec
Elapsed time for experts 14.2550 sec
Elapsed time for households 11.9431 sec
Iteration 271
Elapsed time for kappa 33.5733 sec
Elapsed time for experts 14.5851 sec
Elapsed time for households 12.3492 sec
Iteration 272
Elapsed time for kappa 34.4390 sec
Elapsed time for experts 16.3080 sec
Elapsed time for households 12.9088 sec
Iteration 273
Elapsed time for kappa 32.3724 sec
Elapsed time for experts 13.8457 sec
Elapsed time for households 11.8604 sec
Iteration 274
Elapsed time for kappa 32.9887 sec
Elapsed time for experts 14.4722 sec
Elapsed time for households 12.5856 sec
Iteration 275
Elapsed time for kappa 34.7511 sec
Elapsed time for experts 14.0644 sec
Elapsed time for households 18.0016 sec
Iteration 276
Elapsed time for kappa 34.1926 sec
Elapsed time for experts 15.0623 sec
Elapsed time for households 12.7405 sec
Iteration 277
Elapsed time for kappa 35.0166 sec
Elapsed time for experts 16.9602 sec
Elapsed time for households 12.6999 sec
Iteration 278
Elapsed time for kappa 33.1079 sec
Elapsed time for experts 13.3523 sec
Elapsed time for households 12.0127 sec
Iteration 279
Elapsed time for kappa 33.3336 sec
Elapsed time for experts 14.7023 sec
Elapsed time for households 12.8183 sec
Iteration 280
Elapsed time for kappa 34.9317 sec
Elapsed time for experts 12.8614 sec
Elapsed time for households 11.1725 sec
Iteration 281
Elapsed time for kappa 31.7149 sec
Elapsed time for experts 13.3758 sec
Elapsed time for households 11.7530 sec
Iteration 282
Elapsed time for kappa 45.4206 sec
Elapsed time for experts 14.4934 sec
Elapsed time for households 12.2287 sec
Iteration 283
Elapsed time for kappa 32.8870 sec
Elapsed time for experts 13.4796 sec
Elapsed time for households 12.6026 sec
Iteration 284
Elapsed time for kappa 35.3887 sec
Elapsed time for experts 16.1083 sec
Elapsed time for households 12.8427 sec
Iteration 285
Elapsed time for kappa 32.5577 sec
Elapsed time for experts 13.6038 sec
Elapsed time for households 12.1735 sec
Iteration 286
Elapsed time for kappa 33.4307 sec
Elapsed time for experts 13.7108 sec
Elapsed time for households 14.1117 sec
Iteration 287
Elapsed time for kappa 32.6223 sec
Elapsed time for experts 13.9733 sec
Elapsed time for households 19.1674 sec
Iteration 288
Elapsed time for kappa 35.4219 sec
Elapsed time for experts 14.9987 sec
Elapsed time for households 15.1876 sec
Iteration 289
Elapsed time for kappa 34.4458 sec
Elapsed time for experts 12.9892 sec
Elapsed time for households 12.6020 sec
Iteration 290
Elapsed time for kappa 33.9705 sec
Elapsed time for experts 15.0320 sec
Elapsed time for households 12.8605 sec
Iteration 291
Elapsed time for kappa 35.1778 sec
Elapsed time for experts 13.6374 sec
Elapsed time for households 12.2480 sec
Iteration 292
Elapsed time for kappa 32.5502 sec
Elapsed time for experts 14.4259 sec
Elapsed time for households 12.2028 sec
Iteration 293
Elapsed time for kappa 34.1804 sec
Elapsed time for experts 12.5769 sec
Elapsed time for households 10.8720 sec
Iteration 294
Elapsed time for kappa 41.2894 sec
Elapsed time for experts 15.7170 sec
Elapsed time for households 13.1086 sec
Iteration 295
Elapsed time for kappa 36.5363 sec
Elapsed time for experts 14.0569 sec
Elapsed time for households 11.7658 sec
Iteration 296
Elapsed time for kappa 33.6514 sec
Elapsed time for experts 14.7170 sec
Elapsed time for households 12.1418 sec
Iteration 297
Elapsed time for kappa 36.1690 sec
Elapsed time for experts 13.7570 sec
Elapsed time for households 11.9122 sec
Iteration 298
Elapsed time for kappa 33.1611 sec
Elapsed time for experts 14.1519 sec
Elapsed time for households 12.9110 sec
Iteration 299
Elapsed time for kappa 33.5967 sec
Elapsed time for experts 12.1582 sec
Elapsed time for households 9.8882 sec
Elapsed time for training 18321.0560 sec
