Iteration 0
Elapsed time for kappa 71.1649 sec
Elapsed time for experts 21.0291 sec
Elapsed time for households 16.0041 sec
Iteration 1
Elapsed time for kappa 39.6689 sec
Elapsed time for experts 14.9609 sec
Elapsed time for households 14.3160 sec
Iteration 2
Elapsed time for kappa 39.0490 sec
Elapsed time for experts 15.4543 sec
Elapsed time for households 14.0627 sec
Iteration 3
Elapsed time for kappa 35.8740 sec
Elapsed time for experts 15.2421 sec
Elapsed time for households 13.9488 sec
Iteration 4
Elapsed time for kappa 36.6624 sec
Elapsed time for experts 14.8573 sec
Elapsed time for households 13.8412 sec
Iteration 5
Elapsed time for kappa 36.5115 sec
Elapsed time for experts 13.1198 sec
Elapsed time for households 11.7757 sec
Iteration 6
Elapsed time for kappa 36.7031 sec
Elapsed time for experts 14.4518 sec
Elapsed time for households 13.7133 sec
Iteration 7
Elapsed time for kappa 36.0185 sec
Elapsed time for experts 15.2611 sec
Elapsed time for households 19.1894 sec
Iteration 8
Elapsed time for kappa 36.1132 sec
Elapsed time for experts 15.4200 sec
Elapsed time for households 12.7949 sec
Iteration 9
Elapsed time for kappa 35.8338 sec
Elapsed time for experts 15.3055 sec
Elapsed time for households 12.8371 sec
Iteration 10
Elapsed time for kappa 35.6906 sec
Elapsed time for experts 15.1701 sec
Elapsed time for households 13.6223 sec
Iteration 11
Elapsed time for kappa 36.2357 sec
Elapsed time for experts 13.2432 sec
Elapsed time for households 13.4523 sec
Iteration 12
Elapsed time for kappa 36.5038 sec
Elapsed time for experts 14.8987 sec
Elapsed time for households 13.8567 sec
Iteration 13
Elapsed time for kappa 35.6522 sec
Elapsed time for experts 14.8098 sec
Elapsed time for households 20.0819 sec
Iteration 14
Elapsed time for kappa 35.5712 sec
Elapsed time for experts 15.0446 sec
Elapsed time for households 13.1190 sec
Iteration 15
Elapsed time for kappa 35.5475 sec
Elapsed time for experts 14.1244 sec
Elapsed time for households 13.0273 sec
Iteration 16
Elapsed time for kappa 35.8018 sec
Elapsed time for experts 15.1061 sec
Elapsed time for households 12.5262 sec
Iteration 17
Elapsed time for kappa 35.6480 sec
Elapsed time for experts 14.2313 sec
Elapsed time for households 12.6306 sec
Iteration 18
Elapsed time for kappa 35.8400 sec
Elapsed time for experts 15.0476 sec
Elapsed time for households 12.8091 sec
Iteration 19
Elapsed time for kappa 35.4915 sec
Elapsed time for experts 22.1792 sec
Elapsed time for households 14.4121 sec
Iteration 20
Elapsed time for kappa 35.7655 sec
Elapsed time for experts 16.1473 sec
Elapsed time for households 13.7823 sec
Iteration 21
Elapsed time for kappa 35.3159 sec
Elapsed time for experts 13.9932 sec
Elapsed time for households 12.2972 sec
Iteration 22
Elapsed time for kappa 35.4963 sec
Elapsed time for experts 15.2465 sec
Elapsed time for households 13.2213 sec
Iteration 23
Elapsed time for kappa 35.6103 sec
Elapsed time for experts 15.3267 sec
Elapsed time for households 12.9644 sec
Iteration 24
Elapsed time for kappa 35.9696 sec
Elapsed time for experts 14.3631 sec
Elapsed time for households 11.7999 sec
Iteration 25
Elapsed time for kappa 36.0105 sec
Elapsed time for experts 21.3979 sec
Elapsed time for households 12.6591 sec
Iteration 26
Elapsed time for kappa 35.6255 sec
Elapsed time for experts 14.4063 sec
Elapsed time for households 13.4056 sec
Iteration 27
Elapsed time for kappa 35.4841 sec
Elapsed time for experts 13.8302 sec
Elapsed time for households 13.5528 sec
Iteration 28
Elapsed time for kappa 35.0124 sec
Elapsed time for experts 15.4816 sec
Elapsed time for households 11.8349 sec
Iteration 29
Elapsed time for kappa 34.7480 sec
Elapsed time for experts 15.2236 sec
Elapsed time for households 13.3178 sec
Iteration 30
Elapsed time for kappa 35.5154 sec
Elapsed time for experts 13.2362 sec
Elapsed time for households 13.4506 sec
Iteration 31
Elapsed time for kappa 36.2953 sec
Elapsed time for experts 20.9380 sec
Elapsed time for households 12.5588 sec
Iteration 32
Elapsed time for kappa 35.3751 sec
Elapsed time for experts 14.0733 sec
Elapsed time for households 12.2194 sec
Iteration 33
Elapsed time for kappa 34.5404 sec
Elapsed time for experts 13.3735 sec
Elapsed time for households 11.8512 sec
Iteration 34
Elapsed time for kappa 35.1556 sec
Elapsed time for experts 13.6502 sec
Elapsed time for households 13.0679 sec
Iteration 35
Elapsed time for kappa 34.7706 sec
Elapsed time for experts 14.5423 sec
Elapsed time for households 12.3051 sec
Iteration 36
Elapsed time for kappa 35.7049 sec
Elapsed time for experts 13.8384 sec
Elapsed time for households 12.4690 sec
Iteration 37
Elapsed time for kappa 42.2634 sec
Elapsed time for experts 15.3863 sec
Elapsed time for households 12.3289 sec
Iteration 38
Elapsed time for kappa 34.3371 sec
Elapsed time for experts 13.7811 sec
Elapsed time for households 12.1329 sec
Iteration 39
Elapsed time for kappa 33.7323 sec
Elapsed time for experts 14.7369 sec
Elapsed time for households 12.2897 sec
Iteration 40
Elapsed time for kappa 33.7370 sec
Elapsed time for experts 14.6456 sec
Elapsed time for households 12.1793 sec
Iteration 41
Elapsed time for kappa 33.8696 sec
Elapsed time for experts 13.2649 sec
Elapsed time for households 11.8936 sec
Iteration 42
Elapsed time for kappa 34.2285 sec
Elapsed time for experts 14.4298 sec
Elapsed time for households 12.1874 sec
Iteration 43
Elapsed time for kappa 41.0722 sec
Elapsed time for experts 14.2087 sec
Elapsed time for households 12.4525 sec
Iteration 44
Elapsed time for kappa 33.9353 sec
Elapsed time for experts 14.1753 sec
Elapsed time for households 11.9266 sec
Iteration 45
Elapsed time for kappa 33.6059 sec
Elapsed time for experts 14.2144 sec
Elapsed time for households 13.4366 sec
Iteration 46
Elapsed time for kappa 34.2344 sec
Elapsed time for experts 13.4999 sec
Elapsed time for households 11.7567 sec
Iteration 47
Elapsed time for kappa 33.8285 sec
Elapsed time for experts 13.9126 sec
Elapsed time for households 11.6978 sec
Iteration 48
Elapsed time for kappa 35.0710 sec
Elapsed time for experts 14.5462 sec
Elapsed time for households 11.7876 sec
Iteration 49
Elapsed time for kappa 40.7805 sec
Elapsed time for experts 14.7820 sec
Elapsed time for households 12.5547 sec
Iteration 50
Elapsed time for kappa 33.9673 sec
Elapsed time for experts 14.9514 sec
Elapsed time for households 12.2549 sec
Iteration 51
Elapsed time for kappa 33.9176 sec
Elapsed time for experts 13.9337 sec
Elapsed time for households 12.0003 sec
Iteration 52
Elapsed time for kappa 33.4286 sec
Elapsed time for experts 14.0444 sec
Elapsed time for households 13.1869 sec
Iteration 53
Elapsed time for kappa 33.6574 sec
Elapsed time for experts 14.5901 sec
Elapsed time for households 13.1366 sec
Iteration 54
Elapsed time for kappa 33.9220 sec
Elapsed time for experts 13.7540 sec
Elapsed time for households 11.7368 sec
Iteration 55
Elapsed time for kappa 40.4621 sec
Elapsed time for experts 15.8978 sec
Elapsed time for households 13.9793 sec
Iteration 56
Elapsed time for kappa 33.4803 sec
Elapsed time for experts 14.7132 sec
Elapsed time for households 11.7607 sec
Iteration 57
Elapsed time for kappa 33.3712 sec
Elapsed time for experts 13.0748 sec
Elapsed time for households 13.0285 sec
Iteration 58
Elapsed time for kappa 32.8977 sec
Elapsed time for experts 14.6407 sec
Elapsed time for households 12.8001 sec
Iteration 59
Elapsed time for kappa 32.9711 sec
Elapsed time for experts 14.2362 sec
Elapsed time for households 11.6007 sec
Iteration 60
Elapsed time for kappa 33.3385 sec
Elapsed time for experts 12.3836 sec
Elapsed time for households 11.3683 sec
Iteration 61
Elapsed time for kappa 40.0936 sec
Elapsed time for experts 14.3975 sec
Elapsed time for households 12.1555 sec
Iteration 62
Elapsed time for kappa 33.2207 sec
Elapsed time for experts 14.5895 sec
Elapsed time for households 12.8393 sec
Iteration 63
Elapsed time for kappa 33.2552 sec
Elapsed time for experts 14.4730 sec
Elapsed time for households 11.5428 sec
Iteration 64
Elapsed time for kappa 32.7939 sec
Elapsed time for experts 14.6048 sec
Elapsed time for households 11.9129 sec
Iteration 65
Elapsed time for kappa 32.5287 sec
Elapsed time for experts 14.0321 sec
Elapsed time for households 11.5156 sec
Iteration 66
Elapsed time for kappa 33.3197 sec
Elapsed time for experts 13.4024 sec
Elapsed time for households 11.7003 sec
Iteration 67
Elapsed time for kappa 39.5845 sec
Elapsed time for experts 14.0735 sec
Elapsed time for households 11.7639 sec
Iteration 68
Elapsed time for kappa 33.7520 sec
Elapsed time for experts 13.4957 sec
Elapsed time for households 13.3923 sec
Iteration 69
Elapsed time for kappa 32.5174 sec
Elapsed time for experts 13.7213 sec
Elapsed time for households 11.8619 sec
Iteration 70
Elapsed time for kappa 32.8129 sec
Elapsed time for experts 12.8763 sec
Elapsed time for households 11.4054 sec
Iteration 71
Elapsed time for kappa 32.2958 sec
Elapsed time for experts 14.0470 sec
Elapsed time for households 11.4292 sec
Iteration 72
Elapsed time for kappa 32.8414 sec
Elapsed time for experts 13.5846 sec
Elapsed time for households 18.3837 sec
Iteration 73
Elapsed time for kappa 33.5537 sec
Elapsed time for experts 14.8080 sec
Elapsed time for households 12.1291 sec
Iteration 74
Elapsed time for kappa 32.9611 sec
Elapsed time for experts 13.6199 sec
Elapsed time for households 11.3989 sec
Iteration 75
Elapsed time for kappa 32.3220 sec
Elapsed time for experts 13.9513 sec
Elapsed time for households 11.6702 sec
Iteration 76
Elapsed time for kappa 32.1983 sec
Elapsed time for experts 14.9222 sec
Elapsed time for households 11.3683 sec
Iteration 77
Elapsed time for kappa 31.6919 sec
Elapsed time for experts 14.2848 sec
Elapsed time for households 11.6462 sec
Iteration 78
Elapsed time for kappa 31.6667 sec
Elapsed time for experts 14.6695 sec
Elapsed time for households 18.4013 sec
Iteration 79
Elapsed time for kappa 34.0875 sec
Elapsed time for experts 14.5861 sec
Elapsed time for households 12.3035 sec
Iteration 80
Elapsed time for kappa 32.4531 sec
Elapsed time for experts 14.1905 sec
Elapsed time for households 11.8230 sec
Iteration 81
Elapsed time for kappa 32.6494 sec
Elapsed time for experts 13.6886 sec
Elapsed time for households 11.8467 sec
Iteration 82
Elapsed time for kappa 32.1289 sec
Elapsed time for experts 13.9575 sec
Elapsed time for households 11.8427 sec
Iteration 83
Elapsed time for kappa 31.7243 sec
Elapsed time for experts 13.5074 sec
Elapsed time for households 11.6618 sec
Iteration 84
Elapsed time for kappa 32.2490 sec
Elapsed time for experts 13.9418 sec
Elapsed time for households 11.6680 sec
Iteration 85
Elapsed time for kappa 40.6016 sec
Elapsed time for experts 15.2620 sec
Elapsed time for households 12.4226 sec
Iteration 86
Elapsed time for kappa 33.5558 sec
Elapsed time for experts 14.4666 sec
Elapsed time for households 12.0109 sec
Iteration 87
Elapsed time for kappa 32.9037 sec
Elapsed time for experts 14.1630 sec
Elapsed time for households 11.8529 sec
Iteration 88
Elapsed time for kappa 33.1594 sec
Elapsed time for experts 14.1807 sec
Elapsed time for households 11.8299 sec
Iteration 89
Elapsed time for kappa 33.2513 sec
Elapsed time for experts 11.8039 sec
Elapsed time for households 13.8945 sec
Iteration 90
Elapsed time for kappa 32.8344 sec
Elapsed time for experts 13.7315 sec
Elapsed time for households 18.3762 sec
Iteration 91
Elapsed time for kappa 33.2955 sec
Elapsed time for experts 15.2080 sec
Elapsed time for households 11.8916 sec
Iteration 92
Elapsed time for kappa 32.7777 sec
Elapsed time for experts 13.6636 sec
Elapsed time for households 12.6310 sec
Iteration 93
Elapsed time for kappa 32.5429 sec
Elapsed time for experts 14.3864 sec
Elapsed time for households 12.9099 sec
Iteration 94
Elapsed time for kappa 33.3168 sec
Elapsed time for experts 15.1790 sec
Elapsed time for households 12.4028 sec
Iteration 95
Elapsed time for kappa 32.7923 sec
Elapsed time for experts 13.1879 sec
Elapsed time for households 12.0079 sec
Iteration 96
Elapsed time for kappa 32.4508 sec
Elapsed time for experts 21.6012 sec
Elapsed time for households 12.2885 sec
Iteration 97
Elapsed time for kappa 34.2970 sec
Elapsed time for experts 15.8690 sec
Elapsed time for households 11.5606 sec
Iteration 98
Elapsed time for kappa 34.4473 sec
Elapsed time for experts 13.9745 sec
Elapsed time for households 11.8018 sec
Iteration 99
Elapsed time for kappa 33.6060 sec
Elapsed time for experts 14.2903 sec
Elapsed time for households 12.8792 sec
Iteration 100
Elapsed time for kappa 32.9683 sec
Elapsed time for experts 14.9114 sec
Elapsed time for households 12.0699 sec
Iteration 101
Elapsed time for kappa 32.3531 sec
Elapsed time for experts 14.0871 sec
Elapsed time for households 11.9995 sec
Iteration 102
Elapsed time for kappa 31.8379 sec
Elapsed time for experts 21.6788 sec
Elapsed time for households 12.7065 sec
Iteration 103
Elapsed time for kappa 34.0278 sec
Elapsed time for experts 14.6557 sec
Elapsed time for households 14.0840 sec
Iteration 104
Elapsed time for kappa 33.3850 sec
Elapsed time for experts 14.4923 sec
Elapsed time for households 12.2464 sec
Iteration 105
Elapsed time for kappa 33.3943 sec
Elapsed time for experts 14.3606 sec
Elapsed time for households 11.6537 sec
Iteration 106
Elapsed time for kappa 32.8913 sec
Elapsed time for experts 13.9090 sec
Elapsed time for households 11.2550 sec
Iteration 107
Elapsed time for kappa 32.1743 sec
Elapsed time for experts 13.9535 sec
Elapsed time for households 11.6360 sec
Iteration 108
Elapsed time for kappa 33.1135 sec
Elapsed time for experts 21.4027 sec
Elapsed time for households 12.3459 sec
Iteration 109
Elapsed time for kappa 34.1815 sec
Elapsed time for experts 14.4331 sec
Elapsed time for households 13.0269 sec
Iteration 110
Elapsed time for kappa 33.7627 sec
Elapsed time for experts 13.9870 sec
Elapsed time for households 13.2426 sec
Iteration 111
Elapsed time for kappa 32.9364 sec
Elapsed time for experts 14.8065 sec
Elapsed time for households 13.3743 sec
Iteration 112
Elapsed time for kappa 32.0702 sec
Elapsed time for experts 12.9379 sec
Elapsed time for households 12.0539 sec
Iteration 113
Elapsed time for kappa 32.4616 sec
Elapsed time for experts 13.1558 sec
Elapsed time for households 12.3647 sec
Iteration 114
Elapsed time for kappa 32.3215 sec
Elapsed time for experts 20.9518 sec
Elapsed time for households 13.9075 sec
Iteration 115
Elapsed time for kappa 34.4942 sec
Elapsed time for experts 14.6259 sec
Elapsed time for households 12.6916 sec
Iteration 116
Elapsed time for kappa 33.1367 sec
Elapsed time for experts 14.8350 sec
Elapsed time for households 14.0667 sec
Iteration 117
Elapsed time for kappa 33.2618 sec
Elapsed time for experts 14.1977 sec
Elapsed time for households 12.0484 sec
Iteration 118
Elapsed time for kappa 32.9858 sec
Elapsed time for experts 12.9368 sec
Elapsed time for households 11.9109 sec
Iteration 119
Elapsed time for kappa 33.1336 sec
Elapsed time for experts 13.9002 sec
Elapsed time for households 11.7379 sec
Iteration 120
Elapsed time for kappa 40.9938 sec
Elapsed time for experts 14.8208 sec
Elapsed time for households 12.8966 sec
Iteration 121
Elapsed time for kappa 33.9407 sec
Elapsed time for experts 14.2941 sec
Elapsed time for households 12.4882 sec
Iteration 122
Elapsed time for kappa 33.5853 sec
Elapsed time for experts 13.9634 sec
Elapsed time for households 12.8992 sec
Iteration 123
Elapsed time for kappa 33.4149 sec
Elapsed time for experts 13.3530 sec
Elapsed time for households 12.0672 sec
Iteration 124
Elapsed time for kappa 32.8052 sec
Elapsed time for experts 14.2333 sec
Elapsed time for households 12.1514 sec
Iteration 125
Elapsed time for kappa 33.2767 sec
Elapsed time for experts 14.1128 sec
Elapsed time for households 11.4702 sec
Iteration 126
Elapsed time for kappa 41.0998 sec
Elapsed time for experts 15.6413 sec
Elapsed time for households 12.3547 sec
Iteration 127
Elapsed time for kappa 34.0727 sec
Elapsed time for experts 15.1518 sec
Elapsed time for households 12.1901 sec
Iteration 128
Elapsed time for kappa 33.5926 sec
Elapsed time for experts 15.0971 sec
Elapsed time for households 11.7881 sec
Iteration 129
Elapsed time for kappa 33.0385 sec
Elapsed time for experts 14.6432 sec
Elapsed time for households 13.0566 sec
Iteration 130
Elapsed time for kappa 32.9894 sec
Elapsed time for experts 14.2228 sec
Elapsed time for households 11.9691 sec
Iteration 131
Elapsed time for kappa 32.6416 sec
Elapsed time for experts 13.9613 sec
Elapsed time for households 11.6550 sec
Iteration 132
Elapsed time for kappa 41.2745 sec
Elapsed time for experts 16.3402 sec
Elapsed time for households 12.7065 sec
Iteration 133
Elapsed time for kappa 34.4021 sec
Elapsed time for experts 15.0893 sec
Elapsed time for households 12.3317 sec
Iteration 134
Elapsed time for kappa 33.4496 sec
Elapsed time for experts 15.4475 sec
Elapsed time for households 12.7096 sec
Iteration 135
Elapsed time for kappa 33.9281 sec
Elapsed time for experts 11.9944 sec
Elapsed time for households 13.6978 sec
Iteration 136
Elapsed time for kappa 33.6690 sec
Elapsed time for experts 12.7297 sec
Elapsed time for households 14.0746 sec
Iteration 137
Elapsed time for kappa 33.0120 sec
Elapsed time for experts 12.2881 sec
Elapsed time for households 14.0462 sec
Iteration 138
Elapsed time for kappa 40.0007 sec
Elapsed time for experts 15.9742 sec
Elapsed time for households 12.2145 sec
Iteration 139
Elapsed time for kappa 33.4990 sec
Elapsed time for experts 15.7252 sec
Elapsed time for households 11.3025 sec
Iteration 140
Elapsed time for kappa 33.0695 sec
Elapsed time for experts 15.9263 sec
Elapsed time for households 10.6661 sec
Iteration 141
Elapsed time for kappa 32.5374 sec
Elapsed time for experts 15.1690 sec
Elapsed time for households 11.8160 sec
Iteration 142
Elapsed time for kappa 32.2427 sec
Elapsed time for experts 15.0330 sec
Elapsed time for households 12.1060 sec
Iteration 143
Elapsed time for kappa 32.2475 sec
Elapsed time for experts 13.0859 sec
Elapsed time for households 12.9132 sec
Iteration 144
Elapsed time for kappa 39.5021 sec
Elapsed time for experts 16.5116 sec
Elapsed time for households 11.2007 sec
Iteration 145
Elapsed time for kappa 33.3538 sec
Elapsed time for experts 16.3286 sec
Elapsed time for households 11.1717 sec
Iteration 146
Elapsed time for kappa 33.6929 sec
Elapsed time for experts 15.9426 sec
Elapsed time for households 10.7859 sec
Iteration 147
Elapsed time for kappa 33.2605 sec
Elapsed time for experts 15.1023 sec
Elapsed time for households 10.5999 sec
Iteration 148
Elapsed time for kappa 32.6193 sec
Elapsed time for experts 16.0014 sec
Elapsed time for households 10.1488 sec
Iteration 149
Elapsed time for kappa 32.0299 sec
Elapsed time for experts 16.2908 sec
Elapsed time for households 10.4329 sec
Iteration 150
Elapsed time for kappa 41.0463 sec
Elapsed time for experts 15.8312 sec
Elapsed time for households 12.0879 sec
Iteration 151
Elapsed time for kappa 35.8613 sec
Elapsed time for experts 14.7865 sec
Elapsed time for households 13.1337 sec
Iteration 152
Elapsed time for kappa 34.4772 sec
Elapsed time for experts 13.9670 sec
Elapsed time for households 12.9099 sec
Iteration 153
Elapsed time for kappa 34.3792 sec
Elapsed time for experts 12.3988 sec
Elapsed time for households 12.9007 sec
Iteration 154
Elapsed time for kappa 33.9564 sec
Elapsed time for experts 11.9737 sec
Elapsed time for households 12.7253 sec
Iteration 155
Elapsed time for kappa 33.2076 sec
Elapsed time for experts 12.2650 sec
Elapsed time for households 11.6022 sec
Iteration 156
Elapsed time for kappa 42.5528 sec
Elapsed time for experts 12.3449 sec
Elapsed time for households 14.5282 sec
Iteration 157
Elapsed time for kappa 34.6310 sec
Elapsed time for experts 13.0212 sec
Elapsed time for households 13.8788 sec
Iteration 158
Elapsed time for kappa 34.0536 sec
Elapsed time for experts 13.1329 sec
Elapsed time for households 13.7662 sec
Iteration 159
Elapsed time for kappa 33.4239 sec
Elapsed time for experts 13.7972 sec
Elapsed time for households 13.9797 sec
Iteration 160
Elapsed time for kappa 32.1044 sec
Elapsed time for experts 13.6260 sec
Elapsed time for households 13.1659 sec
Iteration 161
Elapsed time for kappa 32.5393 sec
Elapsed time for experts 20.3064 sec
Elapsed time for households 13.0411 sec
Iteration 162
Elapsed time for kappa 34.5216 sec
Elapsed time for experts 14.4621 sec
Elapsed time for households 13.5338 sec
Iteration 163
Elapsed time for kappa 33.9051 sec
Elapsed time for experts 14.4123 sec
Elapsed time for households 13.2057 sec
Iteration 164
Elapsed time for kappa 32.8544 sec
Elapsed time for experts 14.1254 sec
Elapsed time for households 12.5154 sec
Iteration 165
Elapsed time for kappa 32.1176 sec
Elapsed time for experts 16.0789 sec
Elapsed time for households 11.5477 sec
Iteration 166
Elapsed time for kappa 32.2479 sec
Elapsed time for experts 16.9207 sec
Elapsed time for households 10.2811 sec
Iteration 167
Elapsed time for kappa 31.7461 sec
Elapsed time for experts 16.0276 sec
Elapsed time for households 16.9187 sec
Iteration 168
Elapsed time for kappa 35.1590 sec
Elapsed time for experts 15.4925 sec
Elapsed time for households 13.2472 sec
Iteration 169
Elapsed time for kappa 33.6035 sec
Elapsed time for experts 14.4769 sec
Elapsed time for households 12.2664 sec
Iteration 170
Elapsed time for kappa 34.6636 sec
Elapsed time for experts 13.5399 sec
Elapsed time for households 12.2711 sec
Iteration 171
Elapsed time for kappa 36.0002 sec
Elapsed time for experts 13.6246 sec
Elapsed time for households 14.1070 sec
Iteration 172
Elapsed time for kappa 33.8575 sec
Elapsed time for experts 12.9565 sec
Elapsed time for households 13.6692 sec
Iteration 173
Elapsed time for kappa 33.4853 sec
Elapsed time for experts 12.4183 sec
Elapsed time for households 21.9629 sec
Iteration 174
Elapsed time for kappa 33.9398 sec
Elapsed time for experts 14.6427 sec
Elapsed time for households 13.8116 sec
Iteration 175
Elapsed time for kappa 33.8704 sec
Elapsed time for experts 15.0566 sec
Elapsed time for households 12.2022 sec
Iteration 176
Elapsed time for kappa 33.1340 sec
Elapsed time for experts 15.4680 sec
Elapsed time for households 11.8605 sec
Iteration 177
Elapsed time for kappa 32.8034 sec
Elapsed time for experts 15.0621 sec
Elapsed time for households 11.5672 sec
Iteration 178
Elapsed time for kappa 32.2322 sec
Elapsed time for experts 13.6236 sec
Elapsed time for households 12.4320 sec
Iteration 179
Elapsed time for kappa 32.5713 sec
Elapsed time for experts 14.7934 sec
Elapsed time for households 13.3548 sec
Iteration 180
Elapsed time for kappa 41.4293 sec
Elapsed time for experts 16.1964 sec
Elapsed time for households 14.1866 sec
Iteration 181
Elapsed time for kappa 36.4686 sec
Elapsed time for experts 14.0557 sec
Elapsed time for households 17.2241 sec
Iteration 182
Elapsed time for kappa 36.9096 sec
Elapsed time for experts 12.8648 sec
Elapsed time for households 14.1669 sec
Iteration 183
Elapsed time for kappa 33.6398 sec
Elapsed time for experts 11.9738 sec
Elapsed time for households 15.1163 sec
Iteration 184
Elapsed time for kappa 32.8421 sec
Elapsed time for experts 12.9036 sec
Elapsed time for households 14.2360 sec
Iteration 185
Elapsed time for kappa 33.0085 sec
Elapsed time for experts 14.0815 sec
Elapsed time for households 12.5737 sec
Iteration 186
Elapsed time for kappa 39.5667 sec
Elapsed time for experts 15.6961 sec
Elapsed time for households 12.1043 sec
Iteration 187
Elapsed time for kappa 33.6381 sec
Elapsed time for experts 15.4226 sec
Elapsed time for households 12.5319 sec
Iteration 188
Elapsed time for kappa 33.2183 sec
Elapsed time for experts 16.3672 sec
Elapsed time for households 11.1286 sec
Iteration 189
Elapsed time for kappa 32.8989 sec
Elapsed time for experts 15.9300 sec
Elapsed time for households 11.0210 sec
Iteration 190
Elapsed time for kappa 32.4679 sec
Elapsed time for experts 16.4102 sec
Elapsed time for households 10.6903 sec
Iteration 191
Elapsed time for kappa 31.8110 sec
Elapsed time for experts 14.6415 sec
Elapsed time for households 16.9713 sec
Iteration 192
Elapsed time for kappa 34.6679 sec
Elapsed time for experts 16.2532 sec
Elapsed time for households 11.3888 sec
Iteration 193
Elapsed time for kappa 35.4071 sec
Elapsed time for experts 15.7440 sec
Elapsed time for households 11.8806 sec
Iteration 194
Elapsed time for kappa 34.6187 sec
Elapsed time for experts 15.0198 sec
Elapsed time for households 12.4737 sec
Iteration 195
Elapsed time for kappa 34.4017 sec
Elapsed time for experts 13.2043 sec
Elapsed time for households 12.7158 sec
Iteration 196
Elapsed time for kappa 33.4391 sec
Elapsed time for experts 13.9328 sec
Elapsed time for households 11.8974 sec
Iteration 197
Elapsed time for kappa 34.3012 sec
Elapsed time for experts 14.7854 sec
Elapsed time for households 13.4741 sec
Iteration 198
Elapsed time for kappa 42.6922 sec
Elapsed time for experts 15.2491 sec
Elapsed time for households 13.0980 sec
Iteration 199
Elapsed time for kappa 33.7089 sec
Elapsed time for experts 14.8886 sec
Elapsed time for households 12.8893 sec
Iteration 200
Elapsed time for kappa 33.5287 sec
Elapsed time for experts 15.6124 sec
Elapsed time for households 12.3172 sec
Iteration 201
Elapsed time for kappa 32.9625 sec
Elapsed time for experts 15.1711 sec
Elapsed time for households 11.9522 sec
Iteration 202
Elapsed time for kappa 32.5709 sec
Elapsed time for experts 13.9970 sec
Elapsed time for households 11.6956 sec
Iteration 203
Elapsed time for kappa 32.1913 sec
Elapsed time for experts 14.0349 sec
Elapsed time for households 18.6864 sec
Iteration 204
Elapsed time for kappa 34.7995 sec
Elapsed time for experts 15.5099 sec
Elapsed time for households 10.8816 sec
Iteration 205
Elapsed time for kappa 33.9984 sec
Elapsed time for experts 16.1001 sec
Elapsed time for households 10.6165 sec
Iteration 206
Elapsed time for kappa 33.6513 sec
Elapsed time for experts 16.4585 sec
Elapsed time for households 10.6542 sec
Iteration 207
Elapsed time for kappa 33.9635 sec
Elapsed time for experts 16.3311 sec
Elapsed time for households 10.0493 sec
Iteration 208
Elapsed time for kappa 32.5275 sec
Elapsed time for experts 15.4591 sec
Elapsed time for households 10.1198 sec
Iteration 209
Elapsed time for kappa 32.1425 sec
Elapsed time for experts 15.8817 sec
Elapsed time for households 10.0588 sec
Iteration 210
Elapsed time for kappa 42.9473 sec
Elapsed time for experts 15.0102 sec
Elapsed time for households 12.7142 sec
Iteration 211
Elapsed time for kappa 35.7955 sec
Elapsed time for experts 13.4561 sec
Elapsed time for households 13.1540 sec
Iteration 212
Elapsed time for kappa 35.0135 sec
Elapsed time for experts 12.9189 sec
Elapsed time for households 13.8924 sec
Iteration 213
Elapsed time for kappa 34.3602 sec
Elapsed time for experts 12.6354 sec
Elapsed time for households 13.8068 sec
Iteration 214
Elapsed time for kappa 34.0362 sec
Elapsed time for experts 12.7581 sec
Elapsed time for households 13.7055 sec
Iteration 215
Elapsed time for kappa 33.4793 sec
Elapsed time for experts 11.7620 sec
Elapsed time for households 20.3731 sec
Iteration 216
Elapsed time for kappa 34.3743 sec
Elapsed time for experts 14.9185 sec
Elapsed time for households 13.5083 sec
Iteration 217
Elapsed time for kappa 33.9032 sec
Elapsed time for experts 14.8114 sec
Elapsed time for households 12.6106 sec
Iteration 218
Elapsed time for kappa 33.2536 sec
Elapsed time for experts 14.4944 sec
Elapsed time for households 11.9007 sec
Iteration 219
Elapsed time for kappa 32.7518 sec
Elapsed time for experts 15.3417 sec
Elapsed time for households 11.8906 sec
Iteration 220
Elapsed time for kappa 32.6933 sec
Elapsed time for experts 13.6952 sec
Elapsed time for households 12.3348 sec
Iteration 221
Elapsed time for kappa 32.4877 sec
Elapsed time for experts 13.8643 sec
Elapsed time for households 12.3864 sec
Iteration 222
Elapsed time for kappa 40.6619 sec
Elapsed time for experts 16.6426 sec
Elapsed time for households 10.6823 sec
Iteration 223
Elapsed time for kappa 34.3719 sec
Elapsed time for experts 16.6327 sec
Elapsed time for households 10.5461 sec
Iteration 224
Elapsed time for kappa 34.5788 sec
Elapsed time for experts 15.7039 sec
Elapsed time for households 10.2933 sec
Iteration 225
Elapsed time for kappa 33.5763 sec
Elapsed time for experts 16.0077 sec
Elapsed time for households 10.2009 sec
Iteration 226
Elapsed time for kappa 33.2463 sec
Elapsed time for experts 14.7677 sec
Elapsed time for households 10.5584 sec
Iteration 227
Elapsed time for kappa 32.4003 sec
Elapsed time for experts 15.6485 sec
Elapsed time for households 10.7889 sec
Iteration 228
Elapsed time for kappa 42.5476 sec
Elapsed time for experts 14.2318 sec
Elapsed time for households 12.7351 sec
Iteration 229
Elapsed time for kappa 35.4047 sec
Elapsed time for experts 13.9329 sec
Elapsed time for households 13.6778 sec
Iteration 230
Elapsed time for kappa 35.5065 sec
Elapsed time for experts 12.5598 sec
Elapsed time for households 13.7573 sec
Iteration 231
Elapsed time for kappa 34.4622 sec
Elapsed time for experts 12.0640 sec
Elapsed time for households 14.3501 sec
Iteration 232
Elapsed time for kappa 33.8870 sec
Elapsed time for experts 12.4184 sec
Elapsed time for households 14.3123 sec
Iteration 233
Elapsed time for kappa 33.5338 sec
Elapsed time for experts 12.4017 sec
Elapsed time for households 20.6188 sec
Iteration 234
Elapsed time for kappa 34.3485 sec
Elapsed time for experts 14.9813 sec
Elapsed time for households 12.6537 sec
Iteration 235
Elapsed time for kappa 33.9241 sec
Elapsed time for experts 16.0846 sec
Elapsed time for households 11.6967 sec
Iteration 236
Elapsed time for kappa 33.0877 sec
Elapsed time for experts 15.7246 sec
Elapsed time for households 11.4153 sec
Iteration 237
Elapsed time for kappa 32.6845 sec
Elapsed time for experts 15.4730 sec
Elapsed time for households 11.2430 sec
Iteration 238
Elapsed time for kappa 32.1663 sec
Elapsed time for experts 15.1589 sec
Elapsed time for households 11.5754 sec
Iteration 239
Elapsed time for kappa 32.3535 sec
Elapsed time for experts 13.6608 sec
Elapsed time for households 12.2315 sec
Iteration 240
Elapsed time for kappa 41.7787 sec
Elapsed time for experts 17.0424 sec
Elapsed time for households 12.0286 sec
Iteration 241
Elapsed time for kappa 35.4566 sec
Elapsed time for experts 14.2604 sec
Elapsed time for households 11.4394 sec
Iteration 242
Elapsed time for kappa 34.6497 sec
Elapsed time for experts 14.8247 sec
Elapsed time for households 12.3824 sec
Iteration 243
Elapsed time for kappa 35.1456 sec
Elapsed time for experts 14.5065 sec
Elapsed time for households 12.7215 sec
Iteration 244
Elapsed time for kappa 34.6994 sec
Elapsed time for experts 14.4254 sec
Elapsed time for households 13.0081 sec
Iteration 245
Elapsed time for kappa 32.8548 sec
Elapsed time for experts 12.8659 sec
Elapsed time for households 20.1980 sec
Iteration 246
Elapsed time for kappa 35.1620 sec
Elapsed time for experts 13.3065 sec
Elapsed time for households 13.8317 sec
Iteration 247
Elapsed time for kappa 34.3109 sec
Elapsed time for experts 14.4852 sec
Elapsed time for households 13.3591 sec
Iteration 248
Elapsed time for kappa 33.5315 sec
Elapsed time for experts 14.7137 sec
Elapsed time for households 12.8747 sec
Iteration 249
Elapsed time for kappa 32.9236 sec
Elapsed time for experts 14.3610 sec
Elapsed time for households 12.4985 sec
Iteration 250
Elapsed time for kappa 32.6661 sec
Elapsed time for experts 13.7288 sec
Elapsed time for households 12.3893 sec
Iteration 251
Elapsed time for kappa 32.3537 sec
Elapsed time for experts 13.1407 sec
Elapsed time for households 13.1159 sec
Iteration 252
Elapsed time for kappa 40.7815 sec
Elapsed time for experts 17.1270 sec
Elapsed time for households 10.6570 sec
Iteration 253
Elapsed time for kappa 33.8106 sec
Elapsed time for experts 16.3256 sec
Elapsed time for households 10.6729 sec
Iteration 254
Elapsed time for kappa 34.2303 sec
Elapsed time for experts 16.1921 sec
Elapsed time for households 10.4895 sec
Iteration 255
Elapsed time for kappa 34.3237 sec
Elapsed time for experts 15.7440 sec
Elapsed time for households 11.1100 sec
Iteration 256
Elapsed time for kappa 33.5745 sec
Elapsed time for experts 14.7795 sec
Elapsed time for households 9.9512 sec
Iteration 257
Elapsed time for kappa 32.7014 sec
Elapsed time for experts 16.5448 sec
Elapsed time for households 10.1323 sec
Iteration 258
Elapsed time for kappa 42.6848 sec
Elapsed time for experts 13.2799 sec
Elapsed time for households 13.4590 sec
Iteration 259
Elapsed time for kappa 35.6428 sec
Elapsed time for experts 13.7736 sec
Elapsed time for households 13.6151 sec
Iteration 260
Elapsed time for kappa 35.6531 sec
Elapsed time for experts 13.1535 sec
Elapsed time for households 15.3595 sec
Iteration 261
Elapsed time for kappa 34.3821 sec
Elapsed time for experts 13.3585 sec
Elapsed time for households 14.0533 sec
Iteration 262
Elapsed time for kappa 33.2260 sec
Elapsed time for experts 13.8271 sec
Elapsed time for households 13.7220 sec
Iteration 263
Elapsed time for kappa 33.1225 sec
Elapsed time for experts 14.4180 sec
Elapsed time for households 42.3516 sec
Iteration 264
Elapsed time for kappa 35.1233 sec
Elapsed time for experts 15.8460 sec
Elapsed time for households 12.8167 sec
Iteration 265
Elapsed time for kappa 33.6943 sec
Elapsed time for experts 15.1719 sec
Elapsed time for households 12.2248 sec
Iteration 266
Elapsed time for kappa 33.2691 sec
Elapsed time for experts 15.7325 sec
Elapsed time for households 11.6369 sec
Iteration 267
Elapsed time for kappa 32.7149 sec
Elapsed time for experts 15.4508 sec
Elapsed time for households 11.3270 sec
Iteration 268
Elapsed time for kappa 32.3191 sec
Elapsed time for experts 14.6768 sec
Elapsed time for households 12.1042 sec
Iteration 269
Elapsed time for kappa 32.8841 sec
Elapsed time for experts 14.9384 sec
Elapsed time for households 12.7155 sec
Iteration 270
Elapsed time for kappa 41.6703 sec
Elapsed time for experts 16.0572 sec
Elapsed time for households 10.8895 sec
Iteration 271
Elapsed time for kappa 35.2906 sec
Elapsed time for experts 15.6966 sec
Elapsed time for households 12.2975 sec
Iteration 272
Elapsed time for kappa 35.4659 sec
Elapsed time for experts 15.0782 sec
Elapsed time for households 13.1529 sec
Iteration 273
Elapsed time for kappa 34.5648 sec
Elapsed time for experts 13.6623 sec
Elapsed time for households 12.5028 sec
Iteration 274
Elapsed time for kappa 34.7048 sec
Elapsed time for experts 12.1530 sec
Elapsed time for households 13.5999 sec
Iteration 275
Elapsed time for kappa 34.0581 sec
Elapsed time for experts 12.9001 sec
Elapsed time for households 20.4116 sec
Iteration 276
Elapsed time for kappa 35.2029 sec
Elapsed time for experts 14.5030 sec
Elapsed time for households 14.0326 sec
Iteration 277
Elapsed time for kappa 33.5333 sec
Elapsed time for experts 15.0461 sec
Elapsed time for households 12.4968 sec
Iteration 278
Elapsed time for kappa 33.4986 sec
Elapsed time for experts 14.8444 sec
Elapsed time for households 12.2074 sec
Iteration 279
Elapsed time for kappa 33.2393 sec
Elapsed time for experts 15.9809 sec
Elapsed time for households 12.0077 sec
Iteration 280
Elapsed time for kappa 33.2838 sec
Elapsed time for experts 13.3681 sec
Elapsed time for households 12.5894 sec
Iteration 281
Elapsed time for kappa 31.7215 sec
Elapsed time for experts 15.4410 sec
Elapsed time for households 11.8072 sec
Iteration 282
Elapsed time for kappa 42.0367 sec
Elapsed time for experts 15.9215 sec
Elapsed time for households 11.6667 sec
Iteration 283
Elapsed time for kappa 35.3963 sec
Elapsed time for experts 14.9316 sec
Elapsed time for households 12.1139 sec
Iteration 284
Elapsed time for kappa 35.8666 sec
Elapsed time for experts 14.9184 sec
Elapsed time for households 12.8920 sec
Iteration 285
Elapsed time for kappa 35.0444 sec
Elapsed time for experts 13.6379 sec
Elapsed time for households 13.4919 sec
Iteration 286
Elapsed time for kappa 34.4653 sec
Elapsed time for experts 11.6952 sec
Elapsed time for households 13.1951 sec
Iteration 287
Elapsed time for kappa 34.3127 sec
Elapsed time for experts 12.3859 sec
Elapsed time for households 21.4316 sec
Iteration 288
Elapsed time for kappa 35.3808 sec
Elapsed time for experts 15.1362 sec
Elapsed time for households 13.1729 sec
Iteration 289
Elapsed time for kappa 33.8182 sec
Elapsed time for experts 16.8678 sec
Elapsed time for households 11.7880 sec
Iteration 290
Elapsed time for kappa 33.6317 sec
Elapsed time for experts 16.5843 sec
Elapsed time for households 11.6581 sec
Iteration 291
Elapsed time for kappa 32.9425 sec
Elapsed time for experts 16.8444 sec
Elapsed time for households 10.5768 sec
Iteration 292
Elapsed time for kappa 32.6944 sec
Elapsed time for experts 15.7947 sec
Elapsed time for households 12.0996 sec
Iteration 293
Elapsed time for kappa 35.0265 sec
Elapsed time for experts 15.7321 sec
Elapsed time for households 10.7122 sec
Iteration 294
Elapsed time for kappa 45.5500 sec
Elapsed time for experts 13.5162 sec
Elapsed time for households 14.5519 sec
Iteration 295
Elapsed time for kappa 35.5878 sec
Elapsed time for experts 12.5715 sec
Elapsed time for households 14.5984 sec
Iteration 296
Elapsed time for kappa 34.4472 sec
Elapsed time for experts 12.9267 sec
Elapsed time for households 14.0186 sec
Iteration 297
Elapsed time for kappa 33.8423 sec
Elapsed time for experts 14.2556 sec
Elapsed time for households 12.4069 sec
Iteration 298
Elapsed time for kappa 33.6499 sec
Elapsed time for experts 13.9679 sec
Elapsed time for households 13.6059 sec
Iteration 299
Elapsed time for kappa 33.4844 sec
Elapsed time for experts 14.6047 sec
Elapsed time for households 11.7404 sec
Elapsed time for training 18676.8473 sec
