Iteration 0
Elapsed time for kappa 181.9233 sec
Elapsed time for experts 85.5883 sec
Elapsed time for households 74.0462 sec
Iteration 1
Elapsed time for kappa 154.2559 sec
Elapsed time for experts 77.5886 sec
Elapsed time for households 75.2627 sec
Iteration 2
Elapsed time for kappa 152.0739 sec
Elapsed time for experts 77.8531 sec
Elapsed time for households 76.1129 sec
Iteration 3
Elapsed time for kappa 152.8175 sec
Elapsed time for experts 82.4151 sec
Elapsed time for households 72.9801 sec
Iteration 4
Elapsed time for kappa 156.5017 sec
Elapsed time for experts 79.6442 sec
Elapsed time for households 70.3161 sec
Iteration 5
Elapsed time for kappa 149.2301 sec
Elapsed time for experts 76.3858 sec
Elapsed time for households 69.6215 sec
Iteration 6
Elapsed time for kappa 148.4315 sec
Elapsed time for experts 79.8162 sec
Elapsed time for households 73.3756 sec
Iteration 7
Elapsed time for kappa 153.1326 sec
Elapsed time for experts 83.1934 sec
Elapsed time for households 70.1052 sec
Iteration 8
Elapsed time for kappa 146.3698 sec
Elapsed time for experts 77.6797 sec
Elapsed time for households 72.1933 sec
Iteration 9
Elapsed time for kappa 146.9985 sec
Elapsed time for experts 77.3839 sec
Elapsed time for households 68.8400 sec
Iteration 10
Elapsed time for kappa 149.5348 sec
Elapsed time for experts 73.4429 sec
Elapsed time for households 69.2434 sec
Iteration 11
Elapsed time for kappa 146.9840 sec
Elapsed time for experts 76.3086 sec
Elapsed time for households 68.8427 sec
Iteration 12
Elapsed time for kappa 126.8705 sec
Elapsed time for experts 66.9620 sec
Elapsed time for households 61.6651 sec
Iteration 13
Elapsed time for kappa 132.3608 sec
Elapsed time for experts 67.5340 sec
Elapsed time for households 62.7838 sec
Iteration 14
Elapsed time for kappa 131.0287 sec
Elapsed time for experts 67.9116 sec
Elapsed time for households 61.1609 sec
Elapsed time for training 4425.8511 sec
