/tmp/slurmd/job22784829/slurm_script: line 19: deactivate: No such file or directory
Iteration 0
Elapsed time for kappa 147.4334 sec
Elapsed time for experts 64.2718 sec
Elapsed time for households 55.7617 sec
Iteration 1
Elapsed time for kappa 117.2234 sec
Elapsed time for experts 65.3448 sec
Elapsed time for households 60.9939 sec
Iteration 2
Elapsed time for kappa 118.5165 sec
Elapsed time for experts 63.2960 sec
Elapsed time for households 60.8326 sec
Iteration 3
Elapsed time for kappa 110.4930 sec
Elapsed time for experts 62.3757 sec
Elapsed time for households 57.4874 sec
Iteration 4
Elapsed time for kappa 114.3448 sec
Elapsed time for experts 60.2658 sec
Elapsed time for households 39.4040 sec
Iteration 5
Elapsed time for kappa 116.5654 sec
Elapsed time for experts 60.6863 sec
Elapsed time for households 20.6525 sec
Iteration 6
Elapsed time for kappa 118.8161 sec
Elapsed time for experts 58.8230 sec
Elapsed time for households 55.3288 sec
Iteration 7
Elapsed time for kappa 124.3832 sec
Elapsed time for experts 59.7056 sec
Elapsed time for households 31.3300 sec
Iteration 8
Elapsed time for kappa 109.1262 sec
Elapsed time for experts 64.5134 sec
Elapsed time for households 57.3860 sec
Iteration 9
Elapsed time for kappa 113.4852 sec
Elapsed time for experts 62.3476 sec
Elapsed time for households 40.3330 sec
Iteration 10
Elapsed time for kappa 114.1016 sec
Elapsed time for experts 58.7080 sec
Elapsed time for households 28.5372 sec
Iteration 11
Elapsed time for kappa 113.2576 sec
Elapsed time for experts 58.8811 sec
Elapsed time for households 20.4770 sec
Iteration 12
Elapsed time for kappa 124.1534 sec
Elapsed time for experts 65.3176 sec
Elapsed time for households 23.1474 sec
Iteration 13
Elapsed time for kappa 98.3674 sec
Elapsed time for experts 53.3975 sec
Elapsed time for households 50.8144 sec
Iteration 14
Elapsed time for kappa 97.8293 sec
Elapsed time for experts 50.9260 sec
Elapsed time for households 24.3845 sec
Elapsed time for training 3274.8688 sec
