Iteration 0
Elapsed time for kappa 143.8372 sec
Elapsed time for experts 67.3809 sec
Elapsed time for households 60.8242 sec
Iteration 1
Elapsed time for kappa 115.7827 sec
Elapsed time for experts 62.1815 sec
Elapsed time for households 55.5140 sec
Iteration 2
Elapsed time for kappa 115.8811 sec
Elapsed time for experts 63.5453 sec
Elapsed time for households 55.8249 sec
Iteration 3
Elapsed time for kappa 115.7884 sec
Elapsed time for experts 61.2607 sec
Elapsed time for households 55.1690 sec
Iteration 4
Elapsed time for kappa 112.9602 sec
Elapsed time for experts 60.9585 sec
Elapsed time for households 54.5468 sec
Iteration 5
Elapsed time for kappa 114.9841 sec
Elapsed time for experts 61.9310 sec
Elapsed time for households 54.7053 sec
Iteration 6
Elapsed time for kappa 113.2989 sec
Elapsed time for experts 60.9900 sec
Elapsed time for households 55.5236 sec
Iteration 7
Elapsed time for kappa 116.9681 sec
Elapsed time for experts 69.6387 sec
Elapsed time for households 55.9100 sec
Iteration 8
Elapsed time for kappa 114.8920 sec
Elapsed time for experts 61.2956 sec
Elapsed time for households 55.2044 sec
Iteration 9
Elapsed time for kappa 113.3801 sec
Elapsed time for experts 63.1364 sec
Elapsed time for households 54.7846 sec
Iteration 10
Elapsed time for kappa 115.3116 sec
Elapsed time for experts 12.2686 sec
Elapsed time for households 10.9744 sec
Iteration 11
Elapsed time for kappa 115.4344 sec
Elapsed time for experts 63.0344 sec
Elapsed time for households 55.1778 sec
Iteration 12
Elapsed time for kappa 115.1798 sec
Elapsed time for experts 60.9697 sec
Elapsed time for households 54.9123 sec
Iteration 13
Elapsed time for kappa 123.2341 sec
Elapsed time for experts 63.0255 sec
Elapsed time for households 55.5840 sec
Iteration 14
Elapsed time for kappa 114.6311 sec
Elapsed time for experts 62.1245 sec
Elapsed time for households 55.1162 sec
Iteration 15
Elapsed time for kappa 115.5191 sec
Elapsed time for experts 61.8287 sec
Elapsed time for households 55.8809 sec
Iteration 16
Elapsed time for kappa 113.8984 sec
Elapsed time for experts 62.8415 sec
Elapsed time for households 55.0315 sec
Iteration 17
Elapsed time for kappa 115.5231 sec
Elapsed time for experts 61.3935 sec
Elapsed time for households 54.8032 sec
Iteration 18
Elapsed time for kappa 114.6732 sec
Elapsed time for experts 61.5002 sec
Elapsed time for households 55.7950 sec
Iteration 19
Elapsed time for kappa 124.1008 sec
Elapsed time for experts 63.4667 sec
Elapsed time for households 55.7244 sec
Elapsed time for training 4618.1335 sec
