Iteration 0
Elapsed time for kappa 122.0451 sec
Elapsed time for experts 46.7880 sec
Elapsed time for households 41.8308 sec
Iteration 1
Elapsed time for kappa 92.6848 sec
Elapsed time for experts 42.2276 sec
Elapsed time for households 40.1073 sec
Iteration 2
Elapsed time for kappa 97.9722 sec
Elapsed time for experts 42.9023 sec
Elapsed time for households 39.8908 sec
Iteration 3
Elapsed time for kappa 94.3422 sec
Elapsed time for experts 42.1683 sec
Elapsed time for households 39.6604 sec
Iteration 4
Elapsed time for kappa 96.1545 sec
Elapsed time for experts 42.1171 sec
Elapsed time for households 39.6734 sec
Iteration 5
Elapsed time for kappa 94.5317 sec
Elapsed time for experts 41.9609 sec
Elapsed time for households 39.5763 sec
Iteration 6
Elapsed time for kappa 59.6462 sec
Elapsed time for experts 41.8643 sec
Elapsed time for households 39.8284 sec
Iteration 7
Elapsed time for kappa 94.6906 sec
Elapsed time for experts 47.3588 sec
Elapsed time for households 41.3697 sec
Iteration 8
Elapsed time for kappa 95.1151 sec
Elapsed time for experts 42.5947 sec
Elapsed time for households 39.1646 sec
Iteration 9
Elapsed time for kappa 93.8024 sec
Elapsed time for experts 42.3345 sec
Elapsed time for households 39.3234 sec
Iteration 10
Elapsed time for kappa 93.3955 sec
Elapsed time for experts 42.2386 sec
Elapsed time for households 38.7285 sec
Iteration 11
Elapsed time for kappa 93.8784 sec
Elapsed time for experts 42.2429 sec
Elapsed time for households 38.7110 sec
Iteration 12
Elapsed time for kappa 93.1359 sec
Elapsed time for experts 42.0089 sec
Elapsed time for households 38.8118 sec
Iteration 13
Elapsed time for kappa 99.6197 sec
Elapsed time for experts 42.9743 sec
Elapsed time for households 38.6075 sec
Iteration 14
Elapsed time for kappa 91.8634 sec
Elapsed time for experts 42.4890 sec
Elapsed time for households 39.1172 sec
Elapsed time for training 2652.3674 sec
90000 90000 90000 90000
