Iteration 0
Elapsed time for kappa 87.6652 sec
Elapsed time for experts 25.9732 sec
Elapsed time for households 20.2426 sec
Iteration 1
Elapsed time for kappa 37.6323 sec
Elapsed time for experts 20.1294 sec
Elapsed time for households 13.4406 sec
Iteration 2
Elapsed time for kappa 35.7108 sec
Elapsed time for experts 18.2562 sec
Elapsed time for households 16.2858 sec
Iteration 3
Elapsed time for kappa 41.2053 sec
Elapsed time for experts 20.6612 sec
Elapsed time for households 16.5591 sec
Iteration 4
Elapsed time for kappa 34.4996 sec
Elapsed time for experts 19.0770 sec
Elapsed time for households 18.2594 sec
Iteration 5
Elapsed time for kappa 34.6947 sec
Elapsed time for experts 18.5198 sec
Elapsed time for households 18.0316 sec
Iteration 6
Elapsed time for kappa 33.3267 sec
Elapsed time for experts 18.6660 sec
Elapsed time for households 19.0764 sec
Iteration 7
Elapsed time for kappa 34.7881 sec
Elapsed time for experts 18.6993 sec
Elapsed time for households 17.6387 sec
Iteration 8
Elapsed time for kappa 35.3607 sec
Elapsed time for experts 17.8472 sec
Elapsed time for households 24.1250 sec
Iteration 9
Elapsed time for kappa 35.3717 sec
Elapsed time for experts 17.5917 sec
Elapsed time for households 16.4645 sec
Iteration 10
Elapsed time for kappa 34.4950 sec
Elapsed time for experts 19.3146 sec
Elapsed time for households 17.2516 sec
Iteration 11
Elapsed time for kappa 34.4760 sec
Elapsed time for experts 21.1308 sec
Elapsed time for households 17.5323 sec
Iteration 12
Elapsed time for kappa 34.1264 sec
Elapsed time for experts 20.9897 sec
Elapsed time for households 17.4515 sec
Iteration 13
Elapsed time for kappa 32.9299 sec
Elapsed time for experts 18.7154 sec
Elapsed time for households 17.6206 sec
Iteration 14
Elapsed time for kappa 38.0498 sec
Elapsed time for experts 21.1513 sec
Elapsed time for households 16.7789 sec
Iteration 15
Elapsed time for kappa 54.6720 sec
Elapsed time for experts 12.9255 sec
Elapsed time for households 17.3379 sec
Iteration 16
Elapsed time for kappa 36.6282 sec
Elapsed time for experts 18.0009 sec
Elapsed time for households 16.8914 sec
Iteration 17
Elapsed time for kappa 39.9963 sec
Elapsed time for experts 16.9582 sec
Elapsed time for households 15.6354 sec
Iteration 18
Elapsed time for kappa 35.0866 sec
Elapsed time for experts 18.0787 sec
Elapsed time for households 16.7796 sec
Iteration 19
Elapsed time for kappa 36.0495 sec
Elapsed time for experts 18.6102 sec
Elapsed time for households 17.1802 sec
Iteration 20
Elapsed time for kappa 32.7914 sec
Elapsed time for experts 13.3905 sec
Elapsed time for households 24.3516 sec
Iteration 21
Elapsed time for kappa 34.8384 sec
Elapsed time for experts 17.7614 sec
Elapsed time for households 17.5428 sec
Iteration 22
Elapsed time for kappa 34.4860 sec
Elapsed time for experts 15.3895 sec
Elapsed time for households 11.0166 sec
Iteration 23
Elapsed time for kappa 35.3120 sec
Elapsed time for experts 12.9472 sec
Elapsed time for households 15.7384 sec
Iteration 24
Elapsed time for kappa 34.1363 sec
Elapsed time for experts 17.7875 sec
Elapsed time for households 17.3702 sec
Iteration 25
Elapsed time for kappa 34.7380 sec
Elapsed time for experts 14.2719 sec
Elapsed time for households 18.6484 sec
Iteration 26
Elapsed time for kappa 34.7939 sec
Elapsed time for experts 21.3733 sec
Elapsed time for households 16.5320 sec
Iteration 27
Elapsed time for kappa 35.6404 sec
Elapsed time for experts 12.4326 sec
Elapsed time for households 10.7189 sec
Iteration 28
Elapsed time for kappa 35.6521 sec
Elapsed time for experts 13.9997 sec
Elapsed time for households 12.9332 sec
Iteration 29
Elapsed time for kappa 34.7141 sec
Elapsed time for experts 14.0864 sec
Elapsed time for households 12.7034 sec
Iteration 30
Elapsed time for kappa 34.7997 sec
Elapsed time for experts 13.5340 sec
Elapsed time for households 12.2775 sec
Iteration 31
Elapsed time for kappa 36.8064 sec
Elapsed time for experts 13.8159 sec
Elapsed time for households 11.2343 sec
Iteration 32
Elapsed time for kappa 33.6071 sec
Elapsed time for experts 22.2896 sec
Elapsed time for households 12.1749 sec
Iteration 33
Elapsed time for kappa 36.0451 sec
Elapsed time for experts 12.5236 sec
Elapsed time for households 12.7481 sec
Iteration 34
Elapsed time for kappa 35.6451 sec
Elapsed time for experts 12.3345 sec
Elapsed time for households 10.9104 sec
Iteration 35
Elapsed time for kappa 35.9451 sec
Elapsed time for experts 13.2265 sec
Elapsed time for households 12.0180 sec
Iteration 36
Elapsed time for kappa 32.9007 sec
Elapsed time for experts 18.0723 sec
Elapsed time for households 11.5451 sec
Iteration 37
Elapsed time for kappa 34.6235 sec
Elapsed time for experts 12.6675 sec
Elapsed time for households 12.7681 sec
Iteration 38
Elapsed time for kappa 34.3007 sec
Elapsed time for experts 18.7949 sec
Elapsed time for households 12.4267 sec
Iteration 39
Elapsed time for kappa 36.3494 sec
Elapsed time for experts 14.5354 sec
Elapsed time for households 11.1636 sec
Iteration 40
Elapsed time for kappa 32.8992 sec
Elapsed time for experts 14.1178 sec
Elapsed time for households 11.8603 sec
Iteration 41
Elapsed time for kappa 35.4006 sec
Elapsed time for experts 13.8942 sec
Elapsed time for households 12.1907 sec
Iteration 42
Elapsed time for kappa 35.1672 sec
Elapsed time for experts 12.9558 sec
Elapsed time for households 11.3614 sec
Iteration 43
Elapsed time for kappa 34.4396 sec
Elapsed time for experts 12.0603 sec
Elapsed time for households 11.8700 sec
Iteration 44
Elapsed time for kappa 41.1978 sec
Elapsed time for experts 13.2382 sec
Elapsed time for households 14.5581 sec
Iteration 45
Elapsed time for kappa 35.2996 sec
Elapsed time for experts 12.3978 sec
Elapsed time for households 13.2707 sec
Iteration 46
Elapsed time for kappa 34.1820 sec
Elapsed time for experts 13.1971 sec
Elapsed time for households 10.9174 sec
Iteration 47
Elapsed time for kappa 34.1921 sec
Elapsed time for experts 13.4220 sec
Elapsed time for households 12.1038 sec
Iteration 48
Elapsed time for kappa 32.5074 sec
Elapsed time for experts 12.1857 sec
Elapsed time for households 10.7449 sec
Iteration 49
Elapsed time for kappa 36.7193 sec
Elapsed time for experts 13.2783 sec
Elapsed time for households 11.0584 sec
Iteration 50
Elapsed time for kappa 40.7296 sec
Elapsed time for experts 13.6970 sec
Elapsed time for households 13.0280 sec
Iteration 51
Elapsed time for kappa 34.5504 sec
Elapsed time for experts 12.0175 sec
Elapsed time for households 11.9980 sec
Iteration 52
Elapsed time for kappa 36.0122 sec
Elapsed time for experts 12.6432 sec
Elapsed time for households 11.0318 sec
Iteration 53
Elapsed time for kappa 34.5612 sec
Elapsed time for experts 13.0704 sec
Elapsed time for households 10.2854 sec
Iteration 54
Elapsed time for kappa 32.6983 sec
Elapsed time for experts 18.3060 sec
Elapsed time for households 11.4357 sec
Iteration 55
Elapsed time for kappa 32.6269 sec
Elapsed time for experts 12.1663 sec
Elapsed time for households 12.6249 sec
Iteration 56
Elapsed time for kappa 40.3649 sec
Elapsed time for experts 17.4253 sec
Elapsed time for households 11.8714 sec
Iteration 57
Elapsed time for kappa 36.9867 sec
Elapsed time for experts 14.6176 sec
Elapsed time for households 10.6978 sec
Iteration 58
Elapsed time for kappa 31.5771 sec
Elapsed time for experts 13.2087 sec
Elapsed time for households 11.4193 sec
Iteration 59
Elapsed time for kappa 33.4905 sec
Elapsed time for experts 13.0006 sec
Elapsed time for households 11.4494 sec
Iteration 60
Elapsed time for kappa 33.2248 sec
Elapsed time for experts 13.0296 sec
Elapsed time for households 11.1048 sec
Iteration 61
Elapsed time for kappa 33.1179 sec
Elapsed time for experts 13.6790 sec
Elapsed time for households 10.6717 sec
Iteration 62
Elapsed time for kappa 39.9394 sec
Elapsed time for experts 13.0529 sec
Elapsed time for households 12.7388 sec
Iteration 63
Elapsed time for kappa 33.3699 sec
Elapsed time for experts 12.4989 sec
Elapsed time for households 11.3478 sec
Iteration 64
Elapsed time for kappa 33.1675 sec
Elapsed time for experts 12.0895 sec
Elapsed time for households 12.1714 sec
Iteration 65
Elapsed time for kappa 32.1055 sec
Elapsed time for experts 12.2233 sec
Elapsed time for households 11.1051 sec
Iteration 66
Elapsed time for kappa 35.8715 sec
Elapsed time for experts 13.6737 sec
Elapsed time for households 10.4501 sec
Iteration 67
Elapsed time for kappa 32.6975 sec
Elapsed time for experts 12.4404 sec
Elapsed time for households 12.8674 sec
Iteration 68
Elapsed time for kappa 37.7020 sec
Elapsed time for experts 12.5841 sec
Elapsed time for households 12.2752 sec
Iteration 69
Elapsed time for kappa 32.3918 sec
Elapsed time for experts 11.9379 sec
Elapsed time for households 12.1121 sec
Iteration 70
Elapsed time for kappa 33.0695 sec
Elapsed time for experts 12.5855 sec
Elapsed time for households 10.5419 sec
Iteration 71
Elapsed time for kappa 33.7977 sec
Elapsed time for experts 12.1884 sec
Elapsed time for households 12.1442 sec
Iteration 72
Elapsed time for kappa 30.7747 sec
Elapsed time for experts 12.7169 sec
Elapsed time for households 11.8182 sec
Iteration 73
Elapsed time for kappa 32.5882 sec
Elapsed time for experts 12.0371 sec
Elapsed time for households 10.7746 sec
Iteration 74
Elapsed time for kappa 39.1068 sec
Elapsed time for experts 12.5335 sec
Elapsed time for households 12.5614 sec
Iteration 75
Elapsed time for kappa 30.6488 sec
Elapsed time for experts 12.6125 sec
Elapsed time for households 12.7432 sec
Iteration 76
Elapsed time for kappa 31.1613 sec
Elapsed time for experts 11.8529 sec
Elapsed time for households 10.7659 sec
Iteration 77
Elapsed time for kappa 33.4733 sec
Elapsed time for experts 13.0263 sec
Elapsed time for households 10.6593 sec
Iteration 78
Elapsed time for kappa 30.3282 sec
Elapsed time for experts 11.9446 sec
Elapsed time for households 11.5731 sec
Iteration 79
Elapsed time for kappa 32.5734 sec
Elapsed time for experts 11.3596 sec
Elapsed time for households 16.2872 sec
Iteration 80
Elapsed time for kappa 33.3139 sec
Elapsed time for experts 12.7950 sec
Elapsed time for households 10.5075 sec
Iteration 81
Elapsed time for kappa 35.0562 sec
Elapsed time for experts 12.0499 sec
Elapsed time for households 12.3468 sec
Iteration 82
Elapsed time for kappa 30.2358 sec
Elapsed time for experts 11.7348 sec
Elapsed time for households 10.5181 sec
Iteration 83
Elapsed time for kappa 32.2085 sec
Elapsed time for experts 11.9784 sec
Elapsed time for households 9.9732 sec
Iteration 84
Elapsed time for kappa 30.0530 sec
Elapsed time for experts 12.8741 sec
Elapsed time for households 11.7876 sec
Iteration 85
Elapsed time for kappa 32.2727 sec
Elapsed time for experts 11.7174 sec
Elapsed time for households 17.3606 sec
Iteration 86
Elapsed time for kappa 33.8237 sec
Elapsed time for experts 14.2015 sec
Elapsed time for households 12.1918 sec
Iteration 87
Elapsed time for kappa 34.0559 sec
Elapsed time for experts 12.3913 sec
Elapsed time for households 12.0257 sec
Iteration 88
Elapsed time for kappa 30.5601 sec
Elapsed time for experts 12.0617 sec
Elapsed time for households 11.7524 sec
Iteration 89
Elapsed time for kappa 31.3332 sec
Elapsed time for experts 11.9958 sec
Elapsed time for households 10.7031 sec
Iteration 90
Elapsed time for kappa 32.4024 sec
Elapsed time for experts 11.6395 sec
Elapsed time for households 11.7732 sec
Iteration 91
Elapsed time for kappa 29.5751 sec
Elapsed time for experts 11.9248 sec
Elapsed time for households 10.7328 sec
Iteration 92
Elapsed time for kappa 39.7833 sec
Elapsed time for experts 11.9392 sec
Elapsed time for households 11.8369 sec
Iteration 93
Elapsed time for kappa 31.4855 sec
Elapsed time for experts 13.5964 sec
Elapsed time for households 10.7357 sec
Iteration 94
Elapsed time for kappa 31.7212 sec
Elapsed time for experts 11.8735 sec
Elapsed time for households 12.1972 sec
Iteration 95
Elapsed time for kappa 33.0760 sec
Elapsed time for experts 11.3220 sec
Elapsed time for households 10.7074 sec
Iteration 96
Elapsed time for kappa 30.3689 sec
Elapsed time for experts 12.6970 sec
Elapsed time for households 10.9207 sec
Iteration 97
Elapsed time for kappa 30.1463 sec
Elapsed time for experts 11.9607 sec
Elapsed time for households 17.0243 sec
Iteration 98
Elapsed time for kappa 33.0697 sec
Elapsed time for experts 11.5144 sec
Elapsed time for households 11.0454 sec
Iteration 99
Elapsed time for kappa 32.4962 sec
Elapsed time for experts 12.2479 sec
Elapsed time for households 12.2143 sec
Iteration 100
Elapsed time for kappa 31.5215 sec
Elapsed time for experts 11.9241 sec
Elapsed time for households 10.7815 sec
Iteration 101
Elapsed time for kappa 31.2170 sec
Elapsed time for experts 12.9543 sec
Elapsed time for households 10.5884 sec
Iteration 102
Elapsed time for kappa 30.3393 sec
Elapsed time for experts 11.9020 sec
Elapsed time for households 11.6721 sec
Iteration 103
Elapsed time for kappa 31.0369 sec
Elapsed time for experts 18.5616 sec
Elapsed time for households 12.4947 sec
Iteration 104
Elapsed time for kappa 33.4498 sec
Elapsed time for experts 13.4898 sec
Elapsed time for households 11.2182 sec
Iteration 105
Elapsed time for kappa 33.3934 sec
Elapsed time for experts 13.4894 sec
Elapsed time for households 13.5353 sec
Iteration 106
Elapsed time for kappa 31.1088 sec
Elapsed time for experts 11.3527 sec
Elapsed time for households 11.0408 sec
Iteration 107
Elapsed time for kappa 34.0656 sec
Elapsed time for experts 13.0108 sec
Elapsed time for households 10.3606 sec
Iteration 108
Elapsed time for kappa 30.4810 sec
Elapsed time for experts 12.4094 sec
Elapsed time for households 11.8645 sec
Iteration 109
Elapsed time for kappa 31.2307 sec
Elapsed time for experts 19.7686 sec
Elapsed time for households 11.3837 sec
Iteration 110
Elapsed time for kappa 33.2116 sec
Elapsed time for experts 12.1722 sec
Elapsed time for households 13.1264 sec
Iteration 111
Elapsed time for kappa 32.1930 sec
Elapsed time for experts 13.1924 sec
Elapsed time for households 12.1141 sec
Iteration 112
Elapsed time for kappa 33.0492 sec
Elapsed time for experts 11.4962 sec
Elapsed time for households 10.5696 sec
Iteration 113
Elapsed time for kappa 30.6243 sec
Elapsed time for experts 12.6645 sec
Elapsed time for households 10.9324 sec
Iteration 114
Elapsed time for kappa 30.8464 sec
Elapsed time for experts 12.8305 sec
Elapsed time for households 10.6662 sec
Iteration 115
Elapsed time for kappa 31.1867 sec
Elapsed time for experts 18.5724 sec
Elapsed time for households 11.4232 sec
Iteration 116
Elapsed time for kappa 33.6169 sec
Elapsed time for experts 12.3614 sec
Elapsed time for households 11.9186 sec
Iteration 117
Elapsed time for kappa 31.3117 sec
Elapsed time for experts 11.4913 sec
Elapsed time for households 11.9321 sec
Iteration 118
Elapsed time for kappa 31.5026 sec
Elapsed time for experts 11.7606 sec
Elapsed time for households 10.3767 sec
Iteration 119
Elapsed time for kappa 31.6147 sec
Elapsed time for experts 13.6922 sec
Elapsed time for households 10.9926 sec
Iteration 120
Elapsed time for kappa 30.0697 sec
Elapsed time for experts 11.3780 sec
Elapsed time for households 10.7014 sec
Iteration 121
Elapsed time for kappa 31.3199 sec
Elapsed time for experts 17.5974 sec
Elapsed time for households 10.6174 sec
Iteration 122
Elapsed time for kappa 31.9440 sec
Elapsed time for experts 12.1723 sec
Elapsed time for households 13.1351 sec
Iteration 123
Elapsed time for kappa 32.2414 sec
Elapsed time for experts 12.4122 sec
Elapsed time for households 10.5948 sec
Iteration 124
Elapsed time for kappa 33.0276 sec
Elapsed time for experts 13.3529 sec
Elapsed time for households 12.7338 sec
Iteration 125
Elapsed time for kappa 32.0080 sec
Elapsed time for experts 13.4141 sec
Elapsed time for households 10.7561 sec
Iteration 126
Elapsed time for kappa 30.3036 sec
Elapsed time for experts 11.4086 sec
Elapsed time for households 10.6738 sec
Iteration 127
Elapsed time for kappa 38.8534 sec
Elapsed time for experts 13.7445 sec
Elapsed time for households 11.1618 sec
Iteration 128
Elapsed time for kappa 32.1674 sec
Elapsed time for experts 11.7991 sec
Elapsed time for households 12.5722 sec
Iteration 129
Elapsed time for kappa 32.9990 sec
Elapsed time for experts 12.3317 sec
Elapsed time for households 10.9403 sec
Iteration 130
Elapsed time for kappa 30.8952 sec
Elapsed time for experts 12.2025 sec
Elapsed time for households 10.6561 sec
Iteration 131
Elapsed time for kappa 30.3137 sec
Elapsed time for experts 11.7189 sec
Elapsed time for households 11.7362 sec
Iteration 132
Elapsed time for kappa 30.4200 sec
Elapsed time for experts 11.2990 sec
Elapsed time for households 10.6369 sec
Iteration 133
Elapsed time for kappa 41.1144 sec
Elapsed time for experts 13.7136 sec
Elapsed time for households 10.6852 sec
Iteration 134
Elapsed time for kappa 31.5121 sec
Elapsed time for experts 14.1199 sec
Elapsed time for households 11.3124 sec
Iteration 135
Elapsed time for kappa 32.0427 sec
Elapsed time for experts 13.0323 sec
Elapsed time for households 11.3913 sec
Iteration 136
Elapsed time for kappa 32.3478 sec
Elapsed time for experts 12.8804 sec
Elapsed time for households 12.5759 sec
Iteration 137
Elapsed time for kappa 30.8806 sec
Elapsed time for experts 11.8656 sec
Elapsed time for households 10.2259 sec
Iteration 138
Elapsed time for kappa 31.7363 sec
Elapsed time for experts 12.9388 sec
Elapsed time for households 10.7230 sec
Iteration 139
Elapsed time for kappa 39.7199 sec
Elapsed time for experts 12.8905 sec
Elapsed time for households 12.9252 sec
Iteration 140
Elapsed time for kappa 32.1585 sec
Elapsed time for experts 11.9543 sec
Elapsed time for households 10.9581 sec
Iteration 141
Elapsed time for kappa 32.4494 sec
Elapsed time for experts 12.3229 sec
Elapsed time for households 10.6928 sec
Iteration 142
Elapsed time for kappa 30.6680 sec
Elapsed time for experts 12.8121 sec
Elapsed time for households 11.1589 sec
Iteration 143
Elapsed time for kappa 30.6057 sec
Elapsed time for experts 12.7033 sec
Elapsed time for households 13.4810 sec
Iteration 144
Elapsed time for kappa 31.9857 sec
Elapsed time for experts 12.3659 sec
Elapsed time for households 10.0316 sec
Iteration 145
Elapsed time for kappa 38.0756 sec
Elapsed time for experts 12.9960 sec
Elapsed time for households 12.8232 sec
Iteration 146
Elapsed time for kappa 31.9150 sec
Elapsed time for experts 12.9763 sec
Elapsed time for households 11.7915 sec
Iteration 147
Elapsed time for kappa 33.0905 sec
Elapsed time for experts 13.7214 sec
Elapsed time for households 11.5295 sec
Iteration 148
Elapsed time for kappa 31.1137 sec
Elapsed time for experts 12.1299 sec
Elapsed time for households 11.5000 sec
Iteration 149
Elapsed time for kappa 32.3727 sec
Elapsed time for experts 11.3191 sec
Elapsed time for households 11.0331 sec
Iteration 150
Elapsed time for kappa 30.6901 sec
Elapsed time for experts 11.5082 sec
Elapsed time for households 16.7662 sec
Iteration 151
Elapsed time for kappa 37.9010 sec
Elapsed time for experts 13.4431 sec
Elapsed time for households 15.0787 sec
Iteration 152
Elapsed time for kappa 35.6666 sec
Elapsed time for experts 13.2678 sec
Elapsed time for households 10.8252 sec
Iteration 153
Elapsed time for kappa 34.3460 sec
Elapsed time for experts 11.9637 sec
Elapsed time for households 10.5642 sec
Iteration 154
Elapsed time for kappa 30.6280 sec
Elapsed time for experts 13.4634 sec
Elapsed time for households 11.1245 sec
Iteration 155
Elapsed time for kappa 32.2626 sec
Elapsed time for experts 11.3293 sec
Elapsed time for households 10.2297 sec
Iteration 156
Elapsed time for kappa 32.0035 sec
Elapsed time for experts 12.3983 sec
Elapsed time for households 11.6616 sec
Iteration 157
Elapsed time for kappa 38.0454 sec
Elapsed time for experts 12.0256 sec
Elapsed time for households 11.9301 sec
Iteration 158
Elapsed time for kappa 32.4306 sec
Elapsed time for experts 12.0065 sec
Elapsed time for households 11.4609 sec
Iteration 159
Elapsed time for kappa 31.8717 sec
Elapsed time for experts 13.6724 sec
Elapsed time for households 11.1515 sec
Iteration 160
Elapsed time for kappa 31.3914 sec
Elapsed time for experts 11.7910 sec
Elapsed time for households 11.7558 sec
Iteration 161
Elapsed time for kappa 31.5388 sec
Elapsed time for experts 11.3279 sec
Elapsed time for households 10.5489 sec
Iteration 162
Elapsed time for kappa 31.7172 sec
Elapsed time for experts 12.5396 sec
Elapsed time for households 10.5592 sec
Iteration 163
Elapsed time for kappa 37.1390 sec
Elapsed time for experts 13.2914 sec
Elapsed time for households 10.9761 sec
Iteration 164
Elapsed time for kappa 32.3786 sec
Elapsed time for experts 12.5585 sec
Elapsed time for households 11.0026 sec
Iteration 165
Elapsed time for kappa 33.0880 sec
Elapsed time for experts 12.3970 sec
Elapsed time for households 12.1216 sec
Iteration 166
Elapsed time for kappa 31.1950 sec
Elapsed time for experts 12.1341 sec
Elapsed time for households 11.4930 sec
Iteration 167
Elapsed time for kappa 31.3615 sec
Elapsed time for experts 12.4164 sec
Elapsed time for households 10.6039 sec
Iteration 168
Elapsed time for kappa 33.2279 sec
Elapsed time for experts 18.4411 sec
Elapsed time for households 11.2269 sec
Iteration 169
Elapsed time for kappa 31.5880 sec
Elapsed time for experts 12.2148 sec
Elapsed time for households 12.1535 sec
Iteration 170
Elapsed time for kappa 32.2921 sec
Elapsed time for experts 11.5749 sec
Elapsed time for households 11.1349 sec
Iteration 171
Elapsed time for kappa 35.0391 sec
Elapsed time for experts 13.5820 sec
Elapsed time for households 10.3832 sec
Iteration 172
Elapsed time for kappa 30.8494 sec
Elapsed time for experts 13.0688 sec
Elapsed time for households 10.7759 sec
Iteration 173
Elapsed time for kappa 30.2636 sec
Elapsed time for experts 11.5554 sec
Elapsed time for households 10.1438 sec
Iteration 174
Elapsed time for kappa 31.6769 sec
Elapsed time for experts 11.4304 sec
Elapsed time for households 18.3981 sec
Iteration 175
Elapsed time for kappa 31.5659 sec
Elapsed time for experts 12.5303 sec
Elapsed time for households 12.5579 sec
Iteration 176
Elapsed time for kappa 31.6653 sec
Elapsed time for experts 11.8078 sec
Elapsed time for households 11.0268 sec
Iteration 177
Elapsed time for kappa 33.2955 sec
Elapsed time for experts 13.1381 sec
Elapsed time for households 10.8508 sec
Iteration 178
Elapsed time for kappa 30.8000 sec
Elapsed time for experts 12.7084 sec
Elapsed time for households 11.6085 sec
Iteration 179
Elapsed time for kappa 30.5843 sec
Elapsed time for experts 12.1023 sec
Elapsed time for households 10.6573 sec
Iteration 180
Elapsed time for kappa 31.2367 sec
Elapsed time for experts 12.8211 sec
Elapsed time for households 18.0822 sec
Iteration 181
Elapsed time for kappa 33.5145 sec
Elapsed time for experts 14.3302 sec
Elapsed time for households 11.2916 sec
Iteration 182
Elapsed time for kappa 32.3907 sec
Elapsed time for experts 12.3227 sec
Elapsed time for households 11.8082 sec
Iteration 183
Elapsed time for kappa 32.4376 sec
Elapsed time for experts 11.7177 sec
Elapsed time for households 12.3282 sec
Iteration 184
Elapsed time for kappa 34.0945 sec
Elapsed time for experts 13.0980 sec
Elapsed time for households 11.7014 sec
Iteration 185
Elapsed time for kappa 36.3442 sec
Elapsed time for experts 12.1889 sec
Elapsed time for households 10.0118 sec
Iteration 186
Elapsed time for kappa 30.7100 sec
Elapsed time for experts 11.4163 sec
Elapsed time for households 11.4180 sec
Iteration 187
Elapsed time for kappa 39.1057 sec
Elapsed time for experts 14.2028 sec
Elapsed time for households 11.1520 sec
Iteration 188
Elapsed time for kappa 31.7500 sec
Elapsed time for experts 11.6770 sec
Elapsed time for households 10.9296 sec
Iteration 189
Elapsed time for kappa 32.9358 sec
Elapsed time for experts 12.2304 sec
Elapsed time for households 10.3571 sec
Iteration 190
Elapsed time for kappa 31.2928 sec
Elapsed time for experts 12.2410 sec
Elapsed time for households 11.8074 sec
Iteration 191
Elapsed time for kappa 30.0842 sec
Elapsed time for experts 11.8047 sec
Elapsed time for households 10.5697 sec
Iteration 192
Elapsed time for kappa 32.0571 sec
Elapsed time for experts 11.1703 sec
Elapsed time for households 17.6595 sec
Iteration 193
Elapsed time for kappa 31.6429 sec
Elapsed time for experts 11.9148 sec
Elapsed time for households 11.6256 sec
Iteration 194
Elapsed time for kappa 32.1249 sec
Elapsed time for experts 11.8333 sec
Elapsed time for households 11.5251 sec
Iteration 195
Elapsed time for kappa 31.6493 sec
Elapsed time for experts 13.3482 sec
Elapsed time for households 10.3543 sec
Iteration 196
Elapsed time for kappa 30.5960 sec
Elapsed time for experts 12.4959 sec
Elapsed time for households 10.6679 sec
Iteration 197
Elapsed time for kappa 32.5972 sec
Elapsed time for experts 11.3079 sec
Elapsed time for households 11.1527 sec
Iteration 198
Elapsed time for kappa 30.7575 sec
Elapsed time for experts 12.1376 sec
Elapsed time for households 10.2918 sec
Iteration 199
Elapsed time for kappa 38.5656 sec
Elapsed time for experts 13.7333 sec
Elapsed time for households 11.5827 sec
Iteration 200
Elapsed time for kappa 31.9057 sec
Elapsed time for experts 11.6213 sec
Elapsed time for households 12.2430 sec
Iteration 201
Elapsed time for kappa 32.0160 sec
Elapsed time for experts 12.7357 sec
Elapsed time for households 10.7120 sec
Iteration 202
Elapsed time for kappa 30.6837 sec
Elapsed time for experts 12.4367 sec
Elapsed time for households 12.2044 sec
Iteration 203
Elapsed time for kappa 31.3557 sec
Elapsed time for experts 11.4487 sec
Elapsed time for households 10.4812 sec
Iteration 204
Elapsed time for kappa 31.6940 sec
Elapsed time for experts 12.8695 sec
Elapsed time for households 10.9193 sec
Iteration 205
Elapsed time for kappa 37.3676 sec
Elapsed time for experts 13.1060 sec
Elapsed time for households 11.8524 sec
Iteration 206
Elapsed time for kappa 34.7341 sec
Elapsed time for experts 14.0065 sec
Elapsed time for households 11.0959 sec
Iteration 207
Elapsed time for kappa 34.3030 sec
Elapsed time for experts 11.6371 sec
Elapsed time for households 10.7807 sec
Iteration 208
Elapsed time for kappa 31.5857 sec
Elapsed time for experts 12.3205 sec
Elapsed time for households 13.4346 sec
Iteration 209
Elapsed time for kappa 31.7127 sec
Elapsed time for experts 11.4323 sec
Elapsed time for households 10.3266 sec
Iteration 210
Elapsed time for kappa 31.7352 sec
Elapsed time for experts 18.5057 sec
Elapsed time for households 11.8655 sec
Iteration 211
Elapsed time for kappa 34.0498 sec
Elapsed time for experts 13.5986 sec
Elapsed time for households 11.6026 sec
Iteration 212
Elapsed time for kappa 31.7111 sec
Elapsed time for experts 12.7153 sec
Elapsed time for households 10.9063 sec
Iteration 213
Elapsed time for kappa 32.9911 sec
Elapsed time for experts 11.6362 sec
Elapsed time for households 11.3743 sec
Iteration 214
Elapsed time for kappa 33.9151 sec
Elapsed time for experts 12.3980 sec
Elapsed time for households 10.5520 sec
Iteration 215
Elapsed time for kappa 30.0364 sec
Elapsed time for experts 11.4735 sec
Elapsed time for households 11.9734 sec
Iteration 216
Elapsed time for kappa 30.8204 sec
Elapsed time for experts 12.0899 sec
Elapsed time for households 17.8896 sec
Iteration 217
Elapsed time for kappa 32.9943 sec
Elapsed time for experts 13.1020 sec
Elapsed time for households 11.7542 sec
Iteration 218
Elapsed time for kappa 31.1483 sec
Elapsed time for experts 12.3811 sec
Elapsed time for households 12.6394 sec
Iteration 219
Elapsed time for kappa 32.0132 sec
Elapsed time for experts 11.6334 sec
Elapsed time for households 11.3587 sec
Iteration 220
Elapsed time for kappa 31.1508 sec
Elapsed time for experts 13.3769 sec
Elapsed time for households 10.9082 sec
Iteration 221
Elapsed time for kappa 30.8863 sec
Elapsed time for experts 12.4080 sec
Elapsed time for households 11.0587 sec
Iteration 222
Elapsed time for kappa 33.9330 sec
Elapsed time for experts 12.3888 sec
Elapsed time for households 17.9439 sec
Iteration 223
Elapsed time for kappa 36.0998 sec
Elapsed time for experts 12.9510 sec
Elapsed time for households 11.0353 sec
Iteration 224
Elapsed time for kappa 32.6763 sec
Elapsed time for experts 12.2267 sec
Elapsed time for households 12.3866 sec
Iteration 225
Elapsed time for kappa 30.6160 sec
Elapsed time for experts 13.4851 sec
Elapsed time for households 12.4650 sec
Iteration 226
Elapsed time for kappa 31.4800 sec
Elapsed time for experts 11.8694 sec
Elapsed time for households 10.5246 sec
Iteration 227
Elapsed time for kappa 31.3760 sec
Elapsed time for experts 13.7349 sec
Elapsed time for households 10.8885 sec
Iteration 228
Elapsed time for kappa 30.1012 sec
Elapsed time for experts 11.3376 sec
Elapsed time for households 10.1545 sec
Iteration 229
Elapsed time for kappa 40.2121 sec
Elapsed time for experts 13.2244 sec
Elapsed time for households 11.5693 sec
Iteration 230
Elapsed time for kappa 32.4032 sec
Elapsed time for experts 15.6476 sec
Elapsed time for households 11.8947 sec
Iteration 231
Elapsed time for kappa 32.5481 sec
Elapsed time for experts 11.7988 sec
Elapsed time for households 13.2200 sec
Iteration 232
Elapsed time for kappa 32.9116 sec
Elapsed time for experts 11.6250 sec
Elapsed time for households 10.5840 sec
Iteration 233
Elapsed time for kappa 31.1267 sec
Elapsed time for experts 12.3807 sec
Elapsed time for households 11.9990 sec
Iteration 234
Elapsed time for kappa 31.0732 sec
Elapsed time for experts 12.5566 sec
Elapsed time for households 10.3225 sec
Iteration 235
Elapsed time for kappa 41.3016 sec
Elapsed time for experts 11.8362 sec
Elapsed time for households 11.5113 sec
Iteration 236
Elapsed time for kappa 30.9608 sec
Elapsed time for experts 14.0910 sec
Elapsed time for households 12.2970 sec
Iteration 237
Elapsed time for kappa 33.9101 sec
Elapsed time for experts 12.0638 sec
Elapsed time for households 11.1308 sec
Iteration 238
Elapsed time for kappa 34.6769 sec
Elapsed time for experts 14.2874 sec
Elapsed time for households 10.4113 sec
Iteration 239
Elapsed time for kappa 30.9063 sec
Elapsed time for experts 12.5996 sec
Elapsed time for households 11.1148 sec
Iteration 240
Elapsed time for kappa 30.3695 sec
Elapsed time for experts 12.1547 sec
Elapsed time for households 17.4812 sec
Iteration 241
Elapsed time for kappa 33.8310 sec
Elapsed time for experts 13.0004 sec
Elapsed time for households 11.0982 sec
Iteration 242
Elapsed time for kappa 32.5275 sec
Elapsed time for experts 13.5034 sec
Elapsed time for households 12.0444 sec
Iteration 243
Elapsed time for kappa 32.5178 sec
Elapsed time for experts 12.6721 sec
Elapsed time for households 11.1556 sec
Iteration 244
Elapsed time for kappa 32.7275 sec
Elapsed time for experts 11.5940 sec
Elapsed time for households 11.1577 sec
Iteration 245
Elapsed time for kappa 30.2382 sec
Elapsed time for experts 11.6809 sec
Elapsed time for households 10.1470 sec
Iteration 246
Elapsed time for kappa 31.1221 sec
Elapsed time for experts 12.6776 sec
Elapsed time for households 10.2517 sec
Iteration 247
Elapsed time for kappa 41.2311 sec
Elapsed time for experts 13.7150 sec
Elapsed time for households 13.4515 sec
Iteration 248
Elapsed time for kappa 32.4153 sec
Elapsed time for experts 13.2412 sec
Elapsed time for households 11.5084 sec
Iteration 249
Elapsed time for kappa 32.3687 sec
Elapsed time for experts 12.2057 sec
Elapsed time for households 10.6625 sec
Iteration 250
Elapsed time for kappa 33.1980 sec
Elapsed time for experts 13.0869 sec
Elapsed time for households 11.1199 sec
Iteration 251
Elapsed time for kappa 31.1361 sec
Elapsed time for experts 11.8362 sec
Elapsed time for households 10.8891 sec
Iteration 252
Elapsed time for kappa 31.2205 sec
Elapsed time for experts 12.3607 sec
Elapsed time for households 16.6599 sec
Iteration 253
Elapsed time for kappa 32.7219 sec
Elapsed time for experts 12.8910 sec
Elapsed time for households 11.0052 sec
Iteration 254
Elapsed time for kappa 31.3427 sec
Elapsed time for experts 11.7978 sec
Elapsed time for households 11.5164 sec
Iteration 255
Elapsed time for kappa 32.8048 sec
Elapsed time for experts 13.0706 sec
Elapsed time for households 10.8788 sec
Iteration 256
Elapsed time for kappa 30.7999 sec
Elapsed time for experts 14.0476 sec
Elapsed time for households 10.5179 sec
Iteration 257
Elapsed time for kappa 34.3855 sec
Elapsed time for experts 12.5444 sec
Elapsed time for households 10.8779 sec
Iteration 258
Elapsed time for kappa 31.6825 sec
Elapsed time for experts 12.0203 sec
Elapsed time for households 11.3973 sec
Iteration 259
Elapsed time for kappa 40.1037 sec
Elapsed time for experts 13.9925 sec
Elapsed time for households 11.9000 sec
Iteration 260
Elapsed time for kappa 31.1057 sec
Elapsed time for experts 11.6058 sec
Elapsed time for households 13.3123 sec
Iteration 261
Elapsed time for kappa 33.8301 sec
Elapsed time for experts 11.8774 sec
Elapsed time for households 11.1093 sec
Iteration 262
Elapsed time for kappa 32.5585 sec
Elapsed time for experts 13.1426 sec
Elapsed time for households 10.8172 sec
Iteration 263
Elapsed time for kappa 30.8000 sec
Elapsed time for experts 12.1733 sec
Elapsed time for households 11.9477 sec
Iteration 264
Elapsed time for kappa 32.1388 sec
Elapsed time for experts 11.9278 sec
Elapsed time for households 16.2862 sec
Iteration 265
Elapsed time for kappa 32.7957 sec
Elapsed time for experts 13.0811 sec
Elapsed time for households 11.5415 sec
Iteration 266
Elapsed time for kappa 30.9438 sec
Elapsed time for experts 13.1706 sec
Elapsed time for households 11.8718 sec
Iteration 267
Elapsed time for kappa 31.6448 sec
Elapsed time for experts 11.8555 sec
Elapsed time for households 10.3754 sec
Iteration 268
Elapsed time for kappa 31.4196 sec
Elapsed time for experts 12.7994 sec
Elapsed time for households 10.7829 sec
Iteration 269
Elapsed time for kappa 31.6790 sec
Elapsed time for experts 11.7771 sec
Elapsed time for households 11.7795 sec
Iteration 270
Elapsed time for kappa 33.9890 sec
Elapsed time for experts 12.5186 sec
Elapsed time for households 11.4529 sec
Iteration 271
Elapsed time for kappa 41.6872 sec
Elapsed time for experts 12.7390 sec
Elapsed time for households 10.8377 sec
Iteration 272
Elapsed time for kappa 31.1881 sec
Elapsed time for experts 13.7507 sec
Elapsed time for households 10.9089 sec
Iteration 273
Elapsed time for kappa 32.2504 sec
Elapsed time for experts 12.5894 sec
Elapsed time for households 11.9280 sec
Iteration 274
Elapsed time for kappa 33.1138 sec
Elapsed time for experts 13.2778 sec
Elapsed time for households 11.5567 sec
Iteration 275
Elapsed time for kappa 31.4765 sec
Elapsed time for experts 12.3332 sec
Elapsed time for households 11.6716 sec
Iteration 276
Elapsed time for kappa 30.6540 sec
Elapsed time for experts 11.6402 sec
Elapsed time for households 10.8450 sec
Iteration 277
Elapsed time for kappa 39.4618 sec
Elapsed time for experts 13.2851 sec
Elapsed time for households 10.6369 sec
Iteration 278
Elapsed time for kappa 31.1934 sec
Elapsed time for experts 13.2970 sec
Elapsed time for households 12.0582 sec
Iteration 279
Elapsed time for kappa 31.7344 sec
Elapsed time for experts 13.4963 sec
Elapsed time for households 10.7107 sec
Iteration 280
Elapsed time for kappa 33.4369 sec
Elapsed time for experts 12.4337 sec
Elapsed time for households 10.6480 sec
Iteration 281
Elapsed time for kappa 30.2967 sec
Elapsed time for experts 12.3481 sec
Elapsed time for households 10.2841 sec
Iteration 282
Elapsed time for kappa 31.8573 sec
Elapsed time for experts 12.1654 sec
Elapsed time for households 17.3288 sec
Iteration 283
Elapsed time for kappa 34.1003 sec
Elapsed time for experts 14.0763 sec
Elapsed time for households 11.3657 sec
Iteration 284
Elapsed time for kappa 31.4691 sec
Elapsed time for experts 12.4813 sec
Elapsed time for households 12.5302 sec
Iteration 285
Elapsed time for kappa 31.9576 sec
Elapsed time for experts 11.7350 sec
Elapsed time for households 13.4909 sec
Iteration 286
Elapsed time for kappa 35.9231 sec
Elapsed time for experts 13.2404 sec
Elapsed time for households 10.9201 sec
Iteration 287
Elapsed time for kappa 30.2686 sec
Elapsed time for experts 11.5096 sec
Elapsed time for households 12.0286 sec
Iteration 288
Elapsed time for kappa 30.2067 sec
Elapsed time for experts 11.5127 sec
Elapsed time for households 10.4134 sec
Iteration 289
Elapsed time for kappa 40.8104 sec
Elapsed time for experts 14.4272 sec
Elapsed time for households 10.8950 sec
Iteration 290
Elapsed time for kappa 31.0842 sec
Elapsed time for experts 12.6403 sec
Elapsed time for households 12.2148 sec
Iteration 291
Elapsed time for kappa 33.5748 sec
Elapsed time for experts 11.6022 sec
Elapsed time for households 10.9915 sec
Iteration 292
Elapsed time for kappa 33.5917 sec
Elapsed time for experts 13.0511 sec
Elapsed time for households 11.4017 sec
Iteration 293
Elapsed time for kappa 31.7521 sec
Elapsed time for experts 12.0741 sec
Elapsed time for households 10.7928 sec
Iteration 294
Elapsed time for kappa 31.1854 sec
Elapsed time for experts 13.3167 sec
Elapsed time for households 17.0450 sec
Iteration 295
Elapsed time for kappa 33.6501 sec
Elapsed time for experts 13.1067 sec
Elapsed time for households 10.9599 sec
Iteration 296
Elapsed time for kappa 31.3929 sec
Elapsed time for experts 12.0843 sec
Elapsed time for households 10.8184 sec
Iteration 297
Elapsed time for kappa 32.9905 sec
Elapsed time for experts 11.5301 sec
Elapsed time for households 11.4724 sec
Iteration 298
Elapsed time for kappa 33.3143 sec
Elapsed time for experts 11.6902 sec
Elapsed time for households 12.3185 sec
Iteration 299
Elapsed time for kappa 31.3305 sec
Elapsed time for experts 12.1219 sec
Elapsed time for households 10.6442 sec
Elapsed time for training 17721.2287 sec
90000 90000 90000 90000
