Iteration 0
Elapsed time for kappa 72.6429 sec
Elapsed time for experts 21.6998 sec
Elapsed time for households 16.6859 sec
Iteration 1
Elapsed time for kappa 35.2501 sec
Elapsed time for experts 20.0869 sec
Elapsed time for households 14.7001 sec
Iteration 2
Elapsed time for kappa 35.9135 sec
Elapsed time for experts 15.2587 sec
Elapsed time for households 12.7803 sec
Iteration 3
Elapsed time for kappa 36.8118 sec
Elapsed time for experts 17.0308 sec
Elapsed time for households 14.0954 sec
Iteration 4
Elapsed time for kappa 36.1498 sec
Elapsed time for experts 14.6418 sec
Elapsed time for households 13.2273 sec
Iteration 5
Elapsed time for kappa 37.0652 sec
Elapsed time for experts 13.6006 sec
Elapsed time for households 11.6126 sec
Iteration 6
Elapsed time for kappa 35.6698 sec
Elapsed time for experts 13.5073 sec
Elapsed time for households 12.0164 sec
Iteration 7
Elapsed time for kappa 35.5705 sec
Elapsed time for experts 20.9343 sec
Elapsed time for households 14.2495 sec
Iteration 8
Elapsed time for kappa 36.5524 sec
Elapsed time for experts 13.4787 sec
Elapsed time for households 16.0196 sec
Iteration 9
Elapsed time for kappa 36.3286 sec
Elapsed time for experts 14.5610 sec
Elapsed time for households 12.2755 sec
Iteration 10
Elapsed time for kappa 39.3121 sec
Elapsed time for experts 13.5892 sec
Elapsed time for households 11.9680 sec
Iteration 11
Elapsed time for kappa 36.9350 sec
Elapsed time for experts 15.3766 sec
Elapsed time for households 14.0456 sec
Iteration 12
Elapsed time for kappa 38.3443 sec
Elapsed time for experts 16.5022 sec
Elapsed time for households 13.5299 sec
Iteration 13
Elapsed time for kappa 45.1902 sec
Elapsed time for experts 17.9801 sec
Elapsed time for households 12.9134 sec
Iteration 14
Elapsed time for kappa 38.9686 sec
Elapsed time for experts 15.7898 sec
Elapsed time for households 13.8093 sec
Iteration 15
Elapsed time for kappa 36.4387 sec
Elapsed time for experts 13.3947 sec
Elapsed time for households 12.1887 sec
Iteration 16
Elapsed time for kappa 39.2001 sec
Elapsed time for experts 16.1270 sec
Elapsed time for households 12.9022 sec
Iteration 17
Elapsed time for kappa 37.3461 sec
Elapsed time for experts 14.0869 sec
Elapsed time for households 13.0317 sec
Iteration 18
Elapsed time for kappa 36.4723 sec
Elapsed time for experts 14.3348 sec
Elapsed time for households 14.3505 sec
Iteration 19
Elapsed time for kappa 45.7464 sec
Elapsed time for experts 14.6493 sec
Elapsed time for households 14.6148 sec
Iteration 20
Elapsed time for kappa 38.5603 sec
Elapsed time for experts 16.9291 sec
Elapsed time for households 13.9908 sec
Iteration 21
Elapsed time for kappa 36.5838 sec
Elapsed time for experts 15.9924 sec
Elapsed time for households 12.5998 sec
Iteration 22
Elapsed time for kappa 36.2582 sec
Elapsed time for experts 13.1992 sec
Elapsed time for households 12.2520 sec
Iteration 23
Elapsed time for kappa 35.6435 sec
Elapsed time for experts 12.8417 sec
Elapsed time for households 14.6518 sec
Iteration 24
Elapsed time for kappa 38.5856 sec
Elapsed time for experts 15.9855 sec
Elapsed time for households 13.6483 sec
Iteration 25
Elapsed time for kappa 45.4062 sec
Elapsed time for experts 14.7955 sec
Elapsed time for households 12.4617 sec
Iteration 26
Elapsed time for kappa 36.3854 sec
Elapsed time for experts 14.0675 sec
Elapsed time for households 11.8441 sec
Iteration 27
Elapsed time for kappa 36.2015 sec
Elapsed time for experts 16.4594 sec
Elapsed time for households 12.5299 sec
Iteration 28
Elapsed time for kappa 37.3061 sec
Elapsed time for experts 14.9039 sec
Elapsed time for households 12.0112 sec
Iteration 29
Elapsed time for kappa 36.3897 sec
Elapsed time for experts 13.5249 sec
Elapsed time for households 11.9150 sec
Iteration 30
Elapsed time for kappa 38.1955 sec
Elapsed time for experts 14.7901 sec
Elapsed time for households 11.9310 sec
Iteration 31
Elapsed time for kappa 44.5562 sec
Elapsed time for experts 14.4446 sec
Elapsed time for households 12.8053 sec
Iteration 32
Elapsed time for kappa 36.5650 sec
Elapsed time for experts 13.6507 sec
Elapsed time for households 12.5323 sec
Iteration 33
Elapsed time for kappa 41.5539 sec
Elapsed time for experts 14.3830 sec
Elapsed time for households 13.5264 sec
Iteration 34
Elapsed time for kappa 36.3200 sec
Elapsed time for experts 13.5131 sec
Elapsed time for households 12.3756 sec
Iteration 35
Elapsed time for kappa 35.4298 sec
Elapsed time for experts 13.9327 sec
Elapsed time for households 14.0411 sec
Iteration 36
Elapsed time for kappa 35.8243 sec
Elapsed time for experts 15.0333 sec
Elapsed time for households 14.1619 sec
Iteration 37
Elapsed time for kappa 46.2515 sec
Elapsed time for experts 15.1578 sec
Elapsed time for households 12.8736 sec
Iteration 38
Elapsed time for kappa 37.2552 sec
Elapsed time for experts 14.0441 sec
Elapsed time for households 12.6505 sec
Iteration 39
Elapsed time for kappa 35.8643 sec
Elapsed time for experts 16.0456 sec
Elapsed time for households 12.1632 sec
Iteration 40
Elapsed time for kappa 36.4618 sec
Elapsed time for experts 15.8105 sec
Elapsed time for households 11.8448 sec
Iteration 41
Elapsed time for kappa 35.6707 sec
Elapsed time for experts 14.2149 sec
Elapsed time for households 12.1427 sec
Iteration 42
Elapsed time for kappa 36.1105 sec
Elapsed time for experts 13.8559 sec
Elapsed time for households 11.6766 sec
Iteration 43
Elapsed time for kappa 44.2986 sec
Elapsed time for experts 15.0110 sec
Elapsed time for households 13.0406 sec
Iteration 44
Elapsed time for kappa 37.0129 sec
Elapsed time for experts 17.6198 sec
Elapsed time for households 12.8956 sec
Iteration 45
Elapsed time for kappa 37.6377 sec
Elapsed time for experts 14.6243 sec
Elapsed time for households 12.5617 sec
Iteration 46
Elapsed time for kappa 35.6498 sec
Elapsed time for experts 14.6207 sec
Elapsed time for households 12.3273 sec
Iteration 47
Elapsed time for kappa 35.2956 sec
Elapsed time for experts 13.4651 sec
Elapsed time for households 12.2839 sec
Iteration 48
Elapsed time for kappa 35.4197 sec
Elapsed time for experts 14.6127 sec
Elapsed time for households 21.7447 sec
Iteration 49
Elapsed time for kappa 37.1702 sec
Elapsed time for experts 15.4153 sec
Elapsed time for households 13.4267 sec
Iteration 50
Elapsed time for kappa 36.5506 sec
Elapsed time for experts 13.7922 sec
Elapsed time for households 12.3508 sec
Iteration 51
Elapsed time for kappa 35.9632 sec
Elapsed time for experts 14.4647 sec
Elapsed time for households 12.0172 sec
Iteration 52
Elapsed time for kappa 35.7493 sec
Elapsed time for experts 14.4898 sec
Elapsed time for households 12.2389 sec
Iteration 53
Elapsed time for kappa 35.3088 sec
Elapsed time for experts 14.2877 sec
Elapsed time for households 11.9233 sec
Iteration 54
Elapsed time for kappa 35.1611 sec
Elapsed time for experts 14.3630 sec
Elapsed time for households 21.7512 sec
Iteration 55
Elapsed time for kappa 37.8864 sec
Elapsed time for experts 14.7095 sec
Elapsed time for households 12.2099 sec
Iteration 56
Elapsed time for kappa 36.6454 sec
Elapsed time for experts 13.6151 sec
Elapsed time for households 12.0218 sec
Iteration 57
Elapsed time for kappa 35.7833 sec
Elapsed time for experts 13.9229 sec
Elapsed time for households 12.3773 sec
Iteration 58
Elapsed time for kappa 36.5225 sec
Elapsed time for experts 14.0412 sec
Elapsed time for households 12.5133 sec
Iteration 59
Elapsed time for kappa 35.7810 sec
Elapsed time for experts 13.3872 sec
Elapsed time for households 12.2950 sec
Iteration 60
Elapsed time for kappa 35.3957 sec
Elapsed time for experts 22.3060 sec
Elapsed time for households 13.1541 sec
Iteration 61
Elapsed time for kappa 37.3674 sec
Elapsed time for experts 14.5937 sec
Elapsed time for households 12.3053 sec
Iteration 62
Elapsed time for kappa 36.6554 sec
Elapsed time for experts 14.0026 sec
Elapsed time for households 12.9245 sec
Iteration 63
Elapsed time for kappa 35.8269 sec
Elapsed time for experts 14.3962 sec
Elapsed time for households 12.2707 sec
Iteration 64
Elapsed time for kappa 35.6074 sec
Elapsed time for experts 13.6223 sec
Elapsed time for households 12.3732 sec
Iteration 65
Elapsed time for kappa 35.3717 sec
Elapsed time for experts 13.7751 sec
Elapsed time for households 12.0817 sec
Iteration 66
Elapsed time for kappa 35.1968 sec
Elapsed time for experts 22.3008 sec
Elapsed time for households 13.7553 sec
Iteration 67
Elapsed time for kappa 37.0729 sec
Elapsed time for experts 15.3892 sec
Elapsed time for households 12.7817 sec
Iteration 68
Elapsed time for kappa 36.8827 sec
Elapsed time for experts 13.8408 sec
Elapsed time for households 12.4479 sec
Iteration 69
Elapsed time for kappa 36.3722 sec
Elapsed time for experts 13.6524 sec
Elapsed time for households 12.1512 sec
Iteration 70
Elapsed time for kappa 35.8355 sec
Elapsed time for experts 13.4807 sec
Elapsed time for households 11.9895 sec
Iteration 71
Elapsed time for kappa 35.3109 sec
Elapsed time for experts 14.1490 sec
Elapsed time for households 11.8511 sec
Iteration 72
Elapsed time for kappa 35.3360 sec
Elapsed time for experts 22.2712 sec
Elapsed time for households 13.6060 sec
Iteration 73
Elapsed time for kappa 37.7410 sec
Elapsed time for experts 14.1799 sec
Elapsed time for households 12.8137 sec
Iteration 74
Elapsed time for kappa 37.2489 sec
Elapsed time for experts 13.9692 sec
Elapsed time for households 12.8593 sec
Iteration 75
Elapsed time for kappa 36.7430 sec
Elapsed time for experts 13.5450 sec
Elapsed time for households 12.3815 sec
Iteration 76
Elapsed time for kappa 36.0145 sec
Elapsed time for experts 13.6367 sec
Elapsed time for households 12.1608 sec
Iteration 77
Elapsed time for kappa 35.7797 sec
Elapsed time for experts 13.1367 sec
Elapsed time for households 11.9793 sec
Iteration 78
Elapsed time for kappa 46.6177 sec
Elapsed time for experts 14.5644 sec
Elapsed time for households 12.9456 sec
Iteration 79
Elapsed time for kappa 37.1946 sec
Elapsed time for experts 13.7705 sec
Elapsed time for households 12.6857 sec
Iteration 80
Elapsed time for kappa 36.7027 sec
Elapsed time for experts 14.0977 sec
Elapsed time for households 13.7204 sec
Iteration 81
Elapsed time for kappa 36.3613 sec
Elapsed time for experts 13.7375 sec
Elapsed time for households 12.4562 sec
Iteration 82
Elapsed time for kappa 35.3807 sec
Elapsed time for experts 13.5918 sec
Elapsed time for households 12.1608 sec
Iteration 83
Elapsed time for kappa 35.3041 sec
Elapsed time for experts 13.6323 sec
Elapsed time for households 12.7774 sec
Iteration 84
Elapsed time for kappa 46.2107 sec
Elapsed time for experts 16.0948 sec
Elapsed time for households 13.5593 sec
Iteration 85
Elapsed time for kappa 37.2154 sec
Elapsed time for experts 15.1024 sec
Elapsed time for households 12.6869 sec
Iteration 86
Elapsed time for kappa 36.5610 sec
Elapsed time for experts 14.8416 sec
Elapsed time for households 12.4466 sec
Iteration 87
Elapsed time for kappa 36.5023 sec
Elapsed time for experts 14.7864 sec
Elapsed time for households 12.3300 sec
Iteration 88
Elapsed time for kappa 35.9627 sec
Elapsed time for experts 13.9810 sec
Elapsed time for households 12.1390 sec
Iteration 89
Elapsed time for kappa 34.8565 sec
Elapsed time for experts 14.0382 sec
Elapsed time for households 12.4653 sec
Iteration 90
Elapsed time for kappa 47.1770 sec
Elapsed time for experts 16.0446 sec
Elapsed time for households 13.1629 sec
Iteration 91
Elapsed time for kappa 37.6078 sec
Elapsed time for experts 14.1751 sec
Elapsed time for households 13.0689 sec
Iteration 92
Elapsed time for kappa 36.9424 sec
Elapsed time for experts 13.6428 sec
Elapsed time for households 12.0933 sec
Iteration 93
Elapsed time for kappa 36.3376 sec
Elapsed time for experts 14.3562 sec
Elapsed time for households 12.1497 sec
Iteration 94
Elapsed time for kappa 36.7196 sec
Elapsed time for experts 13.4240 sec
Elapsed time for households 12.3678 sec
Iteration 95
Elapsed time for kappa 35.7437 sec
Elapsed time for experts 14.3364 sec
Elapsed time for households 11.8786 sec
Iteration 96
Elapsed time for kappa 46.7709 sec
Elapsed time for experts 14.9034 sec
Elapsed time for households 13.2101 sec
Iteration 97
Elapsed time for kappa 37.4400 sec
Elapsed time for experts 14.5210 sec
Elapsed time for households 12.6618 sec
Iteration 98
Elapsed time for kappa 36.5663 sec
Elapsed time for experts 14.3678 sec
Elapsed time for households 12.6289 sec
Iteration 99
Elapsed time for kappa 36.0871 sec
Elapsed time for experts 14.3950 sec
Elapsed time for households 12.4908 sec
Iteration 100
Elapsed time for kappa 35.7984 sec
Elapsed time for experts 13.6244 sec
Elapsed time for households 12.0190 sec
Iteration 101
Elapsed time for kappa 35.4535 sec
Elapsed time for experts 13.3312 sec
Elapsed time for households 12.1492 sec
Iteration 102
Elapsed time for kappa 46.3217 sec
Elapsed time for experts 14.7015 sec
Elapsed time for households 12.9828 sec
Iteration 103
Elapsed time for kappa 37.1156 sec
Elapsed time for experts 14.4779 sec
Elapsed time for households 12.8820 sec
Iteration 104
Elapsed time for kappa 36.4893 sec
Elapsed time for experts 14.1118 sec
Elapsed time for households 12.5070 sec
Iteration 105
Elapsed time for kappa 35.9789 sec
Elapsed time for experts 14.5990 sec
Elapsed time for households 12.3728 sec
Iteration 106
Elapsed time for kappa 35.6117 sec
Elapsed time for experts 13.4063 sec
Elapsed time for households 12.2320 sec
Iteration 107
Elapsed time for kappa 35.4274 sec
Elapsed time for experts 13.4254 sec
Elapsed time for households 12.1558 sec
Iteration 108
Elapsed time for kappa 46.3531 sec
Elapsed time for experts 15.0981 sec
Elapsed time for households 12.7877 sec
Iteration 109
Elapsed time for kappa 37.4709 sec
Elapsed time for experts 14.3821 sec
Elapsed time for households 12.5725 sec
Iteration 110
Elapsed time for kappa 36.7487 sec
Elapsed time for experts 13.5348 sec
Elapsed time for households 12.0267 sec
Iteration 111
Elapsed time for kappa 35.9167 sec
Elapsed time for experts 13.6172 sec
Elapsed time for households 12.2924 sec
Iteration 112
Elapsed time for kappa 36.3283 sec
Elapsed time for experts 14.3555 sec
Elapsed time for households 12.0099 sec
Iteration 113
Elapsed time for kappa 35.4715 sec
Elapsed time for experts 14.1855 sec
Elapsed time for households 11.7441 sec
Iteration 114
Elapsed time for kappa 45.0753 sec
Elapsed time for experts 14.5376 sec
Elapsed time for households 12.6733 sec
Iteration 115
Elapsed time for kappa 37.2140 sec
Elapsed time for experts 14.5718 sec
Elapsed time for households 12.5546 sec
Iteration 116
Elapsed time for kappa 36.2678 sec
Elapsed time for experts 13.7515 sec
Elapsed time for households 12.9590 sec
Iteration 117
Elapsed time for kappa 36.1021 sec
Elapsed time for experts 13.6360 sec
Elapsed time for households 12.3017 sec
Iteration 118
Elapsed time for kappa 35.4536 sec
Elapsed time for experts 13.0542 sec
Elapsed time for households 11.8976 sec
Iteration 119
Elapsed time for kappa 35.3788 sec
Elapsed time for experts 14.2476 sec
Elapsed time for households 19.5481 sec
Iteration 120
Elapsed time for kappa 37.0444 sec
Elapsed time for experts 14.2671 sec
Elapsed time for households 12.8342 sec
Iteration 121
Elapsed time for kappa 36.4593 sec
Elapsed time for experts 13.8700 sec
Elapsed time for households 12.4428 sec
Iteration 122
Elapsed time for kappa 35.3604 sec
Elapsed time for experts 13.3426 sec
Elapsed time for households 13.0401 sec
Iteration 123
Elapsed time for kappa 34.9636 sec
Elapsed time for experts 13.8067 sec
Elapsed time for households 12.3751 sec
Iteration 124
Elapsed time for kappa 35.5436 sec
Elapsed time for experts 13.1232 sec
Elapsed time for households 12.0079 sec
Iteration 125
Elapsed time for kappa 35.0814 sec
Elapsed time for experts 21.9945 sec
Elapsed time for households 13.0842 sec
Iteration 126
Elapsed time for kappa 36.2974 sec
Elapsed time for experts 14.5088 sec
Elapsed time for households 12.7440 sec
Iteration 127
Elapsed time for kappa 35.8267 sec
Elapsed time for experts 14.2209 sec
Elapsed time for households 12.8984 sec
Iteration 128
Elapsed time for kappa 35.4247 sec
Elapsed time for experts 13.3832 sec
Elapsed time for households 12.2065 sec
Iteration 129
Elapsed time for kappa 34.5613 sec
Elapsed time for experts 14.4419 sec
Elapsed time for households 12.4149 sec
Iteration 130
Elapsed time for kappa 34.3971 sec
Elapsed time for experts 13.5621 sec
Elapsed time for households 12.0431 sec
Iteration 131
Elapsed time for kappa 34.5167 sec
Elapsed time for experts 21.5143 sec
Elapsed time for households 13.0376 sec
Iteration 132
Elapsed time for kappa 35.9943 sec
Elapsed time for experts 14.3921 sec
Elapsed time for households 12.6407 sec
Iteration 133
Elapsed time for kappa 35.1385 sec
Elapsed time for experts 13.6270 sec
Elapsed time for households 12.4956 sec
Iteration 134
Elapsed time for kappa 34.7234 sec
Elapsed time for experts 13.5620 sec
Elapsed time for households 11.9225 sec
Iteration 135
Elapsed time for kappa 33.9445 sec
Elapsed time for experts 13.0851 sec
Elapsed time for households 11.9194 sec
Iteration 136
Elapsed time for kappa 33.7541 sec
Elapsed time for experts 13.8047 sec
Elapsed time for households 11.9452 sec
Iteration 137
Elapsed time for kappa 34.3628 sec
Elapsed time for experts 21.1554 sec
Elapsed time for households 12.6804 sec
Iteration 138
Elapsed time for kappa 35.2743 sec
Elapsed time for experts 13.5733 sec
Elapsed time for households 12.4869 sec
Iteration 139
Elapsed time for kappa 34.6766 sec
Elapsed time for experts 13.9086 sec
Elapsed time for households 14.0187 sec
Iteration 140
Elapsed time for kappa 34.1487 sec
Elapsed time for experts 14.1278 sec
Elapsed time for households 11.8977 sec
Iteration 141
Elapsed time for kappa 33.5987 sec
Elapsed time for experts 13.0238 sec
Elapsed time for households 11.9780 sec
Iteration 142
Elapsed time for kappa 33.8472 sec
Elapsed time for experts 12.9613 sec
Elapsed time for households 11.6398 sec
Iteration 143
Elapsed time for kappa 45.0852 sec
Elapsed time for experts 14.3427 sec
Elapsed time for households 12.4243 sec
Iteration 144
Elapsed time for kappa 35.1119 sec
Elapsed time for experts 14.3654 sec
Elapsed time for households 13.0656 sec
Iteration 145
Elapsed time for kappa 34.2483 sec
Elapsed time for experts 13.4064 sec
Elapsed time for households 12.4634 sec
Iteration 146
Elapsed time for kappa 33.7658 sec
Elapsed time for experts 13.5285 sec
Elapsed time for households 12.1133 sec
Iteration 147
Elapsed time for kappa 33.4409 sec
Elapsed time for experts 13.0454 sec
Elapsed time for households 11.9306 sec
Iteration 148
Elapsed time for kappa 33.4699 sec
Elapsed time for experts 14.0353 sec
Elapsed time for households 11.4653 sec
Iteration 149
Elapsed time for kappa 41.9656 sec
Elapsed time for experts 15.5519 sec
Elapsed time for households 12.2849 sec
Iteration 150
Elapsed time for kappa 34.2826 sec
Elapsed time for experts 13.9128 sec
Elapsed time for households 12.4906 sec
Iteration 151
Elapsed time for kappa 33.7612 sec
Elapsed time for experts 13.9967 sec
Elapsed time for households 12.1859 sec
Iteration 152
Elapsed time for kappa 33.0377 sec
Elapsed time for experts 13.8278 sec
Elapsed time for households 11.9931 sec
Iteration 153
Elapsed time for kappa 32.9528 sec
Elapsed time for experts 12.6728 sec
Elapsed time for households 11.4870 sec
Iteration 154
Elapsed time for kappa 33.1377 sec
Elapsed time for experts 13.0643 sec
Elapsed time for households 11.3194 sec
Iteration 155
Elapsed time for kappa 41.1763 sec
Elapsed time for experts 13.3937 sec
Elapsed time for households 11.9342 sec
Iteration 156
Elapsed time for kappa 33.8062 sec
Elapsed time for experts 13.4473 sec
Elapsed time for households 12.1681 sec
Iteration 157
Elapsed time for kappa 33.8577 sec
Elapsed time for experts 13.4815 sec
Elapsed time for households 12.1984 sec
Iteration 158
Elapsed time for kappa 33.1484 sec
Elapsed time for experts 13.4947 sec
Elapsed time for households 11.7346 sec
Iteration 159
Elapsed time for kappa 32.9265 sec
Elapsed time for experts 13.7644 sec
Elapsed time for households 11.4174 sec
Iteration 160
Elapsed time for kappa 33.2356 sec
Elapsed time for experts 13.0533 sec
Elapsed time for households 11.1313 sec
Iteration 161
Elapsed time for kappa 40.6756 sec
Elapsed time for experts 13.3908 sec
Elapsed time for households 11.8361 sec
Iteration 162
Elapsed time for kappa 33.7808 sec
Elapsed time for experts 13.8407 sec
Elapsed time for households 11.8355 sec
Iteration 163
Elapsed time for kappa 33.5527 sec
Elapsed time for experts 13.0811 sec
Elapsed time for households 11.7958 sec
Iteration 164
Elapsed time for kappa 33.1436 sec
Elapsed time for experts 13.6435 sec
Elapsed time for households 11.7403 sec
Iteration 165
Elapsed time for kappa 32.9221 sec
Elapsed time for experts 12.8882 sec
Elapsed time for households 11.6412 sec
Iteration 166
Elapsed time for kappa 31.9612 sec
Elapsed time for experts 12.9368 sec
Elapsed time for households 11.3507 sec
Iteration 167
Elapsed time for kappa 39.8119 sec
Elapsed time for experts 14.3265 sec
Elapsed time for households 12.3315 sec
Iteration 168
Elapsed time for kappa 33.1296 sec
Elapsed time for experts 13.2792 sec
Elapsed time for households 12.0754 sec
Iteration 169
Elapsed time for kappa 32.7731 sec
Elapsed time for experts 14.1918 sec
Elapsed time for households 11.9291 sec
Iteration 170
Elapsed time for kappa 32.5480 sec
Elapsed time for experts 12.9149 sec
Elapsed time for households 11.3088 sec
Iteration 171
Elapsed time for kappa 32.0583 sec
Elapsed time for experts 14.0916 sec
Elapsed time for households 12.0577 sec
Iteration 172
Elapsed time for kappa 31.6025 sec
Elapsed time for experts 14.1105 sec
Elapsed time for households 11.2275 sec
Iteration 173
Elapsed time for kappa 39.6675 sec
Elapsed time for experts 13.7014 sec
Elapsed time for households 11.9483 sec
Iteration 174
Elapsed time for kappa 33.1139 sec
Elapsed time for experts 13.0991 sec
Elapsed time for households 12.0212 sec
Iteration 175
Elapsed time for kappa 32.9054 sec
Elapsed time for experts 13.6529 sec
Elapsed time for households 11.9216 sec
Iteration 176
Elapsed time for kappa 32.1420 sec
Elapsed time for experts 12.4136 sec
Elapsed time for households 11.2745 sec
Iteration 177
Elapsed time for kappa 31.8881 sec
Elapsed time for experts 13.4872 sec
Elapsed time for households 11.3070 sec
Iteration 178
Elapsed time for kappa 31.9820 sec
Elapsed time for experts 12.9628 sec
Elapsed time for households 11.0738 sec
Iteration 179
Elapsed time for kappa 39.6218 sec
Elapsed time for experts 14.0870 sec
Elapsed time for households 11.5126 sec
Iteration 180
Elapsed time for kappa 33.5266 sec
Elapsed time for experts 13.9939 sec
Elapsed time for households 11.5240 sec
Iteration 181
Elapsed time for kappa 32.4304 sec
Elapsed time for experts 13.6511 sec
Elapsed time for households 12.0169 sec
Iteration 182
Elapsed time for kappa 32.0811 sec
Elapsed time for experts 13.4238 sec
Elapsed time for households 11.5919 sec
Iteration 183
Elapsed time for kappa 31.8192 sec
Elapsed time for experts 12.7355 sec
Elapsed time for households 11.4295 sec
Iteration 184
Elapsed time for kappa 31.7660 sec
Elapsed time for experts 13.5412 sec
Elapsed time for households 17.3275 sec
Iteration 185
Elapsed time for kappa 33.0097 sec
Elapsed time for experts 13.7840 sec
Elapsed time for households 11.9602 sec
Iteration 186
Elapsed time for kappa 32.5401 sec
Elapsed time for experts 13.7423 sec
Elapsed time for households 11.8153 sec
Iteration 187
Elapsed time for kappa 32.5565 sec
Elapsed time for experts 13.1420 sec
Elapsed time for households 11.5626 sec
Iteration 188
Elapsed time for kappa 32.0457 sec
Elapsed time for experts 12.9505 sec
Elapsed time for households 11.4059 sec
Iteration 189
Elapsed time for kappa 32.0268 sec
Elapsed time for experts 12.4569 sec
Elapsed time for households 11.1960 sec
Iteration 190
Elapsed time for kappa 31.6259 sec
Elapsed time for experts 19.8828 sec
Elapsed time for households 12.7251 sec
Iteration 191
Elapsed time for kappa 33.1352 sec
Elapsed time for experts 13.1746 sec
Elapsed time for households 11.4405 sec
Iteration 192
Elapsed time for kappa 32.9811 sec
Elapsed time for experts 13.1620 sec
Elapsed time for households 11.4076 sec
Iteration 193
Elapsed time for kappa 32.4058 sec
Elapsed time for experts 12.6672 sec
Elapsed time for households 11.1136 sec
Iteration 194
Elapsed time for kappa 31.8854 sec
Elapsed time for experts 13.0622 sec
Elapsed time for households 11.3301 sec
Iteration 195
Elapsed time for kappa 31.4847 sec
Elapsed time for experts 12.9786 sec
Elapsed time for households 11.0256 sec
Iteration 196
Elapsed time for kappa 31.5662 sec
Elapsed time for experts 12.8365 sec
Elapsed time for households 17.6849 sec
Iteration 197
Elapsed time for kappa 33.5553 sec
Elapsed time for experts 14.2583 sec
Elapsed time for households 11.5853 sec
Iteration 198
Elapsed time for kappa 32.6374 sec
Elapsed time for experts 13.6248 sec
Elapsed time for households 12.2015 sec
Iteration 199
Elapsed time for kappa 32.6241 sec
Elapsed time for experts 14.0012 sec
Elapsed time for households 11.5626 sec
Iteration 200
Elapsed time for kappa 32.2203 sec
Elapsed time for experts 13.1976 sec
Elapsed time for households 11.4842 sec
Iteration 201
Elapsed time for kappa 31.6748 sec
Elapsed time for experts 12.9104 sec
Elapsed time for households 11.2283 sec
Iteration 202
Elapsed time for kappa 31.5000 sec
Elapsed time for experts 12.3018 sec
Elapsed time for households 18.3683 sec
Iteration 203
Elapsed time for kappa 33.2952 sec
Elapsed time for experts 13.6066 sec
Elapsed time for households 12.1936 sec
Iteration 204
Elapsed time for kappa 33.0454 sec
Elapsed time for experts 13.0492 sec
Elapsed time for households 11.8666 sec
Iteration 205
Elapsed time for kappa 32.7507 sec
Elapsed time for experts 13.2881 sec
Elapsed time for households 11.4460 sec
Iteration 206
Elapsed time for kappa 32.4863 sec
Elapsed time for experts 12.5232 sec
Elapsed time for households 11.1636 sec
Iteration 207
Elapsed time for kappa 31.9346 sec
Elapsed time for experts 13.5872 sec
Elapsed time for households 11.0112 sec
Iteration 208
Elapsed time for kappa 31.7446 sec
Elapsed time for experts 12.3351 sec
Elapsed time for households 11.0104 sec
Iteration 209
Elapsed time for kappa 40.6044 sec
Elapsed time for experts 13.8341 sec
Elapsed time for households 11.8981 sec
Iteration 210
Elapsed time for kappa 33.5551 sec
Elapsed time for experts 13.1468 sec
Elapsed time for households 11.6077 sec
Iteration 211
Elapsed time for kappa 32.5284 sec
Elapsed time for experts 13.5988 sec
Elapsed time for households 11.6353 sec
Iteration 212
Elapsed time for kappa 32.1251 sec
Elapsed time for experts 13.2393 sec
Elapsed time for households 11.5588 sec
Iteration 213
Elapsed time for kappa 31.9042 sec
Elapsed time for experts 12.8639 sec
Elapsed time for households 11.3254 sec
Iteration 214
Elapsed time for kappa 31.5349 sec
Elapsed time for experts 12.5018 sec
Elapsed time for households 17.2917 sec
Iteration 215
Elapsed time for kappa 33.3326 sec
Elapsed time for experts 13.5466 sec
Elapsed time for households 11.8623 sec
Iteration 216
Elapsed time for kappa 32.9369 sec
Elapsed time for experts 13.8074 sec
Elapsed time for households 11.4835 sec
Iteration 217
Elapsed time for kappa 32.4643 sec
Elapsed time for experts 12.8817 sec
Elapsed time for households 11.7444 sec
Iteration 218
Elapsed time for kappa 32.1845 sec
Elapsed time for experts 12.6066 sec
Elapsed time for households 11.6209 sec
Iteration 219
Elapsed time for kappa 31.6997 sec
Elapsed time for experts 13.6299 sec
Elapsed time for households 11.0769 sec
Iteration 220
Elapsed time for kappa 31.5793 sec
Elapsed time for experts 12.2022 sec
Elapsed time for households 18.2373 sec
Iteration 221
Elapsed time for kappa 33.8429 sec
Elapsed time for experts 12.9092 sec
Elapsed time for households 12.0878 sec
Iteration 222
Elapsed time for kappa 32.8603 sec
Elapsed time for experts 14.2546 sec
Elapsed time for households 11.5608 sec
Iteration 223
Elapsed time for kappa 33.1572 sec
Elapsed time for experts 13.7904 sec
Elapsed time for households 11.5359 sec
Iteration 224
Elapsed time for kappa 32.6224 sec
Elapsed time for experts 13.0364 sec
Elapsed time for households 11.1539 sec
Iteration 225
Elapsed time for kappa 31.8577 sec
Elapsed time for experts 12.5249 sec
Elapsed time for households 11.3237 sec
Iteration 226
Elapsed time for kappa 31.9351 sec
Elapsed time for experts 12.5119 sec
Elapsed time for households 11.1372 sec
Iteration 227
Elapsed time for kappa 40.2289 sec
Elapsed time for experts 13.9550 sec
Elapsed time for households 11.7218 sec
Iteration 228
Elapsed time for kappa 33.5166 sec
Elapsed time for experts 14.2084 sec
Elapsed time for households 11.4451 sec
Iteration 229
Elapsed time for kappa 33.1046 sec
Elapsed time for experts 13.0116 sec
Elapsed time for households 11.8473 sec
Iteration 230
Elapsed time for kappa 32.0959 sec
Elapsed time for experts 12.7781 sec
Elapsed time for households 11.2904 sec
Iteration 231
Elapsed time for kappa 31.5347 sec
Elapsed time for experts 13.5689 sec
Elapsed time for households 11.5142 sec
Iteration 232
Elapsed time for kappa 31.5362 sec
Elapsed time for experts 12.5087 sec
Elapsed time for households 18.0191 sec
Iteration 233
Elapsed time for kappa 33.6966 sec
Elapsed time for experts 13.2163 sec
Elapsed time for households 11.7597 sec
Iteration 234
Elapsed time for kappa 33.1207 sec
Elapsed time for experts 14.2399 sec
Elapsed time for households 11.5009 sec
Iteration 235
Elapsed time for kappa 32.8310 sec
Elapsed time for experts 14.0634 sec
Elapsed time for households 11.9675 sec
Iteration 236
Elapsed time for kappa 31.9397 sec
Elapsed time for experts 12.9413 sec
Elapsed time for households 11.7089 sec
Iteration 237
Elapsed time for kappa 31.5997 sec
Elapsed time for experts 13.0211 sec
Elapsed time for households 11.1155 sec
Iteration 238
Elapsed time for kappa 31.4604 sec
Elapsed time for experts 12.6632 sec
Elapsed time for households 11.2642 sec
Iteration 239
Elapsed time for kappa 40.4875 sec
Elapsed time for experts 13.3242 sec
Elapsed time for households 12.0674 sec
Iteration 240
Elapsed time for kappa 33.2037 sec
Elapsed time for experts 13.2306 sec
Elapsed time for households 11.8630 sec
Iteration 241
Elapsed time for kappa 32.6803 sec
Elapsed time for experts 13.7469 sec
Elapsed time for households 11.9755 sec
Iteration 242
Elapsed time for kappa 32.7694 sec
Elapsed time for experts 13.2307 sec
Elapsed time for households 11.5434 sec
Iteration 243
Elapsed time for kappa 31.9347 sec
Elapsed time for experts 13.4307 sec
Elapsed time for households 11.3486 sec
Iteration 244
Elapsed time for kappa 31.7374 sec
Elapsed time for experts 13.0163 sec
Elapsed time for households 17.3332 sec
Iteration 245
Elapsed time for kappa 33.8128 sec
Elapsed time for experts 13.1757 sec
Elapsed time for households 11.8313 sec
Iteration 246
Elapsed time for kappa 33.1671 sec
Elapsed time for experts 12.7962 sec
Elapsed time for households 11.7281 sec
Iteration 247
Elapsed time for kappa 32.9768 sec
Elapsed time for experts 13.1884 sec
Elapsed time for households 11.7916 sec
Iteration 248
Elapsed time for kappa 32.2666 sec
Elapsed time for experts 13.5869 sec
Elapsed time for households 11.3336 sec
Iteration 249
Elapsed time for kappa 32.3577 sec
Elapsed time for experts 12.8274 sec
Elapsed time for households 11.0414 sec
Iteration 250
Elapsed time for kappa 32.0304 sec
Elapsed time for experts 12.3126 sec
Elapsed time for households 10.7706 sec
Iteration 251
Elapsed time for kappa 40.9592 sec
Elapsed time for experts 14.1915 sec
Elapsed time for households 11.8610 sec
Iteration 252
Elapsed time for kappa 33.4564 sec
Elapsed time for experts 13.5189 sec
Elapsed time for households 11.6527 sec
Iteration 253
Elapsed time for kappa 32.8132 sec
Elapsed time for experts 12.6280 sec
Elapsed time for households 11.7554 sec
Iteration 254
Elapsed time for kappa 32.9910 sec
Elapsed time for experts 12.7366 sec
Elapsed time for households 11.5020 sec
Iteration 255
Elapsed time for kappa 32.3965 sec
Elapsed time for experts 12.9444 sec
Elapsed time for households 11.2961 sec
Iteration 256
Elapsed time for kappa 32.0640 sec
Elapsed time for experts 12.3675 sec
Elapsed time for households 17.3950 sec
Iteration 257
Elapsed time for kappa 33.8624 sec
Elapsed time for experts 13.5076 sec
Elapsed time for households 11.5922 sec
Iteration 258
Elapsed time for kappa 33.3215 sec
Elapsed time for experts 12.6908 sec
Elapsed time for households 11.5445 sec
Iteration 259
Elapsed time for kappa 33.2147 sec
Elapsed time for experts 13.4512 sec
Elapsed time for households 11.9470 sec
Iteration 260
Elapsed time for kappa 32.6936 sec
Elapsed time for experts 13.5431 sec
Elapsed time for households 11.2209 sec
Iteration 261
Elapsed time for kappa 32.0784 sec
Elapsed time for experts 12.3579 sec
Elapsed time for households 11.2455 sec
Iteration 262
Elapsed time for kappa 31.6581 sec
Elapsed time for experts 12.2194 sec
Elapsed time for households 10.9268 sec
Iteration 263
Elapsed time for kappa 40.5747 sec
Elapsed time for experts 13.1887 sec
Elapsed time for households 11.8397 sec
Iteration 264
Elapsed time for kappa 33.4112 sec
Elapsed time for experts 12.8116 sec
Elapsed time for households 11.7737 sec
Iteration 265
Elapsed time for kappa 33.0318 sec
Elapsed time for experts 12.7841 sec
Elapsed time for households 11.9478 sec
Iteration 266
Elapsed time for kappa 32.6494 sec
Elapsed time for experts 12.6181 sec
Elapsed time for households 11.6284 sec
Iteration 267
Elapsed time for kappa 32.3686 sec
Elapsed time for experts 12.7611 sec
Elapsed time for households 11.1558 sec
Iteration 268
Elapsed time for kappa 32.0207 sec
Elapsed time for experts 12.8637 sec
Elapsed time for households 11.2215 sec
Iteration 269
Elapsed time for kappa 41.5098 sec
Elapsed time for experts 13.5017 sec
Elapsed time for households 13.1394 sec
Iteration 270
Elapsed time for kappa 33.3856 sec
Elapsed time for experts 13.5842 sec
Elapsed time for households 11.7469 sec
Iteration 271
Elapsed time for kappa 33.0881 sec
Elapsed time for experts 13.2395 sec
Elapsed time for households 11.9711 sec
Iteration 272
Elapsed time for kappa 32.9825 sec
Elapsed time for experts 13.5413 sec
Elapsed time for households 11.8394 sec
Iteration 273
Elapsed time for kappa 32.0514 sec
Elapsed time for experts 13.4220 sec
Elapsed time for households 11.8305 sec
Iteration 274
Elapsed time for kappa 31.3139 sec
Elapsed time for experts 12.5213 sec
Elapsed time for households 17.9868 sec
Iteration 275
Elapsed time for kappa 34.0598 sec
Elapsed time for experts 14.1241 sec
Elapsed time for households 12.2009 sec
Iteration 276
Elapsed time for kappa 33.0566 sec
Elapsed time for experts 13.3310 sec
Elapsed time for households 11.7931 sec
Iteration 277
Elapsed time for kappa 32.6678 sec
Elapsed time for experts 13.5250 sec
Elapsed time for households 11.8727 sec
Iteration 278
Elapsed time for kappa 32.1020 sec
Elapsed time for experts 12.8262 sec
Elapsed time for households 11.4539 sec
Iteration 279
Elapsed time for kappa 31.5873 sec
Elapsed time for experts 13.6343 sec
Elapsed time for households 11.3906 sec
Iteration 280
Elapsed time for kappa 31.6570 sec
Elapsed time for experts 12.3947 sec
Elapsed time for households 11.2777 sec
Iteration 281
Elapsed time for kappa 40.9267 sec
Elapsed time for experts 13.8674 sec
Elapsed time for households 12.1255 sec
Iteration 282
Elapsed time for kappa 33.4092 sec
Elapsed time for experts 13.2715 sec
Elapsed time for households 11.5484 sec
Iteration 283
Elapsed time for kappa 33.7027 sec
Elapsed time for experts 12.8999 sec
Elapsed time for households 11.3412 sec
Iteration 284
Elapsed time for kappa 32.8721 sec
Elapsed time for experts 13.1650 sec
Elapsed time for households 11.7641 sec
Iteration 285
Elapsed time for kappa 32.4902 sec
Elapsed time for experts 12.4753 sec
Elapsed time for households 11.2075 sec
Iteration 286
Elapsed time for kappa 31.8294 sec
Elapsed time for experts 12.3244 sec
Elapsed time for households 17.5219 sec
Iteration 287
Elapsed time for kappa 34.1344 sec
Elapsed time for experts 13.1000 sec
Elapsed time for households 11.8864 sec
Iteration 288
Elapsed time for kappa 32.9512 sec
Elapsed time for experts 13.5092 sec
Elapsed time for households 12.3568 sec
Iteration 289
Elapsed time for kappa 32.9289 sec
Elapsed time for experts 12.9742 sec
Elapsed time for households 11.8103 sec
Iteration 290
Elapsed time for kappa 32.2888 sec
Elapsed time for experts 13.3673 sec
Elapsed time for households 11.5803 sec
Iteration 291
Elapsed time for kappa 31.8991 sec
Elapsed time for experts 12.4163 sec
Elapsed time for households 11.4786 sec
Iteration 292
Elapsed time for kappa 31.6528 sec
Elapsed time for experts 15.2956 sec
Elapsed time for households 12.8213 sec
Iteration 293
Elapsed time for kappa 43.1273 sec
Elapsed time for experts 12.8334 sec
Elapsed time for households 11.8881 sec
Iteration 294
Elapsed time for kappa 31.4608 sec
Elapsed time for experts 12.0704 sec
Elapsed time for households 10.9332 sec
Iteration 295
Elapsed time for kappa 32.4190 sec
Elapsed time for experts 17.0714 sec
Elapsed time for households 12.9473 sec
Iteration 296
Elapsed time for kappa 33.4403 sec
Elapsed time for experts 13.4820 sec
Elapsed time for households 11.0133 sec
Iteration 297
Elapsed time for kappa 30.4918 sec
Elapsed time for experts 12.4854 sec
Elapsed time for households 10.8003 sec
Iteration 298
Elapsed time for kappa 34.0555 sec
Elapsed time for experts 12.6506 sec
Elapsed time for households 12.5980 sec
Iteration 299
Elapsed time for kappa 40.8236 sec
Elapsed time for experts 15.3649 sec
Elapsed time for households 13.4733 sec
Elapsed time for training 18561.9953 sec
90000 90000 90000 90000
