Iteration 0
Elapsed time for kappa 139.7874 sec
Elapsed time for experts 49.1334 sec
Elapsed time for households 46.9920 sec
Iteration 1
Elapsed time for kappa 113.9574 sec
Elapsed time for experts 45.9768 sec
Elapsed time for households 43.3411 sec
Iteration 2
Elapsed time for kappa 105.4187 sec
Elapsed time for experts 42.8809 sec
Elapsed time for households 19.2571 sec
Iteration 3
Elapsed time for kappa 105.0079 sec
Elapsed time for experts 42.1119 sec
Elapsed time for households 41.0803 sec
Iteration 4
Elapsed time for kappa 100.8374 sec
Elapsed time for experts 41.5378 sec
Elapsed time for households 40.3396 sec
Iteration 5
Elapsed time for kappa 100.4567 sec
Elapsed time for experts 41.7803 sec
Elapsed time for households 41.9590 sec
Iteration 6
Elapsed time for kappa 100.9273 sec
Elapsed time for experts 51.4044 sec
Elapsed time for households 42.3543 sec
Iteration 7
Elapsed time for kappa 103.9271 sec
Elapsed time for experts 42.4766 sec
Elapsed time for households 40.2017 sec
Iteration 8
Elapsed time for kappa 100.3790 sec
Elapsed time for experts 41.4191 sec
Elapsed time for households 39.0416 sec
Iteration 9
Elapsed time for kappa 100.4595 sec
Elapsed time for experts 43.4538 sec
Elapsed time for households 40.9915 sec
Iteration 10
Elapsed time for kappa 34.2117 sec
Elapsed time for experts 41.4377 sec
Elapsed time for households 10.8282 sec
Iteration 11
Elapsed time for kappa 63.0677 sec
Elapsed time for experts 42.5539 sec
Elapsed time for households 11.1430 sec
Iteration 12
Elapsed time for kappa 108.1771 sec
Elapsed time for experts 46.5939 sec
Elapsed time for households 49.5045 sec
Iteration 13
Elapsed time for kappa 109.3733 sec
Elapsed time for experts 45.0422 sec
Elapsed time for households 42.2607 sec
Iteration 14
Elapsed time for kappa 107.7889 sec
Elapsed time for experts 42.8689 sec
Elapsed time for households 40.3386 sec
Elapsed time for training 2712.8102 sec
90000 90000 90000 90000
