Iteration 0
Elapsed time for kappa 219.8946 sec
Elapsed time for experts 108.1906 sec
Elapsed time for households 97.4074 sec
Iteration 1
Elapsed time for kappa 200.9233 sec
Elapsed time for experts 116.1347 sec
Elapsed time for households 95.0851 sec
Iteration 2
Elapsed time for kappa 197.7278 sec
Elapsed time for experts 108.9039 sec
Elapsed time for households 89.4300 sec
Iteration 3
Elapsed time for kappa 192.3777 sec
Elapsed time for experts 104.1144 sec
Elapsed time for households 49.9452 sec
Iteration 4
Elapsed time for kappa 191.9014 sec
Elapsed time for experts 104.6386 sec
Elapsed time for households 30.6188 sec
Iteration 5
Elapsed time for kappa 182.2263 sec
Elapsed time for experts 105.7047 sec
Elapsed time for households 76.8188 sec
Iteration 6
Elapsed time for kappa 178.9240 sec
Elapsed time for experts 106.8850 sec
Elapsed time for households 90.9966 sec
Iteration 7
Elapsed time for kappa 181.6204 sec
Elapsed time for experts 108.7716 sec
Elapsed time for households 90.8182 sec
Iteration 8
Elapsed time for kappa 182.1840 sec
Elapsed time for experts 104.3590 sec
Elapsed time for households 93.6056 sec
Iteration 9
Elapsed time for kappa 183.3543 sec
Elapsed time for experts 103.1895 sec
Elapsed time for households 95.9966 sec
Iteration 10
Elapsed time for kappa 190.1133 sec
Elapsed time for experts 104.1535 sec
Elapsed time for households 88.1522 sec
Iteration 11
Elapsed time for kappa 184.1215 sec
Elapsed time for experts 101.3777 sec
Elapsed time for households 73.1446 sec
Iteration 12
Elapsed time for kappa 181.7634 sec
Elapsed time for experts 103.5621 sec
Elapsed time for households 37.1309 sec
Iteration 13
Elapsed time for kappa 189.4194 sec
Elapsed time for experts 101.8009 sec
Elapsed time for households 66.3462 sec
Iteration 14
Elapsed time for kappa 177.4180 sec
Elapsed time for experts 100.8381 sec
Elapsed time for households 89.6889 sec
Elapsed time for training 5582.6172 sec
