Iteration 0
Elapsed time for kappa 168.7996 sec
Elapsed time for experts 64.4435 sec
Elapsed time for households 55.8656 sec
Iteration 1
Elapsed time for kappa 131.7728 sec
Elapsed time for experts 59.2051 sec
Elapsed time for households 54.6912 sec
Iteration 2
Elapsed time for kappa 133.1505 sec
Elapsed time for experts 58.7046 sec
Elapsed time for households 54.0391 sec
Iteration 3
Elapsed time for kappa 129.8855 sec
Elapsed time for experts 58.7012 sec
Elapsed time for households 53.4312 sec
Iteration 4
Elapsed time for kappa 130.3111 sec
Elapsed time for experts 58.9123 sec
Elapsed time for households 53.6702 sec
Iteration 5
Elapsed time for kappa 130.1936 sec
Elapsed time for experts 59.7015 sec
Elapsed time for households 53.2170 sec
Iteration 6
Elapsed time for kappa 126.4962 sec
Elapsed time for experts 58.0326 sec
Elapsed time for households 53.2206 sec
Iteration 7
Elapsed time for kappa 137.8406 sec
Elapsed time for experts 60.3323 sec
Elapsed time for households 53.1705 sec
Iteration 8
Elapsed time for kappa 130.0215 sec
Elapsed time for experts 60.9291 sec
Elapsed time for households 53.2518 sec
Iteration 9
Elapsed time for kappa 128.6905 sec
Elapsed time for experts 58.6156 sec
Elapsed time for households 53.3526 sec
Iteration 10
Elapsed time for kappa 129.0228 sec
Elapsed time for experts 59.1783 sec
Elapsed time for households 51.5405 sec
Iteration 11
Elapsed time for kappa 126.1315 sec
Elapsed time for experts 58.8175 sec
Elapsed time for households 52.7443 sec
Iteration 12
Elapsed time for kappa 127.0889 sec
Elapsed time for experts 59.3784 sec
Elapsed time for households 52.9619 sec
Iteration 13
Elapsed time for kappa 132.4069 sec
Elapsed time for experts 60.3161 sec
Elapsed time for households 52.9394 sec
Iteration 14
Elapsed time for kappa 129.8885 sec
Elapsed time for experts 60.1430 sec
Elapsed time for households 53.0612 sec
Iteration 15
Elapsed time for kappa 131.5856 sec
Elapsed time for experts 58.8847 sec
Elapsed time for households 52.9889 sec
Iteration 16
Elapsed time for kappa 129.0858 sec
Elapsed time for experts 57.9895 sec
Elapsed time for households 53.1276 sec
Iteration 17
Elapsed time for kappa 130.6133 sec
Elapsed time for experts 58.8691 sec
Elapsed time for households 53.2730 sec
Iteration 18
Elapsed time for kappa 129.5534 sec
Elapsed time for experts 62.8610 sec
Elapsed time for households 53.3541 sec
Iteration 19
Elapsed time for kappa 129.0660 sec
Elapsed time for experts 59.6423 sec
Elapsed time for households 54.0324 sec
Elapsed time for training 4904.3656 sec
90000 90000 90000 90000
