Iteration 0
Elapsed time for kappa 66.7882 sec
Elapsed time for experts 20.2525 sec
Elapsed time for households 17.1642 sec
Iteration 1
Elapsed time for kappa 34.2473 sec
Elapsed time for experts 14.4525 sec
Elapsed time for households 14.8942 sec
Iteration 2
Elapsed time for kappa 35.9490 sec
Elapsed time for experts 18.1382 sec
Elapsed time for households 13.4906 sec
Iteration 3
Elapsed time for kappa 33.3547 sec
Elapsed time for experts 15.0073 sec
Elapsed time for households 14.4240 sec
Iteration 4
Elapsed time for kappa 33.0069 sec
Elapsed time for experts 14.8819 sec
Elapsed time for households 12.9443 sec
Iteration 5
Elapsed time for kappa 33.5479 sec
Elapsed time for experts 14.8260 sec
Elapsed time for households 12.9494 sec
Iteration 6
Elapsed time for kappa 33.0361 sec
Elapsed time for experts 13.8603 sec
Elapsed time for households 13.3522 sec
Iteration 7
Elapsed time for kappa 33.4166 sec
Elapsed time for experts 13.7224 sec
Elapsed time for households 11.1544 sec
Iteration 8
Elapsed time for kappa 33.0631 sec
Elapsed time for experts 20.5403 sec
Elapsed time for households 11.4804 sec
Iteration 9
Elapsed time for kappa 33.5418 sec
Elapsed time for experts 14.9976 sec
Elapsed time for households 13.5045 sec
Iteration 10
Elapsed time for kappa 33.1321 sec
Elapsed time for experts 13.0537 sec
Elapsed time for households 11.1470 sec
Iteration 11
Elapsed time for kappa 33.1310 sec
Elapsed time for experts 15.2324 sec
Elapsed time for households 13.2689 sec
Iteration 12
Elapsed time for kappa 33.0494 sec
Elapsed time for experts 13.6220 sec
Elapsed time for households 12.5688 sec
Iteration 13
Elapsed time for kappa 33.5416 sec
Elapsed time for experts 13.4984 sec
Elapsed time for households 11.5304 sec
Iteration 14
Elapsed time for kappa 33.6944 sec
Elapsed time for experts 21.5098 sec
Elapsed time for households 12.6191 sec
Iteration 15
Elapsed time for kappa 33.4700 sec
Elapsed time for experts 14.6544 sec
Elapsed time for households 11.4099 sec
Iteration 16
Elapsed time for kappa 33.4738 sec
Elapsed time for experts 13.5472 sec
Elapsed time for households 11.1587 sec
Iteration 17
Elapsed time for kappa 33.1133 sec
Elapsed time for experts 14.2729 sec
Elapsed time for households 11.4004 sec
Iteration 18
Elapsed time for kappa 32.9277 sec
Elapsed time for experts 12.3062 sec
Elapsed time for households 13.3324 sec
Iteration 19
Elapsed time for kappa 33.3270 sec
Elapsed time for experts 13.1331 sec
Elapsed time for households 13.1206 sec
Iteration 20
Elapsed time for kappa 40.1264 sec
Elapsed time for experts 12.9796 sec
Elapsed time for households 11.6284 sec
Iteration 21
Elapsed time for kappa 32.9880 sec
Elapsed time for experts 13.0717 sec
Elapsed time for households 11.2903 sec
Iteration 22
Elapsed time for kappa 33.0572 sec
Elapsed time for experts 14.3611 sec
Elapsed time for households 11.7461 sec
Iteration 23
Elapsed time for kappa 32.9871 sec
Elapsed time for experts 12.0339 sec
Elapsed time for households 11.0058 sec
Iteration 24
Elapsed time for kappa 33.8131 sec
Elapsed time for experts 12.9527 sec
Elapsed time for households 11.0979 sec
Iteration 25
Elapsed time for kappa 33.4093 sec
Elapsed time for experts 12.8616 sec
Elapsed time for households 11.2652 sec
Iteration 26
Elapsed time for kappa 40.3264 sec
Elapsed time for experts 13.8459 sec
Elapsed time for households 13.4174 sec
Iteration 27
Elapsed time for kappa 33.7094 sec
Elapsed time for experts 12.5012 sec
Elapsed time for households 11.1359 sec
Iteration 28
Elapsed time for kappa 32.8695 sec
Elapsed time for experts 12.3363 sec
Elapsed time for households 10.8607 sec
Iteration 29
Elapsed time for kappa 32.7079 sec
Elapsed time for experts 11.9893 sec
Elapsed time for households 10.9034 sec
Iteration 30
Elapsed time for kappa 33.1979 sec
Elapsed time for experts 12.4471 sec
Elapsed time for households 10.8835 sec
Iteration 31
Elapsed time for kappa 33.4111 sec
Elapsed time for experts 12.2155 sec
Elapsed time for households 10.8060 sec
Iteration 32
Elapsed time for kappa 40.1020 sec
Elapsed time for experts 13.1498 sec
Elapsed time for households 10.9416 sec
Iteration 33
Elapsed time for kappa 33.0219 sec
Elapsed time for experts 11.9921 sec
Elapsed time for households 10.8466 sec
Iteration 34
Elapsed time for kappa 32.8940 sec
Elapsed time for experts 12.3526 sec
Elapsed time for households 10.6312 sec
Iteration 35
Elapsed time for kappa 32.0691 sec
Elapsed time for experts 12.2499 sec
Elapsed time for households 10.5265 sec
Iteration 36
Elapsed time for kappa 32.5773 sec
Elapsed time for experts 12.2075 sec
Elapsed time for households 10.5978 sec
Iteration 37
Elapsed time for kappa 33.0738 sec
Elapsed time for experts 12.9265 sec
Elapsed time for households 11.5612 sec
Iteration 38
Elapsed time for kappa 39.1203 sec
Elapsed time for experts 13.3294 sec
Elapsed time for households 11.2402 sec
Iteration 39
Elapsed time for kappa 32.0641 sec
Elapsed time for experts 13.3080 sec
Elapsed time for households 11.3095 sec
Iteration 40
Elapsed time for kappa 31.9440 sec
Elapsed time for experts 13.4503 sec
Elapsed time for households 10.7783 sec
Iteration 41
Elapsed time for kappa 31.5144 sec
Elapsed time for experts 12.5397 sec
Elapsed time for households 10.9289 sec
Iteration 42
Elapsed time for kappa 32.2764 sec
Elapsed time for experts 13.3038 sec
Elapsed time for households 11.1105 sec
Iteration 43
Elapsed time for kappa 32.3463 sec
Elapsed time for experts 13.6431 sec
Elapsed time for households 10.9675 sec
Iteration 44
Elapsed time for kappa 38.5526 sec
Elapsed time for experts 14.0050 sec
Elapsed time for households 11.2249 sec
Iteration 45
Elapsed time for kappa 32.2616 sec
Elapsed time for experts 13.1480 sec
Elapsed time for households 11.0696 sec
Iteration 46
Elapsed time for kappa 32.1640 sec
Elapsed time for experts 12.2492 sec
Elapsed time for households 10.7929 sec
Iteration 47
Elapsed time for kappa 31.7350 sec
Elapsed time for experts 11.9158 sec
Elapsed time for households 10.6361 sec
Iteration 48
Elapsed time for kappa 31.6534 sec
Elapsed time for experts 12.5592 sec
Elapsed time for households 10.8902 sec
Iteration 49
Elapsed time for kappa 32.4311 sec
Elapsed time for experts 12.6467 sec
Elapsed time for households 16.5338 sec
Iteration 50
Elapsed time for kappa 32.6820 sec
Elapsed time for experts 12.8418 sec
Elapsed time for households 10.7792 sec
Iteration 51
Elapsed time for kappa 31.7408 sec
Elapsed time for experts 12.7725 sec
Elapsed time for households 10.6180 sec
Iteration 52
Elapsed time for kappa 31.4373 sec
Elapsed time for experts 13.1305 sec
Elapsed time for households 10.7036 sec
Iteration 53
Elapsed time for kappa 31.3992 sec
Elapsed time for experts 12.0119 sec
Elapsed time for households 10.8611 sec
Iteration 54
Elapsed time for kappa 30.8988 sec
Elapsed time for experts 12.6256 sec
Elapsed time for households 10.9115 sec
Iteration 55
Elapsed time for kappa 32.4791 sec
Elapsed time for experts 13.1389 sec
Elapsed time for households 11.1769 sec
Iteration 56
Elapsed time for kappa 38.2889 sec
Elapsed time for experts 13.2870 sec
Elapsed time for households 11.3688 sec
Iteration 57
Elapsed time for kappa 31.5593 sec
Elapsed time for experts 12.6267 sec
Elapsed time for households 10.7918 sec
Iteration 58
Elapsed time for kappa 30.9944 sec
Elapsed time for experts 12.8330 sec
Elapsed time for households 10.7786 sec
Iteration 59
Elapsed time for kappa 31.2593 sec
Elapsed time for experts 12.1526 sec
Elapsed time for households 10.3248 sec
Iteration 60
Elapsed time for kappa 30.8941 sec
Elapsed time for experts 12.1697 sec
Elapsed time for households 10.2948 sec
Iteration 61
Elapsed time for kappa 31.2755 sec
Elapsed time for experts 18.1927 sec
Elapsed time for households 11.4808 sec
Iteration 62
Elapsed time for kappa 31.7710 sec
Elapsed time for experts 12.2381 sec
Elapsed time for households 10.6854 sec
Iteration 63
Elapsed time for kappa 31.3229 sec
Elapsed time for experts 12.6858 sec
Elapsed time for households 10.5790 sec
Iteration 64
Elapsed time for kappa 30.7809 sec
Elapsed time for experts 12.5778 sec
Elapsed time for households 10.4705 sec
Iteration 65
Elapsed time for kappa 30.7476 sec
Elapsed time for experts 12.5977 sec
Elapsed time for households 10.6304 sec
Iteration 66
Elapsed time for kappa 30.7139 sec
Elapsed time for experts 11.8150 sec
Elapsed time for households 10.6085 sec
Iteration 67
Elapsed time for kappa 32.2767 sec
Elapsed time for experts 18.8197 sec
Elapsed time for households 11.2583 sec
Iteration 68
Elapsed time for kappa 31.4091 sec
Elapsed time for experts 11.9469 sec
Elapsed time for households 11.1478 sec
Iteration 69
Elapsed time for kappa 31.3265 sec
Elapsed time for experts 11.8799 sec
Elapsed time for households 10.8691 sec
Iteration 70
Elapsed time for kappa 31.2543 sec
Elapsed time for experts 11.6413 sec
Elapsed time for households 10.4309 sec
Iteration 71
Elapsed time for kappa 30.8723 sec
Elapsed time for experts 11.9515 sec
Elapsed time for households 10.1440 sec
Iteration 72
Elapsed time for kappa 30.5908 sec
Elapsed time for experts 11.7033 sec
Elapsed time for households 10.5757 sec
Iteration 73
Elapsed time for kappa 30.6301 sec
Elapsed time for experts 18.0619 sec
Elapsed time for households 11.2891 sec
Iteration 74
Elapsed time for kappa 31.2363 sec
Elapsed time for experts 12.5002 sec
Elapsed time for households 10.9104 sec
Iteration 75
Elapsed time for kappa 30.5738 sec
Elapsed time for experts 12.0335 sec
Elapsed time for households 10.9669 sec
Iteration 76
Elapsed time for kappa 30.2294 sec
Elapsed time for experts 13.3760 sec
Elapsed time for households 10.8534 sec
Iteration 77
Elapsed time for kappa 30.3705 sec
Elapsed time for experts 11.9840 sec
Elapsed time for households 10.7303 sec
Iteration 78
Elapsed time for kappa 30.6878 sec
Elapsed time for experts 11.9181 sec
Elapsed time for households 10.2396 sec
Iteration 79
Elapsed time for kappa 30.4877 sec
Elapsed time for experts 18.1568 sec
Elapsed time for households 10.9122 sec
Iteration 80
Elapsed time for kappa 31.1915 sec
Elapsed time for experts 12.5602 sec
Elapsed time for households 10.6109 sec
Iteration 81
Elapsed time for kappa 30.8119 sec
Elapsed time for experts 13.1092 sec
Elapsed time for households 10.4603 sec
Iteration 82
Elapsed time for kappa 30.2907 sec
Elapsed time for experts 11.9730 sec
Elapsed time for households 10.4747 sec
Iteration 83
Elapsed time for kappa 30.0868 sec
Elapsed time for experts 11.9360 sec
Elapsed time for households 10.5018 sec
Iteration 84
Elapsed time for kappa 29.8020 sec
Elapsed time for experts 13.1999 sec
Elapsed time for households 10.5367 sec
Iteration 85
Elapsed time for kappa 37.4995 sec
Elapsed time for experts 13.4264 sec
Elapsed time for households 11.0640 sec
Iteration 86
Elapsed time for kappa 30.9126 sec
Elapsed time for experts 13.1895 sec
Elapsed time for households 10.6353 sec
Iteration 87
Elapsed time for kappa 30.6295 sec
Elapsed time for experts 13.1896 sec
Elapsed time for households 10.3971 sec
Iteration 88
Elapsed time for kappa 30.7479 sec
Elapsed time for experts 13.0784 sec
Elapsed time for households 10.3167 sec
Iteration 89
Elapsed time for kappa 30.2249 sec
Elapsed time for experts 12.4885 sec
Elapsed time for households 10.2708 sec
Iteration 90
Elapsed time for kappa 30.2052 sec
Elapsed time for experts 12.5865 sec
Elapsed time for households 10.2317 sec
Iteration 91
Elapsed time for kappa 37.1872 sec
Elapsed time for experts 13.7140 sec
Elapsed time for households 11.0230 sec
Iteration 92
Elapsed time for kappa 30.6526 sec
Elapsed time for experts 12.9263 sec
Elapsed time for households 10.8903 sec
Iteration 93
Elapsed time for kappa 30.4976 sec
Elapsed time for experts 13.0198 sec
Elapsed time for households 10.8900 sec
Iteration 94
Elapsed time for kappa 29.8895 sec
Elapsed time for experts 12.1395 sec
Elapsed time for households 10.8610 sec
Iteration 95
Elapsed time for kappa 30.0905 sec
Elapsed time for experts 12.0453 sec
Elapsed time for households 10.2866 sec
Iteration 96
Elapsed time for kappa 30.1053 sec
Elapsed time for experts 11.9649 sec
Elapsed time for households 10.1941 sec
Iteration 97
Elapsed time for kappa 37.7672 sec
Elapsed time for experts 12.7810 sec
Elapsed time for households 10.7434 sec
Iteration 98
Elapsed time for kappa 31.0763 sec
Elapsed time for experts 13.6706 sec
Elapsed time for households 10.5159 sec
Iteration 99
Elapsed time for kappa 30.2545 sec
Elapsed time for experts 12.2341 sec
Elapsed time for households 10.4857 sec
Iteration 100
Elapsed time for kappa 29.8709 sec
Elapsed time for experts 12.7701 sec
Elapsed time for households 10.5888 sec
Iteration 101
Elapsed time for kappa 29.9431 sec
Elapsed time for experts 13.6001 sec
Elapsed time for households 10.3101 sec
Iteration 102
Elapsed time for kappa 29.5863 sec
Elapsed time for experts 12.6197 sec
Elapsed time for households 9.8947 sec
Iteration 103
Elapsed time for kappa 37.4146 sec
Elapsed time for experts 12.7414 sec
Elapsed time for households 10.9477 sec
Iteration 104
Elapsed time for kappa 31.2321 sec
Elapsed time for experts 12.3198 sec
Elapsed time for households 10.5340 sec
Iteration 105
Elapsed time for kappa 30.8136 sec
Elapsed time for experts 12.1615 sec
Elapsed time for households 10.4927 sec
Iteration 106
Elapsed time for kappa 30.6603 sec
Elapsed time for experts 12.2072 sec
Elapsed time for households 10.4912 sec
Iteration 107
Elapsed time for kappa 30.1638 sec
Elapsed time for experts 12.2037 sec
Elapsed time for households 10.5197 sec
Iteration 108
Elapsed time for kappa 29.7098 sec
Elapsed time for experts 12.0626 sec
Elapsed time for households 10.5216 sec
Iteration 109
Elapsed time for kappa 37.0904 sec
Elapsed time for experts 12.4053 sec
Elapsed time for households 11.1349 sec
Iteration 110
Elapsed time for kappa 30.9462 sec
Elapsed time for experts 12.5289 sec
Elapsed time for households 10.7232 sec
Iteration 111
Elapsed time for kappa 30.7246 sec
Elapsed time for experts 12.1421 sec
Elapsed time for households 10.5660 sec
Iteration 112
Elapsed time for kappa 30.8564 sec
Elapsed time for experts 11.6482 sec
Elapsed time for households 10.1528 sec
Iteration 113
Elapsed time for kappa 30.0119 sec
Elapsed time for experts 13.2516 sec
Elapsed time for households 10.3762 sec
Iteration 114
Elapsed time for kappa 29.9357 sec
Elapsed time for experts 12.9859 sec
Elapsed time for households 10.2438 sec
Iteration 115
Elapsed time for kappa 37.1419 sec
Elapsed time for experts 12.3228 sec
Elapsed time for households 11.0314 sec
Iteration 116
Elapsed time for kappa 31.0985 sec
Elapsed time for experts 12.8891 sec
Elapsed time for households 10.9495 sec
Iteration 117
Elapsed time for kappa 30.6487 sec
Elapsed time for experts 12.5059 sec
Elapsed time for households 10.5296 sec
Iteration 118
Elapsed time for kappa 30.0812 sec
Elapsed time for experts 11.3300 sec
Elapsed time for households 10.4903 sec
Iteration 119
Elapsed time for kappa 30.0247 sec
Elapsed time for experts 12.0881 sec
Elapsed time for households 10.6011 sec
Iteration 120
Elapsed time for kappa 30.2571 sec
Elapsed time for experts 12.5463 sec
Elapsed time for households 15.8316 sec
Iteration 121
Elapsed time for kappa 31.6393 sec
Elapsed time for experts 12.5388 sec
Elapsed time for households 11.0010 sec
Iteration 122
Elapsed time for kappa 30.8737 sec
Elapsed time for experts 12.5005 sec
Elapsed time for households 10.8520 sec
Iteration 123
Elapsed time for kappa 30.6978 sec
Elapsed time for experts 12.7080 sec
Elapsed time for households 10.4754 sec
Iteration 124
Elapsed time for kappa 30.1828 sec
Elapsed time for experts 12.2503 sec
Elapsed time for households 10.5883 sec
Iteration 125
Elapsed time for kappa 29.8356 sec
Elapsed time for experts 12.8456 sec
Elapsed time for households 10.2323 sec
Iteration 126
Elapsed time for kappa 30.0991 sec
Elapsed time for experts 18.2923 sec
Elapsed time for households 11.5515 sec
Iteration 127
Elapsed time for kappa 31.9178 sec
Elapsed time for experts 12.3476 sec
Elapsed time for households 11.1181 sec
Iteration 128
Elapsed time for kappa 31.0335 sec
Elapsed time for experts 11.7749 sec
Elapsed time for households 10.4012 sec
Iteration 129
Elapsed time for kappa 30.6783 sec
Elapsed time for experts 13.1754 sec
Elapsed time for households 10.1656 sec
Iteration 130
Elapsed time for kappa 30.5208 sec
Elapsed time for experts 12.6888 sec
Elapsed time for households 10.3308 sec
Iteration 131
Elapsed time for kappa 29.9406 sec
Elapsed time for experts 11.6853 sec
Elapsed time for households 10.4681 sec
Iteration 132
Elapsed time for kappa 29.7697 sec
Elapsed time for experts 18.5911 sec
Elapsed time for households 11.4139 sec
Iteration 133
Elapsed time for kappa 31.2854 sec
Elapsed time for experts 12.4349 sec
Elapsed time for households 10.8894 sec
Iteration 134
Elapsed time for kappa 31.1286 sec
Elapsed time for experts 13.5277 sec
Elapsed time for households 10.9663 sec
Iteration 135
Elapsed time for kappa 30.8034 sec
Elapsed time for experts 12.3797 sec
Elapsed time for households 10.5665 sec
Iteration 136
Elapsed time for kappa 30.3159 sec
Elapsed time for experts 11.9669 sec
Elapsed time for households 10.3669 sec
Iteration 137
Elapsed time for kappa 30.1063 sec
Elapsed time for experts 11.7763 sec
Elapsed time for households 10.2609 sec
Iteration 138
Elapsed time for kappa 29.5979 sec
Elapsed time for experts 19.0331 sec
Elapsed time for households 11.1954 sec
Iteration 139
Elapsed time for kappa 31.4830 sec
Elapsed time for experts 12.9181 sec
Elapsed time for households 11.0708 sec
Iteration 140
Elapsed time for kappa 30.8821 sec
Elapsed time for experts 12.9528 sec
Elapsed time for households 10.9728 sec
Iteration 141
Elapsed time for kappa 30.1302 sec
Elapsed time for experts 12.3837 sec
Elapsed time for households 10.6570 sec
Iteration 142
Elapsed time for kappa 30.5612 sec
Elapsed time for experts 11.9907 sec
Elapsed time for households 10.5649 sec
Iteration 143
Elapsed time for kappa 30.2902 sec
Elapsed time for experts 13.8040 sec
Elapsed time for households 10.3372 sec
Iteration 144
Elapsed time for kappa 30.3211 sec
Elapsed time for experts 19.1887 sec
Elapsed time for households 10.9877 sec
Iteration 145
Elapsed time for kappa 31.5238 sec
Elapsed time for experts 13.7368 sec
Elapsed time for households 10.6856 sec
Iteration 146
Elapsed time for kappa 31.0843 sec
Elapsed time for experts 13.9052 sec
Elapsed time for households 10.7828 sec
Iteration 147
Elapsed time for kappa 30.6242 sec
Elapsed time for experts 12.5011 sec
Elapsed time for households 10.8394 sec
Iteration 148
Elapsed time for kappa 30.3025 sec
Elapsed time for experts 11.9059 sec
Elapsed time for households 10.6931 sec
Iteration 149
Elapsed time for kappa 29.8890 sec
Elapsed time for experts 12.3924 sec
Elapsed time for households 10.5093 sec
Iteration 150
Elapsed time for kappa 37.8237 sec
Elapsed time for experts 13.3459 sec
Elapsed time for households 11.4918 sec
Iteration 151
Elapsed time for kappa 31.6418 sec
Elapsed time for experts 13.1707 sec
Elapsed time for households 11.1693 sec
Iteration 152
Elapsed time for kappa 31.4048 sec
Elapsed time for experts 11.8182 sec
Elapsed time for households 10.4561 sec
Iteration 153
Elapsed time for kappa 30.4868 sec
Elapsed time for experts 12.2926 sec
Elapsed time for households 10.5254 sec
Iteration 154
Elapsed time for kappa 30.0043 sec
Elapsed time for experts 13.0303 sec
Elapsed time for households 10.4806 sec
Iteration 155
Elapsed time for kappa 29.8394 sec
Elapsed time for experts 12.3157 sec
Elapsed time for households 10.6538 sec
Iteration 156
Elapsed time for kappa 37.8956 sec
Elapsed time for experts 15.2375 sec
Elapsed time for households 11.1621 sec
Iteration 157
Elapsed time for kappa 31.6197 sec
Elapsed time for experts 13.1161 sec
Elapsed time for households 11.0236 sec
Iteration 158
Elapsed time for kappa 30.6368 sec
Elapsed time for experts 12.3244 sec
Elapsed time for households 10.8567 sec
Iteration 159
Elapsed time for kappa 30.6494 sec
Elapsed time for experts 12.5773 sec
Elapsed time for households 10.4980 sec
Iteration 160
Elapsed time for kappa 30.4860 sec
Elapsed time for experts 12.0447 sec
Elapsed time for households 10.1226 sec
Iteration 161
Elapsed time for kappa 29.9896 sec
Elapsed time for experts 13.4125 sec
Elapsed time for households 10.2238 sec
Iteration 162
Elapsed time for kappa 38.4736 sec
Elapsed time for experts 12.9229 sec
Elapsed time for households 11.0420 sec
Iteration 163
Elapsed time for kappa 31.7588 sec
Elapsed time for experts 12.6195 sec
Elapsed time for households 10.9562 sec
Iteration 164
Elapsed time for kappa 31.0314 sec
Elapsed time for experts 12.5739 sec
Elapsed time for households 10.9328 sec
Iteration 165
Elapsed time for kappa 30.2681 sec
Elapsed time for experts 12.0225 sec
Elapsed time for households 10.9017 sec
Iteration 166
Elapsed time for kappa 29.7162 sec
Elapsed time for experts 11.8729 sec
Elapsed time for households 10.4276 sec
Iteration 167
Elapsed time for kappa 30.1986 sec
Elapsed time for experts 11.4804 sec
Elapsed time for households 10.2585 sec
Iteration 168
Elapsed time for kappa 38.4348 sec
Elapsed time for experts 12.3973 sec
Elapsed time for households 10.9423 sec
Iteration 169
Elapsed time for kappa 32.0037 sec
Elapsed time for experts 12.4804 sec
Elapsed time for households 10.8629 sec
Iteration 170
Elapsed time for kappa 31.4700 sec
Elapsed time for experts 11.9505 sec
Elapsed time for households 10.6888 sec
Iteration 171
Elapsed time for kappa 30.8613 sec
Elapsed time for experts 12.1374 sec
Elapsed time for households 10.5403 sec
Iteration 172
Elapsed time for kappa 30.0339 sec
Elapsed time for experts 13.2155 sec
Elapsed time for households 10.4384 sec
Iteration 173
Elapsed time for kappa 29.9826 sec
Elapsed time for experts 12.0923 sec
Elapsed time for households 10.2728 sec
Iteration 174
Elapsed time for kappa 37.4390 sec
Elapsed time for experts 12.9215 sec
Elapsed time for households 10.9560 sec
Iteration 175
Elapsed time for kappa 31.6385 sec
Elapsed time for experts 12.7015 sec
Elapsed time for households 11.3567 sec
Iteration 176
Elapsed time for kappa 31.2506 sec
Elapsed time for experts 12.2096 sec
Elapsed time for households 11.1288 sec
Iteration 177
Elapsed time for kappa 30.9097 sec
Elapsed time for experts 12.2642 sec
Elapsed time for households 10.4914 sec
Iteration 178
Elapsed time for kappa 30.6126 sec
Elapsed time for experts 12.5571 sec
Elapsed time for households 10.2365 sec
Iteration 179
Elapsed time for kappa 29.6995 sec
Elapsed time for experts 12.4247 sec
Elapsed time for households 10.3009 sec
Iteration 180
Elapsed time for kappa 37.3368 sec
Elapsed time for experts 13.2447 sec
Elapsed time for households 12.0738 sec
Iteration 181
Elapsed time for kappa 31.4364 sec
Elapsed time for experts 12.1394 sec
Elapsed time for households 11.1704 sec
Iteration 182
Elapsed time for kappa 30.9455 sec
Elapsed time for experts 12.6192 sec
Elapsed time for households 11.3811 sec
Iteration 183
Elapsed time for kappa 30.6041 sec
Elapsed time for experts 12.0993 sec
Elapsed time for households 10.6766 sec
Iteration 184
Elapsed time for kappa 30.2474 sec
Elapsed time for experts 11.6667 sec
Elapsed time for households 10.5562 sec
Iteration 185
Elapsed time for kappa 30.5543 sec
Elapsed time for experts 12.0623 sec
Elapsed time for households 10.4943 sec
Iteration 186
Elapsed time for kappa 37.9130 sec
Elapsed time for experts 12.8568 sec
Elapsed time for households 10.8613 sec
Iteration 187
Elapsed time for kappa 31.5656 sec
Elapsed time for experts 12.6063 sec
Elapsed time for households 10.9961 sec
Iteration 188
Elapsed time for kappa 30.8061 sec
Elapsed time for experts 12.2381 sec
Elapsed time for households 10.9062 sec
Iteration 189
Elapsed time for kappa 30.5611 sec
Elapsed time for experts 12.8333 sec
Elapsed time for households 10.9523 sec
Iteration 190
Elapsed time for kappa 30.1015 sec
Elapsed time for experts 13.1551 sec
Elapsed time for households 10.4807 sec
Iteration 191
Elapsed time for kappa 29.9370 sec
Elapsed time for experts 18.8367 sec
Elapsed time for households 11.7189 sec
Iteration 192
Elapsed time for kappa 31.9588 sec
Elapsed time for experts 13.3425 sec
Elapsed time for households 11.0675 sec
Iteration 193
Elapsed time for kappa 31.4611 sec
Elapsed time for experts 12.0348 sec
Elapsed time for households 10.6723 sec
Iteration 194
Elapsed time for kappa 31.1706 sec
Elapsed time for experts 12.3607 sec
Elapsed time for households 10.7557 sec
Iteration 195
Elapsed time for kappa 30.4627 sec
Elapsed time for experts 11.8743 sec
Elapsed time for households 10.5030 sec
Iteration 196
Elapsed time for kappa 29.9551 sec
Elapsed time for experts 12.0514 sec
Elapsed time for households 10.6268 sec
Iteration 197
Elapsed time for kappa 29.6651 sec
Elapsed time for experts 12.3113 sec
Elapsed time for households 16.9613 sec
Iteration 198
Elapsed time for kappa 31.4595 sec
Elapsed time for experts 12.9087 sec
Elapsed time for households 11.3693 sec
Iteration 199
Elapsed time for kappa 31.4998 sec
Elapsed time for experts 12.6343 sec
Elapsed time for households 11.0892 sec
Iteration 200
Elapsed time for kappa 31.5777 sec
Elapsed time for experts 13.3049 sec
Elapsed time for households 10.7573 sec
Iteration 201
Elapsed time for kappa 30.8442 sec
Elapsed time for experts 12.5956 sec
Elapsed time for households 10.4913 sec
Iteration 202
Elapsed time for kappa 30.2691 sec
Elapsed time for experts 11.8455 sec
Elapsed time for households 10.2425 sec
Iteration 203
Elapsed time for kappa 29.7989 sec
Elapsed time for experts 12.2228 sec
Elapsed time for households 16.9747 sec
Iteration 204
Elapsed time for kappa 31.8978 sec
Elapsed time for experts 12.6595 sec
Elapsed time for households 11.1517 sec
Iteration 205
Elapsed time for kappa 31.4827 sec
Elapsed time for experts 12.7400 sec
Elapsed time for households 11.0426 sec
Iteration 206
Elapsed time for kappa 30.9610 sec
Elapsed time for experts 12.6826 sec
Elapsed time for households 10.6892 sec
Iteration 207
Elapsed time for kappa 30.6576 sec
Elapsed time for experts 12.4609 sec
Elapsed time for households 10.4627 sec
Iteration 208
Elapsed time for kappa 30.2747 sec
Elapsed time for experts 12.2686 sec
Elapsed time for households 10.2212 sec
Iteration 209
Elapsed time for kappa 30.1887 sec
Elapsed time for experts 11.8737 sec
Elapsed time for households 10.4603 sec
Iteration 210
Elapsed time for kappa 39.1112 sec
Elapsed time for experts 12.6844 sec
Elapsed time for households 11.0514 sec
Iteration 211
Elapsed time for kappa 31.4433 sec
Elapsed time for experts 12.7468 sec
Elapsed time for households 10.8389 sec
Iteration 212
Elapsed time for kappa 31.6124 sec
Elapsed time for experts 12.8050 sec
Elapsed time for households 11.0556 sec
Iteration 213
Elapsed time for kappa 30.9951 sec
Elapsed time for experts 13.0497 sec
Elapsed time for households 10.6173 sec
Iteration 214
Elapsed time for kappa 30.0316 sec
Elapsed time for experts 12.0182 sec
Elapsed time for households 10.6181 sec
Iteration 215
Elapsed time for kappa 29.8953 sec
Elapsed time for experts 12.5648 sec
Elapsed time for households 10.0510 sec
Iteration 216
Elapsed time for kappa 37.8376 sec
Elapsed time for experts 13.3539 sec
Elapsed time for households 10.8800 sec
Iteration 217
Elapsed time for kappa 31.9811 sec
Elapsed time for experts 12.1583 sec
Elapsed time for households 11.1622 sec
Iteration 218
Elapsed time for kappa 31.5968 sec
Elapsed time for experts 13.6775 sec
Elapsed time for households 10.9175 sec
Iteration 219
Elapsed time for kappa 31.1717 sec
Elapsed time for experts 11.7743 sec
Elapsed time for households 10.7110 sec
Iteration 220
Elapsed time for kappa 30.1372 sec
Elapsed time for experts 12.5913 sec
Elapsed time for households 10.7877 sec
Iteration 221
Elapsed time for kappa 29.8186 sec
Elapsed time for experts 11.9530 sec
Elapsed time for households 16.7894 sec
Iteration 222
Elapsed time for kappa 31.9943 sec
Elapsed time for experts 12.5374 sec
Elapsed time for households 10.9618 sec
Iteration 223
Elapsed time for kappa 31.7863 sec
Elapsed time for experts 13.4336 sec
Elapsed time for households 11.2403 sec
Iteration 224
Elapsed time for kappa 31.3289 sec
Elapsed time for experts 12.2726 sec
Elapsed time for households 10.7484 sec
Iteration 225
Elapsed time for kappa 30.6548 sec
Elapsed time for experts 11.8972 sec
Elapsed time for households 10.6570 sec
Iteration 226
Elapsed time for kappa 30.7678 sec
Elapsed time for experts 11.7360 sec
Elapsed time for households 10.2688 sec
Iteration 227
Elapsed time for kappa 29.9927 sec
Elapsed time for experts 12.8339 sec
Elapsed time for households 10.4372 sec
Iteration 228
Elapsed time for kappa 38.0935 sec
Elapsed time for experts 13.3892 sec
Elapsed time for households 11.1208 sec
Iteration 229
Elapsed time for kappa 31.1831 sec
Elapsed time for experts 13.1648 sec
Elapsed time for households 11.3006 sec
Iteration 230
Elapsed time for kappa 31.1668 sec
Elapsed time for experts 12.7805 sec
Elapsed time for households 10.9423 sec
Iteration 231
Elapsed time for kappa 30.7576 sec
Elapsed time for experts 12.6176 sec
Elapsed time for households 10.9450 sec
Iteration 232
Elapsed time for kappa 30.5855 sec
Elapsed time for experts 12.5102 sec
Elapsed time for households 10.6918 sec
Iteration 233
Elapsed time for kappa 30.6163 sec
Elapsed time for experts 12.2319 sec
Elapsed time for households 16.4002 sec
Iteration 234
Elapsed time for kappa 32.1076 sec
Elapsed time for experts 13.0033 sec
Elapsed time for households 10.7361 sec
Iteration 235
Elapsed time for kappa 31.5246 sec
Elapsed time for experts 13.7374 sec
Elapsed time for households 10.8485 sec
Iteration 236
Elapsed time for kappa 31.1324 sec
Elapsed time for experts 12.6790 sec
Elapsed time for households 11.1059 sec
Iteration 237
Elapsed time for kappa 30.3342 sec
Elapsed time for experts 12.6179 sec
Elapsed time for households 10.9340 sec
Iteration 238
Elapsed time for kappa 29.8240 sec
Elapsed time for experts 12.5740 sec
Elapsed time for households 10.4409 sec
Iteration 239
Elapsed time for kappa 29.9712 sec
Elapsed time for experts 11.7146 sec
Elapsed time for households 10.4307 sec
Iteration 240
Elapsed time for kappa 38.8691 sec
Elapsed time for experts 12.3946 sec
Elapsed time for households 11.2018 sec
Iteration 241
Elapsed time for kappa 32.0754 sec
Elapsed time for experts 12.3866 sec
Elapsed time for households 10.7660 sec
Iteration 242
Elapsed time for kappa 31.4282 sec
Elapsed time for experts 13.4877 sec
Elapsed time for households 10.5925 sec
Iteration 243
Elapsed time for kappa 30.8537 sec
Elapsed time for experts 13.1629 sec
Elapsed time for households 10.6865 sec
Iteration 244
Elapsed time for kappa 30.3720 sec
Elapsed time for experts 13.2755 sec
Elapsed time for households 10.6596 sec
Iteration 245
Elapsed time for kappa 29.7674 sec
Elapsed time for experts 11.8071 sec
Elapsed time for households 17.2143 sec
Iteration 246
Elapsed time for kappa 31.9312 sec
Elapsed time for experts 13.1041 sec
Elapsed time for households 11.2074 sec
Iteration 247
Elapsed time for kappa 31.4413 sec
Elapsed time for experts 12.6794 sec
Elapsed time for households 10.9205 sec
Iteration 248
Elapsed time for kappa 31.1890 sec
Elapsed time for experts 12.3001 sec
Elapsed time for households 11.0034 sec
Iteration 249
Elapsed time for kappa 30.9662 sec
Elapsed time for experts 12.4098 sec
Elapsed time for households 10.3697 sec
Iteration 250
Elapsed time for kappa 30.2845 sec
Elapsed time for experts 12.3583 sec
Elapsed time for households 10.2462 sec
Iteration 251
Elapsed time for kappa 30.1569 sec
Elapsed time for experts 12.5353 sec
Elapsed time for households 10.1284 sec
Iteration 252
Elapsed time for kappa 39.6370 sec
Elapsed time for experts 14.3176 sec
Elapsed time for households 10.8985 sec
Iteration 253
Elapsed time for kappa 31.9562 sec
Elapsed time for experts 12.4358 sec
Elapsed time for households 11.0342 sec
Iteration 254
Elapsed time for kappa 31.0922 sec
Elapsed time for experts 12.1899 sec
Elapsed time for households 11.3331 sec
Iteration 255
Elapsed time for kappa 31.0718 sec
Elapsed time for experts 13.0213 sec
Elapsed time for households 10.9267 sec
Iteration 256
Elapsed time for kappa 30.2363 sec
Elapsed time for experts 12.2053 sec
Elapsed time for households 10.6603 sec
Iteration 257
Elapsed time for kappa 30.3235 sec
Elapsed time for experts 12.1531 sec
Elapsed time for households 10.4561 sec
Iteration 258
Elapsed time for kappa 38.3703 sec
Elapsed time for experts 12.7429 sec
Elapsed time for households 11.2613 sec
Iteration 259
Elapsed time for kappa 31.4802 sec
Elapsed time for experts 12.1510 sec
Elapsed time for households 10.8721 sec
Iteration 260
Elapsed time for kappa 31.5041 sec
Elapsed time for experts 12.6346 sec
Elapsed time for households 10.7720 sec
Iteration 261
Elapsed time for kappa 31.0640 sec
Elapsed time for experts 12.3132 sec
Elapsed time for households 10.7614 sec
Iteration 262
Elapsed time for kappa 30.5613 sec
Elapsed time for experts 13.2383 sec
Elapsed time for households 10.5893 sec
Iteration 263
Elapsed time for kappa 30.0198 sec
Elapsed time for experts 12.3648 sec
Elapsed time for households 16.8892 sec
Iteration 264
Elapsed time for kappa 32.2262 sec
Elapsed time for experts 12.8619 sec
Elapsed time for households 11.2756 sec
Iteration 265
Elapsed time for kappa 31.4053 sec
Elapsed time for experts 12.8593 sec
Elapsed time for households 11.0543 sec
Iteration 266
Elapsed time for kappa 31.0350 sec
Elapsed time for experts 12.3209 sec
Elapsed time for households 10.8887 sec
Iteration 267
Elapsed time for kappa 30.5508 sec
Elapsed time for experts 11.9215 sec
Elapsed time for households 10.7115 sec
Iteration 268
Elapsed time for kappa 30.2864 sec
Elapsed time for experts 11.8379 sec
Elapsed time for households 10.7894 sec
Iteration 269
Elapsed time for kappa 30.1206 sec
Elapsed time for experts 11.4005 sec
Elapsed time for households 10.2309 sec
Iteration 270
Elapsed time for kappa 39.6646 sec
Elapsed time for experts 13.4305 sec
Elapsed time for households 11.1252 sec
Iteration 271
Elapsed time for kappa 31.8222 sec
Elapsed time for experts 12.1201 sec
Elapsed time for households 10.7907 sec
Iteration 272
Elapsed time for kappa 31.9639 sec
Elapsed time for experts 12.4245 sec
Elapsed time for households 10.7990 sec
Iteration 273
Elapsed time for kappa 31.7773 sec
Elapsed time for experts 12.4887 sec
Elapsed time for households 10.5998 sec
Iteration 274
Elapsed time for kappa 30.8937 sec
Elapsed time for experts 12.7473 sec
Elapsed time for households 10.4513 sec
Iteration 275
Elapsed time for kappa 29.9297 sec
Elapsed time for experts 11.5903 sec
Elapsed time for households 16.7175 sec
Iteration 276
Elapsed time for kappa 32.1244 sec
Elapsed time for experts 12.6525 sec
Elapsed time for households 11.0397 sec
Iteration 277
Elapsed time for kappa 31.3208 sec
Elapsed time for experts 13.0218 sec
Elapsed time for households 10.9475 sec
Iteration 278
Elapsed time for kappa 31.4002 sec
Elapsed time for experts 12.8071 sec
Elapsed time for households 10.8682 sec
Iteration 279
Elapsed time for kappa 30.8807 sec
Elapsed time for experts 12.1412 sec
Elapsed time for households 11.0534 sec
Iteration 280
Elapsed time for kappa 30.1167 sec
Elapsed time for experts 11.6812 sec
Elapsed time for households 10.7863 sec
Iteration 281
Elapsed time for kappa 29.9915 sec
Elapsed time for experts 12.0746 sec
Elapsed time for households 10.6121 sec
Iteration 282
Elapsed time for kappa 39.7110 sec
Elapsed time for experts 13.4551 sec
Elapsed time for households 11.2093 sec
Iteration 283
Elapsed time for kappa 31.3547 sec
Elapsed time for experts 12.3497 sec
Elapsed time for households 10.9149 sec
Iteration 284
Elapsed time for kappa 31.4429 sec
Elapsed time for experts 12.8089 sec
Elapsed time for households 11.1899 sec
Iteration 285
Elapsed time for kappa 31.1818 sec
Elapsed time for experts 12.5506 sec
Elapsed time for households 10.9697 sec
Iteration 286
Elapsed time for kappa 30.9531 sec
Elapsed time for experts 11.6875 sec
Elapsed time for households 10.5780 sec
Iteration 287
Elapsed time for kappa 30.4534 sec
Elapsed time for experts 12.3037 sec
Elapsed time for households 10.4930 sec
Iteration 288
Elapsed time for kappa 38.4407 sec
Elapsed time for experts 12.3081 sec
Elapsed time for households 11.0158 sec
Iteration 289
Elapsed time for kappa 32.1019 sec
Elapsed time for experts 12.9196 sec
Elapsed time for households 10.6831 sec
Iteration 290
Elapsed time for kappa 31.7180 sec
Elapsed time for experts 12.7252 sec
Elapsed time for households 10.9280 sec
Iteration 291
Elapsed time for kappa 31.7936 sec
Elapsed time for experts 13.0145 sec
Elapsed time for households 10.5798 sec
Iteration 292
Elapsed time for kappa 30.9899 sec
Elapsed time for experts 11.8968 sec
Elapsed time for households 10.3593 sec
Iteration 293
Elapsed time for kappa 30.0161 sec
Elapsed time for experts 12.5051 sec
Elapsed time for households 16.7950 sec
Iteration 294
Elapsed time for kappa 32.6720 sec
Elapsed time for experts 12.4935 sec
Elapsed time for households 11.0772 sec
Iteration 295
Elapsed time for kappa 32.1575 sec
Elapsed time for experts 12.2569 sec
Elapsed time for households 10.7795 sec
Iteration 296
Elapsed time for kappa 31.7563 sec
Elapsed time for experts 12.6002 sec
Elapsed time for households 10.8960 sec
Iteration 297
Elapsed time for kappa 31.3973 sec
Elapsed time for experts 12.2972 sec
Elapsed time for households 10.5595 sec
Iteration 298
Elapsed time for kappa 30.6803 sec
Elapsed time for experts 12.9982 sec
Elapsed time for households 10.2615 sec
Iteration 299
Elapsed time for kappa 30.1170 sec
Elapsed time for experts 12.4039 sec
Elapsed time for households 10.4081 sec
Elapsed time for training 16827.4327 sec
