2022-10-02 22:59:36.924875: I tensorflow/core/platform/cpu_feature_guard.cc:193] This TensorFlow binary is optimized with oneAPI Deep Neural Network Library (oneDNN) to use the following CPU instructions in performance-critical operations:  AVX2 AVX512F AVX512_VNNI FMA
To enable them in other operations, rebuild TensorFlow with the appropriate compiler flags.
2022-10-02 22:59:37.073714: I tensorflow/core/util/util.cc:169] oneDNN custom operations are on. You may see slightly different numerical results due to floating-point round-off errors from different computation orders. To turn them off, set the environment variable `TF_ENABLE_ONEDNN_OPTS=0`.
2022-10-02 22:59:37.079283: W tensorflow/stream_executor/platform/default/dso_loader.cc:64] Could not load dynamic library 'libcudart.so.11.0'; dlerror: libcudart.so.11.0: cannot open shared object file: No such file or directory; LD_LIBRARY_PATH: /software/python-anaconda-2022.05-el8-x86_64/lib:/software/cudnn-8.3.1-el8-x86_64/lib64
2022-10-02 22:59:37.079307: I tensorflow/stream_executor/cuda/cudart_stub.cc:29] Ignore above cudart dlerror if you do not have a GPU set up on your machine.
2022-10-02 22:59:37.107155: E tensorflow/stream_executor/cuda/cuda_blas.cc:2981] Unable to register cuBLAS factory: Attempting to register factory for plugin cuBLAS when one has already been registered
2022-10-02 22:59:37.820506: W tensorflow/stream_executor/platform/default/dso_loader.cc:64] Could not load dynamic library 'libnvinfer.so.7'; dlerror: libnvinfer.so.7: cannot open shared object file: No such file or directory; LD_LIBRARY_PATH: /software/python-anaconda-2022.05-el8-x86_64/lib:/software/cudnn-8.3.1-el8-x86_64/lib64
2022-10-02 22:59:37.820606: W tensorflow/stream_executor/platform/default/dso_loader.cc:64] Could not load dynamic library 'libnvinfer_plugin.so.7'; dlerror: libnvinfer_plugin.so.7: cannot open shared object file: No such file or directory; LD_LIBRARY_PATH: /software/python-anaconda-2022.05-el8-x86_64/lib:/software/cudnn-8.3.1-el8-x86_64/lib64
2022-10-02 22:59:37.820617: W tensorflow/compiler/tf2tensorrt/utils/py_utils.cc:38] TF-TRT Warning: Cannot dlopen some TensorRT libraries. If you would like to use Nvidia GPU with TensorRT, please make sure the missing libraries mentioned above are installed properly.
2022-10-02 22:59:40.612679: W tensorflow/stream_executor/platform/default/dso_loader.cc:64] Could not load dynamic library 'libcuda.so.1'; dlerror: libcuda.so.1: cannot open shared object file: No such file or directory; LD_LIBRARY_PATH: /software/python-anaconda-2022.05-el8-x86_64/lib:/software/cudnn-8.3.1-el8-x86_64/lib64
2022-10-02 22:59:40.612717: W tensorflow/stream_executor/cuda/cuda_driver.cc:263] failed call to cuInit: UNKNOWN ERROR (303)
2022-10-02 22:59:40.612738: I tensorflow/stream_executor/cuda/cuda_diagnostics.cc:156] kernel driver does not appear to be running on this host (midway3-0071.rcc.local): /proc/driver/nvidia/version does not exist
2022-10-02 22:59:40.613140: I tensorflow/core/platform/cpu_feature_guard.cc:193] This TensorFlow binary is optimized with oneAPI Deep Neural Network Library (oneDNN) to use the following CPU instructions in performance-critical operations:  AVX2 AVX512F AVX512_VNNI FMA
To enable them in other operations, rebuild TensorFlow with the appropriate compiler flags.
2022-10-02 23:00:18.454230: W tensorflow/core/common_runtime/forward_type_inference.cc:332] Type inference failed. This indicates an invalid graph that escaped type checking. Error message: INVALID_ARGUMENT: expected compatible input types, but input 1:
type_id: TFT_OPTIONAL
args {
  type_id: TFT_PRODUCT
  args {
    type_id: TFT_TENSOR
    args {
      type_id: TFT_BOOL
    }
  }
}
 is neither a subtype nor a supertype of the combined inputs preceding it:
type_id: TFT_OPTIONAL
args {
  type_id: TFT_PRODUCT
  args {
    type_id: TFT_TENSOR
    args {
      type_id: TFT_DOUBLE
    }
  }
}

	while inferring type of node 'StatefulPartitionedCall_1/StatefulPartitionedCall/cond_1_259/output/_29750'
Iter: 1 loss: 0.0819233594992165
Iter: 2 loss: 0.0079070608771088964
Iter: 3 loss: 0.0078139939026264926
Iter: 4 loss: 0.0074073226070433427
Iter: 5 loss: 0.0054316755349515088
Iter: 6 loss: 0.029352601389871714
Iter: 7 loss: 0.003197843627096064
Iter: 8 loss: 0.86772350385524821
Iter: 9 loss: 0.0030821684084361674
Iter: 10 loss: 0.002846675666611711
Iter: 11 loss: 0.0027612541546757222
Iter: 12 loss: 0.0026542903277622086
Iter: 13 loss: 0.00238592603497005
Iter: 14 loss: 0.002174498399654474
Iter: 15 loss: 0.0014702163063688481
Iter: 16 loss: 0.0012624002780846806
Iter: 17 loss: 0.00094274653837756112
Iter: 18 loss: 0.00077307130936779046
Iter: 19 loss: 0.00021656876932072948
Iter: 20 loss: 0.016796870454628493
Iter: 21 loss: 0.00017852586412177521
Iter: 22 loss: 0.00016592268412097825
Iter: 23 loss: 0.00015516833472188339
Iter: 24 loss: 0.00015306101431799974
Iter: 25 loss: 0.00014882848523926705
Iter: 26 loss: 0.00014597798453780381
Iter: 27 loss: 0.00014075942798115265
Iter: 28 loss: 0.00012063209204325734
Iter: 29 loss: 9.9223905066126531e-05
Iter: 30 loss: 0.00015659103549844536
Iter: 31 loss: 8.4222364398503418e-05
Iter: 32 loss: 7.6151953655820826e-05
Iter: 33 loss: 7.0286599851859032e-05
Iter: 34 loss: 6.20978157357937e-05
Iter: 35 loss: 5.6565840968555113e-05
Iter: 36 loss: 5.0797081626249896e-05
Iter: 37 loss: 3.7433395499957253e-05
Iter: 38 loss: 2.7840907138586627e-05
Iter: 39 loss: 2.5273141801500192e-05
Iter: 40 loss: 2.3519554971074439e-05
9935.5591024285932
Iter: 1 loss: 5.7708008377549245
-698610.38315918914
Iter: 2 loss: 15956580.172620798
-54505839.579242662
Iter: 3 loss: 108224144284.33043
9935.5591024280675
Iter: 4 loss: 5.7708008377540434
-113576.22871898967
Iter: 5 loss: 2040.0044380645061
9613.5768880333981
Iter: 6 loss: 5.2444655162066658
1794.2790559869711
Iter: 7 loss: 1.8288233547168731
6429.7509187034775
Iter: 8 loss: 1.4690267731655675
-1282.1249899894949
Iter: 9 loss: 7.096265533930965
4643.95696595845
Iter: 10 loss: 0.70465691317107526
4146.4344778437835
Iter: 11 loss: 0.65224984299371846
3823.956208493003
Iter: 12 loss: 0.59013572121258429
1962.1413563084436
Iter: 13 loss: 0.24532655490152333
1205.0592468507002
Iter: 14 loss: 0.0905413094517278
956.20993880857031
Iter: 15 loss: 0.026594493201650603
919.63835998623154
Iter: 16 loss: 0.015272241362317567
915.14560240235119
Iter: 17 loss: 0.014427295497249432
911.73693882915779
Iter: 18 loss: 0.014331789221561458
896.764323172423
Iter: 19 loss: 0.014045164078358551
857.47029353630262
Iter: 20 loss: 0.01342850380662183
762.031262114411
Iter: 21 loss: 0.012115319779407416
603.95375937114125
Iter: 22 loss: 0.01017090951780418
421.05538305164845
Iter: 23 loss: 0.0079495773512766391
375.97020417926228
Iter: 24 loss: 0.0075424136376023064
389.12306501931141
Iter: 25 loss: 0.0075086216157384394
404.42846790683552
Iter: 26 loss: 0.0074624302729995986
419.89331165177191
Iter: 27 loss: 0.007310327433402165
431.76392082258906
Iter: 28 loss: 0.0065683892446864039
377.88721151781584
Iter: 29 loss: 0.0050315363433137313
185.03093257482385
Iter: 30 loss: 0.0032913240292484327
52.96274779442647
Iter: 31 loss: 0.0026819980524105213
19.826861120810555
Iter: 32 loss: 0.0026031907677078526
19.28955240921405
Iter: 33 loss: 0.0025487252469826032
27.872188620084387
Iter: 34 loss: 0.0024294665766993314
41.167606716090681
Iter: 35 loss: 0.0022977114517667352
91.807785199776646
Iter: 36 loss: 0.0021762110473152177
100.39534183094828
Iter: 37 loss: 0.0021179724047554241
116.63379270027355
Iter: 38 loss: 0.0020177131545563759
3720.5948465487809
Iter: 1 loss: 1.3135284937893992
50511.54475525202
Iter: 2 loss: 209.14032807016105
-319.43447305576274
Iter: 3 loss: 0.052541514942452738
-429.58878594152156
Iter: 4 loss: 0.0386298496339015
84.773749962134744
Iter: 5 loss: 0.26050158274932633
-464.31643910880382
Iter: 6 loss: 0.026954977002749493
-811.91824739553829
Iter: 7 loss: 0.035089851246114259
-639.87915295661946
Iter: 8 loss: 0.018870007464164645
-1807.8397351649805
Iter: 9 loss: 0.030369661620631282
-1086.433961624607
Iter: 10 loss: 0.010923162749721275
-1073.8893668193814
Iter: 11 loss: 0.010796266895498275
-847.636804532327
Iter: 12 loss: 0.00961606580332883
-657.256659273057
Iter: 13 loss: 0.008686039304182297
-200.94327726892095
Iter: 14 loss: 0.0068817842413395128
-99.429940349512677
Iter: 15 loss: 0.0064898365536798317
-60.436330288025871
Iter: 16 loss: 0.00621967579206416
-52.425139225118144
Iter: 17 loss: 0.0059329548027166066
-55.677475038376883
Iter: 18 loss: 0.005386831445151498
-73.684274623888669
Iter: 19 loss: 0.0046518957202817219
-94.4794018548971
Iter: 20 loss: 0.0040553702004247913
-123.58138735928398
Iter: 21 loss: 0.0036294494098489337
-137.27354740769439
Iter: 22 loss: 0.0034670160932614826
-138.51835457045993
Iter: 23 loss: 0.0033565181485196646
-138.034295655268
Iter: 24 loss: 0.0033305296531674954
-137.53467467393784
Iter: 25 loss: 0.0033132410050307356
-140.2761618086268
Iter: 26 loss: 0.003286385344567004
-142.30377936216956
Iter: 27 loss: 0.0032577037207169048
-141.67569023514375
Iter: 28 loss: 0.0032074926733759988
-132.04890962488173
Iter: 29 loss: 0.0030953839853531352
-103.05273707226371
Iter: 30 loss: 0.0028920184761528495
-52.01004092718032
Iter: 31 loss: 0.002660519670375964
-9.9003929323610418
Iter: 32 loss: 0.0025160611987260335
0.66081720083595208
Iter: 33 loss: 0.0024943096321450612
-1.0399288550203718
Iter: 34 loss: 0.0024923325014916758
-2.0918498466753279
Iter: 35 loss: 0.0024903361557873675
-5.674855384436932
Iter: 36 loss: 0.0024728948189500152
Iter: 1 loss: 2.3482756847830948e-05
Iter: 2 loss: 0.0092842031022969569
Iter: 3 loss: 2.3942875258895142e-05
Iter: 4 loss: 2.3462321746147666e-05
197.838432007525
Iter: 1 loss: 0.0022124565024910265
-1950531.615511606
Iter: 2 loss: 134360113.66613123
197.8384319695086
Iter: 3 loss: 0.0022124565021556563
197.83843102028857
Iter: 4 loss: 0.0022124564937826409
-476779.60907443526
Iter: 5 loss: 2552142.9449703768
-246709.38596306293
Iter: 6 loss: 3903.6873625925518
195.33193759923063
Iter: 7 loss: 0.0021912562015941042
167.4001516072824
Iter: 8 loss: 0.0020781598891220668
166.7619802966812
Iter: 9 loss: 0.0020758390262872886
164.20925484982419
Iter: 10 loss: 0.0020669828835005585
153.99771130805829
Iter: 11 loss: 0.0020383903049743042
132.49295118721005
Iter: 12 loss: 0.0020032555768204059
128.67051540061581
Iter: 13 loss: 0.0019902940748168681
120.21385293987912
Iter: 14 loss: 0.001917915488748811
132.02108506627508
Iter: 15 loss: 0.0018487003656878075
212.91881925946356
Iter: 16 loss: 0.00179654509348094
232.14399603267768
Iter: 17 loss: 0.0016975334194844235
238.80094656610464
Iter: 18 loss: 0.0016688264856639171
256.99585876201525
Iter: 19 loss: 0.0016341352147987982
267.19398775857633
Iter: 20 loss: 0.001605808631737072
274.27538899778011
Iter: 21 loss: 0.0015543928972444423
274.35904298733305
Iter: 22 loss: 0.0014856912659136077
255.37319138071047
Iter: 23 loss: 0.0013520235663860665
237.8947228596694
Iter: 24 loss: 0.0012664488372147187
228.62906187046866
Iter: 25 loss: 0.0011898279668183533
233.92509056842357
Iter: 26 loss: 0.0011671067163940845
239.49855228520465
Iter: 27 loss: 0.0011628523010023186
243.88961240546877
Iter: 28 loss: 0.0011597832727700467
252.27728945344637
Iter: 29 loss: 0.0011522997965401271
264.62917951765581
Iter: 30 loss: 0.0011378908380589856
286.00322517983938
Iter: 31 loss: 0.0011071257665709411
314.84471954894718
Iter: 32 loss: 0.0010573512016747708
337.4487622312854
Iter: 33 loss: 0.00099846144681073811
330.13953487623263
Iter: 34 loss: 0.00094257465634028611
305.40008042481691
Iter: 35 loss: 0.0009042133075254687
284.55074867178621
Iter: 36 loss: 0.000883616845797548
241.48918809301284
Iter: 37 loss: 0.00084124615437354555
185.64746416405609
Iter: 38 loss: 0.00078676623247647128
145.4303457575831
Iter: 39 loss: 0.00074403236280024465
-39.341770607068568
Iter: 1 loss: 0.0025266273457627362
497562669.79159755
Iter: 2 loss: 9899153772389.4414
57046.2971604092
Iter: 3 loss: 213.98206875467139
3963.0154361028522
Iter: 4 loss: 0.88158333777870868
19.079992160195751
Iter: 5 loss: 0.0025932394401627637
-27.926800170453493
Iter: 6 loss: 0.0025222156955763859
-22.031286051781226
Iter: 7 loss: 0.0025165331452688296
-13.380899184743321
Iter: 8 loss: 0.0025127517042473355
-12.347070405518576
Iter: 9 loss: 0.0025115907922057795
-6.1268282858427021
Iter: 10 loss: 0.002497916218655563
-4.08422518032327
Iter: 11 loss: 0.0024765442442913265
-11.095808999871952
Iter: 12 loss: 0.0024298400228425724
-27.908505830130437
Iter: 13 loss: 0.0023749047628103875
-18.890605981996707
Iter: 14 loss: 0.0023395671191798681
-14.708285211066855
Iter: 15 loss: 0.0023277813725282089
-14.1549094065346
Iter: 16 loss: 0.0023258410531454962
-14.990442759144113
Iter: 17 loss: 0.00232507591295691
Iter: 1 loss: 2.3165447796318078e-05
Iter: 2 loss: 0.32974526997207276
Iter: 3 loss: 2.3130431613292646e-05
