Iteration 0
Elapsed time for kappa 70.2497 sec
Elapsed time for experts 21.0634 sec
Elapsed time for households 16.0935 sec
Iteration 1
Elapsed time for kappa 34.0862 sec
Elapsed time for experts 17.4427 sec
Elapsed time for households 13.3205 sec
Iteration 2
Elapsed time for kappa 33.9880 sec
Elapsed time for experts 16.6569 sec
Elapsed time for households 12.5505 sec
Iteration 3
Elapsed time for kappa 35.1816 sec
Elapsed time for experts 14.3576 sec
Elapsed time for households 11.1840 sec
Iteration 4
Elapsed time for kappa 35.8886 sec
Elapsed time for experts 14.0343 sec
Elapsed time for households 13.7063 sec
Iteration 5
Elapsed time for kappa 35.5156 sec
Elapsed time for experts 14.2020 sec
Elapsed time for households 11.0071 sec
Iteration 6
Elapsed time for kappa 34.0213 sec
Elapsed time for experts 13.9605 sec
Elapsed time for households 13.0469 sec
Iteration 7
Elapsed time for kappa 34.3469 sec
Elapsed time for experts 22.3803 sec
Elapsed time for households 13.1556 sec
Iteration 8
Elapsed time for kappa 35.6908 sec
Elapsed time for experts 12.4617 sec
Elapsed time for households 11.0967 sec
Iteration 9
Elapsed time for kappa 34.6819 sec
Elapsed time for experts 12.7741 sec
Elapsed time for households 11.2144 sec
Iteration 10
Elapsed time for kappa 34.7751 sec
Elapsed time for experts 15.3795 sec
Elapsed time for households 11.5539 sec
Iteration 11
Elapsed time for kappa 34.4091 sec
Elapsed time for experts 12.2145 sec
Elapsed time for households 12.9858 sec
Iteration 12
Elapsed time for kappa 34.5947 sec
Elapsed time for experts 13.3776 sec
Elapsed time for households 11.5312 sec
Iteration 13
Elapsed time for kappa 43.7869 sec
Elapsed time for experts 14.4693 sec
Elapsed time for households 12.0102 sec
Iteration 14
Elapsed time for kappa 34.7688 sec
Elapsed time for experts 14.4805 sec
Elapsed time for households 11.7224 sec
Iteration 15
Elapsed time for kappa 34.5630 sec
Elapsed time for experts 12.3969 sec
Elapsed time for households 11.2079 sec
Iteration 16
Elapsed time for kappa 34.1262 sec
Elapsed time for experts 12.2407 sec
Elapsed time for households 11.1678 sec
Iteration 17
Elapsed time for kappa 33.7948 sec
Elapsed time for experts 15.6134 sec
Elapsed time for households 12.7395 sec
Iteration 18
Elapsed time for kappa 35.3245 sec
Elapsed time for experts 15.0092 sec
Elapsed time for households 13.9157 sec
Iteration 19
Elapsed time for kappa 47.1965 sec
Elapsed time for experts 13.7940 sec
Elapsed time for households 11.8174 sec
Iteration 20
Elapsed time for kappa 35.0434 sec
Elapsed time for experts 15.5959 sec
Elapsed time for households 15.2337 sec
Iteration 21
Elapsed time for kappa 35.6406 sec
Elapsed time for experts 16.3149 sec
Elapsed time for households 12.6377 sec
Iteration 22
Elapsed time for kappa 36.2017 sec
Elapsed time for experts 13.9850 sec
Elapsed time for households 11.3835 sec
Iteration 23
Elapsed time for kappa 35.7039 sec
Elapsed time for experts 17.0410 sec
Elapsed time for households 13.3996 sec
Iteration 24
Elapsed time for kappa 35.0402 sec
Elapsed time for experts 12.4170 sec
Elapsed time for households 10.9359 sec
Iteration 25
Elapsed time for kappa 45.5851 sec
Elapsed time for experts 13.9997 sec
Elapsed time for households 14.5956 sec
Iteration 26
Elapsed time for kappa 37.9265 sec
Elapsed time for experts 13.6937 sec
Elapsed time for households 11.6737 sec
Iteration 27
Elapsed time for kappa 36.0478 sec
Elapsed time for experts 14.0984 sec
Elapsed time for households 11.7878 sec
Iteration 28
Elapsed time for kappa 35.2171 sec
Elapsed time for experts 13.1139 sec
Elapsed time for households 11.7773 sec
Iteration 29
Elapsed time for kappa 34.2072 sec
Elapsed time for experts 13.0439 sec
Elapsed time for households 11.9773 sec
Iteration 30
Elapsed time for kappa 34.4244 sec
Elapsed time for experts 12.7350 sec
Elapsed time for households 11.3758 sec
Iteration 31
Elapsed time for kappa 45.2244 sec
Elapsed time for experts 14.1801 sec
Elapsed time for households 12.5614 sec
Iteration 32
Elapsed time for kappa 35.4353 sec
Elapsed time for experts 13.4166 sec
Elapsed time for households 11.6707 sec
Iteration 33
Elapsed time for kappa 34.7755 sec
Elapsed time for experts 13.0371 sec
Elapsed time for households 12.0375 sec
Iteration 34
Elapsed time for kappa 34.0820 sec
Elapsed time for experts 12.8368 sec
Elapsed time for households 11.3102 sec
Iteration 35
Elapsed time for kappa 34.1770 sec
Elapsed time for experts 12.6897 sec
Elapsed time for households 11.7483 sec
Iteration 36
Elapsed time for kappa 33.9771 sec
Elapsed time for experts 13.1771 sec
Elapsed time for households 11.5465 sec
Iteration 37
Elapsed time for kappa 43.4243 sec
Elapsed time for experts 14.1291 sec
Elapsed time for households 12.0142 sec
Iteration 38
Elapsed time for kappa 35.4907 sec
Elapsed time for experts 13.0848 sec
Elapsed time for households 11.6790 sec
Iteration 39
Elapsed time for kappa 34.9751 sec
Elapsed time for experts 14.8944 sec
Elapsed time for households 11.7425 sec
Iteration 40
Elapsed time for kappa 34.7476 sec
Elapsed time for experts 13.4115 sec
Elapsed time for households 11.2417 sec
Iteration 41
Elapsed time for kappa 34.2625 sec
Elapsed time for experts 13.2232 sec
Elapsed time for households 11.3792 sec
Iteration 42
Elapsed time for kappa 34.3166 sec
Elapsed time for experts 13.0337 sec
Elapsed time for households 18.5335 sec
Iteration 43
Elapsed time for kappa 36.4014 sec
Elapsed time for experts 13.6707 sec
Elapsed time for households 11.8042 sec
Iteration 44
Elapsed time for kappa 35.2110 sec
Elapsed time for experts 13.0496 sec
Elapsed time for households 12.3071 sec
Iteration 45
Elapsed time for kappa 34.8111 sec
Elapsed time for experts 13.3846 sec
Elapsed time for households 11.5357 sec
Iteration 46
Elapsed time for kappa 34.4757 sec
Elapsed time for experts 12.6725 sec
Elapsed time for households 11.5737 sec
Iteration 47
Elapsed time for kappa 34.5397 sec
Elapsed time for experts 14.1198 sec
Elapsed time for households 11.8196 sec
Iteration 48
Elapsed time for kappa 33.7586 sec
Elapsed time for experts 12.4725 sec
Elapsed time for households 11.7012 sec
Iteration 49
Elapsed time for kappa 44.9248 sec
Elapsed time for experts 13.8226 sec
Elapsed time for households 12.9054 sec
Iteration 50
Elapsed time for kappa 35.5803 sec
Elapsed time for experts 13.3331 sec
Elapsed time for households 11.8654 sec
Iteration 51
Elapsed time for kappa 34.6697 sec
Elapsed time for experts 14.6250 sec
Elapsed time for households 11.8349 sec
Iteration 52
Elapsed time for kappa 34.7226 sec
Elapsed time for experts 13.8644 sec
Elapsed time for households 12.5040 sec
Iteration 53
Elapsed time for kappa 34.3675 sec
Elapsed time for experts 13.0179 sec
Elapsed time for households 11.6848 sec
Iteration 54
Elapsed time for kappa 33.9507 sec
Elapsed time for experts 14.3375 sec
Elapsed time for households 19.3773 sec
Iteration 55
Elapsed time for kappa 36.5366 sec
Elapsed time for experts 13.4919 sec
Elapsed time for households 11.7395 sec
Iteration 56
Elapsed time for kappa 35.2022 sec
Elapsed time for experts 13.7801 sec
Elapsed time for households 11.6798 sec
Iteration 57
Elapsed time for kappa 35.1626 sec
Elapsed time for experts 14.3663 sec
Elapsed time for households 12.3783 sec
Iteration 58
Elapsed time for kappa 35.0705 sec
Elapsed time for experts 13.1378 sec
Elapsed time for households 12.0992 sec
Iteration 59
Elapsed time for kappa 34.5901 sec
Elapsed time for experts 13.3886 sec
Elapsed time for households 11.5308 sec
Iteration 60
Elapsed time for kappa 33.8864 sec
Elapsed time for experts 22.2008 sec
Elapsed time for households 13.0465 sec
Iteration 61
Elapsed time for kappa 35.8973 sec
Elapsed time for experts 13.7203 sec
Elapsed time for households 12.2845 sec
Iteration 62
Elapsed time for kappa 35.2081 sec
Elapsed time for experts 13.1111 sec
Elapsed time for households 11.8481 sec
Iteration 63
Elapsed time for kappa 34.6737 sec
Elapsed time for experts 13.0329 sec
Elapsed time for households 11.6280 sec
Iteration 64
Elapsed time for kappa 34.1615 sec
Elapsed time for experts 13.6561 sec
Elapsed time for households 11.7745 sec
Iteration 65
Elapsed time for kappa 34.5219 sec
Elapsed time for experts 13.0737 sec
Elapsed time for households 11.5162 sec
Iteration 66
Elapsed time for kappa 33.9947 sec
Elapsed time for experts 22.4401 sec
Elapsed time for households 13.1998 sec
Iteration 67
Elapsed time for kappa 37.0139 sec
Elapsed time for experts 13.6030 sec
Elapsed time for households 12.6551 sec
Iteration 68
Elapsed time for kappa 37.7380 sec
Elapsed time for experts 13.2701 sec
Elapsed time for households 13.0524 sec
Iteration 69
Elapsed time for kappa 35.5216 sec
Elapsed time for experts 13.5986 sec
Elapsed time for households 12.0858 sec
Iteration 70
Elapsed time for kappa 35.0883 sec
Elapsed time for experts 12.9843 sec
Elapsed time for households 11.8639 sec
Iteration 71
Elapsed time for kappa 34.1280 sec
Elapsed time for experts 12.8643 sec
Elapsed time for households 11.7548 sec
Iteration 72
Elapsed time for kappa 33.7934 sec
Elapsed time for experts 21.7712 sec
Elapsed time for households 12.5980 sec
Iteration 73
Elapsed time for kappa 36.1813 sec
Elapsed time for experts 14.1372 sec
Elapsed time for households 12.1491 sec
Iteration 74
Elapsed time for kappa 35.3619 sec
Elapsed time for experts 13.3314 sec
Elapsed time for households 11.7295 sec
Iteration 75
Elapsed time for kappa 35.0025 sec
Elapsed time for experts 13.3164 sec
Elapsed time for households 11.5941 sec
Iteration 76
Elapsed time for kappa 34.8047 sec
Elapsed time for experts 13.0338 sec
Elapsed time for households 11.7449 sec
Iteration 77
Elapsed time for kappa 34.9590 sec
Elapsed time for experts 12.9745 sec
Elapsed time for households 11.6425 sec
Iteration 78
Elapsed time for kappa 46.7207 sec
Elapsed time for experts 14.8244 sec
Elapsed time for households 13.9914 sec
Iteration 79
Elapsed time for kappa 36.1727 sec
Elapsed time for experts 13.8618 sec
Elapsed time for households 12.4421 sec
Iteration 80
Elapsed time for kappa 35.7464 sec
Elapsed time for experts 13.9099 sec
Elapsed time for households 11.9898 sec
Iteration 81
Elapsed time for kappa 34.3849 sec
Elapsed time for experts 13.0102 sec
Elapsed time for households 11.4304 sec
Iteration 82
Elapsed time for kappa 34.7227 sec
Elapsed time for experts 13.2813 sec
Elapsed time for households 11.4739 sec
Iteration 83
Elapsed time for kappa 34.7191 sec
Elapsed time for experts 12.9469 sec
Elapsed time for households 11.4603 sec
Iteration 84
Elapsed time for kappa 46.5375 sec
Elapsed time for experts 15.7365 sec
Elapsed time for households 12.9983 sec
Iteration 85
Elapsed time for kappa 37.1979 sec
Elapsed time for experts 14.7022 sec
Elapsed time for households 12.4106 sec
Iteration 86
Elapsed time for kappa 35.6584 sec
Elapsed time for experts 14.0242 sec
Elapsed time for households 12.1474 sec
Iteration 87
Elapsed time for kappa 35.3819 sec
Elapsed time for experts 13.4676 sec
Elapsed time for households 11.7945 sec
Iteration 88
Elapsed time for kappa 34.9055 sec
Elapsed time for experts 13.6575 sec
Elapsed time for households 11.5295 sec
Iteration 89
Elapsed time for kappa 34.3697 sec
Elapsed time for experts 13.5331 sec
Elapsed time for households 11.7873 sec
Iteration 90
Elapsed time for kappa 46.4817 sec
Elapsed time for experts 14.2291 sec
Elapsed time for households 12.5372 sec
Iteration 91
Elapsed time for kappa 36.6656 sec
Elapsed time for experts 13.5544 sec
Elapsed time for households 12.5293 sec
Iteration 92
Elapsed time for kappa 35.8290 sec
Elapsed time for experts 13.2594 sec
Elapsed time for households 12.3260 sec
Iteration 93
Elapsed time for kappa 35.1212 sec
Elapsed time for experts 13.6781 sec
Elapsed time for households 12.3594 sec
Iteration 94
Elapsed time for kappa 35.0795 sec
Elapsed time for experts 13.0903 sec
Elapsed time for households 12.1849 sec
Iteration 95
Elapsed time for kappa 34.6093 sec
Elapsed time for experts 12.9572 sec
Elapsed time for households 11.7117 sec
Iteration 96
Elapsed time for kappa 46.4600 sec
Elapsed time for experts 15.0329 sec
Elapsed time for households 12.9819 sec
Iteration 97
Elapsed time for kappa 36.4786 sec
Elapsed time for experts 14.0536 sec
Elapsed time for households 12.5472 sec
Iteration 98
Elapsed time for kappa 35.8079 sec
Elapsed time for experts 13.7601 sec
Elapsed time for households 11.9449 sec
Iteration 99
Elapsed time for kappa 35.1720 sec
Elapsed time for experts 13.7706 sec
Elapsed time for households 12.1931 sec
Iteration 100
Elapsed time for kappa 34.8883 sec
Elapsed time for experts 13.0151 sec
Elapsed time for households 11.9364 sec
Iteration 101
Elapsed time for kappa 34.0473 sec
Elapsed time for experts 12.8841 sec
Elapsed time for households 11.6814 sec
Iteration 102
Elapsed time for kappa 45.5250 sec
Elapsed time for experts 14.2751 sec
Elapsed time for households 12.6219 sec
Iteration 103
Elapsed time for kappa 37.1014 sec
Elapsed time for experts 13.8325 sec
Elapsed time for households 12.2867 sec
Iteration 104
Elapsed time for kappa 36.1038 sec
Elapsed time for experts 13.3871 sec
Elapsed time for households 11.9821 sec
Iteration 105
Elapsed time for kappa 35.4122 sec
Elapsed time for experts 12.9919 sec
Elapsed time for households 12.3106 sec
Iteration 106
Elapsed time for kappa 34.9359 sec
Elapsed time for experts 12.7455 sec
Elapsed time for households 11.9877 sec
Iteration 107
Elapsed time for kappa 34.7415 sec
Elapsed time for experts 13.4032 sec
Elapsed time for households 11.7651 sec
Iteration 108
Elapsed time for kappa 46.0878 sec
Elapsed time for experts 14.9222 sec
Elapsed time for households 13.2732 sec
Iteration 109
Elapsed time for kappa 36.9817 sec
Elapsed time for experts 14.0844 sec
Elapsed time for households 12.4127 sec
Iteration 110
Elapsed time for kappa 36.2286 sec
Elapsed time for experts 13.2090 sec
Elapsed time for households 11.8898 sec
Iteration 111
Elapsed time for kappa 36.3361 sec
Elapsed time for experts 13.0823 sec
Elapsed time for households 12.1688 sec
Iteration 112
Elapsed time for kappa 35.4434 sec
Elapsed time for experts 12.7001 sec
Elapsed time for households 11.6000 sec
Iteration 113
Elapsed time for kappa 34.2554 sec
Elapsed time for experts 12.7021 sec
Elapsed time for households 20.8881 sec
Iteration 114
Elapsed time for kappa 37.7781 sec
Elapsed time for experts 14.3216 sec
Elapsed time for households 12.7981 sec
Iteration 115
Elapsed time for kappa 36.4365 sec
Elapsed time for experts 14.1327 sec
Elapsed time for households 12.3784 sec
Iteration 116
Elapsed time for kappa 36.1131 sec
Elapsed time for experts 13.9811 sec
Elapsed time for households 11.8051 sec
Iteration 117
Elapsed time for kappa 35.0473 sec
Elapsed time for experts 14.0752 sec
Elapsed time for households 12.0638 sec
Iteration 118
Elapsed time for kappa 34.8688 sec
Elapsed time for experts 13.5060 sec
Elapsed time for households 11.4692 sec
Iteration 119
Elapsed time for kappa 34.0225 sec
Elapsed time for experts 13.7953 sec
Elapsed time for households 21.6534 sec
Iteration 120
Elapsed time for kappa 37.7234 sec
Elapsed time for experts 14.5267 sec
Elapsed time for households 12.8735 sec
Iteration 121
Elapsed time for kappa 36.6523 sec
Elapsed time for experts 14.0221 sec
Elapsed time for households 12.7176 sec
Iteration 122
Elapsed time for kappa 35.8040 sec
Elapsed time for experts 13.5048 sec
Elapsed time for households 11.7926 sec
Iteration 123
Elapsed time for kappa 34.9121 sec
Elapsed time for experts 14.0949 sec
Elapsed time for households 11.6802 sec
Iteration 124
Elapsed time for kappa 35.0338 sec
Elapsed time for experts 13.1612 sec
Elapsed time for households 11.6715 sec
Iteration 125
Elapsed time for kappa 34.5865 sec
Elapsed time for experts 13.7280 sec
Elapsed time for households 11.4439 sec
Iteration 126
Elapsed time for kappa 46.7072 sec
Elapsed time for experts 14.6118 sec
Elapsed time for households 13.2771 sec
Iteration 127
Elapsed time for kappa 36.7143 sec
Elapsed time for experts 15.0062 sec
Elapsed time for households 12.9804 sec
Iteration 128
Elapsed time for kappa 36.0012 sec
Elapsed time for experts 13.9442 sec
Elapsed time for households 12.2525 sec
Iteration 129
Elapsed time for kappa 35.6684 sec
Elapsed time for experts 13.3383 sec
Elapsed time for households 11.8419 sec
Iteration 130
Elapsed time for kappa 35.2232 sec
Elapsed time for experts 13.7435 sec
Elapsed time for households 11.6134 sec
Iteration 131
Elapsed time for kappa 34.7187 sec
Elapsed time for experts 12.8092 sec
Elapsed time for households 20.3826 sec
Iteration 132
Elapsed time for kappa 38.4693 sec
Elapsed time for experts 13.8818 sec
Elapsed time for households 12.8198 sec
Iteration 133
Elapsed time for kappa 36.9997 sec
Elapsed time for experts 13.9557 sec
Elapsed time for households 12.9078 sec
Iteration 134
Elapsed time for kappa 35.8723 sec
Elapsed time for experts 14.0450 sec
Elapsed time for households 12.1952 sec
Iteration 135
Elapsed time for kappa 35.2686 sec
Elapsed time for experts 13.2655 sec
Elapsed time for households 11.8278 sec
Iteration 136
Elapsed time for kappa 34.6526 sec
Elapsed time for experts 14.2235 sec
Elapsed time for households 11.7185 sec
Iteration 137
Elapsed time for kappa 34.4840 sec
Elapsed time for experts 22.7234 sec
Elapsed time for households 13.2365 sec
Iteration 138
Elapsed time for kappa 38.2645 sec
Elapsed time for experts 14.2537 sec
Elapsed time for households 12.9942 sec
Iteration 139
Elapsed time for kappa 37.1241 sec
Elapsed time for experts 14.4406 sec
Elapsed time for households 14.5037 sec
Iteration 140
Elapsed time for kappa 35.9473 sec
Elapsed time for experts 13.8034 sec
Elapsed time for households 12.2506 sec
Iteration 141
Elapsed time for kappa 35.4651 sec
Elapsed time for experts 13.2560 sec
Elapsed time for households 12.2805 sec
Iteration 142
Elapsed time for kappa 34.9995 sec
Elapsed time for experts 13.5384 sec
Elapsed time for households 11.9331 sec
Iteration 143
Elapsed time for kappa 34.5197 sec
Elapsed time for experts 13.1082 sec
Elapsed time for households 21.0512 sec
Iteration 144
Elapsed time for kappa 37.6798 sec
Elapsed time for experts 13.5709 sec
Elapsed time for households 13.0678 sec
Iteration 145
Elapsed time for kappa 37.3437 sec
Elapsed time for experts 14.3092 sec
Elapsed time for households 12.8799 sec
Iteration 146
Elapsed time for kappa 36.2225 sec
Elapsed time for experts 13.3659 sec
Elapsed time for households 12.7652 sec
Iteration 147
Elapsed time for kappa 35.2855 sec
Elapsed time for experts 13.4472 sec
Elapsed time for households 12.0124 sec
Iteration 148
Elapsed time for kappa 34.7221 sec
Elapsed time for experts 13.0915 sec
Elapsed time for households 11.8975 sec
Iteration 149
Elapsed time for kappa 34.2055 sec
Elapsed time for experts 12.9614 sec
Elapsed time for households 21.2597 sec
Iteration 150
Elapsed time for kappa 37.6258 sec
Elapsed time for experts 14.3188 sec
Elapsed time for households 12.4129 sec
Iteration 151
Elapsed time for kappa 37.2477 sec
Elapsed time for experts 13.5708 sec
Elapsed time for households 12.5202 sec
Iteration 152
Elapsed time for kappa 36.1928 sec
Elapsed time for experts 14.5308 sec
Elapsed time for households 11.9985 sec
Iteration 153
Elapsed time for kappa 35.7687 sec
Elapsed time for experts 13.3008 sec
Elapsed time for households 11.9364 sec
Iteration 154
Elapsed time for kappa 34.9694 sec
Elapsed time for experts 12.8322 sec
Elapsed time for households 11.9684 sec
Iteration 155
Elapsed time for kappa 34.1713 sec
Elapsed time for experts 13.5442 sec
Elapsed time for households 12.0757 sec
Iteration 156
Elapsed time for kappa 47.4291 sec
Elapsed time for experts 15.0879 sec
Elapsed time for households 12.5818 sec
Iteration 157
Elapsed time for kappa 37.5702 sec
Elapsed time for experts 14.9482 sec
Elapsed time for households 13.3063 sec
Iteration 158
Elapsed time for kappa 36.3444 sec
Elapsed time for experts 14.2806 sec
Elapsed time for households 12.0226 sec
Iteration 159
Elapsed time for kappa 36.0911 sec
Elapsed time for experts 13.1802 sec
Elapsed time for households 12.2392 sec
Iteration 160
Elapsed time for kappa 35.4048 sec
Elapsed time for experts 13.3085 sec
Elapsed time for households 12.1110 sec
Iteration 161
Elapsed time for kappa 36.2478 sec
Elapsed time for experts 13.1481 sec
Elapsed time for households 20.7155 sec
Iteration 162
Elapsed time for kappa 37.7959 sec
Elapsed time for experts 14.3119 sec
Elapsed time for households 12.7036 sec
Iteration 163
Elapsed time for kappa 37.1407 sec
Elapsed time for experts 14.3824 sec
Elapsed time for households 13.1246 sec
Iteration 164
Elapsed time for kappa 36.3291 sec
Elapsed time for experts 13.8504 sec
Elapsed time for households 12.2944 sec
Iteration 165
Elapsed time for kappa 35.8627 sec
Elapsed time for experts 13.1003 sec
Elapsed time for households 12.3404 sec
Iteration 166
Elapsed time for kappa 34.7808 sec
Elapsed time for experts 12.9337 sec
Elapsed time for households 11.6788 sec
Iteration 167
Elapsed time for kappa 34.7843 sec
Elapsed time for experts 22.8087 sec
Elapsed time for households 13.5486 sec
Iteration 168
Elapsed time for kappa 37.1813 sec
Elapsed time for experts 14.7239 sec
Elapsed time for households 12.7609 sec
Iteration 169
Elapsed time for kappa 37.2707 sec
Elapsed time for experts 14.4849 sec
Elapsed time for households 12.5025 sec
Iteration 170
Elapsed time for kappa 36.2702 sec
Elapsed time for experts 13.6499 sec
Elapsed time for households 11.6806 sec
Iteration 171
Elapsed time for kappa 35.8215 sec
Elapsed time for experts 13.4452 sec
Elapsed time for households 11.8891 sec
Iteration 172
Elapsed time for kappa 35.0594 sec
Elapsed time for experts 12.8180 sec
Elapsed time for households 11.4487 sec
Iteration 173
Elapsed time for kappa 34.9002 sec
Elapsed time for experts 13.1925 sec
Elapsed time for households 21.4588 sec
Iteration 174
Elapsed time for kappa 37.9174 sec
Elapsed time for experts 15.0326 sec
Elapsed time for households 12.9053 sec
Iteration 175
Elapsed time for kappa 37.3740 sec
Elapsed time for experts 14.2417 sec
Elapsed time for households 13.1014 sec
Iteration 176
Elapsed time for kappa 36.6160 sec
Elapsed time for experts 14.3977 sec
Elapsed time for households 11.9625 sec
Iteration 177
Elapsed time for kappa 35.5815 sec
Elapsed time for experts 13.3897 sec
Elapsed time for households 11.5973 sec
Iteration 178
Elapsed time for kappa 34.9129 sec
Elapsed time for experts 13.5336 sec
Elapsed time for households 11.5237 sec
Iteration 179
Elapsed time for kappa 34.4898 sec
Elapsed time for experts 12.8201 sec
Elapsed time for households 21.7078 sec
Iteration 180
Elapsed time for kappa 37.6211 sec
Elapsed time for experts 14.3515 sec
Elapsed time for households 12.7909 sec
Iteration 181
Elapsed time for kappa 37.0391 sec
Elapsed time for experts 14.0443 sec
Elapsed time for households 13.1644 sec
Iteration 182
Elapsed time for kappa 36.4492 sec
Elapsed time for experts 14.5231 sec
Elapsed time for households 12.5543 sec
Iteration 183
Elapsed time for kappa 35.3298 sec
Elapsed time for experts 13.5552 sec
Elapsed time for households 11.8667 sec
Iteration 184
Elapsed time for kappa 35.0644 sec
Elapsed time for experts 13.5204 sec
Elapsed time for households 11.6415 sec
Iteration 185
Elapsed time for kappa 34.5026 sec
Elapsed time for experts 13.1870 sec
Elapsed time for households 11.5014 sec
Iteration 186
Elapsed time for kappa 47.4088 sec
Elapsed time for experts 14.5747 sec
Elapsed time for households 13.0107 sec
Iteration 187
Elapsed time for kappa 37.5341 sec
Elapsed time for experts 14.1037 sec
Elapsed time for households 13.0232 sec
Iteration 188
Elapsed time for kappa 36.3641 sec
Elapsed time for experts 13.9758 sec
Elapsed time for households 13.0364 sec
Iteration 189
Elapsed time for kappa 36.0499 sec
Elapsed time for experts 13.9019 sec
Elapsed time for households 12.1110 sec
Iteration 190
Elapsed time for kappa 35.4146 sec
Elapsed time for experts 14.7589 sec
Elapsed time for households 11.9287 sec
Iteration 191
Elapsed time for kappa 34.9177 sec
Elapsed time for experts 13.6176 sec
Elapsed time for households 20.1625 sec
Iteration 192
Elapsed time for kappa 38.2691 sec
Elapsed time for experts 14.9924 sec
Elapsed time for households 12.7780 sec
Iteration 193
Elapsed time for kappa 37.0158 sec
Elapsed time for experts 14.1312 sec
Elapsed time for households 12.5954 sec
Iteration 194
Elapsed time for kappa 36.1780 sec
Elapsed time for experts 13.6763 sec
Elapsed time for households 12.5699 sec
Iteration 195
Elapsed time for kappa 35.2884 sec
Elapsed time for experts 13.7304 sec
Elapsed time for households 12.4027 sec
Iteration 196
Elapsed time for kappa 34.9343 sec
Elapsed time for experts 14.0457 sec
Elapsed time for households 11.7017 sec
Iteration 197
Elapsed time for kappa 34.2113 sec
Elapsed time for experts 13.0245 sec
Elapsed time for households 21.5291 sec
Iteration 198
Elapsed time for kappa 38.6523 sec
Elapsed time for experts 14.0826 sec
Elapsed time for households 12.9428 sec
Iteration 199
Elapsed time for kappa 37.1609 sec
Elapsed time for experts 14.3600 sec
Elapsed time for households 12.6161 sec
Iteration 200
Elapsed time for kappa 36.2798 sec
Elapsed time for experts 14.0636 sec
Elapsed time for households 12.4435 sec
Iteration 201
Elapsed time for kappa 35.3906 sec
Elapsed time for experts 13.8540 sec
Elapsed time for households 12.3910 sec
Iteration 202
Elapsed time for kappa 34.8903 sec
Elapsed time for experts 13.9135 sec
Elapsed time for households 11.7668 sec
Iteration 203
Elapsed time for kappa 34.3328 sec
Elapsed time for experts 13.0751 sec
Elapsed time for households 11.5182 sec
Iteration 204
Elapsed time for kappa 47.5578 sec
Elapsed time for experts 15.1929 sec
Elapsed time for households 12.6697 sec
Iteration 205
Elapsed time for kappa 38.0172 sec
Elapsed time for experts 14.9240 sec
Elapsed time for households 12.5259 sec
Iteration 206
Elapsed time for kappa 37.0223 sec
Elapsed time for experts 13.7926 sec
Elapsed time for households 12.6290 sec
Iteration 207
Elapsed time for kappa 36.2507 sec
Elapsed time for experts 14.2517 sec
Elapsed time for households 12.4535 sec
Iteration 208
Elapsed time for kappa 35.1138 sec
Elapsed time for experts 13.5012 sec
Elapsed time for households 11.9628 sec
Iteration 209
Elapsed time for kappa 34.4089 sec
Elapsed time for experts 23.2278 sec
Elapsed time for households 13.4601 sec
Iteration 210
Elapsed time for kappa 37.9556 sec
Elapsed time for experts 14.1525 sec
Elapsed time for households 12.5547 sec
Iteration 211
Elapsed time for kappa 36.7263 sec
Elapsed time for experts 14.7678 sec
Elapsed time for households 12.5818 sec
Iteration 212
Elapsed time for kappa 36.1879 sec
Elapsed time for experts 14.1274 sec
Elapsed time for households 12.4854 sec
Iteration 213
Elapsed time for kappa 35.0222 sec
Elapsed time for experts 13.9205 sec
Elapsed time for households 11.6919 sec
Iteration 214
Elapsed time for kappa 34.0934 sec
Elapsed time for experts 13.0580 sec
Elapsed time for households 11.5715 sec
Iteration 215
Elapsed time for kappa 33.7192 sec
Elapsed time for experts 13.0783 sec
Elapsed time for households 22.0867 sec
Iteration 216
Elapsed time for kappa 37.8602 sec
Elapsed time for experts 14.1090 sec
Elapsed time for households 12.5340 sec
Iteration 217
Elapsed time for kappa 37.2333 sec
Elapsed time for experts 13.8742 sec
Elapsed time for households 12.5951 sec
Iteration 218
Elapsed time for kappa 36.7515 sec
Elapsed time for experts 13.3608 sec
Elapsed time for households 12.2678 sec
Iteration 219
Elapsed time for kappa 35.8402 sec
Elapsed time for experts 13.1814 sec
Elapsed time for households 12.0206 sec
Iteration 220
Elapsed time for kappa 34.6189 sec
Elapsed time for experts 13.2301 sec
Elapsed time for households 11.6520 sec
Iteration 221
Elapsed time for kappa 33.9153 sec
Elapsed time for experts 12.6173 sec
Elapsed time for households 21.4628 sec
Iteration 222
Elapsed time for kappa 37.7533 sec
Elapsed time for experts 14.6112 sec
Elapsed time for households 12.2998 sec
Iteration 223
Elapsed time for kappa 36.9851 sec
Elapsed time for experts 13.8011 sec
Elapsed time for households 12.7094 sec
Iteration 224
Elapsed time for kappa 36.4091 sec
Elapsed time for experts 13.6663 sec
Elapsed time for households 11.9818 sec
Iteration 225
Elapsed time for kappa 35.4923 sec
Elapsed time for experts 13.2498 sec
Elapsed time for households 11.9510 sec
Iteration 226
Elapsed time for kappa 34.7908 sec
Elapsed time for experts 13.4773 sec
Elapsed time for households 11.3187 sec
Iteration 227
Elapsed time for kappa 34.6424 sec
Elapsed time for experts 13.5429 sec
Elapsed time for households 11.2727 sec
Iteration 228
Elapsed time for kappa 46.8138 sec
Elapsed time for experts 14.4109 sec
Elapsed time for households 12.7047 sec
Iteration 229
Elapsed time for kappa 36.6147 sec
Elapsed time for experts 14.0838 sec
Elapsed time for households 12.3752 sec
Iteration 230
Elapsed time for kappa 36.0134 sec
Elapsed time for experts 13.6950 sec
Elapsed time for households 12.2893 sec
Iteration 231
Elapsed time for kappa 34.8928 sec
Elapsed time for experts 13.2508 sec
Elapsed time for households 11.8802 sec
Iteration 232
Elapsed time for kappa 34.7592 sec
Elapsed time for experts 12.9260 sec
Elapsed time for households 11.5839 sec
Iteration 233
Elapsed time for kappa 33.8800 sec
Elapsed time for experts 13.1714 sec
Elapsed time for households 19.3191 sec
Iteration 234
Elapsed time for kappa 36.8337 sec
Elapsed time for experts 13.5064 sec
Elapsed time for households 12.6046 sec
Iteration 235
Elapsed time for kappa 36.1874 sec
Elapsed time for experts 13.1963 sec
Elapsed time for households 12.2169 sec
Iteration 236
Elapsed time for kappa 35.2533 sec
Elapsed time for experts 13.3644 sec
Elapsed time for households 11.9801 sec
Iteration 237
Elapsed time for kappa 34.3042 sec
Elapsed time for experts 13.0086 sec
Elapsed time for households 11.7044 sec
Iteration 238
Elapsed time for kappa 33.6425 sec
Elapsed time for experts 12.6037 sec
Elapsed time for households 11.4459 sec
Iteration 239
Elapsed time for kappa 33.1776 sec
Elapsed time for experts 12.5201 sec
Elapsed time for households 11.2404 sec
Iteration 240
Elapsed time for kappa 44.4997 sec
Elapsed time for experts 14.7358 sec
Elapsed time for households 12.3326 sec
Iteration 241
Elapsed time for kappa 35.1697 sec
Elapsed time for experts 14.0334 sec
Elapsed time for households 11.8083 sec
Iteration 242
Elapsed time for kappa 35.0832 sec
Elapsed time for experts 14.2264 sec
Elapsed time for households 12.0232 sec
Iteration 243
Elapsed time for kappa 34.5674 sec
Elapsed time for experts 13.4835 sec
Elapsed time for households 11.6401 sec
Iteration 244
Elapsed time for kappa 34.1620 sec
Elapsed time for experts 12.5520 sec
Elapsed time for households 11.2850 sec
Iteration 245
Elapsed time for kappa 33.1829 sec
Elapsed time for experts 12.6345 sec
Elapsed time for households 11.2276 sec
Iteration 246
Elapsed time for kappa 42.2186 sec
Elapsed time for experts 13.4854 sec
Elapsed time for households 12.2413 sec
Iteration 247
Elapsed time for kappa 34.9061 sec
Elapsed time for experts 13.0344 sec
Elapsed time for households 11.8962 sec
Iteration 248
Elapsed time for kappa 34.7304 sec
Elapsed time for experts 13.6489 sec
Elapsed time for households 13.1861 sec
Iteration 249
Elapsed time for kappa 33.6733 sec
Elapsed time for experts 13.3597 sec
Elapsed time for households 11.7059 sec
Iteration 250
Elapsed time for kappa 33.4420 sec
Elapsed time for experts 12.6299 sec
Elapsed time for households 11.5387 sec
Iteration 251
Elapsed time for kappa 32.4800 sec
Elapsed time for experts 20.2719 sec
Elapsed time for households 13.8351 sec
Iteration 252
Elapsed time for kappa 34.5411 sec
Elapsed time for experts 13.8319 sec
Elapsed time for households 12.8542 sec
Iteration 253
Elapsed time for kappa 34.2012 sec
Elapsed time for experts 12.8250 sec
Elapsed time for households 11.4799 sec
Iteration 254
Elapsed time for kappa 33.3873 sec
Elapsed time for experts 13.3058 sec
Elapsed time for households 11.3765 sec
Iteration 255
Elapsed time for kappa 32.9068 sec
Elapsed time for experts 12.5746 sec
Elapsed time for households 11.2907 sec
Iteration 256
Elapsed time for kappa 32.4274 sec
Elapsed time for experts 12.6629 sec
Elapsed time for households 10.8749 sec
Iteration 257
Elapsed time for kappa 32.8925 sec
Elapsed time for experts 12.1304 sec
Elapsed time for households 18.9234 sec
Iteration 258
Elapsed time for kappa 34.5960 sec
Elapsed time for experts 12.8923 sec
Elapsed time for households 11.7172 sec
Iteration 259
Elapsed time for kappa 33.5220 sec
Elapsed time for experts 13.2196 sec
Elapsed time for households 11.3344 sec
Iteration 260
Elapsed time for kappa 33.3024 sec
Elapsed time for experts 13.0936 sec
Elapsed time for households 11.6237 sec
Iteration 261
Elapsed time for kappa 32.5512 sec
Elapsed time for experts 12.3805 sec
Elapsed time for households 11.5193 sec
Iteration 262
Elapsed time for kappa 32.1303 sec
Elapsed time for experts 12.7429 sec
Elapsed time for households 11.0257 sec
Iteration 263
Elapsed time for kappa 32.0297 sec
Elapsed time for experts 12.1220 sec
Elapsed time for households 18.8326 sec
Iteration 264
Elapsed time for kappa 34.0041 sec
Elapsed time for experts 13.0176 sec
Elapsed time for households 11.5939 sec
Iteration 265
Elapsed time for kappa 32.8478 sec
Elapsed time for experts 12.7304 sec
Elapsed time for households 11.6770 sec
Iteration 266
Elapsed time for kappa 32.9087 sec
Elapsed time for experts 13.4017 sec
Elapsed time for households 11.5348 sec
Iteration 267
Elapsed time for kappa 32.0867 sec
Elapsed time for experts 12.5896 sec
Elapsed time for households 11.3793 sec
Iteration 268
Elapsed time for kappa 31.6737 sec
Elapsed time for experts 12.9114 sec
Elapsed time for households 11.2427 sec
Iteration 269
Elapsed time for kappa 30.9240 sec
Elapsed time for experts 11.8562 sec
Elapsed time for households 10.1152 sec
Iteration 270
Elapsed time for kappa 40.3911 sec
Elapsed time for experts 18.0502 sec
Elapsed time for households 13.8231 sec
Iteration 271
Elapsed time for kappa 33.4088 sec
Elapsed time for experts 14.8929 sec
Elapsed time for households 11.6557 sec
Iteration 272
Elapsed time for kappa 31.2931 sec
Elapsed time for experts 11.9758 sec
Elapsed time for households 10.6910 sec
Iteration 273
Elapsed time for kappa 30.2793 sec
Elapsed time for experts 11.5817 sec
Elapsed time for households 10.3150 sec
Iteration 274
Elapsed time for kappa 29.8072 sec
Elapsed time for experts 11.4352 sec
Elapsed time for households 10.0038 sec
Iteration 275
Elapsed time for kappa 29.4030 sec
Elapsed time for experts 11.2279 sec
Elapsed time for households 10.0214 sec
Iteration 276
Elapsed time for kappa 37.4397 sec
Elapsed time for experts 12.3208 sec
Elapsed time for households 10.7355 sec
Iteration 277
Elapsed time for kappa 30.4203 sec
Elapsed time for experts 11.8520 sec
Elapsed time for households 10.6348 sec
Iteration 278
Elapsed time for kappa 30.3330 sec
Elapsed time for experts 11.6303 sec
Elapsed time for households 10.5339 sec
Iteration 279
Elapsed time for kappa 29.9686 sec
Elapsed time for experts 11.3230 sec
Elapsed time for households 10.3348 sec
Iteration 280
Elapsed time for kappa 29.5318 sec
Elapsed time for experts 11.0839 sec
Elapsed time for households 10.0784 sec
Iteration 281
Elapsed time for kappa 29.1345 sec
Elapsed time for experts 11.4099 sec
Elapsed time for households 16.6659 sec
Iteration 282
Elapsed time for kappa 30.8869 sec
Elapsed time for experts 11.8033 sec
Elapsed time for households 10.6920 sec
Iteration 283
Elapsed time for kappa 30.3815 sec
Elapsed time for experts 12.1221 sec
Elapsed time for households 10.7412 sec
Iteration 284
Elapsed time for kappa 30.0423 sec
Elapsed time for experts 11.8115 sec
Elapsed time for households 10.4285 sec
Iteration 285
Elapsed time for kappa 29.3839 sec
Elapsed time for experts 11.2846 sec
Elapsed time for households 10.3584 sec
Iteration 286
Elapsed time for kappa 28.7825 sec
Elapsed time for experts 11.5738 sec
Elapsed time for households 10.2694 sec
Iteration 287
Elapsed time for kappa 28.8179 sec
Elapsed time for experts 10.9591 sec
Elapsed time for households 9.9147 sec
Iteration 288
Elapsed time for kappa 37.4449 sec
Elapsed time for experts 12.4259 sec
Elapsed time for households 10.5325 sec
Iteration 289
Elapsed time for kappa 29.9013 sec
Elapsed time for experts 11.7890 sec
Elapsed time for households 10.4198 sec
Iteration 290
Elapsed time for kappa 30.0151 sec
Elapsed time for experts 11.4944 sec
Elapsed time for households 10.4119 sec
Iteration 291
Elapsed time for kappa 29.7509 sec
Elapsed time for experts 11.5546 sec
Elapsed time for households 10.2511 sec
Iteration 292
Elapsed time for kappa 29.2278 sec
Elapsed time for experts 12.2410 sec
Elapsed time for households 10.2222 sec
Iteration 293
Elapsed time for kappa 28.9067 sec
Elapsed time for experts 11.1763 sec
Elapsed time for households 16.3511 sec
Iteration 294
Elapsed time for kappa 30.4260 sec
Elapsed time for experts 11.5889 sec
Elapsed time for households 10.5056 sec
Iteration 295
Elapsed time for kappa 29.9361 sec
Elapsed time for experts 12.0137 sec
Elapsed time for households 10.3421 sec
Iteration 296
Elapsed time for kappa 29.7598 sec
Elapsed time for experts 11.5606 sec
Elapsed time for households 10.6095 sec
Iteration 297
Elapsed time for kappa 29.2609 sec
Elapsed time for experts 12.4016 sec
Elapsed time for households 10.1632 sec
Iteration 298
Elapsed time for kappa 28.8863 sec
Elapsed time for experts 11.0490 sec
Elapsed time for households 9.9845 sec
Iteration 299
Elapsed time for kappa 28.5433 sec
Elapsed time for experts 11.8698 sec
Elapsed time for households 9.8823 sec
Elapsed time for training 18587.8234 sec
