Iteration 0
Elapsed time for kappa 67.3490 sec
Elapsed time for experts 20.7527 sec
Elapsed time for households 17.0899 sec
Iteration 1
Elapsed time for kappa 34.1129 sec
Elapsed time for experts 20.4018 sec
Elapsed time for households 12.9215 sec
Iteration 2
Elapsed time for kappa 33.2191 sec
Elapsed time for experts 20.5974 sec
Elapsed time for households 18.9323 sec
Iteration 3
Elapsed time for kappa 34.7396 sec
Elapsed time for experts 14.1720 sec
Elapsed time for households 13.6743 sec
Iteration 4
Elapsed time for kappa 35.8319 sec
Elapsed time for experts 14.9438 sec
Elapsed time for households 13.0689 sec
Iteration 5
Elapsed time for kappa 34.6466 sec
Elapsed time for experts 14.9694 sec
Elapsed time for households 13.7801 sec
Iteration 6
Elapsed time for kappa 34.4890 sec
Elapsed time for experts 12.9769 sec
Elapsed time for households 11.6145 sec
Iteration 7
Elapsed time for kappa 34.6112 sec
Elapsed time for experts 14.9473 sec
Elapsed time for households 11.3892 sec
Iteration 8
Elapsed time for kappa 34.3594 sec
Elapsed time for experts 21.0519 sec
Elapsed time for households 11.7530 sec
Iteration 9
Elapsed time for kappa 34.4408 sec
Elapsed time for experts 13.1141 sec
Elapsed time for households 13.8867 sec
Iteration 10
Elapsed time for kappa 34.4805 sec
Elapsed time for experts 13.0129 sec
Elapsed time for households 13.5869 sec
Iteration 11
Elapsed time for kappa 34.2322 sec
Elapsed time for experts 13.4339 sec
Elapsed time for households 11.7776 sec
Iteration 12
Elapsed time for kappa 33.9614 sec
Elapsed time for experts 15.3538 sec
Elapsed time for households 12.1764 sec
Iteration 13
Elapsed time for kappa 34.0060 sec
Elapsed time for experts 14.9686 sec
Elapsed time for households 11.5740 sec
Iteration 14
Elapsed time for kappa 34.2924 sec
Elapsed time for experts 20.8329 sec
Elapsed time for households 13.0894 sec
Iteration 15
Elapsed time for kappa 34.9339 sec
Elapsed time for experts 13.9664 sec
Elapsed time for households 11.8592 sec
Iteration 16
Elapsed time for kappa 34.9388 sec
Elapsed time for experts 12.9088 sec
Elapsed time for households 11.1576 sec
Iteration 17
Elapsed time for kappa 34.5038 sec
Elapsed time for experts 12.9281 sec
Elapsed time for households 11.7256 sec
Iteration 18
Elapsed time for kappa 33.8700 sec
Elapsed time for experts 13.1290 sec
Elapsed time for households 11.3869 sec
Iteration 19
Elapsed time for kappa 34.1353 sec
Elapsed time for experts 12.7526 sec
Elapsed time for households 11.4027 sec
Iteration 20
Elapsed time for kappa 42.3779 sec
Elapsed time for experts 14.0443 sec
Elapsed time for households 12.4666 sec
Iteration 21
Elapsed time for kappa 34.8642 sec
Elapsed time for experts 13.5555 sec
Elapsed time for households 11.7519 sec
Iteration 22
Elapsed time for kappa 34.3078 sec
Elapsed time for experts 13.1478 sec
Elapsed time for households 11.9886 sec
Iteration 23
Elapsed time for kappa 34.2942 sec
Elapsed time for experts 13.0830 sec
Elapsed time for households 10.9641 sec
Iteration 24
Elapsed time for kappa 34.0289 sec
Elapsed time for experts 13.3626 sec
Elapsed time for households 11.3066 sec
Iteration 25
Elapsed time for kappa 33.7814 sec
Elapsed time for experts 13.3450 sec
Elapsed time for households 11.2807 sec
Iteration 26
Elapsed time for kappa 42.1122 sec
Elapsed time for experts 14.5683 sec
Elapsed time for households 12.0399 sec
Iteration 27
Elapsed time for kappa 34.2355 sec
Elapsed time for experts 13.0833 sec
Elapsed time for households 13.5861 sec
Iteration 28
Elapsed time for kappa 33.7127 sec
Elapsed time for experts 12.9284 sec
Elapsed time for households 13.5388 sec
Iteration 29
Elapsed time for kappa 33.7374 sec
Elapsed time for experts 13.8813 sec
Elapsed time for households 11.5127 sec
Iteration 30
Elapsed time for kappa 34.4733 sec
Elapsed time for experts 14.5295 sec
Elapsed time for households 11.3142 sec
Iteration 31
Elapsed time for kappa 34.4042 sec
Elapsed time for experts 14.8420 sec
Elapsed time for households 11.4489 sec
Iteration 32
Elapsed time for kappa 41.3711 sec
Elapsed time for experts 13.4157 sec
Elapsed time for households 11.8082 sec
Iteration 33
Elapsed time for kappa 34.2237 sec
Elapsed time for experts 13.4135 sec
Elapsed time for households 11.3323 sec
Iteration 34
Elapsed time for kappa 33.8092 sec
Elapsed time for experts 12.5531 sec
Elapsed time for households 11.1820 sec
Iteration 35
Elapsed time for kappa 33.5163 sec
Elapsed time for experts 12.7485 sec
Elapsed time for households 12.0723 sec
Iteration 36
Elapsed time for kappa 33.4970 sec
Elapsed time for experts 12.4190 sec
Elapsed time for households 11.1803 sec
Iteration 37
Elapsed time for kappa 34.3865 sec
Elapsed time for experts 12.8425 sec
Elapsed time for households 11.1039 sec
Iteration 38
Elapsed time for kappa 40.8831 sec
Elapsed time for experts 14.0604 sec
Elapsed time for households 11.7351 sec
Iteration 39
Elapsed time for kappa 34.0000 sec
Elapsed time for experts 13.0587 sec
Elapsed time for households 11.0742 sec
Iteration 40
Elapsed time for kappa 34.1343 sec
Elapsed time for experts 13.1561 sec
Elapsed time for households 11.7000 sec
Iteration 41
Elapsed time for kappa 33.4785 sec
Elapsed time for experts 12.9294 sec
Elapsed time for households 11.3124 sec
Iteration 42
Elapsed time for kappa 33.9748 sec
Elapsed time for experts 12.8135 sec
Elapsed time for households 11.1280 sec
Iteration 43
Elapsed time for kappa 34.2257 sec
Elapsed time for experts 12.9312 sec
Elapsed time for households 11.6653 sec
Iteration 44
Elapsed time for kappa 40.7017 sec
Elapsed time for experts 14.1931 sec
Elapsed time for households 11.4941 sec
Iteration 45
Elapsed time for kappa 33.6236 sec
Elapsed time for experts 13.4013 sec
Elapsed time for households 11.5323 sec
Iteration 46
Elapsed time for kappa 32.9319 sec
Elapsed time for experts 12.4056 sec
Elapsed time for households 11.3587 sec
Iteration 47
Elapsed time for kappa 33.3108 sec
Elapsed time for experts 12.6396 sec
Elapsed time for households 11.0554 sec
Iteration 48
Elapsed time for kappa 32.5944 sec
Elapsed time for experts 12.1852 sec
Elapsed time for households 12.6891 sec
Iteration 49
Elapsed time for kappa 34.2732 sec
Elapsed time for experts 12.7189 sec
Elapsed time for households 17.4693 sec
Iteration 50
Elapsed time for kappa 33.2623 sec
Elapsed time for experts 13.6679 sec
Elapsed time for households 11.3095 sec
Iteration 51
Elapsed time for kappa 33.2818 sec
Elapsed time for experts 12.5600 sec
Elapsed time for households 11.4815 sec
Iteration 52
Elapsed time for kappa 33.0192 sec
Elapsed time for experts 12.7031 sec
Elapsed time for households 11.3780 sec
Iteration 53
Elapsed time for kappa 33.0881 sec
Elapsed time for experts 12.3755 sec
Elapsed time for households 11.0566 sec
Iteration 54
Elapsed time for kappa 32.8712 sec
Elapsed time for experts 13.7187 sec
Elapsed time for households 11.5374 sec
Iteration 55
Elapsed time for kappa 33.7335 sec
Elapsed time for experts 13.1508 sec
Elapsed time for households 11.2463 sec
Iteration 56
Elapsed time for kappa 40.1308 sec
Elapsed time for experts 13.8141 sec
Elapsed time for households 11.8113 sec
Iteration 57
Elapsed time for kappa 32.9036 sec
Elapsed time for experts 12.7650 sec
Elapsed time for households 11.2996 sec
Iteration 58
Elapsed time for kappa 32.8170 sec
Elapsed time for experts 12.5120 sec
Elapsed time for households 11.4346 sec
Iteration 59
Elapsed time for kappa 32.3717 sec
Elapsed time for experts 12.4830 sec
Elapsed time for households 10.9321 sec
Iteration 60
Elapsed time for kappa 32.7072 sec
Elapsed time for experts 12.2194 sec
Elapsed time for households 11.3348 sec
Iteration 61
Elapsed time for kappa 32.2232 sec
Elapsed time for experts 17.8233 sec
Elapsed time for households 11.7886 sec
Iteration 62
Elapsed time for kappa 33.8082 sec
Elapsed time for experts 12.4614 sec
Elapsed time for households 11.1100 sec
Iteration 63
Elapsed time for kappa 32.3874 sec
Elapsed time for experts 12.3978 sec
Elapsed time for households 11.0807 sec
Iteration 64
Elapsed time for kappa 32.8288 sec
Elapsed time for experts 13.0286 sec
Elapsed time for households 11.4774 sec
Iteration 65
Elapsed time for kappa 31.9898 sec
Elapsed time for experts 12.3469 sec
Elapsed time for households 11.3058 sec
Iteration 66
Elapsed time for kappa 32.0902 sec
Elapsed time for experts 12.4285 sec
Elapsed time for households 11.2942 sec
Iteration 67
Elapsed time for kappa 33.3187 sec
Elapsed time for experts 19.4812 sec
Elapsed time for households 11.6991 sec
Iteration 68
Elapsed time for kappa 32.6766 sec
Elapsed time for experts 12.6603 sec
Elapsed time for households 11.0370 sec
Iteration 69
Elapsed time for kappa 31.6347 sec
Elapsed time for experts 12.9491 sec
Elapsed time for households 11.5699 sec
Iteration 70
Elapsed time for kappa 31.9369 sec
Elapsed time for experts 11.8333 sec
Elapsed time for households 10.6690 sec
Iteration 71
Elapsed time for kappa 31.6876 sec
Elapsed time for experts 12.4394 sec
Elapsed time for households 10.9548 sec
Iteration 72
Elapsed time for kappa 31.7916 sec
Elapsed time for experts 12.0060 sec
Elapsed time for households 10.9723 sec
Iteration 73
Elapsed time for kappa 32.7236 sec
Elapsed time for experts 19.4516 sec
Elapsed time for households 11.9395 sec
Iteration 74
Elapsed time for kappa 32.8810 sec
Elapsed time for experts 12.4790 sec
Elapsed time for households 11.3368 sec
Iteration 75
Elapsed time for kappa 32.0389 sec
Elapsed time for experts 12.0014 sec
Elapsed time for households 10.9293 sec
Iteration 76
Elapsed time for kappa 31.5206 sec
Elapsed time for experts 11.9058 sec
Elapsed time for households 10.9780 sec
Iteration 77
Elapsed time for kappa 31.8736 sec
Elapsed time for experts 12.4183 sec
Elapsed time for households 11.1002 sec
Iteration 78
Elapsed time for kappa 31.1139 sec
Elapsed time for experts 11.8269 sec
Elapsed time for households 10.7066 sec
Iteration 79
Elapsed time for kappa 31.9830 sec
Elapsed time for experts 18.8743 sec
Elapsed time for households 11.4256 sec
Iteration 80
Elapsed time for kappa 32.0221 sec
Elapsed time for experts 13.1930 sec
Elapsed time for households 11.0362 sec
Iteration 81
Elapsed time for kappa 31.8328 sec
Elapsed time for experts 12.5226 sec
Elapsed time for households 10.8869 sec
Iteration 82
Elapsed time for kappa 31.2655 sec
Elapsed time for experts 12.3758 sec
Elapsed time for households 10.5929 sec
Iteration 83
Elapsed time for kappa 31.4671 sec
Elapsed time for experts 11.7593 sec
Elapsed time for households 10.8521 sec
Iteration 84
Elapsed time for kappa 31.6449 sec
Elapsed time for experts 12.9989 sec
Elapsed time for households 10.5822 sec
Iteration 85
Elapsed time for kappa 38.8188 sec
Elapsed time for experts 13.4500 sec
Elapsed time for households 11.2567 sec
Iteration 86
Elapsed time for kappa 31.6777 sec
Elapsed time for experts 13.9465 sec
Elapsed time for households 11.5766 sec
Iteration 87
Elapsed time for kappa 31.1887 sec
Elapsed time for experts 12.3948 sec
Elapsed time for households 10.9074 sec
Iteration 88
Elapsed time for kappa 31.5781 sec
Elapsed time for experts 12.8528 sec
Elapsed time for households 10.9094 sec
Iteration 89
Elapsed time for kappa 31.4569 sec
Elapsed time for experts 12.0842 sec
Elapsed time for households 10.4110 sec
Iteration 90
Elapsed time for kappa 31.1541 sec
Elapsed time for experts 12.2917 sec
Elapsed time for households 11.0521 sec
Iteration 91
Elapsed time for kappa 38.5174 sec
Elapsed time for experts 13.2785 sec
Elapsed time for households 11.3028 sec
Iteration 92
Elapsed time for kappa 31.8828 sec
Elapsed time for experts 12.5655 sec
Elapsed time for households 10.7710 sec
Iteration 93
Elapsed time for kappa 31.1879 sec
Elapsed time for experts 11.8402 sec
Elapsed time for households 10.8020 sec
Iteration 94
Elapsed time for kappa 31.2198 sec
Elapsed time for experts 12.3844 sec
Elapsed time for households 11.2491 sec
Iteration 95
Elapsed time for kappa 30.4572 sec
Elapsed time for experts 11.7305 sec
Elapsed time for households 10.4745 sec
Iteration 96
Elapsed time for kappa 31.3312 sec
Elapsed time for experts 12.7243 sec
Elapsed time for households 10.9067 sec
Iteration 97
Elapsed time for kappa 38.4724 sec
Elapsed time for experts 13.0325 sec
Elapsed time for households 11.1123 sec
Iteration 98
Elapsed time for kappa 31.7271 sec
Elapsed time for experts 13.2489 sec
Elapsed time for households 11.3616 sec
Iteration 99
Elapsed time for kappa 31.0738 sec
Elapsed time for experts 12.6259 sec
Elapsed time for households 11.0909 sec
Iteration 100
Elapsed time for kappa 31.3860 sec
Elapsed time for experts 12.7733 sec
Elapsed time for households 10.8733 sec
Iteration 101
Elapsed time for kappa 30.7764 sec
Elapsed time for experts 12.4499 sec
Elapsed time for households 11.0736 sec
Iteration 102
Elapsed time for kappa 30.5839 sec
Elapsed time for experts 12.5670 sec
Elapsed time for households 10.9682 sec
Iteration 103
Elapsed time for kappa 38.5960 sec
Elapsed time for experts 13.4942 sec
Elapsed time for households 11.3686 sec
Iteration 104
Elapsed time for kappa 32.0160 sec
Elapsed time for experts 13.0242 sec
Elapsed time for households 11.3321 sec
Iteration 105
Elapsed time for kappa 31.3037 sec
Elapsed time for experts 12.0940 sec
Elapsed time for households 10.9066 sec
Iteration 106
Elapsed time for kappa 30.6624 sec
Elapsed time for experts 12.3027 sec
Elapsed time for households 11.3654 sec
Iteration 107
Elapsed time for kappa 31.0717 sec
Elapsed time for experts 12.5157 sec
Elapsed time for households 11.2542 sec
Iteration 108
Elapsed time for kappa 30.6662 sec
Elapsed time for experts 12.6679 sec
Elapsed time for households 11.1064 sec
Iteration 109
Elapsed time for kappa 38.4114 sec
Elapsed time for experts 13.3128 sec
Elapsed time for households 11.3956 sec
Iteration 110
Elapsed time for kappa 31.5219 sec
Elapsed time for experts 12.5901 sec
Elapsed time for households 11.6361 sec
Iteration 111
Elapsed time for kappa 31.6415 sec
Elapsed time for experts 11.9706 sec
Elapsed time for households 11.1968 sec
Iteration 112
Elapsed time for kappa 31.0390 sec
Elapsed time for experts 12.5127 sec
Elapsed time for households 10.6723 sec
Iteration 113
Elapsed time for kappa 30.6996 sec
Elapsed time for experts 12.1660 sec
Elapsed time for households 11.0066 sec
Iteration 114
Elapsed time for kappa 30.9424 sec
Elapsed time for experts 11.9330 sec
Elapsed time for households 10.6996 sec
Iteration 115
Elapsed time for kappa 38.6108 sec
Elapsed time for experts 13.7436 sec
Elapsed time for households 11.4419 sec
Iteration 116
Elapsed time for kappa 31.3704 sec
Elapsed time for experts 12.8268 sec
Elapsed time for households 11.5918 sec
Iteration 117
Elapsed time for kappa 32.1113 sec
Elapsed time for experts 12.4423 sec
Elapsed time for households 10.7693 sec
Iteration 118
Elapsed time for kappa 30.9313 sec
Elapsed time for experts 12.0449 sec
Elapsed time for households 11.3722 sec
Iteration 119
Elapsed time for kappa 30.5144 sec
Elapsed time for experts 12.5276 sec
Elapsed time for households 11.0591 sec
Iteration 120
Elapsed time for kappa 30.3106 sec
Elapsed time for experts 12.0605 sec
Elapsed time for households 17.0051 sec
Iteration 121
Elapsed time for kappa 32.3748 sec
Elapsed time for experts 12.2436 sec
Elapsed time for households 11.5561 sec
Iteration 122
Elapsed time for kappa 31.2558 sec
Elapsed time for experts 12.4697 sec
Elapsed time for households 11.5242 sec
Iteration 123
Elapsed time for kappa 31.2829 sec
Elapsed time for experts 12.2201 sec
Elapsed time for households 11.0274 sec
Iteration 124
Elapsed time for kappa 30.5567 sec
Elapsed time for experts 12.3335 sec
Elapsed time for households 10.9104 sec
Iteration 125
Elapsed time for kappa 31.5365 sec
Elapsed time for experts 11.7198 sec
Elapsed time for households 10.3939 sec
Iteration 126
Elapsed time for kappa 30.3296 sec
Elapsed time for experts 19.2965 sec
Elapsed time for households 11.8247 sec
Iteration 127
Elapsed time for kappa 32.3040 sec
Elapsed time for experts 12.4602 sec
Elapsed time for households 11.4946 sec
Iteration 128
Elapsed time for kappa 31.5070 sec
Elapsed time for experts 12.1756 sec
Elapsed time for households 10.9004 sec
Iteration 129
Elapsed time for kappa 31.8938 sec
Elapsed time for experts 12.8563 sec
Elapsed time for households 10.9391 sec
Iteration 130
Elapsed time for kappa 31.2344 sec
Elapsed time for experts 12.5225 sec
Elapsed time for households 10.6888 sec
Iteration 131
Elapsed time for kappa 31.1201 sec
Elapsed time for experts 11.9103 sec
Elapsed time for households 10.5924 sec
Iteration 132
Elapsed time for kappa 31.0446 sec
Elapsed time for experts 18.6882 sec
Elapsed time for households 11.7325 sec
Iteration 133
Elapsed time for kappa 32.2676 sec
Elapsed time for experts 12.8491 sec
Elapsed time for households 11.5236 sec
Iteration 134
Elapsed time for kappa 31.7890 sec
Elapsed time for experts 12.5055 sec
Elapsed time for households 10.7533 sec
Iteration 135
Elapsed time for kappa 31.2015 sec
Elapsed time for experts 12.3295 sec
Elapsed time for households 11.4382 sec
Iteration 136
Elapsed time for kappa 30.9220 sec
Elapsed time for experts 12.2747 sec
Elapsed time for households 10.9179 sec
Iteration 137
Elapsed time for kappa 30.9829 sec
Elapsed time for experts 13.2464 sec
Elapsed time for households 10.9793 sec
Iteration 138
Elapsed time for kappa 30.0524 sec
Elapsed time for experts 19.1736 sec
Elapsed time for households 11.3856 sec
Iteration 139
Elapsed time for kappa 32.7652 sec
Elapsed time for experts 13.2942 sec
Elapsed time for households 11.5612 sec
Iteration 140
Elapsed time for kappa 32.0496 sec
Elapsed time for experts 13.1795 sec
Elapsed time for households 11.0740 sec
Iteration 141
Elapsed time for kappa 31.1846 sec
Elapsed time for experts 12.8193 sec
Elapsed time for households 10.7077 sec
Iteration 142
Elapsed time for kappa 30.9171 sec
Elapsed time for experts 12.4068 sec
Elapsed time for households 10.4691 sec
Iteration 143
Elapsed time for kappa 30.7579 sec
Elapsed time for experts 12.2024 sec
Elapsed time for households 10.9546 sec
Iteration 144
Elapsed time for kappa 30.6387 sec
Elapsed time for experts 18.9852 sec
Elapsed time for households 11.3613 sec
Iteration 145
Elapsed time for kappa 32.4955 sec
Elapsed time for experts 12.9984 sec
Elapsed time for households 11.4284 sec
Iteration 146
Elapsed time for kappa 31.6140 sec
Elapsed time for experts 12.0893 sec
Elapsed time for households 11.2781 sec
Iteration 147
Elapsed time for kappa 31.5047 sec
Elapsed time for experts 12.4049 sec
Elapsed time for households 11.3463 sec
Iteration 148
Elapsed time for kappa 30.8535 sec
Elapsed time for experts 12.2623 sec
Elapsed time for households 11.2875 sec
Iteration 149
Elapsed time for kappa 30.3438 sec
Elapsed time for experts 12.2655 sec
Elapsed time for households 10.5993 sec
Iteration 150
Elapsed time for kappa 39.0213 sec
Elapsed time for experts 13.1701 sec
Elapsed time for households 11.5499 sec
Iteration 151
Elapsed time for kappa 32.2600 sec
Elapsed time for experts 13.6823 sec
Elapsed time for households 11.6571 sec
Iteration 152
Elapsed time for kappa 31.3826 sec
Elapsed time for experts 12.7209 sec
Elapsed time for households 10.9011 sec
Iteration 153
Elapsed time for kappa 30.7525 sec
Elapsed time for experts 11.9995 sec
Elapsed time for households 10.9286 sec
Iteration 154
Elapsed time for kappa 30.7864 sec
Elapsed time for experts 11.9363 sec
Elapsed time for households 10.8743 sec
Iteration 155
Elapsed time for kappa 30.8698 sec
Elapsed time for experts 12.1902 sec
Elapsed time for households 10.9883 sec
Iteration 156
Elapsed time for kappa 38.6429 sec
Elapsed time for experts 13.4341 sec
Elapsed time for households 11.4825 sec
Iteration 157
Elapsed time for kappa 31.6807 sec
Elapsed time for experts 12.8789 sec
Elapsed time for households 11.8786 sec
Iteration 158
Elapsed time for kappa 32.0874 sec
Elapsed time for experts 12.2635 sec
Elapsed time for households 10.9568 sec
Iteration 159
Elapsed time for kappa 31.1401 sec
Elapsed time for experts 12.5154 sec
Elapsed time for households 11.3667 sec
Iteration 160
Elapsed time for kappa 31.3306 sec
Elapsed time for experts 12.0886 sec
Elapsed time for households 10.7143 sec
Iteration 161
Elapsed time for kappa 30.5761 sec
Elapsed time for experts 12.3866 sec
Elapsed time for households 10.9840 sec
Iteration 162
Elapsed time for kappa 38.9485 sec
Elapsed time for experts 13.0607 sec
Elapsed time for households 11.5088 sec
Iteration 163
Elapsed time for kappa 32.0357 sec
Elapsed time for experts 12.6940 sec
Elapsed time for households 11.4876 sec
Iteration 164
Elapsed time for kappa 32.0358 sec
Elapsed time for experts 12.6726 sec
Elapsed time for households 10.9964 sec
Iteration 165
Elapsed time for kappa 30.9616 sec
Elapsed time for experts 12.4709 sec
Elapsed time for households 11.5115 sec
Iteration 166
Elapsed time for kappa 31.2196 sec
Elapsed time for experts 11.7568 sec
Elapsed time for households 10.9880 sec
Iteration 167
Elapsed time for kappa 30.2691 sec
Elapsed time for experts 12.0536 sec
Elapsed time for households 10.8664 sec
Iteration 168
Elapsed time for kappa 39.2375 sec
Elapsed time for experts 12.6739 sec
Elapsed time for households 11.4131 sec
Iteration 169
Elapsed time for kappa 32.8937 sec
Elapsed time for experts 12.7362 sec
Elapsed time for households 11.7043 sec
Iteration 170
Elapsed time for kappa 31.9064 sec
Elapsed time for experts 12.6812 sec
Elapsed time for households 11.6349 sec
Iteration 171
Elapsed time for kappa 31.2935 sec
Elapsed time for experts 12.3124 sec
Elapsed time for households 10.5026 sec
Iteration 172
Elapsed time for kappa 31.5389 sec
Elapsed time for experts 11.9530 sec
Elapsed time for households 10.5284 sec
Iteration 173
Elapsed time for kappa 30.8808 sec
Elapsed time for experts 12.2534 sec
Elapsed time for households 10.8127 sec
Iteration 174
Elapsed time for kappa 38.8154 sec
Elapsed time for experts 13.9010 sec
Elapsed time for households 11.4867 sec
Iteration 175
Elapsed time for kappa 32.3377 sec
Elapsed time for experts 12.8656 sec
Elapsed time for households 11.3702 sec
Iteration 176
Elapsed time for kappa 31.8631 sec
Elapsed time for experts 12.6632 sec
Elapsed time for households 11.2277 sec
Iteration 177
Elapsed time for kappa 31.7227 sec
Elapsed time for experts 12.7774 sec
Elapsed time for households 10.6779 sec
Iteration 178
Elapsed time for kappa 30.7063 sec
Elapsed time for experts 12.2088 sec
Elapsed time for households 10.9519 sec
Iteration 179
Elapsed time for kappa 30.9720 sec
Elapsed time for experts 12.1222 sec
Elapsed time for households 10.5743 sec
Iteration 180
Elapsed time for kappa 38.4327 sec
Elapsed time for experts 13.0003 sec
Elapsed time for households 11.4567 sec
Iteration 181
Elapsed time for kappa 32.6364 sec
Elapsed time for experts 12.2942 sec
Elapsed time for households 11.0670 sec
Iteration 182
Elapsed time for kappa 31.9316 sec
Elapsed time for experts 13.2595 sec
Elapsed time for households 11.3920 sec
Iteration 183
Elapsed time for kappa 31.1208 sec
Elapsed time for experts 12.3799 sec
Elapsed time for households 11.1439 sec
Iteration 184
Elapsed time for kappa 30.9706 sec
Elapsed time for experts 12.4777 sec
Elapsed time for households 11.1407 sec
Iteration 185
Elapsed time for kappa 31.2441 sec
Elapsed time for experts 12.0977 sec
Elapsed time for households 10.4148 sec
Iteration 186
Elapsed time for kappa 38.5564 sec
Elapsed time for experts 13.3058 sec
Elapsed time for households 11.4986 sec
Iteration 187
Elapsed time for kappa 32.3439 sec
Elapsed time for experts 12.6941 sec
Elapsed time for households 11.3329 sec
Iteration 188
Elapsed time for kappa 31.9401 sec
Elapsed time for experts 12.9351 sec
Elapsed time for households 11.0046 sec
Iteration 189
Elapsed time for kappa 30.9349 sec
Elapsed time for experts 12.1522 sec
Elapsed time for households 10.9333 sec
Iteration 190
Elapsed time for kappa 30.9181 sec
Elapsed time for experts 12.4940 sec
Elapsed time for households 11.5418 sec
Iteration 191
Elapsed time for kappa 30.4574 sec
Elapsed time for experts 19.3973 sec
Elapsed time for households 11.8724 sec
Iteration 192
Elapsed time for kappa 32.3883 sec
Elapsed time for experts 13.1860 sec
Elapsed time for households 11.6348 sec
Iteration 193
Elapsed time for kappa 31.7919 sec
Elapsed time for experts 12.3229 sec
Elapsed time for households 10.9108 sec
Iteration 194
Elapsed time for kappa 32.0291 sec
Elapsed time for experts 12.8385 sec
Elapsed time for households 11.2464 sec
Iteration 195
Elapsed time for kappa 30.9789 sec
Elapsed time for experts 12.0628 sec
Elapsed time for households 10.9129 sec
Iteration 196
Elapsed time for kappa 31.0441 sec
Elapsed time for experts 12.3533 sec
Elapsed time for households 11.1232 sec
Iteration 197
Elapsed time for kappa 30.2573 sec
Elapsed time for experts 12.2491 sec
Elapsed time for households 18.0938 sec
Iteration 198
Elapsed time for kappa 33.2070 sec
Elapsed time for experts 13.1086 sec
Elapsed time for households 11.1306 sec
Iteration 199
Elapsed time for kappa 32.7249 sec
Elapsed time for experts 12.6611 sec
Elapsed time for households 11.6919 sec
Iteration 200
Elapsed time for kappa 31.8363 sec
Elapsed time for experts 13.0331 sec
Elapsed time for households 10.9287 sec
Iteration 201
Elapsed time for kappa 31.3680 sec
Elapsed time for experts 12.2635 sec
Elapsed time for households 11.2098 sec
Iteration 202
Elapsed time for kappa 30.9691 sec
Elapsed time for experts 12.1785 sec
Elapsed time for households 10.8352 sec
Iteration 203
Elapsed time for kappa 30.5863 sec
Elapsed time for experts 12.0064 sec
Elapsed time for households 17.4531 sec
Iteration 204
Elapsed time for kappa 32.8666 sec
Elapsed time for experts 12.6986 sec
Elapsed time for households 11.0719 sec
Iteration 205
Elapsed time for kappa 32.0210 sec
Elapsed time for experts 12.4778 sec
Elapsed time for households 11.4224 sec
Iteration 206
Elapsed time for kappa 31.9518 sec
Elapsed time for experts 12.6436 sec
Elapsed time for households 11.1024 sec
Iteration 207
Elapsed time for kappa 31.9690 sec
Elapsed time for experts 12.6859 sec
Elapsed time for households 11.3463 sec
Iteration 208
Elapsed time for kappa 31.3323 sec
Elapsed time for experts 12.6446 sec
Elapsed time for households 10.8479 sec
Iteration 209
Elapsed time for kappa 30.8186 sec
Elapsed time for experts 12.6433 sec
Elapsed time for households 10.9242 sec
Iteration 210
Elapsed time for kappa 39.4919 sec
Elapsed time for experts 13.3619 sec
Elapsed time for households 11.7691 sec
Iteration 211
Elapsed time for kappa 32.2215 sec
Elapsed time for experts 12.3398 sec
Elapsed time for households 11.0037 sec
Iteration 212
Elapsed time for kappa 32.7032 sec
Elapsed time for experts 13.5405 sec
Elapsed time for households 11.6286 sec
Iteration 213
Elapsed time for kappa 31.3931 sec
Elapsed time for experts 12.5745 sec
Elapsed time for households 10.8840 sec
Iteration 214
Elapsed time for kappa 30.7668 sec
Elapsed time for experts 12.6180 sec
Elapsed time for households 11.4434 sec
Iteration 215
Elapsed time for kappa 30.8222 sec
Elapsed time for experts 11.9783 sec
Elapsed time for households 10.4679 sec
Iteration 216
Elapsed time for kappa 38.6755 sec
Elapsed time for experts 13.6406 sec
Elapsed time for households 11.6537 sec
Iteration 217
Elapsed time for kappa 32.3672 sec
Elapsed time for experts 12.5100 sec
Elapsed time for households 11.2141 sec
Iteration 218
Elapsed time for kappa 31.6512 sec
Elapsed time for experts 13.4811 sec
Elapsed time for households 11.6107 sec
Iteration 219
Elapsed time for kappa 31.3279 sec
Elapsed time for experts 13.0369 sec
Elapsed time for households 10.8731 sec
Iteration 220
Elapsed time for kappa 31.3540 sec
Elapsed time for experts 12.7746 sec
Elapsed time for households 10.7508 sec
Iteration 221
Elapsed time for kappa 30.5566 sec
Elapsed time for experts 18.3240 sec
Elapsed time for households 11.7404 sec
Iteration 222
Elapsed time for kappa 32.0575 sec
Elapsed time for experts 13.2445 sec
Elapsed time for households 11.3700 sec
Iteration 223
Elapsed time for kappa 32.5500 sec
Elapsed time for experts 12.4452 sec
Elapsed time for households 11.5494 sec
Iteration 224
Elapsed time for kappa 31.9345 sec
Elapsed time for experts 13.3329 sec
Elapsed time for households 11.3985 sec
Iteration 225
Elapsed time for kappa 31.3195 sec
Elapsed time for experts 12.1654 sec
Elapsed time for households 10.9499 sec
Iteration 226
Elapsed time for kappa 31.3615 sec
Elapsed time for experts 13.0616 sec
Elapsed time for households 10.8030 sec
Iteration 227
Elapsed time for kappa 30.0315 sec
Elapsed time for experts 11.5818 sec
Elapsed time for households 18.1209 sec
Iteration 228
Elapsed time for kappa 33.1356 sec
Elapsed time for experts 13.5731 sec
Elapsed time for households 11.1538 sec
Iteration 229
Elapsed time for kappa 32.5792 sec
Elapsed time for experts 13.1586 sec
Elapsed time for households 11.3216 sec
Iteration 230
Elapsed time for kappa 32.6058 sec
Elapsed time for experts 13.2555 sec
Elapsed time for households 11.5127 sec
Iteration 231
Elapsed time for kappa 31.2579 sec
Elapsed time for experts 13.6647 sec
Elapsed time for households 11.1789 sec
Iteration 232
Elapsed time for kappa 30.7991 sec
Elapsed time for experts 12.3668 sec
Elapsed time for households 10.9467 sec
Iteration 233
Elapsed time for kappa 30.3866 sec
Elapsed time for experts 11.6583 sec
Elapsed time for households 17.9606 sec
Iteration 234
Elapsed time for kappa 33.0332 sec
Elapsed time for experts 13.5806 sec
Elapsed time for households 11.2413 sec
Iteration 235
Elapsed time for kappa 32.2785 sec
Elapsed time for experts 12.7258 sec
Elapsed time for households 11.5618 sec
Iteration 236
Elapsed time for kappa 31.5135 sec
Elapsed time for experts 13.2666 sec
Elapsed time for households 11.1940 sec
Iteration 237
Elapsed time for kappa 31.1573 sec
Elapsed time for experts 12.9034 sec
Elapsed time for households 11.0023 sec
Iteration 238
Elapsed time for kappa 31.2150 sec
Elapsed time for experts 12.1942 sec
Elapsed time for households 10.8563 sec
Iteration 239
Elapsed time for kappa 30.5175 sec
Elapsed time for experts 12.1960 sec
Elapsed time for households 10.5149 sec
Iteration 240
Elapsed time for kappa 39.9247 sec
Elapsed time for experts 13.7618 sec
Elapsed time for households 11.6942 sec
Iteration 241
Elapsed time for kappa 32.0646 sec
Elapsed time for experts 12.3936 sec
Elapsed time for households 11.6766 sec
Iteration 242
Elapsed time for kappa 32.3290 sec
Elapsed time for experts 12.9237 sec
Elapsed time for households 11.1361 sec
Iteration 243
Elapsed time for kappa 31.8092 sec
Elapsed time for experts 12.9504 sec
Elapsed time for households 11.3278 sec
Iteration 244
Elapsed time for kappa 30.9791 sec
Elapsed time for experts 12.4379 sec
Elapsed time for households 11.4796 sec
Iteration 245
Elapsed time for kappa 31.1100 sec
Elapsed time for experts 12.3074 sec
Elapsed time for households 17.0539 sec
Iteration 246
Elapsed time for kappa 33.1367 sec
Elapsed time for experts 13.7100 sec
Elapsed time for households 11.8002 sec
Iteration 247
Elapsed time for kappa 32.9148 sec
Elapsed time for experts 12.5324 sec
Elapsed time for households 11.1311 sec
Iteration 248
Elapsed time for kappa 32.2447 sec
Elapsed time for experts 13.1712 sec
Elapsed time for households 11.6867 sec
Iteration 249
Elapsed time for kappa 31.2620 sec
Elapsed time for experts 12.5547 sec
Elapsed time for households 11.2867 sec
Iteration 250
Elapsed time for kappa 30.8751 sec
Elapsed time for experts 12.2273 sec
Elapsed time for households 10.7059 sec
Iteration 251
Elapsed time for kappa 31.3175 sec
Elapsed time for experts 12.5223 sec
Elapsed time for households 11.0561 sec
Iteration 252
Elapsed time for kappa 39.6599 sec
Elapsed time for experts 13.7840 sec
Elapsed time for households 11.6631 sec
Iteration 253
Elapsed time for kappa 32.5589 sec
Elapsed time for experts 12.9910 sec
Elapsed time for households 11.2062 sec
Iteration 254
Elapsed time for kappa 31.8119 sec
Elapsed time for experts 12.9231 sec
Elapsed time for households 11.4025 sec
Iteration 255
Elapsed time for kappa 32.1465 sec
Elapsed time for experts 12.1411 sec
Elapsed time for households 10.9422 sec
Iteration 256
Elapsed time for kappa 30.9193 sec
Elapsed time for experts 12.5196 sec
Elapsed time for households 11.2425 sec
Iteration 257
Elapsed time for kappa 30.6738 sec
Elapsed time for experts 12.8258 sec
Elapsed time for households 10.6982 sec
Iteration 258
Elapsed time for kappa 38.3767 sec
Elapsed time for experts 12.8881 sec
Elapsed time for households 12.1644 sec
Iteration 259
Elapsed time for kappa 32.5300 sec
Elapsed time for experts 12.8627 sec
Elapsed time for households 11.1942 sec
Iteration 260
Elapsed time for kappa 32.0914 sec
Elapsed time for experts 13.0116 sec
Elapsed time for households 11.5873 sec
Iteration 261
Elapsed time for kappa 31.9277 sec
Elapsed time for experts 13.0278 sec
Elapsed time for households 11.2701 sec
Iteration 262
Elapsed time for kappa 30.9061 sec
Elapsed time for experts 12.2558 sec
Elapsed time for households 10.8157 sec
Iteration 263
Elapsed time for kappa 30.6725 sec
Elapsed time for experts 18.9939 sec
Elapsed time for households 12.0001 sec
Iteration 264
Elapsed time for kappa 33.4820 sec
Elapsed time for experts 12.6448 sec
Elapsed time for households 11.3147 sec
Iteration 265
Elapsed time for kappa 32.5538 sec
Elapsed time for experts 12.4438 sec
Elapsed time for households 11.6691 sec
Iteration 266
Elapsed time for kappa 31.6622 sec
Elapsed time for experts 12.6869 sec
Elapsed time for households 11.6175 sec
Iteration 267
Elapsed time for kappa 31.2890 sec
Elapsed time for experts 11.9947 sec
Elapsed time for households 10.6961 sec
Iteration 268
Elapsed time for kappa 31.4527 sec
Elapsed time for experts 12.0094 sec
Elapsed time for households 10.9812 sec
Iteration 269
Elapsed time for kappa 30.6438 sec
Elapsed time for experts 12.1679 sec
Elapsed time for households 19.2691 sec
Iteration 270
Elapsed time for kappa 32.9733 sec
Elapsed time for experts 12.5449 sec
Elapsed time for households 11.3333 sec
Iteration 271
Elapsed time for kappa 32.5950 sec
Elapsed time for experts 12.5562 sec
Elapsed time for households 11.4074 sec
Iteration 272
Elapsed time for kappa 32.4171 sec
Elapsed time for experts 12.4486 sec
Elapsed time for households 10.9775 sec
Iteration 273
Elapsed time for kappa 31.9607 sec
Elapsed time for experts 12.7342 sec
Elapsed time for households 11.2725 sec
Iteration 274
Elapsed time for kappa 31.3050 sec
Elapsed time for experts 12.8571 sec
Elapsed time for households 10.8588 sec
Iteration 275
Elapsed time for kappa 30.7240 sec
Elapsed time for experts 13.5271 sec
Elapsed time for households 18.4996 sec
Iteration 276
Elapsed time for kappa 33.2115 sec
Elapsed time for experts 12.8709 sec
Elapsed time for households 11.5791 sec
Iteration 277
Elapsed time for kappa 31.9212 sec
Elapsed time for experts 13.0663 sec
Elapsed time for households 11.5906 sec
Iteration 278
Elapsed time for kappa 32.0896 sec
Elapsed time for experts 12.5582 sec
Elapsed time for households 11.4827 sec
Iteration 279
Elapsed time for kappa 31.5859 sec
Elapsed time for experts 12.3771 sec
Elapsed time for households 11.4467 sec
Iteration 280
Elapsed time for kappa 31.2157 sec
Elapsed time for experts 12.2366 sec
Elapsed time for households 11.3301 sec
Iteration 281
Elapsed time for kappa 30.7469 sec
Elapsed time for experts 12.8038 sec
Elapsed time for households 10.8281 sec
Iteration 282
Elapsed time for kappa 40.0043 sec
Elapsed time for experts 13.5038 sec
Elapsed time for households 11.3172 sec
Iteration 283
Elapsed time for kappa 32.1082 sec
Elapsed time for experts 13.1507 sec
Elapsed time for households 11.4154 sec
Iteration 284
Elapsed time for kappa 32.5021 sec
Elapsed time for experts 12.2422 sec
Elapsed time for households 11.3308 sec
Iteration 285
Elapsed time for kappa 32.3354 sec
Elapsed time for experts 12.7954 sec
Elapsed time for households 10.9498 sec
Iteration 286
Elapsed time for kappa 31.8710 sec
Elapsed time for experts 12.9226 sec
Elapsed time for households 11.2117 sec
Iteration 287
Elapsed time for kappa 31.1365 sec
Elapsed time for experts 11.8365 sec
Elapsed time for households 10.9799 sec
Iteration 288
Elapsed time for kappa 39.6831 sec
Elapsed time for experts 12.9877 sec
Elapsed time for households 11.5962 sec
Iteration 289
Elapsed time for kappa 32.5489 sec
Elapsed time for experts 12.6470 sec
Elapsed time for households 11.4938 sec
Iteration 290
Elapsed time for kappa 32.3011 sec
Elapsed time for experts 12.6925 sec
Elapsed time for households 11.2356 sec
Iteration 291
Elapsed time for kappa 32.0639 sec
Elapsed time for experts 12.2680 sec
Elapsed time for households 10.9763 sec
Iteration 292
Elapsed time for kappa 31.3720 sec
Elapsed time for experts 12.4366 sec
Elapsed time for households 10.6317 sec
Iteration 293
Elapsed time for kappa 30.9763 sec
Elapsed time for experts 12.1015 sec
Elapsed time for households 17.1141 sec
Iteration 294
Elapsed time for kappa 33.0953 sec
Elapsed time for experts 12.9168 sec
Elapsed time for households 11.6507 sec
Iteration 295
Elapsed time for kappa 32.2362 sec
Elapsed time for experts 12.8526 sec
Elapsed time for households 11.5211 sec
Iteration 296
Elapsed time for kappa 32.3698 sec
Elapsed time for experts 12.6989 sec
Elapsed time for households 11.6222 sec
Iteration 297
Elapsed time for kappa 31.9253 sec
Elapsed time for experts 12.2291 sec
Elapsed time for households 10.9332 sec
Iteration 298
Elapsed time for kappa 30.9815 sec
Elapsed time for experts 12.2551 sec
Elapsed time for households 10.8891 sec
Iteration 299
Elapsed time for kappa 31.0756 sec
Elapsed time for experts 12.2990 sec
Elapsed time for households 10.5385 sec
Elapsed time for training 17272.0084 sec
90000 90000 90000 90000
