2022-10-02 23:02:15.434741: I tensorflow/core/platform/cpu_feature_guard.cc:193] This TensorFlow binary is optimized with oneAPI Deep Neural Network Library (oneDNN) to use the following CPU instructions in performance-critical operations:  AVX2 AVX512F AVX512_VNNI FMA
To enable them in other operations, rebuild TensorFlow with the appropriate compiler flags.
2022-10-02 23:02:15.661996: I tensorflow/core/util/util.cc:169] oneDNN custom operations are on. You may see slightly different numerical results due to floating-point round-off errors from different computation orders. To turn them off, set the environment variable `TF_ENABLE_ONEDNN_OPTS=0`.
2022-10-02 23:02:15.696366: W tensorflow/stream_executor/platform/default/dso_loader.cc:64] Could not load dynamic library 'libcudart.so.11.0'; dlerror: libcudart.so.11.0: cannot open shared object file: No such file or directory; LD_LIBRARY_PATH: /software/python-anaconda-2022.05-el8-x86_64/lib:/software/cudnn-8.3.1-el8-x86_64/lib64
2022-10-02 23:02:15.696393: I tensorflow/stream_executor/cuda/cudart_stub.cc:29] Ignore above cudart dlerror if you do not have a GPU set up on your machine.
2022-10-02 23:02:15.732330: E tensorflow/stream_executor/cuda/cuda_blas.cc:2981] Unable to register cuBLAS factory: Attempting to register factory for plugin cuBLAS when one has already been registered
2022-10-02 23:02:17.307169: W tensorflow/stream_executor/platform/default/dso_loader.cc:64] Could not load dynamic library 'libnvinfer.so.7'; dlerror: libnvinfer.so.7: cannot open shared object file: No such file or directory; LD_LIBRARY_PATH: /software/python-anaconda-2022.05-el8-x86_64/lib:/software/cudnn-8.3.1-el8-x86_64/lib64
2022-10-02 23:02:17.307296: W tensorflow/stream_executor/platform/default/dso_loader.cc:64] Could not load dynamic library 'libnvinfer_plugin.so.7'; dlerror: libnvinfer_plugin.so.7: cannot open shared object file: No such file or directory; LD_LIBRARY_PATH: /software/python-anaconda-2022.05-el8-x86_64/lib:/software/cudnn-8.3.1-el8-x86_64/lib64
2022-10-02 23:02:17.307318: W tensorflow/compiler/tf2tensorrt/utils/py_utils.cc:38] TF-TRT Warning: Cannot dlopen some TensorRT libraries. If you would like to use Nvidia GPU with TensorRT, please make sure the missing libraries mentioned above are installed properly.
2022-10-02 23:02:23.072008: W tensorflow/stream_executor/platform/default/dso_loader.cc:64] Could not load dynamic library 'libcuda.so.1'; dlerror: libcuda.so.1: cannot open shared object file: No such file or directory; LD_LIBRARY_PATH: /software/python-anaconda-2022.05-el8-x86_64/lib:/software/cudnn-8.3.1-el8-x86_64/lib64
2022-10-02 23:02:23.072066: W tensorflow/stream_executor/cuda/cuda_driver.cc:263] failed call to cuInit: UNKNOWN ERROR (303)
2022-10-02 23:02:23.072090: I tensorflow/stream_executor/cuda/cuda_diagnostics.cc:156] kernel driver does not appear to be running on this host (midway3-0184.rcc.local): /proc/driver/nvidia/version does not exist
2022-10-02 23:02:23.072760: I tensorflow/core/platform/cpu_feature_guard.cc:193] This TensorFlow binary is optimized with oneAPI Deep Neural Network Library (oneDNN) to use the following CPU instructions in performance-critical operations:  AVX2 AVX512F AVX512_VNNI FMA
To enable them in other operations, rebuild TensorFlow with the appropriate compiler flags.
2022-10-02 23:03:00.954481: W tensorflow/core/common_runtime/forward_type_inference.cc:332] Type inference failed. This indicates an invalid graph that escaped type checking. Error message: INVALID_ARGUMENT: expected compatible input types, but input 1:
type_id: TFT_OPTIONAL
args {
  type_id: TFT_PRODUCT
  args {
    type_id: TFT_TENSOR
    args {
      type_id: TFT_BOOL
    }
  }
}
 is neither a subtype nor a supertype of the combined inputs preceding it:
type_id: TFT_OPTIONAL
args {
  type_id: TFT_PRODUCT
  args {
    type_id: TFT_TENSOR
    args {
      type_id: TFT_DOUBLE
    }
  }
}

	while inferring type of node 'StatefulPartitionedCall_1/StatefulPartitionedCall/cond_1_259/output/_29750'
Iter: 1 loss: 0.1187011485333888
Iter: 2 loss: 1.8173579484925482e-05
Iter: 3 loss: 1.8160515784377952e-05
Iter: 4 loss: 1.8108429593479622e-05
Iter: 5 loss: 1.7902759447186974e-05
Iter: 6 loss: 1.7121427295501141e-05
Iter: 7 loss: 1.1575119420214321e-05
Iter: 8 loss: 1.0059613250292893e-05
Iter: 9 loss: 9.1856545881271151e-06
22368.169263590193
Iter: 1 loss: 6155.3659576374093
19974.119349018205
Iter: 2 loss: 1440.3840174540665
19332.361356364268
Iter: 3 loss: 1086.3761270268153
18980.8762409916
Iter: 4 loss: 1136.8335231580402
18528.835900823931
Iter: 5 loss: 763.94635880998567
18037.092361075214
Iter: 6 loss: 623.49757677069329
15053.064377857112
Iter: 7 loss: 132.28046714993991
14451.387096365328
Iter: 8 loss: 102.29507880376764
14138.307523801939
Iter: 9 loss: 86.902766566737782
14045.23944621888
Iter: 10 loss: 72.517842587664276
14160.328233397995
Iter: 11 loss: 57.653096349908324
14105.654955931241
Iter: 12 loss: 50.965328053244896
13864.773331771921
Iter: 13 loss: 44.434888503642014
13045.11402975187
Iter: 14 loss: 39.581598493098269
13105.407827922012
Iter: 15 loss: 34.793309203559346
12629.216004055881
Iter: 16 loss: 32.796084388225964
12099.951468998919
Iter: 17 loss: 32.474624031915369
12380.444548869844
Iter: 18 loss: 32.094442960337304
12221.259456088326
Iter: 19 loss: 31.308993888873367
11628.871567544342
Iter: 20 loss: 26.524172450631454
11874.204536005171
Iter: 21 loss: 35.079427942544022
11660.061785448434
Iter: 22 loss: 24.289490577707145
12004.200269067842
Iter: 23 loss: 22.902570281913981
12108.102648804381
Iter: 24 loss: 21.608931979455566
12049.126250776771
Iter: 25 loss: 21.144767323721744
12263.511081388577
Iter: 26 loss: 18.255005392935619
12578.156486414959
Iter: 27 loss: 16.8599423892395
12822.006493728255
Iter: 28 loss: 16.1524695291535
13053.870044188317
Iter: 29 loss: 16.08496187894535
13019.935001161186
Iter: 30 loss: 16.040071102966159
13012.821127225759
Iter: 31 loss: 16.023397967758477
12994.088847044406
Iter: 32 loss: 15.972848701659096
13009.615034360124
Iter: 33 loss: 15.965751450070169
13014.745009178878
Iter: 34 loss: 15.961114700771095
27367.25303632519
Iter: 1 loss: 361.59661311575263
13330.860142470148
Iter: 2 loss: 72.82619470484731
16593.356807714932
Iter: 3 loss: 1936.1945072308843
22166.44163417547
Iter: 4 loss: 285.82074744780994
25808.57688111121
Iter: 5 loss: 477.84376793113171
26740.662813692605
Iter: 6 loss: 887.52556840259751
12732.618018705052
Iter: 7 loss: 61761.40542861139
26295.346613418526
Iter: 8 loss: 499.63120426044463
4301.5604392778041
Iter: 9 loss: 50089.999057564462
27370.301501285707
Iter: 10 loss: 360.13525544516256
27557.341306332273
Iter: 11 loss: 277.5155843109107
27616.694246099371
Iter: 12 loss: 251.59356599835485
27644.155761050606
Iter: 13 loss: 233.91761686540406
27640.88787314561
Iter: 14 loss: 229.60865266497936
27642.361349644263
Iter: 15 loss: 228.14641623716085
27657.046404100111
Iter: 16 loss: 225.01456626938
27703.21083004152
Iter: 17 loss: 218.6546350640923
27791.694547165353
Iter: 18 loss: 209.22054632136576
27736.725261336866
Iter: 19 loss: 263.97318247023759
27819.893173514552
Iter: 20 loss: 207.67196972796745
27913.179885833462
Iter: 21 loss: 198.92976224026856
28013.257699399692
Iter: 22 loss: 191.56472577028029
28092.448698805623
Iter: 23 loss: 186.21966588650125
28154.296920872
Iter: 24 loss: 181.27261524158337
28164.20722598338
Iter: 25 loss: 177.24664970206152
28085.139473782383
Iter: 26 loss: 176.60944555750274
28136.527129232556
Iter: 27 loss: 176.38138323612537
28109.312469977289
Iter: 28 loss: 176.16360721952574
28101.317750654627
Iter: 29 loss: 175.90951627520533
28068.144738404932
Iter: 30 loss: 174.98707695772242
27788.626181240088
Iter: 31 loss: 169.77180263645678
27822.614605142873
Iter: 32 loss: 167.89742248444293
27752.838703692654
Iter: 33 loss: 165.84264548107978
27743.611418794677
Iter: 34 loss: 165.71482010583571
27732.210557052545
Iter: 35 loss: 165.70396032879404
27702.540738953
Iter: 36 loss: 165.03090527677034
27577.365303784565
Iter: 37 loss: 162.69240821885981
26925.903097212038
Iter: 38 loss: 166.00272531181668
27320.813859243954
Iter: 39 loss: 160.04857609950545
27164.991333999467
Iter: 40 loss: 158.11541022450359
27033.862144935465
Iter: 41 loss: 155.30222269258309
26353.105412778335
Iter: 42 loss: 158.05275192800622
26762.573871144872
Iter: 43 loss: 153.09027940798802
26472.348781584518
Iter: 44 loss: 149.88558284379553
26367.386777352163
Iter: 45 loss: 145.25713606737133
25847.078529053339
Iter: 46 loss: 143.84550732416096
26173.211247440995
Iter: 47 loss: 142.22471770854719
Iter: 1 loss: 9.8758878941789409e-06
Iter: 2 loss: 9.5105176744577461e-06
13778.692438208447
Iter: 1 loss: 803.56492924147494
-26989.906759438163
Iter: 2 loss: 216006.25590712464
13161.070027299138
Iter: 3 loss: 312.50160433665491
12662.238093784148
Iter: 4 loss: 84.006693180315125
12370.94730539267
Iter: 5 loss: 21.480853299379731
12294.562955142399
Iter: 6 loss: 14.942153411099788
12297.332199875687
Iter: 7 loss: 14.425224058938131
12312.004513579977
Iter: 8 loss: 14.313527259942607
12317.033055965509
Iter: 9 loss: 14.302821835565222
12321.733184012095
Iter: 10 loss: 14.293522243701752
12335.166394131671
Iter: 11 loss: 14.265272010438068
12358.618510945689
Iter: 12 loss: 14.211674466388413
12386.884760605029
Iter: 13 loss: 14.125811782976594
12367.576050536811
Iter: 14 loss: 13.987398871179348
12318.284109320613
Iter: 15 loss: 15.05994536304498
12346.512653620393
Iter: 16 loss: 13.915903767858774
12217.27433460443
Iter: 17 loss: 13.81091711875232
12278.583987728849
Iter: 18 loss: 13.785239958527789
12040.476649801438
Iter: 19 loss: 13.477860640075647
11865.623059221678
Iter: 20 loss: 13.545211915932191
11964.414975730058
Iter: 21 loss: 13.37410447715259
11882.55304167445
Iter: 22 loss: 13.274024938400903
11564.670216271286
Iter: 23 loss: 13.84820256250428
11761.930410701763
Iter: 24 loss: 13.135380552612002
11637.641377218064
Iter: 25 loss: 13.023426824125249
11587.644068805977
Iter: 26 loss: 12.990246309813644
11385.723482135341
Iter: 27 loss: 13.010665272969131
11489.814293440002
Iter: 28 loss: 12.95493254845309
11410.38601311813
Iter: 29 loss: 12.875224522181016
11334.491557315563
Iter: 30 loss: 12.774833943969316
11389.835542071043
Iter: 31 loss: 12.580394794902233
11373.059363455261
Iter: 32 loss: 12.9738835029391
11385.296815175732
Iter: 33 loss: 12.571279391496887
11373.64057592021
Iter: 34 loss: 12.554739938752496
11327.694110201073
Iter: 35 loss: 12.520620532328108
11275.566193543817
Iter: 36 loss: 12.476754117057169
11157.370861447387
Iter: 37 loss: 12.465767031181095
11226.228223845003
Iter: 38 loss: 12.452795496040418
11071.00802700615
Iter: 39 loss: 12.402904400668673
7184.8743407036518
Iter: 1 loss: 96405.1516111308
3862507.3732892727
Iter: 2 loss: 1563347.5543944915
1154501.30230171
Iter: 3 loss: 148240.58164109275
-360086900.76887423
Iter: 4 loss: 31678128841697.867
7184.88193696935
Iter: 5 loss: 96405.0779909026
7186.23895173686
Iter: 6 loss: 96391.926752253668
57541.56020268087
Iter: 7 loss: 834.3623440820777
35370.184174022288
Iter: 8 loss: 99.89531351575576
27715.525053625024
Iter: 9 loss: 393.14159902221758
27764.289447338739
Iter: 10 loss: 374.6992745330615
27932.740724208237
Iter: 11 loss: 316.89164987456917
28190.187882366889
Iter: 12 loss: 243.19612823026051
28412.33396052412
Iter: 13 loss: 190.20288664319622
28605.85389301605
Iter: 14 loss: 150.38143250444523
28738.162250531062
Iter: 15 loss: 126.57744195345884
28808.743694698838
Iter: 16 loss: 115.46606562346982
28832.561274708176
Iter: 17 loss: 112.5689368434562
28839.259069220512
Iter: 18 loss: 112.14579830218187
28847.157803208902
Iter: 19 loss: 111.72450429944246
28871.274457075491
Iter: 20 loss: 110.37156739368446
28914.681647930116
Iter: 21 loss: 107.40417923574202
28980.758094254714
Iter: 22 loss: 100.39569795259629
28837.455028458084
Iter: 23 loss: 103.18544525007144
28974.537551037567
Iter: 24 loss: 97.687424052422074
28958.426939379653
Iter: 25 loss: 96.860608759296269
28987.303083312094
Iter: 26 loss: 94.632392711561607
29170.994367081476
Iter: 27 loss: 83.575458554190263
29258.420049857363
Iter: 28 loss: 78.037600630153065
29312.713377149048
Iter: 29 loss: 73.966399099962473
29316.212470521903
Iter: 30 loss: 72.141691786194372
29290.250890276802
Iter: 31 loss: 71.741583850400161
29277.698471576448
Iter: 32 loss: 71.687076611141237
29155.877820438825
Iter: 33 loss: 71.276215296082171
28961.285742060078
Iter: 34 loss: 70.843290361836267
28848.004840311063
Iter: 35 loss: 70.439872040668348
28571.285705631381
Iter: 36 loss: 69.400038300082073
28053.736469336982
Iter: 37 loss: 68.29533005517996
26817.866683744462
Iter: 38 loss: 67.202379398009839
27446.582326876603
Iter: 39 loss: 67.034929159090808
26508.418798553903
Iter: 40 loss: 66.148230531860889
26782.19705172618
Iter: 41 loss: 64.062587547753864
Iter: 1 loss: 1.2517625813060846e-05
10507.40140612383
Iter: 1 loss: 31.837279949982786
87689.731129137683
Iter: 2 loss: 1496122.0260311035
10519.041611759723
Iter: 3 loss: 31.558560107257833
10678.03796123688
Iter: 4 loss: 29.613198552068912
10754.150550464532
Iter: 5 loss: 27.142435952539429
11422.060630726624
Iter: 6 loss: 15.510137417015041
11492.035614553373
Iter: 7 loss: 13.897342418063589
11501.292044442924
Iter: 8 loss: 12.528664870492928
11514.845117635619
Iter: 9 loss: 12.106218864631472
11507.496434929724
Iter: 10 loss: 11.938837498570068
11483.252490613078
Iter: 11 loss: 11.847734663561162
11418.899638822126
Iter: 12 loss: 11.716342889456332
11253.970834474658
Iter: 13 loss: 11.466998947860059
10893.24093236394
Iter: 14 loss: 11.113417693688376
10692.467637440528
Iter: 15 loss: 10.819126669234327
10678.400490191867
Iter: 16 loss: 10.800116518283991
10647.779235534959
Iter: 17 loss: 10.705608607110756
10623.548135215198
Iter: 18 loss: 10.67034247401558
10504.399088654765
Iter: 19 loss: 10.50973368286466
10297.627504673643
Iter: 20 loss: 10.277483817385875
9970.815349287659
Iter: 21 loss: 9.973018369119961
9779.7877423652862
Iter: 22 loss: 9.7793653124130238
9664.28546902868
Iter: 23 loss: 9.7308353879393152
9666.6157703500066
Iter: 24 loss: 9.7131350049173051
9689.2495418059571
Iter: 25 loss: 9.7119851853141625
9706.8180410433033
Iter: 26 loss: 9.7099098455997
9751.0219277141314
Iter: 27 loss: 9.6962283239477358
9777.1904537032678
Iter: 28 loss: 9.6220838903092432
9595.922580518949
Iter: 29 loss: 9.33640081771676
9150.9569631046452
Iter: 30 loss: 9.0813337968829018
8070.2069636586912
Iter: 31 loss: 8.82293495628377
8327.9441929448349
Iter: 32 loss: 8.7336702562711
8154.0090222855924
Iter: 33 loss: 8.6229826946439445
25923.182174663867
Iter: 1 loss: 157.81197978427747
258329.55137146212
Iter: 2 loss: 4304.7680475951456
62782.210465221855
Iter: 3 loss: 292.26248197342329
35281.4832006175
Iter: 4 loss: 90.293904247286434
34884.374938094406
Iter: 5 loss: 87.985209796328434
32258.9325470494
Iter: 6 loss: 94.173980787172056
33692.194895142369
Iter: 7 loss: 82.166016285951684
24002.442036935328
Iter: 8 loss: 325.4681901763467
33684.715028601822
Iter: 9 loss: 82.131399335417342
33559.509287618392
Iter: 10 loss: 81.557755918918176
28786.112276924465
Iter: 11 loss: 62.341762381812721
28781.661143680994
Iter: 12 loss: 62.271774712328593
28645.579735896863
Iter: 13 loss: 60.979665837889719
26274.154088298797
Iter: 14 loss: 240.728267125405
28014.329106226229
Iter: 15 loss: 59.055689941957169
20666.028691319167
Iter: 16 loss: 43.902271674884489
27702.300925427167
Iter: 17 loss: 57.903974938452116
12630.047420688006
Iter: 18 loss: 21597.137966419625
20666.162823382168
Iter: 19 loss: 43.893564752011486
20668.127431793444
Iter: 20 loss: 43.766749979785288
20053.596714155145
Iter: 21 loss: 272.59333951880961
20690.336088812765
Iter: 22 loss: 42.425537697839786
20761.526068466192
Iter: 23 loss: 39.257356346595387
-6708.0672047328553
Iter: 24 loss: 179412.85272271725
20761.526068466192
Iter: 25 loss: 39.2573563465954
27020.409365531064
Iter: 26 loss: 53.791568445012288
21860.820754830835
Iter: 27 loss: 129.13638175235968
-40425.435501819047
Iter: 28 loss: 709265.48899774952
20761.526193471404
Iter: 29 loss: 39.257352142929165
20761.526892028975
Iter: 30 loss: 39.257328651988864
19727.722737883854
Iter: 31 loss: 386.21660705412131
20847.380373179025
Iter: 32 loss: 38.949924764557039
20810.439550214287
Iter: 33 loss: 37.734887532795824
20797.826926842834
Iter: 34 loss: 37.615401163480186
20779.299654109327
Iter: 35 loss: 37.457807737443517
20746.5038592321
Iter: 36 loss: 37.205704953849391
19940.741036379139
Iter: 37 loss: 34.141955224589424
17492.09379372446
Iter: 38 loss: 40.259990342001345
18945.720025175109
Iter: 39 loss: 31.602754201809262
17913.379720966012
Iter: 40 loss: 31.990280281759389
18464.693581262283
Iter: 41 loss: 30.993294799605135
18233.091001731649
Iter: 42 loss: 30.235435499706963
17910.051787969835
Iter: 43 loss: 29.080801824538728
17377.659527935284
Iter: 44 loss: 28.97139231737475
17654.677706707476
Iter: 45 loss: 28.817118349326467
17383.053835681691
Iter: 46 loss: 28.622466238469997
16701.391313847831
Iter: 47 loss: 28.684575238673677
17053.957036891788
Iter: 48 loss: 28.369257677509395
16900.968807295707
Iter: 49 loss: 27.650956492929851
11472.246597646998
Iter: 50 loss: 919.83179052813614
15868.169611266345
Iter: 51 loss: 24.794203529659747
14428.750079191912
Iter: 52 loss: 28.84900867675838
15350.428972968317
Iter: 53 loss: 23.770273403301161
15134.700435460021
Iter: 54 loss: 21.59848579909772
14887.959627994989
Iter: 55 loss: 20.852616680310941
14276.962843573276
Iter: 56 loss: 18.977621804791227
13874.321198996082
Iter: 57 loss: 18.272514017435768
12209.589607230377
Iter: 58 loss: 15.204291632816735
11723.042380401519
Iter: 59 loss: 14.750992323460945
11425.156305697968
Iter: 60 loss: 13.694558575676162
11045.256372892294
Iter: 61 loss: 13.407265514238084
10862.191024709591
Iter: 62 loss: 13.104668084128946
Iter: 1 loss: 0.00012650392612666107
1903.1817161867843
Iter: 1 loss: 2.7731101912586453
7501.7066727462588
Iter: 2 loss: 26.606141363470648
28986.811523376186
Iter: 3 loss: 117114.37579722995
1903.5597476850903
Iter: 4 loss: 2.7723805449185503
1905.3293789539016
Iter: 5 loss: 2.7689725110628656
4094.405701982987
Iter: 6 loss: 4.1696251374262117
2772.4457671245091
Iter: 7 loss: 2.2538609625184938
2689.3486971345019
Iter: 8 loss: 2.1309915484746123
2079.8960418648944
Iter: 9 loss: 2.2053496343537642
2423.9060673422264
Iter: 10 loss: 1.8059007582197024
2446.1097971131521
Iter: 11 loss: 1.7184733708758859
2580.2441903254394
Iter: 12 loss: 1.5804330141986216
2453.4101994199341
Iter: 13 loss: 3.1382721046970854
2640.0444427363127
Iter: 14 loss: 1.4368854777757183
2265.6283006236845
Iter: 15 loss: 13.973309535122679
1857.1483762729097
Iter: 16 loss: 233.26956815147503
2640.063452631005
Iter: 17 loss: 1.4368668601483836
2686.3587322938984
Iter: 18 loss: 2.0580556064829496
2642.2455978607168
Iter: 19 loss: 1.43475656854894
2698.8159009415676
Iter: 20 loss: 1.4648494444808478
2651.3048214518894
Iter: 21 loss: 1.4266537582321424
2658.3303946676697
Iter: 22 loss: 1.4213105271126496
2682.3115265489778
Iter: 23 loss: 1.4160896796143025
2684.1279444714505
Iter: 24 loss: 1.4173566537695352
2682.3115265489778
Iter: 25 loss: 1.4160896796143045
2002.5095951669421
Iter: 26 loss: 38.739548076852756
2800.3382146859221
Iter: 27 loss: 2.1477760397324652
2685.8558838730751
Iter: 28 loss: 1.418544185754272
2682.8638577551992
Iter: 29 loss: 1.4163860455170383
2682.4021575224451
Iter: 30 loss: 1.4161363379541427
2682.3265127974387
Iter: 31 loss: 1.4160973421550189
2682.3140077018229
Iter: 32 loss: 1.416090946802665
2682.3119374185785
Iter: 33 loss: 1.4160898894165912
2682.3115945897753
Iter: 34 loss: 1.4160897143568651
2682.3115378167208
Iter: 35 loss: 1.4160896853677918
2682.3115284149444
Iter: 36 loss: 1.4160896805671046
2682.3115268579872
Iter: 37 loss: 1.4160896797720857
2682.3115266001441
Iter: 38 loss: 1.4160896796404692
2682.3115265574461
Iter: 39 loss: 1.4160896796186475
2682.3115265503811
Iter: 40 loss: 1.4160896796150095
2682.3115265492074
Iter: 41 loss: 1.4160896796144362
2682.3115265490133
Iter: 42 loss: 1.4160896796143347
2682.3115265489819
Iter: 43 loss: 1.416089679614311
2682.3115265489778
Iter: 44 loss: 1.4160896796143057
2682.3115265489773
Iter: 45 loss: 1.4160896796143057
2682.3115265489778
Iter: 46 loss: 1.4160896796143048
2682.3115265489778
Iter: 47 loss: 1.4160896796143025
2682.3115265489778
Iter: 48 loss: 1.416089679614305
2682.3115265489778
Iter: 49 loss: 1.4160896796143041
9953.510834792145
Iter: 1 loss: 417.88955210361252
5217.5969500931114
Iter: 2 loss: 77.127752434768126
1522.0134989521855
Iter: 3 loss: 1.9446826697427153
4418.7401148689714
Iter: 4 loss: 2.0071041006482151
8852.3704016304819
Iter: 5 loss: 122.80623784699038
8091.6709824002864
Iter: 6 loss: 5.8077974141933
8091.6025714035623
Iter: 7 loss: 5.8077034787573751
8091.3289086484583
Iter: 8 loss: 5.8073278099282533
8090.23395729931
Iter: 9 loss: 5.8058263005945356
8085.8493428800411
Iter: 10 loss: 5.7998388878212772
8068.2333488345794
Iter: 11 loss: 5.77618790059278
8001.966464153611
Iter: 12 loss: 5.6882906602372447
4446.3547174450141
Iter: 13 loss: 1850.988995548224
8001.9650359783054
Iter: 14 loss: 5.6882889563398
8001.9562460466868
Iter: 15 loss: 5.6882784695508537
2186.2800405535281
Iter: 16 loss: 7226.3601961844215
7868.6118368338111
Iter: 17 loss: 5.5750000452504551
7824.9921086083405
Iter: 18 loss: 5.5703148777686549
7823.2861746776171
Iter: 19 loss: 5.548677884198848
7708.162193623446
Iter: 20 loss: 5.383118409732031
7188.0406316041408
Iter: 21 loss: 4.8154030925444395
5331.3791784235927
Iter: 22 loss: 23.751819977442377
6581.7067277325741
Iter: 23 loss: 4.3048576431068168
6331.0515886981711
Iter: 24 loss: 4.3384231288064665
6467.7633444341427
Iter: 25 loss: 4.2644279939487806
6298.848964493598
Iter: 26 loss: 4.0777699073557114
6145.5143496591463
Iter: 27 loss: 3.8807763270161244
5943.4020617115566
Iter: 28 loss: 3.7461089630554145
5835.98734596657
Iter: 29 loss: 3.5843000266318183
5666.0390355468335
Iter: 30 loss: 3.52562306005466
5641.9996561653816
Iter: 31 loss: 3.4872433035616206
5572.9328274185073
Iter: 32 loss: 3.4581946695255121
5546.1748347254652
Iter: 33 loss: 3.4360854370746949
5478.75720363193
Iter: 34 loss: 3.4003137834442603
5385.3543096224585
Iter: 35 loss: 3.3515892340387223
5173.5992741233595
Iter: 36 loss: 3.2449605259224317
4609.8500997763076
Iter: 37 loss: 3.3079400160610279
5159.3580802940378
Iter: 38 loss: 3.236932041140641
4829.5863908963092
Iter: 39 loss: 3.7613263362575537
5025.4035725472595
Iter: 40 loss: 3.1669151257926558
338.1776939968388
Iter: 41 loss: 2296.3083081779819
5025.40347927721
Iter: 42 loss: 3.1669150759313407
4178.1218506455252
Iter: 43 loss: 2.7358523775705645
3920.3903369187474
Iter: 44 loss: 5.0749000104349022
4171.4601555981662
Iter: 45 loss: 2.7318678629872872
4148.46602488688
Iter: 46 loss: 2.7191134610472978
9521.4195753778477
Iter: 47 loss: 109.32982615905323
4138.7687144876918
Iter: 48 loss: 2.7099018805049839
4099.0308039992224
Iter: 49 loss: 2.6744908064470923
3853.0171029034595
Iter: 50 loss: 2.5924601661087707
3763.0553927282526
Iter: 51 loss: 2.4017307438894617
3305.8670949590019
Iter: 52 loss: 1.983857073711403
2470.931226939982
Iter: 53 loss: 1.5223257046467742
3052.0480729098635
Iter: 54 loss: 2.2678563250336503
2481.8027950996716
Iter: 55 loss: 1.4826939374706032
Iter: 1 loss: 0.00025928736773381711
-400.87583792952967
Iter: 1 loss: 19.558468866478737
-6356.3999429873384
Iter: 2 loss: 237.08263117602229
-751.470174013776
Iter: 3 loss: 2.2154473622660071
1260.398174753117
Iter: 4 loss: 6.4187010225787571
603.8711294119388
Iter: 5 loss: 16.40979662846097
-615.06317395577412
Iter: 6 loss: 1.4492086225468275
-334.07696468504196
Iter: 7 loss: 0.52347274507491925
-219.28376366905792
Iter: 8 loss: 0.39047878431671568
-158.04054274167004
Iter: 9 loss: 0.37444404004782872
-134.48107178811043
Iter: 10 loss: 0.378677217376414
-154.58117091510522
Iter: 11 loss: 0.37448926531608889
-157.32312959323886
Iter: 12 loss: 0.37443815972461658
-155.51365207579465
Iter: 13 loss: 0.37445870767593148
-156.95051520876081
Iter: 14 loss: 0.37443823626426054
-157.24421070145192
Iter: 15 loss: 0.37443799690000251
-157.05037401972868
Iter: 16 loss: 0.37443800525546228
-157.20319106140948
Iter: 17 loss: 0.3744379502456463
-157.10233244738015
Iter: 18 loss: 0.37443794605546743
-107.51372507120233
Iter: 19 loss: 0.39779327447678492
-151.64711407888802
Iter: 20 loss: 0.37417513039602157
-122.76600123265476
Iter: 21 loss: 0.3836373752252733
-148.09193479184847
Iter: 22 loss: 0.37431955671197803
-88.101979235848063
Iter: 23 loss: 0.43852043138622787
-144.07961151293284
Iter: 24 loss: 0.37449344978148519
-147.30196481297881
Iter: 25 loss: 0.37432038681289748
-147.92472328319406
Iter: 26 loss: 0.37431839057478078
-147.51375256368317
Iter: 27 loss: 0.37431858330787016
-147.83778679788642
Iter: 28 loss: 0.374318068272459
-147.62393768140549
Iter: 29 loss: 0.37431810405432364
-147.79256377250465
Iter: 30 loss: 0.3743179775446725
-147.68127419908308
Iter: 31 loss: 0.37431797872869965
-147.76903312527867
Iter: 32 loss: 0.37431795117589106
-147.71111322124017
Iter: 33 loss: 0.37431794707366339
-68.956094214416169
Iter: 34 loss: 0.53133170718093625
-144.249587941453
Iter: 35 loss: 0.37424741469549194
-96.83669010962123
Iter: 36 loss: 0.42579157859396233
-140.83834375046686
Iter: 37 loss: 0.37456269211874671
-143.62487217205495
Iter: 38 loss: 0.37427593041716195
-144.12740502488865
Iter: 39 loss: 0.374251980010205
-144.24958794145243
Iter: 40 loss: 0.37424741469549383
-47.726749983699051
Iter: 41 loss: 0.73749655681539106
-141.92861074958216
Iter: 42 loss: 0.37429995549968276
-143.77225859317318
Iter: 43 loss: 0.37424119344193529
-142.55627223912828
Iter: 44 loss: 0.37426502524255778
-143.52195345277602
Iter: 45 loss: 0.374241419668631
-143.71939299509671
Iter: 46 loss: 0.3742410406293985
-143.58909213585019
Iter: 47 loss: 0.37424112246078545
-143.69187214700941
Iter: 48 loss: 0.37424100354867251
-143.62403984177837
Iter: 49 loss: 0.37424103643889772
-143.6775451024732
Iter: 50 loss: 0.3742409957616879
-13.25507883853285
Iter: 51 loss: 1.365204975046592
-142.30440804399333
Iter: 52 loss: 0.37422324169245
-70.5084172935624
Iter: 53 loss: 0.5748433844023515
-139.74922767759764
Iter: 54 loss: 0.37441149530183393
-141.81279243270495
Iter: 55 loss: 0.37423680366532958
-142.20432346848261
Iter: 56 loss: 0.37422514248077587
-142.30440804399345
Iter: 57 loss: 0.37422324169244975
62.276178712679865
Iter: 58 loss: 4.3288144910704922
-141.77377898227911
Iter: 59 loss: 0.37422527758983209
-142.19272848387484
Iter: 60 loss: 0.37422257704358614
-141.91627711476985
Iter: 61 loss: 0.374223435938283
-142.1345171295647
Iter: 62 loss: 0.37422246102485379
-141.99049370666643
Iter: 63 loss: 0.374222854231984
-142.10418327890517
Iter: 64 loss: 0.3742224632431822
-142.12810707899627
Iter: 65 loss: 0.37422245791337411
-142.11231755058645
Iter: 66 loss: 0.37422245843197421
-142.12810707899641
Iter: 67 loss: 0.37422245791337339
-7143.1634757321226
Iter: 1 loss: 21918.619802023168
849633.36240286648
Iter: 2 loss: 44614.376381300586
56668.386713400556
Iter: 3 loss: 256.36784099188992
9402.718230400289
Iter: 4 loss: 48.382153995976722
3870.0906709131104
Iter: 5 loss: 3.7313860325629724
3870.1098913894948
Iter: 6 loss: 3.7310349355331778
3870.1867534096555
Iter: 7 loss: 3.7296317560598125
3870.4938839271235
Iter: 8 loss: 3.7240383220263324
3871.7173633076873
Iter: 9 loss: 3.7019696756163247
3876.5329822476069
Iter: 10 loss: 3.6183641253125094
3922.2806014565672
Iter: 11 loss: 3.0468297490502128
3950.3256965399223
Iter: 12 loss: 2.8490569257452529
3983.1147152172325
Iter: 13 loss: 2.711939271493037
4012.133495561241
Iter: 14 loss: 2.6453097641936192
4038.739420165663
Iter: 15 loss: 2.6120252752992172
4059.5996010148756
Iter: 16 loss: 2.5967919536027493
4074.46192343936
Iter: 17 loss: 2.5871767220734005
4086.51510339748
Iter: 18 loss: 2.5740729554212995
4096.3008123880072
Iter: 19 loss: 2.5430525242387927
4091.0499123273175
Iter: 20 loss: 2.4601025321813879
4007.5416484638745
Iter: 21 loss: 2.2373316837076169
3349.6575793534157
Iter: 22 loss: 1.7135001661831686
-12115.61451481284
Iter: 23 loss: 55838.495139547282
3349.6575765692046
Iter: 24 loss: 1.7135001643161281
3335.2509921245432
Iter: 25 loss: 1.7168315651772013
3343.4537476377554
Iter: 26 loss: 1.7105100176497581
3265.1852922266016
Iter: 27 loss: 1.6985320265056911
3299.72483282525
Iter: 28 loss: 1.6699915181283593
7465.8460366794552
Iter: 29 loss: 54.422035618482994
3293.6413475017962
Iter: 30 loss: 1.6645579002073716
3286.108040204082
Iter: 31 loss: 1.6570909891365138
4402.8814415788256
Iter: 32 loss: 14.566010523941841
3273.6320087179956
Iter: 33 loss: 1.6422535996580252
-2.0397656958484731
Iter: 34 loss: 3215.5169482867136
3265.398889180472
Iter: 35 loss: 1.6395097702823884
3263.8930796770287
Iter: 36 loss: 1.6262031843869862
8716.1732610783838
Iter: 37 loss: 699.03118292299587
3347.6296947651226
Iter: 38 loss: 1.8961292769168345
3265.7711413734878
Iter: 39 loss: 1.61568582080618
3274.8435516188683
Iter: 40 loss: 1.604564275795993
3279.56002922262
Iter: 41 loss: 1.5952957772189005
3283.4166324061412
Iter: 42 loss: 1.5904988480209634
3282.9716582799547
Iter: 43 loss: 1.5886651740008768
3274.0463560764451
Iter: 44 loss: 1.5840834525712262
3267.8027641333629
Iter: 45 loss: 1.5786416652547093
3233.7744846962341
Iter: 46 loss: 1.5731634852405025
3182.8327047867751
Iter: 47 loss: 1.545567844023549
3042.3672737803904
Iter: 48 loss: 1.4976559266881442
2990.0702111655651
Iter: 49 loss: 1.4680661612557926
2942.0000113738874
Iter: 50 loss: 1.5200798721522675
2971.3407796730271
Iter: 51 loss: 1.4565879943790363
2955.5670652089011
Iter: 52 loss: 1.4477898236207192
Iter: 1 loss: 0.000273989457018813
210.52449744887463
Iter: 1 loss: 3.73446787112433
4510.1474390256017
Iter: 2 loss: 481.12069474109103
194.43397348796037
Iter: 3 loss: 3.7430420115491891
208.20887470175694
Iter: 4 loss: 3.7354988233183235
210.17988030078226
Iter: 5 loss: 3.7346169919726453
210.47295849885808
Iter: 6 loss: 3.734490077016889
210.51678394174905
Iter: 7 loss: 3.7344711923964615
210.5233428909865
Iter: 8 loss: 3.7344683682043951
210.52432463180486
Iter: 9 loss: 3.7344679455277139
210.52447158115098
Iter: 10 loss: 3.7344678822608239
210.52449357689193
Iter: 11 loss: 3.7344678727915923
210.52449686933124
Iter: 12 loss: 3.7344678713738038
210.52449736212782
Iter: 13 loss: 3.73446787116184
210.52449743590577
Iter: 14 loss: 3.734467871129977
210.52449744693928
Iter: 15 loss: 3.7344678711251849
210.5244974485895
Iter: 16 loss: 3.7344678711244867
210.52449744883734
Iter: 17 loss: 3.7344678711242487
210.52449744882151
Iter: 18 loss: 3.7344678711242438
210.52449744870594
Iter: 19 loss: 3.7344678711245267
210.52449744881594
Iter: 20 loss: 3.7344678711242278
210.52449744881784
Iter: 21 loss: 3.7344678711245227
210.52449744881568
Iter: 22 loss: 3.734467871124223
3005.5090342998947
Iter: 1 loss: 1.7198804089039443
-5627241.237333918
Iter: 2 loss: 5824322233.5763521
3005.5090342992708
Iter: 3 loss: 1.7198804088050053
3005.5090342991325
Iter: 4 loss: 1.719880408785196
15490.962629020078
Iter: 5 loss: 114.00726614486625
3817.089689274595
Iter: 6 loss: 2.3437981803605235
3199.1004028677175
Iter: 7 loss: 1.5808627489768061
3027.93102226168
Iter: 8 loss: 1.5317117466933547
3024.2755242605117
Iter: 9 loss: 1.5281259595468983
3016.1403682707946
Iter: 10 loss: 1.5203549972767583
3056.071949347383
Iter: 11 loss: 1.5656227558558748
3023.0345351021092
Iter: 12 loss: 1.5116290607930907
3045.237829846702
Iter: 13 loss: 1.9051565183517289
3018.978316421626
Iter: 14 loss: 1.5078738040144226
3019.551903769875
Iter: 15 loss: 1.5094964954460697
3018.3976974331836
Iter: 16 loss: 1.504552982898244
3006.730920343558
Iter: 17 loss: 1.4986532784515434
2993.0338577128568
Iter: 18 loss: 1.4938079044466765
2973.2284443883686
Iter: 19 loss: 1.4761866379745361
2943.7526821461661
Iter: 20 loss: 1.4391606344424797
3027.7615500391203
Iter: 21 loss: 1.4076272868934265
3008.6526083700055
Iter: 22 loss: 1.3909771575531058
3016.2507893675374
Iter: 23 loss: 1.38611106291979
3048.7339761913008
Iter: 24 loss: 1.3714265330763469
3085.4047619009721
Iter: 25 loss: 1.3387858652813591
3109.3715346014283
Iter: 26 loss: 1.2737206953369586
3005.23187592291
Iter: 27 loss: 1.1606111306719296
3000.846121083232
Iter: 28 loss: 1.1514965652159246
2969.4191071362052
Iter: 29 loss: 1.1337842169307852
2956.4309785452224
Iter: 30 loss: 1.1432683168678974
2962.9719513714963
Iter: 31 loss: 1.1291255993861204
2969.1692224114909
Iter: 32 loss: 1.1271039056292251
2968.117610594707
Iter: 33 loss: 1.1239255419956331
2897.9420449798317
Iter: 34 loss: 1.0991179738115209
2858.1138585276385
Iter: 35 loss: 1.0852034076388897
2774.1839542773573
Iter: 36 loss: 1.0741132661345838
2744.8269504485729
Iter: 37 loss: 1.0569391979633753
2652.4784811497229
Iter: 38 loss: 1.0368205146226073
2319.7632741221532
Iter: 39 loss: 1.091989184147995
2516.8415371886013
Iter: 40 loss: 1.0118409115384366
2193.4961281783626
Iter: 41 loss: 10.315456817695525
2381.816441948547
Iter: 42 loss: 0.98391469335420334
1799.847066902197
Iter: 43 loss: 2.6077116349915337
2208.6041674202311
Iter: 44 loss: 0.94107619740805348
Iter: 1 loss: 0.000274911032845069
515.01967174325591
Iter: 1 loss: 157.17009218141897
314878.33874188043
Iter: 2 loss: 23589780.38816515
515.68338840776732
Iter: 3 loss: 157.14075639745857
1047.5739729886641
Iter: 4 loss: 131.61531101947105
1801.8615569952381
Iter: 5 loss: 68.312459159667569
2307.2801896342544
Iter: 6 loss: 22.6421639569842
2472.6161379300693
Iter: 7 loss: 11.070849924493665
2522.3907030866858
Iter: 8 loss: 18.923337881690657
2468.4539460407259
Iter: 9 loss: 11.055309110699493
2477.4787786096881
Iter: 10 loss: 13.940898699185322
2465.4253348390321
Iter: 11 loss: 11.076144227203788
2467.8219497106511
Iter: 12 loss: 11.056668419714379
2468.3231941295508
Iter: 13 loss: 11.05548755977644
2468.4539460407259
Iter: 14 loss: 11.055309110699495
2236.3349943834369
Iter: 15 loss: 6.91118440932558
1487.7942949493768
Iter: 16 loss: 2.5296146495968976
19.152633011135272
Iter: 17 loss: 4.9829799381633224
1054.372956433815
Iter: 18 loss: 1.6980915642680177
927.18729771302981
Iter: 19 loss: 1.3126051396589591
976.33224576098257
Iter: 20 loss: 1.2415593964038565
943.63215060254868
Iter: 21 loss: 1.1551445044514344
837.165999619397
Iter: 22 loss: 0.99901345796117946
774.46009315570086
Iter: 23 loss: 0.86506735431195425
591.75135216738
Iter: 24 loss: 0.61991727126102947
516.5809245045441
Iter: 25 loss: 0.52088337757167
404.90823287208809
Iter: 26 loss: 0.59833396744029943
473.85474660385296
Iter: 27 loss: 0.48623944691747312
355.45284506951731
Iter: 28 loss: 0.43513064796604606
453.26157286255574
Iter: 29 loss: 0.43882269021763154
396.36726554068071
Iter: 30 loss: 0.42588082516280856
453.91887671369341
Iter: 31 loss: 0.41872163908956034
439.60936990074845
Iter: 32 loss: 0.41328186877038753
412.51843458632351
Iter: 33 loss: 0.39547931008693893
362.25835342981031
Iter: 34 loss: 0.34457551648560947
134.95026939352113
Iter: 35 loss: 1.0347405646543368
335.090160027115
Iter: 36 loss: 0.30706316335441419
309.2255223716225
Iter: 37 loss: 0.27808279567680849
330.433667187663
Iter: 38 loss: 0.26842268716229967
431.6621754977146
Iter: 39 loss: 0.17346652338441709
581.53185342406164
Iter: 40 loss: 0.29687696986140222
483.807295384289
Iter: 41 loss: 0.14054448052770468
591.36799967424531
Iter: 42 loss: 0.12950519900224755
553.43416342467765
Iter: 43 loss: 0.12059240580038587
555.9725930841289
Iter: 44 loss: 0.1197204727152083
557.71765337180511
Iter: 45 loss: 0.11939530440877881
2024.3560936435015
Iter: 1 loss: 21.8439982364849
6022.4000787233954
Iter: 2 loss: 59.210675368905655
-9.3683917507618482
Iter: 3 loss: 0.16027194905609932
-16.025732702566131
Iter: 4 loss: 0.152357732558366
-39.760143252314876
Iter: 5 loss: 0.12714523467556843
-73.127724240811858
Iter: 6 loss: 0.10127589405446366
-87.19187236690982
Iter: 7 loss: 0.094625314488484033
-96.101840710229027
Iter: 8 loss: 0.091696481333717439
-102.20076391811691
Iter: 9 loss: 0.0898701152514233
-108.52589411364657
Iter: 10 loss: 0.086676272490242873
-88.727634854961309
Iter: 11 loss: 0.061197839247105888
43.641989968600051
Iter: 12 loss: 0.081356074521378621
-20.511483485502051
Iter: 13 loss: 0.043788999091098943
-83.763519021536254
Iter: 14 loss: 0.047853603482047556
-41.005810794894941
Iter: 15 loss: 0.041120966967035905
-59.024317736823349
Iter: 16 loss: 0.039729383916067951
-75.244327126627368
Iter: 17 loss: 0.037098835108200182
-101.91364237745753
Iter: 18 loss: 0.031237255988661027
-103.30914321563327
Iter: 19 loss: 0.027808280474322402
-97.018363331204711
Iter: 20 loss: 0.026574851747430638
-94.210674677548838
Iter: 21 loss: 0.02627714514799822
-88.977568155838583
Iter: 22 loss: 0.025747098243646495
-78.181895225824462
Iter: 23 loss: 0.024753260265816354
-56.570045893592258
Iter: 24 loss: 0.023146552337524363
-8.8891651644370562
Iter: 25 loss: 0.019732518933333616
36.946761768951575
Iter: 26 loss: 0.014911014201079723
48.255178592280615
Iter: 27 loss: 0.011461298754376969
33.465246664356783
Iter: 28 loss: 0.0097145961252150179
-10.089462576878812
Iter: 29 loss: 0.0078696521842694413
-60.812174701917122
Iter: 30 loss: 0.0053612201237093152
-91.563280409254816
Iter: 31 loss: 0.0042281378224997643
-74.769995446086483
Iter: 32 loss: 0.0036463471699813951
-49.078512686893
Iter: 33 loss: 0.003276720761656758
-35.394087927044929
Iter: 34 loss: 0.0031884442773753951
-27.550496072840325
Iter: 35 loss: 0.0030610764820093754
-24.660395166987517
Iter: 36 loss: 0.0028439073460733346
Iter: 1 loss: 0.000655091735960096
-46.800649134967145
Iter: 1 loss: 0.084539925451993292
7113.4385608218008
Iter: 2 loss: 70.44937955171325
-4451.4269629737846
Iter: 3 loss: 146.63455031909967
-392.40469573609755
Iter: 4 loss: 0.62895464106101007
-91.5319048548998
Iter: 5 loss: 0.07022352009839046
-95.679837252333954
Iter: 6 loss: 0.070005829453001864
-97.332252861986859
Iter: 7 loss: 0.069807928036056344
-101.79872503477768
Iter: 8 loss: 0.0687594928811541
-103.68640049781351
Iter: 9 loss: 0.066947620406706265
-98.708320444526578
Iter: 10 loss: 0.063537606393244572
-83.76708595583851
Iter: 11 loss: 0.05968798736974551
-66.5519026284367
Iter: 12 loss: 0.056332032008914762
-53.783111043330479
Iter: 13 loss: 0.054628981509424586
-49.6079504037039
Iter: 14 loss: 0.053693357357327241
-44.5432486015022
Iter: 15 loss: 0.050994509350004776
-45.585448930170344
Iter: 16 loss: 0.0467371484228575
-59.101761709777705
Iter: 17 loss: 0.04221490888945631
-71.808013009957847
Iter: 18 loss: 0.040785282867363923
-79.418747494561444
Iter: 19 loss: 0.040318948955077052
-80.878457946942518
Iter: 20 loss: 0.04023125963227956
-83.444032258901359
Iter: 21 loss: 0.039990023618764206
-92.540205369519029
Iter: 22 loss: 0.039053196683410438
-109.83890342610297
Iter: 23 loss: 0.037181893163993632
-142.7565298753002
Iter: 24 loss: 0.033661554881524988
-177.32730272575182
Iter: 25 loss: 0.029752539666350084
-198.13902583460575
Iter: 26 loss: 0.025874400700394914
-203.67037685629685
Iter: 27 loss: 0.023975682437363963
-207.71783802865082
Iter: 28 loss: 0.023589277597364958
-214.20462785039518
Iter: 29 loss: 0.022926149304946134
-228.58785998174517
Iter: 30 loss: 0.021358431395447065
-255.86069243042917
Iter: 31 loss: 0.018193881908648631
-333.48343297233214
Iter: 32 loss: 0.016417872929889527
-291.61014616864247
Iter: 33 loss: 0.014758334282171054
-285.820521092135
Iter: 34 loss: 0.012165861129966891
-280.74597643731448
Iter: 35 loss: 0.011771448010586692
-16.196587714187494
Iter: 1 loss: 0.0031259250204219756
-3833.1929186191846
Iter: 2 loss: 2.821701868769368
21.126247996857394
Iter: 3 loss: 0.025322499208573452
-13.614614790413791
Iter: 4 loss: 0.0031190137617576569
-15.148851192288179
Iter: 5 loss: 0.0031049774542880985
-15.986752648574273
Iter: 6 loss: 0.0030957903496882065
-19.342455897570588
Iter: 7 loss: 0.0030622984972257621
-40.107506044164488
Iter: 8 loss: 0.0029460603892587775
-44.248478543783719
Iter: 9 loss: 0.0029056539397798414
-51.229981037317884
Iter: 10 loss: 0.002829609330503983
-53.965906054882126
Iter: 11 loss: 0.0027188778435886
-47.746448471955553
Iter: 12 loss: 0.0024606191081888822
-33.11625882048596
Iter: 13 loss: 0.0022173023754953505
-6.0494892803576246
Iter: 14 loss: 0.0020889525872055527
-13.350573068922296
Iter: 15 loss: 0.0019914811374882463
-21.199244984100186
Iter: 16 loss: 0.0018853952545993787
-25.454721904756312
Iter: 17 loss: 0.001757815431376587
-24.105847952776081
Iter: 18 loss: 0.0015983621445005811
-13.569952745566269
Iter: 19 loss: 0.0015148444265832932
-7.2221137624798271
Iter: 20 loss: 0.0014875843566194129
-0.89808521038230582
Iter: 21 loss: 0.0014636543398563924
1.1164142066577711
Iter: 22 loss: 0.0014413979126359951
2.7365982746347477
Iter: 23 loss: 0.0014012587904195478
2.7449430579773937
Iter: 24 loss: 0.0013730015390831032
0.84385691109407324
Iter: 25 loss: 0.0013374163140227294
-0.20455487356338065
Iter: 26 loss: 0.0013062935280004908
-1.7270824111759717
Iter: 27 loss: 0.0012410975915730883
-2.0325048037195605
Iter: 28 loss: 0.0011809639667615902
-6.8581978342448862
Iter: 29 loss: 0.0011503265884565772
-4.2520463910571484
Iter: 30 loss: 0.0011144224939948436
-1.2337091842015007
Iter: 31 loss: 0.001096291467916151
3.5140365647051732
Iter: 32 loss: 0.0010559077898698141
5.64614982390607
Iter: 33 loss: 0.0010221621580210421
9.0025106938458777
Iter: 34 loss: 0.00095372953448422267
7.0871984428379218
Iter: 35 loss: 0.000892953025565557
Iter: 1 loss: 0.00064189615577434837
-269.73980588918863
Iter: 1 loss: 0.011560179630090268
7150.7262546913244
Iter: 2 loss: 64.5762058761479
-415.29868542238165
Iter: 3 loss: 0.13013019852771771
-273.25171817520555
Iter: 4 loss: 0.011480973279638762
-273.49447734978548
Iter: 5 loss: 0.011476020444088849
-274.46589492668988
Iter: 6 loss: 0.011460874019606956
-276.26009991264669
Iter: 7 loss: 0.011407824081099039
-279.18594984564675
Iter: 8 loss: 0.011304174578104325
-279.49369443682713
Iter: 9 loss: 0.011253687138627556
-278.92370540897866
Iter: 10 loss: 0.011245388715356429
-278.71093784659479
Iter: 11 loss: 0.01124463768685862
7.7035572797641461
Iter: 1 loss: 0.00091869659368477342
12347.6546578673
Iter: 2 loss: 176.27304608651258
7.5609722183024548
Iter: 3 loss: 0.00091750402249470746
6.7007216779459551
Iter: 4 loss: 0.00091353660443786917
6.5832876663103121
Iter: 5 loss: 0.00091279858978365652
6.11330787347047
Iter: 6 loss: 0.00091045115172006181
5.1922839670678451
Iter: 7 loss: 0.00090405302091145262
4.27485484259787
Iter: 8 loss: 0.00089844997584106914
4.0246406246494191
Iter: 9 loss: 0.00089717379778349706
3.849702395078642
Iter: 10 loss: 0.00089640642453690138
Iter: 1 loss: 0.0006662643505525532
-279.73056871289134
Iter: 1 loss: 0.011587376018317136
8997.5406321560949
Iter: 2 loss: 90.343324156084464
-334.70976388562246
Iter: 3 loss: 0.030767794683916858
-281.98289158299514
Iter: 4 loss: 0.01155084945209138
-281.93949451296845
Iter: 5 loss: 0.011539224055957257
-281.76618714038557
Iter: 6 loss: 0.011495585526846507
-277.67121196239708
Iter: 7 loss: 0.01126541611409506
-277.48763709775432
Iter: 8 loss: 0.011256438270079083
-277.80721587752771
Iter: 9 loss: 0.011231155230252822
-278.81142721095841
Iter: 10 loss: 0.011219687169379225
-279.08036434868166
Iter: 11 loss: 0.011186920263947641
-277.75637021730194
Iter: 12 loss: 0.011008327470678585
-272.50517166146562
Iter: 13 loss: 0.0108167381791296
-259.36192006318845
Iter: 14 loss: 0.010537181297498626
-246.42572877182531
Iter: 15 loss: 0.010353409065310969
-238.37079873222285
Iter: 16 loss: 0.010272299088739455
-235.6886853624618
Iter: 17 loss: 0.010255847808411635
-234.52171712514189
Iter: 18 loss: 0.010245340986666709
-231.29504908201517
Iter: 19 loss: 0.010206897437764562
-225.77708992539019
Iter: 20 loss: 0.010126156180909807
-214.2917403751641
Iter: 21 loss: 0.0099337899681030354
-195.42276474917622
Iter: 22 loss: 0.0095912381887031713
-175.09058834500041
Iter: 23 loss: 0.009212187454152811
-170.759780631669
Iter: 24 loss: 0.009057556508791394
-176.26412672632625
Iter: 25 loss: 0.009018689426424897
-180.57392205805905
Iter: 26 loss: 0.0090099284880637
-182.25901719269797
Iter: 27 loss: 0.00900664941886978
-184.71096491738737
Iter: 28 loss: 0.0089980546956197165
-188.14399297372529
Iter: 29 loss: 0.0089764906518794933
-192.85301991869173
Iter: 30 loss: 0.0089213077623203525
-198.35593413583121
Iter: 31 loss: 0.00878362833937746
-201.40423300561682
Iter: 32 loss: 0.0084633578491302985
-192.81124237616723
Iter: 33 loss: 0.0078195214479387185
-163.76802007527985
Iter: 34 loss: 0.0068813426230273445
5.35696748332529
Iter: 1 loss: 0.00083581053698978574
679.59007582298773
Iter: 2 loss: 0.46374781879692517
23.156458647946327
Iter: 3 loss: 0.0013386527353418092
7.0088894639327455
Iter: 4 loss: 0.00083452672117133612
6.5148061707147207
Iter: 5 loss: 0.00083120776195446018
6.5281821796302317
Iter: 6 loss: 0.00082739413849112814
7.13891550481741
Iter: 7 loss: 0.00082423141952958309
7.5677139697650766
Iter: 8 loss: 0.00082135696090003259
7.6204156606478106
Iter: 9 loss: 0.00081184207357682758
5.4670502112529871
Iter: 10 loss: 0.00079144010395212764
-2.6815856442557653
Iter: 11 loss: 0.00076042232660906138
-1.8171888421091169
Iter: 12 loss: 0.00074999590315378011
-5.4428184723181481
Iter: 13 loss: 0.00073924212366547888
-6.5863958078497662
Iter: 14 loss: 0.00073556379902287657
-6.8398630556225246
Iter: 15 loss: 0.00073085631764231739
-5.7451518807227817
Iter: 16 loss: 0.00072015345625353177
-3.049974561935699
Iter: 17 loss: 0.00070403237583595594
3.3313966128649466
Iter: 18 loss: 0.00068787014832371218
4.010439733693433
Iter: 19 loss: 0.000676904913185202
2.1208686600440818
Iter: 20 loss: 0.00066372941720712567
-0.049148088509580079
Iter: 21 loss: 0.00065964487949856775
-2.077180712416383
Iter: 22 loss: 0.00065579162452472162
-4.0202089600482944
Iter: 23 loss: 0.00065207063757744552
-4.5240786539699576
Iter: 24 loss: 0.00064942323639994323
-3.7588960948770689
Iter: 25 loss: 0.00064315716771984517
-3.2248195282485677
Iter: 26 loss: 0.0006354907614951348
-2.8835113676810544
Iter: 27 loss: 0.00062465884647187149
-3.1662914444807297
Iter: 28 loss: 0.00060843502083663542
-3.85405497704369
Iter: 29 loss: 0.00057969624661815926
-3.84605328110211
Iter: 30 loss: 0.00054199452953623069
-1.9907737820324811
Iter: 31 loss: 0.00048771121718698004
-0.31192805353080344
Iter: 32 loss: 0.00045396954839575131
-2.2417531090668121
Iter: 33 loss: 0.00043157391390093793
Iter: 1 loss: 0.000657320141226321
-175.80602129689547
Iter: 1 loss: 0.0069129520583576425
2008.4006399302632
Iter: 2 loss: 14.384611082118496
311.44518610730245
Iter: 3 loss: 1.3978060894072324
-171.8333085632735
Iter: 4 loss: 0.0068444357976241415
-172.552501265213
Iter: 5 loss: 0.00684014174896042
-172.73680212771109
Iter: 6 loss: 0.0068386313823413838
-174.0289155907717
Iter: 7 loss: 0.0068259194627773084
-175.77470615320507
Iter: 8 loss: 0.0068055990003932313
-178.73153728288159
Iter: 9 loss: 0.0067667641596551188
-181.02053526497372
Iter: 10 loss: 0.0067283056348496594
-181.51746271576195
Iter: 11 loss: 0.0067054207171924288
-180.96636485678584
Iter: 12 loss: 0.0066984774278816619
-180.55524913918492
Iter: 13 loss: 0.0066959629695486494
-179.87976038292777
Iter: 14 loss: 0.0066899276617221649
-179.23252035652246
Iter: 15 loss: 0.0066782238329856775
-179.14800706439354
Iter: 16 loss: 0.0066588755348361475
-180.44816142612149
Iter: 17 loss: 0.0066237761197618476
-182.66060992744539
Iter: 18 loss: 0.0065911405780111751
-183.30618958061766
Iter: 19 loss: 0.0065794992201081634
-183.61435278607473
Iter: 20 loss: 0.0065602663147223163
-182.94728527644105
Iter: 21 loss: 0.0065429423929127765
-181.48275566731814
Iter: 22 loss: 0.0065308009290253148
-180.80803182567695
Iter: 23 loss: 0.00652892417164812
-180.72046627931996
Iter: 24 loss: 0.0065287735189665866
-1.2405616752489736
Iter: 1 loss: 0.00046072125881181972
9597.3909266533556
Iter: 2 loss: 93.744888466764962
-1.3901034462001602
Iter: 3 loss: 0.00046047595275310862
Iter: 1 loss: 0.00059749582119539876
-170.92024307782935
Iter: 1 loss: 0.0065546824192214258
6352.3304771127168
Iter: 2 loss: 51.421508475984695
-311.23291187758582
Iter: 3 loss: 0.13232317529500875
-175.4935814672337
Iter: 4 loss: 0.0063957678912369264
-175.78349962077829
Iter: 5 loss: 0.0063942941814546794
-175.91787484876619
Iter: 6 loss: 0.0063927401915549143
-176.10736370902904
Iter: 7 loss: 0.0063865279012499327
-175.97570720662682
Iter: 8 loss: 0.0063745508910226321
-174.97049284375623
Iter: 9 loss: 0.0063515503096592983
-172.87045371561371
Iter: 10 loss: 0.0063258623768772809
-170.87524917182827
Iter: 11 loss: 0.0063119512895276272
-170.29370750113614
Iter: 12 loss: 0.0063098003162266776
-170.29269700521996
Iter: 13 loss: 0.0063096162803315528
-0.84694319293130516
Iter: 1 loss: 0.00053722084646987492
-538.33251658464656
Iter: 2 loss: 0.25846182608353652
99.648755724468018
Iter: 3 loss: 0.062207496725572367
6.80878799728292
Iter: 4 loss: 0.00068940071313765684
1.5568636733964367
Iter: 5 loss: 0.00051644123107869163
0.51843529459390747
Iter: 6 loss: 0.00051402203653313876
-0.14545409558296551
Iter: 7 loss: 0.000511890275557344
-3.1024852259140556
Iter: 8 loss: 0.00050126007472750208
-5.8289087009797225
Iter: 9 loss: 0.00049020443349938444
-5.2105648451505608
Iter: 10 loss: 0.00047679744673294366
-3.1772744983191838
Iter: 11 loss: 0.00047112277014718353
-1.6617854312389169
Iter: 12 loss: 0.00046895117908780226
1.2231994909012618
Iter: 13 loss: 0.00046523864540586718
3.0467764362896941
Iter: 14 loss: 0.00045603111126398107
2.1382723727309205
Iter: 15 loss: 0.00043051149305461896
1.4948612103013446
Iter: 16 loss: 0.00042146003853717765
-0.32674066277441549
Iter: 17 loss: 0.00041762261703523
-2.6865858389132931
Iter: 18 loss: 0.00041116046500645482
-4.7195863458950633
Iter: 19 loss: 0.00040109786884538355
-5.1761950653460964
Iter: 20 loss: 0.000385411315336677
-2.5866452530944231
Iter: 21 loss: 0.00037140588009750372
0.44475937726177561
Iter: 22 loss: 0.00036461130187846638
2.38221628521062
Iter: 23 loss: 0.00036128014670496638
3.5489137655409149
Iter: 24 loss: 0.00035818504555661064
4.1546758902368017
Iter: 25 loss: 0.00035269256936707681
3.2317139714185918
Iter: 26 loss: 0.00034430191935971215
1.5818694122760522
Iter: 27 loss: 0.000334601215031208
-0.68278637235222317
Iter: 28 loss: 0.0003283712216151108
-1.1250952423517204
Iter: 29 loss: 0.00032630133479524256
-0.867686460758391
Iter: 30 loss: 0.00032371285750647927
0.60312291457726275
Iter: 31 loss: 0.00031935194309519195
4.394085322086986
Iter: 32 loss: 0.00031107709559194808
7.1213775233602
Iter: 33 loss: 0.00029967678841418921
8.51915410744141
Iter: 34 loss: 0.000290240717810488
Iter: 1 loss: 0.00058855964619394254
-173.85733559910761
Iter: 1 loss: 0.0075193678408248081
2185.3561369089748
Iter: 2 loss: 16.328330381803486
397.59084158956222
Iter: 3 loss: 1.6491736487235866
-169.1118456865413
Iter: 4 loss: 0.0074367195470559037
-169.9168670635537
Iter: 5 loss: 0.0074300140921575077
-170.27632310069592
Iter: 6 loss: 0.0074249198058579336
-171.33978106968135
Iter: 7 loss: 0.0074015394343966588
-172.39777706346018
Iter: 8 loss: 0.0073610510240372795
-173.14085097835977
Iter: 9 loss: 0.0072916237811610184
-172.85043551562387
Iter: 10 loss: 0.0072147625167984005
-171.84661385622462
Iter: 11 loss: 0.0071565855214530223
-171.0725209045994
Iter: 12 loss: 0.007132123508805847
-170.70513509162504
Iter: 13 loss: 0.00711013337689537
-170.87400505699702
Iter: 14 loss: 0.0070667933963898394
-172.46183880151122
Iter: 15 loss: 0.0069990846458049408
-175.68789325730822
Iter: 16 loss: 0.0069184196599361937
-177.38707830816276
Iter: 17 loss: 0.0068982374880061535
-177.5359713568719
Iter: 18 loss: 0.0068955440139007451
-177.45957914624495
Iter: 19 loss: 0.00689314111110218
-177.10675044943079
Iter: 20 loss: 0.0068873371561476862
-176.16133782301924
Iter: 21 loss: 0.0068752442170502094
-174.4908758250204
Iter: 22 loss: 0.0068577854329757047
-173.0174360871564
Iter: 23 loss: 0.006842478869390569
-172.60234585588475
Iter: 24 loss: 0.0068400007266486915
-172.63782589617119
Iter: 25 loss: 0.0068397105414596138
5.6712257260967736
Iter: 1 loss: 0.00034297993829161062
428.4910826898606
Iter: 2 loss: 0.42201725743432489
21.168966529777478
Iter: 3 loss: 0.00087221473612220145
7.4545243934357188
Iter: 4 loss: 0.00033920017969446412
6.9584407526236287
Iter: 5 loss: 0.00033268687796572942
6.930332392177748
Iter: 6 loss: 0.00032522786951298151
7.3599082781777767
Iter: 7 loss: 0.00032327292424026038
6.6819723062001657
Iter: 8 loss: 0.0003204924572427516
2.5414961725421774
Iter: 9 loss: 0.00031193088254962982
-0.69044617276501929
Iter: 10 loss: 0.00030758328902703375
-3.21470173250444
Iter: 11 loss: 0.00030170169765649592
-4.7009489720021458
Iter: 12 loss: 0.00029616387806950752
-3.7888866488402946
Iter: 13 loss: 0.00029435827164848169
-2.9545507829726776
Iter: 14 loss: 0.00029260453574615026
-2.2022198620425675
Iter: 15 loss: 0.00029131887798987188
-1.9893927095470951
Iter: 16 loss: 0.00029006698281859253
-1.8237013951937571
Iter: 17 loss: 0.00028649841070519028
-0.43343216001694967
Iter: 18 loss: 0.00028095790645387585
1.1927155293857716
Iter: 19 loss: 0.00027407120750482677
1.6312485967032821
Iter: 20 loss: 0.00027018682516066376
1.4514871743806241
Iter: 21 loss: 0.00026872828463329727
1.251631970277244
Iter: 22 loss: 0.00026696736861359815
1.3497790090871684
Iter: 23 loss: 0.00026440874877088475
2.8199075519451622
Iter: 24 loss: 0.00026028692915311614
3.415964096122849
Iter: 25 loss: 0.0002580267338509227
3.4233532584935222
Iter: 26 loss: 0.00025721903361251343
Iter: 1 loss: 0.00059972831004828663
-173.45643825176961
Iter: 1 loss: 0.0069766453039393009
2227.7373821764004
Iter: 2 loss: 17.014101994825218
103.89730587294096
Iter: 3 loss: 0.44037779631192231
-171.82977033560917
Iter: 4 loss: 0.0069622492402966127
-171.91306025385248
Iter: 5 loss: 0.006961727489054173
3.996777503050799
Iter: 1 loss: 0.000278477564413074
11564.126479911998
Iter: 2 loss: 126.99326107717731
3.6223198484428645
Iter: 3 loss: 0.00027483574489184842
2.5782816141309932
Iter: 4 loss: 0.00027050834547165674
2.5816983010401078
Iter: 5 loss: 0.00027040892666820048
2.5953344938736387
Iter: 6 loss: 0.00027003059949945961
2.6493909179818473
Iter: 7 loss: 0.00026882629424116984
2.0849593265136352
Iter: 8 loss: 0.00026723230275788317
1.3966435588030575
Iter: 9 loss: 0.00026591308155302605
1.1485002862875111
Iter: 10 loss: 0.00025912287831834674
0.064861922866470356
Iter: 11 loss: 0.00025360220386109794
3.56624694432431
Iter: 12 loss: 0.00024935827503913083
3.6769580476255346
Iter: 13 loss: 0.00024799481199325928
3.8498880957406971
Iter: 14 loss: 0.0002467782182262201
3.7100539133762958
Iter: 15 loss: 0.00024485585852113
2.9431621442172617
Iter: 16 loss: 0.00024053241821489073
2.1942769661056127
Iter: 17 loss: 0.00023559566107321522
0.753880535341753
Iter: 18 loss: 0.00023220073343731691
1.8820866742266382
Iter: 19 loss: 0.00023079104315132533
2.0654048451016402
Iter: 20 loss: 0.00022995380509651254
Iter: 1 loss: 0.00062983217575231633
-172.01799513775788
Iter: 1 loss: 0.0065910641678245882
1988.8333170027779
Iter: 2 loss: 14.463303876107565
-31.266746106443254
Iter: 3 loss: 0.14301903437670163
-171.26379070972877
Iter: 4 loss: 0.0065871193538499708
-171.28376223658682
Iter: 5 loss: 0.0065870413796454818
-171.36365041378585
Iter: 6 loss: 0.0065867570700034288
0.91951981370460567
Iter: 1 loss: 0.000250557666973909
169.14694263475911
Iter: 2 loss: 0.13570209919590936
93.212194204281886
Iter: 3 loss: 0.032939417617459263
2.2694618608350061
Iter: 4 loss: 0.00025358267055037209
1.4292583609364322
Iter: 5 loss: 0.00024960004740959659
Iter: 1 loss: 0.00063267976786952668
-175.19085004931375
Iter: 1 loss: 0.0068377853419594467
7583.7630766133843
Iter: 2 loss: 65.917868163488635
-358.19603570519746
Iter: 3 loss: 0.166906643778694
-179.80550180833177
Iter: 4 loss: 0.0067187338325447026
-180.09834946077785
Iter: 5 loss: 0.0067181024048816942
1.6543525301898878
Iter: 1 loss: 0.00025983579754082042
10930.989468626241
Iter: 2 loss: 156.3718818818765
1917.4999944680771
Iter: 3 loss: 19.288746592674372
-56.753446246320664
Iter: 4 loss: 0.016550516245806071
1.195136355521911
Iter: 5 loss: 0.0002574708000930872
0.95203318061339215
Iter: 6 loss: 0.0002568379239011703
Iter: 1 loss: 0.00063281233570528785
-181.04875648199209
Iter: 1 loss: 0.0071981319970406523
2355.2680444156304
Iter: 2 loss: 18.745630336728624
10.726329241149312
Iter: 3 loss: 0.19945527766300572
-179.99646966644178
Iter: 4 loss: 0.0071923243714141676
-179.9965862408269
Iter: 5 loss: 0.0071917506025628
-179.99706364356675
Iter: 6 loss: 0.0071895035557138966
-179.99915100251297
Iter: 7 loss: 0.0071812848696534565
-178.18112087511307
Iter: 8 loss: 0.0071296760490694513
-176.67116046275663
Iter: 9 loss: 0.00711788465507269
-175.82462477830228
Iter: 10 loss: 0.0071147275995394454
-175.59227176903835
Iter: 11 loss: 0.0071138890624401294
0.89747486792309017
Iter: 1 loss: 0.00024835584483139756
12166.817816875044
Iter: 2 loss: 130.28284509630058
23193.510543737561
Iter: 3 loss: 559.66292581602761
0.89114660024805481
Iter: 4 loss: 0.00024830390460544183
0.11237045631497611
Iter: 5 loss: 0.00024518026433802749
0.15709694593816703
Iter: 6 loss: 0.00024505066698953253
0.33597985649078244
Iter: 7 loss: 0.00024456895079093255
Iter: 1 loss: 0.00059207807189935757
-183.42028647455732
Iter: 1 loss: 0.0069726208737531017
7289.4239978357728
Iter: 2 loss: 62.095700717792717
-258.14894954779589
Iter: 3 loss: 0.047344901465907877
-185.53190486292749
Iter: 4 loss: 0.0069362891010467734
-185.58514894811302
Iter: 5 loss: 0.0069336716188719161
-185.79819441449223
Iter: 6 loss: 0.0069244711479705175
-185.82832499396488
Iter: 7 loss: 0.0068688157826912316
-184.62283782538046
Iter: 8 loss: 0.006821007396050946
-183.48530734320951
Iter: 9 loss: 0.0067871053810940529
-183.23233783345219
Iter: 10 loss: 0.0067817721114361955
-183.37105982407928
Iter: 11 loss: 0.0067788979793252345
-184.26728935231603
Iter: 12 loss: 0.0067712128685610464
-185.28092916969297
Iter: 13 loss: 0.0067647995814265338
-186.31356425202259
Iter: 14 loss: 0.0067599590999382932
-186.62455879636022
Iter: 15 loss: 0.006758209403748266
-186.76191346623744
Iter: 16 loss: 0.0067560560767037561
-186.80372460867127
Iter: 17 loss: 0.0067512200831133084
-186.60224067741677
Iter: 18 loss: 0.0067400437719933315
-185.82311826848468
Iter: 19 loss: 0.00671849386706414
-184.2850963231993
Iter: 20 loss: 0.0066902123379330861
-182.79605193981064
Iter: 21 loss: 0.0066710285833925373
-182.22304499153574
Iter: 22 loss: 0.0066665257214625229
-182.22762841663521
Iter: 23 loss: 0.0066661719462174371
1.23515163664176
Iter: 1 loss: 0.00023484492819568617
415.28046991356393
Iter: 2 loss: 0.17673727280834092
139.25428313028885
Iter: 3 loss: 0.052204818709193905
2.8156615192901291
Iter: 4 loss: 0.00023883750057456126
1.7654051420305183
Iter: 5 loss: 0.00023411334731298177
Iter: 1 loss: 0.00059927465375971532
-177.90859883930182
Iter: 1 loss: 0.0071145124275185613
7238.4880015546987
Iter: 2 loss: 64.882019984048938
-429.25780447619815
Iter: 3 loss: 0.43086038121202952
-182.93947703175044
Iter: 4 loss: 0.006912401392826846
-183.34493794701484
Iter: 5 loss: 0.0069088045820142278
-183.57745927686113
Iter: 6 loss: 0.0069040246213690863
-183.76931339785088
Iter: 7 loss: 0.0068886406515107712
-183.32187954276179
Iter: 8 loss: 0.0068618154290257995
-181.61101265120266
Iter: 9 loss: 0.0068246998694129306
-178.49974820986085
Iter: 10 loss: 0.0067801944193316855
-176.44110154352609
Iter: 11 loss: 0.0067660007573391353
-175.87157808241159
Iter: 12 loss: 0.0067606709960469054
-174.62045488996182
Iter: 13 loss: 0.0067456087378645682
-174.23690265001676
Iter: 14 loss: 0.0067348748149238056
-174.52981118592555
Iter: 15 loss: 0.0067300040479301611
-174.81878184286296
Iter: 16 loss: 0.00672917587686034
0.72388770459177643
Iter: 1 loss: 0.00026230478061828544
95.784883851527255
Iter: 2 loss: 0.15942119878768513
180.30829512044005
Iter: 3 loss: 0.084745159817111129
11.29804003441302
Iter: 4 loss: 0.00054309925737135558
3.1155215546741521
Iter: 5 loss: 0.00025283744378581648
2.3974050957245838
Iter: 6 loss: 0.00025110543351436796
2.3724134427287789
Iter: 7 loss: 0.00025107302749490369
2.2724261081191881
Iter: 8 loss: 0.00025095950501350306
Iter: 1 loss: 0.00065452106587248892
-163.31780032805653
Iter: 1 loss: 0.0066722894819955109
-10248.676456120105
Iter: 2 loss: 330.08552181137514
-164.73480711874745
Iter: 3 loss: 0.00665279240736457
-165.854849112108
Iter: 4 loss: 0.0066135582447999055
-167.32657789563061
Iter: 5 loss: 0.0065261470365332776
-167.19150831851414
Iter: 6 loss: 0.0065156783732935519
-167.38514700358135
Iter: 7 loss: 0.0065086678972083841
-168.11147845567942
Iter: 8 loss: 0.0064995536016993292
-169.84715220648155
Iter: 9 loss: 0.0064866929953201029
-171.4364759060627
Iter: 10 loss: 0.006476038583381939
-171.85724540112554
Iter: 11 loss: 0.0064721762467868475
-171.8075184844659
Iter: 12 loss: 0.0064700233435971109
-171.46173370396556
Iter: 13 loss: 0.0064638223500804916
-170.74580576181654
Iter: 14 loss: 0.0064535244554633012
-169.67386242752195
Iter: 15 loss: 0.0064397504189322042
-168.93119504825046
Iter: 16 loss: 0.0064313659627912743
-168.7667154760681
Iter: 17 loss: 0.0064291966609581691
-168.81758182132617
Iter: 18 loss: 0.0064287854666732949
1.3905132543068697
Iter: 1 loss: 0.00024815507213396613
12630.227655584527
Iter: 2 loss: 180.92543499373727
15471.861507665155
Iter: 3 loss: 405.47474083774625
1.3875459077612438
Iter: 4 loss: 0.00024812223252973449
0.39814234742841309
Iter: 5 loss: 0.00024266593699073409
0.4559906748325841
Iter: 6 loss: 0.0002425376832995883
0.68733676501920338
Iter: 7 loss: 0.00024205531744028494
