Iteration 0
Elapsed time for kappa 63.6649 sec
Elapsed time for experts 18.8210 sec
Elapsed time for households 15.4583 sec
Iteration 1
Elapsed time for kappa 30.8931 sec
Elapsed time for experts 13.5660 sec
Elapsed time for households 13.6427 sec
Iteration 2
Elapsed time for kappa 31.4016 sec
Elapsed time for experts 17.0050 sec
Elapsed time for households 12.9853 sec
Iteration 3
Elapsed time for kappa 31.3850 sec
Elapsed time for experts 14.4377 sec
Elapsed time for households 14.2184 sec
Iteration 4
Elapsed time for kappa 31.1509 sec
Elapsed time for experts 13.0401 sec
Elapsed time for households 12.8102 sec
Iteration 5
Elapsed time for kappa 31.0982 sec
Elapsed time for experts 11.9454 sec
Elapsed time for households 13.1872 sec
Iteration 6
Elapsed time for kappa 30.7973 sec
Elapsed time for experts 12.0018 sec
Elapsed time for households 12.6799 sec
Iteration 7
Elapsed time for kappa 34.2549 sec
Elapsed time for experts 13.2123 sec
Elapsed time for households 12.7109 sec
Iteration 8
Elapsed time for kappa 38.3860 sec
Elapsed time for experts 13.9049 sec
Elapsed time for households 14.1167 sec
Iteration 9
Elapsed time for kappa 31.0649 sec
Elapsed time for experts 11.7632 sec
Elapsed time for households 13.1146 sec
Iteration 10
Elapsed time for kappa 34.2993 sec
Elapsed time for experts 20.3994 sec
Elapsed time for households 16.6086 sec
Iteration 11
Elapsed time for kappa 30.9459 sec
Elapsed time for experts 13.7764 sec
Elapsed time for households 12.1551 sec
Iteration 12
Elapsed time for kappa 31.1921 sec
Elapsed time for experts 14.0192 sec
Elapsed time for households 10.3021 sec
Iteration 13
Elapsed time for kappa 31.0469 sec
Elapsed time for experts 12.4174 sec
Elapsed time for households 12.3061 sec
Iteration 14
Elapsed time for kappa 38.8368 sec
Elapsed time for experts 14.3040 sec
Elapsed time for households 11.1829 sec
Iteration 15
Elapsed time for kappa 31.7668 sec
Elapsed time for experts 14.0725 sec
Elapsed time for households 12.6275 sec
Iteration 16
Elapsed time for kappa 31.1227 sec
Elapsed time for experts 12.4880 sec
Elapsed time for households 11.6680 sec
Iteration 17
Elapsed time for kappa 31.0866 sec
Elapsed time for experts 13.9364 sec
Elapsed time for households 10.4115 sec
Iteration 18
Elapsed time for kappa 31.1293 sec
Elapsed time for experts 12.2220 sec
Elapsed time for households 13.5605 sec
Iteration 19
Elapsed time for kappa 30.9303 sec
Elapsed time for experts 13.7515 sec
Elapsed time for households 10.7897 sec
Iteration 20
Elapsed time for kappa 39.2871 sec
Elapsed time for experts 13.4871 sec
Elapsed time for households 10.8889 sec
Iteration 21
Elapsed time for kappa 31.3460 sec
Elapsed time for experts 13.5591 sec
Elapsed time for households 10.5618 sec
Iteration 22
Elapsed time for kappa 31.2282 sec
Elapsed time for experts 11.8284 sec
Elapsed time for households 10.4599 sec
Iteration 23
Elapsed time for kappa 31.1946 sec
Elapsed time for experts 12.4077 sec
Elapsed time for households 10.1519 sec
Iteration 24
Elapsed time for kappa 31.1422 sec
Elapsed time for experts 12.3038 sec
Elapsed time for households 10.2003 sec
Iteration 25
Elapsed time for kappa 30.9782 sec
Elapsed time for experts 13.2786 sec
Elapsed time for households 10.3637 sec
Iteration 26
Elapsed time for kappa 39.3973 sec
Elapsed time for experts 13.2798 sec
Elapsed time for households 12.5015 sec
Iteration 27
Elapsed time for kappa 31.7804 sec
Elapsed time for experts 13.3149 sec
Elapsed time for households 13.6548 sec
Iteration 28
Elapsed time for kappa 31.1507 sec
Elapsed time for experts 11.4765 sec
Elapsed time for households 10.2572 sec
Iteration 29
Elapsed time for kappa 30.8871 sec
Elapsed time for experts 11.4556 sec
Elapsed time for households 10.3220 sec
Iteration 30
Elapsed time for kappa 30.7819 sec
Elapsed time for experts 12.0181 sec
Elapsed time for households 10.1680 sec
Iteration 31
Elapsed time for kappa 31.0301 sec
Elapsed time for experts 11.8609 sec
Elapsed time for households 10.1569 sec
Iteration 32
Elapsed time for kappa 38.7895 sec
Elapsed time for experts 13.2352 sec
Elapsed time for households 10.6217 sec
Iteration 33
Elapsed time for kappa 31.7275 sec
Elapsed time for experts 12.3273 sec
Elapsed time for households 10.6740 sec
Iteration 34
Elapsed time for kappa 31.3596 sec
Elapsed time for experts 12.6291 sec
Elapsed time for households 10.1762 sec
Iteration 35
Elapsed time for kappa 30.7641 sec
Elapsed time for experts 11.9623 sec
Elapsed time for households 10.7123 sec
Iteration 36
Elapsed time for kappa 30.6296 sec
Elapsed time for experts 12.2923 sec
Elapsed time for households 10.1781 sec
Iteration 37
Elapsed time for kappa 31.0593 sec
Elapsed time for experts 11.9686 sec
Elapsed time for households 10.2299 sec
Iteration 38
Elapsed time for kappa 38.3167 sec
Elapsed time for experts 12.9802 sec
Elapsed time for households 10.9053 sec
Iteration 39
Elapsed time for kappa 31.4832 sec
Elapsed time for experts 12.4072 sec
Elapsed time for households 10.5763 sec
Iteration 40
Elapsed time for kappa 31.1255 sec
Elapsed time for experts 12.3608 sec
Elapsed time for households 10.4725 sec
Iteration 41
Elapsed time for kappa 30.8275 sec
Elapsed time for experts 12.6658 sec
Elapsed time for households 10.1568 sec
Iteration 42
Elapsed time for kappa 30.5998 sec
Elapsed time for experts 12.3846 sec
Elapsed time for households 10.1815 sec
Iteration 43
Elapsed time for kappa 30.8111 sec
Elapsed time for experts 11.6179 sec
Elapsed time for households 16.2863 sec
Iteration 44
Elapsed time for kappa 31.9987 sec
Elapsed time for experts 12.9138 sec
Elapsed time for households 11.6840 sec
Iteration 45
Elapsed time for kappa 34.2300 sec
Elapsed time for experts 12.3539 sec
Elapsed time for households 10.3555 sec
Iteration 46
Elapsed time for kappa 30.7973 sec
Elapsed time for experts 12.5332 sec
Elapsed time for households 10.1768 sec
Iteration 47
Elapsed time for kappa 30.8526 sec
Elapsed time for experts 12.4842 sec
Elapsed time for households 10.0861 sec
Iteration 48
Elapsed time for kappa 30.5208 sec
Elapsed time for experts 12.4871 sec
Elapsed time for households 10.7648 sec
Iteration 49
Elapsed time for kappa 34.0908 sec
Elapsed time for experts 11.8395 sec
Elapsed time for households 17.6019 sec
Iteration 50
Elapsed time for kappa 31.1430 sec
Elapsed time for experts 12.7043 sec
Elapsed time for households 10.3895 sec
Iteration 51
Elapsed time for kappa 30.7687 sec
Elapsed time for experts 13.0836 sec
Elapsed time for households 10.3861 sec
Iteration 52
Elapsed time for kappa 30.5651 sec
Elapsed time for experts 12.5505 sec
Elapsed time for households 10.0750 sec
Iteration 53
Elapsed time for kappa 30.4955 sec
Elapsed time for experts 12.4371 sec
Elapsed time for households 10.0802 sec
Iteration 54
Elapsed time for kappa 30.3474 sec
Elapsed time for experts 12.1003 sec
Elapsed time for households 9.9708 sec
Iteration 55
Elapsed time for kappa 30.6828 sec
Elapsed time for experts 19.8549 sec
Elapsed time for households 11.8080 sec
Iteration 56
Elapsed time for kappa 33.8161 sec
Elapsed time for experts 13.7285 sec
Elapsed time for households 10.3814 sec
Iteration 57
Elapsed time for kappa 30.4820 sec
Elapsed time for experts 12.9269 sec
Elapsed time for households 10.0327 sec
Iteration 58
Elapsed time for kappa 29.9765 sec
Elapsed time for experts 12.2044 sec
Elapsed time for households 10.2642 sec
Iteration 59
Elapsed time for kappa 29.8247 sec
Elapsed time for experts 12.0333 sec
Elapsed time for households 9.9865 sec
Iteration 60
Elapsed time for kappa 29.8334 sec
Elapsed time for experts 11.9745 sec
Elapsed time for households 9.9552 sec
Iteration 61
Elapsed time for kappa 30.4007 sec
Elapsed time for experts 19.5955 sec
Elapsed time for households 11.0545 sec
Iteration 62
Elapsed time for kappa 30.8615 sec
Elapsed time for experts 12.0222 sec
Elapsed time for households 10.5328 sec
Iteration 63
Elapsed time for kappa 30.1435 sec
Elapsed time for experts 12.4696 sec
Elapsed time for households 11.2888 sec
Iteration 64
Elapsed time for kappa 32.7998 sec
Elapsed time for experts 12.3418 sec
Elapsed time for households 10.0635 sec
Iteration 65
Elapsed time for kappa 29.7390 sec
Elapsed time for experts 11.2013 sec
Elapsed time for households 10.1995 sec
Iteration 66
Elapsed time for kappa 29.9266 sec
Elapsed time for experts 11.5246 sec
Elapsed time for households 10.0357 sec
Iteration 67
Elapsed time for kappa 30.5219 sec
Elapsed time for experts 18.6627 sec
Elapsed time for households 10.5863 sec
Iteration 68
Elapsed time for kappa 30.2372 sec
Elapsed time for experts 12.7442 sec
Elapsed time for households 10.0853 sec
Iteration 69
Elapsed time for kappa 29.2948 sec
Elapsed time for experts 11.5343 sec
Elapsed time for households 10.0781 sec
Iteration 70
Elapsed time for kappa 29.1969 sec
Elapsed time for experts 11.0937 sec
Elapsed time for households 9.8134 sec
Iteration 71
Elapsed time for kappa 29.0053 sec
Elapsed time for experts 11.4449 sec
Elapsed time for households 9.9699 sec
Iteration 72
Elapsed time for kappa 29.8183 sec
Elapsed time for experts 11.0439 sec
Elapsed time for households 9.8965 sec
Iteration 73
Elapsed time for kappa 36.7311 sec
Elapsed time for experts 11.8476 sec
Elapsed time for households 10.6924 sec
Iteration 74
Elapsed time for kappa 32.6677 sec
Elapsed time for experts 12.4973 sec
Elapsed time for households 11.0768 sec
Iteration 75
Elapsed time for kappa 32.3648 sec
Elapsed time for experts 11.6726 sec
Elapsed time for households 10.0394 sec
Iteration 76
Elapsed time for kappa 29.0719 sec
Elapsed time for experts 11.7490 sec
Elapsed time for households 10.0057 sec
Iteration 77
Elapsed time for kappa 29.0214 sec
Elapsed time for experts 11.4734 sec
Elapsed time for households 9.9356 sec
Iteration 78
Elapsed time for kappa 29.8275 sec
Elapsed time for experts 11.5082 sec
Elapsed time for households 9.9963 sec
Iteration 79
Elapsed time for kappa 36.0592 sec
Elapsed time for experts 12.8250 sec
Elapsed time for households 10.2045 sec
Iteration 80
Elapsed time for kappa 29.3825 sec
Elapsed time for experts 11.3031 sec
Elapsed time for households 10.0601 sec
Iteration 81
Elapsed time for kappa 29.2701 sec
Elapsed time for experts 11.2249 sec
Elapsed time for households 10.0631 sec
Iteration 82
Elapsed time for kappa 29.0056 sec
Elapsed time for experts 11.0942 sec
Elapsed time for households 9.8676 sec
Iteration 83
Elapsed time for kappa 28.4676 sec
Elapsed time for experts 10.8599 sec
Elapsed time for households 11.8277 sec
Iteration 84
Elapsed time for kappa 29.2905 sec
Elapsed time for experts 12.9493 sec
Elapsed time for households 9.7891 sec
Iteration 85
Elapsed time for kappa 35.6548 sec
Elapsed time for experts 12.2863 sec
Elapsed time for households 10.3040 sec
Iteration 86
Elapsed time for kappa 29.3931 sec
Elapsed time for experts 12.5631 sec
Elapsed time for households 11.1487 sec
Iteration 87
Elapsed time for kappa 28.9108 sec
Elapsed time for experts 11.5309 sec
Elapsed time for households 9.7820 sec
Iteration 88
Elapsed time for kappa 28.6771 sec
Elapsed time for experts 11.5212 sec
Elapsed time for households 9.8265 sec
Iteration 89
Elapsed time for kappa 28.2410 sec
Elapsed time for experts 11.3054 sec
Elapsed time for households 9.5805 sec
Iteration 90
Elapsed time for kappa 28.7747 sec
Elapsed time for experts 11.0208 sec
Elapsed time for households 9.5208 sec
Iteration 91
Elapsed time for kappa 35.6498 sec
Elapsed time for experts 12.5211 sec
Elapsed time for households 10.2612 sec
Iteration 92
Elapsed time for kappa 29.0137 sec
Elapsed time for experts 12.6071 sec
Elapsed time for households 9.8870 sec
Iteration 93
Elapsed time for kappa 28.5342 sec
Elapsed time for experts 11.9972 sec
Elapsed time for households 9.9451 sec
Iteration 94
Elapsed time for kappa 28.2154 sec
Elapsed time for experts 11.3791 sec
Elapsed time for households 9.9244 sec
Iteration 95
Elapsed time for kappa 28.2485 sec
Elapsed time for experts 10.8691 sec
Elapsed time for households 9.7239 sec
Iteration 96
Elapsed time for kappa 28.2937 sec
Elapsed time for experts 11.7187 sec
Elapsed time for households 9.8369 sec
Iteration 97
Elapsed time for kappa 35.1103 sec
Elapsed time for experts 11.9282 sec
Elapsed time for households 10.2098 sec
Iteration 98
Elapsed time for kappa 28.9319 sec
Elapsed time for experts 12.7421 sec
Elapsed time for households 10.1042 sec
Iteration 99
Elapsed time for kappa 28.6809 sec
Elapsed time for experts 11.3714 sec
Elapsed time for households 9.7556 sec
Iteration 100
Elapsed time for kappa 28.2469 sec
Elapsed time for experts 11.7540 sec
Elapsed time for households 9.9431 sec
Iteration 101
Elapsed time for kappa 28.2259 sec
Elapsed time for experts 10.9683 sec
Elapsed time for households 9.8164 sec
Iteration 102
Elapsed time for kappa 28.0082 sec
Elapsed time for experts 11.3883 sec
Elapsed time for households 9.7525 sec
Iteration 103
Elapsed time for kappa 34.9332 sec
Elapsed time for experts 11.5585 sec
Elapsed time for households 10.1987 sec
Iteration 104
Elapsed time for kappa 28.9648 sec
Elapsed time for experts 12.1471 sec
Elapsed time for households 10.0983 sec
Iteration 105
Elapsed time for kappa 28.5377 sec
Elapsed time for experts 11.4859 sec
Elapsed time for households 10.2940 sec
Iteration 106
Elapsed time for kappa 28.3214 sec
Elapsed time for experts 11.5381 sec
Elapsed time for households 9.9251 sec
Iteration 107
Elapsed time for kappa 28.2403 sec
Elapsed time for experts 10.8890 sec
Elapsed time for households 9.7607 sec
Iteration 108
Elapsed time for kappa 27.8094 sec
Elapsed time for experts 10.7658 sec
Elapsed time for households 9.7336 sec
Iteration 109
Elapsed time for kappa 35.3350 sec
Elapsed time for experts 11.9871 sec
Elapsed time for households 10.2235 sec
Iteration 110
Elapsed time for kappa 32.0129 sec
Elapsed time for experts 13.2954 sec
Elapsed time for households 10.2215 sec
Iteration 111
Elapsed time for kappa 28.5929 sec
Elapsed time for experts 11.9378 sec
Elapsed time for households 10.0786 sec
Iteration 112
Elapsed time for kappa 28.4607 sec
Elapsed time for experts 12.7892 sec
Elapsed time for households 9.7399 sec
Iteration 113
Elapsed time for kappa 27.9152 sec
Elapsed time for experts 11.5718 sec
Elapsed time for households 9.9129 sec
Iteration 114
Elapsed time for kappa 28.1262 sec
Elapsed time for experts 11.4963 sec
Elapsed time for households 15.0997 sec
Iteration 115
Elapsed time for kappa 32.4613 sec
Elapsed time for experts 13.7736 sec
Elapsed time for households 10.2842 sec
Iteration 116
Elapsed time for kappa 28.8187 sec
Elapsed time for experts 12.2211 sec
Elapsed time for households 10.0102 sec
Iteration 117
Elapsed time for kappa 28.3878 sec
Elapsed time for experts 10.9837 sec
Elapsed time for households 9.6586 sec
Iteration 118
Elapsed time for kappa 28.1406 sec
Elapsed time for experts 11.7416 sec
Elapsed time for households 9.7714 sec
Iteration 119
Elapsed time for kappa 28.1370 sec
Elapsed time for experts 11.9749 sec
Elapsed time for households 9.5520 sec
Iteration 120
Elapsed time for kappa 28.0590 sec
Elapsed time for experts 17.5678 sec
Elapsed time for households 10.4037 sec
Iteration 121
Elapsed time for kappa 29.5582 sec
Elapsed time for experts 12.1020 sec
Elapsed time for households 10.2801 sec
Iteration 122
Elapsed time for kappa 28.6428 sec
Elapsed time for experts 11.6561 sec
Elapsed time for households 10.0536 sec
Iteration 123
Elapsed time for kappa 28.6616 sec
Elapsed time for experts 11.8571 sec
Elapsed time for households 10.9127 sec
Iteration 124
Elapsed time for kappa 31.1312 sec
Elapsed time for experts 12.2989 sec
Elapsed time for households 10.8258 sec
Iteration 125
Elapsed time for kappa 30.8928 sec
Elapsed time for experts 12.5074 sec
Elapsed time for households 10.6808 sec
Iteration 126
Elapsed time for kappa 30.7685 sec
Elapsed time for experts 12.8742 sec
Elapsed time for households 16.1541 sec
Iteration 127
Elapsed time for kappa 29.6823 sec
Elapsed time for experts 12.3812 sec
Elapsed time for households 10.2029 sec
Iteration 128
Elapsed time for kappa 29.0384 sec
Elapsed time for experts 12.8268 sec
Elapsed time for households 9.9479 sec
Iteration 129
Elapsed time for kappa 28.3317 sec
Elapsed time for experts 10.9359 sec
Elapsed time for households 9.8750 sec
Iteration 130
Elapsed time for kappa 28.2352 sec
Elapsed time for experts 10.8611 sec
Elapsed time for households 9.8419 sec
Iteration 131
Elapsed time for kappa 28.2671 sec
Elapsed time for experts 11.8105 sec
Elapsed time for households 9.5491 sec
Iteration 132
Elapsed time for kappa 27.9753 sec
Elapsed time for experts 17.6012 sec
Elapsed time for households 10.5668 sec
Iteration 133
Elapsed time for kappa 32.4458 sec
Elapsed time for experts 13.3042 sec
Elapsed time for households 11.1368 sec
Iteration 134
Elapsed time for kappa 31.8833 sec
Elapsed time for experts 14.2868 sec
Elapsed time for households 10.0633 sec
Iteration 135
Elapsed time for kappa 28.5346 sec
Elapsed time for experts 10.9721 sec
Elapsed time for households 9.7589 sec
Iteration 136
Elapsed time for kappa 28.2123 sec
Elapsed time for experts 10.8496 sec
Elapsed time for households 9.8107 sec
Iteration 137
Elapsed time for kappa 28.0401 sec
Elapsed time for experts 10.9577 sec
Elapsed time for households 9.6995 sec
Iteration 138
Elapsed time for kappa 28.0390 sec
Elapsed time for experts 10.8022 sec
Elapsed time for households 16.0673 sec
Iteration 139
Elapsed time for kappa 29.5989 sec
Elapsed time for experts 11.2829 sec
Elapsed time for households 9.9748 sec
Iteration 140
Elapsed time for kappa 29.0716 sec
Elapsed time for experts 11.3598 sec
Elapsed time for households 9.9617 sec
Iteration 141
Elapsed time for kappa 28.9013 sec
Elapsed time for experts 11.6457 sec
Elapsed time for households 11.0734 sec
Iteration 142
Elapsed time for kappa 31.2789 sec
Elapsed time for experts 12.5503 sec
Elapsed time for households 9.7633 sec
Iteration 143
Elapsed time for kappa 28.0598 sec
Elapsed time for experts 10.8563 sec
Elapsed time for households 9.7031 sec
Iteration 144
Elapsed time for kappa 27.9032 sec
Elapsed time for experts 11.2315 sec
Elapsed time for households 16.1167 sec
Iteration 145
Elapsed time for kappa 29.7992 sec
Elapsed time for experts 12.2581 sec
Elapsed time for households 10.1872 sec
Iteration 146
Elapsed time for kappa 29.0704 sec
Elapsed time for experts 11.8007 sec
Elapsed time for households 10.2981 sec
Iteration 147
Elapsed time for kappa 31.6769 sec
Elapsed time for experts 12.6588 sec
Elapsed time for households 9.9463 sec
Iteration 148
Elapsed time for kappa 28.3883 sec
Elapsed time for experts 11.8082 sec
Elapsed time for households 9.6284 sec
Iteration 149
Elapsed time for kappa 28.0190 sec
Elapsed time for experts 10.8931 sec
Elapsed time for households 9.5929 sec
Iteration 150
Elapsed time for kappa 27.8963 sec
Elapsed time for experts 11.1269 sec
Elapsed time for households 9.5228 sec
Iteration 151
Elapsed time for kappa 35.8028 sec
Elapsed time for experts 11.5095 sec
Elapsed time for households 10.3186 sec
Iteration 152
Elapsed time for kappa 29.0020 sec
Elapsed time for experts 11.7332 sec
Elapsed time for households 10.1720 sec
Iteration 153
Elapsed time for kappa 28.6612 sec
Elapsed time for experts 11.7910 sec
Elapsed time for households 9.9700 sec
Iteration 154
Elapsed time for kappa 28.3964 sec
Elapsed time for experts 11.4971 sec
Elapsed time for households 9.9232 sec
Iteration 155
Elapsed time for kappa 28.2706 sec
Elapsed time for experts 12.5029 sec
Elapsed time for households 11.0242 sec
Iteration 156
Elapsed time for kappa 27.8528 sec
Elapsed time for experts 10.7422 sec
Elapsed time for households 15.1939 sec
Iteration 157
Elapsed time for kappa 29.4692 sec
Elapsed time for experts 11.6468 sec
Elapsed time for households 10.0366 sec
Iteration 158
Elapsed time for kappa 29.1673 sec
Elapsed time for experts 11.4481 sec
Elapsed time for households 10.1380 sec
Iteration 159
Elapsed time for kappa 28.7721 sec
Elapsed time for experts 12.0136 sec
Elapsed time for households 10.1509 sec
Iteration 160
Elapsed time for kappa 28.4392 sec
Elapsed time for experts 11.5916 sec
Elapsed time for households 9.7306 sec
Iteration 161
Elapsed time for kappa 27.7865 sec
Elapsed time for experts 10.7192 sec
Elapsed time for households 9.4525 sec
Iteration 162
Elapsed time for kappa 27.6588 sec
Elapsed time for experts 18.4121 sec
Elapsed time for households 10.5417 sec
Iteration 163
Elapsed time for kappa 29.3279 sec
Elapsed time for experts 12.2103 sec
Elapsed time for households 10.1715 sec
Iteration 164
Elapsed time for kappa 29.3868 sec
Elapsed time for experts 12.0222 sec
Elapsed time for households 10.0094 sec
Iteration 165
Elapsed time for kappa 31.6538 sec
Elapsed time for experts 12.3639 sec
Elapsed time for households 11.2170 sec
Iteration 166
Elapsed time for kappa 28.4005 sec
Elapsed time for experts 10.9878 sec
Elapsed time for households 9.6808 sec
Iteration 167
Elapsed time for kappa 27.9831 sec
Elapsed time for experts 11.7798 sec
Elapsed time for households 9.8490 sec
Iteration 168
Elapsed time for kappa 28.0376 sec
Elapsed time for experts 11.6114 sec
Elapsed time for households 15.7959 sec
Iteration 169
Elapsed time for kappa 29.5617 sec
Elapsed time for experts 11.7901 sec
Elapsed time for households 10.2115 sec
Iteration 170
Elapsed time for kappa 28.9689 sec
Elapsed time for experts 11.2326 sec
Elapsed time for households 10.0900 sec
Iteration 171
Elapsed time for kappa 28.9574 sec
Elapsed time for experts 12.2052 sec
Elapsed time for households 9.9642 sec
Iteration 172
Elapsed time for kappa 28.3920 sec
Elapsed time for experts 10.9846 sec
Elapsed time for households 9.9369 sec
Iteration 173
Elapsed time for kappa 28.3088 sec
Elapsed time for experts 11.6589 sec
Elapsed time for households 9.6426 sec
Iteration 174
Elapsed time for kappa 28.0064 sec
Elapsed time for experts 10.8090 sec
Elapsed time for households 16.1448 sec
Iteration 175
Elapsed time for kappa 29.5834 sec
Elapsed time for experts 11.3504 sec
Elapsed time for households 10.3544 sec
Iteration 176
Elapsed time for kappa 29.1113 sec
Elapsed time for experts 11.3050 sec
Elapsed time for households 10.1920 sec
Iteration 177
Elapsed time for kappa 28.7507 sec
Elapsed time for experts 11.3419 sec
Elapsed time for households 9.9239 sec
Iteration 178
Elapsed time for kappa 28.5832 sec
Elapsed time for experts 11.7133 sec
Elapsed time for households 9.7376 sec
Iteration 179
Elapsed time for kappa 27.8791 sec
Elapsed time for experts 11.5299 sec
Elapsed time for households 9.6651 sec
Iteration 180
Elapsed time for kappa 28.0591 sec
Elapsed time for experts 10.7553 sec
Elapsed time for households 10.7274 sec
Iteration 181
Elapsed time for kappa 39.1943 sec
Elapsed time for experts 13.5300 sec
Elapsed time for households 10.1708 sec
Iteration 182
Elapsed time for kappa 29.3352 sec
Elapsed time for experts 11.7508 sec
Elapsed time for households 10.3431 sec
Iteration 183
Elapsed time for kappa 29.1509 sec
Elapsed time for experts 11.7275 sec
Elapsed time for households 10.1575 sec
Iteration 184
Elapsed time for kappa 28.8285 sec
Elapsed time for experts 12.0029 sec
Elapsed time for households 9.9791 sec
Iteration 185
Elapsed time for kappa 28.2723 sec
Elapsed time for experts 11.8129 sec
Elapsed time for households 9.6356 sec
Iteration 186
Elapsed time for kappa 27.9701 sec
Elapsed time for experts 11.4045 sec
Elapsed time for households 15.5512 sec
Iteration 187
Elapsed time for kappa 29.6575 sec
Elapsed time for experts 13.0234 sec
Elapsed time for households 10.4824 sec
Iteration 188
Elapsed time for kappa 29.2420 sec
Elapsed time for experts 11.3003 sec
Elapsed time for households 10.2102 sec
Iteration 189
Elapsed time for kappa 29.0203 sec
Elapsed time for experts 11.5899 sec
Elapsed time for households 10.0662 sec
Iteration 190
Elapsed time for kappa 28.5847 sec
Elapsed time for experts 11.6904 sec
Elapsed time for households 9.8697 sec
Iteration 191
Elapsed time for kappa 28.2053 sec
Elapsed time for experts 10.9503 sec
Elapsed time for households 9.6335 sec
Iteration 192
Elapsed time for kappa 27.8471 sec
Elapsed time for experts 11.7527 sec
Elapsed time for households 16.0405 sec
Iteration 193
Elapsed time for kappa 29.6403 sec
Elapsed time for experts 11.3811 sec
Elapsed time for households 10.1521 sec
Iteration 194
Elapsed time for kappa 29.5223 sec
Elapsed time for experts 11.4428 sec
Elapsed time for households 10.3914 sec
Iteration 195
Elapsed time for kappa 29.0572 sec
Elapsed time for experts 12.0428 sec
Elapsed time for households 9.9230 sec
Iteration 196
Elapsed time for kappa 28.4990 sec
Elapsed time for experts 10.9935 sec
Elapsed time for households 9.8418 sec
Iteration 197
Elapsed time for kappa 28.1567 sec
Elapsed time for experts 10.8974 sec
Elapsed time for households 9.5959 sec
Iteration 198
Elapsed time for kappa 27.9459 sec
Elapsed time for experts 11.2617 sec
Elapsed time for households 9.6670 sec
Iteration 199
Elapsed time for kappa 36.1589 sec
Elapsed time for experts 12.1722 sec
Elapsed time for households 10.2304 sec
Iteration 200
Elapsed time for kappa 29.2637 sec
Elapsed time for experts 12.3768 sec
Elapsed time for households 10.2453 sec
Iteration 201
Elapsed time for kappa 29.3302 sec
Elapsed time for experts 11.2960 sec
Elapsed time for households 10.9968 sec
Iteration 202
Elapsed time for kappa 31.5931 sec
Elapsed time for experts 13.3913 sec
Elapsed time for households 9.8861 sec
Iteration 203
Elapsed time for kappa 28.2292 sec
Elapsed time for experts 12.8389 sec
Elapsed time for households 9.6337 sec
Iteration 204
Elapsed time for kappa 28.0836 sec
Elapsed time for experts 16.8672 sec
Elapsed time for households 10.7354 sec
Iteration 205
Elapsed time for kappa 29.6711 sec
Elapsed time for experts 12.4448 sec
Elapsed time for households 10.2106 sec
Iteration 206
Elapsed time for kappa 29.1853 sec
Elapsed time for experts 12.0527 sec
Elapsed time for households 10.2865 sec
Iteration 207
Elapsed time for kappa 31.9535 sec
Elapsed time for experts 11.6212 sec
Elapsed time for households 9.9682 sec
Iteration 208
Elapsed time for kappa 28.5017 sec
Elapsed time for experts 11.8276 sec
Elapsed time for households 9.8001 sec
Iteration 209
Elapsed time for kappa 27.9832 sec
Elapsed time for experts 10.8005 sec
Elapsed time for households 9.7551 sec
Iteration 210
Elapsed time for kappa 27.9170 sec
Elapsed time for experts 10.7109 sec
Elapsed time for households 16.2253 sec
Iteration 211
Elapsed time for kappa 29.8075 sec
Elapsed time for experts 12.3218 sec
Elapsed time for households 10.2223 sec
Iteration 212
Elapsed time for kappa 29.4786 sec
Elapsed time for experts 12.1906 sec
Elapsed time for households 10.2562 sec
Iteration 213
Elapsed time for kappa 29.1427 sec
Elapsed time for experts 12.3941 sec
Elapsed time for households 9.9634 sec
Iteration 214
Elapsed time for kappa 28.7921 sec
Elapsed time for experts 11.2459 sec
Elapsed time for households 9.8180 sec
Iteration 215
Elapsed time for kappa 28.0051 sec
Elapsed time for experts 10.7098 sec
Elapsed time for households 9.8817 sec
Iteration 216
Elapsed time for kappa 28.0122 sec
Elapsed time for experts 11.2468 sec
Elapsed time for households 16.2991 sec
Iteration 217
Elapsed time for kappa 29.8814 sec
Elapsed time for experts 11.5198 sec
Elapsed time for households 10.4523 sec
Iteration 218
Elapsed time for kappa 29.5631 sec
Elapsed time for experts 11.8445 sec
Elapsed time for households 10.2490 sec
Iteration 219
Elapsed time for kappa 29.1452 sec
Elapsed time for experts 11.2546 sec
Elapsed time for households 9.9948 sec
Iteration 220
Elapsed time for kappa 28.6055 sec
Elapsed time for experts 11.8862 sec
Elapsed time for households 9.9689 sec
Iteration 221
Elapsed time for kappa 27.9969 sec
Elapsed time for experts 10.7704 sec
Elapsed time for households 9.7435 sec
Iteration 222
Elapsed time for kappa 27.6955 sec
Elapsed time for experts 11.2657 sec
Elapsed time for households 9.6384 sec
Iteration 223
Elapsed time for kappa 36.4619 sec
Elapsed time for experts 11.6760 sec
Elapsed time for households 10.5235 sec
Iteration 224
Elapsed time for kappa 29.4696 sec
Elapsed time for experts 13.4822 sec
Elapsed time for households 10.0604 sec
Iteration 225
Elapsed time for kappa 29.2793 sec
Elapsed time for experts 12.2117 sec
Elapsed time for households 10.3151 sec
Iteration 226
Elapsed time for kappa 28.7554 sec
Elapsed time for experts 11.9130 sec
Elapsed time for households 10.0722 sec
Iteration 227
Elapsed time for kappa 28.3051 sec
Elapsed time for experts 10.9258 sec
Elapsed time for households 9.8472 sec
Iteration 228
Elapsed time for kappa 28.0337 sec
Elapsed time for experts 11.2668 sec
Elapsed time for households 15.7072 sec
Iteration 229
Elapsed time for kappa 29.7980 sec
Elapsed time for experts 11.8438 sec
Elapsed time for households 10.3834 sec
Iteration 230
Elapsed time for kappa 29.5088 sec
Elapsed time for experts 12.7907 sec
Elapsed time for households 10.0321 sec
Iteration 231
Elapsed time for kappa 29.1346 sec
Elapsed time for experts 12.1635 sec
Elapsed time for households 10.1599 sec
Iteration 232
Elapsed time for kappa 28.5827 sec
Elapsed time for experts 11.8978 sec
Elapsed time for households 10.0144 sec
Iteration 233
Elapsed time for kappa 28.2029 sec
Elapsed time for experts 10.8770 sec
Elapsed time for households 9.7596 sec
Iteration 234
Elapsed time for kappa 28.0353 sec
Elapsed time for experts 11.0847 sec
Elapsed time for households 9.3695 sec
Iteration 235
Elapsed time for kappa 36.3218 sec
Elapsed time for experts 11.5816 sec
Elapsed time for households 10.3382 sec
Iteration 236
Elapsed time for kappa 29.1991 sec
Elapsed time for experts 11.6500 sec
Elapsed time for households 10.2558 sec
Iteration 237
Elapsed time for kappa 29.4553 sec
Elapsed time for experts 11.4542 sec
Elapsed time for households 10.2150 sec
Iteration 238
Elapsed time for kappa 31.8618 sec
Elapsed time for experts 12.5204 sec
Elapsed time for households 10.9451 sec
Iteration 239
Elapsed time for kappa 28.5058 sec
Elapsed time for experts 11.3896 sec
Elapsed time for households 9.7636 sec
Iteration 240
Elapsed time for kappa 28.0183 sec
Elapsed time for experts 11.3568 sec
Elapsed time for households 9.8207 sec
Iteration 241
Elapsed time for kappa 35.7713 sec
Elapsed time for experts 11.6073 sec
Elapsed time for households 10.4479 sec
Iteration 242
Elapsed time for kappa 29.3656 sec
Elapsed time for experts 11.8789 sec
Elapsed time for households 9.9093 sec
Iteration 243
Elapsed time for kappa 29.0148 sec
Elapsed time for experts 11.8555 sec
Elapsed time for households 10.2452 sec
Iteration 244
Elapsed time for kappa 28.7602 sec
Elapsed time for experts 12.2110 sec
Elapsed time for households 10.0750 sec
Iteration 245
Elapsed time for kappa 28.5038 sec
Elapsed time for experts 11.4460 sec
Elapsed time for households 9.8865 sec
Iteration 246
Elapsed time for kappa 28.1114 sec
Elapsed time for experts 17.4971 sec
Elapsed time for households 10.9102 sec
Iteration 247
Elapsed time for kappa 29.6426 sec
Elapsed time for experts 11.3751 sec
Elapsed time for households 10.3059 sec
Iteration 248
Elapsed time for kappa 29.4409 sec
Elapsed time for experts 11.8837 sec
Elapsed time for households 10.2327 sec
Iteration 249
Elapsed time for kappa 29.2581 sec
Elapsed time for experts 11.3666 sec
Elapsed time for households 10.2031 sec
Iteration 250
Elapsed time for kappa 28.7461 sec
Elapsed time for experts 12.4378 sec
Elapsed time for households 9.6647 sec
Iteration 251
Elapsed time for kappa 27.9701 sec
Elapsed time for experts 11.2989 sec
Elapsed time for households 9.8019 sec
Iteration 252
Elapsed time for kappa 27.7114 sec
Elapsed time for experts 11.4781 sec
Elapsed time for households 17.7159 sec
Iteration 253
Elapsed time for kappa 29.8047 sec
Elapsed time for experts 11.9741 sec
Elapsed time for households 10.1593 sec
Iteration 254
Elapsed time for kappa 29.2292 sec
Elapsed time for experts 11.6079 sec
Elapsed time for households 10.1625 sec
Iteration 255
Elapsed time for kappa 29.2132 sec
Elapsed time for experts 11.3091 sec
Elapsed time for households 10.0193 sec
Iteration 256
Elapsed time for kappa 28.8454 sec
Elapsed time for experts 11.6947 sec
Elapsed time for households 9.9891 sec
Iteration 257
Elapsed time for kappa 28.4986 sec
Elapsed time for experts 12.1182 sec
Elapsed time for households 9.6861 sec
Iteration 258
Elapsed time for kappa 28.1241 sec
Elapsed time for experts 11.1687 sec
Elapsed time for households 16.3423 sec
Iteration 259
Elapsed time for kappa 29.7161 sec
Elapsed time for experts 11.9402 sec
Elapsed time for households 10.0648 sec
Iteration 260
Elapsed time for kappa 29.1126 sec
Elapsed time for experts 11.5861 sec
Elapsed time for households 10.1121 sec
Iteration 261
Elapsed time for kappa 29.1401 sec
Elapsed time for experts 12.2481 sec
Elapsed time for households 10.1714 sec
Iteration 262
Elapsed time for kappa 28.6919 sec
Elapsed time for experts 11.6793 sec
Elapsed time for households 10.0936 sec
Iteration 263
Elapsed time for kappa 28.4502 sec
Elapsed time for experts 11.4620 sec
Elapsed time for households 9.9411 sec
Iteration 264
Elapsed time for kappa 30.8546 sec
Elapsed time for experts 12.0477 sec
Elapsed time for households 9.6944 sec
Iteration 265
Elapsed time for kappa 36.6344 sec
Elapsed time for experts 11.6609 sec
Elapsed time for households 10.3970 sec
Iteration 266
Elapsed time for kappa 29.3567 sec
Elapsed time for experts 11.7381 sec
Elapsed time for households 10.1204 sec
Iteration 267
Elapsed time for kappa 29.1646 sec
Elapsed time for experts 11.2099 sec
Elapsed time for households 10.1257 sec
Iteration 268
Elapsed time for kappa 28.7803 sec
Elapsed time for experts 11.7696 sec
Elapsed time for households 10.2112 sec
Iteration 269
Elapsed time for kappa 28.3345 sec
Elapsed time for experts 11.4408 sec
Elapsed time for households 9.9826 sec
Iteration 270
Elapsed time for kappa 28.2795 sec
Elapsed time for experts 10.9983 sec
Elapsed time for households 9.7601 sec
Iteration 271
Elapsed time for kappa 35.8217 sec
Elapsed time for experts 12.2167 sec
Elapsed time for households 10.2397 sec
Iteration 272
Elapsed time for kappa 29.4802 sec
Elapsed time for experts 11.3481 sec
Elapsed time for households 11.1552 sec
Iteration 273
Elapsed time for kappa 32.2555 sec
Elapsed time for experts 12.9100 sec
Elapsed time for households 11.1482 sec
Iteration 274
Elapsed time for kappa 31.9592 sec
Elapsed time for experts 12.2458 sec
Elapsed time for households 10.1635 sec
Iteration 275
Elapsed time for kappa 28.4704 sec
Elapsed time for experts 11.6232 sec
Elapsed time for households 9.8219 sec
Iteration 276
Elapsed time for kappa 28.1099 sec
Elapsed time for experts 10.8390 sec
Elapsed time for households 15.9016 sec
Iteration 277
Elapsed time for kappa 30.0220 sec
Elapsed time for experts 11.7263 sec
Elapsed time for households 10.3680 sec
Iteration 278
Elapsed time for kappa 29.3066 sec
Elapsed time for experts 11.9572 sec
Elapsed time for households 10.1477 sec
Iteration 279
Elapsed time for kappa 29.3809 sec
Elapsed time for experts 12.0610 sec
Elapsed time for households 10.0012 sec
Iteration 280
Elapsed time for kappa 28.7203 sec
Elapsed time for experts 12.0465 sec
Elapsed time for households 10.0451 sec
Iteration 281
Elapsed time for kappa 28.1522 sec
Elapsed time for experts 11.2527 sec
Elapsed time for households 10.0584 sec
Iteration 282
Elapsed time for kappa 30.8083 sec
Elapsed time for experts 12.4816 sec
Elapsed time for households 9.8091 sec
Iteration 283
Elapsed time for kappa 36.3454 sec
Elapsed time for experts 11.6884 sec
Elapsed time for households 10.3700 sec
Iteration 284
Elapsed time for kappa 29.3858 sec
Elapsed time for experts 12.1443 sec
Elapsed time for households 10.4230 sec
Iteration 285
Elapsed time for kappa 29.4520 sec
Elapsed time for experts 11.2395 sec
Elapsed time for households 10.3500 sec
Iteration 286
Elapsed time for kappa 29.1761 sec
Elapsed time for experts 11.2438 sec
Elapsed time for households 10.1885 sec
Iteration 287
Elapsed time for kappa 28.7026 sec
Elapsed time for experts 11.6974 sec
Elapsed time for households 10.0103 sec
Iteration 288
Elapsed time for kappa 28.1031 sec
Elapsed time for experts 11.9086 sec
Elapsed time for households 15.6388 sec
Iteration 289
Elapsed time for kappa 29.8812 sec
Elapsed time for experts 11.4312 sec
Elapsed time for households 10.2493 sec
Iteration 290
Elapsed time for kappa 29.5168 sec
Elapsed time for experts 12.4706 sec
Elapsed time for households 9.9882 sec
Iteration 291
Elapsed time for kappa 29.2059 sec
Elapsed time for experts 12.4596 sec
Elapsed time for households 11.3373 sec
Iteration 292
Elapsed time for kappa 28.7247 sec
Elapsed time for experts 11.3862 sec
Elapsed time for households 9.8731 sec
Iteration 293
Elapsed time for kappa 28.2816 sec
Elapsed time for experts 10.8754 sec
Elapsed time for households 9.7312 sec
Iteration 294
Elapsed time for kappa 27.9310 sec
Elapsed time for experts 10.8931 sec
Elapsed time for households 9.7068 sec
Iteration 295
Elapsed time for kappa 37.0125 sec
Elapsed time for experts 13.2435 sec
Elapsed time for households 10.4506 sec
Iteration 296
Elapsed time for kappa 29.6608 sec
Elapsed time for experts 11.8895 sec
Elapsed time for households 10.1579 sec
Iteration 297
Elapsed time for kappa 29.4312 sec
Elapsed time for experts 11.1812 sec
Elapsed time for households 10.0412 sec
Iteration 298
Elapsed time for kappa 28.9140 sec
Elapsed time for experts 11.1998 sec
Elapsed time for households 9.9225 sec
Iteration 299
Elapsed time for kappa 28.4265 sec
Elapsed time for experts 11.1461 sec
Elapsed time for households 9.8584 sec
Elapsed time for training 15929.9181 sec
