Iteration 0
Elapsed time for kappa 106.8610 sec
Elapsed time for experts 39.0235 sec
Elapsed time for households 34.7920 sec
Iteration 1
Elapsed time for kappa 74.9908 sec
Elapsed time for experts 34.0942 sec
Elapsed time for households 34.4177 sec
Iteration 2
Elapsed time for kappa 75.2470 sec
Elapsed time for experts 33.5705 sec
Elapsed time for households 31.2947 sec
Iteration 3
Elapsed time for kappa 74.0507 sec
Elapsed time for experts 33.4785 sec
Elapsed time for households 31.5907 sec
Iteration 4
Elapsed time for kappa 74.3052 sec
Elapsed time for experts 34.0395 sec
Elapsed time for households 33.6937 sec
Iteration 5
Elapsed time for kappa 74.7567 sec
Elapsed time for experts 33.7310 sec
Elapsed time for households 31.6599 sec
Iteration 6
Elapsed time for kappa 75.0340 sec
Elapsed time for experts 34.8629 sec
Elapsed time for households 31.6171 sec
Iteration 7
Elapsed time for kappa 81.9225 sec
Elapsed time for experts 33.8152 sec
Elapsed time for households 31.7586 sec
Iteration 8
Elapsed time for kappa 74.8159 sec
Elapsed time for experts 33.1667 sec
Elapsed time for households 31.8757 sec
Iteration 9
Elapsed time for kappa 75.6202 sec
Elapsed time for experts 33.3921 sec
Elapsed time for households 31.4673 sec
Iteration 10
Elapsed time for kappa 76.0277 sec
Elapsed time for experts 32.6347 sec
Elapsed time for households 31.2642 sec
Iteration 11
Elapsed time for kappa 75.1627 sec
Elapsed time for experts 33.5015 sec
Elapsed time for households 31.8186 sec
Iteration 12
Elapsed time for kappa 73.9273 sec
Elapsed time for experts 33.0500 sec
Elapsed time for households 31.5060 sec
Iteration 13
Elapsed time for kappa 80.6350 sec
Elapsed time for experts 32.9172 sec
Elapsed time for households 31.7412 sec
Iteration 14
Elapsed time for kappa 75.2210 sec
Elapsed time for experts 32.6168 sec
Elapsed time for households 31.8072 sec
Elapsed time for training 2159.6309 sec
