Iteration 0
Elapsed time for kappa 69.4172 sec
Elapsed time for experts 18.6617 sec
Elapsed time for households 15.0419 sec
Iteration 1
Elapsed time for kappa 33.5706 sec
Elapsed time for experts 13.9332 sec
Elapsed time for households 12.9623 sec
Iteration 2
Elapsed time for kappa 36.9479 sec
Elapsed time for experts 14.2601 sec
Elapsed time for households 12.8727 sec
Iteration 3
Elapsed time for kappa 33.5837 sec
Elapsed time for experts 13.8777 sec
Elapsed time for households 11.3425 sec
Iteration 4
Elapsed time for kappa 32.8971 sec
Elapsed time for experts 12.7605 sec
Elapsed time for households 10.4658 sec
Iteration 5
Elapsed time for kappa 32.9145 sec
Elapsed time for experts 12.8004 sec
Elapsed time for households 12.3991 sec
Iteration 6
Elapsed time for kappa 34.1917 sec
Elapsed time for experts 13.6761 sec
Elapsed time for households 11.2588 sec
Iteration 7
Elapsed time for kappa 34.0184 sec
Elapsed time for experts 12.6503 sec
Elapsed time for households 11.7057 sec
Iteration 8
Elapsed time for kappa 42.6656 sec
Elapsed time for experts 13.1474 sec
Elapsed time for households 10.6744 sec
Iteration 9
Elapsed time for kappa 31.4261 sec
Elapsed time for experts 12.7317 sec
Elapsed time for households 13.1164 sec
Iteration 10
Elapsed time for kappa 33.2097 sec
Elapsed time for experts 12.8661 sec
Elapsed time for households 11.5468 sec
Iteration 11
Elapsed time for kappa 33.1386 sec
Elapsed time for experts 12.4753 sec
Elapsed time for households 11.5218 sec
Iteration 12
Elapsed time for kappa 33.3540 sec
Elapsed time for experts 13.1127 sec
Elapsed time for households 11.5349 sec
Iteration 13
Elapsed time for kappa 33.6693 sec
Elapsed time for experts 13.5425 sec
Elapsed time for households 11.6419 sec
Iteration 14
Elapsed time for kappa 41.2813 sec
Elapsed time for experts 13.1140 sec
Elapsed time for households 11.5683 sec
Iteration 15
Elapsed time for kappa 34.4041 sec
Elapsed time for experts 12.7029 sec
Elapsed time for households 11.6438 sec
Iteration 16
Elapsed time for kappa 33.9522 sec
Elapsed time for experts 12.1852 sec
Elapsed time for households 11.2869 sec
Iteration 17
Elapsed time for kappa 33.5407 sec
Elapsed time for experts 12.2461 sec
Elapsed time for households 10.2962 sec
Iteration 18
Elapsed time for kappa 32.0685 sec
Elapsed time for experts 13.2696 sec
Elapsed time for households 11.1012 sec
Iteration 19
Elapsed time for kappa 33.2677 sec
Elapsed time for experts 13.3990 sec
Elapsed time for households 10.3735 sec
Iteration 20
Elapsed time for kappa 41.9855 sec
Elapsed time for experts 13.5782 sec
Elapsed time for households 12.1750 sec
Iteration 21
Elapsed time for kappa 34.0833 sec
Elapsed time for experts 12.7469 sec
Elapsed time for households 11.4645 sec
Iteration 22
Elapsed time for kappa 33.8159 sec
Elapsed time for experts 12.5555 sec
Elapsed time for households 11.3423 sec
Iteration 23
Elapsed time for kappa 33.3977 sec
Elapsed time for experts 11.7495 sec
Elapsed time for households 11.3568 sec
Iteration 24
Elapsed time for kappa 32.6329 sec
Elapsed time for experts 12.6294 sec
Elapsed time for households 10.9846 sec
Iteration 25
Elapsed time for kappa 33.6426 sec
Elapsed time for experts 12.3197 sec
Elapsed time for households 10.4828 sec
Iteration 26
Elapsed time for kappa 39.7325 sec
Elapsed time for experts 13.3238 sec
Elapsed time for households 11.4584 sec
Iteration 27
Elapsed time for kappa 34.2396 sec
Elapsed time for experts 13.2476 sec
Elapsed time for households 10.5451 sec
Iteration 28
Elapsed time for kappa 31.7196 sec
Elapsed time for experts 11.6652 sec
Elapsed time for households 10.5842 sec
Iteration 29
Elapsed time for kappa 31.6645 sec
Elapsed time for experts 13.0766 sec
Elapsed time for households 10.9712 sec
Iteration 30
Elapsed time for kappa 33.2805 sec
Elapsed time for experts 12.0817 sec
Elapsed time for households 11.7660 sec
Iteration 31
Elapsed time for kappa 34.2509 sec
Elapsed time for experts 12.5359 sec
Elapsed time for households 11.3674 sec
Iteration 32
Elapsed time for kappa 42.0877 sec
Elapsed time for experts 13.6929 sec
Elapsed time for households 11.9808 sec
Iteration 33
Elapsed time for kappa 34.9686 sec
Elapsed time for experts 12.7669 sec
Elapsed time for households 11.9252 sec
Iteration 34
Elapsed time for kappa 33.8415 sec
Elapsed time for experts 12.4917 sec
Elapsed time for households 11.2238 sec
Iteration 35
Elapsed time for kappa 34.3095 sec
Elapsed time for experts 13.6501 sec
Elapsed time for households 11.0915 sec
Iteration 36
Elapsed time for kappa 33.7716 sec
Elapsed time for experts 12.6286 sec
Elapsed time for households 10.9679 sec
Iteration 37
Elapsed time for kappa 33.4618 sec
Elapsed time for experts 13.7957 sec
Elapsed time for households 18.3849 sec
Iteration 38
Elapsed time for kappa 35.7493 sec
Elapsed time for experts 12.9438 sec
Elapsed time for households 11.4689 sec
Iteration 39
Elapsed time for kappa 33.7573 sec
Elapsed time for experts 13.9568 sec
Elapsed time for households 11.2285 sec
Iteration 40
Elapsed time for kappa 34.1938 sec
Elapsed time for experts 14.0353 sec
Elapsed time for households 11.1175 sec
Iteration 41
Elapsed time for kappa 33.7154 sec
Elapsed time for experts 13.9199 sec
Elapsed time for households 11.3453 sec
Iteration 42
Elapsed time for kappa 33.7040 sec
Elapsed time for experts 13.0753 sec
Elapsed time for households 11.2062 sec
Iteration 43
Elapsed time for kappa 34.0298 sec
Elapsed time for experts 13.1377 sec
Elapsed time for households 19.6646 sec
Iteration 44
Elapsed time for kappa 35.7702 sec
Elapsed time for experts 14.7209 sec
Elapsed time for households 11.8614 sec
Iteration 45
Elapsed time for kappa 34.1827 sec
Elapsed time for experts 12.9510 sec
Elapsed time for households 11.4798 sec
Iteration 46
Elapsed time for kappa 34.1826 sec
Elapsed time for experts 12.7359 sec
Elapsed time for households 11.5666 sec
Iteration 47
Elapsed time for kappa 33.5874 sec
Elapsed time for experts 13.0257 sec
Elapsed time for households 11.7408 sec
Iteration 48
Elapsed time for kappa 33.9288 sec
Elapsed time for experts 12.7097 sec
Elapsed time for households 11.6995 sec
Iteration 49
Elapsed time for kappa 33.3963 sec
Elapsed time for experts 21.0386 sec
Elapsed time for households 12.9162 sec
Iteration 50
Elapsed time for kappa 35.2110 sec
Elapsed time for experts 13.3874 sec
Elapsed time for households 11.8643 sec
Iteration 51
Elapsed time for kappa 34.3813 sec
Elapsed time for experts 14.2273 sec
Elapsed time for households 11.8631 sec
Iteration 52
Elapsed time for kappa 34.4341 sec
Elapsed time for experts 14.1706 sec
Elapsed time for households 11.7725 sec
Iteration 53
Elapsed time for kappa 34.1281 sec
Elapsed time for experts 13.5133 sec
Elapsed time for households 11.2161 sec
Iteration 54
Elapsed time for kappa 34.1865 sec
Elapsed time for experts 13.1774 sec
Elapsed time for households 11.1642 sec
Iteration 55
Elapsed time for kappa 33.7902 sec
Elapsed time for experts 21.5428 sec
Elapsed time for households 13.1028 sec
Iteration 56
Elapsed time for kappa 35.5999 sec
Elapsed time for experts 14.1446 sec
Elapsed time for households 11.8318 sec
Iteration 57
Elapsed time for kappa 34.6311 sec
Elapsed time for experts 13.6400 sec
Elapsed time for households 11.9311 sec
Iteration 58
Elapsed time for kappa 34.5309 sec
Elapsed time for experts 13.3868 sec
Elapsed time for households 11.5727 sec
Iteration 59
Elapsed time for kappa 34.0803 sec
Elapsed time for experts 12.7060 sec
Elapsed time for households 11.3759 sec
Iteration 60
Elapsed time for kappa 34.0749 sec
Elapsed time for experts 12.9055 sec
Elapsed time for households 11.1554 sec
Iteration 61
Elapsed time for kappa 33.9132 sec
Elapsed time for experts 20.8482 sec
Elapsed time for households 13.1237 sec
Iteration 62
Elapsed time for kappa 35.6817 sec
Elapsed time for experts 13.1692 sec
Elapsed time for households 12.2505 sec
Iteration 63
Elapsed time for kappa 34.9349 sec
Elapsed time for experts 13.1774 sec
Elapsed time for households 11.5617 sec
Iteration 64
Elapsed time for kappa 34.7344 sec
Elapsed time for experts 13.2279 sec
Elapsed time for households 11.5289 sec
Iteration 65
Elapsed time for kappa 34.0593 sec
Elapsed time for experts 12.4341 sec
Elapsed time for households 11.2325 sec
Iteration 66
Elapsed time for kappa 34.6838 sec
Elapsed time for experts 12.6883 sec
Elapsed time for households 10.9417 sec
Iteration 67
Elapsed time for kappa 43.9602 sec
Elapsed time for experts 14.1453 sec
Elapsed time for households 12.2100 sec
Iteration 68
Elapsed time for kappa 35.7183 sec
Elapsed time for experts 12.9359 sec
Elapsed time for households 11.7393 sec
Iteration 69
Elapsed time for kappa 34.6806 sec
Elapsed time for experts 12.3534 sec
Elapsed time for households 11.7865 sec
Iteration 70
Elapsed time for kappa 34.2762 sec
Elapsed time for experts 12.5015 sec
Elapsed time for households 11.5928 sec
Iteration 71
Elapsed time for kappa 34.2546 sec
Elapsed time for experts 13.1082 sec
Elapsed time for households 10.9909 sec
Iteration 72
Elapsed time for kappa 33.8051 sec
Elapsed time for experts 12.4883 sec
Elapsed time for households 11.0735 sec
Iteration 73
Elapsed time for kappa 44.3516 sec
Elapsed time for experts 13.7094 sec
Elapsed time for households 12.2508 sec
Iteration 74
Elapsed time for kappa 35.5416 sec
Elapsed time for experts 13.1425 sec
Elapsed time for households 12.0035 sec
Iteration 75
Elapsed time for kappa 35.0467 sec
Elapsed time for experts 12.7558 sec
Elapsed time for households 11.7328 sec
Iteration 76
Elapsed time for kappa 34.5609 sec
Elapsed time for experts 13.3789 sec
Elapsed time for households 11.4687 sec
Iteration 77
Elapsed time for kappa 34.3140 sec
Elapsed time for experts 12.3418 sec
Elapsed time for households 11.3133 sec
Iteration 78
Elapsed time for kappa 33.5156 sec
Elapsed time for experts 12.3730 sec
Elapsed time for households 11.0926 sec
Iteration 79
Elapsed time for kappa 44.1763 sec
Elapsed time for experts 13.7574 sec
Elapsed time for households 12.1774 sec
Iteration 80
Elapsed time for kappa 35.6421 sec
Elapsed time for experts 14.4374 sec
Elapsed time for households 12.2036 sec
Iteration 81
Elapsed time for kappa 35.0849 sec
Elapsed time for experts 13.2860 sec
Elapsed time for households 11.4685 sec
Iteration 82
Elapsed time for kappa 34.8296 sec
Elapsed time for experts 12.6224 sec
Elapsed time for households 11.1743 sec
Iteration 83
Elapsed time for kappa 34.0303 sec
Elapsed time for experts 12.4343 sec
Elapsed time for households 11.7952 sec
Iteration 84
Elapsed time for kappa 33.8586 sec
Elapsed time for experts 13.1882 sec
Elapsed time for households 11.1294 sec
Iteration 85
Elapsed time for kappa 44.7000 sec
Elapsed time for experts 14.4957 sec
Elapsed time for households 11.9053 sec
Iteration 86
Elapsed time for kappa 35.3624 sec
Elapsed time for experts 13.7797 sec
Elapsed time for households 11.6383 sec
Iteration 87
Elapsed time for kappa 35.1157 sec
Elapsed time for experts 13.3825 sec
Elapsed time for households 11.3089 sec
Iteration 88
Elapsed time for kappa 34.7328 sec
Elapsed time for experts 13.2382 sec
Elapsed time for households 11.3518 sec
Iteration 89
Elapsed time for kappa 34.6484 sec
Elapsed time for experts 13.0901 sec
Elapsed time for households 11.2864 sec
Iteration 90
Elapsed time for kappa 34.1385 sec
Elapsed time for experts 13.0804 sec
Elapsed time for households 11.1321 sec
Iteration 91
Elapsed time for kappa 43.8735 sec
Elapsed time for experts 13.7130 sec
Elapsed time for households 12.0501 sec
Iteration 92
Elapsed time for kappa 35.4690 sec
Elapsed time for experts 13.9309 sec
Elapsed time for households 12.0453 sec
Iteration 93
Elapsed time for kappa 35.0785 sec
Elapsed time for experts 13.7674 sec
Elapsed time for households 11.7365 sec
Iteration 94
Elapsed time for kappa 34.6768 sec
Elapsed time for experts 13.0888 sec
Elapsed time for households 11.5085 sec
Iteration 95
Elapsed time for kappa 34.3872 sec
Elapsed time for experts 13.0470 sec
Elapsed time for households 11.6134 sec
Iteration 96
Elapsed time for kappa 33.5987 sec
Elapsed time for experts 13.4927 sec
Elapsed time for households 11.3097 sec
Iteration 97
Elapsed time for kappa 43.9050 sec
Elapsed time for experts 14.2577 sec
Elapsed time for households 11.9728 sec
Iteration 98
Elapsed time for kappa 35.7910 sec
Elapsed time for experts 13.9291 sec
Elapsed time for households 11.7645 sec
Iteration 99
Elapsed time for kappa 35.3351 sec
Elapsed time for experts 13.5815 sec
Elapsed time for households 11.6535 sec
Iteration 100
Elapsed time for kappa 34.2945 sec
Elapsed time for experts 12.9115 sec
Elapsed time for households 11.3817 sec
Iteration 101
Elapsed time for kappa 33.8273 sec
Elapsed time for experts 14.2966 sec
Elapsed time for households 11.6899 sec
Iteration 102
Elapsed time for kappa 33.2016 sec
Elapsed time for experts 13.5995 sec
Elapsed time for households 19.3230 sec
Iteration 103
Elapsed time for kappa 36.7430 sec
Elapsed time for experts 13.7829 sec
Elapsed time for households 12.2048 sec
Iteration 104
Elapsed time for kappa 35.5851 sec
Elapsed time for experts 13.9264 sec
Elapsed time for households 12.0164 sec
Iteration 105
Elapsed time for kappa 34.5691 sec
Elapsed time for experts 13.4053 sec
Elapsed time for households 11.7569 sec
Iteration 106
Elapsed time for kappa 34.1033 sec
Elapsed time for experts 13.0709 sec
Elapsed time for households 11.7726 sec
Iteration 107
Elapsed time for kappa 33.5942 sec
Elapsed time for experts 12.5773 sec
Elapsed time for households 11.3882 sec
Iteration 108
Elapsed time for kappa 33.4529 sec
Elapsed time for experts 12.4013 sec
Elapsed time for households 20.5939 sec
Iteration 109
Elapsed time for kappa 36.0434 sec
Elapsed time for experts 13.6248 sec
Elapsed time for households 12.4383 sec
Iteration 110
Elapsed time for kappa 35.6864 sec
Elapsed time for experts 13.6706 sec
Elapsed time for households 11.9449 sec
Iteration 111
Elapsed time for kappa 34.6393 sec
Elapsed time for experts 13.1313 sec
Elapsed time for households 11.6420 sec
Iteration 112
Elapsed time for kappa 34.1014 sec
Elapsed time for experts 12.8230 sec
Elapsed time for households 11.4137 sec
Iteration 113
Elapsed time for kappa 33.6238 sec
Elapsed time for experts 12.5325 sec
Elapsed time for households 11.7098 sec
Iteration 114
Elapsed time for kappa 33.8529 sec
Elapsed time for experts 22.0444 sec
Elapsed time for households 12.7108 sec
Iteration 115
Elapsed time for kappa 35.9400 sec
Elapsed time for experts 14.5232 sec
Elapsed time for households 12.3292 sec
Iteration 116
Elapsed time for kappa 35.7476 sec
Elapsed time for experts 13.4683 sec
Elapsed time for households 12.2393 sec
Iteration 117
Elapsed time for kappa 34.6351 sec
Elapsed time for experts 13.4983 sec
Elapsed time for households 11.5224 sec
Iteration 118
Elapsed time for kappa 33.9157 sec
Elapsed time for experts 13.5487 sec
Elapsed time for households 11.4942 sec
Iteration 119
Elapsed time for kappa 33.7347 sec
Elapsed time for experts 12.5917 sec
Elapsed time for households 11.4663 sec
Iteration 120
Elapsed time for kappa 33.8401 sec
Elapsed time for experts 22.1431 sec
Elapsed time for households 12.9348 sec
Iteration 121
Elapsed time for kappa 36.9577 sec
Elapsed time for experts 13.8705 sec
Elapsed time for households 12.2940 sec
Iteration 122
Elapsed time for kappa 35.5189 sec
Elapsed time for experts 14.0195 sec
Elapsed time for households 11.9036 sec
Iteration 123
Elapsed time for kappa 34.9121 sec
Elapsed time for experts 13.1997 sec
Elapsed time for households 11.6384 sec
Iteration 124
Elapsed time for kappa 34.6006 sec
Elapsed time for experts 12.9633 sec
Elapsed time for households 11.4299 sec
Iteration 125
Elapsed time for kappa 34.4259 sec
Elapsed time for experts 12.8798 sec
Elapsed time for households 11.4382 sec
Iteration 126
Elapsed time for kappa 33.1281 sec
Elapsed time for experts 21.3393 sec
Elapsed time for households 12.4591 sec
Iteration 127
Elapsed time for kappa 36.4748 sec
Elapsed time for experts 13.3746 sec
Elapsed time for households 12.7058 sec
Iteration 128
Elapsed time for kappa 35.6557 sec
Elapsed time for experts 13.6066 sec
Elapsed time for households 11.8836 sec
Iteration 129
Elapsed time for kappa 35.0823 sec
Elapsed time for experts 13.2276 sec
Elapsed time for households 11.9666 sec
Iteration 130
Elapsed time for kappa 34.1514 sec
Elapsed time for experts 12.9049 sec
Elapsed time for households 11.5719 sec
Iteration 131
Elapsed time for kappa 33.9608 sec
Elapsed time for experts 12.2633 sec
Elapsed time for households 11.1627 sec
Iteration 132
Elapsed time for kappa 45.4211 sec
Elapsed time for experts 13.9357 sec
Elapsed time for households 12.5892 sec
Iteration 133
Elapsed time for kappa 36.2238 sec
Elapsed time for experts 13.7784 sec
Elapsed time for households 12.3096 sec
Iteration 134
Elapsed time for kappa 35.2117 sec
Elapsed time for experts 13.0902 sec
Elapsed time for households 11.9069 sec
Iteration 135
Elapsed time for kappa 34.8269 sec
Elapsed time for experts 12.8411 sec
Elapsed time for households 11.5951 sec
Iteration 136
Elapsed time for kappa 34.0579 sec
Elapsed time for experts 12.7103 sec
Elapsed time for households 11.4369 sec
Iteration 137
Elapsed time for kappa 34.1022 sec
Elapsed time for experts 12.4800 sec
Elapsed time for households 11.0408 sec
Iteration 138
Elapsed time for kappa 45.6791 sec
Elapsed time for experts 14.5120 sec
Elapsed time for households 12.2775 sec
Iteration 139
Elapsed time for kappa 36.4813 sec
Elapsed time for experts 13.5765 sec
Elapsed time for households 11.9799 sec
Iteration 140
Elapsed time for kappa 35.1705 sec
Elapsed time for experts 13.6476 sec
Elapsed time for households 12.0822 sec
Iteration 141
Elapsed time for kappa 34.8973 sec
Elapsed time for experts 13.1827 sec
Elapsed time for households 11.7539 sec
Iteration 142
Elapsed time for kappa 34.6981 sec
Elapsed time for experts 12.6882 sec
Elapsed time for households 11.4953 sec
Iteration 143
Elapsed time for kappa 34.4794 sec
Elapsed time for experts 12.5257 sec
Elapsed time for households 11.0351 sec
Iteration 144
Elapsed time for kappa 46.2612 sec
Elapsed time for experts 15.3245 sec
Elapsed time for households 12.3843 sec
Iteration 145
Elapsed time for kappa 36.3638 sec
Elapsed time for experts 13.6751 sec
Elapsed time for households 12.4054 sec
Iteration 146
Elapsed time for kappa 36.0965 sec
Elapsed time for experts 13.1903 sec
Elapsed time for households 12.2616 sec
Iteration 147
Elapsed time for kappa 35.0445 sec
Elapsed time for experts 12.8033 sec
Elapsed time for households 11.9307 sec
Iteration 148
Elapsed time for kappa 34.6025 sec
Elapsed time for experts 13.5290 sec
Elapsed time for households 11.5137 sec
Iteration 149
Elapsed time for kappa 34.1644 sec
Elapsed time for experts 13.1844 sec
Elapsed time for households 11.0095 sec
Iteration 150
Elapsed time for kappa 45.0902 sec
Elapsed time for experts 14.4537 sec
Elapsed time for households 12.5711 sec
Iteration 151
Elapsed time for kappa 36.3483 sec
Elapsed time for experts 13.8350 sec
Elapsed time for households 12.4615 sec
Iteration 152
Elapsed time for kappa 35.8976 sec
Elapsed time for experts 13.5613 sec
Elapsed time for households 12.1548 sec
Iteration 153
Elapsed time for kappa 35.5117 sec
Elapsed time for experts 13.4418 sec
Elapsed time for households 11.7818 sec
Iteration 154
Elapsed time for kappa 34.8444 sec
Elapsed time for experts 12.8515 sec
Elapsed time for households 11.5467 sec
Iteration 155
Elapsed time for kappa 34.3410 sec
Elapsed time for experts 12.7763 sec
Elapsed time for households 11.5376 sec
Iteration 156
Elapsed time for kappa 44.8942 sec
Elapsed time for experts 14.3543 sec
Elapsed time for households 12.5285 sec
Iteration 157
Elapsed time for kappa 36.5182 sec
Elapsed time for experts 14.3761 sec
Elapsed time for households 12.9429 sec
Iteration 158
Elapsed time for kappa 35.4965 sec
Elapsed time for experts 13.9951 sec
Elapsed time for households 12.2856 sec
Iteration 159
Elapsed time for kappa 35.0447 sec
Elapsed time for experts 13.7955 sec
Elapsed time for households 11.7558 sec
Iteration 160
Elapsed time for kappa 34.0311 sec
Elapsed time for experts 12.9134 sec
Elapsed time for households 11.5233 sec
Iteration 161
Elapsed time for kappa 33.7776 sec
Elapsed time for experts 12.9337 sec
Elapsed time for households 11.2547 sec
Iteration 162
Elapsed time for kappa 45.2563 sec
Elapsed time for experts 14.1853 sec
Elapsed time for households 12.6086 sec
Iteration 163
Elapsed time for kappa 35.9263 sec
Elapsed time for experts 13.8313 sec
Elapsed time for households 12.3773 sec
Iteration 164
Elapsed time for kappa 35.4947 sec
Elapsed time for experts 13.9926 sec
Elapsed time for households 12.0470 sec
Iteration 165
Elapsed time for kappa 34.8208 sec
Elapsed time for experts 13.3368 sec
Elapsed time for households 11.8805 sec
Iteration 166
Elapsed time for kappa 34.7685 sec
Elapsed time for experts 13.6007 sec
Elapsed time for households 11.6242 sec
Iteration 167
Elapsed time for kappa 33.9896 sec
Elapsed time for experts 12.7885 sec
Elapsed time for households 11.5750 sec
Iteration 168
Elapsed time for kappa 44.3216 sec
Elapsed time for experts 14.2071 sec
Elapsed time for households 12.2605 sec
Iteration 169
Elapsed time for kappa 36.7803 sec
Elapsed time for experts 14.3694 sec
Elapsed time for households 12.1648 sec
Iteration 170
Elapsed time for kappa 35.7425 sec
Elapsed time for experts 13.5892 sec
Elapsed time for households 11.9669 sec
Iteration 171
Elapsed time for kappa 35.2279 sec
Elapsed time for experts 13.6073 sec
Elapsed time for households 11.3920 sec
Iteration 172
Elapsed time for kappa 34.7480 sec
Elapsed time for experts 13.7900 sec
Elapsed time for households 11.4150 sec
Iteration 173
Elapsed time for kappa 33.7319 sec
Elapsed time for experts 13.0860 sec
Elapsed time for households 19.3413 sec
Iteration 174
Elapsed time for kappa 36.5311 sec
Elapsed time for experts 13.7041 sec
Elapsed time for households 11.8440 sec
Iteration 175
Elapsed time for kappa 36.1132 sec
Elapsed time for experts 14.2086 sec
Elapsed time for households 12.3859 sec
Iteration 176
Elapsed time for kappa 35.8146 sec
Elapsed time for experts 13.2448 sec
Elapsed time for households 12.2313 sec
Iteration 177
Elapsed time for kappa 34.4126 sec
Elapsed time for experts 13.3730 sec
Elapsed time for households 12.1668 sec
Iteration 178
Elapsed time for kappa 34.0162 sec
Elapsed time for experts 12.9145 sec
Elapsed time for households 11.4852 sec
Iteration 179
Elapsed time for kappa 33.8763 sec
Elapsed time for experts 13.5764 sec
Elapsed time for households 21.2926 sec
Iteration 180
Elapsed time for kappa 36.9443 sec
Elapsed time for experts 14.5431 sec
Elapsed time for households 12.2540 sec
Iteration 181
Elapsed time for kappa 35.7815 sec
Elapsed time for experts 13.9620 sec
Elapsed time for households 12.2625 sec
Iteration 182
Elapsed time for kappa 35.4415 sec
Elapsed time for experts 14.4049 sec
Elapsed time for households 11.8557 sec
Iteration 183
Elapsed time for kappa 34.9520 sec
Elapsed time for experts 13.1399 sec
Elapsed time for households 11.5146 sec
Iteration 184
Elapsed time for kappa 34.6712 sec
Elapsed time for experts 12.7937 sec
Elapsed time for households 11.4808 sec
Iteration 185
Elapsed time for kappa 33.6919 sec
Elapsed time for experts 13.1115 sec
Elapsed time for households 21.2596 sec
Iteration 186
Elapsed time for kappa 38.1057 sec
Elapsed time for experts 14.0504 sec
Elapsed time for households 12.0908 sec
Iteration 187
Elapsed time for kappa 36.7403 sec
Elapsed time for experts 13.2829 sec
Elapsed time for households 12.3055 sec
Iteration 188
Elapsed time for kappa 35.8681 sec
Elapsed time for experts 13.4899 sec
Elapsed time for households 12.1343 sec
Iteration 189
Elapsed time for kappa 35.5125 sec
Elapsed time for experts 13.0804 sec
Elapsed time for households 11.6641 sec
Iteration 190
Elapsed time for kappa 34.5706 sec
Elapsed time for experts 13.1705 sec
Elapsed time for households 11.6189 sec
Iteration 191
Elapsed time for kappa 33.4966 sec
Elapsed time for experts 12.7255 sec
Elapsed time for households 11.2666 sec
Iteration 192
Elapsed time for kappa 46.1072 sec
Elapsed time for experts 15.7704 sec
Elapsed time for households 12.5268 sec
Iteration 193
Elapsed time for kappa 36.6865 sec
Elapsed time for experts 13.6479 sec
Elapsed time for households 12.2222 sec
Iteration 194
Elapsed time for kappa 36.1707 sec
Elapsed time for experts 14.1400 sec
Elapsed time for households 12.1145 sec
Iteration 195
Elapsed time for kappa 35.6600 sec
Elapsed time for experts 13.2259 sec
Elapsed time for households 11.6190 sec
Iteration 196
Elapsed time for kappa 35.0710 sec
Elapsed time for experts 13.8979 sec
Elapsed time for households 11.9525 sec
Iteration 197
Elapsed time for kappa 34.1176 sec
Elapsed time for experts 12.7989 sec
Elapsed time for households 11.1000 sec
Iteration 198
Elapsed time for kappa 44.6904 sec
Elapsed time for experts 13.6509 sec
Elapsed time for households 12.6442 sec
Iteration 199
Elapsed time for kappa 36.4510 sec
Elapsed time for experts 14.1317 sec
Elapsed time for households 12.7414 sec
Iteration 200
Elapsed time for kappa 36.0317 sec
Elapsed time for experts 13.9725 sec
Elapsed time for households 12.1333 sec
Iteration 201
Elapsed time for kappa 35.1894 sec
Elapsed time for experts 13.7054 sec
Elapsed time for households 11.8063 sec
Iteration 202
Elapsed time for kappa 34.4502 sec
Elapsed time for experts 13.1502 sec
Elapsed time for households 11.7092 sec
Iteration 203
Elapsed time for kappa 34.0275 sec
Elapsed time for experts 23.0177 sec
Elapsed time for households 13.5519 sec
Iteration 204
Elapsed time for kappa 36.8022 sec
Elapsed time for experts 13.8054 sec
Elapsed time for households 12.4371 sec
Iteration 205
Elapsed time for kappa 36.5265 sec
Elapsed time for experts 14.0398 sec
Elapsed time for households 12.3343 sec
Iteration 206
Elapsed time for kappa 35.7799 sec
Elapsed time for experts 13.6731 sec
Elapsed time for households 12.2142 sec
Iteration 207
Elapsed time for kappa 35.2540 sec
Elapsed time for experts 14.0376 sec
Elapsed time for households 11.7902 sec
Iteration 208
Elapsed time for kappa 33.3887 sec
Elapsed time for experts 12.7430 sec
Elapsed time for households 11.5130 sec
Iteration 209
Elapsed time for kappa 33.3017 sec
Elapsed time for experts 13.4304 sec
Elapsed time for households 20.9321 sec
Iteration 210
Elapsed time for kappa 37.2828 sec
Elapsed time for experts 14.3001 sec
Elapsed time for households 12.0882 sec
Iteration 211
Elapsed time for kappa 36.8755 sec
Elapsed time for experts 14.3318 sec
Elapsed time for households 12.2652 sec
Iteration 212
Elapsed time for kappa 36.2395 sec
Elapsed time for experts 14.5093 sec
Elapsed time for households 12.2232 sec
Iteration 213
Elapsed time for kappa 35.5591 sec
Elapsed time for experts 14.1322 sec
Elapsed time for households 11.8926 sec
Iteration 214
Elapsed time for kappa 34.5240 sec
Elapsed time for experts 12.8412 sec
Elapsed time for households 11.7009 sec
Iteration 215
Elapsed time for kappa 33.4720 sec
Elapsed time for experts 13.4739 sec
Elapsed time for households 21.5242 sec
Iteration 216
Elapsed time for kappa 37.4448 sec
Elapsed time for experts 14.4765 sec
Elapsed time for households 12.9928 sec
Iteration 217
Elapsed time for kappa 36.5455 sec
Elapsed time for experts 13.7032 sec
Elapsed time for households 12.7073 sec
Iteration 218
Elapsed time for kappa 36.1563 sec
Elapsed time for experts 13.4787 sec
Elapsed time for households 11.7608 sec
Iteration 219
Elapsed time for kappa 35.0085 sec
Elapsed time for experts 13.4339 sec
Elapsed time for households 11.7761 sec
Iteration 220
Elapsed time for kappa 34.7003 sec
Elapsed time for experts 12.6506 sec
Elapsed time for households 11.4776 sec
Iteration 221
Elapsed time for kappa 33.6987 sec
Elapsed time for experts 13.0397 sec
Elapsed time for households 11.1979 sec
Iteration 222
Elapsed time for kappa 46.1502 sec
Elapsed time for experts 14.0042 sec
Elapsed time for households 12.4233 sec
Iteration 223
Elapsed time for kappa 36.0658 sec
Elapsed time for experts 14.2741 sec
Elapsed time for households 12.3912 sec
Iteration 224
Elapsed time for kappa 35.9381 sec
Elapsed time for experts 14.8910 sec
Elapsed time for households 12.6121 sec
Iteration 225
Elapsed time for kappa 35.4603 sec
Elapsed time for experts 13.9972 sec
Elapsed time for households 12.0739 sec
Iteration 226
Elapsed time for kappa 35.2352 sec
Elapsed time for experts 13.8792 sec
Elapsed time for households 11.3472 sec
Iteration 227
Elapsed time for kappa 34.6427 sec
Elapsed time for experts 13.7106 sec
Elapsed time for households 11.2739 sec
Iteration 228
Elapsed time for kappa 45.3786 sec
Elapsed time for experts 14.6839 sec
Elapsed time for households 12.4568 sec
Iteration 229
Elapsed time for kappa 36.4110 sec
Elapsed time for experts 13.2340 sec
Elapsed time for households 12.0694 sec
Iteration 230
Elapsed time for kappa 36.0862 sec
Elapsed time for experts 14.0686 sec
Elapsed time for households 12.2057 sec
Iteration 231
Elapsed time for kappa 35.3256 sec
Elapsed time for experts 13.3863 sec
Elapsed time for households 12.0428 sec
Iteration 232
Elapsed time for kappa 34.8775 sec
Elapsed time for experts 13.2660 sec
Elapsed time for households 11.6704 sec
Iteration 233
Elapsed time for kappa 34.0436 sec
Elapsed time for experts 13.4003 sec
Elapsed time for households 20.2434 sec
Iteration 234
Elapsed time for kappa 37.4077 sec
Elapsed time for experts 13.7956 sec
Elapsed time for households 12.1559 sec
Iteration 235
Elapsed time for kappa 36.9099 sec
Elapsed time for experts 13.8439 sec
Elapsed time for households 12.1114 sec
Iteration 236
Elapsed time for kappa 36.1939 sec
Elapsed time for experts 13.5194 sec
Elapsed time for households 12.0897 sec
Iteration 237
Elapsed time for kappa 35.2210 sec
Elapsed time for experts 13.6429 sec
Elapsed time for households 12.3049 sec
Iteration 238
Elapsed time for kappa 34.2746 sec
Elapsed time for experts 13.0846 sec
Elapsed time for households 11.5217 sec
Iteration 239
Elapsed time for kappa 33.6045 sec
Elapsed time for experts 13.0288 sec
Elapsed time for households 11.0982 sec
Iteration 240
Elapsed time for kappa 46.1567 sec
Elapsed time for experts 14.1073 sec
Elapsed time for households 12.6254 sec
Iteration 241
Elapsed time for kappa 35.9589 sec
Elapsed time for experts 13.8864 sec
Elapsed time for households 12.0697 sec
Iteration 242
Elapsed time for kappa 36.1044 sec
Elapsed time for experts 13.7848 sec
Elapsed time for households 12.1659 sec
Iteration 243
Elapsed time for kappa 35.2028 sec
Elapsed time for experts 13.3813 sec
Elapsed time for households 11.6172 sec
Iteration 244
Elapsed time for kappa 34.4185 sec
Elapsed time for experts 12.7815 sec
Elapsed time for households 11.6391 sec
Iteration 245
Elapsed time for kappa 34.0061 sec
Elapsed time for experts 12.8138 sec
Elapsed time for households 20.0770 sec
Iteration 246
Elapsed time for kappa 36.7060 sec
Elapsed time for experts 13.5653 sec
Elapsed time for households 12.3570 sec
Iteration 247
Elapsed time for kappa 35.9339 sec
Elapsed time for experts 13.4737 sec
Elapsed time for households 12.1297 sec
Iteration 248
Elapsed time for kappa 35.7268 sec
Elapsed time for experts 13.7381 sec
Elapsed time for households 12.8603 sec
Iteration 249
Elapsed time for kappa 34.3351 sec
Elapsed time for experts 13.1829 sec
Elapsed time for households 11.7248 sec
Iteration 250
Elapsed time for kappa 33.9957 sec
Elapsed time for experts 12.9603 sec
Elapsed time for households 11.4584 sec
Iteration 251
Elapsed time for kappa 33.6913 sec
Elapsed time for experts 12.4469 sec
Elapsed time for households 11.4284 sec
Iteration 252
Elapsed time for kappa 45.6064 sec
Elapsed time for experts 13.8472 sec
Elapsed time for households 12.1943 sec
Iteration 253
Elapsed time for kappa 36.2697 sec
Elapsed time for experts 13.1949 sec
Elapsed time for households 12.0299 sec
Iteration 254
Elapsed time for kappa 35.7860 sec
Elapsed time for experts 12.9807 sec
Elapsed time for households 11.8253 sec
Iteration 255
Elapsed time for kappa 35.1155 sec
Elapsed time for experts 13.3138 sec
Elapsed time for households 11.7332 sec
Iteration 256
Elapsed time for kappa 33.9206 sec
Elapsed time for experts 12.5621 sec
Elapsed time for households 11.7236 sec
Iteration 257
Elapsed time for kappa 33.7330 sec
Elapsed time for experts 12.9122 sec
Elapsed time for households 20.0579 sec
Iteration 258
Elapsed time for kappa 35.7771 sec
Elapsed time for experts 13.6364 sec
Elapsed time for households 11.9522 sec
Iteration 259
Elapsed time for kappa 34.4725 sec
Elapsed time for experts 13.5905 sec
Elapsed time for households 11.8950 sec
Iteration 260
Elapsed time for kappa 34.7307 sec
Elapsed time for experts 13.3210 sec
Elapsed time for households 12.0460 sec
Iteration 261
Elapsed time for kappa 33.9345 sec
Elapsed time for experts 13.4104 sec
Elapsed time for households 11.1940 sec
Iteration 262
Elapsed time for kappa 33.2116 sec
Elapsed time for experts 13.3129 sec
Elapsed time for households 11.0112 sec
Iteration 263
Elapsed time for kappa 33.3203 sec
Elapsed time for experts 12.9017 sec
Elapsed time for households 10.8084 sec
Iteration 264
Elapsed time for kappa 44.0397 sec
Elapsed time for experts 13.2456 sec
Elapsed time for households 11.6692 sec
Iteration 265
Elapsed time for kappa 34.5381 sec
Elapsed time for experts 12.9640 sec
Elapsed time for households 11.5065 sec
Iteration 266
Elapsed time for kappa 34.2200 sec
Elapsed time for experts 12.6797 sec
Elapsed time for households 11.5749 sec
Iteration 267
Elapsed time for kappa 33.6132 sec
Elapsed time for experts 12.6448 sec
Elapsed time for households 11.8413 sec
Iteration 268
Elapsed time for kappa 33.3103 sec
Elapsed time for experts 12.9510 sec
Elapsed time for households 11.3890 sec
Iteration 269
Elapsed time for kappa 32.3938 sec
Elapsed time for experts 12.2429 sec
Elapsed time for households 11.1011 sec
Iteration 270
Elapsed time for kappa 41.9923 sec
Elapsed time for experts 13.4086 sec
Elapsed time for households 11.7410 sec
Iteration 271
Elapsed time for kappa 34.1015 sec
Elapsed time for experts 13.1016 sec
Elapsed time for households 12.0058 sec
Iteration 272
Elapsed time for kappa 33.4836 sec
Elapsed time for experts 12.9558 sec
Elapsed time for households 11.5472 sec
Iteration 273
Elapsed time for kappa 33.0187 sec
Elapsed time for experts 12.6755 sec
Elapsed time for households 11.5136 sec
Iteration 274
Elapsed time for kappa 32.6779 sec
Elapsed time for experts 12.4944 sec
Elapsed time for households 11.1625 sec
Iteration 275
Elapsed time for kappa 32.5813 sec
Elapsed time for experts 13.2699 sec
Elapsed time for households 18.7684 sec
Iteration 276
Elapsed time for kappa 34.0758 sec
Elapsed time for experts 13.0542 sec
Elapsed time for households 10.8288 sec
Iteration 277
Elapsed time for kappa 33.1962 sec
Elapsed time for experts 13.1855 sec
Elapsed time for households 11.4289 sec
Iteration 278
Elapsed time for kappa 33.2067 sec
Elapsed time for experts 13.1733 sec
Elapsed time for households 11.2886 sec
Iteration 279
Elapsed time for kappa 32.8987 sec
Elapsed time for experts 13.1454 sec
Elapsed time for households 11.0820 sec
Iteration 280
Elapsed time for kappa 32.9032 sec
Elapsed time for experts 12.6887 sec
Elapsed time for households 10.7543 sec
Iteration 281
Elapsed time for kappa 32.8403 sec
Elapsed time for experts 11.9637 sec
Elapsed time for households 10.8293 sec
Iteration 282
Elapsed time for kappa 42.0800 sec
Elapsed time for experts 13.5845 sec
Elapsed time for households 11.5513 sec
Iteration 283
Elapsed time for kappa 33.7199 sec
Elapsed time for experts 12.4756 sec
Elapsed time for households 11.2125 sec
Iteration 284
Elapsed time for kappa 33.4845 sec
Elapsed time for experts 12.6837 sec
Elapsed time for households 11.2727 sec
Iteration 285
Elapsed time for kappa 32.9992 sec
Elapsed time for experts 12.4336 sec
Elapsed time for households 11.2421 sec
Iteration 286
Elapsed time for kappa 32.5936 sec
Elapsed time for experts 12.4573 sec
Elapsed time for households 11.1073 sec
Iteration 287
Elapsed time for kappa 32.7048 sec
Elapsed time for experts 12.3634 sec
Elapsed time for households 17.7772 sec
Iteration 288
Elapsed time for kappa 34.0814 sec
Elapsed time for experts 13.1990 sec
Elapsed time for households 11.4614 sec
Iteration 289
Elapsed time for kappa 32.5124 sec
Elapsed time for experts 12.5326 sec
Elapsed time for households 11.2850 sec
Iteration 290
Elapsed time for kappa 32.5147 sec
Elapsed time for experts 13.0355 sec
Elapsed time for households 11.2402 sec
Iteration 291
Elapsed time for kappa 31.9505 sec
Elapsed time for experts 12.2009 sec
Elapsed time for households 11.1155 sec
Iteration 292
Elapsed time for kappa 32.0713 sec
Elapsed time for experts 12.8669 sec
Elapsed time for households 10.8260 sec
Iteration 293
Elapsed time for kappa 31.8074 sec
Elapsed time for experts 11.9719 sec
Elapsed time for households 10.1509 sec
Iteration 294
Elapsed time for kappa 41.3979 sec
Elapsed time for experts 13.9769 sec
Elapsed time for households 12.3006 sec
Iteration 295
Elapsed time for kappa 31.2661 sec
Elapsed time for experts 11.6411 sec
Elapsed time for households 10.8506 sec
Iteration 296
Elapsed time for kappa 31.4896 sec
Elapsed time for experts 12.4301 sec
Elapsed time for households 10.3130 sec
Iteration 297
Elapsed time for kappa 29.8683 sec
Elapsed time for experts 12.1235 sec
Elapsed time for households 10.6830 sec
Iteration 298
Elapsed time for kappa 29.4053 sec
Elapsed time for experts 11.9792 sec
Elapsed time for households 9.8252 sec
Iteration 299
Elapsed time for kappa 29.0111 sec
Elapsed time for experts 11.5548 sec
Elapsed time for households 9.9302 sec
Elapsed time for training 18366.0030 sec
