Iteration 0
Elapsed time for kappa 70.0231 sec
Elapsed time for experts 19.3445 sec
Elapsed time for households 14.9136 sec
Iteration 1
Elapsed time for kappa 33.6100 sec
Elapsed time for experts 16.3314 sec
Elapsed time for households 12.4393 sec
Iteration 2
Elapsed time for kappa 35.8374 sec
Elapsed time for experts 13.2279 sec
Elapsed time for households 12.4626 sec
Iteration 3
Elapsed time for kappa 34.1517 sec
Elapsed time for experts 14.1560 sec
Elapsed time for households 12.7725 sec
Iteration 4
Elapsed time for kappa 33.6513 sec
Elapsed time for experts 14.1364 sec
Elapsed time for households 12.5956 sec
Iteration 5
Elapsed time for kappa 33.0457 sec
Elapsed time for experts 13.9414 sec
Elapsed time for households 12.7848 sec
Iteration 6
Elapsed time for kappa 34.4150 sec
Elapsed time for experts 13.6385 sec
Elapsed time for households 12.2498 sec
Iteration 7
Elapsed time for kappa 32.7254 sec
Elapsed time for experts 20.7542 sec
Elapsed time for households 12.8698 sec
Iteration 8
Elapsed time for kappa 32.4499 sec
Elapsed time for experts 14.1628 sec
Elapsed time for households 12.1819 sec
Iteration 9
Elapsed time for kappa 32.8553 sec
Elapsed time for experts 14.2276 sec
Elapsed time for households 11.1839 sec
Iteration 10
Elapsed time for kappa 31.9644 sec
Elapsed time for experts 14.3972 sec
Elapsed time for households 13.0985 sec
Iteration 11
Elapsed time for kappa 31.9065 sec
Elapsed time for experts 13.3295 sec
Elapsed time for households 11.6358 sec
Iteration 12
Elapsed time for kappa 33.3774 sec
Elapsed time for experts 13.8905 sec
Elapsed time for households 11.5227 sec
Iteration 13
Elapsed time for kappa 40.2251 sec
Elapsed time for experts 13.7011 sec
Elapsed time for households 12.4833 sec
Iteration 14
Elapsed time for kappa 32.3214 sec
Elapsed time for experts 13.2156 sec
Elapsed time for households 11.8414 sec
Iteration 15
Elapsed time for kappa 33.3674 sec
Elapsed time for experts 13.5792 sec
Elapsed time for households 12.1599 sec
Iteration 16
Elapsed time for kappa 34.5833 sec
Elapsed time for experts 14.3473 sec
Elapsed time for households 12.1574 sec
Iteration 17
Elapsed time for kappa 34.4005 sec
Elapsed time for experts 13.2367 sec
Elapsed time for households 11.1560 sec
Iteration 18
Elapsed time for kappa 33.5973 sec
Elapsed time for experts 14.3831 sec
Elapsed time for households 13.0599 sec
Iteration 19
Elapsed time for kappa 41.8763 sec
Elapsed time for experts 15.2882 sec
Elapsed time for households 13.3159 sec
Iteration 20
Elapsed time for kappa 34.1232 sec
Elapsed time for experts 14.7598 sec
Elapsed time for households 12.7330 sec
Iteration 21
Elapsed time for kappa 33.4043 sec
Elapsed time for experts 14.3379 sec
Elapsed time for households 13.2296 sec
Iteration 22
Elapsed time for kappa 34.1080 sec
Elapsed time for experts 15.0179 sec
Elapsed time for households 11.7392 sec
Iteration 23
Elapsed time for kappa 33.6565 sec
Elapsed time for experts 13.8435 sec
Elapsed time for households 12.8176 sec
Iteration 24
Elapsed time for kappa 34.4516 sec
Elapsed time for experts 13.6795 sec
Elapsed time for households 12.6504 sec
Iteration 25
Elapsed time for kappa 42.7513 sec
Elapsed time for experts 14.5990 sec
Elapsed time for households 12.5453 sec
Iteration 26
Elapsed time for kappa 33.8300 sec
Elapsed time for experts 14.0276 sec
Elapsed time for households 12.4830 sec
Iteration 27
Elapsed time for kappa 33.6427 sec
Elapsed time for experts 14.4793 sec
Elapsed time for households 12.5198 sec
Iteration 28
Elapsed time for kappa 34.2779 sec
Elapsed time for experts 14.3503 sec
Elapsed time for households 11.7541 sec
Iteration 29
Elapsed time for kappa 31.7473 sec
Elapsed time for experts 13.5524 sec
Elapsed time for households 11.7386 sec
Iteration 30
Elapsed time for kappa 33.3827 sec
Elapsed time for experts 13.1998 sec
Elapsed time for households 12.5361 sec
Iteration 31
Elapsed time for kappa 42.0024 sec
Elapsed time for experts 14.9775 sec
Elapsed time for households 13.2426 sec
Iteration 32
Elapsed time for kappa 34.7375 sec
Elapsed time for experts 14.8953 sec
Elapsed time for households 13.2143 sec
Iteration 33
Elapsed time for kappa 34.3696 sec
Elapsed time for experts 14.5649 sec
Elapsed time for households 12.9944 sec
Iteration 34
Elapsed time for kappa 33.3810 sec
Elapsed time for experts 14.0283 sec
Elapsed time for households 12.0839 sec
Iteration 35
Elapsed time for kappa 33.3351 sec
Elapsed time for experts 14.0124 sec
Elapsed time for households 12.1242 sec
Iteration 36
Elapsed time for kappa 33.2925 sec
Elapsed time for experts 13.5758 sec
Elapsed time for households 12.3406 sec
Iteration 37
Elapsed time for kappa 42.7095 sec
Elapsed time for experts 15.1409 sec
Elapsed time for households 13.5172 sec
Iteration 38
Elapsed time for kappa 34.2036 sec
Elapsed time for experts 14.2522 sec
Elapsed time for households 13.0227 sec
Iteration 39
Elapsed time for kappa 34.0601 sec
Elapsed time for experts 14.2227 sec
Elapsed time for households 13.2005 sec
Iteration 40
Elapsed time for kappa 34.0613 sec
Elapsed time for experts 13.7502 sec
Elapsed time for households 11.9017 sec
Iteration 41
Elapsed time for kappa 33.8877 sec
Elapsed time for experts 13.6679 sec
Elapsed time for households 12.5621 sec
Iteration 42
Elapsed time for kappa 34.4670 sec
Elapsed time for experts 13.7091 sec
Elapsed time for households 12.4647 sec
Iteration 43
Elapsed time for kappa 41.4186 sec
Elapsed time for experts 13.9800 sec
Elapsed time for households 12.9381 sec
Iteration 44
Elapsed time for kappa 35.6832 sec
Elapsed time for experts 13.9640 sec
Elapsed time for households 12.1839 sec
Iteration 45
Elapsed time for kappa 34.5003 sec
Elapsed time for experts 13.2068 sec
Elapsed time for households 10.6909 sec
Iteration 46
Elapsed time for kappa 33.1226 sec
Elapsed time for experts 13.1037 sec
Elapsed time for households 11.4188 sec
Iteration 47
Elapsed time for kappa 31.8515 sec
Elapsed time for experts 13.6738 sec
Elapsed time for households 11.2907 sec
Iteration 48
Elapsed time for kappa 33.4692 sec
Elapsed time for experts 13.7064 sec
Elapsed time for households 20.0892 sec
Iteration 49
Elapsed time for kappa 35.7841 sec
Elapsed time for experts 14.8092 sec
Elapsed time for households 13.3290 sec
Iteration 50
Elapsed time for kappa 34.5620 sec
Elapsed time for experts 14.6673 sec
Elapsed time for households 12.7814 sec
Iteration 51
Elapsed time for kappa 34.1308 sec
Elapsed time for experts 14.2678 sec
Elapsed time for households 12.9532 sec
Iteration 52
Elapsed time for kappa 33.3483 sec
Elapsed time for experts 14.0852 sec
Elapsed time for households 12.7508 sec
Iteration 53
Elapsed time for kappa 33.4885 sec
Elapsed time for experts 13.6339 sec
Elapsed time for households 12.2582 sec
Iteration 54
Elapsed time for kappa 33.8298 sec
Elapsed time for experts 13.5525 sec
Elapsed time for households 20.1157 sec
Iteration 55
Elapsed time for kappa 35.8632 sec
Elapsed time for experts 14.5708 sec
Elapsed time for households 13.0512 sec
Iteration 56
Elapsed time for kappa 35.3687 sec
Elapsed time for experts 14.2741 sec
Elapsed time for households 11.5357 sec
Iteration 57
Elapsed time for kappa 32.7190 sec
Elapsed time for experts 13.0658 sec
Elapsed time for households 12.4145 sec
Iteration 58
Elapsed time for kappa 32.4153 sec
Elapsed time for experts 13.8572 sec
Elapsed time for households 11.3948 sec
Iteration 59
Elapsed time for kappa 34.0366 sec
Elapsed time for experts 13.8019 sec
Elapsed time for households 11.2363 sec
Iteration 60
Elapsed time for kappa 34.0219 sec
Elapsed time for experts 13.8890 sec
Elapsed time for households 12.2515 sec
Iteration 61
Elapsed time for kappa 44.4415 sec
Elapsed time for experts 15.1012 sec
Elapsed time for households 13.1745 sec
Iteration 62
Elapsed time for kappa 35.9473 sec
Elapsed time for experts 14.4446 sec
Elapsed time for households 12.8104 sec
Iteration 63
Elapsed time for kappa 35.4027 sec
Elapsed time for experts 14.1118 sec
Elapsed time for households 12.6224 sec
Iteration 64
Elapsed time for kappa 34.5553 sec
Elapsed time for experts 13.9524 sec
Elapsed time for households 12.3723 sec
Iteration 65
Elapsed time for kappa 34.2355 sec
Elapsed time for experts 13.5704 sec
Elapsed time for households 11.6665 sec
Iteration 66
Elapsed time for kappa 32.3841 sec
Elapsed time for experts 13.4910 sec
Elapsed time for households 18.4548 sec
Iteration 67
Elapsed time for kappa 35.6365 sec
Elapsed time for experts 15.4267 sec
Elapsed time for households 12.9858 sec
Iteration 68
Elapsed time for kappa 34.8340 sec
Elapsed time for experts 15.1505 sec
Elapsed time for households 13.0389 sec
Iteration 69
Elapsed time for kappa 34.5869 sec
Elapsed time for experts 14.8040 sec
Elapsed time for households 12.0787 sec
Iteration 70
Elapsed time for kappa 32.5485 sec
Elapsed time for experts 13.1260 sec
Elapsed time for households 12.8461 sec
Iteration 71
Elapsed time for kappa 33.3060 sec
Elapsed time for experts 13.6869 sec
Elapsed time for households 11.3990 sec
Iteration 72
Elapsed time for kappa 33.4446 sec
Elapsed time for experts 22.6332 sec
Elapsed time for households 13.5626 sec
Iteration 73
Elapsed time for kappa 35.7830 sec
Elapsed time for experts 15.0173 sec
Elapsed time for households 13.2775 sec
Iteration 74
Elapsed time for kappa 35.0519 sec
Elapsed time for experts 14.6200 sec
Elapsed time for households 12.8563 sec
Iteration 75
Elapsed time for kappa 34.2149 sec
Elapsed time for experts 14.2579 sec
Elapsed time for households 12.0411 sec
Iteration 76
Elapsed time for kappa 33.7799 sec
Elapsed time for experts 13.7158 sec
Elapsed time for households 11.5133 sec
Iteration 77
Elapsed time for kappa 33.7144 sec
Elapsed time for experts 13.0397 sec
Elapsed time for households 10.9871 sec
Iteration 78
Elapsed time for kappa 32.8991 sec
Elapsed time for experts 21.6510 sec
Elapsed time for households 12.5697 sec
Iteration 79
Elapsed time for kappa 35.9795 sec
Elapsed time for experts 13.9069 sec
Elapsed time for households 12.2407 sec
Iteration 80
Elapsed time for kappa 34.4779 sec
Elapsed time for experts 14.3461 sec
Elapsed time for households 12.8917 sec
Iteration 81
Elapsed time for kappa 35.3332 sec
Elapsed time for experts 14.3529 sec
Elapsed time for households 12.5648 sec
Iteration 82
Elapsed time for kappa 34.1377 sec
Elapsed time for experts 13.6098 sec
Elapsed time for households 12.3504 sec
Iteration 83
Elapsed time for kappa 33.8640 sec
Elapsed time for experts 13.8327 sec
Elapsed time for households 12.3982 sec
Iteration 84
Elapsed time for kappa 33.2760 sec
Elapsed time for experts 22.0025 sec
Elapsed time for households 13.4172 sec
Iteration 85
Elapsed time for kappa 33.3500 sec
Elapsed time for experts 14.9343 sec
Elapsed time for households 13.3790 sec
Iteration 86
Elapsed time for kappa 34.6709 sec
Elapsed time for experts 14.5314 sec
Elapsed time for households 13.0844 sec
Iteration 87
Elapsed time for kappa 34.5676 sec
Elapsed time for experts 14.2695 sec
Elapsed time for households 12.5982 sec
Iteration 88
Elapsed time for kappa 33.8512 sec
Elapsed time for experts 14.2680 sec
Elapsed time for households 12.3173 sec
Iteration 89
Elapsed time for kappa 33.0067 sec
Elapsed time for experts 13.1304 sec
Elapsed time for households 12.0071 sec
Iteration 90
Elapsed time for kappa 32.3590 sec
Elapsed time for experts 21.3476 sec
Elapsed time for households 12.6097 sec
Iteration 91
Elapsed time for kappa 36.0844 sec
Elapsed time for experts 14.6891 sec
Elapsed time for households 13.0682 sec
Iteration 92
Elapsed time for kappa 36.1601 sec
Elapsed time for experts 14.2859 sec
Elapsed time for households 12.8195 sec
Iteration 93
Elapsed time for kappa 35.1790 sec
Elapsed time for experts 13.3672 sec
Elapsed time for households 11.7353 sec
Iteration 94
Elapsed time for kappa 33.4557 sec
Elapsed time for experts 13.7791 sec
Elapsed time for households 11.3431 sec
Iteration 95
Elapsed time for kappa 33.8597 sec
Elapsed time for experts 14.0349 sec
Elapsed time for households 12.1623 sec
Iteration 96
Elapsed time for kappa 45.0669 sec
Elapsed time for experts 15.4993 sec
Elapsed time for households 12.3910 sec
Iteration 97
Elapsed time for kappa 35.7835 sec
Elapsed time for experts 15.0770 sec
Elapsed time for households 13.1765 sec
Iteration 98
Elapsed time for kappa 35.5287 sec
Elapsed time for experts 13.4842 sec
Elapsed time for households 12.3938 sec
Iteration 99
Elapsed time for kappa 34.8127 sec
Elapsed time for experts 14.6739 sec
Elapsed time for households 12.3300 sec
Iteration 100
Elapsed time for kappa 33.8055 sec
Elapsed time for experts 14.3530 sec
Elapsed time for households 12.0869 sec
Iteration 101
Elapsed time for kappa 31.6566 sec
Elapsed time for experts 13.6138 sec
Elapsed time for households 12.4886 sec
Iteration 102
Elapsed time for kappa 45.1589 sec
Elapsed time for experts 16.1254 sec
Elapsed time for households 12.9941 sec
Iteration 103
Elapsed time for kappa 33.7608 sec
Elapsed time for experts 13.8462 sec
Elapsed time for households 12.9960 sec
Iteration 104
Elapsed time for kappa 33.3649 sec
Elapsed time for experts 13.2973 sec
Elapsed time for households 11.5934 sec
Iteration 105
Elapsed time for kappa 33.2598 sec
Elapsed time for experts 14.0979 sec
Elapsed time for households 12.8262 sec
Iteration 106
Elapsed time for kappa 33.8951 sec
Elapsed time for experts 13.9765 sec
Elapsed time for households 12.3293 sec
Iteration 107
Elapsed time for kappa 34.4621 sec
Elapsed time for experts 13.2822 sec
Elapsed time for households 11.9713 sec
Iteration 108
Elapsed time for kappa 45.1853 sec
Elapsed time for experts 15.3227 sec
Elapsed time for households 13.4887 sec
Iteration 109
Elapsed time for kappa 36.2449 sec
Elapsed time for experts 14.6247 sec
Elapsed time for households 12.0216 sec
Iteration 110
Elapsed time for kappa 34.4530 sec
Elapsed time for experts 14.4902 sec
Elapsed time for households 12.7322 sec
Iteration 111
Elapsed time for kappa 35.1889 sec
Elapsed time for experts 14.1780 sec
Elapsed time for households 12.5797 sec
Iteration 112
Elapsed time for kappa 32.9258 sec
Elapsed time for experts 13.2697 sec
Elapsed time for households 11.8925 sec
Iteration 113
Elapsed time for kappa 32.0612 sec
Elapsed time for experts 13.8383 sec
Elapsed time for households 12.0038 sec
Iteration 114
Elapsed time for kappa 43.9565 sec
Elapsed time for experts 14.7021 sec
Elapsed time for households 12.5146 sec
Iteration 115
Elapsed time for kappa 33.7524 sec
Elapsed time for experts 14.8305 sec
Elapsed time for households 12.9624 sec
Iteration 116
Elapsed time for kappa 34.4142 sec
Elapsed time for experts 14.4324 sec
Elapsed time for households 12.4912 sec
Iteration 117
Elapsed time for kappa 33.1285 sec
Elapsed time for experts 13.2383 sec
Elapsed time for households 12.0231 sec
Iteration 118
Elapsed time for kappa 33.5761 sec
Elapsed time for experts 14.0044 sec
Elapsed time for households 12.5569 sec
Iteration 119
Elapsed time for kappa 33.2885 sec
Elapsed time for experts 13.7421 sec
Elapsed time for households 12.1181 sec
Iteration 120
Elapsed time for kappa 43.9200 sec
Elapsed time for experts 15.0091 sec
Elapsed time for households 12.9510 sec
Iteration 121
Elapsed time for kappa 34.7207 sec
Elapsed time for experts 14.6963 sec
Elapsed time for households 12.4032 sec
Iteration 122
Elapsed time for kappa 35.7196 sec
Elapsed time for experts 14.3923 sec
Elapsed time for households 12.9913 sec
Iteration 123
Elapsed time for kappa 35.2342 sec
Elapsed time for experts 14.4803 sec
Elapsed time for households 12.7638 sec
Iteration 124
Elapsed time for kappa 34.6622 sec
Elapsed time for experts 14.1952 sec
Elapsed time for households 12.3221 sec
Iteration 125
Elapsed time for kappa 33.2681 sec
Elapsed time for experts 14.1094 sec
Elapsed time for households 12.7416 sec
Iteration 126
Elapsed time for kappa 42.9520 sec
Elapsed time for experts 15.6509 sec
Elapsed time for households 11.0686 sec
Iteration 127
Elapsed time for kappa 34.0518 sec
Elapsed time for experts 14.5880 sec
Elapsed time for households 12.3130 sec
Iteration 128
Elapsed time for kappa 33.5583 sec
Elapsed time for experts 14.1505 sec
Elapsed time for households 11.6424 sec
Iteration 129
Elapsed time for kappa 34.0464 sec
Elapsed time for experts 14.3551 sec
Elapsed time for households 13.0179 sec
Iteration 130
Elapsed time for kappa 34.0831 sec
Elapsed time for experts 14.2023 sec
Elapsed time for households 11.8407 sec
Iteration 131
Elapsed time for kappa 33.4401 sec
Elapsed time for experts 13.6702 sec
Elapsed time for households 12.5657 sec
Iteration 132
Elapsed time for kappa 42.7408 sec
Elapsed time for experts 14.0043 sec
Elapsed time for households 12.6817 sec
Iteration 133
Elapsed time for kappa 35.0681 sec
Elapsed time for experts 13.7918 sec
Elapsed time for households 12.5096 sec
Iteration 134
Elapsed time for kappa 34.9070 sec
Elapsed time for experts 14.4870 sec
Elapsed time for households 12.5264 sec
Iteration 135
Elapsed time for kappa 34.6585 sec
Elapsed time for experts 14.1235 sec
Elapsed time for households 10.9603 sec
Iteration 136
Elapsed time for kappa 34.0378 sec
Elapsed time for experts 13.9292 sec
Elapsed time for households 11.8421 sec
Iteration 137
Elapsed time for kappa 33.4458 sec
Elapsed time for experts 21.7644 sec
Elapsed time for households 14.0934 sec
Iteration 138
Elapsed time for kappa 36.4185 sec
Elapsed time for experts 14.4702 sec
Elapsed time for households 12.1556 sec
Iteration 139
Elapsed time for kappa 35.5475 sec
Elapsed time for experts 14.3659 sec
Elapsed time for households 12.9795 sec
Iteration 140
Elapsed time for kappa 33.9386 sec
Elapsed time for experts 13.9889 sec
Elapsed time for households 12.5521 sec
Iteration 141
Elapsed time for kappa 34.0887 sec
Elapsed time for experts 12.7344 sec
Elapsed time for households 11.1541 sec
Iteration 142
Elapsed time for kappa 33.1290 sec
Elapsed time for experts 13.9543 sec
Elapsed time for households 12.0910 sec
Iteration 143
Elapsed time for kappa 31.2212 sec
Elapsed time for experts 13.3846 sec
Elapsed time for households 20.7129 sec
Iteration 144
Elapsed time for kappa 35.4379 sec
Elapsed time for experts 13.8999 sec
Elapsed time for households 13.1573 sec
Iteration 145
Elapsed time for kappa 33.4795 sec
Elapsed time for experts 13.5386 sec
Elapsed time for households 12.9340 sec
Iteration 146
Elapsed time for kappa 33.7815 sec
Elapsed time for experts 14.0737 sec
Elapsed time for households 12.8468 sec
Iteration 147
Elapsed time for kappa 34.2405 sec
Elapsed time for experts 13.7752 sec
Elapsed time for households 12.5490 sec
Iteration 148
Elapsed time for kappa 33.5753 sec
Elapsed time for experts 12.9632 sec
Elapsed time for households 11.4492 sec
Iteration 149
Elapsed time for kappa 33.3171 sec
Elapsed time for experts 12.7117 sec
Elapsed time for households 20.2615 sec
Iteration 150
Elapsed time for kappa 35.2054 sec
Elapsed time for experts 14.7371 sec
Elapsed time for households 11.9636 sec
Iteration 151
Elapsed time for kappa 34.6495 sec
Elapsed time for experts 13.4942 sec
Elapsed time for households 10.8420 sec
Iteration 152
Elapsed time for kappa 32.1299 sec
Elapsed time for experts 14.0691 sec
Elapsed time for households 11.6611 sec
Iteration 153
Elapsed time for kappa 31.6689 sec
Elapsed time for experts 13.8646 sec
Elapsed time for households 12.3960 sec
Iteration 154
Elapsed time for kappa 32.9285 sec
Elapsed time for experts 13.3940 sec
Elapsed time for households 11.4717 sec
Iteration 155
Elapsed time for kappa 32.4905 sec
Elapsed time for experts 12.9686 sec
Elapsed time for households 11.5019 sec
Iteration 156
Elapsed time for kappa 41.7214 sec
Elapsed time for experts 14.5895 sec
Elapsed time for households 12.6897 sec
Iteration 157
Elapsed time for kappa 34.1483 sec
Elapsed time for experts 14.3310 sec
Elapsed time for households 12.0496 sec
Iteration 158
Elapsed time for kappa 34.1671 sec
Elapsed time for experts 14.3174 sec
Elapsed time for households 12.5751 sec
Iteration 159
Elapsed time for kappa 33.2530 sec
Elapsed time for experts 14.0448 sec
Elapsed time for households 12.3503 sec
Iteration 160
Elapsed time for kappa 31.9539 sec
Elapsed time for experts 14.0940 sec
Elapsed time for households 12.2053 sec
Iteration 161
Elapsed time for kappa 32.6535 sec
Elapsed time for experts 13.8854 sec
Elapsed time for households 12.3167 sec
Iteration 162
Elapsed time for kappa 41.0158 sec
Elapsed time for experts 14.7599 sec
Elapsed time for households 13.1754 sec
Iteration 163
Elapsed time for kappa 33.7770 sec
Elapsed time for experts 13.2781 sec
Elapsed time for households 12.8710 sec
Iteration 164
Elapsed time for kappa 33.3998 sec
Elapsed time for experts 14.3208 sec
Elapsed time for households 12.7156 sec
Iteration 165
Elapsed time for kappa 31.9266 sec
Elapsed time for experts 13.5905 sec
Elapsed time for households 11.9555 sec
Iteration 166
Elapsed time for kappa 32.1374 sec
Elapsed time for experts 13.2131 sec
Elapsed time for households 11.1953 sec
Iteration 167
Elapsed time for kappa 32.1338 sec
Elapsed time for experts 13.2967 sec
Elapsed time for households 18.2351 sec
Iteration 168
Elapsed time for kappa 34.0019 sec
Elapsed time for experts 14.1573 sec
Elapsed time for households 11.5460 sec
Iteration 169
Elapsed time for kappa 33.2487 sec
Elapsed time for experts 13.2424 sec
Elapsed time for households 10.9295 sec
Iteration 170
Elapsed time for kappa 31.4173 sec
Elapsed time for experts 14.1734 sec
Elapsed time for households 11.3934 sec
Iteration 171
Elapsed time for kappa 31.8914 sec
Elapsed time for experts 13.8476 sec
Elapsed time for households 11.3718 sec
Iteration 172
Elapsed time for kappa 31.8103 sec
Elapsed time for experts 13.5650 sec
Elapsed time for households 12.2183 sec
Iteration 173
Elapsed time for kappa 31.9540 sec
Elapsed time for experts 13.2822 sec
Elapsed time for households 10.7247 sec
Iteration 174
Elapsed time for kappa 40.6534 sec
Elapsed time for experts 14.3208 sec
Elapsed time for households 13.3104 sec
Iteration 175
Elapsed time for kappa 33.3435 sec
Elapsed time for experts 13.6548 sec
Elapsed time for households 12.2058 sec
Iteration 176
Elapsed time for kappa 32.9971 sec
Elapsed time for experts 13.6310 sec
Elapsed time for households 11.7842 sec
Iteration 177
Elapsed time for kappa 32.6418 sec
Elapsed time for experts 12.6927 sec
Elapsed time for households 9.9620 sec
Iteration 178
Elapsed time for kappa 29.7374 sec
Elapsed time for experts 13.5802 sec
Elapsed time for households 11.8843 sec
Iteration 179
Elapsed time for kappa 29.6314 sec
Elapsed time for experts 12.6530 sec
Elapsed time for households 17.7397 sec
Iteration 180
Elapsed time for kappa 32.6777 sec
Elapsed time for experts 14.1412 sec
Elapsed time for households 12.5372 sec
Iteration 181
Elapsed time for kappa 32.6016 sec
Elapsed time for experts 14.0275 sec
Elapsed time for households 11.5478 sec
Iteration 182
Elapsed time for kappa 32.3218 sec
Elapsed time for experts 13.4055 sec
Elapsed time for households 12.4042 sec
Iteration 183
Elapsed time for kappa 31.9581 sec
Elapsed time for experts 13.2557 sec
Elapsed time for households 11.8291 sec
Iteration 184
Elapsed time for kappa 30.6083 sec
Elapsed time for experts 13.1935 sec
Elapsed time for households 11.6592 sec
Iteration 185
Elapsed time for kappa 31.9649 sec
Elapsed time for experts 12.3495 sec
Elapsed time for households 10.7161 sec
Iteration 186
Elapsed time for kappa 37.8952 sec
Elapsed time for experts 14.1230 sec
Elapsed time for households 11.9355 sec
Iteration 187
Elapsed time for kappa 30.5038 sec
Elapsed time for experts 12.9309 sec
Elapsed time for households 11.5051 sec
Iteration 188
Elapsed time for kappa 30.3056 sec
Elapsed time for experts 13.5170 sec
Elapsed time for households 11.9323 sec
Iteration 189
Elapsed time for kappa 30.2158 sec
Elapsed time for experts 12.5725 sec
Elapsed time for households 10.7448 sec
Iteration 190
Elapsed time for kappa 29.4825 sec
Elapsed time for experts 12.7816 sec
Elapsed time for households 10.7940 sec
Iteration 191
Elapsed time for kappa 30.6099 sec
Elapsed time for experts 13.3914 sec
Elapsed time for households 17.4654 sec
Iteration 192
Elapsed time for kappa 32.3818 sec
Elapsed time for experts 14.3112 sec
Elapsed time for households 12.5664 sec
Iteration 193
Elapsed time for kappa 31.5236 sec
Elapsed time for experts 13.7114 sec
Elapsed time for households 12.2060 sec
Iteration 194
Elapsed time for kappa 31.3599 sec
Elapsed time for experts 13.4558 sec
Elapsed time for households 11.6558 sec
Iteration 195
Elapsed time for kappa 31.1600 sec
Elapsed time for experts 13.2082 sec
Elapsed time for households 10.4369 sec
Iteration 196
Elapsed time for kappa 29.3962 sec
Elapsed time for experts 13.0570 sec
Elapsed time for households 11.3705 sec
Iteration 197
Elapsed time for kappa 30.4482 sec
Elapsed time for experts 13.1380 sec
Elapsed time for households 11.8798 sec
Iteration 198
Elapsed time for kappa 39.3144 sec
Elapsed time for experts 14.1900 sec
Elapsed time for households 11.5251 sec
Iteration 199
Elapsed time for kappa 29.8658 sec
Elapsed time for experts 13.0757 sec
Elapsed time for households 11.2369 sec
Iteration 200
Elapsed time for kappa 31.4692 sec
Elapsed time for experts 13.4902 sec
Elapsed time for households 12.4257 sec
Iteration 201
Elapsed time for kappa 30.9952 sec
Elapsed time for experts 13.3735 sec
Elapsed time for households 12.1397 sec
Iteration 202
Elapsed time for kappa 30.5171 sec
Elapsed time for experts 12.8999 sec
Elapsed time for households 10.8774 sec
Iteration 203
Elapsed time for kappa 30.3547 sec
Elapsed time for experts 12.8122 sec
Elapsed time for households 9.6418 sec
Iteration 204
Elapsed time for kappa 36.4716 sec
Elapsed time for experts 13.9871 sec
Elapsed time for households 11.6520 sec
Iteration 205
Elapsed time for kappa 31.4523 sec
Elapsed time for experts 13.2427 sec
Elapsed time for households 11.6639 sec
Iteration 206
Elapsed time for kappa 30.2130 sec
Elapsed time for experts 12.7871 sec
Elapsed time for households 10.9622 sec
Iteration 207
Elapsed time for kappa 29.2508 sec
Elapsed time for experts 13.3817 sec
Elapsed time for households 10.8288 sec
Iteration 208
Elapsed time for kappa 29.5445 sec
Elapsed time for experts 12.5636 sec
Elapsed time for households 11.0598 sec
Iteration 209
Elapsed time for kappa 28.3755 sec
Elapsed time for experts 12.9934 sec
Elapsed time for households 17.0863 sec
Iteration 210
Elapsed time for kappa 31.5346 sec
Elapsed time for experts 13.9573 sec
Elapsed time for households 12.3021 sec
Iteration 211
Elapsed time for kappa 31.5424 sec
Elapsed time for experts 13.4121 sec
Elapsed time for households 11.9215 sec
Iteration 212
Elapsed time for kappa 31.3506 sec
Elapsed time for experts 13.3761 sec
Elapsed time for households 11.9159 sec
Iteration 213
Elapsed time for kappa 29.8413 sec
Elapsed time for experts 12.7200 sec
Elapsed time for households 11.3911 sec
Iteration 214
Elapsed time for kappa 30.1956 sec
Elapsed time for experts 13.3654 sec
Elapsed time for households 11.9294 sec
Iteration 215
Elapsed time for kappa 28.0593 sec
Elapsed time for experts 12.1756 sec
Elapsed time for households 9.9381 sec
Iteration 216
Elapsed time for kappa 38.4754 sec
Elapsed time for experts 14.0302 sec
Elapsed time for households 11.1528 sec
Iteration 217
Elapsed time for kappa 30.1387 sec
Elapsed time for experts 12.9432 sec
Elapsed time for households 10.6270 sec
Iteration 218
Elapsed time for kappa 31.8229 sec
Elapsed time for experts 13.7779 sec
Elapsed time for households 11.5448 sec
Iteration 219
Elapsed time for kappa 30.8247 sec
Elapsed time for experts 13.7846 sec
Elapsed time for households 11.3222 sec
Iteration 220
Elapsed time for kappa 29.9628 sec
Elapsed time for experts 11.8695 sec
Elapsed time for households 10.5253 sec
Iteration 221
Elapsed time for kappa 30.0723 sec
Elapsed time for experts 12.9141 sec
Elapsed time for households 16.9569 sec
Iteration 222
Elapsed time for kappa 32.3595 sec
Elapsed time for experts 13.6954 sec
Elapsed time for households 12.0340 sec
Iteration 223
Elapsed time for kappa 30.9631 sec
Elapsed time for experts 12.9189 sec
Elapsed time for households 10.9178 sec
Iteration 224
Elapsed time for kappa 31.3677 sec
Elapsed time for experts 13.4882 sec
Elapsed time for households 11.2951 sec
Iteration 225
Elapsed time for kappa 30.1374 sec
Elapsed time for experts 12.7596 sec
Elapsed time for households 11.0892 sec
Iteration 226
Elapsed time for kappa 29.9191 sec
Elapsed time for experts 13.2874 sec
Elapsed time for households 11.4025 sec
Iteration 227
Elapsed time for kappa 29.6474 sec
Elapsed time for experts 12.8168 sec
Elapsed time for households 11.3761 sec
Iteration 228
Elapsed time for kappa 39.5725 sec
Elapsed time for experts 13.7714 sec
Elapsed time for households 11.9082 sec
Iteration 229
Elapsed time for kappa 31.6976 sec
Elapsed time for experts 13.5850 sec
Elapsed time for households 11.5096 sec
Iteration 230
Elapsed time for kappa 32.0075 sec
Elapsed time for experts 12.8059 sec
Elapsed time for households 10.5576 sec
Iteration 231
Elapsed time for kappa 29.8973 sec
Elapsed time for experts 13.4974 sec
Elapsed time for households 10.6423 sec
Iteration 232
Elapsed time for kappa 28.7286 sec
Elapsed time for experts 13.0055 sec
Elapsed time for households 12.0227 sec
Iteration 233
Elapsed time for kappa 29.7520 sec
Elapsed time for experts 12.2709 sec
Elapsed time for households 10.0897 sec
Iteration 234
Elapsed time for kappa 37.1979 sec
Elapsed time for experts 13.4059 sec
Elapsed time for households 10.5239 sec
Iteration 235
Elapsed time for kappa 30.2455 sec
Elapsed time for experts 13.3437 sec
Elapsed time for households 11.1772 sec
Iteration 236
Elapsed time for kappa 29.4129 sec
Elapsed time for experts 12.8122 sec
Elapsed time for households 10.5710 sec
Iteration 237
Elapsed time for kappa 29.9043 sec
Elapsed time for experts 12.6910 sec
Elapsed time for households 11.0272 sec
Iteration 238
Elapsed time for kappa 30.1718 sec
Elapsed time for experts 13.2653 sec
Elapsed time for households 10.1525 sec
Iteration 239
Elapsed time for kappa 29.4065 sec
Elapsed time for experts 11.3099 sec
Elapsed time for households 16.6978 sec
Iteration 240
Elapsed time for kappa 31.6797 sec
Elapsed time for experts 13.6527 sec
Elapsed time for households 10.5756 sec
Iteration 241
Elapsed time for kappa 29.4981 sec
Elapsed time for experts 12.6446 sec
Elapsed time for households 11.6032 sec
Iteration 242
Elapsed time for kappa 31.7117 sec
Elapsed time for experts 13.5095 sec
Elapsed time for households 11.8921 sec
Iteration 243
Elapsed time for kappa 31.4174 sec
Elapsed time for experts 12.8038 sec
Elapsed time for households 10.9287 sec
Iteration 244
Elapsed time for kappa 29.0126 sec
Elapsed time for experts 13.4332 sec
Elapsed time for households 10.5845 sec
Iteration 245
Elapsed time for kappa 29.5478 sec
Elapsed time for experts 13.0701 sec
Elapsed time for households 11.3316 sec
Iteration 246
Elapsed time for kappa 38.5067 sec
Elapsed time for experts 14.0977 sec
Elapsed time for households 12.5835 sec
Iteration 247
Elapsed time for kappa 31.3216 sec
Elapsed time for experts 13.8786 sec
Elapsed time for households 12.4087 sec
Iteration 248
Elapsed time for kappa 31.6836 sec
Elapsed time for experts 13.6344 sec
Elapsed time for households 10.6678 sec
Iteration 249
Elapsed time for kappa 31.7066 sec
Elapsed time for experts 12.8140 sec
Elapsed time for households 10.3622 sec
Iteration 250
Elapsed time for kappa 29.2561 sec
Elapsed time for experts 13.0907 sec
Elapsed time for households 10.5026 sec
Iteration 251
Elapsed time for kappa 29.8446 sec
Elapsed time for experts 12.4234 sec
Elapsed time for households 17.4153 sec
Iteration 252
Elapsed time for kappa 32.3497 sec
Elapsed time for experts 13.9094 sec
Elapsed time for households 11.3660 sec
Iteration 253
Elapsed time for kappa 29.9939 sec
Elapsed time for experts 12.5017 sec
Elapsed time for households 10.3894 sec
Iteration 254
Elapsed time for kappa 30.8689 sec
Elapsed time for experts 13.6476 sec
Elapsed time for households 11.7799 sec
Iteration 255
Elapsed time for kappa 31.1082 sec
Elapsed time for experts 12.6383 sec
Elapsed time for households 11.2453 sec
Iteration 256
Elapsed time for kappa 28.7236 sec
Elapsed time for experts 12.8461 sec
Elapsed time for households 10.4821 sec
Iteration 257
Elapsed time for kappa 29.9272 sec
Elapsed time for experts 13.0110 sec
Elapsed time for households 10.6780 sec
Iteration 258
Elapsed time for kappa 38.9120 sec
Elapsed time for experts 14.1781 sec
Elapsed time for households 11.7789 sec
Iteration 259
Elapsed time for kappa 31.3804 sec
Elapsed time for experts 13.5154 sec
Elapsed time for households 11.5672 sec
Iteration 260
Elapsed time for kappa 31.8819 sec
Elapsed time for experts 13.3581 sec
Elapsed time for households 11.1897 sec
Iteration 261
Elapsed time for kappa 30.1999 sec
Elapsed time for experts 12.6095 sec
Elapsed time for households 10.9973 sec
Iteration 262
Elapsed time for kappa 29.8011 sec
Elapsed time for experts 13.1929 sec
Elapsed time for households 10.9482 sec
Iteration 263
Elapsed time for kappa 29.8479 sec
Elapsed time for experts 13.1465 sec
Elapsed time for households 17.0909 sec
Iteration 264
Elapsed time for kappa 32.7127 sec
Elapsed time for experts 14.4949 sec
Elapsed time for households 11.8543 sec
Iteration 265
Elapsed time for kappa 29.7771 sec
Elapsed time for experts 12.8257 sec
Elapsed time for households 11.0638 sec
Iteration 266
Elapsed time for kappa 30.6881 sec
Elapsed time for experts 13.2971 sec
Elapsed time for households 12.3339 sec
Iteration 267
Elapsed time for kappa 31.0187 sec
Elapsed time for experts 13.1810 sec
Elapsed time for households 10.9157 sec
Iteration 268
Elapsed time for kappa 30.8732 sec
Elapsed time for experts 13.1560 sec
Elapsed time for households 11.6809 sec
Iteration 269
Elapsed time for kappa 29.4835 sec
Elapsed time for experts 12.5093 sec
Elapsed time for households 10.7426 sec
Iteration 270
Elapsed time for kappa 37.9320 sec
Elapsed time for experts 13.8820 sec
Elapsed time for households 10.9118 sec
Iteration 271
Elapsed time for kappa 29.7623 sec
Elapsed time for experts 12.8008 sec
Elapsed time for households 11.3202 sec
Iteration 272
Elapsed time for kappa 31.4981 sec
Elapsed time for experts 13.3207 sec
Elapsed time for households 11.2544 sec
Iteration 273
Elapsed time for kappa 31.4730 sec
Elapsed time for experts 13.3254 sec
Elapsed time for households 11.1918 sec
Iteration 274
Elapsed time for kappa 31.0159 sec
Elapsed time for experts 12.8085 sec
Elapsed time for households 10.6647 sec
Iteration 275
Elapsed time for kappa 29.8466 sec
Elapsed time for experts 13.0866 sec
Elapsed time for households 10.6248 sec
Iteration 276
Elapsed time for kappa 38.9002 sec
Elapsed time for experts 13.9379 sec
Elapsed time for households 12.3672 sec
Iteration 277
Elapsed time for kappa 30.8445 sec
Elapsed time for experts 13.7938 sec
Elapsed time for households 11.6452 sec
Iteration 278
Elapsed time for kappa 31.2533 sec
Elapsed time for experts 13.6509 sec
Elapsed time for households 11.9713 sec
Iteration 279
Elapsed time for kappa 31.0773 sec
Elapsed time for experts 13.6416 sec
Elapsed time for households 11.0514 sec
Iteration 280
Elapsed time for kappa 30.4667 sec
Elapsed time for experts 13.3480 sec
Elapsed time for households 10.8402 sec
Iteration 281
Elapsed time for kappa 30.3564 sec
Elapsed time for experts 13.1668 sec
Elapsed time for households 17.4707 sec
Iteration 282
Elapsed time for kappa 30.4706 sec
Elapsed time for experts 13.3618 sec
Elapsed time for households 11.6711 sec
Iteration 283
Elapsed time for kappa 29.8547 sec
Elapsed time for experts 12.7609 sec
Elapsed time for households 11.1135 sec
Iteration 284
Elapsed time for kappa 29.8118 sec
Elapsed time for experts 12.4797 sec
Elapsed time for households 11.5545 sec
Iteration 285
Elapsed time for kappa 29.4978 sec
Elapsed time for experts 12.5510 sec
Elapsed time for households 10.2920 sec
Iteration 286
Elapsed time for kappa 28.9804 sec
Elapsed time for experts 12.2354 sec
Elapsed time for households 10.2805 sec
Iteration 287
Elapsed time for kappa 28.6345 sec
Elapsed time for experts 12.1376 sec
Elapsed time for households 10.7484 sec
Iteration 288
Elapsed time for kappa 37.8883 sec
Elapsed time for experts 13.1424 sec
Elapsed time for households 10.6829 sec
Iteration 289
Elapsed time for kappa 29.9001 sec
Elapsed time for experts 12.7666 sec
Elapsed time for households 11.4383 sec
Iteration 290
Elapsed time for kappa 30.0707 sec
Elapsed time for experts 12.3625 sec
Elapsed time for households 10.7915 sec
Iteration 291
Elapsed time for kappa 29.4709 sec
Elapsed time for experts 12.6498 sec
Elapsed time for households 10.6908 sec
Iteration 292
Elapsed time for kappa 29.1484 sec
Elapsed time for experts 12.4219 sec
Elapsed time for households 10.1500 sec
Iteration 293
Elapsed time for kappa 29.1876 sec
Elapsed time for experts 12.3501 sec
Elapsed time for households 16.9592 sec
Iteration 294
Elapsed time for kappa 30.9259 sec
Elapsed time for experts 12.9218 sec
Elapsed time for households 10.6276 sec
Iteration 295
Elapsed time for kappa 29.7040 sec
Elapsed time for experts 12.6937 sec
Elapsed time for households 10.8159 sec
Iteration 296
Elapsed time for kappa 29.9416 sec
Elapsed time for experts 12.5638 sec
Elapsed time for households 11.0455 sec
Iteration 297
Elapsed time for kappa 29.4566 sec
Elapsed time for experts 12.7347 sec
Elapsed time for households 10.6708 sec
Iteration 298
Elapsed time for kappa 28.7766 sec
Elapsed time for experts 12.3654 sec
Elapsed time for households 10.7349 sec
Iteration 299
Elapsed time for kappa 28.5795 sec
Elapsed time for experts 12.3697 sec
Elapsed time for households 10.6093 sec
Elapsed time for training 17854.2584 sec
