Iteration 0
Elapsed time for kappa 71.6752 sec
Elapsed time for experts 20.2656 sec
Elapsed time for households 15.9027 sec
Iteration 1
Elapsed time for kappa 34.5755 sec
Elapsed time for experts 14.5893 sec
Elapsed time for households 13.1538 sec
Iteration 2
Elapsed time for kappa 37.1578 sec
Elapsed time for experts 16.8704 sec
Elapsed time for households 13.6223 sec
Iteration 3
Elapsed time for kappa 34.4115 sec
Elapsed time for experts 14.7179 sec
Elapsed time for households 13.0088 sec
Iteration 4
Elapsed time for kappa 33.3574 sec
Elapsed time for experts 13.8115 sec
Elapsed time for households 13.8073 sec
Iteration 5
Elapsed time for kappa 33.7449 sec
Elapsed time for experts 14.8957 sec
Elapsed time for households 13.7541 sec
Iteration 6
Elapsed time for kappa 32.9623 sec
Elapsed time for experts 12.1253 sec
Elapsed time for households 10.1962 sec
Iteration 7
Elapsed time for kappa 33.2200 sec
Elapsed time for experts 14.2023 sec
Elapsed time for households 12.5676 sec
Iteration 8
Elapsed time for kappa 33.5907 sec
Elapsed time for experts 20.2612 sec
Elapsed time for households 13.7232 sec
Iteration 9
Elapsed time for kappa 32.1638 sec
Elapsed time for experts 11.3240 sec
Elapsed time for households 10.7176 sec
Iteration 10
Elapsed time for kappa 33.5630 sec
Elapsed time for experts 11.4166 sec
Elapsed time for households 12.3706 sec
Iteration 11
Elapsed time for kappa 33.4023 sec
Elapsed time for experts 12.3651 sec
Elapsed time for households 13.0958 sec
Iteration 12
Elapsed time for kappa 32.6255 sec
Elapsed time for experts 12.8636 sec
Elapsed time for households 11.5435 sec
Iteration 13
Elapsed time for kappa 32.6538 sec
Elapsed time for experts 14.0173 sec
Elapsed time for households 12.2132 sec
Iteration 14
Elapsed time for kappa 31.7905 sec
Elapsed time for experts 19.9356 sec
Elapsed time for households 13.7519 sec
Iteration 15
Elapsed time for kappa 33.5807 sec
Elapsed time for experts 13.5915 sec
Elapsed time for households 11.3541 sec
Iteration 16
Elapsed time for kappa 33.0726 sec
Elapsed time for experts 12.5194 sec
Elapsed time for households 11.4213 sec
Iteration 17
Elapsed time for kappa 31.7008 sec
Elapsed time for experts 11.8011 sec
Elapsed time for households 11.4435 sec
Iteration 18
Elapsed time for kappa 32.7066 sec
Elapsed time for experts 15.2826 sec
Elapsed time for households 11.6280 sec
Iteration 19
Elapsed time for kappa 31.3830 sec
Elapsed time for experts 12.7113 sec
Elapsed time for households 11.1300 sec
Iteration 20
Elapsed time for kappa 41.3328 sec
Elapsed time for experts 14.4598 sec
Elapsed time for households 12.2660 sec
Iteration 21
Elapsed time for kappa 33.0779 sec
Elapsed time for experts 12.4100 sec
Elapsed time for households 12.0457 sec
Iteration 22
Elapsed time for kappa 33.8078 sec
Elapsed time for experts 13.1978 sec
Elapsed time for households 11.7042 sec
Iteration 23
Elapsed time for kappa 33.0070 sec
Elapsed time for experts 12.4024 sec
Elapsed time for households 10.6403 sec
Iteration 24
Elapsed time for kappa 33.0381 sec
Elapsed time for experts 12.6666 sec
Elapsed time for households 10.9434 sec
Iteration 25
Elapsed time for kappa 32.3977 sec
Elapsed time for experts 12.6105 sec
Elapsed time for households 10.5279 sec
Iteration 26
Elapsed time for kappa 39.9265 sec
Elapsed time for experts 13.8590 sec
Elapsed time for households 11.4430 sec
Iteration 27
Elapsed time for kappa 34.3504 sec
Elapsed time for experts 12.9388 sec
Elapsed time for households 11.8207 sec
Iteration 28
Elapsed time for kappa 33.8236 sec
Elapsed time for experts 12.6585 sec
Elapsed time for households 11.5959 sec
Iteration 29
Elapsed time for kappa 33.6350 sec
Elapsed time for experts 14.7076 sec
Elapsed time for households 10.5067 sec
Iteration 30
Elapsed time for kappa 33.2060 sec
Elapsed time for experts 13.4198 sec
Elapsed time for households 11.0006 sec
Iteration 31
Elapsed time for kappa 32.6779 sec
Elapsed time for experts 12.4643 sec
Elapsed time for households 10.5164 sec
Iteration 32
Elapsed time for kappa 42.0071 sec
Elapsed time for experts 14.4645 sec
Elapsed time for households 12.2182 sec
Iteration 33
Elapsed time for kappa 34.4031 sec
Elapsed time for experts 13.4873 sec
Elapsed time for households 11.3983 sec
Iteration 34
Elapsed time for kappa 32.3525 sec
Elapsed time for experts 11.6188 sec
Elapsed time for households 10.3451 sec
Iteration 35
Elapsed time for kappa 33.3738 sec
Elapsed time for experts 12.3396 sec
Elapsed time for households 11.4129 sec
Iteration 36
Elapsed time for kappa 33.1945 sec
Elapsed time for experts 11.6324 sec
Elapsed time for households 10.3643 sec
Iteration 37
Elapsed time for kappa 32.3320 sec
Elapsed time for experts 12.3743 sec
Elapsed time for households 11.2351 sec
Iteration 38
Elapsed time for kappa 42.6723 sec
Elapsed time for experts 14.6298 sec
Elapsed time for households 12.2503 sec
Iteration 39
Elapsed time for kappa 34.5806 sec
Elapsed time for experts 13.0265 sec
Elapsed time for households 11.4940 sec
Iteration 40
Elapsed time for kappa 33.9123 sec
Elapsed time for experts 13.4503 sec
Elapsed time for households 11.2195 sec
Iteration 41
Elapsed time for kappa 33.5798 sec
Elapsed time for experts 13.3345 sec
Elapsed time for households 11.2834 sec
Iteration 42
Elapsed time for kappa 33.3213 sec
Elapsed time for experts 13.0940 sec
Elapsed time for households 10.4023 sec
Iteration 43
Elapsed time for kappa 33.0164 sec
Elapsed time for experts 12.1729 sec
Elapsed time for households 11.0280 sec
Iteration 44
Elapsed time for kappa 42.2340 sec
Elapsed time for experts 16.1450 sec
Elapsed time for households 14.0325 sec
Iteration 45
Elapsed time for kappa 34.5001 sec
Elapsed time for experts 13.7446 sec
Elapsed time for households 11.6697 sec
Iteration 46
Elapsed time for kappa 34.1751 sec
Elapsed time for experts 12.7290 sec
Elapsed time for households 11.8250 sec
Iteration 47
Elapsed time for kappa 32.2240 sec
Elapsed time for experts 13.0176 sec
Elapsed time for households 11.5094 sec
Iteration 48
Elapsed time for kappa 33.6382 sec
Elapsed time for experts 13.2487 sec
Elapsed time for households 13.3674 sec
Iteration 49
Elapsed time for kappa 33.7473 sec
Elapsed time for experts 12.0531 sec
Elapsed time for households 11.5556 sec
Iteration 50
Elapsed time for kappa 42.7887 sec
Elapsed time for experts 14.7776 sec
Elapsed time for households 11.0765 sec
Iteration 51
Elapsed time for kappa 33.8291 sec
Elapsed time for experts 12.8254 sec
Elapsed time for households 11.9853 sec
Iteration 52
Elapsed time for kappa 34.2105 sec
Elapsed time for experts 13.3066 sec
Elapsed time for households 13.4129 sec
Iteration 53
Elapsed time for kappa 33.6925 sec
Elapsed time for experts 12.2787 sec
Elapsed time for households 10.5539 sec
Iteration 54
Elapsed time for kappa 32.5039 sec
Elapsed time for experts 12.6904 sec
Elapsed time for households 11.0849 sec
Iteration 55
Elapsed time for kappa 33.9156 sec
Elapsed time for experts 12.5374 sec
Elapsed time for households 18.3649 sec
Iteration 56
Elapsed time for kappa 35.6899 sec
Elapsed time for experts 13.5358 sec
Elapsed time for households 10.8328 sec
Iteration 57
Elapsed time for kappa 33.5461 sec
Elapsed time for experts 13.4287 sec
Elapsed time for households 11.2779 sec
Iteration 58
Elapsed time for kappa 33.9325 sec
Elapsed time for experts 13.4829 sec
Elapsed time for households 11.4838 sec
Iteration 59
Elapsed time for kappa 33.2674 sec
Elapsed time for experts 13.0758 sec
Elapsed time for households 10.7048 sec
Iteration 60
Elapsed time for kappa 33.0377 sec
Elapsed time for experts 12.4628 sec
Elapsed time for households 10.1931 sec
Iteration 61
Elapsed time for kappa 33.1208 sec
Elapsed time for experts 12.3824 sec
Elapsed time for households 19.9176 sec
Iteration 62
Elapsed time for kappa 35.4236 sec
Elapsed time for experts 13.2640 sec
Elapsed time for households 11.9497 sec
Iteration 63
Elapsed time for kappa 35.2883 sec
Elapsed time for experts 13.2487 sec
Elapsed time for households 11.7284 sec
Iteration 64
Elapsed time for kappa 34.4829 sec
Elapsed time for experts 13.7904 sec
Elapsed time for households 11.3842 sec
Iteration 65
Elapsed time for kappa 33.7891 sec
Elapsed time for experts 12.3150 sec
Elapsed time for households 11.1030 sec
Iteration 66
Elapsed time for kappa 33.8782 sec
Elapsed time for experts 12.4042 sec
Elapsed time for households 10.8431 sec
Iteration 67
Elapsed time for kappa 33.2665 sec
Elapsed time for experts 21.6383 sec
Elapsed time for households 12.4669 sec
Iteration 68
Elapsed time for kappa 34.3791 sec
Elapsed time for experts 13.6822 sec
Elapsed time for households 11.6419 sec
Iteration 69
Elapsed time for kappa 34.4871 sec
Elapsed time for experts 12.9326 sec
Elapsed time for households 11.4290 sec
Iteration 70
Elapsed time for kappa 34.4630 sec
Elapsed time for experts 13.4645 sec
Elapsed time for households 11.1090 sec
Iteration 71
Elapsed time for kappa 32.3059 sec
Elapsed time for experts 13.8223 sec
Elapsed time for households 10.3545 sec
Iteration 72
Elapsed time for kappa 32.3480 sec
Elapsed time for experts 12.3585 sec
Elapsed time for households 11.5574 sec
Iteration 73
Elapsed time for kappa 33.0333 sec
Elapsed time for experts 20.8985 sec
Elapsed time for households 12.5833 sec
Iteration 74
Elapsed time for kappa 35.4457 sec
Elapsed time for experts 14.2911 sec
Elapsed time for households 11.9447 sec
Iteration 75
Elapsed time for kappa 34.1208 sec
Elapsed time for experts 12.9497 sec
Elapsed time for households 11.8967 sec
Iteration 76
Elapsed time for kappa 32.8051 sec
Elapsed time for experts 12.0174 sec
Elapsed time for households 10.6436 sec
Iteration 77
Elapsed time for kappa 32.7666 sec
Elapsed time for experts 12.0118 sec
Elapsed time for households 11.1632 sec
Iteration 78
Elapsed time for kappa 33.7103 sec
Elapsed time for experts 12.3989 sec
Elapsed time for households 11.1133 sec
Iteration 79
Elapsed time for kappa 33.2222 sec
Elapsed time for experts 21.7778 sec
Elapsed time for households 12.1471 sec
Iteration 80
Elapsed time for kappa 35.5432 sec
Elapsed time for experts 14.8426 sec
Elapsed time for households 11.8756 sec
Iteration 81
Elapsed time for kappa 35.0347 sec
Elapsed time for experts 13.7576 sec
Elapsed time for households 11.3913 sec
Iteration 82
Elapsed time for kappa 34.9499 sec
Elapsed time for experts 13.0590 sec
Elapsed time for households 11.4026 sec
Iteration 83
Elapsed time for kappa 33.2375 sec
Elapsed time for experts 12.6331 sec
Elapsed time for households 11.4673 sec
Iteration 84
Elapsed time for kappa 33.4738 sec
Elapsed time for experts 13.1306 sec
Elapsed time for households 11.8267 sec
Iteration 85
Elapsed time for kappa 43.9394 sec
Elapsed time for experts 15.5462 sec
Elapsed time for households 12.4384 sec
Iteration 86
Elapsed time for kappa 35.2180 sec
Elapsed time for experts 14.2781 sec
Elapsed time for households 11.6139 sec
Iteration 87
Elapsed time for kappa 34.5551 sec
Elapsed time for experts 13.6455 sec
Elapsed time for households 11.6649 sec
Iteration 88
Elapsed time for kappa 34.1570 sec
Elapsed time for experts 12.2079 sec
Elapsed time for households 10.6218 sec
Iteration 89
Elapsed time for kappa 33.5592 sec
Elapsed time for experts 13.0115 sec
Elapsed time for households 11.5102 sec
Iteration 90
Elapsed time for kappa 33.5816 sec
Elapsed time for experts 13.4968 sec
Elapsed time for households 11.4515 sec
Iteration 91
Elapsed time for kappa 42.5488 sec
Elapsed time for experts 13.4137 sec
Elapsed time for households 12.0505 sec
Iteration 92
Elapsed time for kappa 35.4909 sec
Elapsed time for experts 13.0944 sec
Elapsed time for households 11.7001 sec
Iteration 93
Elapsed time for kappa 34.2463 sec
Elapsed time for experts 12.2945 sec
Elapsed time for households 10.8858 sec
Iteration 94
Elapsed time for kappa 33.3955 sec
Elapsed time for experts 12.2422 sec
Elapsed time for households 10.5637 sec
Iteration 95
Elapsed time for kappa 33.7349 sec
Elapsed time for experts 13.1627 sec
Elapsed time for households 10.9788 sec
Iteration 96
Elapsed time for kappa 33.3449 sec
Elapsed time for experts 13.1736 sec
Elapsed time for households 10.4785 sec
Iteration 97
Elapsed time for kappa 42.0693 sec
Elapsed time for experts 14.2811 sec
Elapsed time for households 12.4976 sec
Iteration 98
Elapsed time for kappa 35.5041 sec
Elapsed time for experts 13.7422 sec
Elapsed time for households 11.8893 sec
Iteration 99
Elapsed time for kappa 34.8519 sec
Elapsed time for experts 13.2446 sec
Elapsed time for households 11.6960 sec
Iteration 100
Elapsed time for kappa 34.2437 sec
Elapsed time for experts 13.1168 sec
Elapsed time for households 12.0192 sec
Iteration 101
Elapsed time for kappa 33.9195 sec
Elapsed time for experts 13.6567 sec
Elapsed time for households 10.4715 sec
Iteration 102
Elapsed time for kappa 31.8641 sec
Elapsed time for experts 12.9571 sec
Elapsed time for households 10.8528 sec
Iteration 103
Elapsed time for kappa 42.2779 sec
Elapsed time for experts 13.1987 sec
Elapsed time for households 11.6963 sec
Iteration 104
Elapsed time for kappa 34.0055 sec
Elapsed time for experts 12.4294 sec
Elapsed time for households 10.8071 sec
Iteration 105
Elapsed time for kappa 33.8680 sec
Elapsed time for experts 12.8844 sec
Elapsed time for households 12.2119 sec
Iteration 106
Elapsed time for kappa 32.9295 sec
Elapsed time for experts 13.1330 sec
Elapsed time for households 13.3474 sec
Iteration 107
Elapsed time for kappa 33.9946 sec
Elapsed time for experts 13.0848 sec
Elapsed time for households 11.1032 sec
Iteration 108
Elapsed time for kappa 33.8964 sec
Elapsed time for experts 11.9028 sec
Elapsed time for households 12.6098 sec
Iteration 109
Elapsed time for kappa 42.4601 sec
Elapsed time for experts 13.7805 sec
Elapsed time for households 11.3047 sec
Iteration 110
Elapsed time for kappa 34.7783 sec
Elapsed time for experts 14.2178 sec
Elapsed time for households 11.5044 sec
Iteration 111
Elapsed time for kappa 32.8301 sec
Elapsed time for experts 13.1262 sec
Elapsed time for households 10.9574 sec
Iteration 112
Elapsed time for kappa 32.6441 sec
Elapsed time for experts 12.3100 sec
Elapsed time for households 11.2497 sec
Iteration 113
Elapsed time for kappa 33.3480 sec
Elapsed time for experts 11.6985 sec
Elapsed time for households 10.4723 sec
Iteration 114
Elapsed time for kappa 33.1897 sec
Elapsed time for experts 12.2776 sec
Elapsed time for households 10.3245 sec
Iteration 115
Elapsed time for kappa 43.0142 sec
Elapsed time for experts 13.6538 sec
Elapsed time for households 11.8240 sec
Iteration 116
Elapsed time for kappa 35.8638 sec
Elapsed time for experts 13.7498 sec
Elapsed time for households 12.1341 sec
Iteration 117
Elapsed time for kappa 34.9289 sec
Elapsed time for experts 13.4774 sec
Elapsed time for households 11.6730 sec
Iteration 118
Elapsed time for kappa 34.3918 sec
Elapsed time for experts 13.0829 sec
Elapsed time for households 12.5606 sec
Iteration 119
Elapsed time for kappa 32.2028 sec
Elapsed time for experts 12.4463 sec
Elapsed time for households 11.0144 sec
Iteration 120
Elapsed time for kappa 33.4110 sec
Elapsed time for experts 13.2159 sec
Elapsed time for households 11.5056 sec
Iteration 121
Elapsed time for kappa 43.7106 sec
Elapsed time for experts 13.3666 sec
Elapsed time for households 11.2163 sec
Iteration 122
Elapsed time for kappa 35.1720 sec
Elapsed time for experts 13.2483 sec
Elapsed time for households 11.4785 sec
Iteration 123
Elapsed time for kappa 35.1715 sec
Elapsed time for experts 12.8150 sec
Elapsed time for households 11.9695 sec
Iteration 124
Elapsed time for kappa 34.8036 sec
Elapsed time for experts 13.1959 sec
Elapsed time for households 11.6980 sec
Iteration 125
Elapsed time for kappa 33.4409 sec
Elapsed time for experts 12.1452 sec
Elapsed time for households 10.6904 sec
Iteration 126
Elapsed time for kappa 31.9188 sec
Elapsed time for experts 12.8370 sec
Elapsed time for households 19.3150 sec
Iteration 127
Elapsed time for kappa 36.0884 sec
Elapsed time for experts 12.6444 sec
Elapsed time for households 11.8529 sec
Iteration 128
Elapsed time for kappa 34.6942 sec
Elapsed time for experts 14.2238 sec
Elapsed time for households 11.9169 sec
Iteration 129
Elapsed time for kappa 34.8374 sec
Elapsed time for experts 12.1331 sec
Elapsed time for households 12.2116 sec
Iteration 130
Elapsed time for kappa 33.7606 sec
Elapsed time for experts 13.3720 sec
Elapsed time for households 11.6776 sec
Iteration 131
Elapsed time for kappa 32.0662 sec
Elapsed time for experts 11.8602 sec
Elapsed time for households 10.7836 sec
Iteration 132
Elapsed time for kappa 32.1727 sec
Elapsed time for experts 21.7179 sec
Elapsed time for households 12.7863 sec
Iteration 133
Elapsed time for kappa 34.3415 sec
Elapsed time for experts 12.5894 sec
Elapsed time for households 11.7233 sec
Iteration 134
Elapsed time for kappa 34.8755 sec
Elapsed time for experts 13.8556 sec
Elapsed time for households 11.9880 sec
Iteration 135
Elapsed time for kappa 33.2717 sec
Elapsed time for experts 11.9228 sec
Elapsed time for households 11.3124 sec
Iteration 136
Elapsed time for kappa 32.6126 sec
Elapsed time for experts 13.3519 sec
Elapsed time for households 11.6080 sec
Iteration 137
Elapsed time for kappa 33.3374 sec
Elapsed time for experts 12.8569 sec
Elapsed time for households 11.6862 sec
Iteration 138
Elapsed time for kappa 33.0818 sec
Elapsed time for experts 22.0179 sec
Elapsed time for households 11.6970 sec
Iteration 139
Elapsed time for kappa 33.5233 sec
Elapsed time for experts 12.8009 sec
Elapsed time for households 11.6796 sec
Iteration 140
Elapsed time for kappa 34.5254 sec
Elapsed time for experts 13.8190 sec
Elapsed time for households 12.2453 sec
Iteration 141
Elapsed time for kappa 32.8658 sec
Elapsed time for experts 13.3314 sec
Elapsed time for households 11.5083 sec
Iteration 142
Elapsed time for kappa 33.8150 sec
Elapsed time for experts 12.5341 sec
Elapsed time for households 10.6322 sec
Iteration 143
Elapsed time for kappa 31.7019 sec
Elapsed time for experts 11.4368 sec
Elapsed time for households 11.2192 sec
Iteration 144
Elapsed time for kappa 31.6244 sec
Elapsed time for experts 21.8146 sec
Elapsed time for households 12.4360 sec
Iteration 145
Elapsed time for kappa 35.2762 sec
Elapsed time for experts 12.6514 sec
Elapsed time for households 11.3299 sec
Iteration 146
Elapsed time for kappa 34.6919 sec
Elapsed time for experts 13.9800 sec
Elapsed time for households 11.9452 sec
Iteration 147
Elapsed time for kappa 33.9271 sec
Elapsed time for experts 13.9816 sec
Elapsed time for households 11.4545 sec
Iteration 148
Elapsed time for kappa 33.8818 sec
Elapsed time for experts 13.7748 sec
Elapsed time for households 11.2576 sec
Iteration 149
Elapsed time for kappa 32.1144 sec
Elapsed time for experts 12.2779 sec
Elapsed time for households 12.0744 sec
Iteration 150
Elapsed time for kappa 42.8680 sec
Elapsed time for experts 13.9351 sec
Elapsed time for households 12.6017 sec
Iteration 151
Elapsed time for kappa 34.2714 sec
Elapsed time for experts 12.5674 sec
Elapsed time for households 11.0444 sec
Iteration 152
Elapsed time for kappa 32.6315 sec
Elapsed time for experts 14.1891 sec
Elapsed time for households 11.5961 sec
Iteration 153
Elapsed time for kappa 31.8496 sec
Elapsed time for experts 12.5109 sec
Elapsed time for households 11.5744 sec
Iteration 154
Elapsed time for kappa 33.0273 sec
Elapsed time for experts 12.3412 sec
Elapsed time for households 11.1200 sec
Iteration 155
Elapsed time for kappa 33.1693 sec
Elapsed time for experts 12.9268 sec
Elapsed time for households 11.3579 sec
Iteration 156
Elapsed time for kappa 42.4446 sec
Elapsed time for experts 13.5556 sec
Elapsed time for households 12.2163 sec
Iteration 157
Elapsed time for kappa 34.8243 sec
Elapsed time for experts 13.8376 sec
Elapsed time for households 12.4601 sec
Iteration 158
Elapsed time for kappa 34.6690 sec
Elapsed time for experts 13.2212 sec
Elapsed time for households 12.3594 sec
Iteration 159
Elapsed time for kappa 33.8936 sec
Elapsed time for experts 13.2372 sec
Elapsed time for households 11.2803 sec
Iteration 160
Elapsed time for kappa 33.1794 sec
Elapsed time for experts 12.3108 sec
Elapsed time for households 10.6784 sec
Iteration 161
Elapsed time for kappa 32.4136 sec
Elapsed time for experts 12.6222 sec
Elapsed time for households 10.2061 sec
Iteration 162
Elapsed time for kappa 40.7046 sec
Elapsed time for experts 13.7260 sec
Elapsed time for households 11.8804 sec
Iteration 163
Elapsed time for kappa 34.0096 sec
Elapsed time for experts 13.8120 sec
Elapsed time for households 11.9220 sec
Iteration 164
Elapsed time for kappa 33.1652 sec
Elapsed time for experts 12.6859 sec
Elapsed time for households 10.5512 sec
Iteration 165
Elapsed time for kappa 31.5135 sec
Elapsed time for experts 12.7337 sec
Elapsed time for households 11.4792 sec
Iteration 166
Elapsed time for kappa 32.6388 sec
Elapsed time for experts 11.7843 sec
Elapsed time for households 10.3074 sec
Iteration 167
Elapsed time for kappa 31.3512 sec
Elapsed time for experts 13.0290 sec
Elapsed time for households 10.6798 sec
Iteration 168
Elapsed time for kappa 41.4929 sec
Elapsed time for experts 13.8399 sec
Elapsed time for households 11.5537 sec
Iteration 169
Elapsed time for kappa 32.7843 sec
Elapsed time for experts 12.3597 sec
Elapsed time for households 10.8917 sec
Iteration 170
Elapsed time for kappa 31.6884 sec
Elapsed time for experts 12.3696 sec
Elapsed time for households 11.5409 sec
Iteration 171
Elapsed time for kappa 33.0397 sec
Elapsed time for experts 13.1052 sec
Elapsed time for households 11.2484 sec
Iteration 172
Elapsed time for kappa 32.4749 sec
Elapsed time for experts 12.0093 sec
Elapsed time for households 11.0121 sec
Iteration 173
Elapsed time for kappa 32.8152 sec
Elapsed time for experts 12.4861 sec
Elapsed time for households 10.5630 sec
Iteration 174
Elapsed time for kappa 41.1014 sec
Elapsed time for experts 13.1481 sec
Elapsed time for households 11.4701 sec
Iteration 175
Elapsed time for kappa 34.1106 sec
Elapsed time for experts 13.2045 sec
Elapsed time for households 11.6918 sec
Iteration 176
Elapsed time for kappa 32.4567 sec
Elapsed time for experts 12.9521 sec
Elapsed time for households 11.1963 sec
Iteration 177
Elapsed time for kappa 32.7342 sec
Elapsed time for experts 12.5011 sec
Elapsed time for households 11.0277 sec
Iteration 178
Elapsed time for kappa 31.9814 sec
Elapsed time for experts 11.9493 sec
Elapsed time for households 11.2770 sec
Iteration 179
Elapsed time for kappa 31.6811 sec
Elapsed time for experts 12.2143 sec
Elapsed time for households 10.9899 sec
Iteration 180
Elapsed time for kappa 40.5370 sec
Elapsed time for experts 13.1448 sec
Elapsed time for households 11.5856 sec
Iteration 181
Elapsed time for kappa 32.7237 sec
Elapsed time for experts 13.3549 sec
Elapsed time for households 11.1743 sec
Iteration 182
Elapsed time for kappa 31.0733 sec
Elapsed time for experts 12.1580 sec
Elapsed time for households 11.2251 sec
Iteration 183
Elapsed time for kappa 32.3367 sec
Elapsed time for experts 12.0740 sec
Elapsed time for households 11.0270 sec
Iteration 184
Elapsed time for kappa 30.3827 sec
Elapsed time for experts 12.1275 sec
Elapsed time for households 10.5885 sec
Iteration 185
Elapsed time for kappa 31.3147 sec
Elapsed time for experts 12.3436 sec
Elapsed time for households 9.8741 sec
Iteration 186
Elapsed time for kappa 37.1244 sec
Elapsed time for experts 12.6319 sec
Elapsed time for households 11.7628 sec
Iteration 187
Elapsed time for kappa 31.7148 sec
Elapsed time for experts 11.4672 sec
Elapsed time for households 10.9280 sec
Iteration 188
Elapsed time for kappa 31.6195 sec
Elapsed time for experts 11.5759 sec
Elapsed time for households 10.3443 sec
Iteration 189
Elapsed time for kappa 31.5950 sec
Elapsed time for experts 13.2081 sec
Elapsed time for households 10.5705 sec
Iteration 190
Elapsed time for kappa 31.5278 sec
Elapsed time for experts 12.2832 sec
Elapsed time for households 10.8205 sec
Iteration 191
Elapsed time for kappa 29.6668 sec
Elapsed time for experts 11.6689 sec
Elapsed time for households 18.4630 sec
Iteration 192
Elapsed time for kappa 32.5655 sec
Elapsed time for experts 13.2717 sec
Elapsed time for households 11.2396 sec
Iteration 193
Elapsed time for kappa 31.2914 sec
Elapsed time for experts 11.4275 sec
Elapsed time for households 10.5430 sec
Iteration 194
Elapsed time for kappa 30.7273 sec
Elapsed time for experts 12.4699 sec
Elapsed time for households 11.6301 sec
Iteration 195
Elapsed time for kappa 31.0549 sec
Elapsed time for experts 12.6012 sec
Elapsed time for households 10.3540 sec
Iteration 196
Elapsed time for kappa 29.5414 sec
Elapsed time for experts 12.1223 sec
Elapsed time for households 10.6553 sec
Iteration 197
Elapsed time for kappa 30.7901 sec
Elapsed time for experts 12.2312 sec
Elapsed time for households 17.8224 sec
Iteration 198
Elapsed time for kappa 31.3904 sec
Elapsed time for experts 12.3653 sec
Elapsed time for households 10.7445 sec
Iteration 199
Elapsed time for kappa 30.7499 sec
Elapsed time for experts 12.6792 sec
Elapsed time for households 10.9557 sec
Iteration 200
Elapsed time for kappa 31.0032 sec
Elapsed time for experts 12.0159 sec
Elapsed time for households 11.2854 sec
Iteration 201
Elapsed time for kappa 30.8857 sec
Elapsed time for experts 12.0706 sec
Elapsed time for households 10.9022 sec
Iteration 202
Elapsed time for kappa 30.5143 sec
Elapsed time for experts 11.8332 sec
Elapsed time for households 10.7295 sec
Iteration 203
Elapsed time for kappa 30.9394 sec
Elapsed time for experts 12.3651 sec
Elapsed time for households 17.8685 sec
Iteration 204
Elapsed time for kappa 32.4920 sec
Elapsed time for experts 12.5308 sec
Elapsed time for households 10.9823 sec
Iteration 205
Elapsed time for kappa 31.4123 sec
Elapsed time for experts 11.9464 sec
Elapsed time for households 10.8617 sec
Iteration 206
Elapsed time for kappa 30.4256 sec
Elapsed time for experts 11.1570 sec
Elapsed time for households 10.5816 sec
Iteration 207
Elapsed time for kappa 30.4825 sec
Elapsed time for experts 12.7279 sec
Elapsed time for households 11.1149 sec
Iteration 208
Elapsed time for kappa 30.2965 sec
Elapsed time for experts 11.3945 sec
Elapsed time for households 10.4301 sec
Iteration 209
Elapsed time for kappa 30.4613 sec
Elapsed time for experts 12.1148 sec
Elapsed time for households 10.4482 sec
Iteration 210
Elapsed time for kappa 39.4465 sec
Elapsed time for experts 12.5654 sec
Elapsed time for households 10.9842 sec
Iteration 211
Elapsed time for kappa 30.8537 sec
Elapsed time for experts 12.1469 sec
Elapsed time for households 10.4477 sec
Iteration 212
Elapsed time for kappa 29.9909 sec
Elapsed time for experts 13.0810 sec
Elapsed time for households 11.1039 sec
Iteration 213
Elapsed time for kappa 29.6330 sec
Elapsed time for experts 12.3678 sec
Elapsed time for households 10.1884 sec
Iteration 214
Elapsed time for kappa 29.5617 sec
Elapsed time for experts 10.9303 sec
Elapsed time for households 9.8385 sec
Iteration 215
Elapsed time for kappa 29.0315 sec
Elapsed time for experts 11.7741 sec
Elapsed time for households 10.9541 sec
Iteration 216
Elapsed time for kappa 35.5853 sec
Elapsed time for experts 12.6861 sec
Elapsed time for households 11.2910 sec
Iteration 217
Elapsed time for kappa 31.3577 sec
Elapsed time for experts 11.9239 sec
Elapsed time for households 11.2263 sec
Iteration 218
Elapsed time for kappa 31.3053 sec
Elapsed time for experts 12.8205 sec
Elapsed time for households 10.7211 sec
Iteration 219
Elapsed time for kappa 31.1922 sec
Elapsed time for experts 12.5423 sec
Elapsed time for households 10.8583 sec
Iteration 220
Elapsed time for kappa 30.3932 sec
Elapsed time for experts 11.9447 sec
Elapsed time for households 10.5408 sec
Iteration 221
Elapsed time for kappa 29.9216 sec
Elapsed time for experts 18.2511 sec
Elapsed time for households 11.6310 sec
Iteration 222
Elapsed time for kappa 29.8506 sec
Elapsed time for experts 13.0499 sec
Elapsed time for households 10.3100 sec
Iteration 223
Elapsed time for kappa 31.5145 sec
Elapsed time for experts 13.8945 sec
Elapsed time for households 10.9504 sec
Iteration 224
Elapsed time for kappa 31.8235 sec
Elapsed time for experts 11.2401 sec
Elapsed time for households 9.9284 sec
Iteration 225
Elapsed time for kappa 29.3108 sec
Elapsed time for experts 11.8049 sec
Elapsed time for households 10.7975 sec
Iteration 226
Elapsed time for kappa 29.7887 sec
Elapsed time for experts 13.2543 sec
Elapsed time for households 10.3100 sec
Iteration 227
Elapsed time for kappa 28.4345 sec
Elapsed time for experts 11.2247 sec
Elapsed time for households 16.9492 sec
Iteration 228
Elapsed time for kappa 31.5838 sec
Elapsed time for experts 12.7818 sec
Elapsed time for households 10.8459 sec
Iteration 229
Elapsed time for kappa 31.8265 sec
Elapsed time for experts 12.6342 sec
Elapsed time for households 10.0722 sec
Iteration 230
Elapsed time for kappa 30.1144 sec
Elapsed time for experts 12.5111 sec
Elapsed time for households 11.0521 sec
Iteration 231
Elapsed time for kappa 30.7334 sec
Elapsed time for experts 12.1955 sec
Elapsed time for households 11.2204 sec
Iteration 232
Elapsed time for kappa 30.4445 sec
Elapsed time for experts 11.9417 sec
Elapsed time for households 10.4143 sec
Iteration 233
Elapsed time for kappa 30.0350 sec
Elapsed time for experts 12.1223 sec
Elapsed time for households 17.5059 sec
Iteration 234
Elapsed time for kappa 32.6314 sec
Elapsed time for experts 12.5275 sec
Elapsed time for households 11.2767 sec
Iteration 235
Elapsed time for kappa 30.9342 sec
Elapsed time for experts 12.7880 sec
Elapsed time for households 11.0606 sec
Iteration 236
Elapsed time for kappa 31.1104 sec
Elapsed time for experts 11.3498 sec
Elapsed time for households 11.2940 sec
Iteration 237
Elapsed time for kappa 30.2307 sec
Elapsed time for experts 12.4571 sec
Elapsed time for households 10.6792 sec
Iteration 238
Elapsed time for kappa 30.0911 sec
Elapsed time for experts 11.8508 sec
Elapsed time for households 10.4991 sec
Iteration 239
Elapsed time for kappa 29.7662 sec
Elapsed time for experts 11.4016 sec
Elapsed time for households 9.4259 sec
Iteration 240
Elapsed time for kappa 38.4381 sec
Elapsed time for experts 12.7172 sec
Elapsed time for households 10.9884 sec
Iteration 241
Elapsed time for kappa 30.9806 sec
Elapsed time for experts 11.9285 sec
Elapsed time for households 11.4345 sec
Iteration 242
Elapsed time for kappa 31.2190 sec
Elapsed time for experts 12.7220 sec
Elapsed time for households 10.9814 sec
Iteration 243
Elapsed time for kappa 30.6487 sec
Elapsed time for experts 12.5912 sec
Elapsed time for households 11.3172 sec
Iteration 244
Elapsed time for kappa 30.6950 sec
Elapsed time for experts 12.2195 sec
Elapsed time for households 10.6100 sec
Iteration 245
Elapsed time for kappa 29.5725 sec
Elapsed time for experts 12.1157 sec
Elapsed time for households 10.3399 sec
Iteration 246
Elapsed time for kappa 37.7936 sec
Elapsed time for experts 11.9524 sec
Elapsed time for households 11.1712 sec
Iteration 247
Elapsed time for kappa 31.0762 sec
Elapsed time for experts 11.7185 sec
Elapsed time for households 10.2545 sec
Iteration 248
Elapsed time for kappa 31.0920 sec
Elapsed time for experts 12.1480 sec
Elapsed time for households 10.4247 sec
Iteration 249
Elapsed time for kappa 30.6588 sec
Elapsed time for experts 12.1429 sec
Elapsed time for households 10.9652 sec
Iteration 250
Elapsed time for kappa 30.3607 sec
Elapsed time for experts 11.0438 sec
Elapsed time for households 10.0278 sec
Iteration 251
Elapsed time for kappa 28.6133 sec
Elapsed time for experts 10.6999 sec
Elapsed time for households 15.7821 sec
Iteration 252
Elapsed time for kappa 29.9103 sec
Elapsed time for experts 12.6236 sec
Elapsed time for households 11.3692 sec
Iteration 253
Elapsed time for kappa 31.1837 sec
Elapsed time for experts 12.8050 sec
Elapsed time for households 10.8904 sec
Iteration 254
Elapsed time for kappa 31.5820 sec
Elapsed time for experts 12.0549 sec
Elapsed time for households 11.5045 sec
Iteration 255
Elapsed time for kappa 31.2311 sec
Elapsed time for experts 11.3368 sec
Elapsed time for households 10.5761 sec
Iteration 256
Elapsed time for kappa 29.1807 sec
Elapsed time for experts 11.6351 sec
Elapsed time for households 10.4759 sec
Iteration 257
Elapsed time for kappa 29.6508 sec
Elapsed time for experts 11.7759 sec
Elapsed time for households 10.3846 sec
Iteration 258
Elapsed time for kappa 38.4517 sec
Elapsed time for experts 11.7796 sec
Elapsed time for households 10.6867 sec
Iteration 259
Elapsed time for kappa 30.0409 sec
Elapsed time for experts 11.3429 sec
Elapsed time for households 10.0147 sec
Iteration 260
Elapsed time for kappa 31.0303 sec
Elapsed time for experts 12.3593 sec
Elapsed time for households 10.8801 sec
Iteration 261
Elapsed time for kappa 29.8327 sec
Elapsed time for experts 12.4082 sec
Elapsed time for households 10.0055 sec
Iteration 262
Elapsed time for kappa 28.7949 sec
Elapsed time for experts 12.0743 sec
Elapsed time for households 10.4375 sec
Iteration 263
Elapsed time for kappa 28.8717 sec
Elapsed time for experts 10.9019 sec
Elapsed time for households 16.4253 sec
Iteration 264
Elapsed time for kappa 32.0669 sec
Elapsed time for experts 12.2012 sec
Elapsed time for households 10.9213 sec
Iteration 265
Elapsed time for kappa 31.1250 sec
Elapsed time for experts 12.7578 sec
Elapsed time for households 10.8770 sec
Iteration 266
Elapsed time for kappa 31.3092 sec
Elapsed time for experts 12.1793 sec
Elapsed time for households 10.8849 sec
Iteration 267
Elapsed time for kappa 30.3599 sec
Elapsed time for experts 12.6320 sec
Elapsed time for households 10.8180 sec
Iteration 268
Elapsed time for kappa 30.1050 sec
Elapsed time for experts 12.1331 sec
Elapsed time for households 10.2583 sec
Iteration 269
Elapsed time for kappa 29.8132 sec
Elapsed time for experts 11.5560 sec
Elapsed time for households 10.5072 sec
Iteration 270
Elapsed time for kappa 37.5364 sec
Elapsed time for experts 13.1787 sec
Elapsed time for households 11.0839 sec
Iteration 271
Elapsed time for kappa 30.8143 sec
Elapsed time for experts 12.6175 sec
Elapsed time for households 10.1441 sec
Iteration 272
Elapsed time for kappa 29.6521 sec
Elapsed time for experts 11.8748 sec
Elapsed time for households 10.2544 sec
Iteration 273
Elapsed time for kappa 30.6996 sec
Elapsed time for experts 12.3694 sec
Elapsed time for households 10.0435 sec
Iteration 274
Elapsed time for kappa 31.2627 sec
Elapsed time for experts 11.7054 sec
Elapsed time for households 10.4737 sec
Iteration 275
Elapsed time for kappa 29.6991 sec
Elapsed time for experts 12.1705 sec
Elapsed time for households 16.7649 sec
Iteration 276
Elapsed time for kappa 32.5554 sec
Elapsed time for experts 12.6368 sec
Elapsed time for households 11.1946 sec
Iteration 277
Elapsed time for kappa 31.5303 sec
Elapsed time for experts 12.5994 sec
Elapsed time for households 10.3335 sec
Iteration 278
Elapsed time for kappa 29.2919 sec
Elapsed time for experts 11.5344 sec
Elapsed time for households 10.8542 sec
Iteration 279
Elapsed time for kappa 29.3388 sec
Elapsed time for experts 12.0038 sec
Elapsed time for households 10.2337 sec
Iteration 280
Elapsed time for kappa 30.2352 sec
Elapsed time for experts 11.6343 sec
Elapsed time for households 10.8363 sec
Iteration 281
Elapsed time for kappa 30.3216 sec
Elapsed time for experts 12.6666 sec
Elapsed time for households 10.3260 sec
Iteration 282
Elapsed time for kappa 39.6209 sec
Elapsed time for experts 13.2597 sec
Elapsed time for households 10.5792 sec
Iteration 283
Elapsed time for kappa 30.0874 sec
Elapsed time for experts 12.0512 sec
Elapsed time for households 10.2741 sec
Iteration 284
Elapsed time for kappa 29.9927 sec
Elapsed time for experts 12.0215 sec
Elapsed time for households 10.8946 sec
Iteration 285
Elapsed time for kappa 29.3849 sec
Elapsed time for experts 12.3125 sec
Elapsed time for households 10.4253 sec
Iteration 286
Elapsed time for kappa 29.1445 sec
Elapsed time for experts 11.3477 sec
Elapsed time for households 10.2986 sec
Iteration 287
Elapsed time for kappa 28.6843 sec
Elapsed time for experts 11.8529 sec
Elapsed time for households 9.9193 sec
Iteration 288
Elapsed time for kappa 36.0239 sec
Elapsed time for experts 12.5269 sec
Elapsed time for households 10.8338 sec
Iteration 289
Elapsed time for kappa 29.8141 sec
Elapsed time for experts 11.9940 sec
Elapsed time for households 10.2868 sec
Iteration 290
Elapsed time for kappa 30.1379 sec
Elapsed time for experts 12.2952 sec
Elapsed time for households 10.1694 sec
Iteration 291
Elapsed time for kappa 29.2678 sec
Elapsed time for experts 11.8478 sec
Elapsed time for households 10.1971 sec
Iteration 292
Elapsed time for kappa 29.1067 sec
Elapsed time for experts 11.3394 sec
Elapsed time for households 9.9069 sec
Iteration 293
Elapsed time for kappa 28.8703 sec
Elapsed time for experts 10.7470 sec
Elapsed time for households 16.0106 sec
Iteration 294
Elapsed time for kappa 30.4068 sec
Elapsed time for experts 11.5419 sec
Elapsed time for households 10.3199 sec
Iteration 295
Elapsed time for kappa 29.8375 sec
Elapsed time for experts 11.2661 sec
Elapsed time for households 10.1272 sec
Iteration 296
Elapsed time for kappa 29.7515 sec
Elapsed time for experts 11.5802 sec
Elapsed time for households 10.3059 sec
Iteration 297
Elapsed time for kappa 29.0892 sec
Elapsed time for experts 11.8908 sec
Elapsed time for households 9.9764 sec
Iteration 298
Elapsed time for kappa 28.6975 sec
Elapsed time for experts 11.4131 sec
Elapsed time for households 9.7140 sec
Iteration 299
Elapsed time for kappa 28.1174 sec
Elapsed time for experts 11.3428 sec
Elapsed time for households 9.6345 sec
Elapsed time for training 17323.0055 sec
90000 90000 90000 90000
