Iteration 0
Elapsed time for kappa 67.4793 sec
Elapsed time for experts 18.3827 sec
Elapsed time for households 14.9212 sec
Iteration 1
Elapsed time for kappa 34.6292 sec
Elapsed time for experts 15.5148 sec
Elapsed time for households 11.9007 sec
Iteration 2
Elapsed time for kappa 33.6895 sec
Elapsed time for experts 12.8830 sec
Elapsed time for households 12.4161 sec
Iteration 3
Elapsed time for kappa 32.0811 sec
Elapsed time for experts 12.6871 sec
Elapsed time for households 11.4710 sec
Iteration 4
Elapsed time for kappa 31.8594 sec
Elapsed time for experts 12.9541 sec
Elapsed time for households 11.7626 sec
Iteration 5
Elapsed time for kappa 32.5670 sec
Elapsed time for experts 12.7008 sec
Elapsed time for households 11.4553 sec
Iteration 6
Elapsed time for kappa 31.8371 sec
Elapsed time for experts 12.9444 sec
Elapsed time for households 11.5431 sec
Iteration 7
Elapsed time for kappa 32.2648 sec
Elapsed time for experts 20.7824 sec
Elapsed time for households 11.1682 sec
Iteration 8
Elapsed time for kappa 35.6420 sec
Elapsed time for experts 13.7672 sec
Elapsed time for households 10.9493 sec
Iteration 9
Elapsed time for kappa 31.5524 sec
Elapsed time for experts 13.3680 sec
Elapsed time for households 11.6411 sec
Iteration 10
Elapsed time for kappa 32.9202 sec
Elapsed time for experts 13.7850 sec
Elapsed time for households 11.6589 sec
Iteration 11
Elapsed time for kappa 32.1742 sec
Elapsed time for experts 13.6593 sec
Elapsed time for households 12.2924 sec
Iteration 12
Elapsed time for kappa 33.4033 sec
Elapsed time for experts 12.9409 sec
Elapsed time for households 11.7218 sec
Iteration 13
Elapsed time for kappa 31.3865 sec
Elapsed time for experts 20.5420 sec
Elapsed time for households 12.8689 sec
Iteration 14
Elapsed time for kappa 34.2209 sec
Elapsed time for experts 14.1807 sec
Elapsed time for households 11.2950 sec
Iteration 15
Elapsed time for kappa 33.1781 sec
Elapsed time for experts 13.5324 sec
Elapsed time for households 10.7624 sec
Iteration 16
Elapsed time for kappa 31.3851 sec
Elapsed time for experts 14.6221 sec
Elapsed time for households 11.9120 sec
Iteration 17
Elapsed time for kappa 31.5013 sec
Elapsed time for experts 12.8553 sec
Elapsed time for households 11.1635 sec
Iteration 18
Elapsed time for kappa 32.3491 sec
Elapsed time for experts 12.8261 sec
Elapsed time for households 11.6040 sec
Iteration 19
Elapsed time for kappa 40.2010 sec
Elapsed time for experts 13.7246 sec
Elapsed time for households 12.1827 sec
Iteration 20
Elapsed time for kappa 32.4644 sec
Elapsed time for experts 12.9681 sec
Elapsed time for households 11.5199 sec
Iteration 21
Elapsed time for kappa 32.0584 sec
Elapsed time for experts 13.1575 sec
Elapsed time for households 10.5263 sec
Iteration 22
Elapsed time for kappa 32.0028 sec
Elapsed time for experts 13.1186 sec
Elapsed time for households 11.5985 sec
Iteration 23
Elapsed time for kappa 34.7479 sec
Elapsed time for experts 15.0241 sec
Elapsed time for households 12.7643 sec
Iteration 24
Elapsed time for kappa 32.3362 sec
Elapsed time for experts 12.8688 sec
Elapsed time for households 10.9756 sec
Iteration 25
Elapsed time for kappa 39.7945 sec
Elapsed time for experts 13.5798 sec
Elapsed time for households 12.0484 sec
Iteration 26
Elapsed time for kappa 33.0289 sec
Elapsed time for experts 13.1047 sec
Elapsed time for households 11.6852 sec
Iteration 27
Elapsed time for kappa 32.9286 sec
Elapsed time for experts 12.9349 sec
Elapsed time for households 12.1882 sec
Iteration 28
Elapsed time for kappa 35.8789 sec
Elapsed time for experts 13.1246 sec
Elapsed time for households 11.5913 sec
Iteration 29
Elapsed time for kappa 31.5693 sec
Elapsed time for experts 13.1001 sec
Elapsed time for households 11.9575 sec
Iteration 30
Elapsed time for kappa 32.6718 sec
Elapsed time for experts 13.8506 sec
Elapsed time for households 13.0631 sec
Iteration 31
Elapsed time for kappa 39.8340 sec
Elapsed time for experts 14.7933 sec
Elapsed time for households 12.3858 sec
Iteration 32
Elapsed time for kappa 32.2859 sec
Elapsed time for experts 13.0836 sec
Elapsed time for households 12.1907 sec
Iteration 33
Elapsed time for kappa 32.0811 sec
Elapsed time for experts 13.1795 sec
Elapsed time for households 12.5435 sec
Iteration 34
Elapsed time for kappa 31.5261 sec
Elapsed time for experts 12.7978 sec
Elapsed time for households 11.0660 sec
Iteration 35
Elapsed time for kappa 31.6318 sec
Elapsed time for experts 12.5839 sec
Elapsed time for households 10.5694 sec
Iteration 36
Elapsed time for kappa 31.4182 sec
Elapsed time for experts 12.9683 sec
Elapsed time for households 11.8860 sec
Iteration 37
Elapsed time for kappa 41.2171 sec
Elapsed time for experts 13.9954 sec
Elapsed time for households 12.2973 sec
Iteration 38
Elapsed time for kappa 35.6376 sec
Elapsed time for experts 14.6133 sec
Elapsed time for households 11.6576 sec
Iteration 39
Elapsed time for kappa 31.9715 sec
Elapsed time for experts 14.0368 sec
Elapsed time for households 11.7319 sec
Iteration 40
Elapsed time for kappa 31.4049 sec
Elapsed time for experts 13.0372 sec
Elapsed time for households 10.2539 sec
Iteration 41
Elapsed time for kappa 31.1936 sec
Elapsed time for experts 12.9889 sec
Elapsed time for households 11.7079 sec
Iteration 42
Elapsed time for kappa 31.4036 sec
Elapsed time for experts 12.7959 sec
Elapsed time for households 11.5032 sec
Iteration 43
Elapsed time for kappa 39.1824 sec
Elapsed time for experts 13.4746 sec
Elapsed time for households 11.7418 sec
Iteration 44
Elapsed time for kappa 32.2393 sec
Elapsed time for experts 13.1829 sec
Elapsed time for households 12.2517 sec
Iteration 45
Elapsed time for kappa 32.4091 sec
Elapsed time for experts 13.6332 sec
Elapsed time for households 10.5018 sec
Iteration 46
Elapsed time for kappa 34.1555 sec
Elapsed time for experts 14.0358 sec
Elapsed time for households 10.4494 sec
Iteration 47
Elapsed time for kappa 30.9354 sec
Elapsed time for experts 13.5232 sec
Elapsed time for households 12.3738 sec
Iteration 48
Elapsed time for kappa 32.5794 sec
Elapsed time for experts 13.7630 sec
Elapsed time for households 12.2947 sec
Iteration 49
Elapsed time for kappa 40.7130 sec
Elapsed time for experts 14.1110 sec
Elapsed time for households 12.1003 sec
Iteration 50
Elapsed time for kappa 31.4638 sec
Elapsed time for experts 13.6223 sec
Elapsed time for households 12.4201 sec
Iteration 51
Elapsed time for kappa 31.3633 sec
Elapsed time for experts 12.7312 sec
Elapsed time for households 10.5772 sec
Iteration 52
Elapsed time for kappa 31.5860 sec
Elapsed time for experts 12.5520 sec
Elapsed time for households 12.2252 sec
Iteration 53
Elapsed time for kappa 31.2833 sec
Elapsed time for experts 12.5037 sec
Elapsed time for households 11.1065 sec
Iteration 54
Elapsed time for kappa 31.2333 sec
Elapsed time for experts 12.6654 sec
Elapsed time for households 17.2094 sec
Iteration 55
Elapsed time for kappa 32.0933 sec
Elapsed time for experts 13.3263 sec
Elapsed time for households 10.6197 sec
Iteration 56
Elapsed time for kappa 30.9110 sec
Elapsed time for experts 12.0177 sec
Elapsed time for households 10.2478 sec
Iteration 57
Elapsed time for kappa 30.8983 sec
Elapsed time for experts 13.5519 sec
Elapsed time for households 11.7871 sec
Iteration 58
Elapsed time for kappa 30.6238 sec
Elapsed time for experts 12.6927 sec
Elapsed time for households 10.3475 sec
Iteration 59
Elapsed time for kappa 33.6581 sec
Elapsed time for experts 13.8411 sec
Elapsed time for households 10.1332 sec
Iteration 60
Elapsed time for kappa 33.0067 sec
Elapsed time for experts 13.5594 sec
Elapsed time for households 19.4209 sec
Iteration 61
Elapsed time for kappa 32.5044 sec
Elapsed time for experts 13.0733 sec
Elapsed time for households 11.9418 sec
Iteration 62
Elapsed time for kappa 31.2809 sec
Elapsed time for experts 13.0322 sec
Elapsed time for households 13.0351 sec
Iteration 63
Elapsed time for kappa 31.2671 sec
Elapsed time for experts 12.7405 sec
Elapsed time for households 11.6890 sec
Iteration 64
Elapsed time for kappa 30.3960 sec
Elapsed time for experts 12.5867 sec
Elapsed time for households 11.2567 sec
Iteration 65
Elapsed time for kappa 30.4282 sec
Elapsed time for experts 13.0032 sec
Elapsed time for households 10.5660 sec
Iteration 66
Elapsed time for kappa 30.6635 sec
Elapsed time for experts 19.7756 sec
Elapsed time for households 11.8340 sec
Iteration 67
Elapsed time for kappa 30.8209 sec
Elapsed time for experts 13.0113 sec
Elapsed time for households 11.1036 sec
Iteration 68
Elapsed time for kappa 31.2362 sec
Elapsed time for experts 12.7010 sec
Elapsed time for households 12.0726 sec
Iteration 69
Elapsed time for kappa 31.2207 sec
Elapsed time for experts 13.4126 sec
Elapsed time for households 11.5049 sec
Iteration 70
Elapsed time for kappa 31.8126 sec
Elapsed time for experts 12.9034 sec
Elapsed time for households 10.5879 sec
Iteration 71
Elapsed time for kappa 29.8054 sec
Elapsed time for experts 12.7298 sec
Elapsed time for households 11.2541 sec
Iteration 72
Elapsed time for kappa 30.7272 sec
Elapsed time for experts 19.4013 sec
Elapsed time for households 12.1793 sec
Iteration 73
Elapsed time for kappa 34.0711 sec
Elapsed time for experts 13.3222 sec
Elapsed time for households 12.2517 sec
Iteration 74
Elapsed time for kappa 32.1847 sec
Elapsed time for experts 13.6226 sec
Elapsed time for households 10.2140 sec
Iteration 75
Elapsed time for kappa 30.1149 sec
Elapsed time for experts 11.6948 sec
Elapsed time for households 9.9944 sec
Iteration 76
Elapsed time for kappa 29.7680 sec
Elapsed time for experts 12.5493 sec
Elapsed time for households 9.8834 sec
Iteration 77
Elapsed time for kappa 30.1033 sec
Elapsed time for experts 12.3091 sec
Elapsed time for households 9.7231 sec
Iteration 78
Elapsed time for kappa 30.1810 sec
Elapsed time for experts 18.9686 sec
Elapsed time for households 11.7786 sec
Iteration 79
Elapsed time for kappa 30.5087 sec
Elapsed time for experts 14.4799 sec
Elapsed time for households 11.4383 sec
Iteration 80
Elapsed time for kappa 33.4163 sec
Elapsed time for experts 12.6300 sec
Elapsed time for households 11.4800 sec
Iteration 81
Elapsed time for kappa 29.9974 sec
Elapsed time for experts 13.3520 sec
Elapsed time for households 11.4841 sec
Iteration 82
Elapsed time for kappa 29.0380 sec
Elapsed time for experts 12.6976 sec
Elapsed time for households 11.2165 sec
Iteration 83
Elapsed time for kappa 31.2238 sec
Elapsed time for experts 13.0144 sec
Elapsed time for households 11.6434 sec
Iteration 84
Elapsed time for kappa 37.6258 sec
Elapsed time for experts 13.7545 sec
Elapsed time for households 12.6980 sec
Iteration 85
Elapsed time for kappa 30.9232 sec
Elapsed time for experts 12.8631 sec
Elapsed time for households 11.7989 sec
Iteration 86
Elapsed time for kappa 29.2931 sec
Elapsed time for experts 12.4509 sec
Elapsed time for households 11.6443 sec
Iteration 87
Elapsed time for kappa 29.4584 sec
Elapsed time for experts 12.5752 sec
Elapsed time for households 12.6485 sec
Iteration 88
Elapsed time for kappa 29.3537 sec
Elapsed time for experts 12.3850 sec
Elapsed time for households 10.2196 sec
Iteration 89
Elapsed time for kappa 29.7182 sec
Elapsed time for experts 12.2575 sec
Elapsed time for households 9.9241 sec
Iteration 90
Elapsed time for kappa 37.7494 sec
Elapsed time for experts 13.4304 sec
Elapsed time for households 12.1416 sec
Iteration 91
Elapsed time for kappa 30.8292 sec
Elapsed time for experts 12.8613 sec
Elapsed time for households 10.9008 sec
Iteration 92
Elapsed time for kappa 29.2529 sec
Elapsed time for experts 12.4938 sec
Elapsed time for households 10.5031 sec
Iteration 93
Elapsed time for kappa 28.9298 sec
Elapsed time for experts 12.4393 sec
Elapsed time for households 11.1945 sec
Iteration 94
Elapsed time for kappa 29.2610 sec
Elapsed time for experts 12.3451 sec
Elapsed time for households 11.0311 sec
Iteration 95
Elapsed time for kappa 30.2262 sec
Elapsed time for experts 12.2755 sec
Elapsed time for households 11.0128 sec
Iteration 96
Elapsed time for kappa 36.7529 sec
Elapsed time for experts 14.2453 sec
Elapsed time for households 13.2468 sec
Iteration 97
Elapsed time for kappa 30.9196 sec
Elapsed time for experts 13.0579 sec
Elapsed time for households 11.7485 sec
Iteration 98
Elapsed time for kappa 29.7405 sec
Elapsed time for experts 12.6924 sec
Elapsed time for households 10.6299 sec
Iteration 99
Elapsed time for kappa 29.2338 sec
Elapsed time for experts 13.5484 sec
Elapsed time for households 10.6276 sec
Iteration 100
Elapsed time for kappa 29.1617 sec
Elapsed time for experts 12.8898 sec
Elapsed time for households 12.0839 sec
Iteration 101
Elapsed time for kappa 32.4892 sec
Elapsed time for experts 13.7247 sec
Elapsed time for households 10.1883 sec
Iteration 102
Elapsed time for kappa 36.0664 sec
Elapsed time for experts 13.2626 sec
Elapsed time for households 11.5733 sec
Iteration 103
Elapsed time for kappa 29.7651 sec
Elapsed time for experts 12.9098 sec
Elapsed time for households 11.5937 sec
Iteration 104
Elapsed time for kappa 28.9570 sec
Elapsed time for experts 12.5681 sec
Elapsed time for households 10.4000 sec
Iteration 105
Elapsed time for kappa 28.4827 sec
Elapsed time for experts 12.1313 sec
Elapsed time for households 10.2339 sec
Iteration 106
Elapsed time for kappa 29.4993 sec
Elapsed time for experts 12.3278 sec
Elapsed time for households 11.0716 sec
Iteration 107
Elapsed time for kappa 28.4304 sec
Elapsed time for experts 12.1444 sec
Elapsed time for households 9.6586 sec
Iteration 108
Elapsed time for kappa 35.2969 sec
Elapsed time for experts 13.1593 sec
Elapsed time for households 10.9864 sec
Iteration 109
Elapsed time for kappa 30.8068 sec
Elapsed time for experts 12.7699 sec
Elapsed time for households 10.7607 sec
Iteration 110
Elapsed time for kappa 28.8753 sec
Elapsed time for experts 13.6583 sec
Elapsed time for households 10.3947 sec
Iteration 111
Elapsed time for kappa 29.8387 sec
Elapsed time for experts 12.8101 sec
Elapsed time for households 11.3194 sec
Iteration 112
Elapsed time for kappa 29.7936 sec
Elapsed time for experts 12.2376 sec
Elapsed time for households 11.5246 sec
Iteration 113
Elapsed time for kappa 29.5076 sec
Elapsed time for experts 12.7422 sec
Elapsed time for households 10.8533 sec
Iteration 114
Elapsed time for kappa 35.7105 sec
Elapsed time for experts 13.1547 sec
Elapsed time for households 11.2018 sec
Iteration 115
Elapsed time for kappa 29.6568 sec
Elapsed time for experts 12.9228 sec
Elapsed time for households 11.7363 sec
Iteration 116
Elapsed time for kappa 28.8423 sec
Elapsed time for experts 12.6045 sec
Elapsed time for households 10.7514 sec
Iteration 117
Elapsed time for kappa 29.2217 sec
Elapsed time for experts 12.7258 sec
Elapsed time for households 11.9827 sec
Iteration 118
Elapsed time for kappa 28.8933 sec
Elapsed time for experts 12.3588 sec
Elapsed time for households 11.0228 sec
Iteration 119
Elapsed time for kappa 28.1249 sec
Elapsed time for experts 12.6299 sec
Elapsed time for households 11.0596 sec
Iteration 120
Elapsed time for kappa 35.2329 sec
Elapsed time for experts 12.9598 sec
Elapsed time for households 11.6538 sec
Iteration 121
Elapsed time for kappa 32.1730 sec
Elapsed time for experts 13.8808 sec
Elapsed time for households 10.7182 sec
Iteration 122
Elapsed time for kappa 30.5245 sec
Elapsed time for experts 13.1471 sec
Elapsed time for households 11.4927 sec
Iteration 123
Elapsed time for kappa 33.1495 sec
Elapsed time for experts 14.0178 sec
Elapsed time for households 10.2252 sec
Iteration 124
Elapsed time for kappa 28.8300 sec
Elapsed time for experts 13.1357 sec
Elapsed time for households 10.7702 sec
Iteration 125
Elapsed time for kappa 29.4496 sec
Elapsed time for experts 12.4778 sec
Elapsed time for households 15.5234 sec
Iteration 126
Elapsed time for kappa 29.8428 sec
Elapsed time for experts 12.8171 sec
Elapsed time for households 10.3680 sec
Iteration 127
Elapsed time for kappa 29.8719 sec
Elapsed time for experts 12.0928 sec
Elapsed time for households 10.7948 sec
Iteration 128
Elapsed time for kappa 30.4160 sec
Elapsed time for experts 12.6192 sec
Elapsed time for households 11.1931 sec
Iteration 129
Elapsed time for kappa 28.3779 sec
Elapsed time for experts 14.2105 sec
Elapsed time for households 11.7867 sec
Iteration 130
Elapsed time for kappa 28.1533 sec
Elapsed time for experts 12.0584 sec
Elapsed time for households 10.6408 sec
Iteration 131
Elapsed time for kappa 28.9874 sec
Elapsed time for experts 12.0277 sec
Elapsed time for households 16.0707 sec
Iteration 132
Elapsed time for kappa 34.4746 sec
Elapsed time for experts 13.7561 sec
Elapsed time for households 10.6753 sec
Iteration 133
Elapsed time for kappa 29.2994 sec
Elapsed time for experts 12.6564 sec
Elapsed time for households 11.0645 sec
Iteration 134
Elapsed time for kappa 29.0390 sec
Elapsed time for experts 12.5674 sec
Elapsed time for households 10.7013 sec
Iteration 135
Elapsed time for kappa 28.5379 sec
Elapsed time for experts 12.4700 sec
Elapsed time for households 10.2423 sec
Iteration 136
Elapsed time for kappa 28.6267 sec
Elapsed time for experts 12.1466 sec
Elapsed time for households 10.3210 sec
Iteration 137
Elapsed time for kappa 29.0374 sec
Elapsed time for experts 12.1118 sec
Elapsed time for households 17.3923 sec
Iteration 138
Elapsed time for kappa 31.0694 sec
Elapsed time for experts 12.9571 sec
Elapsed time for households 10.5304 sec
Iteration 139
Elapsed time for kappa 33.9923 sec
Elapsed time for experts 13.6111 sec
Elapsed time for households 11.9292 sec
Iteration 140
Elapsed time for kappa 30.3960 sec
Elapsed time for experts 13.1670 sec
Elapsed time for households 9.8595 sec
Iteration 141
Elapsed time for kappa 28.6227 sec
Elapsed time for experts 12.0872 sec
Elapsed time for households 10.0466 sec
Iteration 142
Elapsed time for kappa 28.6203 sec
Elapsed time for experts 12.1308 sec
Elapsed time for households 10.1448 sec
Iteration 143
Elapsed time for kappa 32.0083 sec
Elapsed time for experts 13.3131 sec
Elapsed time for households 10.2440 sec
Iteration 144
Elapsed time for kappa 36.2301 sec
Elapsed time for experts 13.0742 sec
Elapsed time for households 10.7136 sec
Iteration 145
Elapsed time for kappa 31.4512 sec
Elapsed time for experts 13.5673 sec
Elapsed time for households 10.3820 sec
Iteration 146
Elapsed time for kappa 30.8247 sec
Elapsed time for experts 13.5932 sec
Elapsed time for households 12.5266 sec
Iteration 147
Elapsed time for kappa 31.5544 sec
Elapsed time for experts 13.6070 sec
Elapsed time for households 11.4717 sec
Iteration 148
Elapsed time for kappa 28.8255 sec
Elapsed time for experts 12.2953 sec
Elapsed time for households 10.0780 sec
Iteration 149
Elapsed time for kappa 28.0942 sec
Elapsed time for experts 12.1304 sec
Elapsed time for households 9.7522 sec
Iteration 150
Elapsed time for kappa 35.3003 sec
Elapsed time for experts 13.0276 sec
Elapsed time for households 10.1469 sec
Iteration 151
Elapsed time for kappa 29.2732 sec
Elapsed time for experts 12.6887 sec
Elapsed time for households 10.3434 sec
Iteration 152
Elapsed time for kappa 28.8459 sec
Elapsed time for experts 12.5159 sec
Elapsed time for households 10.2686 sec
Iteration 153
Elapsed time for kappa 28.9774 sec
Elapsed time for experts 12.4689 sec
Elapsed time for households 11.4107 sec
Iteration 154
Elapsed time for kappa 32.1165 sec
Elapsed time for experts 13.4217 sec
Elapsed time for households 10.6896 sec
Iteration 155
Elapsed time for kappa 28.2204 sec
Elapsed time for experts 19.4167 sec
Elapsed time for households 11.5153 sec
Iteration 156
Elapsed time for kappa 29.7935 sec
Elapsed time for experts 12.6984 sec
Elapsed time for households 11.1958 sec
Iteration 157
Elapsed time for kappa 30.9162 sec
Elapsed time for experts 13.1854 sec
Elapsed time for households 11.1041 sec
Iteration 158
Elapsed time for kappa 28.9440 sec
Elapsed time for experts 12.5396 sec
Elapsed time for households 10.3807 sec
Iteration 159
Elapsed time for kappa 29.5829 sec
Elapsed time for experts 12.9903 sec
Elapsed time for households 11.4653 sec
Iteration 160
Elapsed time for kappa 28.9807 sec
Elapsed time for experts 12.9933 sec
Elapsed time for households 10.4546 sec
Iteration 161
Elapsed time for kappa 28.0890 sec
Elapsed time for experts 12.1491 sec
Elapsed time for households 16.8667 sec
Iteration 162
Elapsed time for kappa 29.9696 sec
Elapsed time for experts 12.9847 sec
Elapsed time for households 11.4323 sec
Iteration 163
Elapsed time for kappa 30.3272 sec
Elapsed time for experts 13.3444 sec
Elapsed time for households 12.0980 sec
Iteration 164
Elapsed time for kappa 32.9581 sec
Elapsed time for experts 13.7360 sec
Elapsed time for households 9.7809 sec
Iteration 165
Elapsed time for kappa 28.6869 sec
Elapsed time for experts 12.4311 sec
Elapsed time for households 10.9359 sec
Iteration 166
Elapsed time for kappa 28.3630 sec
Elapsed time for experts 12.4235 sec
Elapsed time for households 10.7216 sec
Iteration 167
Elapsed time for kappa 29.7924 sec
Elapsed time for experts 12.7858 sec
Elapsed time for households 17.3442 sec
Iteration 168
Elapsed time for kappa 34.4651 sec
Elapsed time for experts 13.5393 sec
Elapsed time for households 10.2234 sec
Iteration 169
Elapsed time for kappa 29.6729 sec
Elapsed time for experts 12.8055 sec
Elapsed time for households 10.8778 sec
Iteration 170
Elapsed time for kappa 29.5456 sec
Elapsed time for experts 12.6882 sec
Elapsed time for households 10.5749 sec
Iteration 171
Elapsed time for kappa 30.1002 sec
Elapsed time for experts 14.5258 sec
Elapsed time for households 10.2750 sec
Iteration 172
Elapsed time for kappa 28.3664 sec
Elapsed time for experts 12.2047 sec
Elapsed time for households 10.5350 sec
Iteration 173
Elapsed time for kappa 28.6256 sec
Elapsed time for experts 12.1793 sec
Elapsed time for households 10.0793 sec
Iteration 174
Elapsed time for kappa 36.6133 sec
Elapsed time for experts 12.8831 sec
Elapsed time for households 10.4871 sec
Iteration 175
Elapsed time for kappa 30.0041 sec
Elapsed time for experts 12.7636 sec
Elapsed time for households 10.2952 sec
Iteration 176
Elapsed time for kappa 29.9710 sec
Elapsed time for experts 12.8722 sec
Elapsed time for households 10.1852 sec
Iteration 177
Elapsed time for kappa 28.8960 sec
Elapsed time for experts 12.5244 sec
Elapsed time for households 10.8013 sec
Iteration 178
Elapsed time for kappa 28.5565 sec
Elapsed time for experts 12.3185 sec
Elapsed time for households 10.1534 sec
Iteration 179
Elapsed time for kappa 28.4344 sec
Elapsed time for experts 12.0876 sec
Elapsed time for households 10.0748 sec
Iteration 180
Elapsed time for kappa 36.6051 sec
Elapsed time for experts 13.0845 sec
Elapsed time for households 11.3960 sec
Iteration 181
Elapsed time for kappa 29.6242 sec
Elapsed time for experts 13.2245 sec
Elapsed time for households 11.0532 sec
Iteration 182
Elapsed time for kappa 29.1271 sec
Elapsed time for experts 12.5630 sec
Elapsed time for households 10.6896 sec
Iteration 183
Elapsed time for kappa 29.3134 sec
Elapsed time for experts 12.3828 sec
Elapsed time for households 10.3809 sec
Iteration 184
Elapsed time for kappa 28.7236 sec
Elapsed time for experts 12.2836 sec
Elapsed time for households 11.1591 sec
Iteration 185
Elapsed time for kappa 28.5549 sec
Elapsed time for experts 12.3489 sec
Elapsed time for households 16.9136 sec
Iteration 186
Elapsed time for kappa 33.6878 sec
Elapsed time for experts 14.8258 sec
Elapsed time for households 10.9165 sec
Iteration 187
Elapsed time for kappa 30.7952 sec
Elapsed time for experts 12.7681 sec
Elapsed time for households 10.2109 sec
Iteration 188
Elapsed time for kappa 28.9833 sec
Elapsed time for experts 12.5575 sec
Elapsed time for households 10.9682 sec
Iteration 189
Elapsed time for kappa 29.2878 sec
Elapsed time for experts 12.4294 sec
Elapsed time for households 10.8498 sec
Iteration 190
Elapsed time for kappa 32.0898 sec
Elapsed time for experts 12.8537 sec
Elapsed time for households 9.8315 sec
Iteration 191
Elapsed time for kappa 28.1965 sec
Elapsed time for experts 12.3147 sec
Elapsed time for households 10.7985 sec
Iteration 192
Elapsed time for kappa 36.6570 sec
Elapsed time for experts 12.9625 sec
Elapsed time for households 10.5157 sec
Iteration 193
Elapsed time for kappa 29.5834 sec
Elapsed time for experts 12.8007 sec
Elapsed time for households 10.3705 sec
Iteration 194
Elapsed time for kappa 29.5644 sec
Elapsed time for experts 12.7476 sec
Elapsed time for households 11.3256 sec
Iteration 195
Elapsed time for kappa 29.7352 sec
Elapsed time for experts 13.1486 sec
Elapsed time for households 10.3128 sec
Iteration 196
Elapsed time for kappa 29.9268 sec
Elapsed time for experts 12.6260 sec
Elapsed time for households 11.1395 sec
Iteration 197
Elapsed time for kappa 29.7387 sec
Elapsed time for experts 12.5848 sec
Elapsed time for households 15.6192 sec
Iteration 198
Elapsed time for kappa 30.1110 sec
Elapsed time for experts 12.7766 sec
Elapsed time for households 11.2171 sec
Iteration 199
Elapsed time for kappa 29.5423 sec
Elapsed time for experts 12.5566 sec
Elapsed time for households 10.5223 sec
Iteration 200
Elapsed time for kappa 32.2899 sec
Elapsed time for experts 12.5415 sec
Elapsed time for households 10.3444 sec
Iteration 201
Elapsed time for kappa 28.9865 sec
Elapsed time for experts 12.4764 sec
Elapsed time for households 9.9712 sec
Iteration 202
Elapsed time for kappa 29.1939 sec
Elapsed time for experts 12.3548 sec
Elapsed time for households 10.2509 sec
Iteration 203
Elapsed time for kappa 28.2098 sec
Elapsed time for experts 12.1518 sec
Elapsed time for households 11.2287 sec
Iteration 204
Elapsed time for kappa 41.5016 sec
Elapsed time for experts 14.0180 sec
Elapsed time for households 10.7628 sec
Iteration 205
Elapsed time for kappa 31.0048 sec
Elapsed time for experts 13.3839 sec
Elapsed time for households 10.9577 sec
Iteration 206
Elapsed time for kappa 30.8662 sec
Elapsed time for experts 13.2852 sec
Elapsed time for households 10.9906 sec
Iteration 207
Elapsed time for kappa 29.5048 sec
Elapsed time for experts 13.3868 sec
Elapsed time for households 10.9071 sec
Iteration 208
Elapsed time for kappa 30.1150 sec
Elapsed time for experts 13.2377 sec
Elapsed time for households 12.0570 sec
Iteration 209
Elapsed time for kappa 28.2981 sec
Elapsed time for experts 12.3853 sec
Elapsed time for households 16.3524 sec
Iteration 210
Elapsed time for kappa 30.2642 sec
Elapsed time for experts 12.9164 sec
Elapsed time for households 11.0764 sec
Iteration 211
Elapsed time for kappa 30.0210 sec
Elapsed time for experts 12.6873 sec
Elapsed time for households 10.3659 sec
Iteration 212
Elapsed time for kappa 29.6228 sec
Elapsed time for experts 12.8009 sec
Elapsed time for households 10.7314 sec
Iteration 213
Elapsed time for kappa 29.0135 sec
Elapsed time for experts 12.7117 sec
Elapsed time for households 10.2536 sec
Iteration 214
Elapsed time for kappa 28.4922 sec
Elapsed time for experts 13.1986 sec
Elapsed time for households 10.7881 sec
Iteration 215
Elapsed time for kappa 28.5451 sec
Elapsed time for experts 12.1944 sec
Elapsed time for households 9.9409 sec
Iteration 216
Elapsed time for kappa 36.7951 sec
Elapsed time for experts 13.1204 sec
Elapsed time for households 10.5081 sec
Iteration 217
Elapsed time for kappa 29.6777 sec
Elapsed time for experts 12.5848 sec
Elapsed time for households 10.8793 sec
Iteration 218
Elapsed time for kappa 31.3638 sec
Elapsed time for experts 13.6941 sec
Elapsed time for households 10.3179 sec
Iteration 219
Elapsed time for kappa 29.2743 sec
Elapsed time for experts 12.6969 sec
Elapsed time for households 9.9857 sec
Iteration 220
Elapsed time for kappa 28.6385 sec
Elapsed time for experts 12.3042 sec
Elapsed time for households 10.0769 sec
Iteration 221
Elapsed time for kappa 28.3574 sec
Elapsed time for experts 12.1772 sec
Elapsed time for households 10.1344 sec
Iteration 222
Elapsed time for kappa 36.1667 sec
Elapsed time for experts 13.6338 sec
Elapsed time for households 11.9985 sec
Iteration 223
Elapsed time for kappa 33.7328 sec
Elapsed time for experts 13.8446 sec
Elapsed time for households 10.5330 sec
Iteration 224
Elapsed time for kappa 29.3008 sec
Elapsed time for experts 12.9885 sec
Elapsed time for households 11.2652 sec
Iteration 225
Elapsed time for kappa 30.0370 sec
Elapsed time for experts 13.1365 sec
Elapsed time for households 10.9406 sec
Iteration 226
Elapsed time for kappa 30.1264 sec
Elapsed time for experts 12.8300 sec
Elapsed time for households 10.6785 sec
Iteration 227
Elapsed time for kappa 29.3230 sec
Elapsed time for experts 12.5927 sec
Elapsed time for households 17.4229 sec
Iteration 228
Elapsed time for kappa 31.4948 sec
Elapsed time for experts 12.8518 sec
Elapsed time for households 11.0274 sec
Iteration 229
Elapsed time for kappa 29.6209 sec
Elapsed time for experts 12.5486 sec
Elapsed time for households 10.2524 sec
Iteration 230
Elapsed time for kappa 29.8538 sec
Elapsed time for experts 12.7207 sec
Elapsed time for households 10.0133 sec
Iteration 231
Elapsed time for kappa 28.9597 sec
Elapsed time for experts 12.7298 sec
Elapsed time for households 11.0647 sec
Iteration 232
Elapsed time for kappa 31.8334 sec
Elapsed time for experts 14.2152 sec
Elapsed time for households 10.6694 sec
Iteration 233
Elapsed time for kappa 28.2622 sec
Elapsed time for experts 12.2762 sec
Elapsed time for households 10.1203 sec
Iteration 234
Elapsed time for kappa 38.3218 sec
Elapsed time for experts 13.9118 sec
Elapsed time for households 11.3313 sec
Iteration 235
Elapsed time for kappa 30.7732 sec
Elapsed time for experts 12.8451 sec
Elapsed time for households 10.5396 sec
Iteration 236
Elapsed time for kappa 30.5263 sec
Elapsed time for experts 13.2663 sec
Elapsed time for households 10.6594 sec
Iteration 237
Elapsed time for kappa 29.4978 sec
Elapsed time for experts 12.4453 sec
Elapsed time for households 10.1532 sec
Iteration 238
Elapsed time for kappa 28.6264 sec
Elapsed time for experts 12.6217 sec
Elapsed time for households 10.2782 sec
Iteration 239
Elapsed time for kappa 31.4795 sec
Elapsed time for experts 13.3562 sec
Elapsed time for households 16.1004 sec
Iteration 240
Elapsed time for kappa 30.2785 sec
Elapsed time for experts 12.9338 sec
Elapsed time for households 10.5742 sec
Iteration 241
Elapsed time for kappa 29.6707 sec
Elapsed time for experts 12.6695 sec
Elapsed time for households 10.4629 sec
Iteration 242
Elapsed time for kappa 30.0244 sec
Elapsed time for experts 13.4870 sec
Elapsed time for households 10.9617 sec
Iteration 243
Elapsed time for kappa 28.9548 sec
Elapsed time for experts 12.7142 sec
Elapsed time for households 10.1792 sec
Iteration 244
Elapsed time for kappa 28.6500 sec
Elapsed time for experts 12.3121 sec
Elapsed time for households 10.4523 sec
Iteration 245
Elapsed time for kappa 29.0352 sec
Elapsed time for experts 12.1533 sec
Elapsed time for households 9.7116 sec
Iteration 246
Elapsed time for kappa 37.4997 sec
Elapsed time for experts 13.5115 sec
Elapsed time for households 10.3806 sec
Iteration 247
Elapsed time for kappa 29.7496 sec
Elapsed time for experts 13.0061 sec
Elapsed time for households 10.8912 sec
Iteration 248
Elapsed time for kappa 29.5621 sec
Elapsed time for experts 13.2580 sec
Elapsed time for households 10.5407 sec
Iteration 249
Elapsed time for kappa 29.1970 sec
Elapsed time for experts 12.5615 sec
Elapsed time for households 10.2485 sec
Iteration 250
Elapsed time for kappa 29.4023 sec
Elapsed time for experts 13.0421 sec
Elapsed time for households 10.7988 sec
Iteration 251
Elapsed time for kappa 29.0100 sec
Elapsed time for experts 12.3992 sec
Elapsed time for households 11.2401 sec
Iteration 252
Elapsed time for kappa 36.9084 sec
Elapsed time for experts 13.5239 sec
Elapsed time for households 11.0227 sec
Iteration 253
Elapsed time for kappa 31.0464 sec
Elapsed time for experts 13.0314 sec
Elapsed time for households 10.6863 sec
Iteration 254
Elapsed time for kappa 29.8869 sec
Elapsed time for experts 13.3534 sec
Elapsed time for households 11.4155 sec
Iteration 255
Elapsed time for kappa 30.7680 sec
Elapsed time for experts 13.5887 sec
Elapsed time for households 11.7791 sec
Iteration 256
Elapsed time for kappa 33.2782 sec
Elapsed time for experts 12.9958 sec
Elapsed time for households 10.4422 sec
Iteration 257
Elapsed time for kappa 29.9894 sec
Elapsed time for experts 13.1402 sec
Elapsed time for households 16.3303 sec
Iteration 258
Elapsed time for kappa 30.8951 sec
Elapsed time for experts 13.6442 sec
Elapsed time for households 10.4453 sec
Iteration 259
Elapsed time for kappa 30.3522 sec
Elapsed time for experts 12.7821 sec
Elapsed time for households 10.1926 sec
Iteration 260
Elapsed time for kappa 30.5134 sec
Elapsed time for experts 13.4314 sec
Elapsed time for households 11.3585 sec
Iteration 261
Elapsed time for kappa 30.3110 sec
Elapsed time for experts 12.6648 sec
Elapsed time for households 10.4771 sec
Iteration 262
Elapsed time for kappa 28.7368 sec
Elapsed time for experts 12.2982 sec
Elapsed time for households 9.8137 sec
Iteration 263
Elapsed time for kappa 28.6898 sec
Elapsed time for experts 12.7599 sec
Elapsed time for households 11.3381 sec
Iteration 264
Elapsed time for kappa 37.4409 sec
Elapsed time for experts 13.1156 sec
Elapsed time for households 10.6219 sec
Iteration 265
Elapsed time for kappa 29.7266 sec
Elapsed time for experts 12.9507 sec
Elapsed time for households 10.3188 sec
Iteration 266
Elapsed time for kappa 29.7826 sec
Elapsed time for experts 12.6406 sec
Elapsed time for households 10.4996 sec
Iteration 267
Elapsed time for kappa 32.2472 sec
Elapsed time for experts 12.6579 sec
Elapsed time for households 10.5494 sec
Iteration 268
Elapsed time for kappa 28.9546 sec
Elapsed time for experts 12.4602 sec
Elapsed time for households 10.1897 sec
Iteration 269
Elapsed time for kappa 28.3715 sec
Elapsed time for experts 12.7718 sec
Elapsed time for households 16.9573 sec
Iteration 270
Elapsed time for kappa 31.5802 sec
Elapsed time for experts 13.1746 sec
Elapsed time for households 10.8563 sec
Iteration 271
Elapsed time for kappa 29.7405 sec
Elapsed time for experts 13.5125 sec
Elapsed time for households 10.5759 sec
Iteration 272
Elapsed time for kappa 29.5299 sec
Elapsed time for experts 13.6586 sec
Elapsed time for households 10.3729 sec
Iteration 273
Elapsed time for kappa 29.8734 sec
Elapsed time for experts 13.2457 sec
Elapsed time for households 11.0954 sec
Iteration 274
Elapsed time for kappa 29.5915 sec
Elapsed time for experts 12.5688 sec
Elapsed time for households 10.3515 sec
Iteration 275
Elapsed time for kappa 28.1294 sec
Elapsed time for experts 12.0087 sec
Elapsed time for households 10.4618 sec
Iteration 276
Elapsed time for kappa 38.8192 sec
Elapsed time for experts 14.2369 sec
Elapsed time for households 10.9135 sec
Iteration 277
Elapsed time for kappa 29.7146 sec
Elapsed time for experts 12.9777 sec
Elapsed time for households 11.1437 sec
Iteration 278
Elapsed time for kappa 29.7102 sec
Elapsed time for experts 12.5570 sec
Elapsed time for households 10.2218 sec
Iteration 279
Elapsed time for kappa 29.9474 sec
Elapsed time for experts 12.7890 sec
Elapsed time for households 9.8558 sec
Iteration 280
Elapsed time for kappa 28.9774 sec
Elapsed time for experts 12.4722 sec
Elapsed time for households 10.6806 sec
Iteration 281
Elapsed time for kappa 28.4396 sec
Elapsed time for experts 12.7385 sec
Elapsed time for households 17.0478 sec
Iteration 282
Elapsed time for kappa 32.8390 sec
Elapsed time for experts 13.7558 sec
Elapsed time for households 10.4460 sec
Iteration 283
Elapsed time for kappa 32.6141 sec
Elapsed time for experts 14.0960 sec
Elapsed time for households 10.9763 sec
Iteration 284
Elapsed time for kappa 29.7532 sec
Elapsed time for experts 12.6136 sec
Elapsed time for households 11.0852 sec
Iteration 285
Elapsed time for kappa 29.7274 sec
Elapsed time for experts 13.2329 sec
Elapsed time for households 10.7604 sec
Iteration 286
Elapsed time for kappa 30.2337 sec
Elapsed time for experts 12.3966 sec
Elapsed time for households 10.0682 sec
Iteration 287
Elapsed time for kappa 31.1686 sec
Elapsed time for experts 13.5047 sec
Elapsed time for households 10.0070 sec
Iteration 288
Elapsed time for kappa 37.4903 sec
Elapsed time for experts 13.1190 sec
Elapsed time for households 10.4206 sec
Iteration 289
Elapsed time for kappa 30.2004 sec
Elapsed time for experts 13.4394 sec
Elapsed time for households 10.8176 sec
Iteration 290
Elapsed time for kappa 34.4695 sec
Elapsed time for experts 13.3412 sec
Elapsed time for households 10.2033 sec
Iteration 291
Elapsed time for kappa 30.9278 sec
Elapsed time for experts 12.6418 sec
Elapsed time for households 10.5900 sec
Iteration 292
Elapsed time for kappa 30.1062 sec
Elapsed time for experts 12.2636 sec
Elapsed time for households 10.1844 sec
Iteration 293
Elapsed time for kappa 28.4545 sec
Elapsed time for experts 12.4519 sec
Elapsed time for households 9.8306 sec
Iteration 294
Elapsed time for kappa 36.0944 sec
Elapsed time for experts 13.0442 sec
Elapsed time for households 11.2239 sec
Iteration 295
Elapsed time for kappa 29.9625 sec
Elapsed time for experts 13.6548 sec
Elapsed time for households 10.2816 sec
Iteration 296
Elapsed time for kappa 29.7323 sec
Elapsed time for experts 12.6381 sec
Elapsed time for households 10.6288 sec
Iteration 297
Elapsed time for kappa 29.3016 sec
Elapsed time for experts 12.7987 sec
Elapsed time for households 10.1749 sec
Iteration 298
Elapsed time for kappa 30.0607 sec
Elapsed time for experts 13.2794 sec
Elapsed time for households 10.4126 sec
Iteration 299
Elapsed time for kappa 28.3310 sec
Elapsed time for experts 12.3503 sec
Elapsed time for households 16.3422 sec
Elapsed time for training 16726.0219 sec
