Iteration 0
Elapsed time for kappa 123.9586 sec
Elapsed time for experts 44.5316 sec
Elapsed time for households 40.2079 sec
Iteration 1
Elapsed time for kappa 92.0062 sec
Elapsed time for experts 43.0403 sec
Elapsed time for households 35.6074 sec
Iteration 2
Elapsed time for kappa 93.9873 sec
Elapsed time for experts 45.6862 sec
Elapsed time for households 36.7858 sec
Iteration 3
Elapsed time for kappa 89.7975 sec
Elapsed time for experts 38.3570 sec
Elapsed time for households 40.2636 sec
Iteration 4
Elapsed time for kappa 92.5290 sec
Elapsed time for experts 37.0126 sec
Elapsed time for households 39.6398 sec
Iteration 5
Elapsed time for kappa 94.3722 sec
Elapsed time for experts 40.8668 sec
Elapsed time for households 33.7202 sec
Iteration 6
Elapsed time for kappa 96.2076 sec
Elapsed time for experts 39.6439 sec
Elapsed time for households 35.1777 sec
Iteration 7
Elapsed time for kappa 95.8419 sec
Elapsed time for experts 48.6481 sec
Elapsed time for households 39.6090 sec
Iteration 8
Elapsed time for kappa 94.2143 sec
Elapsed time for experts 41.1002 sec
Elapsed time for households 37.3028 sec
Iteration 9
Elapsed time for kappa 91.1375 sec
Elapsed time for experts 44.0373 sec
Elapsed time for households 35.7802 sec
Iteration 10
Elapsed time for kappa 88.2251 sec
Elapsed time for experts 44.3041 sec
Elapsed time for households 38.5098 sec
Iteration 11
Elapsed time for kappa 93.2699 sec
Elapsed time for experts 37.8918 sec
Elapsed time for households 40.8340 sec
Iteration 12
Elapsed time for kappa 92.8280 sec
Elapsed time for experts 37.6289 sec
Elapsed time for households 39.5031 sec
Iteration 13
Elapsed time for kappa 104.7861 sec
Elapsed time for experts 40.7595 sec
Elapsed time for households 38.5530 sec
Iteration 14
Elapsed time for kappa 93.2889 sec
Elapsed time for experts 39.8077 sec
Elapsed time for households 34.1421 sec
Elapsed time for training 2626.2735 sec
