Iteration 0
Elapsed time for kappa 247.1595 sec
Elapsed time for experts 86.6412 sec
Elapsed time for households 81.5921 sec
Iteration 1
Elapsed time for kappa 194.6631 sec
Elapsed time for experts 85.5989 sec
Elapsed time for households 81.9824 sec
Iteration 2
Elapsed time for kappa 204.3121 sec
Elapsed time for experts 96.8430 sec
Elapsed time for households 84.1705 sec
Iteration 3
Elapsed time for kappa 191.8418 sec
Elapsed time for experts 90.6447 sec
Elapsed time for households 79.7524 sec
Iteration 4
Elapsed time for kappa 188.8878 sec
Elapsed time for experts 81.6645 sec
Elapsed time for households 91.7092 sec
Iteration 5
Elapsed time for kappa 205.7129 sec
Elapsed time for experts 71.8334 sec
Elapsed time for households 88.9658 sec
Iteration 6
Elapsed time for kappa 198.1241 sec
Elapsed time for experts 80.8891 sec
Elapsed time for households 80.9897 sec
Iteration 7
Elapsed time for kappa 213.6803 sec
Elapsed time for experts 91.9144 sec
Elapsed time for households 70.3324 sec
Iteration 8
Elapsed time for kappa 212.9503 sec
Elapsed time for experts 80.8051 sec
Elapsed time for households 69.4129 sec
Iteration 9
Elapsed time for kappa 217.5798 sec
Elapsed time for experts 86.2181 sec
Elapsed time for households 83.6433 sec
Iteration 10
Elapsed time for kappa 214.3271 sec
Elapsed time for experts 83.3958 sec
Elapsed time for households 80.2605 sec
Iteration 11
Elapsed time for kappa 206.3906 sec
Elapsed time for experts 87.0626 sec
Elapsed time for households 80.6243 sec
Iteration 12
Elapsed time for kappa 151.5389 sec
Elapsed time for experts 82.1940 sec
Elapsed time for households 78.7440 sec
Iteration 13
Elapsed time for kappa 72.1367 sec
Elapsed time for experts 89.1171 sec
Elapsed time for households 79.0001 sec
Iteration 14
Elapsed time for kappa 62.2639 sec
Elapsed time for experts 77.1817 sec
Elapsed time for households 78.9956 sec
Elapsed time for training 5264.7237 sec
