Iteration 0
Elapsed time for kappa 68.1054 sec
Elapsed time for experts 19.2780 sec
Elapsed time for households 15.1538 sec
Iteration 1
Elapsed time for kappa 32.1271 sec
Elapsed time for experts 13.9458 sec
Elapsed time for households 12.9667 sec
Iteration 2
Elapsed time for kappa 32.2815 sec
Elapsed time for experts 14.1689 sec
Elapsed time for households 12.8792 sec
Iteration 3
Elapsed time for kappa 39.1249 sec
Elapsed time for experts 13.3068 sec
Elapsed time for households 10.6511 sec
Iteration 4
Elapsed time for kappa 32.7644 sec
Elapsed time for experts 12.0372 sec
Elapsed time for households 10.4106 sec
Iteration 5
Elapsed time for kappa 31.9436 sec
Elapsed time for experts 13.8078 sec
Elapsed time for households 10.7858 sec
Iteration 6
Elapsed time for kappa 32.1779 sec
Elapsed time for experts 11.9158 sec
Elapsed time for households 11.3818 sec
Iteration 7
Elapsed time for kappa 32.0000 sec
Elapsed time for experts 11.9183 sec
Elapsed time for households 10.4250 sec
Iteration 8
Elapsed time for kappa 32.3345 sec
Elapsed time for experts 11.9133 sec
Elapsed time for households 16.6075 sec
Iteration 9
Elapsed time for kappa 32.5610 sec
Elapsed time for experts 12.5436 sec
Elapsed time for households 10.5072 sec
Iteration 10
Elapsed time for kappa 32.0916 sec
Elapsed time for experts 11.5470 sec
Elapsed time for households 10.3179 sec
Iteration 11
Elapsed time for kappa 32.1480 sec
Elapsed time for experts 12.1716 sec
Elapsed time for households 10.4930 sec
Iteration 12
Elapsed time for kappa 31.7335 sec
Elapsed time for experts 12.8689 sec
Elapsed time for households 10.4255 sec
Iteration 13
Elapsed time for kappa 37.0541 sec
Elapsed time for experts 14.8878 sec
Elapsed time for households 12.6314 sec
Iteration 14
Elapsed time for kappa 32.3258 sec
Elapsed time for experts 12.6032 sec
Elapsed time for households 12.5724 sec
Iteration 15
Elapsed time for kappa 39.2763 sec
Elapsed time for experts 12.6870 sec
Elapsed time for households 12.6980 sec
Iteration 16
Elapsed time for kappa 31.8046 sec
Elapsed time for experts 12.0954 sec
Elapsed time for households 11.2329 sec
Iteration 17
Elapsed time for kappa 31.7662 sec
Elapsed time for experts 11.7000 sec
Elapsed time for households 11.6760 sec
Iteration 18
Elapsed time for kappa 34.9406 sec
Elapsed time for experts 11.6180 sec
Elapsed time for households 10.8781 sec
Iteration 19
Elapsed time for kappa 32.1162 sec
Elapsed time for experts 14.0021 sec
Elapsed time for households 10.5449 sec
Iteration 20
Elapsed time for kappa 31.9971 sec
Elapsed time for experts 11.5083 sec
Elapsed time for households 16.9361 sec
Iteration 21
Elapsed time for kappa 31.9880 sec
Elapsed time for experts 11.8533 sec
Elapsed time for households 10.6221 sec
Iteration 22
Elapsed time for kappa 32.1534 sec
Elapsed time for experts 11.8421 sec
Elapsed time for households 10.8587 sec
Iteration 23
Elapsed time for kappa 31.6832 sec
Elapsed time for experts 11.4709 sec
Elapsed time for households 12.4575 sec
Iteration 24
Elapsed time for kappa 32.1238 sec
Elapsed time for experts 11.7601 sec
Elapsed time for households 10.8194 sec
Iteration 25
Elapsed time for kappa 32.2977 sec
Elapsed time for experts 11.7976 sec
Elapsed time for households 10.6927 sec
Iteration 26
Elapsed time for kappa 32.0759 sec
Elapsed time for experts 18.3930 sec
Elapsed time for households 11.0582 sec
Iteration 27
Elapsed time for kappa 31.8811 sec
Elapsed time for experts 12.4130 sec
Elapsed time for households 10.5913 sec
Iteration 28
Elapsed time for kappa 31.5335 sec
Elapsed time for experts 11.8110 sec
Elapsed time for households 10.4968 sec
Iteration 29
Elapsed time for kappa 31.3864 sec
Elapsed time for experts 11.7937 sec
Elapsed time for households 10.7145 sec
Iteration 30
Elapsed time for kappa 31.9583 sec
Elapsed time for experts 11.8553 sec
Elapsed time for households 10.5850 sec
Iteration 31
Elapsed time for kappa 31.9337 sec
Elapsed time for experts 12.0883 sec
Elapsed time for households 12.5648 sec
Iteration 32
Elapsed time for kappa 31.8002 sec
Elapsed time for experts 18.0295 sec
Elapsed time for households 10.7950 sec
Iteration 33
Elapsed time for kappa 31.3448 sec
Elapsed time for experts 13.3117 sec
Elapsed time for households 10.5454 sec
Iteration 34
Elapsed time for kappa 31.3794 sec
Elapsed time for experts 11.7506 sec
Elapsed time for households 10.6059 sec
Iteration 35
Elapsed time for kappa 34.4383 sec
Elapsed time for experts 11.5092 sec
Elapsed time for households 10.7095 sec
Iteration 36
Elapsed time for kappa 31.4096 sec
Elapsed time for experts 12.3786 sec
Elapsed time for households 10.1229 sec
Iteration 37
Elapsed time for kappa 31.4345 sec
Elapsed time for experts 12.4367 sec
Elapsed time for households 10.5926 sec
Iteration 38
Elapsed time for kappa 32.1040 sec
Elapsed time for experts 18.5796 sec
Elapsed time for households 11.0035 sec
Iteration 39
Elapsed time for kappa 30.9075 sec
Elapsed time for experts 11.7741 sec
Elapsed time for households 10.4947 sec
Iteration 40
Elapsed time for kappa 31.1661 sec
Elapsed time for experts 12.5628 sec
Elapsed time for households 10.6302 sec
Iteration 41
Elapsed time for kappa 30.7040 sec
Elapsed time for experts 11.9579 sec
Elapsed time for households 10.5084 sec
Iteration 42
Elapsed time for kappa 30.6333 sec
Elapsed time for experts 11.5513 sec
Elapsed time for households 10.4131 sec
Iteration 43
Elapsed time for kappa 32.0770 sec
Elapsed time for experts 11.9538 sec
Elapsed time for households 11.3515 sec
Iteration 44
Elapsed time for kappa 37.7688 sec
Elapsed time for experts 12.0175 sec
Elapsed time for households 10.8819 sec
Iteration 45
Elapsed time for kappa 31.1931 sec
Elapsed time for experts 11.4059 sec
Elapsed time for households 10.4529 sec
Iteration 46
Elapsed time for kappa 31.0789 sec
Elapsed time for experts 11.9903 sec
Elapsed time for households 10.3088 sec
Iteration 47
Elapsed time for kappa 30.8409 sec
Elapsed time for experts 11.5442 sec
Elapsed time for households 10.3372 sec
Iteration 48
Elapsed time for kappa 33.7552 sec
Elapsed time for experts 12.5987 sec
Elapsed time for households 12.1150 sec
Iteration 49
Elapsed time for kappa 30.9065 sec
Elapsed time for experts 11.8948 sec
Elapsed time for households 11.4242 sec
Iteration 50
Elapsed time for kappa 37.0429 sec
Elapsed time for experts 12.4457 sec
Elapsed time for households 11.1507 sec
Iteration 51
Elapsed time for kappa 30.3897 sec
Elapsed time for experts 11.7590 sec
Elapsed time for households 10.3813 sec
Iteration 52
Elapsed time for kappa 30.5619 sec
Elapsed time for experts 11.5992 sec
Elapsed time for households 11.8786 sec
Iteration 53
Elapsed time for kappa 33.0754 sec
Elapsed time for experts 12.9710 sec
Elapsed time for households 10.1573 sec
Iteration 54
Elapsed time for kappa 30.3663 sec
Elapsed time for experts 11.1231 sec
Elapsed time for households 10.2803 sec
Iteration 55
Elapsed time for kappa 30.6162 sec
Elapsed time for experts 11.4888 sec
Elapsed time for households 10.5425 sec
Iteration 56
Elapsed time for kappa 37.6667 sec
Elapsed time for experts 12.4367 sec
Elapsed time for households 10.4193 sec
Iteration 57
Elapsed time for kappa 30.3948 sec
Elapsed time for experts 11.9067 sec
Elapsed time for households 10.8654 sec
Iteration 58
Elapsed time for kappa 29.8546 sec
Elapsed time for experts 11.1125 sec
Elapsed time for households 10.3989 sec
Iteration 59
Elapsed time for kappa 29.5985 sec
Elapsed time for experts 11.3143 sec
Elapsed time for households 10.1297 sec
Iteration 60
Elapsed time for kappa 29.7040 sec
Elapsed time for experts 11.0202 sec
Elapsed time for households 9.8721 sec
Iteration 61
Elapsed time for kappa 30.4586 sec
Elapsed time for experts 11.9224 sec
Elapsed time for households 10.4948 sec
Iteration 62
Elapsed time for kappa 36.4351 sec
Elapsed time for experts 11.8400 sec
Elapsed time for households 10.6412 sec
Iteration 63
Elapsed time for kappa 30.4783 sec
Elapsed time for experts 11.7909 sec
Elapsed time for households 10.4415 sec
Iteration 64
Elapsed time for kappa 29.9636 sec
Elapsed time for experts 11.7513 sec
Elapsed time for households 10.2065 sec
Iteration 65
Elapsed time for kappa 29.7556 sec
Elapsed time for experts 11.5718 sec
Elapsed time for households 10.3427 sec
Iteration 66
Elapsed time for kappa 29.5372 sec
Elapsed time for experts 11.0799 sec
Elapsed time for households 10.2958 sec
Iteration 67
Elapsed time for kappa 29.6817 sec
Elapsed time for experts 10.9319 sec
Elapsed time for households 9.8072 sec
Iteration 68
Elapsed time for kappa 36.2036 sec
Elapsed time for experts 12.3817 sec
Elapsed time for households 10.5719 sec
Iteration 69
Elapsed time for kappa 30.3838 sec
Elapsed time for experts 11.3164 sec
Elapsed time for households 10.1257 sec
Iteration 70
Elapsed time for kappa 29.9082 sec
Elapsed time for experts 11.2580 sec
Elapsed time for households 10.1819 sec
Iteration 71
Elapsed time for kappa 29.2412 sec
Elapsed time for experts 11.1143 sec
Elapsed time for households 10.1911 sec
Iteration 72
Elapsed time for kappa 29.1538 sec
Elapsed time for experts 11.1319 sec
Elapsed time for households 10.5181 sec
Iteration 73
Elapsed time for kappa 29.5959 sec
Elapsed time for experts 11.1919 sec
Elapsed time for households 11.0574 sec
Iteration 74
Elapsed time for kappa 39.2905 sec
Elapsed time for experts 13.1200 sec
Elapsed time for households 12.1640 sec
Iteration 75
Elapsed time for kappa 30.1167 sec
Elapsed time for experts 11.7799 sec
Elapsed time for households 10.3643 sec
Iteration 76
Elapsed time for kappa 29.7111 sec
Elapsed time for experts 11.2724 sec
Elapsed time for households 10.0808 sec
Iteration 77
Elapsed time for kappa 29.8659 sec
Elapsed time for experts 11.2986 sec
Elapsed time for households 10.2519 sec
Iteration 78
Elapsed time for kappa 29.3115 sec
Elapsed time for experts 11.0716 sec
Elapsed time for households 9.8102 sec
Iteration 79
Elapsed time for kappa 28.7835 sec
Elapsed time for experts 11.0031 sec
Elapsed time for households 15.3724 sec
Iteration 80
Elapsed time for kappa 30.4915 sec
Elapsed time for experts 11.9581 sec
Elapsed time for households 11.0821 sec
Iteration 81
Elapsed time for kappa 32.9793 sec
Elapsed time for experts 12.8773 sec
Elapsed time for households 10.2282 sec
Iteration 82
Elapsed time for kappa 29.2802 sec
Elapsed time for experts 11.6535 sec
Elapsed time for households 9.9865 sec
Iteration 83
Elapsed time for kappa 29.0372 sec
Elapsed time for experts 11.3380 sec
Elapsed time for households 10.0019 sec
Iteration 84
Elapsed time for kappa 29.0124 sec
Elapsed time for experts 11.3085 sec
Elapsed time for households 9.9804 sec
Iteration 85
Elapsed time for kappa 29.1766 sec
Elapsed time for experts 11.6266 sec
Elapsed time for households 16.3188 sec
Iteration 86
Elapsed time for kappa 30.3334 sec
Elapsed time for experts 12.2920 sec
Elapsed time for households 10.3572 sec
Iteration 87
Elapsed time for kappa 29.3183 sec
Elapsed time for experts 11.8660 sec
Elapsed time for households 10.4936 sec
Iteration 88
Elapsed time for kappa 29.2727 sec
Elapsed time for experts 11.5390 sec
Elapsed time for households 10.3292 sec
Iteration 89
Elapsed time for kappa 29.4889 sec
Elapsed time for experts 11.6760 sec
Elapsed time for households 11.2192 sec
Iteration 90
Elapsed time for kappa 28.8958 sec
Elapsed time for experts 11.3645 sec
Elapsed time for households 9.8584 sec
Iteration 91
Elapsed time for kappa 29.0604 sec
Elapsed time for experts 17.7123 sec
Elapsed time for households 10.6092 sec
Iteration 92
Elapsed time for kappa 30.2290 sec
Elapsed time for experts 11.6708 sec
Elapsed time for households 10.5309 sec
Iteration 93
Elapsed time for kappa 29.7340 sec
Elapsed time for experts 11.3805 sec
Elapsed time for households 10.3771 sec
Iteration 94
Elapsed time for kappa 28.9806 sec
Elapsed time for experts 11.0536 sec
Elapsed time for households 10.3566 sec
Iteration 95
Elapsed time for kappa 29.0749 sec
Elapsed time for experts 11.2054 sec
Elapsed time for households 9.7942 sec
Iteration 96
Elapsed time for kappa 29.0436 sec
Elapsed time for experts 11.3402 sec
Elapsed time for households 9.9133 sec
Iteration 97
Elapsed time for kappa 29.1279 sec
Elapsed time for experts 17.6533 sec
Elapsed time for households 10.4379 sec
Iteration 98
Elapsed time for kappa 29.9780 sec
Elapsed time for experts 12.2699 sec
Elapsed time for households 10.3332 sec
Iteration 99
Elapsed time for kappa 29.6003 sec
Elapsed time for experts 11.8012 sec
Elapsed time for households 10.5394 sec
Iteration 100
Elapsed time for kappa 29.2823 sec
Elapsed time for experts 11.9188 sec
Elapsed time for households 10.1497 sec
Iteration 101
Elapsed time for kappa 29.1948 sec
Elapsed time for experts 11.5714 sec
Elapsed time for households 10.2709 sec
Iteration 102
Elapsed time for kappa 29.3098 sec
Elapsed time for experts 11.1002 sec
Elapsed time for households 9.8273 sec
Iteration 103
Elapsed time for kappa 29.3867 sec
Elapsed time for experts 17.5023 sec
Elapsed time for households 10.4843 sec
Iteration 104
Elapsed time for kappa 30.3693 sec
Elapsed time for experts 11.9720 sec
Elapsed time for households 11.3677 sec
Iteration 105
Elapsed time for kappa 32.8869 sec
Elapsed time for experts 13.0715 sec
Elapsed time for households 10.2358 sec
Iteration 106
Elapsed time for kappa 29.4763 sec
Elapsed time for experts 11.7901 sec
Elapsed time for households 10.1504 sec
Iteration 107
Elapsed time for kappa 28.9048 sec
Elapsed time for experts 11.1066 sec
Elapsed time for households 9.8712 sec
Iteration 108
Elapsed time for kappa 29.0645 sec
Elapsed time for experts 11.0769 sec
Elapsed time for households 9.9686 sec
Iteration 109
Elapsed time for kappa 36.6176 sec
Elapsed time for experts 12.0224 sec
Elapsed time for households 10.5617 sec
Iteration 110
Elapsed time for kappa 30.2304 sec
Elapsed time for experts 11.6236 sec
Elapsed time for households 10.3625 sec
Iteration 111
Elapsed time for kappa 32.8462 sec
Elapsed time for experts 11.3859 sec
Elapsed time for households 10.3609 sec
Iteration 112
Elapsed time for kappa 29.2250 sec
Elapsed time for experts 11.2430 sec
Elapsed time for households 10.2861 sec
Iteration 113
Elapsed time for kappa 28.9159 sec
Elapsed time for experts 11.0096 sec
Elapsed time for households 10.2521 sec
Iteration 114
Elapsed time for kappa 28.9878 sec
Elapsed time for experts 12.1227 sec
Elapsed time for households 9.7923 sec
Iteration 115
Elapsed time for kappa 36.5983 sec
Elapsed time for experts 12.0185 sec
Elapsed time for households 10.3012 sec
Iteration 116
Elapsed time for kappa 30.5815 sec
Elapsed time for experts 12.2852 sec
Elapsed time for households 10.4363 sec
Iteration 117
Elapsed time for kappa 29.4988 sec
Elapsed time for experts 11.7643 sec
Elapsed time for households 10.0648 sec
Iteration 118
Elapsed time for kappa 29.0505 sec
Elapsed time for experts 11.5016 sec
Elapsed time for households 10.3442 sec
Iteration 119
Elapsed time for kappa 28.8250 sec
Elapsed time for experts 11.0227 sec
Elapsed time for households 9.8698 sec
Iteration 120
Elapsed time for kappa 28.8541 sec
Elapsed time for experts 11.1095 sec
Elapsed time for households 9.7595 sec
Iteration 121
Elapsed time for kappa 36.7717 sec
Elapsed time for experts 11.8302 sec
Elapsed time for households 10.7152 sec
Iteration 122
Elapsed time for kappa 30.5283 sec
Elapsed time for experts 11.8075 sec
Elapsed time for households 10.4248 sec
Iteration 123
Elapsed time for kappa 29.9364 sec
Elapsed time for experts 11.5528 sec
Elapsed time for households 10.3966 sec
Iteration 124
Elapsed time for kappa 29.5352 sec
Elapsed time for experts 11.4122 sec
Elapsed time for households 10.0448 sec
Iteration 125
Elapsed time for kappa 31.9449 sec
Elapsed time for experts 12.8684 sec
Elapsed time for households 11.3543 sec
Iteration 126
Elapsed time for kappa 32.0786 sec
Elapsed time for experts 11.4855 sec
Elapsed time for households 9.8231 sec
Iteration 127
Elapsed time for kappa 36.4938 sec
Elapsed time for experts 12.3074 sec
Elapsed time for households 10.3403 sec
Iteration 128
Elapsed time for kappa 29.9540 sec
Elapsed time for experts 11.8099 sec
Elapsed time for households 10.3906 sec
Iteration 129
Elapsed time for kappa 30.1355 sec
Elapsed time for experts 11.8118 sec
Elapsed time for households 11.2995 sec
Iteration 130
Elapsed time for kappa 32.4693 sec
Elapsed time for experts 11.8764 sec
Elapsed time for households 9.8777 sec
Iteration 131
Elapsed time for kappa 29.1642 sec
Elapsed time for experts 11.3800 sec
Elapsed time for households 10.4052 sec
Iteration 132
Elapsed time for kappa 29.0478 sec
Elapsed time for experts 11.1723 sec
Elapsed time for households 9.9365 sec
Iteration 133
Elapsed time for kappa 36.3295 sec
Elapsed time for experts 12.2509 sec
Elapsed time for households 10.5185 sec
Iteration 134
Elapsed time for kappa 30.3315 sec
Elapsed time for experts 11.7352 sec
Elapsed time for households 10.9414 sec
Iteration 135
Elapsed time for kappa 29.7195 sec
Elapsed time for experts 11.8659 sec
Elapsed time for households 10.2469 sec
Iteration 136
Elapsed time for kappa 29.8751 sec
Elapsed time for experts 11.3464 sec
Elapsed time for households 10.0841 sec
Iteration 137
Elapsed time for kappa 29.1401 sec
Elapsed time for experts 11.2900 sec
Elapsed time for households 10.1549 sec
Iteration 138
Elapsed time for kappa 29.2202 sec
Elapsed time for experts 11.2952 sec
Elapsed time for households 9.9924 sec
Iteration 139
Elapsed time for kappa 39.4866 sec
Elapsed time for experts 13.0677 sec
Elapsed time for households 11.4104 sec
Iteration 140
Elapsed time for kappa 30.0573 sec
Elapsed time for experts 11.8369 sec
Elapsed time for households 10.3137 sec
Iteration 141
Elapsed time for kappa 29.9462 sec
Elapsed time for experts 12.0183 sec
Elapsed time for households 10.2846 sec
Iteration 142
Elapsed time for kappa 30.1169 sec
Elapsed time for experts 11.2821 sec
Elapsed time for households 10.0548 sec
Iteration 143
Elapsed time for kappa 29.2704 sec
Elapsed time for experts 11.3902 sec
Elapsed time for households 10.0846 sec
Iteration 144
Elapsed time for kappa 29.0556 sec
Elapsed time for experts 11.7250 sec
Elapsed time for households 9.9705 sec
Iteration 145
Elapsed time for kappa 36.1617 sec
Elapsed time for experts 12.2073 sec
Elapsed time for households 11.4314 sec
Iteration 146
Elapsed time for kappa 29.9270 sec
Elapsed time for experts 11.9721 sec
Elapsed time for households 10.5931 sec
Iteration 147
Elapsed time for kappa 29.6196 sec
Elapsed time for experts 11.3671 sec
Elapsed time for households 10.1454 sec
Iteration 148
Elapsed time for kappa 29.8661 sec
Elapsed time for experts 11.3123 sec
Elapsed time for households 10.1596 sec
Iteration 149
Elapsed time for kappa 29.0296 sec
Elapsed time for experts 11.7417 sec
Elapsed time for households 10.0110 sec
Iteration 150
Elapsed time for kappa 28.7608 sec
Elapsed time for experts 11.4542 sec
Elapsed time for households 16.1576 sec
Iteration 151
Elapsed time for kappa 30.9124 sec
Elapsed time for experts 11.7546 sec
Elapsed time for households 10.7781 sec
Iteration 152
Elapsed time for kappa 30.1704 sec
Elapsed time for experts 11.8849 sec
Elapsed time for households 10.5688 sec
Iteration 153
Elapsed time for kappa 29.4930 sec
Elapsed time for experts 11.9834 sec
Elapsed time for households 10.1986 sec
Iteration 154
Elapsed time for kappa 29.5562 sec
Elapsed time for experts 11.1703 sec
Elapsed time for households 10.1948 sec
Iteration 155
Elapsed time for kappa 29.0864 sec
Elapsed time for experts 10.9502 sec
Elapsed time for households 9.9381 sec
Iteration 156
Elapsed time for kappa 28.9070 sec
Elapsed time for experts 17.5084 sec
Elapsed time for households 11.0856 sec
Iteration 157
Elapsed time for kappa 30.6170 sec
Elapsed time for experts 12.0763 sec
Elapsed time for households 10.3855 sec
Iteration 158
Elapsed time for kappa 30.0080 sec
Elapsed time for experts 11.8039 sec
Elapsed time for households 10.5210 sec
Iteration 159
Elapsed time for kappa 29.3443 sec
Elapsed time for experts 11.3564 sec
Elapsed time for households 10.1559 sec
Iteration 160
Elapsed time for kappa 29.5204 sec
Elapsed time for experts 11.5672 sec
Elapsed time for households 9.9674 sec
Iteration 161
Elapsed time for kappa 29.3288 sec
Elapsed time for experts 11.2795 sec
Elapsed time for households 10.0383 sec
Iteration 162
Elapsed time for kappa 28.9923 sec
Elapsed time for experts 11.5681 sec
Elapsed time for households 17.5883 sec
Iteration 163
Elapsed time for kappa 33.6456 sec
Elapsed time for experts 13.4887 sec
Elapsed time for households 11.7240 sec
Iteration 164
Elapsed time for kappa 30.1304 sec
Elapsed time for experts 11.7152 sec
Elapsed time for households 10.7004 sec
Iteration 165
Elapsed time for kappa 29.8402 sec
Elapsed time for experts 11.6056 sec
Elapsed time for households 10.5131 sec
Iteration 166
Elapsed time for kappa 29.4590 sec
Elapsed time for experts 11.6487 sec
Elapsed time for households 10.1768 sec
Iteration 167
Elapsed time for kappa 29.0950 sec
Elapsed time for experts 10.9817 sec
Elapsed time for households 10.2183 sec
Iteration 168
Elapsed time for kappa 28.9146 sec
Elapsed time for experts 10.9371 sec
Elapsed time for households 16.4189 sec
Iteration 169
Elapsed time for kappa 30.5868 sec
Elapsed time for experts 12.2834 sec
Elapsed time for households 10.4203 sec
Iteration 170
Elapsed time for kappa 30.4418 sec
Elapsed time for experts 11.7171 sec
Elapsed time for households 10.7579 sec
Iteration 171
Elapsed time for kappa 29.6420 sec
Elapsed time for experts 12.3746 sec
Elapsed time for households 10.6609 sec
Iteration 172
Elapsed time for kappa 29.6365 sec
Elapsed time for experts 11.6634 sec
Elapsed time for households 10.2854 sec
Iteration 173
Elapsed time for kappa 29.4052 sec
Elapsed time for experts 13.4607 sec
Elapsed time for households 10.0928 sec
Iteration 174
Elapsed time for kappa 28.8625 sec
Elapsed time for experts 11.4431 sec
Elapsed time for households 9.8663 sec
Iteration 175
Elapsed time for kappa 40.1869 sec
Elapsed time for experts 13.2864 sec
Elapsed time for households 10.5777 sec
Iteration 176
Elapsed time for kappa 30.4445 sec
Elapsed time for experts 11.6229 sec
Elapsed time for households 10.4501 sec
Iteration 177
Elapsed time for kappa 30.0690 sec
Elapsed time for experts 12.1699 sec
Elapsed time for households 10.5214 sec
Iteration 178
Elapsed time for kappa 29.7000 sec
Elapsed time for experts 11.5393 sec
Elapsed time for households 10.1533 sec
Iteration 179
Elapsed time for kappa 29.4772 sec
Elapsed time for experts 11.3715 sec
Elapsed time for households 10.2371 sec
Iteration 180
Elapsed time for kappa 28.8898 sec
Elapsed time for experts 11.4150 sec
Elapsed time for households 15.9122 sec
Iteration 181
Elapsed time for kappa 30.4617 sec
Elapsed time for experts 11.5744 sec
Elapsed time for households 10.8758 sec
Iteration 182
Elapsed time for kappa 30.5565 sec
Elapsed time for experts 11.6478 sec
Elapsed time for households 10.3031 sec
Iteration 183
Elapsed time for kappa 30.4556 sec
Elapsed time for experts 11.5061 sec
Elapsed time for households 10.2269 sec
Iteration 184
Elapsed time for kappa 29.5834 sec
Elapsed time for experts 11.3423 sec
Elapsed time for households 10.0501 sec
Iteration 185
Elapsed time for kappa 28.9548 sec
Elapsed time for experts 11.5328 sec
Elapsed time for households 10.0375 sec
Iteration 186
Elapsed time for kappa 28.9083 sec
Elapsed time for experts 11.3355 sec
Elapsed time for households 16.7885 sec
Iteration 187
Elapsed time for kappa 31.1979 sec
Elapsed time for experts 11.7528 sec
Elapsed time for households 10.9293 sec
Iteration 188
Elapsed time for kappa 30.6953 sec
Elapsed time for experts 12.0218 sec
Elapsed time for households 10.6824 sec
Iteration 189
Elapsed time for kappa 30.2158 sec
Elapsed time for experts 11.4701 sec
Elapsed time for households 10.6070 sec
Iteration 190
Elapsed time for kappa 29.8258 sec
Elapsed time for experts 11.2641 sec
Elapsed time for households 10.3081 sec
Iteration 191
Elapsed time for kappa 29.0398 sec
Elapsed time for experts 11.4627 sec
Elapsed time for households 9.9911 sec
Iteration 192
Elapsed time for kappa 28.6038 sec
Elapsed time for experts 11.3193 sec
Elapsed time for households 16.5737 sec
Iteration 193
Elapsed time for kappa 30.9369 sec
Elapsed time for experts 11.9545 sec
Elapsed time for households 10.8508 sec
Iteration 194
Elapsed time for kappa 30.4721 sec
Elapsed time for experts 11.9778 sec
Elapsed time for households 10.8710 sec
Iteration 195
Elapsed time for kappa 30.3838 sec
Elapsed time for experts 12.0233 sec
Elapsed time for households 10.3352 sec
Iteration 196
Elapsed time for kappa 29.8954 sec
Elapsed time for experts 11.2695 sec
Elapsed time for households 10.0902 sec
Iteration 197
Elapsed time for kappa 29.1078 sec
Elapsed time for experts 11.1195 sec
Elapsed time for households 9.9796 sec
Iteration 198
Elapsed time for kappa 28.8426 sec
Elapsed time for experts 11.4702 sec
Elapsed time for households 10.2279 sec
Iteration 199
Elapsed time for kappa 37.0350 sec
Elapsed time for experts 12.2945 sec
Elapsed time for households 10.9656 sec
Iteration 200
Elapsed time for kappa 30.5099 sec
Elapsed time for experts 11.6301 sec
Elapsed time for households 10.7058 sec
Iteration 201
Elapsed time for kappa 30.1734 sec
Elapsed time for experts 11.4795 sec
Elapsed time for households 10.3978 sec
Iteration 202
Elapsed time for kappa 30.0659 sec
Elapsed time for experts 11.4406 sec
Elapsed time for households 10.0611 sec
Iteration 203
Elapsed time for kappa 29.6918 sec
Elapsed time for experts 11.5991 sec
Elapsed time for households 10.3697 sec
Iteration 204
Elapsed time for kappa 29.3583 sec
Elapsed time for experts 11.1825 sec
Elapsed time for households 9.9939 sec
Iteration 205
Elapsed time for kappa 36.4025 sec
Elapsed time for experts 12.5609 sec
Elapsed time for households 10.6825 sec
Iteration 206
Elapsed time for kappa 30.3774 sec
Elapsed time for experts 11.7070 sec
Elapsed time for households 10.5770 sec
Iteration 207
Elapsed time for kappa 29.8789 sec
Elapsed time for experts 11.8207 sec
Elapsed time for households 10.3866 sec
Iteration 208
Elapsed time for kappa 29.9828 sec
Elapsed time for experts 11.7690 sec
Elapsed time for households 11.1353 sec
Iteration 209
Elapsed time for kappa 32.6108 sec
Elapsed time for experts 12.7519 sec
Elapsed time for households 11.1190 sec
Iteration 210
Elapsed time for kappa 32.3454 sec
Elapsed time for experts 18.8703 sec
Elapsed time for households 10.9963 sec
Iteration 211
Elapsed time for kappa 30.5537 sec
Elapsed time for experts 11.7268 sec
Elapsed time for households 10.3814 sec
Iteration 212
Elapsed time for kappa 30.5229 sec
Elapsed time for experts 11.9838 sec
Elapsed time for households 10.7792 sec
Iteration 213
Elapsed time for kappa 30.1235 sec
Elapsed time for experts 12.0652 sec
Elapsed time for households 10.5361 sec
Iteration 214
Elapsed time for kappa 29.8499 sec
Elapsed time for experts 11.3895 sec
Elapsed time for households 10.5459 sec
Iteration 215
Elapsed time for kappa 28.7902 sec
Elapsed time for experts 11.1464 sec
Elapsed time for households 9.9179 sec
Iteration 216
Elapsed time for kappa 28.7669 sec
Elapsed time for experts 11.3117 sec
Elapsed time for households 16.3718 sec
Iteration 217
Elapsed time for kappa 30.9432 sec
Elapsed time for experts 11.9849 sec
Elapsed time for households 10.8028 sec
Iteration 218
Elapsed time for kappa 30.4251 sec
Elapsed time for experts 11.4369 sec
Elapsed time for households 10.3141 sec
Iteration 219
Elapsed time for kappa 30.1731 sec
Elapsed time for experts 12.5505 sec
Elapsed time for households 11.1168 sec
Iteration 220
Elapsed time for kappa 32.7810 sec
Elapsed time for experts 13.0310 sec
Elapsed time for households 10.2518 sec
Iteration 221
Elapsed time for kappa 28.9760 sec
Elapsed time for experts 11.6631 sec
Elapsed time for households 10.0685 sec
Iteration 222
Elapsed time for kappa 29.1900 sec
Elapsed time for experts 11.4825 sec
Elapsed time for households 17.1309 sec
Iteration 223
Elapsed time for kappa 30.9153 sec
Elapsed time for experts 11.7338 sec
Elapsed time for households 10.7418 sec
Iteration 224
Elapsed time for kappa 30.3949 sec
Elapsed time for experts 11.7537 sec
Elapsed time for households 10.5913 sec
Iteration 225
Elapsed time for kappa 29.8599 sec
Elapsed time for experts 11.5517 sec
Elapsed time for households 10.2036 sec
Iteration 226
Elapsed time for kappa 29.5491 sec
Elapsed time for experts 11.3079 sec
Elapsed time for households 10.2742 sec
Iteration 227
Elapsed time for kappa 29.3987 sec
Elapsed time for experts 11.5693 sec
Elapsed time for households 9.9293 sec
Iteration 228
Elapsed time for kappa 28.9550 sec
Elapsed time for experts 11.4464 sec
Elapsed time for households 9.9449 sec
Iteration 229
Elapsed time for kappa 37.4706 sec
Elapsed time for experts 12.4924 sec
Elapsed time for households 10.5813 sec
Iteration 230
Elapsed time for kappa 30.5189 sec
Elapsed time for experts 11.8035 sec
Elapsed time for households 10.6361 sec
Iteration 231
Elapsed time for kappa 30.2303 sec
Elapsed time for experts 11.4891 sec
Elapsed time for households 10.6749 sec
Iteration 232
Elapsed time for kappa 29.9910 sec
Elapsed time for experts 11.8061 sec
Elapsed time for households 10.2137 sec
Iteration 233
Elapsed time for kappa 29.3904 sec
Elapsed time for experts 11.6370 sec
Elapsed time for households 10.2230 sec
Iteration 234
Elapsed time for kappa 29.1919 sec
Elapsed time for experts 11.5736 sec
Elapsed time for households 9.9090 sec
Iteration 235
Elapsed time for kappa 37.0594 sec
Elapsed time for experts 12.4432 sec
Elapsed time for households 10.9796 sec
Iteration 236
Elapsed time for kappa 30.3048 sec
Elapsed time for experts 11.7172 sec
Elapsed time for households 10.7140 sec
Iteration 237
Elapsed time for kappa 30.1034 sec
Elapsed time for experts 11.9272 sec
Elapsed time for households 10.6063 sec
Iteration 238
Elapsed time for kappa 29.6551 sec
Elapsed time for experts 11.3688 sec
Elapsed time for households 10.2151 sec
Iteration 239
Elapsed time for kappa 29.6317 sec
Elapsed time for experts 11.5613 sec
Elapsed time for households 9.9079 sec
Iteration 240
Elapsed time for kappa 29.1107 sec
Elapsed time for experts 11.3959 sec
Elapsed time for households 16.1895 sec
Iteration 241
Elapsed time for kappa 30.9792 sec
Elapsed time for experts 12.3245 sec
Elapsed time for households 10.4565 sec
Iteration 242
Elapsed time for kappa 30.1683 sec
Elapsed time for experts 11.8653 sec
Elapsed time for households 10.2308 sec
Iteration 243
Elapsed time for kappa 29.9666 sec
Elapsed time for experts 12.3910 sec
Elapsed time for households 10.4575 sec
Iteration 244
Elapsed time for kappa 29.3626 sec
Elapsed time for experts 12.2958 sec
Elapsed time for households 10.2486 sec
Iteration 245
Elapsed time for kappa 29.1546 sec
Elapsed time for experts 11.6587 sec
Elapsed time for households 10.3958 sec
Iteration 246
Elapsed time for kappa 29.0376 sec
Elapsed time for experts 11.1233 sec
Elapsed time for households 9.9049 sec
Iteration 247
Elapsed time for kappa 37.9530 sec
Elapsed time for experts 12.2870 sec
Elapsed time for households 10.8668 sec
Iteration 248
Elapsed time for kappa 30.5390 sec
Elapsed time for experts 11.8644 sec
Elapsed time for households 10.6363 sec
Iteration 249
Elapsed time for kappa 30.0302 sec
Elapsed time for experts 11.8802 sec
Elapsed time for households 10.5308 sec
Iteration 250
Elapsed time for kappa 29.6444 sec
Elapsed time for experts 11.6929 sec
Elapsed time for households 10.1985 sec
Iteration 251
Elapsed time for kappa 29.4993 sec
Elapsed time for experts 11.5153 sec
Elapsed time for households 11.3181 sec
Iteration 252
Elapsed time for kappa 29.2100 sec
Elapsed time for experts 11.3774 sec
Elapsed time for households 16.3768 sec
Iteration 253
Elapsed time for kappa 31.0244 sec
Elapsed time for experts 12.3153 sec
Elapsed time for households 11.8701 sec
Iteration 254
Elapsed time for kappa 30.3407 sec
Elapsed time for experts 11.6324 sec
Elapsed time for households 11.1889 sec
Iteration 255
Elapsed time for kappa 30.3009 sec
Elapsed time for experts 11.6756 sec
Elapsed time for households 10.6911 sec
Iteration 256
Elapsed time for kappa 29.8832 sec
Elapsed time for experts 11.4734 sec
Elapsed time for households 10.1603 sec
Iteration 257
Elapsed time for kappa 29.3649 sec
Elapsed time for experts 11.2126 sec
Elapsed time for households 10.2758 sec
Iteration 258
Elapsed time for kappa 28.9434 sec
Elapsed time for experts 11.2382 sec
Elapsed time for households 9.8783 sec
Iteration 259
Elapsed time for kappa 37.7996 sec
Elapsed time for experts 12.4429 sec
Elapsed time for households 10.5758 sec
Iteration 260
Elapsed time for kappa 30.7936 sec
Elapsed time for experts 12.7136 sec
Elapsed time for households 10.5358 sec
Iteration 261
Elapsed time for kappa 30.2043 sec
Elapsed time for experts 12.0626 sec
Elapsed time for households 10.4133 sec
Iteration 262
Elapsed time for kappa 29.9701 sec
Elapsed time for experts 11.7133 sec
Elapsed time for households 10.2897 sec
Iteration 263
Elapsed time for kappa 29.6369 sec
Elapsed time for experts 11.9779 sec
Elapsed time for households 11.4733 sec
Iteration 264
Elapsed time for kappa 29.1253 sec
Elapsed time for experts 11.1845 sec
Elapsed time for households 16.3959 sec
Iteration 265
Elapsed time for kappa 31.4044 sec
Elapsed time for experts 11.9052 sec
Elapsed time for households 10.7019 sec
Iteration 266
Elapsed time for kappa 30.4996 sec
Elapsed time for experts 11.4976 sec
Elapsed time for households 10.3287 sec
Iteration 267
Elapsed time for kappa 30.4669 sec
Elapsed time for experts 11.8854 sec
Elapsed time for households 11.1678 sec
Iteration 268
Elapsed time for kappa 29.8948 sec
Elapsed time for experts 12.1536 sec
Elapsed time for households 10.3818 sec
Iteration 269
Elapsed time for kappa 29.1825 sec
Elapsed time for experts 12.1915 sec
Elapsed time for households 9.9158 sec
Iteration 270
Elapsed time for kappa 28.7447 sec
Elapsed time for experts 11.7716 sec
Elapsed time for households 9.6667 sec
Iteration 271
Elapsed time for kappa 38.0356 sec
Elapsed time for experts 12.1829 sec
Elapsed time for households 10.5448 sec
Iteration 272
Elapsed time for kappa 30.7282 sec
Elapsed time for experts 11.7765 sec
Elapsed time for households 10.7004 sec
Iteration 273
Elapsed time for kappa 30.6050 sec
Elapsed time for experts 12.2100 sec
Elapsed time for households 10.6095 sec
Iteration 274
Elapsed time for kappa 33.0694 sec
Elapsed time for experts 11.4971 sec
Elapsed time for households 10.3597 sec
Iteration 275
Elapsed time for kappa 29.4016 sec
Elapsed time for experts 11.2541 sec
Elapsed time for households 10.3372 sec
Iteration 276
Elapsed time for kappa 29.4998 sec
Elapsed time for experts 11.5368 sec
Elapsed time for households 10.0758 sec
Iteration 277
Elapsed time for kappa 39.8664 sec
Elapsed time for experts 13.9779 sec
Elapsed time for households 10.6199 sec
Iteration 278
Elapsed time for kappa 30.3923 sec
Elapsed time for experts 11.8250 sec
Elapsed time for households 10.4110 sec
Iteration 279
Elapsed time for kappa 30.1736 sec
Elapsed time for experts 13.0376 sec
Elapsed time for households 10.5321 sec
Iteration 280
Elapsed time for kappa 30.3586 sec
Elapsed time for experts 12.2584 sec
Elapsed time for households 10.3875 sec
Iteration 281
Elapsed time for kappa 29.1219 sec
Elapsed time for experts 11.2941 sec
Elapsed time for households 10.2335 sec
Iteration 282
Elapsed time for kappa 29.2351 sec
Elapsed time for experts 11.1757 sec
Elapsed time for households 16.5658 sec
Iteration 283
Elapsed time for kappa 31.2881 sec
Elapsed time for experts 13.0815 sec
Elapsed time for households 11.8475 sec
Iteration 284
Elapsed time for kappa 33.3508 sec
Elapsed time for experts 14.1127 sec
Elapsed time for households 10.7149 sec
Iteration 285
Elapsed time for kappa 30.4787 sec
Elapsed time for experts 11.7344 sec
Elapsed time for households 10.4978 sec
Iteration 286
Elapsed time for kappa 29.9987 sec
Elapsed time for experts 11.3934 sec
Elapsed time for households 10.4217 sec
Iteration 287
Elapsed time for kappa 29.2388 sec
Elapsed time for experts 11.6059 sec
Elapsed time for households 10.0013 sec
Iteration 288
Elapsed time for kappa 28.7468 sec
Elapsed time for experts 11.5484 sec
Elapsed time for households 9.9299 sec
Iteration 289
Elapsed time for kappa 37.8445 sec
Elapsed time for experts 12.4217 sec
Elapsed time for households 10.6671 sec
Iteration 290
Elapsed time for kappa 30.7464 sec
Elapsed time for experts 12.3255 sec
Elapsed time for households 10.3729 sec
Iteration 291
Elapsed time for kappa 30.4544 sec
Elapsed time for experts 11.4893 sec
Elapsed time for households 10.3899 sec
Iteration 292
Elapsed time for kappa 30.2664 sec
Elapsed time for experts 12.3461 sec
Elapsed time for households 10.3514 sec
Iteration 293
Elapsed time for kappa 29.8123 sec
Elapsed time for experts 11.3455 sec
Elapsed time for households 10.1350 sec
Iteration 294
Elapsed time for kappa 29.3543 sec
Elapsed time for experts 11.9250 sec
Elapsed time for households 16.4715 sec
Iteration 295
Elapsed time for kappa 30.8952 sec
Elapsed time for experts 12.4202 sec
Elapsed time for households 10.5792 sec
Iteration 296
Elapsed time for kappa 30.5300 sec
Elapsed time for experts 11.9678 sec
Elapsed time for households 10.6590 sec
Iteration 297
Elapsed time for kappa 30.3545 sec
Elapsed time for experts 11.5744 sec
Elapsed time for households 11.1436 sec
Iteration 298
Elapsed time for kappa 29.8623 sec
Elapsed time for experts 11.8636 sec
Elapsed time for households 10.4465 sec
Iteration 299
Elapsed time for kappa 29.4663 sec
Elapsed time for experts 11.6240 sec
Elapsed time for households 9.9654 sec
Elapsed time for training 16199.3576 sec
90000 90000 90000 90000
