ERROR: logger: /software/python-anaconda-2022.05-el8-x86_64/lib/libuuid.so.1: no version information available (required by /lib64/libblkid.so.1)
      while executing
  "exec logger -t modulecmd "[get-env USER]: $command [join $args]""
      (procedure "module" line 2)
      invoked from within
  "module load python/anaconda-2022.05"
      ("eval" body line 1)
      invoked from within
  "eval $execcmdlist"
  Please report this issue at https://github.com/cea-hpc/modules/issues
Iteration 0
Elapsed time for kappa 80.8316 sec
Elapsed time for experts 26.1291 sec
Elapsed time for households 21.2524 sec
Iteration 1
Elapsed time for kappa 41.1301 sec
Elapsed time for experts 19.1264 sec
Elapsed time for households 18.6145 sec
Iteration 2
Elapsed time for kappa 34.7021 sec
Elapsed time for experts 20.9226 sec
Elapsed time for households 14.8622 sec
Iteration 3
Elapsed time for kappa 37.7237 sec
Elapsed time for experts 13.1558 sec
Elapsed time for households 11.1686 sec
Iteration 4
Elapsed time for kappa 33.3092 sec
Elapsed time for experts 13.5942 sec
Elapsed time for households 13.5472 sec
Iteration 5
Elapsed time for kappa 33.0787 sec
Elapsed time for experts 13.6073 sec
Elapsed time for households 11.9764 sec
Iteration 6
Elapsed time for kappa 32.9799 sec
Elapsed time for experts 11.9665 sec
Elapsed time for households 11.2839 sec
Iteration 7
Elapsed time for kappa 32.9887 sec
Elapsed time for experts 13.0364 sec
Elapsed time for households 11.8831 sec
Iteration 8
Elapsed time for kappa 34.9320 sec
Elapsed time for experts 13.7623 sec
Elapsed time for households 17.7907 sec
Iteration 9
Elapsed time for kappa 34.6289 sec
Elapsed time for experts 13.3743 sec
Elapsed time for households 11.5339 sec
Iteration 10
Elapsed time for kappa 33.6536 sec
Elapsed time for experts 12.9254 sec
Elapsed time for households 11.9684 sec
Iteration 11
Elapsed time for kappa 33.9606 sec
Elapsed time for experts 12.1428 sec
Elapsed time for households 11.3231 sec
Iteration 12
Elapsed time for kappa 33.2461 sec
Elapsed time for experts 12.0469 sec
Elapsed time for households 12.2237 sec
Iteration 13
Elapsed time for kappa 33.8068 sec
Elapsed time for experts 12.3661 sec
Elapsed time for households 11.3433 sec
Iteration 14
Elapsed time for kappa 41.7542 sec
Elapsed time for experts 14.2749 sec
Elapsed time for households 19.0510 sec
Iteration 15
Elapsed time for kappa 41.7992 sec
Elapsed time for experts 21.1465 sec
Elapsed time for households 12.9900 sec
Iteration 16
Elapsed time for kappa 35.4955 sec
Elapsed time for experts 14.6804 sec
Elapsed time for households 11.7254 sec
Iteration 17
Elapsed time for kappa 34.8384 sec
Elapsed time for experts 12.4254 sec
Elapsed time for households 11.6752 sec
Iteration 18
Elapsed time for kappa 33.1175 sec
Elapsed time for experts 13.2966 sec
Elapsed time for households 11.3781 sec
Iteration 19
Elapsed time for kappa 33.6655 sec
Elapsed time for experts 13.8350 sec
Elapsed time for households 11.5335 sec
Iteration 20
Elapsed time for kappa 34.5059 sec
Elapsed time for experts 14.1842 sec
Elapsed time for households 17.7014 sec
Iteration 21
Elapsed time for kappa 35.1134 sec
Elapsed time for experts 13.5440 sec
Elapsed time for households 11.1564 sec
Iteration 22
Elapsed time for kappa 33.5222 sec
Elapsed time for experts 13.1305 sec
Elapsed time for households 12.2020 sec
Iteration 23
Elapsed time for kappa 33.4940 sec
Elapsed time for experts 12.2557 sec
Elapsed time for households 11.0153 sec
Iteration 24
Elapsed time for kappa 32.6993 sec
Elapsed time for experts 13.3774 sec
Elapsed time for households 19.2019 sec
Iteration 25
Elapsed time for kappa 34.5069 sec
Elapsed time for experts 13.7459 sec
Elapsed time for households 11.3517 sec
Iteration 26
Elapsed time for kappa 33.7882 sec
Elapsed time for experts 19.2589 sec
Elapsed time for households 11.1573 sec
Iteration 27
Elapsed time for kappa 32.8545 sec
Elapsed time for experts 13.1819 sec
Elapsed time for households 11.2163 sec
Iteration 28
Elapsed time for kappa 34.4346 sec
Elapsed time for experts 13.2923 sec
Elapsed time for households 11.0414 sec
Iteration 29
Elapsed time for kappa 33.4517 sec
Elapsed time for experts 12.4251 sec
Elapsed time for households 11.4297 sec
Iteration 30
Elapsed time for kappa 32.3073 sec
Elapsed time for experts 13.4082 sec
Elapsed time for households 11.7312 sec
Iteration 31
Elapsed time for kappa 33.4209 sec
Elapsed time for experts 13.0120 sec
Elapsed time for households 10.7929 sec
Iteration 32
Elapsed time for kappa 33.7777 sec
Elapsed time for experts 20.7441 sec
Elapsed time for households 11.8889 sec
Iteration 33
Elapsed time for kappa 33.3190 sec
Elapsed time for experts 12.7287 sec
Elapsed time for households 10.7918 sec
Iteration 34
Elapsed time for kappa 32.9316 sec
Elapsed time for experts 12.1160 sec
Elapsed time for households 11.9127 sec
Iteration 35
Elapsed time for kappa 32.0909 sec
Elapsed time for experts 11.9952 sec
Elapsed time for households 11.4389 sec
Iteration 36
Elapsed time for kappa 33.2306 sec
Elapsed time for experts 12.2632 sec
Elapsed time for households 11.1273 sec
Iteration 37
Elapsed time for kappa 33.1201 sec
Elapsed time for experts 13.4153 sec
Elapsed time for households 11.3333 sec
Iteration 38
Elapsed time for kappa 35.1417 sec
Elapsed time for experts 20.2193 sec
Elapsed time for households 12.7386 sec
Iteration 39
Elapsed time for kappa 33.6270 sec
Elapsed time for experts 12.8177 sec
Elapsed time for households 11.2201 sec
Iteration 40
Elapsed time for kappa 31.8918 sec
Elapsed time for experts 12.5465 sec
Elapsed time for households 11.9181 sec
Iteration 41
Elapsed time for kappa 32.2257 sec
Elapsed time for experts 11.9956 sec
Elapsed time for households 11.1543 sec
Iteration 42
Elapsed time for kappa 33.1315 sec
Elapsed time for experts 12.5697 sec
Elapsed time for households 11.1478 sec
Iteration 43
Elapsed time for kappa 33.4041 sec
Elapsed time for experts 12.1908 sec
Elapsed time for households 11.9273 sec
Iteration 44
Elapsed time for kappa 39.7994 sec
Elapsed time for experts 13.8989 sec
Elapsed time for households 11.7558 sec
Iteration 45
Elapsed time for kappa 32.5911 sec
Elapsed time for experts 13.4631 sec
Elapsed time for households 10.9069 sec
Iteration 46
Elapsed time for kappa 32.0320 sec
Elapsed time for experts 12.4881 sec
Elapsed time for households 10.9847 sec
Iteration 47
Elapsed time for kappa 32.2016 sec
Elapsed time for experts 13.4871 sec
Elapsed time for households 11.1370 sec
Iteration 48
Elapsed time for kappa 32.1188 sec
Elapsed time for experts 12.1783 sec
Elapsed time for households 11.2116 sec
Iteration 49
Elapsed time for kappa 33.0661 sec
Elapsed time for experts 12.3986 sec
Elapsed time for households 11.0920 sec
Iteration 50
Elapsed time for kappa 39.0403 sec
Elapsed time for experts 12.9240 sec
Elapsed time for households 11.4984 sec
Iteration 51
Elapsed time for kappa 32.4044 sec
Elapsed time for experts 12.6936 sec
Elapsed time for households 11.2430 sec
Iteration 52
Elapsed time for kappa 32.4919 sec
Elapsed time for experts 13.3799 sec
Elapsed time for households 11.6355 sec
Iteration 53
Elapsed time for kappa 31.3850 sec
Elapsed time for experts 13.4052 sec
Elapsed time for households 10.8284 sec
Iteration 54
Elapsed time for kappa 33.0355 sec
Elapsed time for experts 13.6257 sec
Elapsed time for households 11.8010 sec
Iteration 55
Elapsed time for kappa 33.0997 sec
Elapsed time for experts 12.2953 sec
Elapsed time for households 11.2980 sec
Iteration 56
Elapsed time for kappa 39.3059 sec
Elapsed time for experts 13.2964 sec
Elapsed time for households 11.8983 sec
Iteration 57
Elapsed time for kappa 34.6646 sec
Elapsed time for experts 17.3729 sec
Elapsed time for households 12.4255 sec
Iteration 58
Elapsed time for kappa 32.2033 sec
Elapsed time for experts 12.7010 sec
Elapsed time for households 12.4510 sec
Iteration 59
Elapsed time for kappa 32.9524 sec
Elapsed time for experts 13.7779 sec
Elapsed time for households 12.4143 sec
Iteration 60
Elapsed time for kappa 33.8081 sec
Elapsed time for experts 11.9638 sec
Elapsed time for households 10.6762 sec
Iteration 61
Elapsed time for kappa 31.6995 sec
Elapsed time for experts 11.5859 sec
Elapsed time for households 10.5303 sec
Iteration 62
Elapsed time for kappa 39.1983 sec
Elapsed time for experts 14.8439 sec
Elapsed time for households 13.1272 sec
Iteration 63
Elapsed time for kappa 34.0177 sec
Elapsed time for experts 12.6726 sec
Elapsed time for households 11.8521 sec
Iteration 64
Elapsed time for kappa 32.5018 sec
Elapsed time for experts 12.2318 sec
Elapsed time for households 10.9138 sec
Iteration 65
Elapsed time for kappa 32.0009 sec
Elapsed time for experts 12.9402 sec
Elapsed time for households 12.1824 sec
Iteration 66
Elapsed time for kappa 31.0901 sec
Elapsed time for experts 12.8611 sec
Elapsed time for households 11.3099 sec
Iteration 67
Elapsed time for kappa 32.9917 sec
Elapsed time for experts 12.0882 sec
Elapsed time for households 11.1899 sec
Iteration 68
Elapsed time for kappa 37.7915 sec
Elapsed time for experts 12.7617 sec
Elapsed time for households 12.1221 sec
Iteration 69
Elapsed time for kappa 31.5350 sec
Elapsed time for experts 12.6245 sec
Elapsed time for households 11.1312 sec
Iteration 70
Elapsed time for kappa 30.8210 sec
Elapsed time for experts 12.1050 sec
Elapsed time for households 11.2202 sec
Iteration 71
Elapsed time for kappa 31.0810 sec
Elapsed time for experts 11.7568 sec
Elapsed time for households 10.5367 sec
Iteration 72
Elapsed time for kappa 30.1899 sec
Elapsed time for experts 12.4166 sec
Elapsed time for households 10.7105 sec
Iteration 73
Elapsed time for kappa 30.7374 sec
Elapsed time for experts 11.9349 sec
Elapsed time for households 11.0129 sec
Iteration 74
Elapsed time for kappa 37.1943 sec
Elapsed time for experts 12.5759 sec
Elapsed time for households 11.0531 sec
Iteration 75
Elapsed time for kappa 31.4426 sec
Elapsed time for experts 12.8462 sec
Elapsed time for households 11.1699 sec
Iteration 76
Elapsed time for kappa 31.4087 sec
Elapsed time for experts 13.1877 sec
Elapsed time for households 11.3671 sec
Iteration 77
Elapsed time for kappa 31.4285 sec
Elapsed time for experts 11.6990 sec
Elapsed time for households 11.6035 sec
Iteration 78
Elapsed time for kappa 31.1385 sec
Elapsed time for experts 12.7722 sec
Elapsed time for households 11.9616 sec
Iteration 79
Elapsed time for kappa 30.4386 sec
Elapsed time for experts 11.5178 sec
Elapsed time for households 15.8947 sec
Iteration 80
Elapsed time for kappa 31.3605 sec
Elapsed time for experts 12.1308 sec
Elapsed time for households 11.7216 sec
Iteration 81
Elapsed time for kappa 31.2090 sec
Elapsed time for experts 13.5293 sec
Elapsed time for households 10.8186 sec
Iteration 82
Elapsed time for kappa 30.8728 sec
Elapsed time for experts 12.6876 sec
Elapsed time for households 12.0196 sec
Iteration 83
Elapsed time for kappa 30.6715 sec
Elapsed time for experts 13.7023 sec
Elapsed time for households 10.8749 sec
Iteration 84
Elapsed time for kappa 30.0567 sec
Elapsed time for experts 12.1210 sec
Elapsed time for households 10.4961 sec
Iteration 85
Elapsed time for kappa 29.9262 sec
Elapsed time for experts 12.3896 sec
Elapsed time for households 16.7271 sec
Iteration 86
Elapsed time for kappa 32.1536 sec
Elapsed time for experts 13.1924 sec
Elapsed time for households 10.6142 sec
Iteration 87
Elapsed time for kappa 30.9280 sec
Elapsed time for experts 12.0647 sec
Elapsed time for households 10.6897 sec
Iteration 88
Elapsed time for kappa 31.8119 sec
Elapsed time for experts 12.4500 sec
Elapsed time for households 11.4826 sec
Iteration 89
Elapsed time for kappa 32.3651 sec
Elapsed time for experts 11.7852 sec
Elapsed time for households 10.6028 sec
Iteration 90
Elapsed time for kappa 30.2254 sec
Elapsed time for experts 11.2290 sec
Elapsed time for households 10.9266 sec
Iteration 91
Elapsed time for kappa 30.1862 sec
Elapsed time for experts 18.4613 sec
Elapsed time for households 11.5766 sec
Iteration 92
Elapsed time for kappa 31.5421 sec
Elapsed time for experts 12.9907 sec
Elapsed time for households 11.6936 sec
Iteration 93
Elapsed time for kappa 31.2117 sec
Elapsed time for experts 13.5768 sec
Elapsed time for households 11.6891 sec
Iteration 94
Elapsed time for kappa 31.2041 sec
Elapsed time for experts 12.9054 sec
Elapsed time for households 10.9873 sec
Iteration 95
Elapsed time for kappa 30.4119 sec
Elapsed time for experts 11.5730 sec
Elapsed time for households 10.4518 sec
Iteration 96
Elapsed time for kappa 29.7473 sec
Elapsed time for experts 11.5840 sec
Elapsed time for households 10.8321 sec
Iteration 97
Elapsed time for kappa 32.2741 sec
Elapsed time for experts 18.7629 sec
Elapsed time for households 12.2345 sec
Iteration 98
Elapsed time for kappa 32.0902 sec
Elapsed time for experts 12.1674 sec
Elapsed time for households 11.2283 sec
Iteration 99
Elapsed time for kappa 30.9626 sec
Elapsed time for experts 12.0624 sec
Elapsed time for households 11.2979 sec
Iteration 100
Elapsed time for kappa 30.3926 sec
Elapsed time for experts 13.7090 sec
Elapsed time for households 10.6739 sec
Iteration 101
Elapsed time for kappa 30.7919 sec
Elapsed time for experts 11.7255 sec
Elapsed time for households 10.6067 sec
Iteration 102
Elapsed time for kappa 30.6274 sec
Elapsed time for experts 12.2576 sec
Elapsed time for households 11.5221 sec
Iteration 103
Elapsed time for kappa 32.9781 sec
Elapsed time for experts 19.2233 sec
Elapsed time for households 12.2226 sec
Iteration 104
Elapsed time for kappa 31.4606 sec
Elapsed time for experts 13.4589 sec
Elapsed time for households 11.9601 sec
Iteration 105
Elapsed time for kappa 32.5665 sec
Elapsed time for experts 13.1099 sec
Elapsed time for households 10.7770 sec
Iteration 106
Elapsed time for kappa 30.7733 sec
Elapsed time for experts 12.0752 sec
Elapsed time for households 11.4585 sec
Iteration 107
Elapsed time for kappa 30.9930 sec
Elapsed time for experts 12.2784 sec
Elapsed time for households 10.6317 sec
Iteration 108
Elapsed time for kappa 30.3989 sec
Elapsed time for experts 12.5867 sec
Elapsed time for households 10.8453 sec
Iteration 109
Elapsed time for kappa 37.2797 sec
Elapsed time for experts 12.6782 sec
Elapsed time for households 12.4836 sec
Iteration 110
Elapsed time for kappa 32.6548 sec
Elapsed time for experts 13.3372 sec
Elapsed time for households 11.3417 sec
Iteration 111
Elapsed time for kappa 32.1838 sec
Elapsed time for experts 12.3553 sec
Elapsed time for households 11.1171 sec
Iteration 112
Elapsed time for kappa 30.4309 sec
Elapsed time for experts 11.6957 sec
Elapsed time for households 10.6241 sec
Iteration 113
Elapsed time for kappa 30.0538 sec
Elapsed time for experts 11.4832 sec
Elapsed time for households 10.5135 sec
Iteration 114
Elapsed time for kappa 30.6563 sec
Elapsed time for experts 12.1909 sec
Elapsed time for households 10.5579 sec
Iteration 115
Elapsed time for kappa 37.6283 sec
Elapsed time for experts 12.8953 sec
Elapsed time for households 11.2609 sec
Iteration 116
Elapsed time for kappa 31.8497 sec
Elapsed time for experts 12.5249 sec
Elapsed time for households 11.7327 sec
Iteration 117
Elapsed time for kappa 30.5941 sec
Elapsed time for experts 12.7142 sec
Elapsed time for households 10.9806 sec
Iteration 118
Elapsed time for kappa 30.9840 sec
Elapsed time for experts 12.3454 sec
Elapsed time for households 11.2553 sec
Iteration 119
Elapsed time for kappa 31.1176 sec
Elapsed time for experts 12.5958 sec
Elapsed time for households 13.1313 sec
Iteration 120
Elapsed time for kappa 30.8487 sec
Elapsed time for experts 12.4300 sec
Elapsed time for households 10.6543 sec
Iteration 121
Elapsed time for kappa 37.3125 sec
Elapsed time for experts 12.4714 sec
Elapsed time for households 11.1761 sec
Iteration 122
Elapsed time for kappa 31.8368 sec
Elapsed time for experts 12.4737 sec
Elapsed time for households 12.2869 sec
Iteration 123
Elapsed time for kappa 32.6186 sec
Elapsed time for experts 13.1984 sec
Elapsed time for households 11.4570 sec
Iteration 124
Elapsed time for kappa 31.7665 sec
Elapsed time for experts 13.3390 sec
Elapsed time for households 11.2553 sec
Iteration 125
Elapsed time for kappa 32.6834 sec
Elapsed time for experts 12.3045 sec
Elapsed time for households 11.4210 sec
Iteration 126
Elapsed time for kappa 31.3635 sec
Elapsed time for experts 13.0589 sec
Elapsed time for households 11.6534 sec
Iteration 127
Elapsed time for kappa 39.5476 sec
Elapsed time for experts 13.4596 sec
Elapsed time for households 12.9831 sec
Iteration 128
Elapsed time for kappa 33.5354 sec
Elapsed time for experts 13.5896 sec
Elapsed time for households 11.7843 sec
Iteration 129
Elapsed time for kappa 31.8332 sec
Elapsed time for experts 13.0217 sec
Elapsed time for households 11.3258 sec
Iteration 130
Elapsed time for kappa 32.3012 sec
Elapsed time for experts 14.2892 sec
Elapsed time for households 12.0124 sec
Iteration 131
Elapsed time for kappa 32.7747 sec
Elapsed time for experts 13.1960 sec
Elapsed time for households 12.4733 sec
Iteration 132
Elapsed time for kappa 31.7606 sec
Elapsed time for experts 11.8530 sec
Elapsed time for households 10.8781 sec
Iteration 133
Elapsed time for kappa 39.2637 sec
Elapsed time for experts 13.2988 sec
Elapsed time for households 12.1713 sec
Iteration 134
Elapsed time for kappa 33.3736 sec
Elapsed time for experts 12.9180 sec
Elapsed time for households 11.5028 sec
Iteration 135
Elapsed time for kappa 32.3991 sec
Elapsed time for experts 13.6409 sec
Elapsed time for households 11.8952 sec
Iteration 136
Elapsed time for kappa 31.9048 sec
Elapsed time for experts 12.8975 sec
Elapsed time for households 11.1350 sec
Iteration 137
Elapsed time for kappa 31.6635 sec
Elapsed time for experts 12.3172 sec
Elapsed time for households 10.8331 sec
Iteration 138
Elapsed time for kappa 31.1515 sec
Elapsed time for experts 12.5315 sec
Elapsed time for households 12.7900 sec
Iteration 139
Elapsed time for kappa 39.9428 sec
Elapsed time for experts 13.4531 sec
Elapsed time for households 11.8974 sec
Iteration 140
Elapsed time for kappa 34.7829 sec
Elapsed time for experts 15.2342 sec
Elapsed time for households 12.2008 sec
Iteration 141
Elapsed time for kappa 32.7089 sec
Elapsed time for experts 13.2321 sec
Elapsed time for households 11.7899 sec
Iteration 142
Elapsed time for kappa 31.6363 sec
Elapsed time for experts 12.3701 sec
Elapsed time for households 11.4089 sec
Iteration 143
Elapsed time for kappa 32.5201 sec
Elapsed time for experts 12.6423 sec
Elapsed time for households 10.7807 sec
Iteration 144
Elapsed time for kappa 31.2574 sec
Elapsed time for experts 12.5403 sec
Elapsed time for households 11.2265 sec
Iteration 145
Elapsed time for kappa 39.4648 sec
Elapsed time for experts 14.1884 sec
Elapsed time for households 12.6159 sec
Iteration 146
Elapsed time for kappa 33.1209 sec
Elapsed time for experts 14.4332 sec
Elapsed time for households 11.1334 sec
Iteration 147
Elapsed time for kappa 32.2267 sec
Elapsed time for experts 13.6017 sec
Elapsed time for households 12.9607 sec
Iteration 148
Elapsed time for kappa 32.8117 sec
Elapsed time for experts 13.7253 sec
Elapsed time for households 11.5491 sec
Iteration 149
Elapsed time for kappa 31.5311 sec
Elapsed time for experts 12.5733 sec
Elapsed time for households 11.4603 sec
Iteration 150
Elapsed time for kappa 30.8791 sec
Elapsed time for experts 12.3715 sec
Elapsed time for households 16.7862 sec
Iteration 151
Elapsed time for kappa 34.1166 sec
Elapsed time for experts 13.8976 sec
Elapsed time for households 12.2834 sec
Iteration 152
Elapsed time for kappa 35.3321 sec
Elapsed time for experts 13.8827 sec
Elapsed time for households 11.9883 sec
Iteration 153
Elapsed time for kappa 34.0294 sec
Elapsed time for experts 14.4092 sec
Elapsed time for households 12.9376 sec
Iteration 154
Elapsed time for kappa 33.3968 sec
Elapsed time for experts 12.7872 sec
Elapsed time for households 12.2486 sec
Iteration 155
Elapsed time for kappa 32.0091 sec
Elapsed time for experts 12.2585 sec
Elapsed time for households 11.0453 sec
Iteration 156
Elapsed time for kappa 30.7650 sec
Elapsed time for experts 18.7907 sec
Elapsed time for households 12.1331 sec
Iteration 157
Elapsed time for kappa 33.3947 sec
Elapsed time for experts 14.0549 sec
Elapsed time for households 12.8616 sec
Iteration 158
Elapsed time for kappa 33.3009 sec
Elapsed time for experts 13.2164 sec
Elapsed time for households 11.4409 sec
Iteration 159
Elapsed time for kappa 31.4183 sec
Elapsed time for experts 13.9557 sec
Elapsed time for households 12.3027 sec
Iteration 160
Elapsed time for kappa 32.2027 sec
Elapsed time for experts 12.4368 sec
Elapsed time for households 11.6217 sec
Iteration 161
Elapsed time for kappa 31.7169 sec
Elapsed time for experts 12.4599 sec
Elapsed time for households 11.2261 sec
Iteration 162
Elapsed time for kappa 31.9499 sec
Elapsed time for experts 12.2904 sec
Elapsed time for households 17.6780 sec
Iteration 163
Elapsed time for kappa 34.6410 sec
Elapsed time for experts 13.1906 sec
Elapsed time for households 12.6130 sec
Iteration 164
Elapsed time for kappa 32.2801 sec
Elapsed time for experts 13.2359 sec
Elapsed time for households 12.9367 sec
Iteration 165
Elapsed time for kappa 32.8161 sec
Elapsed time for experts 13.0237 sec
Elapsed time for households 11.1796 sec
Iteration 166
Elapsed time for kappa 31.0871 sec
Elapsed time for experts 12.4424 sec
Elapsed time for households 10.6819 sec
Iteration 167
Elapsed time for kappa 30.1979 sec
Elapsed time for experts 12.0211 sec
Elapsed time for households 10.6014 sec
Iteration 168
Elapsed time for kappa 30.1115 sec
Elapsed time for experts 18.9065 sec
Elapsed time for households 11.4476 sec
Iteration 169
Elapsed time for kappa 32.2779 sec
Elapsed time for experts 12.3121 sec
Elapsed time for households 11.1059 sec
Iteration 170
Elapsed time for kappa 33.0460 sec
Elapsed time for experts 12.7083 sec
Elapsed time for households 12.1043 sec
Iteration 171
Elapsed time for kappa 30.9002 sec
Elapsed time for experts 11.9647 sec
Elapsed time for households 11.0363 sec
Iteration 172
Elapsed time for kappa 32.0368 sec
Elapsed time for experts 12.8122 sec
Elapsed time for households 11.4947 sec
Iteration 173
Elapsed time for kappa 31.0123 sec
Elapsed time for experts 12.5284 sec
Elapsed time for households 12.1670 sec
Iteration 174
Elapsed time for kappa 32.1974 sec
Elapsed time for experts 12.2376 sec
Elapsed time for households 17.8670 sec
Iteration 175
Elapsed time for kappa 31.8078 sec
Elapsed time for experts 12.3795 sec
Elapsed time for households 11.3265 sec
Iteration 176
Elapsed time for kappa 31.1452 sec
Elapsed time for experts 12.7015 sec
Elapsed time for households 11.0321 sec
Iteration 177
Elapsed time for kappa 31.5489 sec
Elapsed time for experts 12.4248 sec
Elapsed time for households 10.6151 sec
Iteration 178
Elapsed time for kappa 30.7783 sec
Elapsed time for experts 11.9728 sec
Elapsed time for households 10.7260 sec
Iteration 179
Elapsed time for kappa 30.3828 sec
Elapsed time for experts 12.4683 sec
Elapsed time for households 11.4593 sec
Iteration 180
Elapsed time for kappa 31.3351 sec
Elapsed time for experts 12.1426 sec
Elapsed time for households 17.4034 sec
Iteration 181
Elapsed time for kappa 32.4834 sec
Elapsed time for experts 12.8314 sec
Elapsed time for households 11.5572 sec
Iteration 182
Elapsed time for kappa 32.7349 sec
Elapsed time for experts 15.0261 sec
Elapsed time for households 11.5137 sec
Iteration 183
Elapsed time for kappa 31.4232 sec
Elapsed time for experts 12.5589 sec
Elapsed time for households 10.5016 sec
Iteration 184
Elapsed time for kappa 30.1141 sec
Elapsed time for experts 11.4793 sec
Elapsed time for households 10.6637 sec
Iteration 185
Elapsed time for kappa 29.9527 sec
Elapsed time for experts 11.9562 sec
Elapsed time for households 10.8576 sec
Iteration 186
Elapsed time for kappa 30.5669 sec
Elapsed time for experts 12.1333 sec
Elapsed time for households 10.4797 sec
Iteration 187
Elapsed time for kappa 40.0716 sec
Elapsed time for experts 12.9779 sec
Elapsed time for households 11.4758 sec
Iteration 188
Elapsed time for kappa 31.4691 sec
Elapsed time for experts 11.9876 sec
Elapsed time for households 11.2597 sec
Iteration 189
Elapsed time for kappa 31.3509 sec
Elapsed time for experts 13.4178 sec
Elapsed time for households 12.2194 sec
Iteration 190
Elapsed time for kappa 32.8815 sec
Elapsed time for experts 12.1209 sec
Elapsed time for households 11.7177 sec
Iteration 191
Elapsed time for kappa 30.2042 sec
Elapsed time for experts 12.5697 sec
Elapsed time for households 10.5647 sec
Iteration 192
Elapsed time for kappa 30.8402 sec
Elapsed time for experts 12.0398 sec
Elapsed time for households 16.7710 sec
Iteration 193
Elapsed time for kappa 32.0314 sec
Elapsed time for experts 12.3612 sec
Elapsed time for households 11.3548 sec
Iteration 194
Elapsed time for kappa 31.7158 sec
Elapsed time for experts 12.9885 sec
Elapsed time for households 11.2319 sec
Iteration 195
Elapsed time for kappa 31.8082 sec
Elapsed time for experts 12.2721 sec
Elapsed time for households 12.1735 sec
Iteration 196
Elapsed time for kappa 33.0242 sec
Elapsed time for experts 13.9318 sec
Elapsed time for households 11.8145 sec
Iteration 197
Elapsed time for kappa 30.6956 sec
Elapsed time for experts 11.8662 sec
Elapsed time for households 11.1718 sec
Iteration 198
Elapsed time for kappa 30.6933 sec
Elapsed time for experts 20.4206 sec
Elapsed time for households 12.1211 sec
Iteration 199
Elapsed time for kappa 32.1915 sec
Elapsed time for experts 12.7223 sec
Elapsed time for households 11.2714 sec
Iteration 200
Elapsed time for kappa 31.0003 sec
Elapsed time for experts 12.4110 sec
Elapsed time for households 11.2370 sec
Iteration 201
Elapsed time for kappa 32.3325 sec
Elapsed time for experts 12.3453 sec
Elapsed time for households 10.9395 sec
Iteration 202
Elapsed time for kappa 30.8986 sec
Elapsed time for experts 12.0008 sec
Elapsed time for households 11.4257 sec
Iteration 203
Elapsed time for kappa 32.6197 sec
Elapsed time for experts 14.1134 sec
Elapsed time for households 11.7919 sec
Iteration 204
Elapsed time for kappa 31.6204 sec
Elapsed time for experts 12.2909 sec
Elapsed time for households 17.8610 sec
Iteration 205
Elapsed time for kappa 33.8140 sec
Elapsed time for experts 13.9366 sec
Elapsed time for households 13.1030 sec
Iteration 206
Elapsed time for kappa 32.2959 sec
Elapsed time for experts 12.9895 sec
Elapsed time for households 11.3259 sec
Iteration 207
Elapsed time for kappa 32.8614 sec
Elapsed time for experts 12.5333 sec
Elapsed time for households 11.5933 sec
Iteration 208
Elapsed time for kappa 31.9515 sec
Elapsed time for experts 12.5844 sec
Elapsed time for households 11.9540 sec
Iteration 209
Elapsed time for kappa 31.2511 sec
Elapsed time for experts 12.6680 sec
Elapsed time for households 12.0273 sec
Iteration 210
Elapsed time for kappa 33.0313 sec
Elapsed time for experts 12.8752 sec
Elapsed time for households 19.1520 sec
Iteration 211
Elapsed time for kappa 33.4598 sec
Elapsed time for experts 13.8924 sec
Elapsed time for households 11.8978 sec
Iteration 212
Elapsed time for kappa 33.3392 sec
Elapsed time for experts 12.8790 sec
Elapsed time for households 11.7621 sec
Iteration 213
Elapsed time for kappa 33.5811 sec
Elapsed time for experts 13.4185 sec
Elapsed time for households 11.6072 sec
Iteration 214
Elapsed time for kappa 31.6443 sec
Elapsed time for experts 13.2609 sec
Elapsed time for households 11.4116 sec
Iteration 215
Elapsed time for kappa 31.6751 sec
Elapsed time for experts 12.9940 sec
Elapsed time for households 11.5204 sec
Iteration 216
Elapsed time for kappa 31.5782 sec
Elapsed time for experts 12.4874 sec
Elapsed time for households 10.8249 sec
Iteration 217
Elapsed time for kappa 40.0297 sec
Elapsed time for experts 13.5268 sec
Elapsed time for households 11.6579 sec
Iteration 218
Elapsed time for kappa 33.5546 sec
Elapsed time for experts 13.1729 sec
Elapsed time for households 11.3999 sec
Iteration 219
Elapsed time for kappa 32.9240 sec
Elapsed time for experts 13.4798 sec
Elapsed time for households 11.3125 sec
Iteration 220
Elapsed time for kappa 32.8708 sec
Elapsed time for experts 13.7286 sec
Elapsed time for households 11.8302 sec
Iteration 221
Elapsed time for kappa 31.7848 sec
Elapsed time for experts 12.9227 sec
Elapsed time for households 11.1991 sec
Iteration 222
Elapsed time for kappa 31.2531 sec
Elapsed time for experts 13.2105 sec
Elapsed time for households 17.0860 sec
Iteration 223
Elapsed time for kappa 33.1919 sec
Elapsed time for experts 14.9005 sec
Elapsed time for households 11.0470 sec
Iteration 224
Elapsed time for kappa 33.2808 sec
Elapsed time for experts 13.3683 sec
Elapsed time for households 12.8745 sec
Iteration 225
Elapsed time for kappa 33.2339 sec
Elapsed time for experts 14.6576 sec
Elapsed time for households 11.6616 sec
Iteration 226
Elapsed time for kappa 31.8929 sec
Elapsed time for experts 12.8331 sec
Elapsed time for households 11.1000 sec
Iteration 227
Elapsed time for kappa 30.6930 sec
Elapsed time for experts 12.9692 sec
Elapsed time for households 11.3619 sec
Iteration 228
Elapsed time for kappa 32.0011 sec
Elapsed time for experts 13.6555 sec
Elapsed time for households 18.2684 sec
Iteration 229
Elapsed time for kappa 33.0581 sec
Elapsed time for experts 13.3879 sec
Elapsed time for households 11.8803 sec
Iteration 230
Elapsed time for kappa 33.3042 sec
Elapsed time for experts 12.8785 sec
Elapsed time for households 11.7872 sec
Iteration 231
Elapsed time for kappa 33.0171 sec
Elapsed time for experts 13.6239 sec
Elapsed time for households 11.8959 sec
Iteration 232
Elapsed time for kappa 33.1446 sec
Elapsed time for experts 13.3360 sec
Elapsed time for households 12.4237 sec
Iteration 233
Elapsed time for kappa 31.7984 sec
Elapsed time for experts 14.1926 sec
Elapsed time for households 12.6447 sec
Iteration 234
Elapsed time for kappa 32.0955 sec
Elapsed time for experts 12.2689 sec
Elapsed time for households 10.8653 sec
Iteration 235
Elapsed time for kappa 40.2853 sec
Elapsed time for experts 14.0252 sec
Elapsed time for households 11.9831 sec
Iteration 236
Elapsed time for kappa 33.2409 sec
Elapsed time for experts 13.2816 sec
Elapsed time for households 13.0546 sec
Iteration 237
Elapsed time for kappa 32.3471 sec
Elapsed time for experts 13.1251 sec
Elapsed time for households 11.8908 sec
Iteration 238
Elapsed time for kappa 32.5397 sec
Elapsed time for experts 13.3657 sec
Elapsed time for households 11.8383 sec
Iteration 239
Elapsed time for kappa 32.5774 sec
Elapsed time for experts 12.3771 sec
Elapsed time for households 11.2444 sec
Iteration 240
Elapsed time for kappa 32.3404 sec
Elapsed time for experts 19.0982 sec
Elapsed time for households 12.7949 sec
Iteration 241
Elapsed time for kappa 34.6711 sec
Elapsed time for experts 14.0101 sec
Elapsed time for households 11.8071 sec
Iteration 242
Elapsed time for kappa 33.2925 sec
Elapsed time for experts 13.3544 sec
Elapsed time for households 12.1585 sec
Iteration 243
Elapsed time for kappa 33.8342 sec
Elapsed time for experts 13.6877 sec
Elapsed time for households 12.4090 sec
Iteration 244
Elapsed time for kappa 33.5310 sec
Elapsed time for experts 12.9632 sec
Elapsed time for households 10.7268 sec
Iteration 245
Elapsed time for kappa 31.7672 sec
Elapsed time for experts 12.1952 sec
Elapsed time for households 10.9376 sec
Iteration 246
Elapsed time for kappa 30.6084 sec
Elapsed time for experts 12.4946 sec
Elapsed time for households 18.7593 sec
Iteration 247
Elapsed time for kappa 33.6840 sec
Elapsed time for experts 12.4192 sec
Elapsed time for households 10.8341 sec
Iteration 248
Elapsed time for kappa 31.5227 sec
Elapsed time for experts 11.9878 sec
Elapsed time for households 10.9813 sec
Iteration 249
Elapsed time for kappa 31.1724 sec
Elapsed time for experts 12.0780 sec
Elapsed time for households 10.9047 sec
Iteration 250
Elapsed time for kappa 30.5445 sec
Elapsed time for experts 11.8903 sec
Elapsed time for households 10.7670 sec
Iteration 251
Elapsed time for kappa 30.3089 sec
Elapsed time for experts 11.4499 sec
Elapsed time for households 11.7937 sec
Iteration 252
Elapsed time for kappa 30.6405 sec
Elapsed time for experts 12.9006 sec
Elapsed time for households 17.8530 sec
Iteration 253
Elapsed time for kappa 32.9669 sec
Elapsed time for experts 12.9351 sec
Elapsed time for households 11.4310 sec
Iteration 254
Elapsed time for kappa 32.9104 sec
Elapsed time for experts 14.8161 sec
Elapsed time for households 11.3136 sec
Iteration 255
Elapsed time for kappa 31.5424 sec
Elapsed time for experts 12.0751 sec
Elapsed time for households 10.9150 sec
Iteration 256
Elapsed time for kappa 30.9912 sec
Elapsed time for experts 12.0223 sec
Elapsed time for households 10.4975 sec
Iteration 257
Elapsed time for kappa 30.6068 sec
Elapsed time for experts 11.6117 sec
Elapsed time for households 10.4897 sec
Iteration 258
Elapsed time for kappa 29.7460 sec
Elapsed time for experts 11.5895 sec
Elapsed time for households 10.4547 sec
Iteration 259
Elapsed time for kappa 38.8665 sec
Elapsed time for experts 13.0801 sec
Elapsed time for households 13.2229 sec
Iteration 260
Elapsed time for kappa 31.8729 sec
Elapsed time for experts 12.9033 sec
Elapsed time for households 11.4866 sec
Iteration 261
Elapsed time for kappa 32.7305 sec
Elapsed time for experts 12.2817 sec
Elapsed time for households 10.9834 sec
Iteration 262
Elapsed time for kappa 31.8424 sec
Elapsed time for experts 11.6619 sec
Elapsed time for households 10.8239 sec
Iteration 263
Elapsed time for kappa 30.4864 sec
Elapsed time for experts 11.9363 sec
Elapsed time for households 10.4976 sec
Iteration 264
Elapsed time for kappa 30.2561 sec
Elapsed time for experts 11.9638 sec
Elapsed time for households 17.8381 sec
Iteration 265
Elapsed time for kappa 32.7312 sec
Elapsed time for experts 12.5671 sec
Elapsed time for households 11.5253 sec
Iteration 266
Elapsed time for kappa 34.0285 sec
Elapsed time for experts 13.8835 sec
Elapsed time for households 12.7532 sec
Iteration 267
Elapsed time for kappa 32.6334 sec
Elapsed time for experts 12.7342 sec
Elapsed time for households 11.0340 sec
Iteration 268
Elapsed time for kappa 30.7334 sec
Elapsed time for experts 12.6629 sec
Elapsed time for households 11.3988 sec
Iteration 269
Elapsed time for kappa 31.9961 sec
Elapsed time for experts 11.9329 sec
Elapsed time for households 10.5827 sec
Iteration 270
Elapsed time for kappa 29.9606 sec
Elapsed time for experts 11.5988 sec
Elapsed time for households 10.4102 sec
Iteration 271
Elapsed time for kappa 38.6438 sec
Elapsed time for experts 12.4740 sec
Elapsed time for households 11.2772 sec
Iteration 272
Elapsed time for kappa 31.7866 sec
Elapsed time for experts 12.5564 sec
Elapsed time for households 11.9831 sec
Iteration 273
Elapsed time for kappa 33.1334 sec
Elapsed time for experts 12.4750 sec
Elapsed time for households 10.9398 sec
Iteration 274
Elapsed time for kappa 31.0430 sec
Elapsed time for experts 14.3036 sec
Elapsed time for households 11.4656 sec
Iteration 275
Elapsed time for kappa 31.0426 sec
Elapsed time for experts 12.5213 sec
Elapsed time for households 11.2399 sec
Iteration 276
Elapsed time for kappa 30.6987 sec
Elapsed time for experts 12.1823 sec
Elapsed time for households 10.6541 sec
Iteration 277
Elapsed time for kappa 37.5928 sec
Elapsed time for experts 12.1020 sec
Elapsed time for households 11.1325 sec
Iteration 278
Elapsed time for kappa 31.3482 sec
Elapsed time for experts 12.1542 sec
Elapsed time for households 11.1235 sec
Iteration 279
Elapsed time for kappa 31.7360 sec
Elapsed time for experts 13.5736 sec
Elapsed time for households 11.8632 sec
Iteration 280
Elapsed time for kappa 31.4772 sec
Elapsed time for experts 12.1982 sec
Elapsed time for households 10.8333 sec
Iteration 281
Elapsed time for kappa 30.5595 sec
Elapsed time for experts 11.8709 sec
Elapsed time for households 10.5690 sec
Iteration 282
Elapsed time for kappa 30.7104 sec
Elapsed time for experts 19.9126 sec
Elapsed time for households 13.8791 sec
Iteration 283
Elapsed time for kappa 33.6229 sec
Elapsed time for experts 12.4186 sec
Elapsed time for households 11.8644 sec
Iteration 284
Elapsed time for kappa 32.1885 sec
Elapsed time for experts 13.5295 sec
Elapsed time for households 11.4137 sec
Iteration 285
Elapsed time for kappa 31.7906 sec
Elapsed time for experts 12.7248 sec
Elapsed time for households 11.2987 sec
Iteration 286
Elapsed time for kappa 30.7842 sec
Elapsed time for experts 12.0286 sec
Elapsed time for households 10.7952 sec
Iteration 287
Elapsed time for kappa 30.8695 sec
Elapsed time for experts 11.7424 sec
Elapsed time for households 11.3987 sec
Iteration 288
Elapsed time for kappa 29.9370 sec
Elapsed time for experts 11.6140 sec
Elapsed time for households 17.4138 sec
Iteration 289
Elapsed time for kappa 33.0064 sec
Elapsed time for experts 13.5392 sec
Elapsed time for households 12.9158 sec
Iteration 290
Elapsed time for kappa 32.4515 sec
Elapsed time for experts 13.0056 sec
Elapsed time for households 19.5979 sec
Iteration 291
Elapsed time for kappa 32.1355 sec
Elapsed time for experts 12.1799 sec
Elapsed time for households 10.8448 sec
Iteration 292
Elapsed time for kappa 31.0324 sec
Elapsed time for experts 13.3862 sec
Elapsed time for households 10.8556 sec
Iteration 293
Elapsed time for kappa 30.8849 sec
Elapsed time for experts 12.3518 sec
Elapsed time for households 11.7081 sec
Iteration 294
Elapsed time for kappa 29.8528 sec
Elapsed time for experts 12.9559 sec
Elapsed time for households 17.4933 sec
Iteration 295
Elapsed time for kappa 31.8557 sec
Elapsed time for experts 13.1645 sec
Elapsed time for households 11.4541 sec
Iteration 296
Elapsed time for kappa 31.5261 sec
Elapsed time for experts 12.9352 sec
Elapsed time for households 11.5215 sec
Iteration 297
Elapsed time for kappa 33.1109 sec
Elapsed time for experts 12.8104 sec
Elapsed time for households 12.3660 sec
Iteration 298
Elapsed time for kappa 33.1229 sec
Elapsed time for experts 13.3708 sec
Elapsed time for households 10.9522 sec
Iteration 299
Elapsed time for kappa 30.5977 sec
Elapsed time for experts 12.1295 sec
Elapsed time for households 10.8905 sec
Elapsed time for training 17419.5932 sec
