Iteration 0
Elapsed time for kappa 68.6537 sec
Elapsed time for experts 19.6593 sec
Elapsed time for households 16.2337 sec
Iteration 1
Elapsed time for kappa 35.8990 sec
Elapsed time for experts 14.0341 sec
Elapsed time for households 12.8748 sec
Iteration 2
Elapsed time for kappa 37.3698 sec
Elapsed time for experts 14.0956 sec
Elapsed time for households 12.9202 sec
Iteration 3
Elapsed time for kappa 33.8076 sec
Elapsed time for experts 14.2934 sec
Elapsed time for households 12.8351 sec
Iteration 4
Elapsed time for kappa 33.7738 sec
Elapsed time for experts 14.8016 sec
Elapsed time for households 13.0963 sec
Iteration 5
Elapsed time for kappa 34.4403 sec
Elapsed time for experts 14.0916 sec
Elapsed time for households 12.7541 sec
Iteration 6
Elapsed time for kappa 33.9428 sec
Elapsed time for experts 15.3146 sec
Elapsed time for households 12.3644 sec
Iteration 7
Elapsed time for kappa 34.2988 sec
Elapsed time for experts 13.5045 sec
Elapsed time for households 19.2541 sec
Iteration 8
Elapsed time for kappa 39.0993 sec
Elapsed time for experts 16.1335 sec
Elapsed time for households 12.5679 sec
Iteration 9
Elapsed time for kappa 34.9956 sec
Elapsed time for experts 12.8434 sec
Elapsed time for households 11.4756 sec
Iteration 10
Elapsed time for kappa 33.2257 sec
Elapsed time for experts 13.0492 sec
Elapsed time for households 11.6459 sec
Iteration 11
Elapsed time for kappa 33.3933 sec
Elapsed time for experts 14.8787 sec
Elapsed time for households 12.2075 sec
Iteration 12
Elapsed time for kappa 37.5157 sec
Elapsed time for experts 13.8291 sec
Elapsed time for households 12.8273 sec
Iteration 13
Elapsed time for kappa 34.6094 sec
Elapsed time for experts 13.8041 sec
Elapsed time for households 18.9696 sec
Iteration 14
Elapsed time for kappa 33.8028 sec
Elapsed time for experts 13.5136 sec
Elapsed time for households 13.3184 sec
Iteration 15
Elapsed time for kappa 34.3087 sec
Elapsed time for experts 12.6942 sec
Elapsed time for households 11.2473 sec
Iteration 16
Elapsed time for kappa 33.4740 sec
Elapsed time for experts 15.2910 sec
Elapsed time for households 11.7247 sec
Iteration 17
Elapsed time for kappa 33.8561 sec
Elapsed time for experts 12.7942 sec
Elapsed time for households 11.4254 sec
Iteration 18
Elapsed time for kappa 33.7318 sec
Elapsed time for experts 13.0580 sec
Elapsed time for households 11.1746 sec
Iteration 19
Elapsed time for kappa 33.5145 sec
Elapsed time for experts 20.4790 sec
Elapsed time for households 12.4275 sec
Iteration 20
Elapsed time for kappa 39.0778 sec
Elapsed time for experts 13.7611 sec
Elapsed time for households 13.3136 sec
Iteration 21
Elapsed time for kappa 34.4200 sec
Elapsed time for experts 15.7628 sec
Elapsed time for households 11.7107 sec
Iteration 22
Elapsed time for kappa 33.5898 sec
Elapsed time for experts 13.2075 sec
Elapsed time for households 11.3723 sec
Iteration 23
Elapsed time for kappa 33.2957 sec
Elapsed time for experts 15.3173 sec
Elapsed time for households 13.5197 sec
Iteration 24
Elapsed time for kappa 35.4143 sec
Elapsed time for experts 12.8341 sec
Elapsed time for households 13.2307 sec
Iteration 25
Elapsed time for kappa 34.5560 sec
Elapsed time for experts 20.3437 sec
Elapsed time for households 11.2443 sec
Iteration 26
Elapsed time for kappa 37.6649 sec
Elapsed time for experts 12.8535 sec
Elapsed time for households 13.0595 sec
Iteration 27
Elapsed time for kappa 34.3195 sec
Elapsed time for experts 15.0058 sec
Elapsed time for households 12.7439 sec
Iteration 28
Elapsed time for kappa 33.9764 sec
Elapsed time for experts 11.7830 sec
Elapsed time for households 10.4841 sec
Iteration 29
Elapsed time for kappa 33.3852 sec
Elapsed time for experts 12.6715 sec
Elapsed time for households 11.9604 sec
Iteration 30
Elapsed time for kappa 33.6822 sec
Elapsed time for experts 12.8831 sec
Elapsed time for households 10.9785 sec
Iteration 31
Elapsed time for kappa 33.4610 sec
Elapsed time for experts 19.9847 sec
Elapsed time for households 11.7530 sec
Iteration 32
Elapsed time for kappa 33.1621 sec
Elapsed time for experts 12.9267 sec
Elapsed time for households 10.9972 sec
Iteration 33
Elapsed time for kappa 32.6078 sec
Elapsed time for experts 12.1575 sec
Elapsed time for households 10.8610 sec
Iteration 34
Elapsed time for kappa 31.9034 sec
Elapsed time for experts 11.9068 sec
Elapsed time for households 11.0740 sec
Iteration 35
Elapsed time for kappa 32.2684 sec
Elapsed time for experts 12.7466 sec
Elapsed time for households 11.6810 sec
Iteration 36
Elapsed time for kappa 32.6521 sec
Elapsed time for experts 12.0978 sec
Elapsed time for households 11.5937 sec
Iteration 37
Elapsed time for kappa 39.3063 sec
Elapsed time for experts 13.0583 sec
Elapsed time for households 11.1756 sec
Iteration 38
Elapsed time for kappa 32.5303 sec
Elapsed time for experts 12.2622 sec
Elapsed time for households 14.1927 sec
Iteration 39
Elapsed time for kappa 35.3170 sec
Elapsed time for experts 11.7046 sec
Elapsed time for households 10.7898 sec
Iteration 40
Elapsed time for kappa 32.1367 sec
Elapsed time for experts 11.5256 sec
Elapsed time for households 10.8147 sec
Iteration 41
Elapsed time for kappa 33.4253 sec
Elapsed time for experts 15.2478 sec
Elapsed time for households 12.6206 sec
Iteration 42
Elapsed time for kappa 35.2270 sec
Elapsed time for experts 12.4318 sec
Elapsed time for households 13.2928 sec
Iteration 43
Elapsed time for kappa 41.7157 sec
Elapsed time for experts 12.9133 sec
Elapsed time for households 11.1619 sec
Iteration 44
Elapsed time for kappa 32.7695 sec
Elapsed time for experts 15.7043 sec
Elapsed time for households 11.6839 sec
Iteration 45
Elapsed time for kappa 36.0788 sec
Elapsed time for experts 14.7275 sec
Elapsed time for households 12.4910 sec
Iteration 46
Elapsed time for kappa 32.6161 sec
Elapsed time for experts 11.7350 sec
Elapsed time for households 14.5159 sec
Iteration 47
Elapsed time for kappa 34.0704 sec
Elapsed time for experts 11.6169 sec
Elapsed time for households 11.0397 sec
Iteration 48
Elapsed time for kappa 33.4136 sec
Elapsed time for experts 15.4757 sec
Elapsed time for households 11.4596 sec
Iteration 49
Elapsed time for kappa 39.9697 sec
Elapsed time for experts 13.4647 sec
Elapsed time for households 11.9388 sec
Iteration 50
Elapsed time for kappa 35.1690 sec
Elapsed time for experts 14.6770 sec
Elapsed time for households 13.0619 sec
Iteration 51
Elapsed time for kappa 36.0286 sec
Elapsed time for experts 12.8260 sec
Elapsed time for households 10.5618 sec
Iteration 52
Elapsed time for kappa 31.8465 sec
Elapsed time for experts 15.0938 sec
Elapsed time for households 11.6555 sec
Iteration 53
Elapsed time for kappa 35.2649 sec
Elapsed time for experts 12.0334 sec
Elapsed time for households 10.3986 sec
Iteration 54
Elapsed time for kappa 33.0965 sec
Elapsed time for experts 11.5998 sec
Elapsed time for households 10.3989 sec
Iteration 55
Elapsed time for kappa 38.5571 sec
Elapsed time for experts 16.3686 sec
Elapsed time for households 11.6339 sec
Iteration 56
Elapsed time for kappa 31.9625 sec
Elapsed time for experts 12.7781 sec
Elapsed time for households 14.7586 sec
Iteration 57
Elapsed time for kappa 33.7629 sec
Elapsed time for experts 12.2746 sec
Elapsed time for households 10.9619 sec
Iteration 58
Elapsed time for kappa 30.7656 sec
Elapsed time for experts 12.9853 sec
Elapsed time for households 10.8544 sec
Iteration 59
Elapsed time for kappa 30.9267 sec
Elapsed time for experts 14.9249 sec
Elapsed time for households 12.7693 sec
Iteration 60
Elapsed time for kappa 33.4271 sec
Elapsed time for experts 14.8207 sec
Elapsed time for households 12.5162 sec
Iteration 61
Elapsed time for kappa 38.4554 sec
Elapsed time for experts 13.1998 sec
Elapsed time for households 11.3716 sec
Iteration 62
Elapsed time for kappa 31.0085 sec
Elapsed time for experts 15.3492 sec
Elapsed time for households 14.4117 sec
Iteration 63
Elapsed time for kappa 30.6348 sec
Elapsed time for experts 12.1009 sec
Elapsed time for households 11.0649 sec
Iteration 64
Elapsed time for kappa 30.4584 sec
Elapsed time for experts 11.4277 sec
Elapsed time for households 10.5750 sec
Iteration 65
Elapsed time for kappa 33.9283 sec
Elapsed time for experts 12.0136 sec
Elapsed time for households 13.0099 sec
Iteration 66
Elapsed time for kappa 32.7238 sec
Elapsed time for experts 11.6725 sec
Elapsed time for households 10.2529 sec
Iteration 67
Elapsed time for kappa 38.0572 sec
Elapsed time for experts 12.0775 sec
Elapsed time for households 10.9401 sec
Iteration 68
Elapsed time for kappa 31.7375 sec
Elapsed time for experts 12.0147 sec
Elapsed time for households 10.4044 sec
Iteration 69
Elapsed time for kappa 30.3523 sec
Elapsed time for experts 12.1930 sec
Elapsed time for households 10.5204 sec
Iteration 70
Elapsed time for kappa 30.4344 sec
Elapsed time for experts 11.8721 sec
Elapsed time for households 10.6277 sec
Iteration 71
Elapsed time for kappa 30.6134 sec
Elapsed time for experts 11.5633 sec
Elapsed time for households 11.0387 sec
Iteration 72
Elapsed time for kappa 30.4789 sec
Elapsed time for experts 11.8222 sec
Elapsed time for households 16.0201 sec
Iteration 73
Elapsed time for kappa 31.8094 sec
Elapsed time for experts 12.2608 sec
Elapsed time for households 10.8043 sec
Iteration 74
Elapsed time for kappa 30.7939 sec
Elapsed time for experts 11.6252 sec
Elapsed time for households 10.4056 sec
Iteration 75
Elapsed time for kappa 31.2197 sec
Elapsed time for experts 12.0806 sec
Elapsed time for households 10.2609 sec
Iteration 76
Elapsed time for kappa 30.0499 sec
Elapsed time for experts 15.0429 sec
Elapsed time for households 11.8915 sec
Iteration 77
Elapsed time for kappa 30.8476 sec
Elapsed time for experts 12.0641 sec
Elapsed time for households 11.0418 sec
Iteration 78
Elapsed time for kappa 29.6695 sec
Elapsed time for experts 11.7728 sec
Elapsed time for households 17.1316 sec
Iteration 79
Elapsed time for kappa 31.5042 sec
Elapsed time for experts 15.1042 sec
Elapsed time for households 12.4298 sec
Iteration 80
Elapsed time for kappa 31.5379 sec
Elapsed time for experts 11.7846 sec
Elapsed time for households 11.1396 sec
Iteration 81
Elapsed time for kappa 30.2793 sec
Elapsed time for experts 11.7266 sec
Elapsed time for households 10.6166 sec
Iteration 82
Elapsed time for kappa 30.6294 sec
Elapsed time for experts 15.3624 sec
Elapsed time for households 13.0534 sec
Iteration 83
Elapsed time for kappa 31.2204 sec
Elapsed time for experts 11.6939 sec
Elapsed time for households 11.3768 sec
Iteration 84
Elapsed time for kappa 36.7700 sec
Elapsed time for experts 13.1553 sec
Elapsed time for households 11.7091 sec
Iteration 85
Elapsed time for kappa 40.3685 sec
Elapsed time for experts 12.1661 sec
Elapsed time for households 10.7600 sec
Iteration 86
Elapsed time for kappa 31.2262 sec
Elapsed time for experts 12.0794 sec
Elapsed time for households 10.5419 sec
Iteration 87
Elapsed time for kappa 31.2053 sec
Elapsed time for experts 12.0112 sec
Elapsed time for households 10.3525 sec
Iteration 88
Elapsed time for kappa 30.2248 sec
Elapsed time for experts 12.7253 sec
Elapsed time for households 10.4594 sec
Iteration 89
Elapsed time for kappa 30.0032 sec
Elapsed time for experts 12.2520 sec
Elapsed time for households 10.2934 sec
Iteration 90
Elapsed time for kappa 34.9099 sec
Elapsed time for experts 14.5499 sec
Elapsed time for households 19.2354 sec
Iteration 91
Elapsed time for kappa 31.4273 sec
Elapsed time for experts 12.8358 sec
Elapsed time for households 11.2165 sec
Iteration 92
Elapsed time for kappa 30.6792 sec
Elapsed time for experts 11.5455 sec
Elapsed time for households 10.6980 sec
Iteration 93
Elapsed time for kappa 30.4238 sec
Elapsed time for experts 15.2059 sec
Elapsed time for households 11.4781 sec
Iteration 94
Elapsed time for kappa 31.5185 sec
Elapsed time for experts 13.3113 sec
Elapsed time for households 10.5187 sec
Iteration 95
Elapsed time for kappa 30.4660 sec
Elapsed time for experts 11.6211 sec
Elapsed time for households 13.2297 sec
Iteration 96
Elapsed time for kappa 32.7142 sec
Elapsed time for experts 19.1401 sec
Elapsed time for households 11.3413 sec
Iteration 97
Elapsed time for kappa 31.7422 sec
Elapsed time for experts 15.8517 sec
Elapsed time for households 12.5536 sec
Iteration 98
Elapsed time for kappa 35.9656 sec
Elapsed time for experts 15.6477 sec
Elapsed time for households 12.6833 sec
Iteration 99
Elapsed time for kappa 31.7872 sec
Elapsed time for experts 15.6742 sec
Elapsed time for households 11.4815 sec
Iteration 100
Elapsed time for kappa 29.8846 sec
Elapsed time for experts 15.2531 sec
Elapsed time for households 10.5450 sec
Iteration 101
Elapsed time for kappa 30.2881 sec
Elapsed time for experts 15.3920 sec
Elapsed time for households 12.2490 sec
Iteration 102
Elapsed time for kappa 30.6733 sec
Elapsed time for experts 23.3231 sec
Elapsed time for households 11.0687 sec
Iteration 103
Elapsed time for kappa 36.5017 sec
Elapsed time for experts 12.5286 sec
Elapsed time for households 10.8908 sec
Iteration 104
Elapsed time for kappa 30.6302 sec
Elapsed time for experts 12.5893 sec
Elapsed time for households 14.0943 sec
Iteration 105
Elapsed time for kappa 31.2855 sec
Elapsed time for experts 16.2369 sec
Elapsed time for households 12.9936 sec
Iteration 106
Elapsed time for kappa 30.3172 sec
Elapsed time for experts 12.6433 sec
Elapsed time for households 10.8570 sec
Iteration 107
Elapsed time for kappa 29.6808 sec
Elapsed time for experts 11.5099 sec
Elapsed time for households 10.6545 sec
Iteration 108
Elapsed time for kappa 30.2951 sec
Elapsed time for experts 17.6019 sec
Elapsed time for households 11.4104 sec
Iteration 109
Elapsed time for kappa 31.7240 sec
Elapsed time for experts 12.0162 sec
Elapsed time for households 14.2791 sec
Iteration 110
Elapsed time for kappa 34.5380 sec
Elapsed time for experts 15.3162 sec
Elapsed time for households 12.5931 sec
Iteration 111
Elapsed time for kappa 34.4944 sec
Elapsed time for experts 11.6267 sec
Elapsed time for households 13.9281 sec
Iteration 112
Elapsed time for kappa 33.7478 sec
Elapsed time for experts 11.5945 sec
Elapsed time for households 10.5656 sec
Iteration 113
Elapsed time for kappa 30.3414 sec
Elapsed time for experts 13.4548 sec
Elapsed time for households 11.0740 sec
Iteration 114
Elapsed time for kappa 34.8751 sec
Elapsed time for experts 22.6417 sec
Elapsed time for households 11.0385 sec
Iteration 115
Elapsed time for kappa 31.7799 sec
Elapsed time for experts 12.4012 sec
Elapsed time for households 10.7219 sec
Iteration 116
Elapsed time for kappa 30.6793 sec
Elapsed time for experts 12.4351 sec
Elapsed time for households 10.6632 sec
Iteration 117
Elapsed time for kappa 30.1000 sec
Elapsed time for experts 11.7185 sec
Elapsed time for households 11.1002 sec
Iteration 118
Elapsed time for kappa 30.2039 sec
Elapsed time for experts 15.1514 sec
Elapsed time for households 13.5719 sec
Iteration 119
Elapsed time for kappa 30.9465 sec
Elapsed time for experts 11.5820 sec
Elapsed time for households 10.8031 sec
Iteration 120
Elapsed time for kappa 37.6198 sec
Elapsed time for experts 12.1766 sec
Elapsed time for households 10.9833 sec
Iteration 121
Elapsed time for kappa 31.7802 sec
Elapsed time for experts 15.6859 sec
Elapsed time for households 11.8522 sec
Iteration 122
Elapsed time for kappa 35.6374 sec
Elapsed time for experts 11.5896 sec
Elapsed time for households 10.5838 sec
Iteration 123
Elapsed time for kappa 31.1912 sec
Elapsed time for experts 11.8603 sec
Elapsed time for households 10.3424 sec
Iteration 124
Elapsed time for kappa 30.7888 sec
Elapsed time for experts 14.8743 sec
Elapsed time for households 11.3347 sec
Iteration 125
Elapsed time for kappa 32.0796 sec
Elapsed time for experts 14.8040 sec
Elapsed time for households 10.7534 sec
Iteration 126
Elapsed time for kappa 42.4956 sec
Elapsed time for experts 12.5654 sec
Elapsed time for households 10.6976 sec
Iteration 127
Elapsed time for kappa 30.9542 sec
Elapsed time for experts 15.6577 sec
Elapsed time for households 11.1966 sec
Iteration 128
Elapsed time for kappa 35.4462 sec
Elapsed time for experts 15.3317 sec
Elapsed time for households 11.4642 sec
Iteration 129
Elapsed time for kappa 33.7839 sec
Elapsed time for experts 15.1957 sec
Elapsed time for households 11.9297 sec
Iteration 130
Elapsed time for kappa 31.2237 sec
Elapsed time for experts 12.2960 sec
Elapsed time for households 10.5328 sec
Iteration 131
Elapsed time for kappa 34.4891 sec
Elapsed time for experts 15.3460 sec
Elapsed time for households 11.9536 sec
Iteration 132
Elapsed time for kappa 39.3998 sec
Elapsed time for experts 12.4549 sec
Elapsed time for households 14.1080 sec
Iteration 133
Elapsed time for kappa 34.2738 sec
Elapsed time for experts 13.0001 sec
Elapsed time for households 10.9095 sec
Iteration 134
Elapsed time for kappa 30.3261 sec
Elapsed time for experts 11.9088 sec
Elapsed time for households 14.1592 sec
Iteration 135
Elapsed time for kappa 31.8803 sec
Elapsed time for experts 14.9053 sec
Elapsed time for households 11.2099 sec
Iteration 136
Elapsed time for kappa 33.0780 sec
Elapsed time for experts 11.9820 sec
Elapsed time for households 14.4003 sec
Iteration 137
Elapsed time for kappa 33.0003 sec
Elapsed time for experts 11.5632 sec
Elapsed time for households 14.0268 sec
Iteration 138
Elapsed time for kappa 40.8624 sec
Elapsed time for experts 12.5470 sec
Elapsed time for households 12.0624 sec
Iteration 139
Elapsed time for kappa 31.3130 sec
Elapsed time for experts 16.8482 sec
Elapsed time for households 13.4955 sec
Iteration 140
Elapsed time for kappa 36.4184 sec
Elapsed time for experts 16.3149 sec
Elapsed time for households 14.7874 sec
Iteration 141
Elapsed time for kappa 30.6565 sec
Elapsed time for experts 11.5796 sec
Elapsed time for households 13.5890 sec
Iteration 142
Elapsed time for kappa 33.0183 sec
Elapsed time for experts 11.6426 sec
Elapsed time for households 10.4479 sec
Iteration 143
Elapsed time for kappa 30.1960 sec
Elapsed time for experts 11.3643 sec
Elapsed time for households 10.5326 sec
Iteration 144
Elapsed time for kappa 42.8728 sec
Elapsed time for experts 12.9360 sec
Elapsed time for households 15.4703 sec
Iteration 145
Elapsed time for kappa 33.1883 sec
Elapsed time for experts 12.1381 sec
Elapsed time for households 11.8524 sec
Iteration 146
Elapsed time for kappa 34.5909 sec
Elapsed time for experts 15.2616 sec
Elapsed time for households 11.3211 sec
Iteration 147
Elapsed time for kappa 30.8456 sec
Elapsed time for experts 12.0653 sec
Elapsed time for households 13.9239 sec
Iteration 148
Elapsed time for kappa 33.8000 sec
Elapsed time for experts 16.3863 sec
Elapsed time for households 11.7548 sec
Iteration 149
Elapsed time for kappa 34.4018 sec
Elapsed time for experts 13.0194 sec
Elapsed time for households 13.8174 sec
Iteration 150
Elapsed time for kappa 40.3662 sec
Elapsed time for experts 12.5740 sec
Elapsed time for households 11.2739 sec
Iteration 151
Elapsed time for kappa 32.0870 sec
Elapsed time for experts 12.8307 sec
Elapsed time for households 10.9068 sec
Iteration 152
Elapsed time for kappa 30.9774 sec
Elapsed time for experts 12.6621 sec
Elapsed time for households 11.7164 sec
Iteration 153
Elapsed time for kappa 30.1285 sec
Elapsed time for experts 12.3002 sec
Elapsed time for households 10.9381 sec
Iteration 154
Elapsed time for kappa 34.7735 sec
Elapsed time for experts 11.7201 sec
Elapsed time for households 13.6178 sec
Iteration 155
Elapsed time for kappa 31.4572 sec
Elapsed time for experts 11.8130 sec
Elapsed time for households 10.2845 sec
Iteration 156
Elapsed time for kappa 42.2480 sec
Elapsed time for experts 16.0507 sec
Elapsed time for households 12.9677 sec
Iteration 157
Elapsed time for kappa 31.9213 sec
Elapsed time for experts 12.4190 sec
Elapsed time for households 11.6931 sec
Iteration 158
Elapsed time for kappa 35.2283 sec
Elapsed time for experts 12.5846 sec
Elapsed time for households 13.8399 sec
Iteration 159
Elapsed time for kappa 32.6721 sec
Elapsed time for experts 12.7095 sec
Elapsed time for households 10.8426 sec
Iteration 160
Elapsed time for kappa 30.8421 sec
Elapsed time for experts 11.8324 sec
Elapsed time for households 10.5095 sec
Iteration 161
Elapsed time for kappa 30.2603 sec
Elapsed time for experts 17.7592 sec
Elapsed time for households 11.3365 sec
Iteration 162
Elapsed time for kappa 36.1862 sec
Elapsed time for experts 15.5426 sec
Elapsed time for households 11.8736 sec
Iteration 163
Elapsed time for kappa 34.8698 sec
Elapsed time for experts 12.1341 sec
Elapsed time for households 10.5801 sec
Iteration 164
Elapsed time for kappa 31.2606 sec
Elapsed time for experts 12.3511 sec
Elapsed time for households 10.3033 sec
Iteration 165
Elapsed time for kappa 35.5572 sec
Elapsed time for experts 11.9360 sec
Elapsed time for households 13.7284 sec
Iteration 166
Elapsed time for kappa 30.9153 sec
Elapsed time for experts 12.2493 sec
Elapsed time for households 10.4386 sec
Iteration 167
Elapsed time for kappa 29.9864 sec
Elapsed time for experts 11.9380 sec
Elapsed time for households 18.6601 sec
Iteration 168
Elapsed time for kappa 31.6668 sec
Elapsed time for experts 12.2661 sec
Elapsed time for households 11.1781 sec
Iteration 169
Elapsed time for kappa 31.4329 sec
Elapsed time for experts 16.5814 sec
Elapsed time for households 11.9886 sec
Iteration 170
Elapsed time for kappa 35.7760 sec
Elapsed time for experts 12.1780 sec
Elapsed time for households 10.6043 sec
Iteration 171
Elapsed time for kappa 30.8134 sec
Elapsed time for experts 11.6934 sec
Elapsed time for households 10.4150 sec
Iteration 172
Elapsed time for kappa 30.2487 sec
Elapsed time for experts 11.6714 sec
Elapsed time for households 10.2381 sec
Iteration 173
Elapsed time for kappa 34.1111 sec
Elapsed time for experts 12.5801 sec
Elapsed time for households 17.1866 sec
Iteration 174
Elapsed time for kappa 32.1291 sec
Elapsed time for experts 16.3415 sec
Elapsed time for households 11.7789 sec
Iteration 175
Elapsed time for kappa 36.0457 sec
Elapsed time for experts 16.1798 sec
Elapsed time for households 11.8590 sec
Iteration 176
Elapsed time for kappa 32.8824 sec
Elapsed time for experts 12.3504 sec
Elapsed time for households 13.5656 sec
Iteration 177
Elapsed time for kappa 32.9651 sec
Elapsed time for experts 15.8803 sec
Elapsed time for households 13.9780 sec
Iteration 178
Elapsed time for kappa 30.2859 sec
Elapsed time for experts 15.7056 sec
Elapsed time for households 13.2039 sec
Iteration 179
Elapsed time for kappa 30.6021 sec
Elapsed time for experts 12.2632 sec
Elapsed time for households 10.8611 sec
Iteration 180
Elapsed time for kappa 38.1516 sec
Elapsed time for experts 14.0180 sec
Elapsed time for households 11.0638 sec
Iteration 181
Elapsed time for kappa 35.6864 sec
Elapsed time for experts 16.8076 sec
Elapsed time for households 11.7311 sec
Iteration 182
Elapsed time for kappa 36.3796 sec
Elapsed time for experts 17.1219 sec
Elapsed time for households 13.8201 sec
Iteration 183
Elapsed time for kappa 31.2387 sec
Elapsed time for experts 12.3275 sec
Elapsed time for households 11.0690 sec
Iteration 184
Elapsed time for kappa 35.6148 sec
Elapsed time for experts 15.9935 sec
Elapsed time for households 13.1098 sec
Iteration 185
Elapsed time for kappa 30.2950 sec
Elapsed time for experts 11.8392 sec
Elapsed time for households 10.8678 sec
Iteration 186
Elapsed time for kappa 37.6024 sec
Elapsed time for experts 12.6794 sec
Elapsed time for households 11.7959 sec
Iteration 187
Elapsed time for kappa 35.5861 sec
Elapsed time for experts 16.1064 sec
Elapsed time for households 14.9459 sec
Iteration 188
Elapsed time for kappa 35.0635 sec
Elapsed time for experts 12.0968 sec
Elapsed time for households 11.1974 sec
Iteration 189
Elapsed time for kappa 30.3550 sec
Elapsed time for experts 12.1768 sec
Elapsed time for households 14.1605 sec
Iteration 190
Elapsed time for kappa 31.0904 sec
Elapsed time for experts 12.2755 sec
Elapsed time for households 13.1025 sec
Iteration 191
Elapsed time for kappa 31.3202 sec
Elapsed time for experts 22.5502 sec
Elapsed time for households 11.5331 sec
Iteration 192
Elapsed time for kappa 32.0563 sec
Elapsed time for experts 11.9784 sec
Elapsed time for households 11.1665 sec
Iteration 193
Elapsed time for kappa 31.3643 sec
Elapsed time for experts 12.1021 sec
Elapsed time for households 10.7717 sec
Iteration 194
Elapsed time for kappa 31.1942 sec
Elapsed time for experts 12.2068 sec
Elapsed time for households 10.5423 sec
Iteration 195
Elapsed time for kappa 30.9026 sec
Elapsed time for experts 12.0177 sec
Elapsed time for households 10.3934 sec
Iteration 196
Elapsed time for kappa 30.1338 sec
Elapsed time for experts 11.9916 sec
Elapsed time for households 10.8732 sec
Iteration 197
Elapsed time for kappa 34.2753 sec
Elapsed time for experts 14.7704 sec
Elapsed time for households 20.2816 sec
Iteration 198
Elapsed time for kappa 31.5449 sec
Elapsed time for experts 12.4423 sec
Elapsed time for households 11.3029 sec
Iteration 199
Elapsed time for kappa 31.4511 sec
Elapsed time for experts 16.5728 sec
Elapsed time for households 13.8381 sec
Iteration 200
Elapsed time for kappa 35.1519 sec
Elapsed time for experts 12.0744 sec
Elapsed time for households 11.7488 sec
Iteration 201
Elapsed time for kappa 34.0970 sec
Elapsed time for experts 15.3753 sec
Elapsed time for households 11.6958 sec
Iteration 202
Elapsed time for kappa 29.9438 sec
Elapsed time for experts 14.6389 sec
Elapsed time for households 10.7193 sec
Iteration 203
Elapsed time for kappa 31.1721 sec
Elapsed time for experts 11.3786 sec
Elapsed time for households 17.8690 sec
Iteration 204
Elapsed time for kappa 32.5170 sec
Elapsed time for experts 11.9423 sec
Elapsed time for households 10.6376 sec
Iteration 205
Elapsed time for kappa 31.4222 sec
Elapsed time for experts 15.8928 sec
Elapsed time for households 12.2565 sec
Iteration 206
Elapsed time for kappa 35.9552 sec
Elapsed time for experts 11.8936 sec
Elapsed time for households 10.6429 sec
Iteration 207
Elapsed time for kappa 35.0408 sec
Elapsed time for experts 11.6662 sec
Elapsed time for households 13.6246 sec
Iteration 208
Elapsed time for kappa 31.3490 sec
Elapsed time for experts 11.9612 sec
Elapsed time for households 10.3599 sec
Iteration 209
Elapsed time for kappa 30.1706 sec
Elapsed time for experts 11.7707 sec
Elapsed time for households 12.8673 sec
Iteration 210
Elapsed time for kappa 40.7329 sec
Elapsed time for experts 13.2342 sec
Elapsed time for households 11.3311 sec
Iteration 211
Elapsed time for kappa 31.2737 sec
Elapsed time for experts 12.4042 sec
Elapsed time for households 12.5610 sec
Iteration 212
Elapsed time for kappa 31.0828 sec
Elapsed time for experts 16.2029 sec
Elapsed time for households 12.9988 sec
Iteration 213
Elapsed time for kappa 31.3960 sec
Elapsed time for experts 16.0332 sec
Elapsed time for households 11.3330 sec
Iteration 214
Elapsed time for kappa 30.3279 sec
Elapsed time for experts 15.4811 sec
Elapsed time for households 13.7921 sec
Iteration 215
Elapsed time for kappa 34.6125 sec
Elapsed time for experts 15.1576 sec
Elapsed time for households 18.1747 sec
Iteration 216
Elapsed time for kappa 32.0674 sec
Elapsed time for experts 13.1909 sec
Elapsed time for households 10.9870 sec
Iteration 217
Elapsed time for kappa 35.7523 sec
Elapsed time for experts 15.9457 sec
Elapsed time for households 11.5354 sec
Iteration 218
Elapsed time for kappa 31.3264 sec
Elapsed time for experts 12.7992 sec
Elapsed time for households 14.6158 sec
Iteration 219
Elapsed time for kappa 30.8840 sec
Elapsed time for experts 12.8762 sec
Elapsed time for households 13.9323 sec
Iteration 220
Elapsed time for kappa 32.1252 sec
Elapsed time for experts 11.1932 sec
Elapsed time for households 10.3516 sec
Iteration 221
Elapsed time for kappa 30.5745 sec
Elapsed time for experts 11.1980 sec
Elapsed time for households 10.0830 sec
Iteration 222
Elapsed time for kappa 39.5921 sec
Elapsed time for experts 17.7820 sec
Elapsed time for households 13.1593 sec
Iteration 223
Elapsed time for kappa 32.1914 sec
Elapsed time for experts 15.8072 sec
Elapsed time for households 13.8551 sec
Iteration 224
Elapsed time for kappa 32.3759 sec
Elapsed time for experts 12.6695 sec
Elapsed time for households 14.0294 sec
Iteration 225
Elapsed time for kappa 34.2645 sec
Elapsed time for experts 12.4653 sec
Elapsed time for households 10.4670 sec
Iteration 226
Elapsed time for kappa 30.5314 sec
Elapsed time for experts 11.9982 sec
Elapsed time for households 10.4535 sec
Iteration 227
Elapsed time for kappa 29.9552 sec
Elapsed time for experts 12.0530 sec
Elapsed time for households 12.9741 sec
Iteration 228
Elapsed time for kappa 40.1808 sec
Elapsed time for experts 13.2407 sec
Elapsed time for households 14.6883 sec
Iteration 229
Elapsed time for kappa 34.8441 sec
Elapsed time for experts 12.6726 sec
Elapsed time for households 11.3019 sec
Iteration 230
Elapsed time for kappa 31.1195 sec
Elapsed time for experts 16.4255 sec
Elapsed time for households 12.2386 sec
Iteration 231
Elapsed time for kappa 35.4438 sec
Elapsed time for experts 12.5412 sec
Elapsed time for households 11.2681 sec
Iteration 232
Elapsed time for kappa 30.6207 sec
Elapsed time for experts 11.8841 sec
Elapsed time for households 10.6533 sec
Iteration 233
Elapsed time for kappa 30.3599 sec
Elapsed time for experts 24.2053 sec
Elapsed time for households 15.7241 sec
Iteration 234
Elapsed time for kappa 33.3805 sec
Elapsed time for experts 12.2358 sec
Elapsed time for households 11.4280 sec
Iteration 235
Elapsed time for kappa 31.6378 sec
Elapsed time for experts 15.3512 sec
Elapsed time for households 11.8503 sec
Iteration 236
Elapsed time for kappa 34.9003 sec
Elapsed time for experts 11.8923 sec
Elapsed time for households 14.1599 sec
Iteration 237
Elapsed time for kappa 31.7837 sec
Elapsed time for experts 11.7227 sec
Elapsed time for households 10.5971 sec
Iteration 238
Elapsed time for kappa 30.4579 sec
Elapsed time for experts 11.6850 sec
Elapsed time for households 10.1994 sec
Iteration 239
Elapsed time for kappa 30.3567 sec
Elapsed time for experts 14.7996 sec
Elapsed time for households 19.0962 sec
Iteration 240
Elapsed time for kappa 32.3792 sec
Elapsed time for experts 16.4310 sec
Elapsed time for households 12.7163 sec
Iteration 241
Elapsed time for kappa 32.5527 sec
Elapsed time for experts 12.3260 sec
Elapsed time for households 14.3764 sec
Iteration 242
Elapsed time for kappa 32.6652 sec
Elapsed time for experts 16.3480 sec
Elapsed time for households 14.5271 sec
Iteration 243
Elapsed time for kappa 35.1790 sec
Elapsed time for experts 12.0451 sec
Elapsed time for households 10.5815 sec
Iteration 244
Elapsed time for kappa 30.7575 sec
Elapsed time for experts 11.7884 sec
Elapsed time for households 10.1673 sec
Iteration 245
Elapsed time for kappa 34.5339 sec
Elapsed time for experts 11.9491 sec
Elapsed time for households 17.4505 sec
Iteration 246
Elapsed time for kappa 37.8274 sec
Elapsed time for experts 12.4832 sec
Elapsed time for households 14.3638 sec
Iteration 247
Elapsed time for kappa 34.4156 sec
Elapsed time for experts 12.1812 sec
Elapsed time for households 14.5141 sec
Iteration 248
Elapsed time for kappa 35.2894 sec
Elapsed time for experts 12.1460 sec
Elapsed time for households 10.7279 sec
Iteration 249
Elapsed time for kappa 35.5765 sec
Elapsed time for experts 15.7222 sec
Elapsed time for households 11.9761 sec
Iteration 250
Elapsed time for kappa 30.8723 sec
Elapsed time for experts 12.0329 sec
Elapsed time for households 10.4081 sec
Iteration 251
Elapsed time for kappa 30.1030 sec
Elapsed time for experts 11.9435 sec
Elapsed time for households 10.4435 sec
Iteration 252
Elapsed time for kappa 39.2714 sec
Elapsed time for experts 13.3688 sec
Elapsed time for households 14.4444 sec
Iteration 253
Elapsed time for kappa 32.7841 sec
Elapsed time for experts 16.4723 sec
Elapsed time for households 12.4463 sec
Iteration 254
Elapsed time for kappa 31.2359 sec
Elapsed time for experts 12.5071 sec
Elapsed time for households 11.6311 sec
Iteration 255
Elapsed time for kappa 31.0899 sec
Elapsed time for experts 12.5376 sec
Elapsed time for households 13.9828 sec
Iteration 256
Elapsed time for kappa 31.9124 sec
Elapsed time for experts 12.0943 sec
Elapsed time for households 10.9353 sec
Iteration 257
Elapsed time for kappa 30.2846 sec
Elapsed time for experts 11.8537 sec
Elapsed time for households 13.3856 sec
Iteration 258
Elapsed time for kappa 40.2065 sec
Elapsed time for experts 12.6115 sec
Elapsed time for households 11.7443 sec
Iteration 259
Elapsed time for kappa 31.3898 sec
Elapsed time for experts 12.4676 sec
Elapsed time for households 14.4070 sec
Iteration 260
Elapsed time for kappa 33.6884 sec
Elapsed time for experts 12.1488 sec
Elapsed time for households 11.1259 sec
Iteration 261
Elapsed time for kappa 30.9066 sec
Elapsed time for experts 16.0184 sec
Elapsed time for households 14.3699 sec
Iteration 262
Elapsed time for kappa 35.6372 sec
Elapsed time for experts 15.6408 sec
Elapsed time for households 11.8150 sec
Iteration 263
Elapsed time for kappa 34.0361 sec
Elapsed time for experts 15.8478 sec
Elapsed time for households 18.4783 sec
Iteration 264
Elapsed time for kappa 36.7703 sec
Elapsed time for experts 16.6752 sec
Elapsed time for households 11.4591 sec
Iteration 265
Elapsed time for kappa 32.1194 sec
Elapsed time for experts 14.8372 sec
Elapsed time for households 10.7349 sec
Iteration 266
Elapsed time for kappa 31.3644 sec
Elapsed time for experts 12.9207 sec
Elapsed time for households 10.8806 sec
Iteration 267
Elapsed time for kappa 30.6305 sec
Elapsed time for experts 16.0814 sec
Elapsed time for households 14.5144 sec
Iteration 268
Elapsed time for kappa 30.4985 sec
Elapsed time for experts 12.2374 sec
Elapsed time for households 10.4939 sec
Iteration 269
Elapsed time for kappa 29.6070 sec
Elapsed time for experts 11.4873 sec
Elapsed time for households 10.4580 sec
Iteration 270
Elapsed time for kappa 38.7821 sec
Elapsed time for experts 16.7962 sec
Elapsed time for households 12.5548 sec
Iteration 271
Elapsed time for kappa 31.8294 sec
Elapsed time for experts 12.1915 sec
Elapsed time for households 10.6944 sec
Iteration 272
Elapsed time for kappa 35.6009 sec
Elapsed time for experts 13.2513 sec
Elapsed time for households 11.2161 sec
Iteration 273
Elapsed time for kappa 33.1910 sec
Elapsed time for experts 12.5578 sec
Elapsed time for households 10.9133 sec
Iteration 274
Elapsed time for kappa 30.7366 sec
Elapsed time for experts 12.3145 sec
Elapsed time for households 10.8640 sec
Iteration 275
Elapsed time for kappa 31.0973 sec
Elapsed time for experts 11.5737 sec
Elapsed time for households 17.3303 sec
Iteration 276
Elapsed time for kappa 32.4713 sec
Elapsed time for experts 13.6709 sec
Elapsed time for households 13.2689 sec
Iteration 277
Elapsed time for kappa 34.0994 sec
Elapsed time for experts 12.1990 sec
Elapsed time for households 11.0271 sec
Iteration 278
Elapsed time for kappa 31.2527 sec
Elapsed time for experts 17.2089 sec
Elapsed time for households 13.1491 sec
Iteration 279
Elapsed time for kappa 31.5039 sec
Elapsed time for experts 13.8387 sec
Elapsed time for households 13.6718 sec
Iteration 280
Elapsed time for kappa 33.5713 sec
Elapsed time for experts 12.4758 sec
Elapsed time for households 10.7037 sec
Iteration 281
Elapsed time for kappa 29.9658 sec
Elapsed time for experts 12.1070 sec
Elapsed time for households 10.2915 sec
Iteration 282
Elapsed time for kappa 39.4457 sec
Elapsed time for experts 13.2670 sec
Elapsed time for households 11.6735 sec
Iteration 283
Elapsed time for kappa 31.6409 sec
Elapsed time for experts 12.6345 sec
Elapsed time for households 14.8537 sec
Iteration 284
Elapsed time for kappa 31.9052 sec
Elapsed time for experts 12.6089 sec
Elapsed time for households 14.5348 sec
Iteration 285
Elapsed time for kappa 31.4733 sec
Elapsed time for experts 12.8748 sec
Elapsed time for households 13.9949 sec
Iteration 286
Elapsed time for kappa 34.3700 sec
Elapsed time for experts 15.5878 sec
Elapsed time for households 11.1287 sec
Iteration 287
Elapsed time for kappa 34.5448 sec
Elapsed time for experts 12.2489 sec
Elapsed time for households 17.3227 sec
Iteration 288
Elapsed time for kappa 33.2247 sec
Elapsed time for experts 15.0643 sec
Elapsed time for households 10.8232 sec
Iteration 289
Elapsed time for kappa 29.4453 sec
Elapsed time for experts 11.1176 sec
Elapsed time for households 10.0527 sec
Iteration 290
Elapsed time for kappa 29.4701 sec
Elapsed time for experts 11.7289 sec
Elapsed time for households 10.1259 sec
Iteration 291
Elapsed time for kappa 28.9620 sec
Elapsed time for experts 11.0077 sec
Elapsed time for households 9.7998 sec
Iteration 292
Elapsed time for kappa 28.3917 sec
Elapsed time for experts 10.7569 sec
Elapsed time for households 9.5448 sec
Iteration 293
Elapsed time for kappa 28.3165 sec
Elapsed time for experts 11.4737 sec
Elapsed time for households 9.5693 sec
Iteration 294
Elapsed time for kappa 37.3739 sec
Elapsed time for experts 11.7522 sec
Elapsed time for households 10.3429 sec
Iteration 295
Elapsed time for kappa 29.6686 sec
Elapsed time for experts 11.2198 sec
Elapsed time for households 10.1207 sec
Iteration 296
Elapsed time for kappa 29.4724 sec
Elapsed time for experts 11.2964 sec
Elapsed time for households 10.0842 sec
Iteration 297
Elapsed time for kappa 29.2393 sec
Elapsed time for experts 11.0739 sec
Elapsed time for households 10.0072 sec
Iteration 298
Elapsed time for kappa 28.7912 sec
Elapsed time for experts 11.2451 sec
Elapsed time for households 9.7109 sec
Iteration 299
Elapsed time for kappa 28.2657 sec
Elapsed time for experts 11.0296 sec
Elapsed time for households 9.6714 sec
Elapsed time for training 17692.2344 sec
