Iteration 0
Elapsed time for kappa 67.6782 sec
Elapsed time for experts 18.7863 sec
Elapsed time for households 14.2634 sec
Iteration 1
Elapsed time for kappa 31.4395 sec
Elapsed time for experts 12.3183 sec
Elapsed time for households 11.6144 sec
Iteration 2
Elapsed time for kappa 36.5397 sec
Elapsed time for experts 13.8112 sec
Elapsed time for households 12.4439 sec
Iteration 3
Elapsed time for kappa 34.7020 sec
Elapsed time for experts 12.9795 sec
Elapsed time for households 11.9077 sec
Iteration 4
Elapsed time for kappa 32.6560 sec
Elapsed time for experts 12.6766 sec
Elapsed time for households 11.6898 sec
Iteration 5
Elapsed time for kappa 33.8757 sec
Elapsed time for experts 12.7938 sec
Elapsed time for households 10.9144 sec
Iteration 6
Elapsed time for kappa 33.2071 sec
Elapsed time for experts 12.7367 sec
Elapsed time for households 11.6004 sec
Iteration 7
Elapsed time for kappa 32.8766 sec
Elapsed time for experts 11.9198 sec
Elapsed time for households 10.7277 sec
Iteration 8
Elapsed time for kappa 39.8218 sec
Elapsed time for experts 13.3635 sec
Elapsed time for households 11.8465 sec
Iteration 9
Elapsed time for kappa 35.3881 sec
Elapsed time for experts 12.9083 sec
Elapsed time for households 11.3828 sec
Iteration 10
Elapsed time for kappa 33.6761 sec
Elapsed time for experts 12.8194 sec
Elapsed time for households 11.3336 sec
Iteration 11
Elapsed time for kappa 33.7785 sec
Elapsed time for experts 12.7769 sec
Elapsed time for households 11.2642 sec
Iteration 12
Elapsed time for kappa 32.3052 sec
Elapsed time for experts 12.4557 sec
Elapsed time for households 10.7174 sec
Iteration 13
Elapsed time for kappa 31.5327 sec
Elapsed time for experts 13.0417 sec
Elapsed time for households 10.8162 sec
Iteration 14
Elapsed time for kappa 38.4496 sec
Elapsed time for experts 13.4271 sec
Elapsed time for households 11.8353 sec
Iteration 15
Elapsed time for kappa 33.6033 sec
Elapsed time for experts 13.1267 sec
Elapsed time for households 11.8029 sec
Iteration 16
Elapsed time for kappa 33.3124 sec
Elapsed time for experts 12.2676 sec
Elapsed time for households 11.5642 sec
Iteration 17
Elapsed time for kappa 31.8213 sec
Elapsed time for experts 12.2058 sec
Elapsed time for households 11.4599 sec
Iteration 18
Elapsed time for kappa 32.3760 sec
Elapsed time for experts 11.7031 sec
Elapsed time for households 11.2187 sec
Iteration 19
Elapsed time for kappa 33.1729 sec
Elapsed time for experts 12.6781 sec
Elapsed time for households 18.0085 sec
Iteration 20
Elapsed time for kappa 33.8953 sec
Elapsed time for experts 13.0828 sec
Elapsed time for households 11.8732 sec
Iteration 21
Elapsed time for kappa 34.5006 sec
Elapsed time for experts 12.9563 sec
Elapsed time for households 11.4341 sec
Iteration 22
Elapsed time for kappa 32.3993 sec
Elapsed time for experts 12.5349 sec
Elapsed time for households 11.4620 sec
Iteration 23
Elapsed time for kappa 33.2661 sec
Elapsed time for experts 12.8327 sec
Elapsed time for households 10.7267 sec
Iteration 24
Elapsed time for kappa 31.0187 sec
Elapsed time for experts 12.4027 sec
Elapsed time for households 11.6019 sec
Iteration 25
Elapsed time for kappa 33.0176 sec
Elapsed time for experts 11.9254 sec
Elapsed time for households 11.0679 sec
Iteration 26
Elapsed time for kappa 41.0814 sec
Elapsed time for experts 13.4967 sec
Elapsed time for households 11.1340 sec
Iteration 27
Elapsed time for kappa 31.3673 sec
Elapsed time for experts 12.7952 sec
Elapsed time for households 11.2742 sec
Iteration 28
Elapsed time for kappa 32.8933 sec
Elapsed time for experts 12.7635 sec
Elapsed time for households 11.6100 sec
Iteration 29
Elapsed time for kappa 32.9216 sec
Elapsed time for experts 12.7817 sec
Elapsed time for households 11.4997 sec
Iteration 30
Elapsed time for kappa 33.3645 sec
Elapsed time for experts 12.6911 sec
Elapsed time for households 11.4000 sec
Iteration 31
Elapsed time for kappa 33.5965 sec
Elapsed time for experts 19.7208 sec
Elapsed time for households 12.8661 sec
Iteration 32
Elapsed time for kappa 33.1116 sec
Elapsed time for experts 12.7641 sec
Elapsed time for households 11.7114 sec
Iteration 33
Elapsed time for kappa 33.1135 sec
Elapsed time for experts 12.4510 sec
Elapsed time for households 11.4951 sec
Iteration 34
Elapsed time for kappa 33.9456 sec
Elapsed time for experts 13.4100 sec
Elapsed time for households 11.2980 sec
Iteration 35
Elapsed time for kappa 32.9855 sec
Elapsed time for experts 13.0394 sec
Elapsed time for households 11.4473 sec
Iteration 36
Elapsed time for kappa 32.5628 sec
Elapsed time for experts 12.3988 sec
Elapsed time for households 11.2322 sec
Iteration 37
Elapsed time for kappa 32.3132 sec
Elapsed time for experts 20.0136 sec
Elapsed time for households 12.4033 sec
Iteration 38
Elapsed time for kappa 33.1381 sec
Elapsed time for experts 13.3165 sec
Elapsed time for households 11.9103 sec
Iteration 39
Elapsed time for kappa 33.4964 sec
Elapsed time for experts 12.9904 sec
Elapsed time for households 10.8467 sec
Iteration 40
Elapsed time for kappa 33.1589 sec
Elapsed time for experts 12.3270 sec
Elapsed time for households 11.6312 sec
Iteration 41
Elapsed time for kappa 33.4569 sec
Elapsed time for experts 12.7567 sec
Elapsed time for households 11.5930 sec
Iteration 42
Elapsed time for kappa 32.5030 sec
Elapsed time for experts 12.3544 sec
Elapsed time for households 11.3062 sec
Iteration 43
Elapsed time for kappa 33.1513 sec
Elapsed time for experts 20.0623 sec
Elapsed time for households 11.2750 sec
Iteration 44
Elapsed time for kappa 33.6774 sec
Elapsed time for experts 12.7191 sec
Elapsed time for households 10.7448 sec
Iteration 45
Elapsed time for kappa 32.8088 sec
Elapsed time for experts 12.5273 sec
Elapsed time for households 11.4161 sec
Iteration 46
Elapsed time for kappa 32.6361 sec
Elapsed time for experts 12.8667 sec
Elapsed time for households 10.8249 sec
Iteration 47
Elapsed time for kappa 31.9129 sec
Elapsed time for experts 12.3963 sec
Elapsed time for households 11.5419 sec
Iteration 48
Elapsed time for kappa 32.5736 sec
Elapsed time for experts 12.8060 sec
Elapsed time for households 11.7584 sec
Iteration 49
Elapsed time for kappa 32.3286 sec
Elapsed time for experts 19.7788 sec
Elapsed time for households 11.8706 sec
Iteration 50
Elapsed time for kappa 32.5183 sec
Elapsed time for experts 12.7728 sec
Elapsed time for households 11.8879 sec
Iteration 51
Elapsed time for kappa 32.2651 sec
Elapsed time for experts 12.4516 sec
Elapsed time for households 10.4925 sec
Iteration 52
Elapsed time for kappa 31.8616 sec
Elapsed time for experts 12.3000 sec
Elapsed time for households 11.1069 sec
Iteration 53
Elapsed time for kappa 31.9622 sec
Elapsed time for experts 12.0078 sec
Elapsed time for households 11.2207 sec
Iteration 54
Elapsed time for kappa 33.1868 sec
Elapsed time for experts 12.3624 sec
Elapsed time for households 10.7449 sec
Iteration 55
Elapsed time for kappa 39.3862 sec
Elapsed time for experts 13.6302 sec
Elapsed time for households 11.1860 sec
Iteration 56
Elapsed time for kappa 32.3590 sec
Elapsed time for experts 12.6124 sec
Elapsed time for households 10.8319 sec
Iteration 57
Elapsed time for kappa 31.7511 sec
Elapsed time for experts 12.0468 sec
Elapsed time for households 10.9054 sec
Iteration 58
Elapsed time for kappa 31.4088 sec
Elapsed time for experts 12.2767 sec
Elapsed time for households 10.8531 sec
Iteration 59
Elapsed time for kappa 31.8731 sec
Elapsed time for experts 12.3319 sec
Elapsed time for households 10.8533 sec
Iteration 60
Elapsed time for kappa 31.3835 sec
Elapsed time for experts 11.5675 sec
Elapsed time for households 9.9616 sec
Iteration 61
Elapsed time for kappa 39.0670 sec
Elapsed time for experts 12.9345 sec
Elapsed time for households 11.2068 sec
Iteration 62
Elapsed time for kappa 32.4125 sec
Elapsed time for experts 12.4336 sec
Elapsed time for households 11.2296 sec
Iteration 63
Elapsed time for kappa 31.7706 sec
Elapsed time for experts 12.2853 sec
Elapsed time for households 10.5890 sec
Iteration 64
Elapsed time for kappa 31.1842 sec
Elapsed time for experts 12.4071 sec
Elapsed time for households 10.8818 sec
Iteration 65
Elapsed time for kappa 31.7258 sec
Elapsed time for experts 12.4681 sec
Elapsed time for households 10.9038 sec
Iteration 66
Elapsed time for kappa 32.0406 sec
Elapsed time for experts 12.4222 sec
Elapsed time for households 10.7221 sec
Iteration 67
Elapsed time for kappa 39.3935 sec
Elapsed time for experts 13.1874 sec
Elapsed time for households 11.3026 sec
Iteration 68
Elapsed time for kappa 31.7038 sec
Elapsed time for experts 12.8796 sec
Elapsed time for households 11.4625 sec
Iteration 69
Elapsed time for kappa 31.4942 sec
Elapsed time for experts 12.3393 sec
Elapsed time for households 10.6908 sec
Iteration 70
Elapsed time for kappa 31.4003 sec
Elapsed time for experts 11.7834 sec
Elapsed time for households 11.1001 sec
Iteration 71
Elapsed time for kappa 31.2904 sec
Elapsed time for experts 12.2970 sec
Elapsed time for households 10.5582 sec
Iteration 72
Elapsed time for kappa 32.4243 sec
Elapsed time for experts 11.5963 sec
Elapsed time for households 10.7291 sec
Iteration 73
Elapsed time for kappa 38.7704 sec
Elapsed time for experts 12.9412 sec
Elapsed time for households 11.1396 sec
Iteration 74
Elapsed time for kappa 31.7984 sec
Elapsed time for experts 12.8286 sec
Elapsed time for households 10.6320 sec
Iteration 75
Elapsed time for kappa 30.8694 sec
Elapsed time for experts 12.3639 sec
Elapsed time for households 10.7785 sec
Iteration 76
Elapsed time for kappa 30.4659 sec
Elapsed time for experts 12.2828 sec
Elapsed time for households 10.6058 sec
Iteration 77
Elapsed time for kappa 30.3200 sec
Elapsed time for experts 12.4930 sec
Elapsed time for households 10.8798 sec
Iteration 78
Elapsed time for kappa 31.6842 sec
Elapsed time for experts 12.0858 sec
Elapsed time for households 10.5761 sec
Iteration 79
Elapsed time for kappa 38.2445 sec
Elapsed time for experts 12.8549 sec
Elapsed time for households 11.3223 sec
Iteration 80
Elapsed time for kappa 31.5033 sec
Elapsed time for experts 12.4838 sec
Elapsed time for households 10.9932 sec
Iteration 81
Elapsed time for kappa 31.0964 sec
Elapsed time for experts 12.1302 sec
Elapsed time for households 10.7310 sec
Iteration 82
Elapsed time for kappa 30.8358 sec
Elapsed time for experts 11.9978 sec
Elapsed time for households 10.5782 sec
Iteration 83
Elapsed time for kappa 30.6741 sec
Elapsed time for experts 11.9324 sec
Elapsed time for households 10.2442 sec
Iteration 84
Elapsed time for kappa 31.0908 sec
Elapsed time for experts 12.0517 sec
Elapsed time for households 10.5925 sec
Iteration 85
Elapsed time for kappa 37.7824 sec
Elapsed time for experts 12.8862 sec
Elapsed time for households 11.1235 sec
Iteration 86
Elapsed time for kappa 31.1393 sec
Elapsed time for experts 12.7131 sec
Elapsed time for households 11.2183 sec
Iteration 87
Elapsed time for kappa 30.6551 sec
Elapsed time for experts 12.4661 sec
Elapsed time for households 10.5737 sec
Iteration 88
Elapsed time for kappa 30.5755 sec
Elapsed time for experts 12.0358 sec
Elapsed time for households 10.5253 sec
Iteration 89
Elapsed time for kappa 30.4995 sec
Elapsed time for experts 12.1089 sec
Elapsed time for households 10.2325 sec
Iteration 90
Elapsed time for kappa 30.6366 sec
Elapsed time for experts 11.9044 sec
Elapsed time for households 15.8323 sec
Iteration 91
Elapsed time for kappa 32.0869 sec
Elapsed time for experts 12.8938 sec
Elapsed time for households 10.8405 sec
Iteration 92
Elapsed time for kappa 31.3824 sec
Elapsed time for experts 12.2722 sec
Elapsed time for households 10.7549 sec
Iteration 93
Elapsed time for kappa 30.4039 sec
Elapsed time for experts 12.5807 sec
Elapsed time for households 10.5750 sec
Iteration 94
Elapsed time for kappa 29.8262 sec
Elapsed time for experts 12.1328 sec
Elapsed time for households 10.7109 sec
Iteration 95
Elapsed time for kappa 30.3274 sec
Elapsed time for experts 11.6479 sec
Elapsed time for households 10.3844 sec
Iteration 96
Elapsed time for kappa 30.2814 sec
Elapsed time for experts 18.6441 sec
Elapsed time for households 11.7206 sec
Iteration 97
Elapsed time for kappa 31.3963 sec
Elapsed time for experts 12.1495 sec
Elapsed time for households 10.7159 sec
Iteration 98
Elapsed time for kappa 31.5534 sec
Elapsed time for experts 12.6260 sec
Elapsed time for households 10.5582 sec
Iteration 99
Elapsed time for kappa 30.7000 sec
Elapsed time for experts 12.3338 sec
Elapsed time for households 10.4739 sec
Iteration 100
Elapsed time for kappa 30.5497 sec
Elapsed time for experts 11.7081 sec
Elapsed time for households 10.4868 sec
Iteration 101
Elapsed time for kappa 29.5976 sec
Elapsed time for experts 11.9914 sec
Elapsed time for households 10.6578 sec
Iteration 102
Elapsed time for kappa 29.6912 sec
Elapsed time for experts 18.4319 sec
Elapsed time for households 11.3988 sec
Iteration 103
Elapsed time for kappa 31.2582 sec
Elapsed time for experts 12.3295 sec
Elapsed time for households 10.8690 sec
Iteration 104
Elapsed time for kappa 31.3626 sec
Elapsed time for experts 11.9988 sec
Elapsed time for households 10.8092 sec
Iteration 105
Elapsed time for kappa 30.8688 sec
Elapsed time for experts 12.0274 sec
Elapsed time for households 10.5526 sec
Iteration 106
Elapsed time for kappa 30.3970 sec
Elapsed time for experts 11.5063 sec
Elapsed time for households 10.5450 sec
Iteration 107
Elapsed time for kappa 30.2731 sec
Elapsed time for experts 12.5357 sec
Elapsed time for households 10.4453 sec
Iteration 108
Elapsed time for kappa 29.6574 sec
Elapsed time for experts 18.1793 sec
Elapsed time for households 11.4013 sec
Iteration 109
Elapsed time for kappa 31.0228 sec
Elapsed time for experts 12.5873 sec
Elapsed time for households 11.1161 sec
Iteration 110
Elapsed time for kappa 30.6424 sec
Elapsed time for experts 11.9525 sec
Elapsed time for households 10.7374 sec
Iteration 111
Elapsed time for kappa 30.6699 sec
Elapsed time for experts 12.3318 sec
Elapsed time for households 10.5991 sec
Iteration 112
Elapsed time for kappa 30.3713 sec
Elapsed time for experts 11.4037 sec
Elapsed time for households 10.4142 sec
Iteration 113
Elapsed time for kappa 30.6013 sec
Elapsed time for experts 11.8517 sec
Elapsed time for households 10.2895 sec
Iteration 114
Elapsed time for kappa 30.3193 sec
Elapsed time for experts 18.8521 sec
Elapsed time for households 11.2099 sec
Iteration 115
Elapsed time for kappa 31.5622 sec
Elapsed time for experts 13.2276 sec
Elapsed time for households 11.1907 sec
Iteration 116
Elapsed time for kappa 30.8168 sec
Elapsed time for experts 12.9255 sec
Elapsed time for households 10.6078 sec
Iteration 117
Elapsed time for kappa 30.4124 sec
Elapsed time for experts 12.3833 sec
Elapsed time for households 10.6965 sec
Iteration 118
Elapsed time for kappa 30.1978 sec
Elapsed time for experts 11.4474 sec
Elapsed time for households 10.2834 sec
Iteration 119
Elapsed time for kappa 29.8298 sec
Elapsed time for experts 11.5911 sec
Elapsed time for households 10.6393 sec
Iteration 120
Elapsed time for kappa 37.9571 sec
Elapsed time for experts 12.8992 sec
Elapsed time for households 11.0652 sec
Iteration 121
Elapsed time for kappa 31.7815 sec
Elapsed time for experts 12.4971 sec
Elapsed time for households 10.8667 sec
Iteration 122
Elapsed time for kappa 31.3289 sec
Elapsed time for experts 12.9972 sec
Elapsed time for households 10.6201 sec
Iteration 123
Elapsed time for kappa 30.5962 sec
Elapsed time for experts 12.2005 sec
Elapsed time for households 10.4391 sec
Iteration 124
Elapsed time for kappa 29.9951 sec
Elapsed time for experts 11.8409 sec
Elapsed time for households 10.6910 sec
Iteration 125
Elapsed time for kappa 29.6988 sec
Elapsed time for experts 12.2225 sec
Elapsed time for households 10.2025 sec
Iteration 126
Elapsed time for kappa 37.3426 sec
Elapsed time for experts 12.5851 sec
Elapsed time for households 11.3251 sec
Iteration 127
Elapsed time for kappa 31.3894 sec
Elapsed time for experts 12.3896 sec
Elapsed time for households 10.9986 sec
Iteration 128
Elapsed time for kappa 30.9659 sec
Elapsed time for experts 11.9527 sec
Elapsed time for households 10.3225 sec
Iteration 129
Elapsed time for kappa 30.6639 sec
Elapsed time for experts 12.3669 sec
Elapsed time for households 10.3388 sec
Iteration 130
Elapsed time for kappa 30.2535 sec
Elapsed time for experts 12.0481 sec
Elapsed time for households 10.3984 sec
Iteration 131
Elapsed time for kappa 29.9252 sec
Elapsed time for experts 11.7497 sec
Elapsed time for households 10.4424 sec
Iteration 132
Elapsed time for kappa 38.0556 sec
Elapsed time for experts 13.0271 sec
Elapsed time for households 11.0480 sec
Iteration 133
Elapsed time for kappa 30.8770 sec
Elapsed time for experts 12.4492 sec
Elapsed time for households 11.2009 sec
Iteration 134
Elapsed time for kappa 30.3811 sec
Elapsed time for experts 12.6542 sec
Elapsed time for households 10.6349 sec
Iteration 135
Elapsed time for kappa 30.4676 sec
Elapsed time for experts 12.0075 sec
Elapsed time for households 10.5179 sec
Iteration 136
Elapsed time for kappa 30.2658 sec
Elapsed time for experts 12.2673 sec
Elapsed time for households 10.4005 sec
Iteration 137
Elapsed time for kappa 30.3840 sec
Elapsed time for experts 12.3439 sec
Elapsed time for households 10.2875 sec
Iteration 138
Elapsed time for kappa 38.0193 sec
Elapsed time for experts 13.2353 sec
Elapsed time for households 10.8817 sec
Iteration 139
Elapsed time for kappa 31.6139 sec
Elapsed time for experts 13.0135 sec
Elapsed time for households 10.9073 sec
Iteration 140
Elapsed time for kappa 30.7733 sec
Elapsed time for experts 12.3683 sec
Elapsed time for households 10.4507 sec
Iteration 141
Elapsed time for kappa 30.2646 sec
Elapsed time for experts 12.2190 sec
Elapsed time for households 10.6250 sec
Iteration 142
Elapsed time for kappa 29.8488 sec
Elapsed time for experts 12.0113 sec
Elapsed time for households 10.5389 sec
Iteration 143
Elapsed time for kappa 30.3518 sec
Elapsed time for experts 11.9449 sec
Elapsed time for households 10.3833 sec
Iteration 144
Elapsed time for kappa 37.8470 sec
Elapsed time for experts 12.3289 sec
Elapsed time for households 11.6106 sec
Iteration 145
Elapsed time for kappa 31.6923 sec
Elapsed time for experts 12.3995 sec
Elapsed time for households 11.5059 sec
Iteration 146
Elapsed time for kappa 31.2547 sec
Elapsed time for experts 12.3003 sec
Elapsed time for households 10.7450 sec
Iteration 147
Elapsed time for kappa 31.0779 sec
Elapsed time for experts 12.1762 sec
Elapsed time for households 10.7496 sec
Iteration 148
Elapsed time for kappa 30.6169 sec
Elapsed time for experts 12.3366 sec
Elapsed time for households 10.7430 sec
Iteration 149
Elapsed time for kappa 30.0266 sec
Elapsed time for experts 12.1798 sec
Elapsed time for households 10.8853 sec
Iteration 150
Elapsed time for kappa 37.2934 sec
Elapsed time for experts 12.9525 sec
Elapsed time for households 11.0545 sec
Iteration 151
Elapsed time for kappa 31.2678 sec
Elapsed time for experts 12.8261 sec
Elapsed time for households 11.0297 sec
Iteration 152
Elapsed time for kappa 30.8361 sec
Elapsed time for experts 12.1166 sec
Elapsed time for households 10.7491 sec
Iteration 153
Elapsed time for kappa 30.4233 sec
Elapsed time for experts 11.9369 sec
Elapsed time for households 10.6527 sec
Iteration 154
Elapsed time for kappa 30.3859 sec
Elapsed time for experts 11.7545 sec
Elapsed time for households 10.4431 sec
Iteration 155
Elapsed time for kappa 30.3192 sec
Elapsed time for experts 11.7232 sec
Elapsed time for households 10.3200 sec
Iteration 156
Elapsed time for kappa 37.4260 sec
Elapsed time for experts 12.1722 sec
Elapsed time for households 10.8298 sec
Iteration 157
Elapsed time for kappa 31.4738 sec
Elapsed time for experts 12.8844 sec
Elapsed time for households 10.5270 sec
Iteration 158
Elapsed time for kappa 30.5146 sec
Elapsed time for experts 12.9151 sec
Elapsed time for households 10.8580 sec
Iteration 159
Elapsed time for kappa 30.6879 sec
Elapsed time for experts 12.7535 sec
Elapsed time for households 10.7990 sec
Iteration 160
Elapsed time for kappa 29.9338 sec
Elapsed time for experts 12.4971 sec
Elapsed time for households 10.6617 sec
Iteration 161
Elapsed time for kappa 29.7688 sec
Elapsed time for experts 17.9362 sec
Elapsed time for households 11.6823 sec
Iteration 162
Elapsed time for kappa 31.5868 sec
Elapsed time for experts 12.8594 sec
Elapsed time for households 11.2622 sec
Iteration 163
Elapsed time for kappa 31.3625 sec
Elapsed time for experts 12.2263 sec
Elapsed time for households 11.0138 sec
Iteration 164
Elapsed time for kappa 31.1340 sec
Elapsed time for experts 12.2510 sec
Elapsed time for households 10.6508 sec
Iteration 165
Elapsed time for kappa 30.7644 sec
Elapsed time for experts 12.3467 sec
Elapsed time for households 10.6180 sec
Iteration 166
Elapsed time for kappa 30.3200 sec
Elapsed time for experts 11.8544 sec
Elapsed time for households 10.2179 sec
Iteration 167
Elapsed time for kappa 30.1015 sec
Elapsed time for experts 11.8008 sec
Elapsed time for households 16.9507 sec
Iteration 168
Elapsed time for kappa 32.2716 sec
Elapsed time for experts 12.4013 sec
Elapsed time for households 10.7165 sec
Iteration 169
Elapsed time for kappa 31.6931 sec
Elapsed time for experts 12.6626 sec
Elapsed time for households 10.8655 sec
Iteration 170
Elapsed time for kappa 31.2082 sec
Elapsed time for experts 12.1956 sec
Elapsed time for households 10.8299 sec
Iteration 171
Elapsed time for kappa 30.4508 sec
Elapsed time for experts 12.6739 sec
Elapsed time for households 10.6873 sec
Iteration 172
Elapsed time for kappa 30.1473 sec
Elapsed time for experts 12.2315 sec
Elapsed time for households 10.3959 sec
Iteration 173
Elapsed time for kappa 29.9876 sec
Elapsed time for experts 11.9422 sec
Elapsed time for households 17.4004 sec
Iteration 174
Elapsed time for kappa 31.8309 sec
Elapsed time for experts 12.6786 sec
Elapsed time for households 11.0244 sec
Iteration 175
Elapsed time for kappa 31.3154 sec
Elapsed time for experts 12.3071 sec
Elapsed time for households 11.0195 sec
Iteration 176
Elapsed time for kappa 31.0871 sec
Elapsed time for experts 11.7337 sec
Elapsed time for households 10.9336 sec
Iteration 177
Elapsed time for kappa 30.4448 sec
Elapsed time for experts 11.7112 sec
Elapsed time for households 10.9036 sec
Iteration 178
Elapsed time for kappa 30.2627 sec
Elapsed time for experts 11.4522 sec
Elapsed time for households 10.5196 sec
Iteration 179
Elapsed time for kappa 30.3345 sec
Elapsed time for experts 11.8450 sec
Elapsed time for households 10.4392 sec
Iteration 180
Elapsed time for kappa 38.6480 sec
Elapsed time for experts 12.9037 sec
Elapsed time for households 11.2179 sec
Iteration 181
Elapsed time for kappa 31.9941 sec
Elapsed time for experts 12.3185 sec
Elapsed time for households 10.9390 sec
Iteration 182
Elapsed time for kappa 31.1704 sec
Elapsed time for experts 12.1416 sec
Elapsed time for households 10.8726 sec
Iteration 183
Elapsed time for kappa 30.8950 sec
Elapsed time for experts 12.1616 sec
Elapsed time for households 10.6785 sec
Iteration 184
Elapsed time for kappa 30.5879 sec
Elapsed time for experts 12.4450 sec
Elapsed time for households 10.1706 sec
Iteration 185
Elapsed time for kappa 29.8309 sec
Elapsed time for experts 12.1046 sec
Elapsed time for households 10.1456 sec
Iteration 186
Elapsed time for kappa 38.0257 sec
Elapsed time for experts 13.0834 sec
Elapsed time for households 11.0742 sec
Iteration 187
Elapsed time for kappa 31.9576 sec
Elapsed time for experts 12.5616 sec
Elapsed time for households 11.0145 sec
Iteration 188
Elapsed time for kappa 31.0257 sec
Elapsed time for experts 12.5567 sec
Elapsed time for households 11.0217 sec
Iteration 189
Elapsed time for kappa 30.5045 sec
Elapsed time for experts 12.2890 sec
Elapsed time for households 10.6557 sec
Iteration 190
Elapsed time for kappa 30.1317 sec
Elapsed time for experts 12.1527 sec
Elapsed time for households 10.7420 sec
Iteration 191
Elapsed time for kappa 29.6425 sec
Elapsed time for experts 12.0327 sec
Elapsed time for households 16.6210 sec
Iteration 192
Elapsed time for kappa 31.4913 sec
Elapsed time for experts 12.8836 sec
Elapsed time for households 11.0026 sec
Iteration 193
Elapsed time for kappa 31.2017 sec
Elapsed time for experts 13.0284 sec
Elapsed time for households 11.1742 sec
Iteration 194
Elapsed time for kappa 31.0564 sec
Elapsed time for experts 12.7701 sec
Elapsed time for households 11.1929 sec
Iteration 195
Elapsed time for kappa 30.2537 sec
Elapsed time for experts 12.4965 sec
Elapsed time for households 10.8384 sec
Iteration 196
Elapsed time for kappa 30.0371 sec
Elapsed time for experts 12.2304 sec
Elapsed time for households 10.2605 sec
Iteration 197
Elapsed time for kappa 29.8938 sec
Elapsed time for experts 11.7620 sec
Elapsed time for households 10.3706 sec
Iteration 198
Elapsed time for kappa 38.3767 sec
Elapsed time for experts 12.9471 sec
Elapsed time for households 11.1961 sec
Iteration 199
Elapsed time for kappa 31.4123 sec
Elapsed time for experts 12.5543 sec
Elapsed time for households 11.2209 sec
Iteration 200
Elapsed time for kappa 31.1099 sec
Elapsed time for experts 12.5656 sec
Elapsed time for households 11.1556 sec
Iteration 201
Elapsed time for kappa 31.0608 sec
Elapsed time for experts 12.4060 sec
Elapsed time for households 10.7072 sec
Iteration 202
Elapsed time for kappa 30.2789 sec
Elapsed time for experts 12.1169 sec
Elapsed time for households 10.8769 sec
Iteration 203
Elapsed time for kappa 30.3578 sec
Elapsed time for experts 12.1208 sec
Elapsed time for households 16.6748 sec
Iteration 204
Elapsed time for kappa 32.0143 sec
Elapsed time for experts 12.1050 sec
Elapsed time for households 10.8960 sec
Iteration 205
Elapsed time for kappa 31.5147 sec
Elapsed time for experts 12.0563 sec
Elapsed time for households 10.8400 sec
Iteration 206
Elapsed time for kappa 31.2858 sec
Elapsed time for experts 12.5515 sec
Elapsed time for households 10.9476 sec
Iteration 207
Elapsed time for kappa 30.5466 sec
Elapsed time for experts 11.9766 sec
Elapsed time for households 10.4893 sec
Iteration 208
Elapsed time for kappa 30.2935 sec
Elapsed time for experts 11.7613 sec
Elapsed time for households 10.4179 sec
Iteration 209
Elapsed time for kappa 30.2625 sec
Elapsed time for experts 11.2119 sec
Elapsed time for households 10.1760 sec
Iteration 210
Elapsed time for kappa 38.9811 sec
Elapsed time for experts 12.3447 sec
Elapsed time for households 11.1951 sec
Iteration 211
Elapsed time for kappa 31.6885 sec
Elapsed time for experts 12.6098 sec
Elapsed time for households 10.9238 sec
Iteration 212
Elapsed time for kappa 31.6934 sec
Elapsed time for experts 12.6480 sec
Elapsed time for households 10.5736 sec
Iteration 213
Elapsed time for kappa 31.0019 sec
Elapsed time for experts 12.0739 sec
Elapsed time for households 10.4005 sec
Iteration 214
Elapsed time for kappa 30.6463 sec
Elapsed time for experts 11.8784 sec
Elapsed time for households 10.4982 sec
Iteration 215
Elapsed time for kappa 30.5720 sec
Elapsed time for experts 12.3130 sec
Elapsed time for households 16.7947 sec
Iteration 216
Elapsed time for kappa 32.2870 sec
Elapsed time for experts 12.9142 sec
Elapsed time for households 11.1406 sec
Iteration 217
Elapsed time for kappa 31.9532 sec
Elapsed time for experts 12.1735 sec
Elapsed time for households 11.2834 sec
Iteration 218
Elapsed time for kappa 31.4969 sec
Elapsed time for experts 12.4859 sec
Elapsed time for households 10.7607 sec
Iteration 219
Elapsed time for kappa 31.0479 sec
Elapsed time for experts 11.7411 sec
Elapsed time for households 10.8486 sec
Iteration 220
Elapsed time for kappa 30.8268 sec
Elapsed time for experts 11.4370 sec
Elapsed time for households 10.5058 sec
Iteration 221
Elapsed time for kappa 30.4018 sec
Elapsed time for experts 12.2112 sec
Elapsed time for households 10.3657 sec
Iteration 222
Elapsed time for kappa 39.1545 sec
Elapsed time for experts 13.0297 sec
Elapsed time for households 11.5357 sec
Iteration 223
Elapsed time for kappa 31.6163 sec
Elapsed time for experts 12.4193 sec
Elapsed time for households 10.9325 sec
Iteration 224
Elapsed time for kappa 31.4226 sec
Elapsed time for experts 12.2052 sec
Elapsed time for households 10.9760 sec
Iteration 225
Elapsed time for kappa 31.3721 sec
Elapsed time for experts 11.9041 sec
Elapsed time for households 10.5302 sec
Iteration 226
Elapsed time for kappa 30.7974 sec
Elapsed time for experts 11.8935 sec
Elapsed time for households 10.6153 sec
Iteration 227
Elapsed time for kappa 30.5345 sec
Elapsed time for experts 11.7114 sec
Elapsed time for households 10.3200 sec
Iteration 228
Elapsed time for kappa 38.0729 sec
Elapsed time for experts 12.9416 sec
Elapsed time for households 11.3002 sec
Iteration 229
Elapsed time for kappa 31.5847 sec
Elapsed time for experts 12.5214 sec
Elapsed time for households 10.7821 sec
Iteration 230
Elapsed time for kappa 31.3708 sec
Elapsed time for experts 12.0424 sec
Elapsed time for households 11.2678 sec
Iteration 231
Elapsed time for kappa 31.2129 sec
Elapsed time for experts 12.5528 sec
Elapsed time for households 10.5620 sec
Iteration 232
Elapsed time for kappa 30.6423 sec
Elapsed time for experts 12.3183 sec
Elapsed time for households 10.5243 sec
Iteration 233
Elapsed time for kappa 30.5410 sec
Elapsed time for experts 11.8659 sec
Elapsed time for households 16.8645 sec
Iteration 234
Elapsed time for kappa 32.2005 sec
Elapsed time for experts 12.6023 sec
Elapsed time for households 10.9785 sec
Iteration 235
Elapsed time for kappa 31.9342 sec
Elapsed time for experts 12.0662 sec
Elapsed time for households 10.8469 sec
Iteration 236
Elapsed time for kappa 31.5749 sec
Elapsed time for experts 12.0937 sec
Elapsed time for households 10.9003 sec
Iteration 237
Elapsed time for kappa 30.8103 sec
Elapsed time for experts 12.2294 sec
Elapsed time for households 11.1616 sec
Iteration 238
Elapsed time for kappa 30.8269 sec
Elapsed time for experts 12.0620 sec
Elapsed time for households 10.9971 sec
Iteration 239
Elapsed time for kappa 29.8177 sec
Elapsed time for experts 10.8337 sec
Elapsed time for households 9.6649 sec
Iteration 240
Elapsed time for kappa 37.9591 sec
Elapsed time for experts 12.7420 sec
Elapsed time for households 11.1833 sec
Iteration 241
Elapsed time for kappa 30.5204 sec
Elapsed time for experts 12.4544 sec
Elapsed time for households 10.8261 sec
Iteration 242
Elapsed time for kappa 31.4074 sec
Elapsed time for experts 12.6739 sec
Elapsed time for households 10.5621 sec
Iteration 243
Elapsed time for kappa 31.1426 sec
Elapsed time for experts 12.6901 sec
Elapsed time for households 10.7409 sec
Iteration 244
Elapsed time for kappa 30.3333 sec
Elapsed time for experts 11.8846 sec
Elapsed time for households 9.7981 sec
Iteration 245
Elapsed time for kappa 28.2706 sec
Elapsed time for experts 11.2020 sec
Elapsed time for households 16.6776 sec
Iteration 246
Elapsed time for kappa 32.0255 sec
Elapsed time for experts 12.5879 sec
Elapsed time for households 11.3545 sec
Iteration 247
Elapsed time for kappa 31.3439 sec
Elapsed time for experts 12.0873 sec
Elapsed time for households 10.9414 sec
Iteration 248
Elapsed time for kappa 31.2434 sec
Elapsed time for experts 12.4972 sec
Elapsed time for households 10.8085 sec
Iteration 249
Elapsed time for kappa 30.3057 sec
Elapsed time for experts 12.5434 sec
Elapsed time for households 10.6050 sec
Iteration 250
Elapsed time for kappa 30.0409 sec
Elapsed time for experts 12.1464 sec
Elapsed time for households 10.5951 sec
Iteration 251
Elapsed time for kappa 29.9008 sec
Elapsed time for experts 11.4769 sec
Elapsed time for households 9.8229 sec
Iteration 252
Elapsed time for kappa 38.9689 sec
Elapsed time for experts 12.5460 sec
Elapsed time for households 11.2678 sec
Iteration 253
Elapsed time for kappa 30.4143 sec
Elapsed time for experts 11.6909 sec
Elapsed time for households 10.4449 sec
Iteration 254
Elapsed time for kappa 31.0848 sec
Elapsed time for experts 11.5766 sec
Elapsed time for households 10.5707 sec
Iteration 255
Elapsed time for kappa 31.0437 sec
Elapsed time for experts 12.2661 sec
Elapsed time for households 10.9532 sec
Iteration 256
Elapsed time for kappa 30.8197 sec
Elapsed time for experts 12.3011 sec
Elapsed time for households 10.7653 sec
Iteration 257
Elapsed time for kappa 30.3031 sec
Elapsed time for experts 11.9523 sec
Elapsed time for households 10.2935 sec
Iteration 258
Elapsed time for kappa 37.0874 sec
Elapsed time for experts 12.1216 sec
Elapsed time for households 11.1383 sec
Iteration 259
Elapsed time for kappa 31.2489 sec
Elapsed time for experts 12.0222 sec
Elapsed time for households 9.9953 sec
Iteration 260
Elapsed time for kappa 29.4173 sec
Elapsed time for experts 11.8117 sec
Elapsed time for households 11.0941 sec
Iteration 261
Elapsed time for kappa 31.0937 sec
Elapsed time for experts 11.8150 sec
Elapsed time for households 11.0412 sec
Iteration 262
Elapsed time for kappa 29.9273 sec
Elapsed time for experts 11.7464 sec
Elapsed time for households 10.5620 sec
Iteration 263
Elapsed time for kappa 30.1470 sec
Elapsed time for experts 11.5792 sec
Elapsed time for households 16.8647 sec
Iteration 264
Elapsed time for kappa 32.3015 sec
Elapsed time for experts 12.7019 sec
Elapsed time for households 10.1236 sec
Iteration 265
Elapsed time for kappa 31.2757 sec
Elapsed time for experts 12.0182 sec
Elapsed time for households 10.9189 sec
Iteration 266
Elapsed time for kappa 31.2493 sec
Elapsed time for experts 12.1330 sec
Elapsed time for households 10.9102 sec
Iteration 267
Elapsed time for kappa 30.8334 sec
Elapsed time for experts 12.1011 sec
Elapsed time for households 10.9953 sec
Iteration 268
Elapsed time for kappa 29.8368 sec
Elapsed time for experts 11.8297 sec
Elapsed time for households 10.5858 sec
Iteration 269
Elapsed time for kappa 30.1839 sec
Elapsed time for experts 11.6410 sec
Elapsed time for households 10.0316 sec
Iteration 270
Elapsed time for kappa 38.8003 sec
Elapsed time for experts 12.4854 sec
Elapsed time for households 11.0885 sec
Iteration 271
Elapsed time for kappa 31.9908 sec
Elapsed time for experts 12.6574 sec
Elapsed time for households 10.9208 sec
Iteration 272
Elapsed time for kappa 31.3335 sec
Elapsed time for experts 11.7935 sec
Elapsed time for households 10.1551 sec
Iteration 273
Elapsed time for kappa 30.6956 sec
Elapsed time for experts 12.5887 sec
Elapsed time for households 10.8553 sec
Iteration 274
Elapsed time for kappa 30.8062 sec
Elapsed time for experts 12.2459 sec
Elapsed time for households 9.8147 sec
Iteration 275
Elapsed time for kappa 28.8043 sec
Elapsed time for experts 12.0166 sec
Elapsed time for households 17.0188 sec
Iteration 276
Elapsed time for kappa 32.3483 sec
Elapsed time for experts 13.2991 sec
Elapsed time for households 10.6507 sec
Iteration 277
Elapsed time for kappa 29.3692 sec
Elapsed time for experts 12.7176 sec
Elapsed time for households 10.9890 sec
Iteration 278
Elapsed time for kappa 31.0817 sec
Elapsed time for experts 12.4718 sec
Elapsed time for households 11.2393 sec
Iteration 279
Elapsed time for kappa 30.5851 sec
Elapsed time for experts 11.8460 sec
Elapsed time for households 10.4031 sec
Iteration 280
Elapsed time for kappa 30.3738 sec
Elapsed time for experts 12.1515 sec
Elapsed time for households 10.5191 sec
Iteration 281
Elapsed time for kappa 29.4076 sec
Elapsed time for experts 10.8027 sec
Elapsed time for households 9.3052 sec
Iteration 282
Elapsed time for kappa 38.2817 sec
Elapsed time for experts 13.1655 sec
Elapsed time for households 11.0520 sec
Iteration 283
Elapsed time for kappa 32.0816 sec
Elapsed time for experts 12.3898 sec
Elapsed time for households 10.7759 sec
Iteration 284
Elapsed time for kappa 32.4105 sec
Elapsed time for experts 12.2003 sec
Elapsed time for households 10.8290 sec
Iteration 285
Elapsed time for kappa 31.6305 sec
Elapsed time for experts 12.1124 sec
Elapsed time for households 10.6499 sec
Iteration 286
Elapsed time for kappa 31.0184 sec
Elapsed time for experts 12.4369 sec
Elapsed time for households 10.4444 sec
Iteration 287
Elapsed time for kappa 30.6913 sec
Elapsed time for experts 11.7978 sec
Elapsed time for households 16.9649 sec
Iteration 288
Elapsed time for kappa 33.2384 sec
Elapsed time for experts 12.7781 sec
Elapsed time for households 10.9398 sec
Iteration 289
Elapsed time for kappa 31.9904 sec
Elapsed time for experts 12.6634 sec
Elapsed time for households 10.9500 sec
Iteration 290
Elapsed time for kappa 32.0305 sec
Elapsed time for experts 12.3134 sec
Elapsed time for households 10.7639 sec
Iteration 291
Elapsed time for kappa 30.8991 sec
Elapsed time for experts 12.2994 sec
Elapsed time for households 10.6638 sec
Iteration 292
Elapsed time for kappa 28.9984 sec
Elapsed time for experts 12.0523 sec
Elapsed time for households 10.3913 sec
Iteration 293
Elapsed time for kappa 30.1317 sec
Elapsed time for experts 11.8033 sec
Elapsed time for households 10.1054 sec
Iteration 294
Elapsed time for kappa 39.7708 sec
Elapsed time for experts 13.1382 sec
Elapsed time for households 11.1595 sec
Iteration 295
Elapsed time for kappa 31.6948 sec
Elapsed time for experts 12.8768 sec
Elapsed time for households 11.2236 sec
Iteration 296
Elapsed time for kappa 30.7013 sec
Elapsed time for experts 12.0652 sec
Elapsed time for households 10.8689 sec
Iteration 297
Elapsed time for kappa 31.3620 sec
Elapsed time for experts 11.8627 sec
Elapsed time for households 10.4551 sec
Iteration 298
Elapsed time for kappa 30.9149 sec
Elapsed time for experts 12.3842 sec
Elapsed time for households 9.8756 sec
Iteration 299
Elapsed time for kappa 30.1937 sec
Elapsed time for experts 11.7573 sec
Elapsed time for households 10.0605 sec
Elapsed time for training 16750.2624 sec
