Iteration 0
Elapsed time for kappa 138.0422 sec
Elapsed time for experts 56.4851 sec
Elapsed time for households 48.1526 sec
Iteration 1
Elapsed time for kappa 112.3529 sec
Elapsed time for experts 50.7710 sec
Elapsed time for households 43.4864 sec
Iteration 2
Elapsed time for kappa 117.4889 sec
Elapsed time for experts 51.9553 sec
Elapsed time for households 39.4854 sec
Iteration 3
Elapsed time for kappa 114.1978 sec
Elapsed time for experts 49.9485 sec
Elapsed time for households 42.8940 sec
Iteration 4
Elapsed time for kappa 110.6120 sec
Elapsed time for experts 47.9126 sec
Elapsed time for households 46.6734 sec
Iteration 5
Elapsed time for kappa 110.7201 sec
Elapsed time for experts 44.6054 sec
Elapsed time for households 49.7958 sec
Iteration 6
Elapsed time for kappa 108.7246 sec
Elapsed time for experts 44.2943 sec
Elapsed time for households 49.5550 sec
Iteration 7
Elapsed time for kappa 106.7711 sec
Elapsed time for experts 56.2139 sec
Elapsed time for households 47.3958 sec
Iteration 8
Elapsed time for kappa 105.4534 sec
Elapsed time for experts 52.7225 sec
Elapsed time for households 45.1226 sec
Iteration 9
Elapsed time for kappa 106.3151 sec
Elapsed time for experts 52.3696 sec
Elapsed time for households 45.5788 sec
Iteration 10
Elapsed time for kappa 107.0753 sec
Elapsed time for experts 50.8840 sec
Elapsed time for households 45.9317 sec
Iteration 11
Elapsed time for kappa 108.3022 sec
Elapsed time for experts 50.3646 sec
Elapsed time for households 44.5619 sec
Iteration 12
Elapsed time for kappa 106.1187 sec
Elapsed time for experts 51.3974 sec
Elapsed time for households 39.1558 sec
Iteration 13
Elapsed time for kappa 117.2927 sec
Elapsed time for experts 50.8014 sec
Elapsed time for households 38.6588 sec
Iteration 14
Elapsed time for kappa 94.8828 sec
Elapsed time for experts 42.2938 sec
Elapsed time for households 37.9378 sec
Elapsed time for training 3082.7647 sec
