Iteration 0
Elapsed time for kappa 86.3386 sec
Elapsed time for experts 32.8083 sec
Elapsed time for households 27.3696 sec
Iteration 1
Elapsed time for kappa 44.8997 sec
Elapsed time for experts 23.8879 sec
Elapsed time for households 25.8206 sec
Iteration 2
Elapsed time for kappa 45.1811 sec
Elapsed time for experts 17.2653 sec
Elapsed time for households 17.3079 sec
Iteration 3
Elapsed time for kappa 43.5119 sec
Elapsed time for experts 16.0711 sec
Elapsed time for households 15.6721 sec
Iteration 4
Elapsed time for kappa 38.7541 sec
Elapsed time for experts 15.1754 sec
Elapsed time for households 16.6328 sec
Iteration 5
Elapsed time for kappa 37.8631 sec
Elapsed time for experts 15.8962 sec
Elapsed time for households 14.5299 sec
Iteration 6
Elapsed time for kappa 40.1217 sec
Elapsed time for experts 14.8777 sec
Elapsed time for households 15.3042 sec
Iteration 7
Elapsed time for kappa 39.0318 sec
Elapsed time for experts 15.0964 sec
Elapsed time for households 20.9625 sec
Iteration 8
Elapsed time for kappa 38.8221 sec
Elapsed time for experts 15.1924 sec
Elapsed time for households 13.0757 sec
Iteration 9
Elapsed time for kappa 41.5178 sec
Elapsed time for experts 14.2291 sec
Elapsed time for households 12.4562 sec
Iteration 10
Elapsed time for kappa 42.7076 sec
Elapsed time for experts 14.4497 sec
Elapsed time for households 13.6032 sec
Iteration 11
Elapsed time for kappa 40.4594 sec
Elapsed time for experts 16.4637 sec
Elapsed time for households 14.6256 sec
Iteration 12
Elapsed time for kappa 39.1200 sec
Elapsed time for experts 16.5203 sec
Elapsed time for households 14.3348 sec
Iteration 13
Elapsed time for kappa 38.3616 sec
Elapsed time for experts 15.5155 sec
Elapsed time for households 23.3049 sec
Iteration 14
Elapsed time for kappa 40.5873 sec
Elapsed time for experts 14.2212 sec
Elapsed time for households 13.6316 sec
Iteration 15
Elapsed time for kappa 38.2104 sec
Elapsed time for experts 16.4232 sec
Elapsed time for households 15.0960 sec
Iteration 16
Elapsed time for kappa 43.2710 sec
Elapsed time for experts 16.0734 sec
Elapsed time for households 13.4405 sec
Iteration 17
Elapsed time for kappa 41.2949 sec
Elapsed time for experts 16.7779 sec
Elapsed time for households 14.3065 sec
Iteration 18
Elapsed time for kappa 40.1826 sec
Elapsed time for experts 14.9088 sec
Elapsed time for households 15.6951 sec
Iteration 19
Elapsed time for kappa 38.4945 sec
Elapsed time for experts 26.6187 sec
Elapsed time for households 14.3552 sec
Iteration 20
Elapsed time for kappa 43.7772 sec
Elapsed time for experts 24.0182 sec
Elapsed time for households 14.4897 sec
Iteration 21
Elapsed time for kappa 39.0077 sec
Elapsed time for experts 14.2786 sec
Elapsed time for households 14.0631 sec
Iteration 22
Elapsed time for kappa 44.1251 sec
Elapsed time for experts 15.4807 sec
Elapsed time for households 14.1017 sec
Iteration 23
Elapsed time for kappa 38.3084 sec
Elapsed time for experts 14.2269 sec
Elapsed time for households 15.1102 sec
Iteration 24
Elapsed time for kappa 41.9254 sec
Elapsed time for experts 16.2404 sec
Elapsed time for households 14.4474 sec
Iteration 25
Elapsed time for kappa 45.0690 sec
Elapsed time for experts 24.5910 sec
Elapsed time for households 14.3551 sec
Iteration 26
Elapsed time for kappa 42.2562 sec
Elapsed time for experts 15.3898 sec
Elapsed time for households 14.4809 sec
Iteration 27
Elapsed time for kappa 41.6123 sec
Elapsed time for experts 14.3974 sec
Elapsed time for households 13.6031 sec
Iteration 28
Elapsed time for kappa 41.7675 sec
Elapsed time for experts 16.6189 sec
Elapsed time for households 14.1824 sec
Iteration 29
Elapsed time for kappa 40.6494 sec
Elapsed time for experts 15.3984 sec
Elapsed time for households 21.2338 sec
Iteration 30
Elapsed time for kappa 41.8150 sec
Elapsed time for experts 17.5671 sec
Elapsed time for households 15.1561 sec
Iteration 31
Elapsed time for kappa 39.5534 sec
Elapsed time for experts 24.2012 sec
Elapsed time for households 15.4297 sec
Iteration 32
Elapsed time for kappa 42.3718 sec
Elapsed time for experts 16.7150 sec
Elapsed time for households 13.5783 sec
Iteration 33
Elapsed time for kappa 44.2305 sec
Elapsed time for experts 14.6780 sec
Elapsed time for households 15.1083 sec
Iteration 34
Elapsed time for kappa 39.1629 sec
Elapsed time for experts 16.4976 sec
Elapsed time for households 14.7162 sec
Iteration 35
Elapsed time for kappa 41.2450 sec
Elapsed time for experts 15.1321 sec
Elapsed time for households 15.3403 sec
Iteration 36
Elapsed time for kappa 40.2969 sec
Elapsed time for experts 14.8222 sec
Elapsed time for households 13.4767 sec
Iteration 37
Elapsed time for kappa 51.1326 sec
Elapsed time for experts 19.5951 sec
Elapsed time for households 13.7567 sec
Iteration 38
Elapsed time for kappa 46.3160 sec
Elapsed time for experts 16.2234 sec
Elapsed time for households 14.2283 sec
Iteration 39
Elapsed time for kappa 43.7229 sec
Elapsed time for experts 15.1918 sec
Elapsed time for households 14.2334 sec
Iteration 40
Elapsed time for kappa 44.1735 sec
Elapsed time for experts 15.9727 sec
Elapsed time for households 15.1904 sec
Iteration 41
Elapsed time for kappa 41.2517 sec
Elapsed time for experts 16.1184 sec
Elapsed time for households 14.4408 sec
Iteration 42
Elapsed time for kappa 41.7803 sec
Elapsed time for experts 15.9067 sec
Elapsed time for households 14.8013 sec
Iteration 43
Elapsed time for kappa 51.0525 sec
Elapsed time for experts 15.0660 sec
Elapsed time for households 14.0959 sec
Iteration 44
Elapsed time for kappa 41.1255 sec
Elapsed time for experts 14.3966 sec
Elapsed time for households 12.6933 sec
Iteration 45
Elapsed time for kappa 40.0836 sec
Elapsed time for experts 14.1366 sec
Elapsed time for households 12.6140 sec
Iteration 46
Elapsed time for kappa 38.9041 sec
Elapsed time for experts 13.9575 sec
Elapsed time for households 13.5421 sec
Iteration 47
Elapsed time for kappa 39.3321 sec
Elapsed time for experts 13.5571 sec
Elapsed time for households 14.1526 sec
Iteration 48
Elapsed time for kappa 39.9932 sec
Elapsed time for experts 13.9158 sec
Elapsed time for households 13.1997 sec
Iteration 49
Elapsed time for kappa 47.6459 sec
Elapsed time for experts 14.8066 sec
Elapsed time for households 17.0320 sec
Iteration 50
Elapsed time for kappa 38.7056 sec
Elapsed time for experts 15.0205 sec
Elapsed time for households 13.5427 sec
Iteration 51
Elapsed time for kappa 38.2288 sec
Elapsed time for experts 14.7165 sec
Elapsed time for households 13.9348 sec
Iteration 52
Elapsed time for kappa 37.6854 sec
Elapsed time for experts 14.9171 sec
Elapsed time for households 13.2252 sec
Iteration 53
Elapsed time for kappa 37.6352 sec
Elapsed time for experts 15.0389 sec
Elapsed time for households 16.3156 sec
Iteration 54
Elapsed time for kappa 43.6916 sec
Elapsed time for experts 14.0286 sec
Elapsed time for households 14.5239 sec
Iteration 55
Elapsed time for kappa 58.1116 sec
Elapsed time for experts 17.6555 sec
Elapsed time for households 15.7502 sec
Iteration 56
Elapsed time for kappa 46.9478 sec
Elapsed time for experts 17.0765 sec
Elapsed time for households 16.0752 sec
Iteration 57
Elapsed time for kappa 39.7860 sec
Elapsed time for experts 17.3092 sec
Elapsed time for households 15.9497 sec
Iteration 58
Elapsed time for kappa 41.1637 sec
Elapsed time for experts 15.7956 sec
Elapsed time for households 14.2187 sec
Iteration 59
Elapsed time for kappa 41.2808 sec
Elapsed time for experts 15.4161 sec
Elapsed time for households 13.1335 sec
Iteration 60
Elapsed time for kappa 39.0933 sec
Elapsed time for experts 15.7100 sec
Elapsed time for households 14.1018 sec
Iteration 61
Elapsed time for kappa 53.8958 sec
Elapsed time for experts 15.6369 sec
Elapsed time for households 13.5469 sec
Iteration 62
Elapsed time for kappa 40.1437 sec
Elapsed time for experts 14.1563 sec
Elapsed time for households 14.4019 sec
Iteration 63
Elapsed time for kappa 45.7798 sec
Elapsed time for experts 15.5042 sec
Elapsed time for households 13.8598 sec
Iteration 64
Elapsed time for kappa 38.2502 sec
Elapsed time for experts 16.7154 sec
Elapsed time for households 15.3406 sec
Iteration 65
Elapsed time for kappa 38.5241 sec
Elapsed time for experts 15.1003 sec
Elapsed time for households 13.1349 sec
Iteration 66
Elapsed time for kappa 41.7233 sec
Elapsed time for experts 14.4406 sec
Elapsed time for households 13.3941 sec
Iteration 67
Elapsed time for kappa 48.2859 sec
Elapsed time for experts 15.8770 sec
Elapsed time for households 14.1165 sec
Iteration 68
Elapsed time for kappa 40.0012 sec
Elapsed time for experts 18.1998 sec
Elapsed time for households 16.2371 sec
Iteration 69
Elapsed time for kappa 45.2792 sec
Elapsed time for experts 16.5675 sec
Elapsed time for households 14.6287 sec
Iteration 70
Elapsed time for kappa 45.8573 sec
Elapsed time for experts 16.1307 sec
Elapsed time for households 13.7172 sec
Iteration 71
Elapsed time for kappa 42.2037 sec
Elapsed time for experts 16.9353 sec
Elapsed time for households 15.3541 sec
Iteration 72
Elapsed time for kappa 44.3142 sec
Elapsed time for experts 15.5255 sec
Elapsed time for households 21.8639 sec
Iteration 73
Elapsed time for kappa 40.3263 sec
Elapsed time for experts 18.6102 sec
Elapsed time for households 18.7978 sec
Iteration 74
Elapsed time for kappa 40.2066 sec
Elapsed time for experts 15.2705 sec
Elapsed time for households 13.9314 sec
Iteration 75
Elapsed time for kappa 38.8976 sec
Elapsed time for experts 14.4392 sec
Elapsed time for households 13.2041 sec
Iteration 76
Elapsed time for kappa 40.1202 sec
Elapsed time for experts 16.9962 sec
Elapsed time for households 14.8150 sec
Iteration 77
Elapsed time for kappa 44.5837 sec
Elapsed time for experts 16.1000 sec
Elapsed time for households 14.2322 sec
Iteration 78
Elapsed time for kappa 42.1686 sec
Elapsed time for experts 16.2642 sec
Elapsed time for households 22.3934 sec
Iteration 79
Elapsed time for kappa 50.0240 sec
Elapsed time for experts 17.6069 sec
Elapsed time for households 16.7617 sec
Iteration 80
Elapsed time for kappa 47.5933 sec
Elapsed time for experts 14.9949 sec
Elapsed time for households 14.6466 sec
Iteration 81
Elapsed time for kappa 45.4659 sec
Elapsed time for experts 17.1753 sec
Elapsed time for households 14.6616 sec
Iteration 82
Elapsed time for kappa 39.9786 sec
Elapsed time for experts 16.1843 sec
Elapsed time for households 15.4352 sec
Iteration 83
Elapsed time for kappa 42.3843 sec
Elapsed time for experts 15.0615 sec
Elapsed time for households 13.4125 sec
Iteration 84
Elapsed time for kappa 39.4258 sec
Elapsed time for experts 24.4004 sec
Elapsed time for households 15.1128 sec
Iteration 85
Elapsed time for kappa 47.2021 sec
Elapsed time for experts 17.6597 sec
Elapsed time for households 16.4513 sec
Iteration 86
Elapsed time for kappa 43.7531 sec
Elapsed time for experts 16.0146 sec
Elapsed time for households 14.6803 sec
Iteration 87
Elapsed time for kappa 41.3385 sec
Elapsed time for experts 15.8129 sec
Elapsed time for households 15.5410 sec
Iteration 88
Elapsed time for kappa 44.2803 sec
Elapsed time for experts 15.4112 sec
Elapsed time for households 12.9165 sec
Iteration 89
Elapsed time for kappa 41.9644 sec
Elapsed time for experts 16.0812 sec
Elapsed time for households 13.9580 sec
Iteration 90
Elapsed time for kappa 38.8413 sec
Elapsed time for experts 24.0575 sec
Elapsed time for households 13.5589 sec
Iteration 91
Elapsed time for kappa 44.7124 sec
Elapsed time for experts 17.5877 sec
Elapsed time for households 16.1088 sec
Iteration 92
Elapsed time for kappa 41.8096 sec
Elapsed time for experts 18.3907 sec
Elapsed time for households 15.8725 sec
Iteration 93
Elapsed time for kappa 46.3610 sec
Elapsed time for experts 16.3315 sec
Elapsed time for households 13.6772 sec
Iteration 94
Elapsed time for kappa 39.1699 sec
Elapsed time for experts 15.1947 sec
Elapsed time for households 12.9108 sec
Iteration 95
Elapsed time for kappa 38.4904 sec
Elapsed time for experts 16.9112 sec
Elapsed time for households 15.1817 sec
Iteration 96
Elapsed time for kappa 37.4798 sec
Elapsed time for experts 24.4606 sec
Elapsed time for households 13.9638 sec
Iteration 97
Elapsed time for kappa 41.4143 sec
Elapsed time for experts 14.7735 sec
Elapsed time for households 14.0858 sec
Iteration 98
Elapsed time for kappa 40.5812 sec
Elapsed time for experts 15.1423 sec
Elapsed time for households 13.8434 sec
Iteration 99
Elapsed time for kappa 39.1789 sec
Elapsed time for experts 14.2362 sec
Elapsed time for households 13.8603 sec
Iteration 100
Elapsed time for kappa 37.9501 sec
Elapsed time for experts 14.5062 sec
Elapsed time for households 15.9190 sec
Iteration 101
Elapsed time for kappa 47.0882 sec
Elapsed time for experts 13.7441 sec
Elapsed time for households 13.6557 sec
Iteration 102
Elapsed time for kappa 48.8642 sec
Elapsed time for experts 15.9226 sec
Elapsed time for households 19.0940 sec
Iteration 103
Elapsed time for kappa 49.2332 sec
Elapsed time for experts 17.8454 sec
Elapsed time for households 13.6211 sec
Iteration 104
Elapsed time for kappa 39.7107 sec
Elapsed time for experts 14.6164 sec
Elapsed time for households 13.3823 sec
Iteration 105
Elapsed time for kappa 40.0693 sec
Elapsed time for experts 14.2469 sec
Elapsed time for households 12.6459 sec
Iteration 106
Elapsed time for kappa 38.9518 sec
Elapsed time for experts 17.3303 sec
Elapsed time for households 15.7583 sec
Iteration 107
Elapsed time for kappa 43.1406 sec
Elapsed time for experts 15.2575 sec
Elapsed time for households 13.7232 sec
Iteration 108
Elapsed time for kappa 49.5299 sec
Elapsed time for experts 15.7063 sec
Elapsed time for households 16.9861 sec
Iteration 109
Elapsed time for kappa 49.7532 sec
Elapsed time for experts 18.5616 sec
Elapsed time for households 14.4620 sec
Iteration 110
Elapsed time for kappa 39.5628 sec
Elapsed time for experts 15.0905 sec
Elapsed time for households 13.5339 sec
Iteration 111
Elapsed time for kappa 39.3972 sec
Elapsed time for experts 14.6534 sec
Elapsed time for households 13.3293 sec
Iteration 112
Elapsed time for kappa 37.8743 sec
Elapsed time for experts 17.7809 sec
Elapsed time for households 16.3258 sec
Iteration 113
Elapsed time for kappa 41.2306 sec
Elapsed time for experts 14.4451 sec
Elapsed time for households 13.1296 sec
Iteration 114
Elapsed time for kappa 50.3493 sec
Elapsed time for experts 14.9852 sec
Elapsed time for households 17.4506 sec
Iteration 115
Elapsed time for kappa 39.6837 sec
Elapsed time for experts 14.5256 sec
Elapsed time for households 14.9842 sec
Iteration 116
Elapsed time for kappa 39.7158 sec
Elapsed time for experts 17.0342 sec
Elapsed time for households 14.1788 sec
Iteration 117
Elapsed time for kappa 45.8138 sec
Elapsed time for experts 17.0340 sec
Elapsed time for households 14.2870 sec
Iteration 118
Elapsed time for kappa 44.0975 sec
Elapsed time for experts 15.2194 sec
Elapsed time for households 14.3481 sec
Iteration 119
Elapsed time for kappa 39.4403 sec
Elapsed time for experts 16.4447 sec
Elapsed time for households 14.1685 sec
Iteration 120
Elapsed time for kappa 52.3280 sec
Elapsed time for experts 18.9217 sec
Elapsed time for households 15.5084 sec
Iteration 121
Elapsed time for kappa 42.7815 sec
Elapsed time for experts 17.6676 sec
Elapsed time for households 17.3993 sec
Iteration 122
Elapsed time for kappa 39.7155 sec
Elapsed time for experts 18.2378 sec
Elapsed time for households 16.4924 sec
Iteration 123
Elapsed time for kappa 42.9013 sec
Elapsed time for experts 15.9774 sec
Elapsed time for households 14.0562 sec
Iteration 124
Elapsed time for kappa 40.9131 sec
Elapsed time for experts 17.3390 sec
Elapsed time for households 14.5207 sec
Iteration 125
Elapsed time for kappa 42.7973 sec
Elapsed time for experts 15.3737 sec
Elapsed time for households 14.0991 sec
Iteration 126
Elapsed time for kappa 52.9104 sec
Elapsed time for experts 17.6233 sec
Elapsed time for households 16.3311 sec
Iteration 127
Elapsed time for kappa 45.2935 sec
Elapsed time for experts 16.9339 sec
Elapsed time for households 14.9415 sec
Iteration 128
Elapsed time for kappa 41.5512 sec
Elapsed time for experts 15.7885 sec
Elapsed time for households 14.1145 sec
Iteration 129
Elapsed time for kappa 43.8259 sec
Elapsed time for experts 15.1208 sec
Elapsed time for households 14.5874 sec
Iteration 130
Elapsed time for kappa 43.1137 sec
Elapsed time for experts 15.4823 sec
Elapsed time for households 15.1279 sec
Iteration 131
Elapsed time for kappa 40.6074 sec
Elapsed time for experts 16.1286 sec
Elapsed time for households 13.4608 sec
Iteration 132
Elapsed time for kappa 48.4454 sec
Elapsed time for experts 14.8867 sec
Elapsed time for households 12.9814 sec
Iteration 133
Elapsed time for kappa 48.2919 sec
Elapsed time for experts 14.2974 sec
Elapsed time for households 14.2394 sec
Iteration 134
Elapsed time for kappa 38.1004 sec
Elapsed time for experts 14.0147 sec
Elapsed time for households 13.4404 sec
Iteration 135
Elapsed time for kappa 38.7481 sec
Elapsed time for experts 13.8714 sec
Elapsed time for households 14.3394 sec
Iteration 136
Elapsed time for kappa 36.7819 sec
Elapsed time for experts 13.6574 sec
Elapsed time for households 13.4449 sec
Iteration 137
Elapsed time for kappa 38.0838 sec
Elapsed time for experts 13.9632 sec
Elapsed time for households 15.7170 sec
Iteration 138
Elapsed time for kappa 45.3195 sec
Elapsed time for experts 19.8738 sec
Elapsed time for households 14.0390 sec
Iteration 139
Elapsed time for kappa 38.0191 sec
Elapsed time for experts 15.4778 sec
Elapsed time for households 13.6779 sec
Iteration 140
Elapsed time for kappa 36.5464 sec
Elapsed time for experts 16.4015 sec
Elapsed time for households 13.2066 sec
Iteration 141
Elapsed time for kappa 37.0634 sec
Elapsed time for experts 17.3818 sec
Elapsed time for households 13.9943 sec
Iteration 142
Elapsed time for kappa 36.5360 sec
Elapsed time for experts 14.5690 sec
Elapsed time for households 12.9855 sec
Iteration 143
Elapsed time for kappa 36.5482 sec
Elapsed time for experts 14.7567 sec
Elapsed time for households 20.6776 sec
Iteration 144
Elapsed time for kappa 37.5216 sec
Elapsed time for experts 15.1537 sec
Elapsed time for households 13.5462 sec
Iteration 145
Elapsed time for kappa 37.3639 sec
Elapsed time for experts 15.0207 sec
Elapsed time for households 13.1556 sec
Iteration 146
Elapsed time for kappa 36.4505 sec
Elapsed time for experts 14.9717 sec
Elapsed time for households 12.8499 sec
Iteration 147
Elapsed time for kappa 45.8045 sec
Elapsed time for experts 16.6505 sec
Elapsed time for households 13.0650 sec
Iteration 148
Elapsed time for kappa 35.4122 sec
Elapsed time for experts 14.2385 sec
Elapsed time for households 12.6367 sec
Iteration 149
Elapsed time for kappa 36.7024 sec
Elapsed time for experts 22.4494 sec
Elapsed time for households 14.2548 sec
Iteration 150
Elapsed time for kappa 37.9030 sec
Elapsed time for experts 14.7264 sec
Elapsed time for households 14.4685 sec
Iteration 151
Elapsed time for kappa 37.7251 sec
Elapsed time for experts 17.2700 sec
Elapsed time for households 15.7584 sec
Iteration 152
Elapsed time for kappa 35.8404 sec
Elapsed time for experts 14.2494 sec
Elapsed time for households 13.1319 sec
Iteration 153
Elapsed time for kappa 36.3084 sec
Elapsed time for experts 14.5729 sec
Elapsed time for households 12.6466 sec
Iteration 154
Elapsed time for kappa 34.6324 sec
Elapsed time for experts 14.1450 sec
Elapsed time for households 12.5031 sec
Iteration 155
Elapsed time for kappa 36.2932 sec
Elapsed time for experts 22.1257 sec
Elapsed time for households 14.0158 sec
Iteration 156
Elapsed time for kappa 36.4153 sec
Elapsed time for experts 17.3778 sec
Elapsed time for households 16.8615 sec
Iteration 157
Elapsed time for kappa 45.1918 sec
Elapsed time for experts 17.2686 sec
Elapsed time for households 15.1179 sec
Iteration 158
Elapsed time for kappa 44.1279 sec
Elapsed time for experts 15.0017 sec
Elapsed time for households 12.4606 sec
Iteration 159
Elapsed time for kappa 37.5266 sec
Elapsed time for experts 13.8788 sec
Elapsed time for households 13.1582 sec
Iteration 160
Elapsed time for kappa 36.8869 sec
Elapsed time for experts 16.1959 sec
Elapsed time for households 12.5120 sec
Iteration 161
Elapsed time for kappa 36.1246 sec
Elapsed time for experts 22.3481 sec
Elapsed time for households 14.1212 sec
Iteration 162
Elapsed time for kappa 45.5274 sec
Elapsed time for experts 14.1662 sec
Elapsed time for households 12.7327 sec
Iteration 163
Elapsed time for kappa 37.5914 sec
Elapsed time for experts 13.8416 sec
Elapsed time for households 12.6458 sec
Iteration 164
Elapsed time for kappa 36.3370 sec
Elapsed time for experts 13.2890 sec
Elapsed time for households 14.6410 sec
Iteration 165
Elapsed time for kappa 43.5883 sec
Elapsed time for experts 13.0985 sec
Elapsed time for households 12.7052 sec
Iteration 166
Elapsed time for kappa 35.1151 sec
Elapsed time for experts 13.7238 sec
Elapsed time for households 12.0863 sec
Iteration 167
Elapsed time for kappa 43.4122 sec
Elapsed time for experts 15.6655 sec
Elapsed time for households 13.1009 sec
Iteration 168
Elapsed time for kappa 37.1947 sec
Elapsed time for experts 13.8831 sec
Elapsed time for households 12.9362 sec
Iteration 169
Elapsed time for kappa 35.3861 sec
Elapsed time for experts 13.8039 sec
Elapsed time for households 14.8735 sec
Iteration 170
Elapsed time for kappa 36.0826 sec
Elapsed time for experts 16.4107 sec
Elapsed time for households 14.2279 sec
Iteration 171
Elapsed time for kappa 43.0859 sec
Elapsed time for experts 16.1086 sec
Elapsed time for households 15.4891 sec
Iteration 172
Elapsed time for kappa 36.1189 sec
Elapsed time for experts 15.9247 sec
Elapsed time for households 13.4341 sec
Iteration 173
Elapsed time for kappa 49.1922 sec
Elapsed time for experts 16.5686 sec
Elapsed time for households 15.4814 sec
Iteration 174
Elapsed time for kappa 38.2722 sec
Elapsed time for experts 16.6011 sec
Elapsed time for households 15.3660 sec
Iteration 175
Elapsed time for kappa 41.6152 sec
Elapsed time for experts 16.1491 sec
Elapsed time for households 14.0961 sec
Iteration 176
Elapsed time for kappa 35.0921 sec
Elapsed time for experts 13.9169 sec
Elapsed time for households 12.2942 sec
Iteration 177
Elapsed time for kappa 33.9289 sec
Elapsed time for experts 15.2588 sec
Elapsed time for households 14.6936 sec
Iteration 178
Elapsed time for kappa 42.2773 sec
Elapsed time for experts 13.9498 sec
Elapsed time for households 13.2611 sec
Iteration 179
Elapsed time for kappa 41.8559 sec
Elapsed time for experts 14.7065 sec
Elapsed time for households 13.2948 sec
Iteration 180
Elapsed time for kappa 36.0430 sec
Elapsed time for experts 16.3651 sec
Elapsed time for households 13.9182 sec
Iteration 181
Elapsed time for kappa 34.4858 sec
Elapsed time for experts 14.3003 sec
Elapsed time for households 15.2901 sec
Iteration 182
Elapsed time for kappa 43.2520 sec
Elapsed time for experts 13.9212 sec
Elapsed time for households 12.8449 sec
Iteration 183
Elapsed time for kappa 34.3343 sec
Elapsed time for experts 14.0263 sec
Elapsed time for households 12.4975 sec
Iteration 184
Elapsed time for kappa 41.8599 sec
Elapsed time for experts 13.6617 sec
Elapsed time for households 13.0124 sec
Iteration 185
Elapsed time for kappa 42.6191 sec
Elapsed time for experts 15.2360 sec
Elapsed time for households 15.8233 sec
Iteration 186
Elapsed time for kappa 40.2109 sec
Elapsed time for experts 13.9130 sec
Elapsed time for households 13.8015 sec
Iteration 187
Elapsed time for kappa 42.9021 sec
Elapsed time for experts 15.8050 sec
Elapsed time for households 14.8999 sec
Iteration 188
Elapsed time for kappa 37.2180 sec
Elapsed time for experts 13.8869 sec
Elapsed time for households 13.3894 sec
Iteration 189
Elapsed time for kappa 36.1892 sec
Elapsed time for experts 16.3135 sec
Elapsed time for households 14.8605 sec
Iteration 190
Elapsed time for kappa 35.0105 sec
Elapsed time for experts 13.9560 sec
Elapsed time for households 12.3653 sec
Iteration 191
Elapsed time for kappa 53.0844 sec
Elapsed time for experts 15.2613 sec
Elapsed time for households 16.0797 sec
Iteration 192
Elapsed time for kappa 37.6923 sec
Elapsed time for experts 14.1886 sec
Elapsed time for households 13.3303 sec
Iteration 193
Elapsed time for kappa 38.1608 sec
Elapsed time for experts 14.3601 sec
Elapsed time for households 12.5226 sec
Iteration 194
Elapsed time for kappa 35.6116 sec
Elapsed time for experts 13.6514 sec
Elapsed time for households 12.1859 sec
Iteration 195
Elapsed time for kappa 34.9252 sec
Elapsed time for experts 15.1249 sec
Elapsed time for households 13.2564 sec
Iteration 196
Elapsed time for kappa 33.4972 sec
Elapsed time for experts 16.7880 sec
Elapsed time for households 15.3082 sec
Iteration 197
Elapsed time for kappa 42.6281 sec
Elapsed time for experts 14.8107 sec
Elapsed time for households 15.4657 sec
Iteration 198
Elapsed time for kappa 40.7790 sec
Elapsed time for experts 15.3842 sec
Elapsed time for households 15.0132 sec
Iteration 199
Elapsed time for kappa 40.9520 sec
Elapsed time for experts 14.4407 sec
Elapsed time for households 15.2447 sec
Iteration 200
Elapsed time for kappa 43.0799 sec
Elapsed time for experts 13.3692 sec
Elapsed time for households 12.7886 sec
Iteration 201
Elapsed time for kappa 36.2688 sec
Elapsed time for experts 13.6156 sec
Elapsed time for households 12.0120 sec
Iteration 202
Elapsed time for kappa 33.8176 sec
Elapsed time for experts 13.6817 sec
Elapsed time for households 14.2326 sec
Iteration 203
Elapsed time for kappa 48.4832 sec
Elapsed time for experts 17.7008 sec
Elapsed time for households 14.9337 sec
Iteration 204
Elapsed time for kappa 44.4238 sec
Elapsed time for experts 14.5204 sec
Elapsed time for households 14.4724 sec
Iteration 205
Elapsed time for kappa 38.1853 sec
Elapsed time for experts 14.2627 sec
Elapsed time for households 14.2986 sec
Iteration 206
Elapsed time for kappa 40.7296 sec
Elapsed time for experts 13.7086 sec
Elapsed time for households 13.8209 sec
Iteration 207
Elapsed time for kappa 42.5425 sec
Elapsed time for experts 13.5367 sec
Elapsed time for households 13.3441 sec
Iteration 208
Elapsed time for kappa 35.4246 sec
Elapsed time for experts 13.5601 sec
Elapsed time for households 22.2695 sec
Iteration 209
Elapsed time for kappa 39.8210 sec
Elapsed time for experts 15.2175 sec
Elapsed time for households 13.3918 sec
Iteration 210
Elapsed time for kappa 36.9114 sec
Elapsed time for experts 15.4165 sec
Elapsed time for households 14.3654 sec
Iteration 211
Elapsed time for kappa 43.7730 sec
Elapsed time for experts 15.6589 sec
Elapsed time for households 13.6262 sec
Iteration 212
Elapsed time for kappa 34.7456 sec
Elapsed time for experts 14.2923 sec
Elapsed time for households 13.7766 sec
Iteration 213
Elapsed time for kappa 35.7260 sec
Elapsed time for experts 13.7773 sec
Elapsed time for households 12.8589 sec
Iteration 214
Elapsed time for kappa 34.3927 sec
Elapsed time for experts 20.4202 sec
Elapsed time for households 15.6689 sec
Iteration 215
Elapsed time for kappa 39.0012 sec
Elapsed time for experts 16.4255 sec
Elapsed time for households 15.9213 sec
Iteration 216
Elapsed time for kappa 35.6809 sec
Elapsed time for experts 14.3378 sec
Elapsed time for households 15.9193 sec
Iteration 217
Elapsed time for kappa 39.2903 sec
Elapsed time for experts 14.9323 sec
Elapsed time for households 13.6508 sec
Iteration 218
Elapsed time for kappa 38.1689 sec
Elapsed time for experts 15.5736 sec
Elapsed time for households 13.5610 sec
Iteration 219
Elapsed time for kappa 38.3813 sec
Elapsed time for experts 14.5990 sec
Elapsed time for households 13.3859 sec
Iteration 220
Elapsed time for kappa 39.1319 sec
Elapsed time for experts 15.4288 sec
Elapsed time for households 20.9922 sec
Iteration 221
Elapsed time for kappa 37.3705 sec
Elapsed time for experts 17.2881 sec
Elapsed time for households 15.6822 sec
Iteration 222
Elapsed time for kappa 44.4238 sec
Elapsed time for experts 16.3158 sec
Elapsed time for households 15.1371 sec
Iteration 223
Elapsed time for kappa 41.4634 sec
Elapsed time for experts 16.3292 sec
Elapsed time for households 14.0809 sec
Iteration 224
Elapsed time for kappa 42.2738 sec
Elapsed time for experts 13.5121 sec
Elapsed time for households 13.0078 sec
Iteration 225
Elapsed time for kappa 41.2300 sec
Elapsed time for experts 14.5159 sec
Elapsed time for households 14.1149 sec
Iteration 226
Elapsed time for kappa 35.7130 sec
Elapsed time for experts 13.8736 sec
Elapsed time for households 21.6095 sec
Iteration 227
Elapsed time for kappa 40.6151 sec
Elapsed time for experts 14.9306 sec
Elapsed time for households 14.2523 sec
Iteration 228
Elapsed time for kappa 38.0753 sec
Elapsed time for experts 13.9413 sec
Elapsed time for households 12.4590 sec
Iteration 229
Elapsed time for kappa 36.7838 sec
Elapsed time for experts 13.9841 sec
Elapsed time for households 13.1354 sec
Iteration 230
Elapsed time for kappa 33.2279 sec
Elapsed time for experts 12.5815 sec
Elapsed time for households 11.2701 sec
Iteration 231
Elapsed time for kappa 32.0033 sec
Elapsed time for experts 12.3070 sec
Elapsed time for households 12.0443 sec
Iteration 232
Elapsed time for kappa 32.6646 sec
Elapsed time for experts 12.5739 sec
Elapsed time for households 11.3157 sec
Iteration 233
Elapsed time for kappa 41.1241 sec
Elapsed time for experts 13.1484 sec
Elapsed time for households 12.3202 sec
Iteration 234
Elapsed time for kappa 32.9166 sec
Elapsed time for experts 12.6557 sec
Elapsed time for households 11.4497 sec
Iteration 235
Elapsed time for kappa 33.3831 sec
Elapsed time for experts 12.7493 sec
Elapsed time for households 11.8340 sec
Iteration 236
Elapsed time for kappa 33.0081 sec
Elapsed time for experts 13.4369 sec
Elapsed time for households 12.2647 sec
Iteration 237
Elapsed time for kappa 32.5374 sec
Elapsed time for experts 12.2972 sec
Elapsed time for households 11.0509 sec
Iteration 238
Elapsed time for kappa 31.9351 sec
Elapsed time for experts 12.6143 sec
Elapsed time for households 17.4363 sec
Iteration 239
Elapsed time for kappa 33.9873 sec
Elapsed time for experts 12.8175 sec
Elapsed time for households 12.4199 sec
Iteration 240
Elapsed time for kappa 33.4999 sec
Elapsed time for experts 12.6925 sec
Elapsed time for households 11.6314 sec
Iteration 241
Elapsed time for kappa 33.3554 sec
Elapsed time for experts 12.9188 sec
Elapsed time for households 11.9245 sec
Iteration 242
Elapsed time for kappa 32.2114 sec
Elapsed time for experts 12.5579 sec
Elapsed time for households 11.7824 sec
Iteration 243
Elapsed time for kappa 31.6478 sec
Elapsed time for experts 12.6002 sec
Elapsed time for households 11.7711 sec
Iteration 244
Elapsed time for kappa 31.6099 sec
Elapsed time for experts 12.0445 sec
Elapsed time for households 17.8581 sec
Iteration 245
Elapsed time for kappa 34.2828 sec
Elapsed time for experts 12.7782 sec
Elapsed time for households 11.5366 sec
Iteration 246
Elapsed time for kappa 33.5346 sec
Elapsed time for experts 12.5870 sec
Elapsed time for households 11.3711 sec
Iteration 247
Elapsed time for kappa 32.5659 sec
Elapsed time for experts 12.6920 sec
Elapsed time for households 12.9611 sec
Iteration 248
Elapsed time for kappa 32.7521 sec
Elapsed time for experts 13.1687 sec
Elapsed time for households 11.2427 sec
Iteration 249
Elapsed time for kappa 31.9543 sec
Elapsed time for experts 12.2844 sec
Elapsed time for households 11.4175 sec
Iteration 250
Elapsed time for kappa 32.3278 sec
Elapsed time for experts 12.1932 sec
Elapsed time for households 11.6929 sec
Iteration 251
Elapsed time for kappa 39.8015 sec
Elapsed time for experts 12.9408 sec
Elapsed time for households 12.8323 sec
Iteration 252
Elapsed time for kappa 33.6007 sec
Elapsed time for experts 12.9537 sec
Elapsed time for households 12.6702 sec
Iteration 253
Elapsed time for kappa 33.5491 sec
Elapsed time for experts 12.7217 sec
Elapsed time for households 13.4348 sec
Iteration 254
Elapsed time for kappa 32.4985 sec
Elapsed time for experts 12.6104 sec
Elapsed time for households 11.6359 sec
Iteration 255
Elapsed time for kappa 31.8063 sec
Elapsed time for experts 15.4751 sec
Elapsed time for households 14.7296 sec
Iteration 256
Elapsed time for kappa 32.5392 sec
Elapsed time for experts 19.0078 sec
Elapsed time for households 12.2758 sec
Iteration 257
Elapsed time for kappa 33.4297 sec
Elapsed time for experts 13.1650 sec
Elapsed time for households 12.2465 sec
Iteration 258
Elapsed time for kappa 34.4985 sec
Elapsed time for experts 12.6338 sec
Elapsed time for households 12.3246 sec
Iteration 259
Elapsed time for kappa 32.8622 sec
Elapsed time for experts 13.0544 sec
Elapsed time for households 11.7414 sec
Iteration 260
Elapsed time for kappa 32.1861 sec
Elapsed time for experts 12.3857 sec
Elapsed time for households 11.7719 sec
Iteration 261
Elapsed time for kappa 32.6278 sec
Elapsed time for experts 12.2520 sec
Elapsed time for households 11.0710 sec
Iteration 262
Elapsed time for kappa 31.5321 sec
Elapsed time for experts 12.1216 sec
Elapsed time for households 17.6701 sec
Iteration 263
Elapsed time for kappa 34.1909 sec
Elapsed time for experts 13.1879 sec
Elapsed time for households 12.4891 sec
Iteration 264
Elapsed time for kappa 32.8775 sec
Elapsed time for experts 12.8703 sec
Elapsed time for households 12.3230 sec
Iteration 265
Elapsed time for kappa 43.5509 sec
Elapsed time for experts 13.0037 sec
Elapsed time for households 12.1717 sec
Iteration 266
Elapsed time for kappa 33.2499 sec
Elapsed time for experts 12.5733 sec
Elapsed time for households 11.9304 sec
Iteration 267
Elapsed time for kappa 32.1441 sec
Elapsed time for experts 12.3931 sec
Elapsed time for households 11.5094 sec
Iteration 268
Elapsed time for kappa 32.2573 sec
Elapsed time for experts 12.1956 sec
Elapsed time for households 18.8856 sec
Iteration 269
Elapsed time for kappa 33.5286 sec
Elapsed time for experts 12.8618 sec
Elapsed time for households 12.2270 sec
Iteration 270
Elapsed time for kappa 33.5379 sec
Elapsed time for experts 12.5560 sec
Elapsed time for households 11.6608 sec
Iteration 271
Elapsed time for kappa 32.7006 sec
Elapsed time for experts 13.0210 sec
Elapsed time for households 11.7647 sec
Iteration 272
Elapsed time for kappa 32.3805 sec
Elapsed time for experts 13.1648 sec
Elapsed time for households 11.8694 sec
Iteration 273
Elapsed time for kappa 31.8957 sec
Elapsed time for experts 12.3491 sec
Elapsed time for households 11.3524 sec
Iteration 274
Elapsed time for kappa 38.2695 sec
Elapsed time for experts 12.1725 sec
Elapsed time for households 10.9048 sec
Iteration 275
Elapsed time for kappa 40.3940 sec
Elapsed time for experts 13.1619 sec
Elapsed time for households 12.6768 sec
Iteration 276
Elapsed time for kappa 33.3974 sec
Elapsed time for experts 13.0206 sec
Elapsed time for households 11.4840 sec
Iteration 277
Elapsed time for kappa 33.4537 sec
Elapsed time for experts 12.8268 sec
Elapsed time for households 12.3151 sec
Iteration 278
Elapsed time for kappa 33.1067 sec
Elapsed time for experts 13.2038 sec
Elapsed time for households 11.3863 sec
Iteration 279
Elapsed time for kappa 32.1381 sec
Elapsed time for experts 12.3077 sec
Elapsed time for households 11.1218 sec
Iteration 280
Elapsed time for kappa 32.1786 sec
Elapsed time for experts 12.5949 sec
Elapsed time for households 18.3522 sec
Iteration 281
Elapsed time for kappa 33.7600 sec
Elapsed time for experts 13.3272 sec
Elapsed time for households 11.6262 sec
Iteration 282
Elapsed time for kappa 33.4217 sec
Elapsed time for experts 12.5700 sec
Elapsed time for households 12.2891 sec
Iteration 283
Elapsed time for kappa 32.8939 sec
Elapsed time for experts 12.7288 sec
Elapsed time for households 11.5090 sec
Iteration 284
Elapsed time for kappa 32.4840 sec
Elapsed time for experts 12.8041 sec
Elapsed time for households 13.3052 sec
Iteration 285
Elapsed time for kappa 39.1349 sec
Elapsed time for experts 14.2117 sec
Elapsed time for households 13.6872 sec
Iteration 286
Elapsed time for kappa 32.0069 sec
Elapsed time for experts 13.8462 sec
Elapsed time for households 12.9742 sec
Iteration 287
Elapsed time for kappa 46.8599 sec
Elapsed time for experts 14.2578 sec
Elapsed time for households 12.5288 sec
Iteration 288
Elapsed time for kappa 36.1904 sec
Elapsed time for experts 14.0361 sec
Elapsed time for households 12.7351 sec
Iteration 289
Elapsed time for kappa 34.2918 sec
Elapsed time for experts 13.1106 sec
Elapsed time for households 12.6251 sec
Iteration 290
Elapsed time for kappa 38.4304 sec
Elapsed time for experts 12.8354 sec
Elapsed time for households 12.1332 sec
Iteration 291
Elapsed time for kappa 33.6595 sec
Elapsed time for experts 14.5484 sec
Elapsed time for households 12.0781 sec
Iteration 292
Elapsed time for kappa 36.0036 sec
Elapsed time for experts 13.6493 sec
Elapsed time for households 13.5955 sec
Iteration 293
Elapsed time for kappa 44.5442 sec
Elapsed time for experts 13.9619 sec
Elapsed time for households 12.5931 sec
Iteration 294
Elapsed time for kappa 33.7413 sec
Elapsed time for experts 12.9487 sec
Elapsed time for households 11.7471 sec
Iteration 295
Elapsed time for kappa 33.2237 sec
Elapsed time for experts 12.9321 sec
Elapsed time for households 13.1920 sec
Iteration 296
Elapsed time for kappa 33.4119 sec
Elapsed time for experts 12.6085 sec
Elapsed time for households 11.3949 sec
Iteration 297
Elapsed time for kappa 35.0787 sec
Elapsed time for experts 12.4168 sec
Elapsed time for households 13.3244 sec
Iteration 298
Elapsed time for kappa 44.9598 sec
Elapsed time for experts 18.7633 sec
Elapsed time for households 14.4882 sec
Iteration 299
Elapsed time for kappa 36.0653 sec
Elapsed time for experts 13.0720 sec
Elapsed time for households 11.5458 sec
Elapsed time for training 20744.2831 sec
90000 90000 90000 90000
