Iteration 0
Elapsed time for kappa 67.8650 sec
Elapsed time for experts 19.1772 sec
Elapsed time for households 14.3548 sec
Iteration 1
Elapsed time for kappa 32.2197 sec
Elapsed time for experts 14.7571 sec
Elapsed time for households 13.4009 sec
Iteration 2
Elapsed time for kappa 32.1888 sec
Elapsed time for experts 13.3728 sec
Elapsed time for households 12.9851 sec
Iteration 3
Elapsed time for kappa 32.3294 sec
Elapsed time for experts 13.5321 sec
Elapsed time for households 10.5644 sec
Iteration 4
Elapsed time for kappa 32.2286 sec
Elapsed time for experts 13.3889 sec
Elapsed time for households 10.5602 sec
Iteration 5
Elapsed time for kappa 32.6360 sec
Elapsed time for experts 13.6121 sec
Elapsed time for households 12.4100 sec
Iteration 6
Elapsed time for kappa 32.3215 sec
Elapsed time for experts 13.2323 sec
Elapsed time for households 11.1177 sec
Iteration 7
Elapsed time for kappa 32.2542 sec
Elapsed time for experts 11.6604 sec
Elapsed time for households 17.1554 sec
Iteration 8
Elapsed time for kappa 32.6466 sec
Elapsed time for experts 13.1607 sec
Elapsed time for households 10.7828 sec
Iteration 9
Elapsed time for kappa 32.9009 sec
Elapsed time for experts 12.2317 sec
Elapsed time for households 11.2284 sec
Iteration 10
Elapsed time for kappa 35.4890 sec
Elapsed time for experts 12.1135 sec
Elapsed time for households 10.4587 sec
Iteration 11
Elapsed time for kappa 32.6056 sec
Elapsed time for experts 13.9528 sec
Elapsed time for households 10.6025 sec
Iteration 12
Elapsed time for kappa 32.4269 sec
Elapsed time for experts 11.6923 sec
Elapsed time for households 10.8202 sec
Iteration 13
Elapsed time for kappa 32.2336 sec
Elapsed time for experts 20.3682 sec
Elapsed time for households 11.4372 sec
Iteration 14
Elapsed time for kappa 32.1746 sec
Elapsed time for experts 12.1818 sec
Elapsed time for households 15.0897 sec
Iteration 15
Elapsed time for kappa 32.0609 sec
Elapsed time for experts 12.3974 sec
Elapsed time for households 10.4093 sec
Iteration 16
Elapsed time for kappa 33.2903 sec
Elapsed time for experts 12.7152 sec
Elapsed time for households 11.6125 sec
Iteration 17
Elapsed time for kappa 31.7218 sec
Elapsed time for experts 11.8890 sec
Elapsed time for households 11.2809 sec
Iteration 18
Elapsed time for kappa 32.1986 sec
Elapsed time for experts 13.2031 sec
Elapsed time for households 10.6333 sec
Iteration 19
Elapsed time for kappa 32.3350 sec
Elapsed time for experts 19.3530 sec
Elapsed time for households 12.2987 sec
Iteration 20
Elapsed time for kappa 32.0219 sec
Elapsed time for experts 12.0082 sec
Elapsed time for households 13.2556 sec
Iteration 21
Elapsed time for kappa 35.0007 sec
Elapsed time for experts 11.7948 sec
Elapsed time for households 10.9276 sec
Iteration 22
Elapsed time for kappa 32.3158 sec
Elapsed time for experts 12.7866 sec
Elapsed time for households 11.1743 sec
Iteration 23
Elapsed time for kappa 32.3319 sec
Elapsed time for experts 13.1331 sec
Elapsed time for households 10.3597 sec
Iteration 24
Elapsed time for kappa 32.1998 sec
Elapsed time for experts 12.3967 sec
Elapsed time for households 10.8440 sec
Iteration 25
Elapsed time for kappa 31.9607 sec
Elapsed time for experts 18.9742 sec
Elapsed time for households 12.2033 sec
Iteration 26
Elapsed time for kappa 31.7506 sec
Elapsed time for experts 12.2762 sec
Elapsed time for households 10.6837 sec
Iteration 27
Elapsed time for kappa 31.9110 sec
Elapsed time for experts 12.1782 sec
Elapsed time for households 11.8083 sec
Iteration 28
Elapsed time for kappa 31.9766 sec
Elapsed time for experts 13.2341 sec
Elapsed time for households 12.6976 sec
Iteration 29
Elapsed time for kappa 31.8019 sec
Elapsed time for experts 11.8539 sec
Elapsed time for households 10.5292 sec
Iteration 30
Elapsed time for kappa 32.2352 sec
Elapsed time for experts 12.5809 sec
Elapsed time for households 10.5040 sec
Iteration 31
Elapsed time for kappa 32.0478 sec
Elapsed time for experts 19.6710 sec
Elapsed time for households 10.8294 sec
Iteration 32
Elapsed time for kappa 31.7386 sec
Elapsed time for experts 12.9911 sec
Elapsed time for households 10.3806 sec
Iteration 33
Elapsed time for kappa 31.7947 sec
Elapsed time for experts 11.9551 sec
Elapsed time for households 11.9720 sec
Iteration 34
Elapsed time for kappa 34.5095 sec
Elapsed time for experts 13.2888 sec
Elapsed time for households 11.8180 sec
Iteration 35
Elapsed time for kappa 31.7068 sec
Elapsed time for experts 13.0594 sec
Elapsed time for households 11.5380 sec
Iteration 36
Elapsed time for kappa 31.1558 sec
Elapsed time for experts 11.8388 sec
Elapsed time for households 10.1459 sec
Iteration 37
Elapsed time for kappa 38.0037 sec
Elapsed time for experts 14.0499 sec
Elapsed time for households 11.7288 sec
Iteration 38
Elapsed time for kappa 32.0573 sec
Elapsed time for experts 12.6445 sec
Elapsed time for households 10.7038 sec
Iteration 39
Elapsed time for kappa 31.0202 sec
Elapsed time for experts 12.2887 sec
Elapsed time for households 10.2728 sec
Iteration 40
Elapsed time for kappa 31.1008 sec
Elapsed time for experts 12.2308 sec
Elapsed time for households 10.9832 sec
Iteration 41
Elapsed time for kappa 31.6772 sec
Elapsed time for experts 12.1824 sec
Elapsed time for households 11.8602 sec
Iteration 42
Elapsed time for kappa 32.0620 sec
Elapsed time for experts 12.3439 sec
Elapsed time for households 11.2615 sec
Iteration 43
Elapsed time for kappa 38.1011 sec
Elapsed time for experts 12.9240 sec
Elapsed time for households 13.1006 sec
Iteration 44
Elapsed time for kappa 31.0756 sec
Elapsed time for experts 13.1043 sec
Elapsed time for households 11.8352 sec
Iteration 45
Elapsed time for kappa 34.0786 sec
Elapsed time for experts 12.6485 sec
Elapsed time for households 12.8276 sec
Iteration 46
Elapsed time for kappa 30.7788 sec
Elapsed time for experts 12.3060 sec
Elapsed time for households 10.7386 sec
Iteration 47
Elapsed time for kappa 31.1332 sec
Elapsed time for experts 11.4486 sec
Elapsed time for households 10.9789 sec
Iteration 48
Elapsed time for kappa 31.3195 sec
Elapsed time for experts 12.5084 sec
Elapsed time for households 12.0177 sec
Iteration 49
Elapsed time for kappa 37.7678 sec
Elapsed time for experts 12.6850 sec
Elapsed time for households 12.0323 sec
Iteration 50
Elapsed time for kappa 31.3383 sec
Elapsed time for experts 12.3785 sec
Elapsed time for households 10.7980 sec
Iteration 51
Elapsed time for kappa 31.0984 sec
Elapsed time for experts 11.8944 sec
Elapsed time for households 10.5135 sec
Iteration 52
Elapsed time for kappa 31.0210 sec
Elapsed time for experts 12.6907 sec
Elapsed time for households 11.4406 sec
Iteration 53
Elapsed time for kappa 30.5906 sec
Elapsed time for experts 11.5730 sec
Elapsed time for households 10.8014 sec
Iteration 54
Elapsed time for kappa 30.7600 sec
Elapsed time for experts 13.2195 sec
Elapsed time for households 10.1250 sec
Iteration 55
Elapsed time for kappa 37.5516 sec
Elapsed time for experts 13.5896 sec
Elapsed time for households 11.6683 sec
Iteration 56
Elapsed time for kappa 30.3962 sec
Elapsed time for experts 12.2219 sec
Elapsed time for households 11.5475 sec
Iteration 57
Elapsed time for kappa 33.4894 sec
Elapsed time for experts 12.9595 sec
Elapsed time for households 12.7702 sec
Iteration 58
Elapsed time for kappa 30.2818 sec
Elapsed time for experts 11.6214 sec
Elapsed time for households 11.5207 sec
Iteration 59
Elapsed time for kappa 29.8669 sec
Elapsed time for experts 11.6242 sec
Elapsed time for households 9.8611 sec
Iteration 60
Elapsed time for kappa 30.2571 sec
Elapsed time for experts 11.8971 sec
Elapsed time for households 11.3318 sec
Iteration 61
Elapsed time for kappa 36.7857 sec
Elapsed time for experts 13.3300 sec
Elapsed time for households 13.3462 sec
Iteration 62
Elapsed time for kappa 30.3272 sec
Elapsed time for experts 12.2555 sec
Elapsed time for households 10.1702 sec
Iteration 63
Elapsed time for kappa 30.2583 sec
Elapsed time for experts 12.7867 sec
Elapsed time for households 12.0688 sec
Iteration 64
Elapsed time for kappa 29.8186 sec
Elapsed time for experts 12.7161 sec
Elapsed time for households 10.4156 sec
Iteration 65
Elapsed time for kappa 29.9141 sec
Elapsed time for experts 11.6501 sec
Elapsed time for households 11.4383 sec
Iteration 66
Elapsed time for kappa 30.4901 sec
Elapsed time for experts 11.4190 sec
Elapsed time for households 10.0934 sec
Iteration 67
Elapsed time for kappa 36.3319 sec
Elapsed time for experts 12.2913 sec
Elapsed time for households 10.5491 sec
Iteration 68
Elapsed time for kappa 30.5022 sec
Elapsed time for experts 11.8530 sec
Elapsed time for households 10.5238 sec
Iteration 69
Elapsed time for kappa 29.8951 sec
Elapsed time for experts 11.8939 sec
Elapsed time for households 11.7261 sec
Iteration 70
Elapsed time for kappa 29.7849 sec
Elapsed time for experts 11.6989 sec
Elapsed time for households 10.5344 sec
Iteration 71
Elapsed time for kappa 32.6322 sec
Elapsed time for experts 13.1113 sec
Elapsed time for households 10.3056 sec
Iteration 72
Elapsed time for kappa 29.7531 sec
Elapsed time for experts 11.8481 sec
Elapsed time for households 17.5188 sec
Iteration 73
Elapsed time for kappa 30.8833 sec
Elapsed time for experts 12.6444 sec
Elapsed time for households 11.9249 sec
Iteration 74
Elapsed time for kappa 30.3384 sec
Elapsed time for experts 11.9429 sec
Elapsed time for households 10.4670 sec
Iteration 75
Elapsed time for kappa 30.0084 sec
Elapsed time for experts 12.1742 sec
Elapsed time for households 10.2395 sec
Iteration 76
Elapsed time for kappa 29.0831 sec
Elapsed time for experts 12.4388 sec
Elapsed time for households 11.1270 sec
Iteration 77
Elapsed time for kappa 29.1115 sec
Elapsed time for experts 11.3649 sec
Elapsed time for households 10.0559 sec
Iteration 78
Elapsed time for kappa 29.4349 sec
Elapsed time for experts 17.8108 sec
Elapsed time for households 13.0140 sec
Iteration 79
Elapsed time for kappa 30.1746 sec
Elapsed time for experts 12.4553 sec
Elapsed time for households 10.7364 sec
Iteration 80
Elapsed time for kappa 29.7234 sec
Elapsed time for experts 12.0184 sec
Elapsed time for households 11.0946 sec
Iteration 81
Elapsed time for kappa 29.6474 sec
Elapsed time for experts 11.7839 sec
Elapsed time for households 11.6069 sec
Iteration 82
Elapsed time for kappa 29.1907 sec
Elapsed time for experts 11.2108 sec
Elapsed time for households 9.7295 sec
Iteration 83
Elapsed time for kappa 28.9920 sec
Elapsed time for experts 11.7762 sec
Elapsed time for households 10.4834 sec
Iteration 84
Elapsed time for kappa 29.2675 sec
Elapsed time for experts 18.8670 sec
Elapsed time for households 11.4053 sec
Iteration 85
Elapsed time for kappa 30.1033 sec
Elapsed time for experts 13.0755 sec
Elapsed time for households 11.4930 sec
Iteration 86
Elapsed time for kappa 29.5656 sec
Elapsed time for experts 12.9534 sec
Elapsed time for households 10.1208 sec
Iteration 87
Elapsed time for kappa 29.3971 sec
Elapsed time for experts 12.1177 sec
Elapsed time for households 10.0050 sec
Iteration 88
Elapsed time for kappa 29.3192 sec
Elapsed time for experts 11.5435 sec
Elapsed time for households 10.2197 sec
Iteration 89
Elapsed time for kappa 29.2007 sec
Elapsed time for experts 11.5511 sec
Elapsed time for households 10.1573 sec
Iteration 90
Elapsed time for kappa 29.1480 sec
Elapsed time for experts 17.9305 sec
Elapsed time for households 10.9204 sec
Iteration 91
Elapsed time for kappa 30.5026 sec
Elapsed time for experts 12.6799 sec
Elapsed time for households 11.1522 sec
Iteration 92
Elapsed time for kappa 29.6069 sec
Elapsed time for experts 11.8635 sec
Elapsed time for households 10.3441 sec
Iteration 93
Elapsed time for kappa 29.6155 sec
Elapsed time for experts 11.9338 sec
Elapsed time for households 11.0798 sec
Iteration 94
Elapsed time for kappa 29.6179 sec
Elapsed time for experts 11.2783 sec
Elapsed time for households 10.1802 sec
Iteration 95
Elapsed time for kappa 28.7594 sec
Elapsed time for experts 11.6879 sec
Elapsed time for households 10.5497 sec
Iteration 96
Elapsed time for kappa 29.1758 sec
Elapsed time for experts 18.1691 sec
Elapsed time for households 11.0184 sec
Iteration 97
Elapsed time for kappa 30.2276 sec
Elapsed time for experts 12.3670 sec
Elapsed time for households 11.3209 sec
Iteration 98
Elapsed time for kappa 29.8084 sec
Elapsed time for experts 13.6410 sec
Elapsed time for households 11.0335 sec
Iteration 99
Elapsed time for kappa 31.0470 sec
Elapsed time for experts 13.3330 sec
Elapsed time for households 12.1831 sec
Iteration 100
Elapsed time for kappa 31.1907 sec
Elapsed time for experts 13.1607 sec
Elapsed time for households 11.7915 sec
Iteration 101
Elapsed time for kappa 30.7622 sec
Elapsed time for experts 12.6896 sec
Elapsed time for households 10.7193 sec
Iteration 102
Elapsed time for kappa 38.3889 sec
Elapsed time for experts 14.1022 sec
Elapsed time for households 12.3865 sec
Iteration 103
Elapsed time for kappa 35.0645 sec
Elapsed time for experts 14.9744 sec
Elapsed time for households 11.4161 sec
Iteration 104
Elapsed time for kappa 32.3945 sec
Elapsed time for experts 13.1861 sec
Elapsed time for households 13.0785 sec
Iteration 105
Elapsed time for kappa 31.7287 sec
Elapsed time for experts 12.9052 sec
Elapsed time for households 12.8669 sec
Iteration 106
Elapsed time for kappa 31.2051 sec
Elapsed time for experts 12.4131 sec
Elapsed time for households 11.7207 sec
Iteration 107
Elapsed time for kappa 31.3696 sec
Elapsed time for experts 12.6675 sec
Elapsed time for households 11.2005 sec
Iteration 108
Elapsed time for kappa 39.6009 sec
Elapsed time for experts 13.7223 sec
Elapsed time for households 12.8868 sec
Iteration 109
Elapsed time for kappa 33.0839 sec
Elapsed time for experts 12.8871 sec
Elapsed time for households 11.5518 sec
Iteration 110
Elapsed time for kappa 33.0468 sec
Elapsed time for experts 13.0335 sec
Elapsed time for households 11.4986 sec
Iteration 111
Elapsed time for kappa 32.6508 sec
Elapsed time for experts 13.7774 sec
Elapsed time for households 12.4474 sec
Iteration 112
Elapsed time for kappa 32.0904 sec
Elapsed time for experts 12.6565 sec
Elapsed time for households 11.3931 sec
Iteration 113
Elapsed time for kappa 31.2910 sec
Elapsed time for experts 13.0790 sec
Elapsed time for households 10.9155 sec
Iteration 114
Elapsed time for kappa 39.7225 sec
Elapsed time for experts 14.9853 sec
Elapsed time for households 13.4673 sec
Iteration 115
Elapsed time for kappa 35.6356 sec
Elapsed time for experts 15.3178 sec
Elapsed time for households 13.1865 sec
Iteration 116
Elapsed time for kappa 32.3617 sec
Elapsed time for experts 12.9415 sec
Elapsed time for households 13.0003 sec
Iteration 117
Elapsed time for kappa 31.9938 sec
Elapsed time for experts 13.6067 sec
Elapsed time for households 12.7441 sec
Iteration 118
Elapsed time for kappa 32.0940 sec
Elapsed time for experts 14.8036 sec
Elapsed time for households 12.2399 sec
Iteration 119
Elapsed time for kappa 31.3160 sec
Elapsed time for experts 12.6353 sec
Elapsed time for households 10.8632 sec
Iteration 120
Elapsed time for kappa 39.0606 sec
Elapsed time for experts 14.8499 sec
Elapsed time for households 12.8525 sec
Iteration 121
Elapsed time for kappa 33.3857 sec
Elapsed time for experts 13.9020 sec
Elapsed time for households 11.7709 sec
Iteration 122
Elapsed time for kappa 32.6867 sec
Elapsed time for experts 14.3662 sec
Elapsed time for households 11.6688 sec
Iteration 123
Elapsed time for kappa 31.7896 sec
Elapsed time for experts 12.3954 sec
Elapsed time for households 12.7234 sec
Iteration 124
Elapsed time for kappa 32.0957 sec
Elapsed time for experts 13.3435 sec
Elapsed time for households 11.6749 sec
Iteration 125
Elapsed time for kappa 34.9091 sec
Elapsed time for experts 13.0933 sec
Elapsed time for households 11.2744 sec
Iteration 126
Elapsed time for kappa 39.4211 sec
Elapsed time for experts 13.3013 sec
Elapsed time for households 13.6211 sec
Iteration 127
Elapsed time for kappa 33.3016 sec
Elapsed time for experts 13.5797 sec
Elapsed time for households 11.7421 sec
Iteration 128
Elapsed time for kappa 31.8962 sec
Elapsed time for experts 13.9019 sec
Elapsed time for households 11.4925 sec
Iteration 129
Elapsed time for kappa 32.0339 sec
Elapsed time for experts 13.3502 sec
Elapsed time for households 12.6524 sec
Iteration 130
Elapsed time for kappa 31.7294 sec
Elapsed time for experts 13.2282 sec
Elapsed time for households 11.3423 sec
Iteration 131
Elapsed time for kappa 31.5407 sec
Elapsed time for experts 12.7795 sec
Elapsed time for households 11.1086 sec
Iteration 132
Elapsed time for kappa 39.8182 sec
Elapsed time for experts 14.0307 sec
Elapsed time for households 12.9157 sec
Iteration 133
Elapsed time for kappa 33.1723 sec
Elapsed time for experts 13.9554 sec
Elapsed time for households 11.2551 sec
Iteration 134
Elapsed time for kappa 31.4227 sec
Elapsed time for experts 14.3005 sec
Elapsed time for households 12.6932 sec
Iteration 135
Elapsed time for kappa 31.8587 sec
Elapsed time for experts 14.1961 sec
Elapsed time for households 11.3355 sec
Iteration 136
Elapsed time for kappa 31.7731 sec
Elapsed time for experts 13.6417 sec
Elapsed time for households 12.7594 sec
Iteration 137
Elapsed time for kappa 32.3086 sec
Elapsed time for experts 13.2571 sec
Elapsed time for households 12.3859 sec
Iteration 138
Elapsed time for kappa 39.6425 sec
Elapsed time for experts 14.1790 sec
Elapsed time for households 12.3987 sec
Iteration 139
Elapsed time for kappa 33.2923 sec
Elapsed time for experts 13.5055 sec
Elapsed time for households 13.4822 sec
Iteration 140
Elapsed time for kappa 35.0601 sec
Elapsed time for experts 13.3417 sec
Elapsed time for households 11.4611 sec
Iteration 141
Elapsed time for kappa 31.5125 sec
Elapsed time for experts 14.4515 sec
Elapsed time for households 12.5766 sec
Iteration 142
Elapsed time for kappa 31.9159 sec
Elapsed time for experts 14.1239 sec
Elapsed time for households 11.7886 sec
Iteration 143
Elapsed time for kappa 31.8913 sec
Elapsed time for experts 19.0408 sec
Elapsed time for households 11.9738 sec
Iteration 144
Elapsed time for kappa 33.2870 sec
Elapsed time for experts 14.6093 sec
Elapsed time for households 12.4141 sec
Iteration 145
Elapsed time for kappa 32.9518 sec
Elapsed time for experts 13.2354 sec
Elapsed time for households 11.8294 sec
Iteration 146
Elapsed time for kappa 31.6386 sec
Elapsed time for experts 12.3903 sec
Elapsed time for households 11.7857 sec
Iteration 147
Elapsed time for kappa 31.3301 sec
Elapsed time for experts 13.3986 sec
Elapsed time for households 11.1422 sec
Iteration 148
Elapsed time for kappa 30.3717 sec
Elapsed time for experts 12.1631 sec
Elapsed time for households 13.5533 sec
Iteration 149
Elapsed time for kappa 30.4166 sec
Elapsed time for experts 13.0992 sec
Elapsed time for households 17.2756 sec
Iteration 150
Elapsed time for kappa 32.2210 sec
Elapsed time for experts 13.3223 sec
Elapsed time for households 11.5891 sec
Iteration 151
Elapsed time for kappa 32.4924 sec
Elapsed time for experts 14.2227 sec
Elapsed time for households 12.2664 sec
Iteration 152
Elapsed time for kappa 31.7409 sec
Elapsed time for experts 12.2291 sec
Elapsed time for households 10.9982 sec
Iteration 153
Elapsed time for kappa 30.5844 sec
Elapsed time for experts 12.5175 sec
Elapsed time for households 11.0414 sec
Iteration 154
Elapsed time for kappa 30.6227 sec
Elapsed time for experts 13.8314 sec
Elapsed time for households 10.7566 sec
Iteration 155
Elapsed time for kappa 30.0917 sec
Elapsed time for experts 12.5374 sec
Elapsed time for households 18.1878 sec
Iteration 156
Elapsed time for kappa 32.4721 sec
Elapsed time for experts 13.7901 sec
Elapsed time for households 12.3581 sec
Iteration 157
Elapsed time for kappa 32.3490 sec
Elapsed time for experts 13.8007 sec
Elapsed time for households 11.1439 sec
Iteration 158
Elapsed time for kappa 31.8684 sec
Elapsed time for experts 13.3185 sec
Elapsed time for households 12.5459 sec
Iteration 159
Elapsed time for kappa 30.8076 sec
Elapsed time for experts 11.8431 sec
Elapsed time for households 11.4375 sec
Iteration 160
Elapsed time for kappa 30.7882 sec
Elapsed time for experts 12.5953 sec
Elapsed time for households 12.0187 sec
Iteration 161
Elapsed time for kappa 31.1575 sec
Elapsed time for experts 12.2955 sec
Elapsed time for households 10.7203 sec
Iteration 162
Elapsed time for kappa 38.8340 sec
Elapsed time for experts 13.0092 sec
Elapsed time for households 13.1040 sec
Iteration 163
Elapsed time for kappa 32.2399 sec
Elapsed time for experts 12.5836 sec
Elapsed time for households 13.8964 sec
Iteration 164
Elapsed time for kappa 32.8167 sec
Elapsed time for experts 12.9558 sec
Elapsed time for households 11.2571 sec
Iteration 165
Elapsed time for kappa 34.6750 sec
Elapsed time for experts 12.8655 sec
Elapsed time for households 11.2530 sec
Iteration 166
Elapsed time for kappa 30.7554 sec
Elapsed time for experts 12.4744 sec
Elapsed time for households 11.6306 sec
Iteration 167
Elapsed time for kappa 30.5573 sec
Elapsed time for experts 13.7823 sec
Elapsed time for households 18.3869 sec
Iteration 168
Elapsed time for kappa 32.8846 sec
Elapsed time for experts 13.6187 sec
Elapsed time for households 12.6908 sec
Iteration 169
Elapsed time for kappa 32.1041 sec
Elapsed time for experts 12.6050 sec
Elapsed time for households 10.9213 sec
Iteration 170
Elapsed time for kappa 31.3769 sec
Elapsed time for experts 13.2351 sec
Elapsed time for households 12.4299 sec
Iteration 171
Elapsed time for kappa 32.2574 sec
Elapsed time for experts 14.1641 sec
Elapsed time for households 11.3214 sec
Iteration 172
Elapsed time for kappa 30.9220 sec
Elapsed time for experts 12.9526 sec
Elapsed time for households 11.3251 sec
Iteration 173
Elapsed time for kappa 30.2820 sec
Elapsed time for experts 13.1803 sec
Elapsed time for households 11.2836 sec
Iteration 174
Elapsed time for kappa 39.6392 sec
Elapsed time for experts 13.0489 sec
Elapsed time for households 11.3593 sec
Iteration 175
Elapsed time for kappa 32.6375 sec
Elapsed time for experts 14.2085 sec
Elapsed time for households 12.4099 sec
Iteration 176
Elapsed time for kappa 32.3291 sec
Elapsed time for experts 14.4979 sec
Elapsed time for households 12.9365 sec
Iteration 177
Elapsed time for kappa 32.6241 sec
Elapsed time for experts 13.5462 sec
Elapsed time for households 12.4550 sec
Iteration 178
Elapsed time for kappa 32.2237 sec
Elapsed time for experts 14.8345 sec
Elapsed time for households 12.3296 sec
Iteration 179
Elapsed time for kappa 31.2328 sec
Elapsed time for experts 13.9723 sec
Elapsed time for households 12.2455 sec
Iteration 180
Elapsed time for kappa 40.0096 sec
Elapsed time for experts 13.4962 sec
Elapsed time for households 11.1060 sec
Iteration 181
Elapsed time for kappa 31.8506 sec
Elapsed time for experts 13.5415 sec
Elapsed time for households 12.6537 sec
Iteration 182
Elapsed time for kappa 32.2774 sec
Elapsed time for experts 14.3615 sec
Elapsed time for households 12.1017 sec
Iteration 183
Elapsed time for kappa 31.5457 sec
Elapsed time for experts 12.6374 sec
Elapsed time for households 11.7937 sec
Iteration 184
Elapsed time for kappa 30.7144 sec
Elapsed time for experts 11.8064 sec
Elapsed time for households 10.5428 sec
Iteration 185
Elapsed time for kappa 28.6852 sec
Elapsed time for experts 17.3288 sec
Elapsed time for households 11.7034 sec
Iteration 186
Elapsed time for kappa 29.9566 sec
Elapsed time for experts 12.5626 sec
Elapsed time for households 10.7267 sec
Iteration 187
Elapsed time for kappa 29.8529 sec
Elapsed time for experts 12.2209 sec
Elapsed time for households 11.0682 sec
Iteration 188
Elapsed time for kappa 29.5158 sec
Elapsed time for experts 11.5783 sec
Elapsed time for households 10.4438 sec
Iteration 189
Elapsed time for kappa 28.9724 sec
Elapsed time for experts 11.7738 sec
Elapsed time for households 9.9922 sec
Iteration 190
Elapsed time for kappa 28.6259 sec
Elapsed time for experts 12.9144 sec
Elapsed time for households 10.1041 sec
Iteration 191
Elapsed time for kappa 28.9895 sec
Elapsed time for experts 11.4247 sec
Elapsed time for households 17.6001 sec
Iteration 192
Elapsed time for kappa 31.2096 sec
Elapsed time for experts 12.1987 sec
Elapsed time for households 11.2347 sec
Iteration 193
Elapsed time for kappa 30.2571 sec
Elapsed time for experts 12.5207 sec
Elapsed time for households 10.5186 sec
Iteration 194
Elapsed time for kappa 29.3246 sec
Elapsed time for experts 12.5422 sec
Elapsed time for households 11.5682 sec
Iteration 195
Elapsed time for kappa 29.5259 sec
Elapsed time for experts 13.0247 sec
Elapsed time for households 10.4450 sec
Iteration 196
Elapsed time for kappa 29.1590 sec
Elapsed time for experts 12.4606 sec
Elapsed time for households 10.6431 sec
Iteration 197
Elapsed time for kappa 28.7134 sec
Elapsed time for experts 12.9134 sec
Elapsed time for households 17.7407 sec
Iteration 198
Elapsed time for kappa 32.3199 sec
Elapsed time for experts 12.5280 sec
Elapsed time for households 10.7561 sec
Iteration 199
Elapsed time for kappa 29.9541 sec
Elapsed time for experts 11.8880 sec
Elapsed time for households 10.5894 sec
Iteration 200
Elapsed time for kappa 29.8110 sec
Elapsed time for experts 14.0419 sec
Elapsed time for households 10.0925 sec
Iteration 201
Elapsed time for kappa 29.2488 sec
Elapsed time for experts 12.4755 sec
Elapsed time for households 10.8187 sec
Iteration 202
Elapsed time for kappa 30.5826 sec
Elapsed time for experts 11.9723 sec
Elapsed time for households 11.8409 sec
Iteration 203
Elapsed time for kappa 33.4792 sec
Elapsed time for experts 14.2519 sec
Elapsed time for households 10.4080 sec
Iteration 204
Elapsed time for kappa 38.8848 sec
Elapsed time for experts 12.9808 sec
Elapsed time for households 11.0389 sec
Iteration 205
Elapsed time for kappa 30.5179 sec
Elapsed time for experts 11.9351 sec
Elapsed time for households 10.4122 sec
Iteration 206
Elapsed time for kappa 29.5314 sec
Elapsed time for experts 12.8391 sec
Elapsed time for households 10.3151 sec
Iteration 207
Elapsed time for kappa 29.4499 sec
Elapsed time for experts 12.9089 sec
Elapsed time for households 10.7982 sec
Iteration 208
Elapsed time for kappa 29.1070 sec
Elapsed time for experts 11.5398 sec
Elapsed time for households 10.6559 sec
Iteration 209
Elapsed time for kappa 28.7012 sec
Elapsed time for experts 12.3695 sec
Elapsed time for households 10.6768 sec
Iteration 210
Elapsed time for kappa 36.3268 sec
Elapsed time for experts 11.8307 sec
Elapsed time for households 10.9815 sec
Iteration 211
Elapsed time for kappa 30.1410 sec
Elapsed time for experts 12.7680 sec
Elapsed time for households 10.3265 sec
Iteration 212
Elapsed time for kappa 30.2268 sec
Elapsed time for experts 12.7141 sec
Elapsed time for households 12.1119 sec
Iteration 213
Elapsed time for kappa 31.0037 sec
Elapsed time for experts 13.1129 sec
Elapsed time for households 10.2415 sec
Iteration 214
Elapsed time for kappa 28.8136 sec
Elapsed time for experts 11.6451 sec
Elapsed time for households 10.0181 sec
Iteration 215
Elapsed time for kappa 28.9856 sec
Elapsed time for experts 12.6120 sec
Elapsed time for households 15.9972 sec
Iteration 216
Elapsed time for kappa 30.9218 sec
Elapsed time for experts 12.8680 sec
Elapsed time for households 10.0560 sec
Iteration 217
Elapsed time for kappa 29.7977 sec
Elapsed time for experts 11.9537 sec
Elapsed time for households 10.7213 sec
Iteration 218
Elapsed time for kappa 29.6625 sec
Elapsed time for experts 11.6218 sec
Elapsed time for households 11.5575 sec
Iteration 219
Elapsed time for kappa 30.0900 sec
Elapsed time for experts 11.1813 sec
Elapsed time for households 11.2399 sec
Iteration 220
Elapsed time for kappa 33.1550 sec
Elapsed time for experts 12.7440 sec
Elapsed time for households 10.2226 sec
Iteration 221
Elapsed time for kappa 28.5505 sec
Elapsed time for experts 11.7255 sec
Elapsed time for households 10.0462 sec
Iteration 222
Elapsed time for kappa 36.6712 sec
Elapsed time for experts 11.9107 sec
Elapsed time for households 10.2011 sec
Iteration 223
Elapsed time for kappa 30.1554 sec
Elapsed time for experts 12.3046 sec
Elapsed time for households 10.7765 sec
Iteration 224
Elapsed time for kappa 29.7848 sec
Elapsed time for experts 11.8310 sec
Elapsed time for households 10.6227 sec
Iteration 225
Elapsed time for kappa 29.3049 sec
Elapsed time for experts 11.1934 sec
Elapsed time for households 10.6286 sec
Iteration 226
Elapsed time for kappa 28.8531 sec
Elapsed time for experts 11.9278 sec
Elapsed time for households 9.6156 sec
Iteration 227
Elapsed time for kappa 28.5014 sec
Elapsed time for experts 11.0458 sec
Elapsed time for households 16.5473 sec
Iteration 228
Elapsed time for kappa 31.4915 sec
Elapsed time for experts 13.2020 sec
Elapsed time for households 11.7841 sec
Iteration 229
Elapsed time for kappa 34.0581 sec
Elapsed time for experts 13.2769 sec
Elapsed time for households 10.5395 sec
Iteration 230
Elapsed time for kappa 30.7708 sec
Elapsed time for experts 12.5123 sec
Elapsed time for households 10.5312 sec
Iteration 231
Elapsed time for kappa 29.8026 sec
Elapsed time for experts 12.4441 sec
Elapsed time for households 9.8543 sec
Iteration 232
Elapsed time for kappa 28.8579 sec
Elapsed time for experts 11.1974 sec
Elapsed time for households 10.1474 sec
Iteration 233
Elapsed time for kappa 28.3827 sec
Elapsed time for experts 11.4737 sec
Elapsed time for households 10.2229 sec
Iteration 234
Elapsed time for kappa 38.0228 sec
Elapsed time for experts 12.3831 sec
Elapsed time for households 11.1983 sec
Iteration 235
Elapsed time for kappa 30.3446 sec
Elapsed time for experts 11.7376 sec
Elapsed time for households 11.9279 sec
Iteration 236
Elapsed time for kappa 29.8170 sec
Elapsed time for experts 12.1076 sec
Elapsed time for households 9.9734 sec
Iteration 237
Elapsed time for kappa 29.4136 sec
Elapsed time for experts 12.3554 sec
Elapsed time for households 10.1425 sec
Iteration 238
Elapsed time for kappa 29.0286 sec
Elapsed time for experts 11.6898 sec
Elapsed time for households 10.0483 sec
Iteration 239
Elapsed time for kappa 29.0211 sec
Elapsed time for experts 11.6879 sec
Elapsed time for households 16.4399 sec
Iteration 240
Elapsed time for kappa 30.8265 sec
Elapsed time for experts 12.0226 sec
Elapsed time for households 11.9066 sec
Iteration 241
Elapsed time for kappa 29.6446 sec
Elapsed time for experts 11.7586 sec
Elapsed time for households 10.5783 sec
Iteration 242
Elapsed time for kappa 29.4848 sec
Elapsed time for experts 12.1967 sec
Elapsed time for households 10.9832 sec
Iteration 243
Elapsed time for kappa 32.2841 sec
Elapsed time for experts 13.2844 sec
Elapsed time for households 10.2754 sec
Iteration 244
Elapsed time for kappa 28.6338 sec
Elapsed time for experts 11.4054 sec
Elapsed time for households 9.8141 sec
Iteration 245
Elapsed time for kappa 28.5884 sec
Elapsed time for experts 12.6683 sec
Elapsed time for households 11.1334 sec
Iteration 246
Elapsed time for kappa 37.4485 sec
Elapsed time for experts 12.5438 sec
Elapsed time for households 11.1700 sec
Iteration 247
Elapsed time for kappa 29.9268 sec
Elapsed time for experts 12.8365 sec
Elapsed time for households 10.8222 sec
Iteration 248
Elapsed time for kappa 30.2946 sec
Elapsed time for experts 11.5735 sec
Elapsed time for households 11.3886 sec
Iteration 249
Elapsed time for kappa 30.9456 sec
Elapsed time for experts 15.2873 sec
Elapsed time for households 11.5637 sec
Iteration 250
Elapsed time for kappa 31.2826 sec
Elapsed time for experts 12.0580 sec
Elapsed time for households 10.9906 sec
Iteration 251
Elapsed time for kappa 30.4939 sec
Elapsed time for experts 12.8208 sec
Elapsed time for households 10.4358 sec
Iteration 252
Elapsed time for kappa 38.5141 sec
Elapsed time for experts 13.6598 sec
Elapsed time for households 12.5476 sec
Iteration 253
Elapsed time for kappa 32.6161 sec
Elapsed time for experts 13.6847 sec
Elapsed time for households 12.6008 sec
Iteration 254
Elapsed time for kappa 35.6193 sec
Elapsed time for experts 14.3027 sec
Elapsed time for households 12.0657 sec
Iteration 255
Elapsed time for kappa 32.6501 sec
Elapsed time for experts 13.2109 sec
Elapsed time for households 11.1921 sec
Iteration 256
Elapsed time for kappa 31.5000 sec
Elapsed time for experts 12.2689 sec
Elapsed time for households 11.4044 sec
Iteration 257
Elapsed time for kappa 30.7545 sec
Elapsed time for experts 13.5166 sec
Elapsed time for households 17.2680 sec
Iteration 258
Elapsed time for kappa 33.0655 sec
Elapsed time for experts 13.2461 sec
Elapsed time for households 11.7214 sec
Iteration 259
Elapsed time for kappa 32.5398 sec
Elapsed time for experts 13.4306 sec
Elapsed time for households 11.1880 sec
Iteration 260
Elapsed time for kappa 31.8196 sec
Elapsed time for experts 13.5823 sec
Elapsed time for households 11.6073 sec
Iteration 261
Elapsed time for kappa 32.0635 sec
Elapsed time for experts 12.9041 sec
Elapsed time for households 11.3837 sec
Iteration 262
Elapsed time for kappa 31.6907 sec
Elapsed time for experts 13.2640 sec
Elapsed time for households 13.0808 sec
Iteration 263
Elapsed time for kappa 31.3334 sec
Elapsed time for experts 12.3863 sec
Elapsed time for households 11.4551 sec
Iteration 264
Elapsed time for kappa 40.8528 sec
Elapsed time for experts 13.0615 sec
Elapsed time for households 12.1609 sec
Iteration 265
Elapsed time for kappa 33.2772 sec
Elapsed time for experts 13.4057 sec
Elapsed time for households 11.5941 sec
Iteration 266
Elapsed time for kappa 33.2692 sec
Elapsed time for experts 13.5731 sec
Elapsed time for households 12.4144 sec
Iteration 267
Elapsed time for kappa 33.1491 sec
Elapsed time for experts 12.8882 sec
Elapsed time for households 11.9706 sec
Iteration 268
Elapsed time for kappa 31.9527 sec
Elapsed time for experts 13.1435 sec
Elapsed time for households 11.8293 sec
Iteration 269
Elapsed time for kappa 31.6601 sec
Elapsed time for experts 13.1705 sec
Elapsed time for households 19.0454 sec
Iteration 270
Elapsed time for kappa 34.0024 sec
Elapsed time for experts 14.0196 sec
Elapsed time for households 12.7024 sec
Iteration 271
Elapsed time for kappa 32.7816 sec
Elapsed time for experts 13.8793 sec
Elapsed time for households 11.9403 sec
Iteration 272
Elapsed time for kappa 33.0438 sec
Elapsed time for experts 13.7737 sec
Elapsed time for households 12.0914 sec
Iteration 273
Elapsed time for kappa 32.2789 sec
Elapsed time for experts 13.1746 sec
Elapsed time for households 12.7546 sec
Iteration 274
Elapsed time for kappa 31.4758 sec
Elapsed time for experts 13.1544 sec
Elapsed time for households 12.0513 sec
Iteration 275
Elapsed time for kappa 30.4866 sec
Elapsed time for experts 11.9470 sec
Elapsed time for households 11.1783 sec
Iteration 276
Elapsed time for kappa 40.1608 sec
Elapsed time for experts 14.2500 sec
Elapsed time for households 12.7065 sec
Iteration 277
Elapsed time for kappa 31.8831 sec
Elapsed time for experts 12.9241 sec
Elapsed time for households 11.7807 sec
Iteration 278
Elapsed time for kappa 32.3669 sec
Elapsed time for experts 12.5974 sec
Elapsed time for households 11.0326 sec
Iteration 279
Elapsed time for kappa 32.3166 sec
Elapsed time for experts 13.7364 sec
Elapsed time for households 11.6732 sec
Iteration 280
Elapsed time for kappa 31.6773 sec
Elapsed time for experts 14.0256 sec
Elapsed time for households 10.9396 sec
Iteration 281
Elapsed time for kappa 31.8406 sec
Elapsed time for experts 13.1440 sec
Elapsed time for households 12.3127 sec
Iteration 282
Elapsed time for kappa 42.5785 sec
Elapsed time for experts 14.3675 sec
Elapsed time for households 11.9462 sec
Iteration 283
Elapsed time for kappa 32.3791 sec
Elapsed time for experts 13.1144 sec
Elapsed time for households 11.3648 sec
Iteration 284
Elapsed time for kappa 33.1407 sec
Elapsed time for experts 12.3985 sec
Elapsed time for households 10.9997 sec
Iteration 285
Elapsed time for kappa 32.4376 sec
Elapsed time for experts 13.1418 sec
Elapsed time for households 11.6675 sec
Iteration 286
Elapsed time for kappa 32.3326 sec
Elapsed time for experts 14.0699 sec
Elapsed time for households 11.3381 sec
Iteration 287
Elapsed time for kappa 31.9385 sec
Elapsed time for experts 13.1436 sec
Elapsed time for households 18.2965 sec
Iteration 288
Elapsed time for kappa 36.9321 sec
Elapsed time for experts 15.0291 sec
Elapsed time for households 11.9131 sec
Iteration 289
Elapsed time for kappa 32.9494 sec
Elapsed time for experts 14.5595 sec
Elapsed time for households 11.4099 sec
Iteration 290
Elapsed time for kappa 33.3318 sec
Elapsed time for experts 13.9794 sec
Elapsed time for households 12.1969 sec
Iteration 291
Elapsed time for kappa 32.7082 sec
Elapsed time for experts 14.1537 sec
Elapsed time for households 11.5796 sec
Iteration 292
Elapsed time for kappa 31.3754 sec
Elapsed time for experts 13.3119 sec
Elapsed time for households 10.7266 sec
Iteration 293
Elapsed time for kappa 30.6019 sec
Elapsed time for experts 12.4696 sec
Elapsed time for households 11.2861 sec
Iteration 294
Elapsed time for kappa 39.6979 sec
Elapsed time for experts 13.6688 sec
Elapsed time for households 11.2202 sec
Iteration 295
Elapsed time for kappa 33.5071 sec
Elapsed time for experts 13.1373 sec
Elapsed time for households 11.9785 sec
Iteration 296
Elapsed time for kappa 32.5994 sec
Elapsed time for experts 12.8705 sec
Elapsed time for households 11.4713 sec
Iteration 297
Elapsed time for kappa 32.8793 sec
Elapsed time for experts 14.0679 sec
Elapsed time for households 11.9771 sec
Iteration 298
Elapsed time for kappa 32.6210 sec
Elapsed time for experts 14.7982 sec
Elapsed time for households 11.6985 sec
Iteration 299
Elapsed time for kappa 31.8302 sec
Elapsed time for experts 13.0202 sec
Elapsed time for households 18.2817 sec
Elapsed time for training 17083.6964 sec
