/tmp/slurmd/job22791692/slurm_script: line 19: deactivate: No such file or directory
Iteration 0
Elapsed time for kappa 119.7603 sec
Elapsed time for experts 38.9430 sec
Elapsed time for households 34.2308 sec
Iteration 1
Elapsed time for kappa 80.2195 sec
Elapsed time for experts 33.1228 sec
Elapsed time for households 30.5969 sec
Iteration 2
Elapsed time for kappa 83.3853 sec
Elapsed time for experts 33.2398 sec
Elapsed time for households 31.4363 sec
Iteration 3
Elapsed time for kappa 80.1035 sec
Elapsed time for experts 32.4950 sec
Elapsed time for households 31.3007 sec
Iteration 4
Elapsed time for kappa 80.2273 sec
Elapsed time for experts 32.3351 sec
Elapsed time for households 31.3839 sec
Iteration 5
Elapsed time for kappa 78.4565 sec
Elapsed time for experts 32.9047 sec
Elapsed time for households 31.0210 sec
Iteration 6
Elapsed time for kappa 79.6344 sec
Elapsed time for experts 32.3345 sec
Elapsed time for households 31.1671 sec
Iteration 7
Elapsed time for kappa 78.4771 sec
Elapsed time for experts 32.6108 sec
Elapsed time for households 37.0233 sec
Iteration 8
Elapsed time for kappa 80.0529 sec
Elapsed time for experts 33.6413 sec
Elapsed time for households 31.7018 sec
Iteration 9
Elapsed time for kappa 80.3088 sec
Elapsed time for experts 32.8485 sec
Elapsed time for households 31.7977 sec
Iteration 10
Elapsed time for kappa 79.8742 sec
Elapsed time for experts 33.0797 sec
Elapsed time for households 31.2777 sec
Iteration 11
Elapsed time for kappa 78.8603 sec
Elapsed time for experts 33.3523 sec
Elapsed time for households 31.2933 sec
Iteration 12
Elapsed time for kappa 77.9430 sec
Elapsed time for experts 33.1868 sec
Elapsed time for households 30.8677 sec
Iteration 13
Elapsed time for kappa 87.3377 sec
Elapsed time for experts 34.5614 sec
Elapsed time for households 31.9374 sec
Iteration 14
Elapsed time for kappa 79.4951 sec
Elapsed time for experts 33.2719 sec
Elapsed time for households 32.2443 sec
Elapsed time for training 2226.2062 sec
