2022-10-02 22:59:39.863500: I tensorflow/core/platform/cpu_feature_guard.cc:193] This TensorFlow binary is optimized with oneAPI Deep Neural Network Library (oneDNN) to use the following CPU instructions in performance-critical operations:  AVX2 AVX512F AVX512_VNNI FMA
To enable them in other operations, rebuild TensorFlow with the appropriate compiler flags.
2022-10-02 22:59:41.232785: I tensorflow/core/util/util.cc:169] oneDNN custom operations are on. You may see slightly different numerical results due to floating-point round-off errors from different computation orders. To turn them off, set the environment variable `TF_ENABLE_ONEDNN_OPTS=0`.
2022-10-02 22:59:42.405730: W tensorflow/stream_executor/platform/default/dso_loader.cc:64] Could not load dynamic library 'libcudart.so.11.0'; dlerror: libcudart.so.11.0: cannot open shared object file: No such file or directory; LD_LIBRARY_PATH: /software/python-anaconda-2022.05-el8-x86_64/lib:/software/cudnn-8.3.1-el8-x86_64/lib64
2022-10-02 22:59:42.405762: I tensorflow/stream_executor/cuda/cudart_stub.cc:29] Ignore above cudart dlerror if you do not have a GPU set up on your machine.
2022-10-02 22:59:42.655317: E tensorflow/stream_executor/cuda/cuda_blas.cc:2981] Unable to register cuBLAS factory: Attempting to register factory for plugin cuBLAS when one has already been registered
2022-10-02 22:59:50.142329: W tensorflow/stream_executor/platform/default/dso_loader.cc:64] Could not load dynamic library 'libnvinfer.so.7'; dlerror: libnvinfer.so.7: cannot open shared object file: No such file or directory; LD_LIBRARY_PATH: /software/python-anaconda-2022.05-el8-x86_64/lib:/software/cudnn-8.3.1-el8-x86_64/lib64
2022-10-02 22:59:50.142455: W tensorflow/stream_executor/platform/default/dso_loader.cc:64] Could not load dynamic library 'libnvinfer_plugin.so.7'; dlerror: libnvinfer_plugin.so.7: cannot open shared object file: No such file or directory; LD_LIBRARY_PATH: /software/python-anaconda-2022.05-el8-x86_64/lib:/software/cudnn-8.3.1-el8-x86_64/lib64
2022-10-02 22:59:50.142468: W tensorflow/compiler/tf2tensorrt/utils/py_utils.cc:38] TF-TRT Warning: Cannot dlopen some TensorRT libraries. If you would like to use Nvidia GPU with TensorRT, please make sure the missing libraries mentioned above are installed properly.
2022-10-02 23:00:11.637911: W tensorflow/stream_executor/platform/default/dso_loader.cc:64] Could not load dynamic library 'libcuda.so.1'; dlerror: libcuda.so.1: cannot open shared object file: No such file or directory; LD_LIBRARY_PATH: /software/python-anaconda-2022.05-el8-x86_64/lib:/software/cudnn-8.3.1-el8-x86_64/lib64
2022-10-02 23:00:11.637972: W tensorflow/stream_executor/cuda/cuda_driver.cc:263] failed call to cuInit: UNKNOWN ERROR (303)
2022-10-02 23:00:11.637996: I tensorflow/stream_executor/cuda/cuda_diagnostics.cc:156] kernel driver does not appear to be running on this host (midway3-0057.rcc.local): /proc/driver/nvidia/version does not exist
2022-10-02 23:00:11.638654: I tensorflow/core/platform/cpu_feature_guard.cc:193] This TensorFlow binary is optimized with oneAPI Deep Neural Network Library (oneDNN) to use the following CPU instructions in performance-critical operations:  AVX2 AVX512F AVX512_VNNI FMA
To enable them in other operations, rebuild TensorFlow with the appropriate compiler flags.
2022-10-02 23:00:50.188723: W tensorflow/core/common_runtime/forward_type_inference.cc:332] Type inference failed. This indicates an invalid graph that escaped type checking. Error message: INVALID_ARGUMENT: expected compatible input types, but input 1:
type_id: TFT_OPTIONAL
args {
  type_id: TFT_PRODUCT
  args {
    type_id: TFT_TENSOR
    args {
      type_id: TFT_BOOL
    }
  }
}
 is neither a subtype nor a supertype of the combined inputs preceding it:
type_id: TFT_OPTIONAL
args {
  type_id: TFT_PRODUCT
  args {
    type_id: TFT_TENSOR
    args {
      type_id: TFT_DOUBLE
    }
  }
}

	while inferring type of node 'StatefulPartitionedCall_1/StatefulPartitionedCall/cond_1_259/output/_29750'
Iter: 1 loss: 0.065623161423790391
Iter: 2 loss: 0.018858996785595713
Iter: 3 loss: 0.018798635309947787
Iter: 4 loss: 0.018528930277693218
Iter: 5 loss: 0.016892389382795497
Iter: 6 loss: 0.020117993510213712
Iter: 7 loss: 0.01143733864717562
Iter: 8 loss: 0.010341100480480574
Iter: 9 loss: 0.0096679974685679546
Iter: 10 loss: 0.05117797545161111
Iter: 11 loss: 0.00890404021833028
Iter: 12 loss: 0.0080919451228672439
Iter: 13 loss: 0.017368811868586
Iter: 14 loss: 0.0037944715048134265
Iter: 15 loss: 0.0024801399000997197
Iter: 16 loss: 0.342518417236497
Iter: 17 loss: 0.0060687906830261288
Iter: 18 loss: 0.0022051857180268764
Iter: 19 loss: 0.0017220889525171648
Iter: 20 loss: 0.0016492885878336163
Iter: 21 loss: 0.0014352571642916273
Iter: 22 loss: 0.0014564871180776321
Iter: 23 loss: 0.0013466196967594824
Iter: 24 loss: 0.0013061565044865358
Iter: 25 loss: 0.0012688607543033398
Iter: 26 loss: 0.0010682036142770483
Iter: 27 loss: 0.0012313466423379534
Iter: 28 loss: 0.0010743325977153645
Iter: 29 loss: 0.0009523877469139432
Iter: 30 loss: 0.00096628619312116339
Iter: 31 loss: 0.00089861274893470789
Iter: 32 loss: 0.000867672149216013
Iter: 33 loss: 0.0008040853785693721
Iter: 34 loss: 0.000744624270603244
Iter: 35 loss: 0.00072525075271750311
Iter: 36 loss: 0.00068166781606542135
Iter: 37 loss: 0.00067597910965541512
Iter: 38 loss: 0.00061307225436670835
Iter: 39 loss: 0.0010840662736614046
Iter: 40 loss: 0.00059268854141029579
Iter: 41 loss: 0.000575513542995661
Iter: 42 loss: 0.00052568072412435
Iter: 43 loss: 0.00047757206719389628
Iter: 44 loss: 0.00046579833786266977
Iter: 45 loss: 0.000459018580543695
Iter: 46 loss: 0.000439786846119059
Iter: 47 loss: 0.00042571538138675579
Iter: 48 loss: 0.00040362408341474267
Iter: 49 loss: 0.00038704599598477781
19745919.387548149
Iter: 1 loss: 6440944145.4226484
282303015.00264364
Iter: 2 loss: 1973109089681.9785
93804446.794342324
Iter: 3 loss: 376872662705.17523
19743408.124430533
Iter: 4 loss: 6438747905.4487047
19633758.768029794
Iter: 5 loss: 6364827701.63241
19584875.435050674
Iter: 6 loss: 6326443223.4076929
19391981.459411822
Iter: 7 loss: 6176156005.1383018
18660670.421563134
Iter: 8 loss: 5623301700.7862139
14818807.614560192
Iter: 9 loss: 3094246157.0798283
13034255.382966742
Iter: 10 loss: 2155018729.618825
11760875.377416998
Iter: 11 loss: 1570168838.3041024
11361271.033808058
Iter: 12 loss: 1403764770.3609226
11322924.06690195
Iter: 13 loss: 1391467690.7829494
11301485.364922712
Iter: 14 loss: 1384756442.8724835
11220608.802293979
Iter: 15 loss: 1360593257.5956166
11197509.28401434
Iter: 16 loss: 1354857782.9372063
11194942.046868805
Iter: 17 loss: 1354328122.2686272
11194541.589417405
Iter: 18 loss: 1354123931.19561
11193263.394254267
Iter: 19 loss: 1353632190.0417695
11187946.885171035
Iter: 20 loss: 1352346945.6079376
11166894.655153928
Iter: 21 loss: 1348305771.1721861
11108290.34843385
Iter: 22 loss: 1338501564.7056835
10972716.311060179
Iter: 23 loss: 1317665182.3187728
10738277.247061281
Iter: 24 loss: 1282980958.6237442
10449792.708811762
Iter: 25 loss: 1241067008.7906661
10263586.395383546
Iter: 26 loss: 1220393188.62928
10216719.762764851
Iter: 27 loss: 1218881631.818171
10209091.775457423
Iter: 28 loss: 1218776425.5146859
10192464.243406724
Iter: 29 loss: 1218456195.2384818
10168591.138964154
Iter: 30 loss: 1217826387.4202106
10127794.078290302
Iter: 31 loss: 1216285135.4654377
10054766.042398226
Iter: 32 loss: 1212403546.856163
9924070.5615060031
Iter: 33 loss: 1202850357.659651
9689851.0722512063
Iter: 34 loss: 1179901439.0767531
9282444.1264027525
Iter: 35 loss: 1128365844.2308469
8652160.3570398632
Iter: 36 loss: 1035605028.4002912
-10141454.229119904
Iter: 1 loss: 1547913911.83521
-80237.4082825004
Iter: 2 loss: 122022.58186778601
7531864.4436395373
Iter: 3 loss: 2816987031.9844656
-2620442.6753227878
Iter: 4 loss: 122593801.99007566
-3200495.0897556059
Iter: 5 loss: 160837953.2762742
-1600296.6296415778
Iter: 6 loss: 19725713.766944587
-3524661.2655848889
Iter: 7 loss: 198787328.17205507
-1675750.2903589986
Iter: 8 loss: 21497047.650375213
-1605940.1599223139
Iter: 9 loss: 19340654.068329893
-1578048.45579025
Iter: 10 loss: 18630701.687138014
-1479246.4891866534
Iter: 11 loss: 16252568.802891368
-1255402.2205264538
Iter: 12 loss: 11373499.783990897
-1052501.5880282321
Iter: 13 loss: 7548038.8310248656
-879362.56595112907
Iter: 14 loss: 4834592.92083246
-758036.78781450028
Iter: 15 loss: 3251286.4157207748
-680657.24224370765
Iter: 16 loss: 2367510.1178532718
-647455.17002824
Iter: 17 loss: 1978382.3600938283
-644657.70712125942
Iter: 18 loss: 1882207.2837100024
-644960.51854684541
Iter: 19 loss: 1865410.1655566562
-644556.690089463
Iter: 20 loss: 1837205.6089560359
-641620.4344838101
Iter: 21 loss: 1797535.7673982892
-634863.09190045809
Iter: 22 loss: 1742765.923581691
-630214.03793192038
Iter: 23 loss: 1717721.4706071906
-628357.99092178722
Iter: 24 loss: 1711165.6694781736
-624675.06804599427
Iter: 25 loss: 1693641.1752266865
-620849.88869283278
Iter: 26 loss: 1672988.6721740006
-620145.90952971228
Iter: 27 loss: 1668871.3506553285
-619580.69660892943
Iter: 28 loss: 1664626.0887008763
-618997.14396725968
Iter: 29 loss: 1658479.4156391269
-617415.30171255919
Iter: 30 loss: 1641904.0004457026
-614096.91960287024
Iter: 31 loss: 1609872.4918249897
-609195.30278669286
Iter: 32 loss: 1563854.8659140649
-606641.92503361381
Iter: 33 loss: 1539816.6976662953
-606253.03279521386
Iter: 34 loss: 1536475.1784081564
-606025.44081479684
Iter: 35 loss: 1535420.3423484992
-605472.10040098871
Iter: 36 loss: 1532926.5770096858
-603915.61718837125
Iter: 37 loss: 1526115.9509738567
Iter: 1 loss: 0.00038541742522602858
Iter: 2 loss: 0.60647941884032919
Iter: 3 loss: 0.00037224456219044918
Iter: 4 loss: 0.000369911007408835
Iter: 5 loss: 0.00036025546691999331
Iter: 6 loss: 0.00034880562192660705
Iter: 7 loss: 0.00033412802662094557
Iter: 8 loss: 0.00030840195690617488
Iter: 9 loss: 0.000288695496976503
Iter: 10 loss: 0.00028632632635283169
Iter: 11 loss: 0.00028471503088206248
Iter: 12 loss: 0.00028269833599835767
Iter: 13 loss: 0.00028099855364542754
Iter: 14 loss: 0.0002776138292534372
Iter: 15 loss: 0.00027272229292472715
Iter: 16 loss: 0.0002679479586465971
Iter: 17 loss: 0.00026508275150626106
Iter: 18 loss: 0.00026035163412988546
Iter: 19 loss: 0.000254109983340229
Iter: 20 loss: 0.00024384504630373935
Iter: 21 loss: 0.00023772533932540124
Iter: 22 loss: 0.00023127885859485024
Iter: 23 loss: 0.0002309292040519442
Iter: 24 loss: 0.00022823319660729289
Iter: 25 loss: 0.00022223209962570102
Iter: 26 loss: 0.00021932320247291026
Iter: 27 loss: 0.00021626547041447364
Iter: 28 loss: 0.00021295577312145818
Iter: 29 loss: 0.00020780712923228602
Iter: 30 loss: 0.00020547053653333794
Iter: 31 loss: 0.00020303641565684621
Iter: 32 loss: 0.00020194768701783678
Iter: 33 loss: 0.00020089835455267495
2680055.7699818732
Iter: 1 loss: 151570316.03482467
1576760.9225369492
Iter: 2 loss: 21454874.69011458
10446045.792666612
Iter: 3 loss: 2069445651.35945
18362027.519966349
Iter: 4 loss: 8269690362.0678129
1308368.6769426013
Iter: 5 loss: 14598652.668285921
1280414.5378056979
Iter: 6 loss: 13422721.322466532
1103562.1245067266
Iter: 7 loss: 7279743.6315937219
1017897.626867973
Iter: 8 loss: 5069984.58161756
941158.73736765969
Iter: 9 loss: 3494349.6627245471
896242.69778302789
Iter: 10 loss: 2763990.7031095815
875577.603000992
Iter: 11 loss: 2512365.51803449
870338.92877802369
Iter: 12 loss: 2475973.5237524826
868192.13164868893
Iter: 13 loss: 2460719.464858315
859672.0186717523
Iter: 14 loss: 2391867.4145438178
843764.88486898108
Iter: 15 loss: 2247526.5462057753
812270.04251220427
Iter: 16 loss: 1928807.882453443
775551.924207297
Iter: 17 loss: 1514059.3401343052
756980.05501930485
Iter: 18 loss: 1291187.0777687551
751852.78442768834
Iter: 19 loss: 1212152.5707536065
750589.46772909141
Iter: 20 loss: 1186484.8560674998
749421.72104737686
Iter: 21 loss: 1172199.5701859728
748195.19078276632
Iter: 22 loss: 1162919.8634680719
747589.906084069
Iter: 23 loss: 1159745.9700833249
747258.87434774847
Iter: 24 loss: 1158464.9099347519
742898.223275542
Iter: 25 loss: 1136474.2948179375
699173.69404873636
Iter: 26 loss: 942289.30136311543
683017.235099561
Iter: 27 loss: 892161.32295166852
680871.49446939363
Iter: 28 loss: 886694.033048148
678123.70962255681
Iter: 29 loss: 878906.16365630529
676520.920270476
Iter: 30 loss: 874452.7542532573
674475.71384493145
Iter: 31 loss: 868001.45688847976
670469.24843748915
Iter: 32 loss: 857030.03081986529
657812.74402499956
Iter: 33 loss: 825199.811235846
618546.04070164263
Iter: 34 loss: 734245.47476149967
-547272.718834913
Iter: 1 loss: 1427530.5832766513
-359088723.62994272
Iter: 2 loss: 6399494392690.0713
-547271.78764866549
Iter: 3 loss: 1427523.5863440044
-542905.96157702315
Iter: 4 loss: 1400659.7607523773
-537057.30053097755
Iter: 5 loss: 1357914.3165270418
-508577.659996033
Iter: 6 loss: 1173401.6666039475
-504484.10143038188
Iter: 7 loss: 1156694.9558543428
-503338.61438057479
Iter: 8 loss: 1152272.3878567759
-500943.77036695974
Iter: 9 loss: 1136467.4560044447
-497315.17715968553
Iter: 10 loss: 1106125.8656521593
-493063.401566232
Iter: 11 loss: 1075801.6703620378
-489503.56116116128
Iter: 12 loss: 1050028.6586173873
-485909.51787612779
Iter: 13 loss: 1030008.390580741
-475897.54321540322
Iter: 14 loss: 985221.52093827
-459797.41711370292
Iter: 15 loss: 925053.06813858333
-440115.8909327354
Iter: 16 loss: 864619.10587939643
-421494.22398109129
Iter: 17 loss: 816738.25593173946
-411391.02185678843
Iter: 18 loss: 796023.15762930119
-405299.40144020348
Iter: 19 loss: 786347.91163350549
-396524.37380549975
Iter: 20 loss: 764325.25835688319
-380388.030171994
Iter: 21 loss: 719683.44574647932
-376458.38633876713
Iter: 22 loss: 704394.91535833152
-375716.51958821947
Iter: 23 loss: 700005.50572704326
-375374.07446002343
Iter: 24 loss: 698034.2897319136
-375067.62118505116
Iter: 25 loss: 696116.20872772648
-374730.44718889229
Iter: 26 loss: 693506.95635925734
-374294.36133773549
Iter: 27 loss: 688413.32096579857
-373456.33944888454
Iter: 28 loss: 686312.38972618408
-372089.72019664734
Iter: 29 loss: 685093.45239367615
-371523.21129096416
Iter: 30 loss: 684811.95730766119
-371168.75847688771
Iter: 31 loss: 684659.76018672308
-370871.33586091781
Iter: 32 loss: 684459.65858616028
-370195.00616054784
Iter: 33 loss: 683827.37288753479
Iter: 1 loss: 0.00020566514070680681
Iter: 2 loss: 0.020373069553403095
Iter: 3 loss: 0.00031868119221102235
Iter: 4 loss: 0.00020525523112556275
132184207.9745919
Iter: 1 loss: 734224397888.39453
923981.32698435267
Iter: 2 loss: 4632291.1821707459
862847.9727011628
Iter: 3 loss: 3110460.7970998995
43079722.0026538
Iter: 4 loss: 44180346072.846359
24087781.891809352
Iter: 5 loss: 26948244641.571213
19070959.971244667
Iter: 6 loss: 16144186185.568411
1559784.811781649
Iter: 7 loss: 22967467.548964053
1559763.4382400527
Iter: 8 loss: 22966305.324681379
1559677.9531442616
Iter: 9 loss: 22961657.253287707
1559336.1583450958
Iter: 10 loss: 22943078.201528542
1557971.3053169278
Iter: 11 loss: 22868973.245506667
1552548.9021175983
Iter: 12 loss: 22575902.132163666
1531438.3349990207
Iter: 13 loss: 21455259.816616435
1455496.7779261635
Iter: 14 loss: 17689964.362808745
1295158.7387199607
Iter: 15 loss: 11097144.505145991
1209314.5297355009
Iter: 16 loss: 8360094.4792354153
1157621.7773842998
Iter: 17 loss: 7090664.60079536
1140127.1910284578
Iter: 18 loss: 6821087.5988059239
1135052.4155318227
Iter: 19 loss: 6761805.7904923558
1126106.6161270854
Iter: 20 loss: 6634318.2757727774
1106610.3904402466
Iter: 21 loss: 6303572.0382388243
1068893.9961420642
Iter: 22 loss: 5556635.8846250754
1019239.7648039091
Iter: 23 loss: 4387873.5923538674
995208.00930910185
Iter: 24 loss: 3635050.8151678545
993218.7933259235
Iter: 25 loss: 3417063.6365208612
993061.35091922386
Iter: 26 loss: 3318458.4222811223
993665.056236396
Iter: 27 loss: 3250010.7686303859
993868.441680363
Iter: 28 loss: 3240487.1035609883
993519.35939544952
Iter: 29 loss: 3239138.0340473624
993131.79492753628
Iter: 30 loss: 3237513.7012002761
990396.24605908361
Iter: 31 loss: 3221576.2015530895
984575.739158969
Iter: 32 loss: 3182423.7340652924
973668.634747253
Iter: 33 loss: 3096568.04648834
955595.90180468978
Iter: 34 loss: 2923760.5803539949
939624.23068501754
Iter: 35 loss: 2719844.4029782349
934218.53833345044
Iter: 36 loss: 2632061.50090924
927626.81779004587
Iter: 37 loss: 2541969.6976730125
922837.57485176937
Iter: 38 loss: 2498907.7800111622
917633.1556900572
Iter: 39 loss: 2468365.8594965581
887629.03556587943
Iter: 40 loss: 2317992.3447060389
825600.5066236736
Iter: 41 loss: 2056566.4025682528
722411.92641033558
Iter: 42 loss: 1669133.0193779147
-1329018.5910706343
Iter: 1 loss: 12461657.602158014
-25366.096656537004
Iter: 2 loss: 2038.6303117649963
66173.754274801671
Iter: 3 loss: 2802316.617301099
-20509499.454375349
Iter: 4 loss: 14106281130.714169
-1395111.9515681742
Iter: 5 loss: 24233776.4621813
-12060104.052395241
Iter: 6 loss: 2270103786.6185389
-1238090.5365237081
Iter: 7 loss: 9159999.5538824461
-1223635.7376330032
Iter: 8 loss: 8681774.3733119518
-1216592.1413469142
Iter: 9 loss: 8495103.24729772
-1206742.339118588
Iter: 10 loss: 8294305.3048159089
-1177542.5240134415
Iter: 11 loss: 7780909.3825932918
-1136190.4062919826
Iter: 12 loss: 7142534.5650200723
-1102709.5570865101
Iter: 13 loss: 6536015.204721204
-1095606.7580795852
Iter: 14 loss: 6441578.8843339561
-1094328.4400512108
Iter: 15 loss: 6435392.9382902132
-1094105.3449484105
Iter: 16 loss: 6434618.5648651151
-1091494.4201121621
Iter: 17 loss: 6421324.8515597433
-1084663.9227106133
Iter: 18 loss: 6382807.5068859933
-1069936.3470795294
Iter: 19 loss: 6291390.8797664214
-1038962.0101270751
Iter: 20 loss: 6074705.1010935158
-987161.71395418933
Iter: 21 loss: 5630860.7755871862
-936402.37722912012
Iter: 22 loss: 4943223.1209276784
-950898.193181019
Iter: 23 loss: 4631551.8234889032
-911592.77191809425
Iter: 24 loss: 4335935.1543456344
-893575.14177677315
Iter: 25 loss: 4091480.2860626825
-889933.75188718818
Iter: 26 loss: 4008441.0875312551
-890564.18362037255
Iter: 27 loss: 3995032.724714228
-890176.92486406141
Iter: 28 loss: 3984145.1712107705
-886383.54922920628
Iter: 29 loss: 3937902.2949241488
-878786.13585551269
Iter: 30 loss: 3876669.744431545
-866752.31882959441
Iter: 31 loss: 3786485.2736089854
-861079.24448039732
Iter: 32 loss: 3657899.4075733894
-861096.16282646079
Iter: 33 loss: 3551988.0233239708
-865578.441361989
Iter: 34 loss: 3467971.7863279833
-874065.18133460265
Iter: 35 loss: 3358445.628938111
-878578.08753398992
Iter: 36 loss: 3238330.6093830084
Iter: 1 loss: 0.00020652681700416181
Iter: 2 loss: 0.13002659966555119
Iter: 3 loss: 0.00020504859356114343
Iter: 4 loss: 0.00020459928645280898
1462326.7097051872
Iter: 1 loss: 23327804.796131037
1075003.5816033981
Iter: 2 loss: 10537635.897391589
598101.17547791882
Iter: 3 loss: 2112165.7264808351
488053.80723802227
Iter: 4 loss: 934421.4760273248
44503644.6840609
Iter: 5 loss: 93697209568.3203
488053.79730494006
Iter: 6 loss: 934421.3848555712
483635.15141896839
Iter: 7 loss: 899713.26426542236
483174.5933153464
Iter: 8 loss: 896237.77703824616
481432.79923345277
Iter: 9 loss: 883373.52107198967
465471.83041315747
Iter: 10 loss: 761892.91569893248
458216.89966082689
Iter: 11 loss: 691943.01269296044
456127.60482792772
Iter: 12 loss: 668874.46574605291
453676.2197148524
Iter: 13 loss: 651477.85316790571
451565.84704945714
Iter: 14 loss: 644779.77689603192
448535.06133750483
Iter: 15 loss: 636554.97608144837
438904.84504721581
Iter: 16 loss: 612816.06003149832
424625.18405958265
Iter: 17 loss: 577104.99012919434
402510.8115036583
Iter: 18 loss: 514899.14679856412
376027.69281240489
Iter: 19 loss: 436640.6822481117
346509.65969098074
Iter: 20 loss: 364155.71595263545
285067.71803598141
Iter: 21 loss: 350212.23092793371
337385.91796724126
Iter: 22 loss: 345543.22462736641
-439618.49399777094
Iter: 23 loss: 27257902.095522929
314510.81365967437
Iter: 24 loss: 315262.81680740241
293956.67669511074
Iter: 25 loss: 312268.80453507457
306105.8059556362
Iter: 26 loss: 306882.27613133693
317387.3399438957
Iter: 27 loss: 310389.6987312265
310403.59466935758
Iter: 28 loss: 304551.72974879312
307668.50077555783
Iter: 29 loss: 304124.05342816486
307842.28342962259
Iter: 30 loss: 304095.06035579852
309110.52980729844
Iter: 31 loss: 303848.30245498125
312967.10656419623
Iter: 32 loss: 303357.34096747881
315913.76746432733
Iter: 33 loss: 302738.80901783594
333664.95019968378
Iter: 34 loss: 314954.34134920762
317768.25082430756
Iter: 35 loss: 301558.36997026857
355860.00562293804
Iter: 36 loss: 381044.01292222913
317767.22755366622
Iter: 37 loss: 301521.61733840156
365939.72645828128
Iter: 38 loss: 426129.08041199157
318309.39428856026
Iter: 39 loss: 299027.35045799724
301387.53244705312
Iter: 40 loss: 256842.91615146809
298928.78512101586
Iter: 41 loss: 215782.30752952219
322348.15738538373
Iter: 42 loss: 228603.64268575227
302721.21878867364
Iter: 43 loss: 212754.75232262112
303461.91414893005
Iter: 44 loss: 211369.95713554387
303901.1510896039
Iter: 45 loss: 206432.98530017681
-1003369.4180184836
Iter: 1 loss: 8026991.2751802858
-29616.817757744415
Iter: 2 loss: 3997.5489343409877
85810884.264704108
Iter: 3 loss: 359262000475.68854
-72521802.417925313
Iter: 4 loss: 119857251435.90366
-998449.698211811
Iter: 5 loss: 7947550.5683626775
-949392.11887724278
Iter: 6 loss: 7406969.2233762518
-943867.50799973332
Iter: 7 loss: 7323201.5210231375
-923182.446133459
Iter: 8 loss: 7023497.7137035672
-832525.316484943
Iter: 9 loss: 5586111.5145177795
-792710.52973446343
Iter: 10 loss: 5116738.4901381182
-772162.95042788773
Iter: 11 loss: 4969449.992972387
-759286.50572960638
Iter: 12 loss: 4900917.1134019028
-753925.57780038682
Iter: 13 loss: 4885162.0232177926
-753205.89012829354
Iter: 14 loss: 4884524.8541399939
-752983.58305793232
Iter: 15 loss: 4884236.886209948
-752411.88484815613
Iter: 16 loss: 4883043.2798719462
-751698.66562615987
Iter: 17 loss: 4880515.4620773476
-750534.12769857538
Iter: 18 loss: 4873536.5670186328
-748997.095643692
Iter: 19 loss: 4856716.6492551612
-747580.8436937104
Iter: 20 loss: 4817985.5110481381
-748551.106662445
Iter: 21 loss: 4747427.0417977478
-754471.5010421488
Iter: 22 loss: 4669007.3752293624
-758328.84402093245
Iter: 23 loss: 4632546.6190330014
-758130.31558357633
Iter: 24 loss: 4618519.9340013061
-757855.15485196363
Iter: 25 loss: 4617926.238826531
-757800.56352700759
Iter: 26 loss: 4617578.5303576943
-757281.02471959428
Iter: 27 loss: 4613378.0626683356
-756527.384884713
Iter: 28 loss: 4605700.704794419
-754678.4562124454
Iter: 29 loss: 4582946.2244995851
-751339.855983327
Iter: 30 loss: 4531316.4525604984
-747339.27142271877
Iter: 31 loss: 4430930.2919568392
-746761.32335095317
Iter: 32 loss: 4337695.4679616867
-742411.71865127434
Iter: 33 loss: 4267987.4668834182
-737838.48020130047
Iter: 34 loss: 4232148.9253174039
-738937.44505777094
Iter: 35 loss: 4227995.8408415
-740718.08133769827
Iter: 36 loss: 4221529.18234359
Iter: 1 loss: 0.00019919147067069416
Iter: 2 loss: 0.018745508314356264
Iter: 3 loss: 0.0015019074450550898
Iter: 4 loss: 0.00019551972321069227
Iter: 5 loss: 0.00019548484353817171
Iter: 6 loss: 0.00019537759421253895
903931.87898422312
Iter: 1 loss: 14110256.000072759
2082645342.1227674
Iter: 2 loss: 209666247200666.94
903921.78806625749
Iter: 3 loss: 14109845.078452969
897337.73022002343
Iter: 4 loss: 13843064.709122727
8038151.3032379011
Iter: 5 loss: 1379516027.2553289
2281135.4416916585
Iter: 6 loss: 132593925.52117006
1399466.8293934281
Iter: 7 loss: 38657352.94664865
632639.33975401311
Iter: 8 loss: 2292307.1814649287
-4711278265.02023
Iter: 9 loss: 1085900703965091.6
897337.72640927241
Iter: 10 loss: 13843064.555532446
687216.8730740801
Iter: 11 loss: 6711786.6190159414
596043.8696297945
Iter: 12 loss: 4435611.1565255541
502148.72854950576
Iter: 13 loss: 2594836.5597367864
435531.58172164508
Iter: 14 loss: 1592331.0659974192
381456.18543297233
Iter: 15 loss: 960208.85791846272
340053.16890205292
Iter: 16 loss: 584407.7971356716
307934.87616542989
Iter: 17 loss: 356542.38024179637
283566.68252868805
Iter: 18 loss: 220302.07749083295
265557.15741239436
Iter: 19 loss: 139762.44379682609
253123.50691206381
Iter: 20 loss: 94239.139853714616
245853.52604099634
Iter: 21 loss: 71847.691124040735
243052.11860567913
Iter: 22 loss: 64775.799545689391
242544.92940617708
Iter: 23 loss: 64012.852328084424
242423.36626373936
Iter: 24 loss: 63859.662918609465
241684.52579884598
Iter: 25 loss: 62888.477683895711
240241.49418495464
Iter: 26 loss: 60919.123844397327
236475.94533648741
Iter: 27 loss: 55578.515808372933
229131.32404285422
Iter: 28 loss: 44927.91303382277
218851.44111383
Iter: 29 loss: 30753.180261455243
210788.44872008331
Iter: 30 loss: 21951.652032009053
204993.30934968387
Iter: 31 loss: 17311.131913896279
199011.371912957
Iter: 32 loss: 13525.799357566011
189652.99743843358
Iter: 33 loss: 9255.3580512561075
172389.57488192554
Iter: 34 loss: 7806.23494743061
184044.79682054944
Iter: 35 loss: 7792.6695625571429
169517.2691290591
Iter: 36 loss: 8192.6688106127731
178436.24478472571
Iter: 37 loss: 7118.8541710536283
177677.94745035289
Iter: 38 loss: 6651.5368979924942
179807.33022957653
Iter: 39 loss: 5884.9915122140274
178987.74516779109
Iter: 40 loss: 5775.76624071926
178554.26959031791
Iter: 41 loss: 5762.0879335254867
178555.06546565634
Iter: 42 loss: 5760.6731906108444
-706659.08171286283
Iter: 1 loss: 5603698.16831518
-1258085.487810923
Iter: 2 loss: 68585669.510700554
-80279.661461425945
Iter: 3 loss: 209132743.56881472
-623175.93330832268
Iter: 4 loss: 3093519.0357905333
-1093400634.2948544
Iter: 5 loss: 57577739327647.023
-58539495.431931317
Iter: 6 loss: 164034440439.17307
-706264.15060928906
Iter: 7 loss: 5593108.3689106889
-615244.42437001225
Iter: 8 loss: 3455777.0202665059
-588444.99293962365
Iter: 9 loss: 2963463.5096372548
-575662.33537204983
Iter: 10 loss: 2786843.1204437939
-572162.25905977562
Iter: 11 loss: 2754944.7143179178
-566074.44263950933
Iter: 12 loss: 2699281.5306763104
-549847.03632532258
Iter: 13 loss: 2545814.9578179158
-514987.46017920855
Iter: 14 loss: 2203309.4980501821
-460367.07685121696
Iter: 15 loss: 1658959.1722925662
-416173.20732577471
Iter: 16 loss: 1248453.4630620596
-390801.443186938
Iter: 17 loss: 1045397.3284195389
-377764.7584640634
Iter: 18 loss: 945592.72505152354
-372786.581900017
Iter: 19 loss: 899187.07239331747
-372362.50046145578
Iter: 20 loss: 883376.34787217644
-373017.40416756517
Iter: 21 loss: 874902.294320863
-374129.21531118115
Iter: 22 loss: 870472.724784201
-374307.58138004417
Iter: 23 loss: 869703.29998504184
-372149.54126869561
Iter: 24 loss: 859265.33666033228
-364425.93402164854
Iter: 25 loss: 823737.4778344041
-322656.513667005
Iter: 26 loss: 655891.5941650942
-263312.66447956569
Iter: 27 loss: 448102.37855312915
-226927.17558548859
Iter: 28 loss: 330944.41908866074
-201510.77564573684
Iter: 29 loss: 250420.29683702142
-195045.12691285257
Iter: 30 loss: 223993.65056184982
-188472.19692293421
Iter: 31 loss: 210572.63143617418
-187520.88654742378
Iter: 32 loss: 208428.18091848632
-187027.39111591296
Iter: 33 loss: 207621.76241246521
-186503.67276417531
Iter: 34 loss: 206518.15658067414
-185711.97044179493
Iter: 35 loss: 204259.99407210032
-185043.71444414768
Iter: 36 loss: 202061.20275895219
-184832.71758945624
Iter: 37 loss: 201199.47057088657
-184795.91838944709
Iter: 38 loss: 200776.3604229379
Iter: 1 loss: 0.00020549713351152889
Iter: 2 loss: 0.34505876060529717
Iter: 3 loss: 0.00020527074268677928
230489.17599629343
Iter: 1 loss: 48964.159943131686
1094685.4855537773
Iter: 2 loss: 9465486.219066428
516338.44770042825
Iter: 3 loss: 2006478.9823162146
230486.2757109252
Iter: 4 loss: 48907.83748944835
230794.20277398895
Iter: 5 loss: 47782.976089398071
230752.68933983779
Iter: 6 loss: 47702.484439841865
230600.96631241709
Iter: 7 loss: 47417.98487545344
228685.04052959749
Iter: 8 loss: 45261.235685933665
223121.41435099553
Iter: 9 loss: 40507.1101873056
212121.15216773306
Iter: 10 loss: 33456.614588417295
192699.58925102645
Iter: 11 loss: 22031.954266710411
174357.75619617928
Iter: 12 loss: 15685.813206103752
164333.05143779895
Iter: 13 loss: 13747.744462270883
158213.816382234
Iter: 14 loss: 12894.685269449565
155094.52140826761
Iter: 15 loss: 12400.114605972334
154374.63353787464
Iter: 16 loss: 12056.592714448552
155633.08973822606
Iter: 17 loss: 11924.092718224463
156858.76547519764
Iter: 18 loss: 11886.671070422983
158639.21672078717
Iter: 19 loss: 11826.339447915252
160962.22461609216
Iter: 20 loss: 11272.025635906153
162185.11196742853
Iter: 21 loss: 10644.703803446457
161681.89281911685
Iter: 22 loss: 10533.844606239863
161407.78433974594
Iter: 23 loss: 10482.671622331891
162098.64219973079
Iter: 24 loss: 10325.002863438302
163626.96820264528
Iter: 25 loss: 10171.780855238667
164270.6514677981
Iter: 26 loss: 10149.160054328988
164796.34093498686
Iter: 27 loss: 10138.532389896322
164793.71485055191
Iter: 28 loss: 10135.835264614503
164654.80930256358
Iter: 29 loss: 10061.790992986073
163912.23921929847
Iter: 30 loss: 9731.7393451102362
163259.069478453
Iter: 31 loss: 9123.58545076636
163080.42707523494
Iter: 32 loss: 7451.40476426495
168094.77135867102
Iter: 33 loss: 5246.9604004941129
187980.09002514678
Iter: 34 loss: 5837.3719086937017
175377.03839517734
Iter: 35 loss: 4273.9439782127256
179939.10577886205
Iter: 36 loss: 3308.4272782796979
-2463043.9505071668
Iter: 1 loss: 90386796.250824869
-6261083.0812652074
Iter: 2 loss: 1873072397.0882182
-123426.87790106644
Iter: 3 loss: 226194.98428405146
-697448.25875307748
Iter: 4 loss: 7686002.024189556
-328513608.22838187
Iter: 5 loss: 1953214638007.5293
-1961159.4229181805
Iter: 6 loss: 36579901.843428649
-1000770906.9440296
Iter: 7 loss: 46517048345639.227
-2462995.2680812143
Iter: 8 loss: 90381398.66852805
-1993016.6135188045
Iter: 9 loss: 46251835.300269812
-1791506.0932905856
Iter: 10 loss: 32016647.924375705
-1603327.7395704519
Iter: 11 loss: 21086909.590976559
-1493739.7173193262
Iter: 12 loss: 15696524.149277393
-1440883.1613992436
Iter: 13 loss: 13298293.958151413
-1430475.032489216
Iter: 14 loss: 12798165.566544587
-1430223.8059219245
Iter: 15 loss: 12773513.522534695
-1430072.4795454424
Iter: 16 loss: 12767899.614010587
-1428272.5243188483
Iter: 17 loss: 12716722.513168937
-1424296.7290051079
Iter: 18 loss: 12619572.781628799
-1412457.399493238
Iter: 19 loss: 12345107.710219316
-1388193.9806345804
Iter: 20 loss: 11762396.569529669
-1357620.1591427713
Iter: 21 loss: 10891802.137963586
-1253523.3574096612
Iter: 22 loss: 9014800.1093484256
-1213300.1610412952
Iter: 23 loss: 7768545.6122019086
-1219455.5746310335
Iter: 24 loss: 7450747.2804667428
-1213551.4383696872
Iter: 25 loss: 7259510.1871202532
-1199888.9368383156
Iter: 26 loss: 7067532.0043874355
-1197510.3731410182
Iter: 27 loss: 7048594.1825842131
-1196804.4269509809
Iter: 28 loss: 7042702.3784220517
-1196209.180819924
Iter: 29 loss: 7033765.0860976484
-1190835.9878447077
Iter: 30 loss: 6950401.4265214447
-1181945.35005176
Iter: 31 loss: 6804508.0562922452
-1166558.8229534933
Iter: 32 loss: 6511708.9853349794
-1150419.3551539415
Iter: 33 loss: 6212175.6857381118
-1139545.0175274611
Iter: 34 loss: 6027459.1629078211
-1134171.5217394428
Iter: 35 loss: 5957424.2758708727
-1128320.8008385529
Iter: 36 loss: 5911905.8717215285
-1125289.7808914152
Iter: 37 loss: 5895602.0445085317
-1122879.2643722761
Iter: 38 loss: 5883843.0934298094
Iter: 1 loss: 0.00020396265160206543
Iter: 2 loss: 0.019553384434286298
Iter: 3 loss: 0.00024269316498103951
Iter: 4 loss: 0.00020384258847367049
820363.12233582442
Iter: 1 loss: 12432170.992212359
1979926.8854259844
Iter: 2 loss: 45772130.992677145
1471324575.9079092
Iter: 3 loss: 94622151544858.359
820340.98383585433
Iter: 4 loss: 12431203.328041416
653927.077942726
Iter: 5 loss: 6330369.0580164408
578516.86825887079
Iter: 6 loss: 4311690.7557287309
500204.75512306584
Iter: 7 loss: 2676209.8413562197
441774.15671898035
Iter: 8 loss: 1741822.5054020442
392065.01550947205
Iter: 9 loss: 1123910.4619601588
351702.573150791
Iter: 10 loss: 731776.676630251
318414.03677484125
Iter: 11 loss: 475899.55094340106
291494.00297201821
Iter: 12 loss: 310112.59905761667
270240.3516887232
Iter: 13 loss: 203627.60303646768
254329.41874213034
Iter: 14 loss: 137601.65802046016
243616.91198264892
Iter: 15 loss: 100058.55092221695
237953.43482091493
Iter: 16 loss: 83320.740744428389
236196.41104665282
Iter: 17 loss: 79553.7265848607
235953.41049120663
Iter: 18 loss: 79359.1598393682
235898.21596951937
Iter: 19 loss: 79317.197073512041
235398.99957316235
Iter: 20 loss: 78916.5827806427
234478.29648309923
Iter: 21 loss: 78147.119919554811
231803.34236861789
Iter: 22 loss: 75856.237734284281
225278.48366399063
Iter: 23 loss: 70203.052945633623
208788.16609761375
Iter: 24 loss: 56107.633841562863
171276.08904346713
Iter: 25 loss: 29567.735749154719
113545.33823254581
Iter: 26 loss: 25936.818839135645
150412.90228382789
Iter: 27 loss: 21419.619383663216
118152.61399062452
Iter: 28 loss: 22452.58675991483
135950.00737515354
Iter: 29 loss: 19248.528355796527
132451.23915454955
Iter: 30 loss: 18844.18850783772
122226.39575601286
Iter: 31 loss: 17757.986941940508
129124.01750507846
Iter: 32 loss: 13399.960508080196
129594.14282286097
Iter: 33 loss: 8593.8557680989543
134495.25900028384
Iter: 34 loss: 6538.6158554146659
132591.02379413537
Iter: 35 loss: 5141.2111411137721
136429.29594669773
Iter: 36 loss: 4450.5050974009791
-2786703.7820217852
Iter: 1 loss: 242616119.02795953
20537366.704185247
Iter: 2 loss: 213665750.27280304
2045414.87630912
Iter: 3 loss: 5473843.7733945874
-5683872.1754650958
Iter: 4 loss: 1063599148.7019237
-659309.69003931712
Iter: 5 loss: 5790405.8772042012
-13486751.14757343
Iter: 6 loss: 4580284492.5710745
-920651365.89225566
Iter: 7 loss: 40799749588066.758
-2786700.4976794021
Iter: 8 loss: 242615393.25155625
-2786343.1701892181
Iter: 9 loss: 242536437.03616792
-2033860.3312164985
Iter: 10 loss: 55814686.167644814
-1654719.5937122896
Iter: 11 loss: 31063454.34312113
-1480397.0495196546
Iter: 12 loss: 22483807.807669345
-1338646.8952766676
Iter: 13 loss: 16937100.027203184
-1275611.3775055783
Iter: 14 loss: 15187200.994268989
-1259080.9511785083
Iter: 15 loss: 14982968.818110412
-1257458.413602541
Iter: 16 loss: 14975137.694824334
-1253393.2934727152
Iter: 17 loss: 14951064.348120421
-1245662.5634349892
Iter: 18 loss: 14896170.18401284
-1231057.4818392796
Iter: 19 loss: 14770819.19597589
-1209775.2643671909
Iter: 20 loss: 14537208.880900513
-1189922.1804439884
Iter: 21 loss: 14233993.131208068
-1182818.0194971408
Iter: 22 loss: 14113399.233357692
-1182122.962989737
Iter: 23 loss: 14103469.922304798
-1182034.0700235465
Iter: 24 loss: 14100363.979904791
-1181850.6347231616
Iter: 25 loss: 14086664.723872626
-1181582.8507776291
Iter: 26 loss: 14059943.55976679
-1180833.3695821988
Iter: 27 loss: 13992451.509877229
-1179682.4529533335
Iter: 28 loss: 13859977.576659892
-1180505.4615405549
Iter: 29 loss: 13659131.016312364
-1180419.9641350233
Iter: 30 loss: 13443221.628534907
-1169163.8070678997
Iter: 31 loss: 13194810.092189377
-1151600.2521280795
Iter: 32 loss: 13070529.822870288
-1145931.3120611715
Iter: 33 loss: 13045478.097417707
-1136612.0942541868
Iter: 34 loss: 12989944.296380771
-1118672.6698276035
Iter: 35 loss: 12844788.634615457
-1081649.5877081864
Iter: 36 loss: 12461171.029624967
-1009624.0571932541
Iter: 37 loss: 11535764.955580192
-888090.69568781566
Iter: 38 loss: 9623422.520712018
-2720916.2091810089
Iter: 39 loss: 145622339.25235128
-821500.52231720381
Iter: 40 loss: 7118948.9989247713
Iter: 1 loss: 0.00020813440318935027
Iter: 2 loss: 0.016119776756693283
Iter: 3 loss: 0.00021022711357259575
Iter: 4 loss: 0.00020777626430907659
-481941.25131349877
Iter: 1 loss: 6713829.1526192548
3392621.2256073747
Iter: 2 loss: 124763201.072011
20671170.136442035
Iter: 3 loss: 10095948748.275269
3921373.2259425083
Iter: 4 loss: 338782820.39700711
959379.01899652136
Iter: 5 loss: 7784934.799314
95210.351138628408
Iter: 6 loss: 153077.73968386007
147858.77701495704
Iter: 7 loss: 1739.31402062048
147884.94529015373
Iter: 8 loss: 1728.5851910280992
147988.31884509721
Iter: 9 loss: 1686.7786630768944
148382.10404773423
Iter: 10 loss: 1535.9452038312527
150089.56011924153
Iter: 11 loss: 1039.3730135694527
151020.33497247353
Iter: 12 loss: 879.00001219233377
151817.68494693437
Iter: 13 loss: 806.67174973506485
152250.08689281059
Iter: 14 loss: 791.19439616651482
152488.40621529947
Iter: 15 loss: 785.474183152158
152967.95960653352
Iter: 16 loss: 772.83140191581447
154028.28674963073
Iter: 17 loss: 742.91542700912214
156102.79554849904
Iter: 18 loss: 685.2933202722927
158597.34209805343
Iter: 19 loss: 619.967739648094
159226.49872773286
Iter: 20 loss: 535.2028907865913
157471.8778263038
Iter: 21 loss: 464.38179443560165
158371.52065183147
Iter: 22 loss: 453.38246306127166
157675.8110977349
Iter: 23 loss: 445.9021285893092
157364.82688652741
Iter: 24 loss: 438.52135858780929
155360.16821080018
Iter: 25 loss: 380.61488786185686
153522.52582228827
Iter: 26 loss: 311.601581616024
151773.12524369382
Iter: 27 loss: 247.12729961708084
151749.73664612329
Iter: 28 loss: 246.82958316985136
151752.04399788898
Iter: 29 loss: 244.99971249895643
151858.07782635931
Iter: 30 loss: 244.75906478411235
151908.14482863632
Iter: 31 loss: 244.62423954988813
152008.23225973913
Iter: 32 loss: 244.06335633736649
151976.79936273248
Iter: 33 loss: 243.61007202415695
151869.57150550859
Iter: 34 loss: 243.18932489870176
151770.81722477573
Iter: 35 loss: 242.60157677422757
151473.95047283225
Iter: 36 loss: 240.00776804831503
151075.72650983717
Iter: 37 loss: 233.55130412606633
156058.25118031332
Iter: 38 loss: 1449.6708824690147
150817.9629323181
Iter: 39 loss: 221.77168100286525
151445.12709995123
Iter: 40 loss: 235.07058807147382
150841.68790080139
Iter: 41 loss: 216.20862940096541
-3822931.2348921988
Iter: 1 loss: 514711796.64622772
34030132.696154952
Iter: 2 loss: 10842183496.309942
-16693154243.769787
Iter: 3 loss: 13589911459540766
-2915273.5728507973
Iter: 4 loss: 98291604.214847282
-10206805.393776724
Iter: 5 loss: 4449695294.3255291
-900371730.86406624
Iter: 6 loss: 39261826495774.078
-3822114.265087645
Iter: 7 loss: 514465308.56428689
-2906751.4129001307
Iter: 8 loss: 276847636.24598038
-2385565.1786809512
Iter: 9 loss: 175551284.74714357
-1915101.4411928316
Iter: 10 loss: 104809896.13164875
-1560995.6958143404
Iter: 11 loss: 64188549.34634386
-1274656.1779639379
Iter: 12 loss: 39023360.337354027
-1049016.6599511928
Iter: 13 loss: 23861333.154129371
-869355.03356986132
Iter: 14 loss: 14613781.895467982
-727216.21595444134
Iter: 15 loss: 8994117.5935363378
-615329.86402797245
Iter: 16 loss: 5574652.86100402
-528586.7925676842
Iter: 17 loss: 3501355.8750368832
-463370.98361567082
Iter: 18 loss: 2255848.0012212354
-417551.26525466749
Iter: 19 loss: 1528095.0537047435
-390132.38985112327
Iter: 20 loss: 1135776.8987087007
-379535.59184444585
Iter: 21 loss: 968852.63577630685
-379109.45655585616
Iter: 22 loss: 931059.76246658829
-379626.24086929293
Iter: 23 loss: 927632.28708886239
-379615.80343965522
Iter: 24 loss: 925391.9703648088
-378619.25918593578
Iter: 25 loss: 915449.31300422642
-375184.72220096109
Iter: 26 loss: 894900.94081433082
-365600.06391519948
Iter: 27 loss: 847772.09229013789
-351371.544951149
Iter: 28 loss: 782252.70331324649
-344465.23440128507
Iter: 29 loss: 753566.40156087768
-343839.38628510665
Iter: 30 loss: 750774.20350130124
-343610.55301731435
Iter: 31 loss: 748457.45287406852
-343738.85815321922
Iter: 32 loss: 748296.68000386911
-343722.17838854319
Iter: 33 loss: 748001.06577289081
-343676.30563730223
Iter: 34 loss: 746909.04823931563
-343010.59854082053
Iter: 35 loss: 735136.05740420823
-343501.35888227145
Iter: 36 loss: 718469.50260043447
-346978.0425909597
Iter: 37 loss: 703184.31466914713
-345530.85021879594
Iter: 38 loss: 692993.39251842559
Iter: 1 loss: 0.00020112224365563484
Iter: 2 loss: 0.6462482934465309
Iter: 3 loss: 0.0002005303716020165
1338.4111691534345
Iter: 1 loss: 2328014.0533549553
22246588.043180458
Iter: 2 loss: 9256923646.4181252
310788.22330636758
Iter: 3 loss: 1194080.8366397109
220406.18023797136
Iter: 4 loss: 186758.62002107641
216525.40740841423
Iter: 5 loss: 161450.7380733749
204387.13892407762
Iter: 6 loss: 90899.063737344637
199881.06487834494
Iter: 7 loss: 66699.3469139687
198263.99995931494
Iter: 8 loss: 55336.105570809086
198479.59274496135
Iter: 9 loss: 53892.327523172986
198466.55570652196
Iter: 10 loss: 53721.794146575827
198051.75847144108
Iter: 11 loss: 52448.6254661695
196770.11972161039
Iter: 12 loss: 49885.3116275503
192561.73080348302
Iter: 13 loss: 42891.323263375481
183405.80642667931
Iter: 14 loss: 29822.000744197016
170674.21630946471
Iter: 15 loss: 16240.858653058549
160963.45900928852
Iter: 16 loss: 10243.176482557015
155146.72587611803
Iter: 17 loss: 8642.858765778521
152771.95777155127
Iter: 18 loss: 8364.3339551691824
151045.33620338247
Iter: 19 loss: 8040.61700489728
146586.18042276287
Iter: 20 loss: 7085.64987608991
143278.95391993597
Iter: 21 loss: 6434.7026938696235
141405.02612843062
Iter: 22 loss: 6207.5438643286107
141026.42122820052
Iter: 23 loss: 6184.1374219067247
141118.13150772569
Iter: 24 loss: 6179.452088196671
141600.73876375452
Iter: 25 loss: 6169.0809978828411
142250.18529820407
Iter: 26 loss: 6156.4079892648033
143254.42854562652
Iter: 27 loss: 6115.7135165478712
144853.31912847765
Iter: 28 loss: 5710.52388291393
144384.23897658198
Iter: 29 loss: 4851.130925322339
146166.05992887192
Iter: 30 loss: 4793.1379074799388
146475.55183487746
Iter: 31 loss: 4735.9140347234006
147507.68263587443
Iter: 32 loss: 4642.634593128043
-932102.029345111
Iter: 1 loss: 5257560.0779042812
24172990.425378017
Iter: 2 loss: 1719963826.2864525
-3732694.4569924008
Iter: 3 loss: 6104292538.6568565
20958971.121819753
Iter: 4 loss: 20306067582.0592
-944914.71047482383
Iter: 5 loss: 4849027.4398332369
-936429.18367174082
Iter: 6 loss: 4799849.6514371643
-933921.76870213286
Iter: 7 loss: 4785737.91178211
-926774.71023555286
Iter: 8 loss: 4734025.8308846783
-915974.53925647191
Iter: 9 loss: 4635190.1801465414
-901237.228451713
Iter: 10 loss: 4466467.40803776
-879437.16305075458
Iter: 11 loss: 4160602.0159005062
-843006.51408765675
Iter: 12 loss: 3705612.34841529
-822965.32186867879
Iter: 13 loss: 3513851.7806048295
-803455.85659701691
Iter: 14 loss: 3341571.2013076926
-736316.77279504819
Iter: 15 loss: 2751785.7345061968
-666823.51399787772
Iter: 16 loss: 2239874.4962120354
-602477.73631636612
Iter: 17 loss: 1814695.120602008
-540221.3445285263
Iter: 18 loss: 1404311.2001012373
-487069.63529291551
Iter: 19 loss: 1045529.5841395818
-458886.02886317007
Iter: 20 loss: 838245.17319290875
-455158.80590942368
Iter: 21 loss: 766542.064368134
-453469.2415778226
Iter: 22 loss: 741971.301680669
-445121.4496196254
Iter: 23 loss: 695208.364011681
-436271.81251649634
Iter: 24 loss: 668279.17797114048
-433037.13202189526
Iter: 25 loss: 663492.10869437456
-431441.27110733982
Iter: 26 loss: 661318.0206502541
-428126.84226609673
Iter: 27 loss: 656089.92196921259
-424587.73851701652
Iter: 28 loss: 648965.1013434605
-421246.8789464013
Iter: 29 loss: 637042.18622030725
-421420.15143762965
Iter: 30 loss: 633372.79360136087
-421712.52835924429
Iter: 31 loss: 633158.64923349826
-422277.67528909264
Iter: 32 loss: 632637.44057823741
-422727.20659625251
Iter: 33 loss: 631575.04301139154
-422632.74472910789
Iter: 34 loss: 625979.36733914737
Iter: 1 loss: 0.00020466469394623911
Iter: 2 loss: 0.092011472553059026
Iter: 3 loss: 0.0002045387428780858
155103.27870435218
Iter: 1 loss: 31368.497820787237
23739536.170483381
Iter: 2 loss: 10978213363.862495
1327128.2393244032
Iter: 3 loss: 21891589.359555107
3746.836854150446
Iter: 4 loss: 445920.25334326981
151619.90690111485
Iter: 5 loss: 23586.407080691286
146934.54043085341
Iter: 6 loss: 15598.886205889517
143949.52436834655
Iter: 7 loss: 12313.888678669577
141724.53670884532
Iter: 8 loss: 11057.396224656834
140751.41774089952
Iter: 9 loss: 10862.82802240067
140413.43980156095
Iter: 10 loss: 10798.90924718675
139401.23120545788
Iter: 11 loss: 10549.558117070581
137726.39807031571
Iter: 12 loss: 10020.43670371137
134808.97855483656
Iter: 13 loss: 8874.5664990701916
131588.30788223067
Iter: 14 loss: 7313.3801684313848
129162.67511067093
Iter: 15 loss: 6218.2537450883583
127629.70579911592
Iter: 16 loss: 5849.1626745289086
127313.96255619283
Iter: 17 loss: 5775.2711835351711
127566.62605365871
Iter: 18 loss: 5716.4666012299122
128666.52961849363
Iter: 19 loss: 5638.9704249369915
129679.06273193579
Iter: 20 loss: 5606.1119024115615
130321.58428313766
Iter: 21 loss: 5562.2945862854849
136894.93159418533
Iter: 22 loss: 4484.0024614576814
219836.75502420019
Iter: 23 loss: 60595.34592887247
151515.04306282153
Iter: 24 loss: 2687.4770346940782
155370.37402908213
Iter: 25 loss: 2366.1751538737581
152848.31660744146
Iter: 26 loss: 1900.1042695174824
151607.58186787064
Iter: 27 loss: 1652.0722276636036
151707.68328696635
Iter: 28 loss: 1552.6084265269287
152256.89742570516
Iter: 29 loss: 1473.75883302029
152814.04063012882
Iter: 30 loss: 1391.8295299216607
154936.44787025495
Iter: 31 loss: 1123.6978644044345
156278.85355321097
Iter: 32 loss: 942.84390575372822
153701.20079010731
Iter: 33 loss: 920.68382343964572
154832.3467127675
Iter: 34 loss: 900.49184436407063
155379.35125612054
Iter: 35 loss: 893.51995746157593
-1241171.0201288324
Iter: 1 loss: 11030444.755986506
18622210.873055495
Iter: 2 loss: 660622096.29425526
-17257898.072318941
Iter: 3 loss: 10349524811.707363
-4100750.9243360427
Iter: 4 loss: 647506714.65401292
-59177737.153049268
Iter: 5 loss: 160172480290.12506
-12992976.18078023
Iter: 6 loss: 7199097890.4673491
-1238539.0538122728
Iter: 7 loss: 10940269.731990751
-1150119.7877584985
Iter: 8 loss: 8149676.6724547893
-1134225.1740812105
Iter: 9 loss: 7723953.346929118
-1127065.5415548007
Iter: 10 loss: 7582607.01272737
-1119106.1785764678
Iter: 11 loss: 7461420.6236474123
-1090676.1945178634
Iter: 12 loss: 7067153.1764331283
-1032346.9832525235
Iter: 13 loss: 6295679.9399207784
-940474.27719758
Iter: 14 loss: 5101546.74538909
-862775.48051050678
Iter: 15 loss: 4074093.3849787652
-842693.90198554611
Iter: 16 loss: 3900241.1404756485
-843221.77387348353
Iter: 17 loss: 3889092.3263100712
-845373.95518220449
Iter: 18 loss: 3864451.5526347579
-845263.18218786409
Iter: 19 loss: 3858239.5935593033
-840809.55789351533
Iter: 20 loss: 3781719.97233302
-828940.64312231983
Iter: 21 loss: 3648232.397120391
-794577.52998932975
Iter: 22 loss: 3314435.271276773
-745301.1891546254
Iter: 23 loss: 2845290.1057762364
-702173.01733741711
Iter: 24 loss: 2385982.4221769334
-693191.374404416
Iter: 25 loss: 2236699.8565451577
-687132.75484872528
Iter: 26 loss: 2181113.0641574552
-679069.12750022684
Iter: 27 loss: 2113312.2541677826
-676959.386743037
Iter: 28 loss: 2096679.8763307831
-668320.0055358992
Iter: 29 loss: 2028265.7352602712
-657027.85333046434
Iter: 30 loss: 1941102.63299281
-641598.2779444874
Iter: 31 loss: 1829350.6132237904
-627394.9848325639
Iter: 32 loss: 1735163.8139659862
-621803.38351959875
Iter: 33 loss: 1703411.4737660014
-620984.18162837136
Iter: 34 loss: 1700899.1934044741
-620821.56713198277
Iter: 35 loss: 1700534.4430950112
-620246.62331840442
Iter: 36 loss: 1699070.9181260162
-619351.28109329857
Iter: 37 loss: 1696338.226872629
Iter: 1 loss: 0.00019966908295001936
Iter: 2 loss: 0.01965823548728295
Iter: 3 loss: 0.00024702159559176074
Iter: 4 loss: 0.00019952960492108403
290476.56368920376
Iter: 1 loss: 522390.84353735734
12667675.803210223
Iter: 2 loss: 3728215052.01687
209403.82614497439
Iter: 3 loss: 45503.726824870057
209273.31963947974
Iter: 4 loss: 45239.903367388746
208760.678955073
Iter: 5 loss: 44213.599370696713
206852.26935693744
Iter: 6 loss: 40532.871318165337
198308.17440048311
Iter: 7 loss: 26872.334238911375
192933.45741770646
Iter: 8 loss: 20855.594892261804
186696.55448683468
Iter: 9 loss: 16580.791296969812
179703.59830926982
Iter: 10 loss: 13627.142085419157
171694.18845680091
Iter: 11 loss: 11704.232984405506
165010.34088424803
Iter: 12 loss: 11042.252123894252
163262.22450205655
Iter: 13 loss: 10975.265278784864
162500.10947630112
Iter: 14 loss: 10924.369425725637
162131.9529430992
Iter: 15 loss: 10843.63632373265
162663.09749208827
Iter: 16 loss: 10811.143111380137
163086.96198955714
Iter: 17 loss: 10775.12286216961
161901.40057507087
Iter: 18 loss: 9955.66035484202
136561.92810432875
Iter: 19 loss: 4490.3316506079245
140723.71623478585
Iter: 20 loss: 4515.0354615872111
138384.8363720749
Iter: 21 loss: 4450.4896731093613
138182.07027312682
Iter: 22 loss: 4440.8551644617492
136727.37672886974
Iter: 23 loss: 4404.144657226957
136510.45256161876
Iter: 24 loss: 4402.5320889245086
136330.86233507696
Iter: 25 loss: 4397.3010690926985
136095.71796310175
Iter: 26 loss: 4362.5943742652007
135948.6875548955
Iter: 27 loss: 4192.2568863142424
135080.7737263263
Iter: 28 loss: 3734.7295180869323
120761.38829895481
Iter: 29 loss: 8267.55596132084
132927.33489043661
Iter: 30 loss: 3570.0849677104575
118209.29003233831
Iter: 31 loss: 7749.575766827511
130265.0443060182
Iter: 32 loss: 3342.861673936402
131899.85099288606
Iter: 33 loss: 3096.1233682580437
131803.60267348867
Iter: 34 loss: 2942.1966061398657
131285.25320972648
Iter: 35 loss: 2976.2654872620037
131700.92026044513
Iter: 36 loss: 2919.3617522438753
132479.40871609945
Iter: 37 loss: 2877.072163085566
135481.30061359322
Iter: 38 loss: 2741.327144977884
147005.3519241529
Iter: 39 loss: 2374.637357617667
140961.18847696838
Iter: 40 loss: 2428.20690927932
-3173114.7076543849
Iter: 1 loss: 244690944.25406903
19682331.374566928
Iter: 2 loss: 45534452.9383992
15012212.903502371
Iter: 3 loss: 13359365655.160385
-37666424.13687031
Iter: 4 loss: 47491870778.299576
-404538378.70103651
Iter: 5 loss: 7667262347314.8311
-22226571.100192692
Iter: 6 loss: 19199069189.379128
-2789191.4188683685
Iter: 7 loss: 168368535.76875705
-2359955.0753523125
Iter: 8 loss: 99747124.065036818
-2080210.5999279956
Iter: 9 loss: 64488184.65267247
-1868925.8028443537
Iter: 10 loss: 42820258.387787595
-1734160.8377198204
Iter: 11 loss: 31299993.166680165
-1660359.6348610437
Iter: 12 loss: 25901374.450908773
-1626309.8267001638
Iter: 13 loss: 23863039.022569586
-1599869.9740353315
Iter: 14 loss: 22615559.302654568
-1543588.2150561779
Iter: 15 loss: 20201799.583947189
-1426662.1003319663
Iter: 16 loss: 15429673.527711064
-1268890.8177534312
Iter: 17 loss: 9732678.780767994
-1197556.3660512525
Iter: 18 loss: 7690844.61138463
-1133913.8714404379
Iter: 19 loss: 6085296.95226518
-1102514.3708257196
Iter: 20 loss: 5297528.0106794294
-1093542.9905679768
Iter: 21 loss: 4943162.5987286065
-1096581.6552312863
Iter: 22 loss: 4875003.4767133268
-1097900.4040653543
Iter: 23 loss: 4869215.1030207295
-1098009.5264955512
Iter: 24 loss: 4861141.3885094989
-1097030.5485909409
Iter: 25 loss: 4834625.1178365219
-1095078.7482322354
Iter: 26 loss: 4815485.8711034
-1092611.2367300151
Iter: 27 loss: 4799095.4619249357
-1090936.5785911717
Iter: 28 loss: 4785229.9932821272
-1092628.4247871749
Iter: 29 loss: 4750492.9572702777
-1091651.3320792234
Iter: 30 loss: 4741219.4635147424
-1089870.1899799169
Iter: 31 loss: 4726686.8682023268
-1087291.0405960069
Iter: 32 loss: 4705200.2877348335
-1078569.2178193915
Iter: 33 loss: 4632665.1595178982
-1059967.4389672952
Iter: 34 loss: 4476216.2902982309
-1025974.4653802339
Iter: 35 loss: 4189302.7469704943
-992738.95585852943
Iter: 36 loss: 3926869.5343172862
Iter: 1 loss: 0.00020106948471990881
Iter: 2 loss: 0.40875486105777525
Iter: 3 loss: 0.00020102032602404104
92307.762048183009
Iter: 1 loss: 26642.999544305883
10490844.655111492
Iter: 2 loss: 1713193160.8154464
92528.107736763035
Iter: 3 loss: 40423.075686042735
93861.14040836948
Iter: 4 loss: 25940.20415484536
93970.470225008568
Iter: 5 loss: 25780.248079644436
94395.1266905257
Iter: 6 loss: 25172.325313432018
95904.603116405749
Iter: 7 loss: 23193.3297900478
104803.92449508944
Iter: 8 loss: 15536.209303051477
120971.25489482918
Iter: 9 loss: 6388.9637835802087
137714.44122491521
Iter: 10 loss: 1378.5528101076422
150603.82483204326
Iter: 11 loss: 505.60531693431903
147318.26308935654
Iter: 12 loss: 446.95456112026949
147991.83018329123
Iter: 13 loss: 441.42359020951392
148096.3948461065
Iter: 14 loss: 440.38431649211236
148591.14875136229
Iter: 15 loss: 433.04284005691733
149112.44484429981
Iter: 16 loss: 420.27852455350956
149828.93875464358
Iter: 17 loss: 390.56814233192563
150051.43270470481
Iter: 18 loss: 356.83831582633491
148791.33966178951
Iter: 19 loss: 333.67632036080857
148745.52325070751
Iter: 20 loss: 333.50344660026246
148726.80659159616
Iter: 21 loss: 333.12831051873593
148647.97549488657
Iter: 22 loss: 331.90864018910474
148584.01631633312
Iter: 23 loss: 327.74049513803368
148888.60540389697
Iter: 24 loss: 324.86214714259478
149084.98395799956
Iter: 25 loss: 324.45261295757962
149042.20770101828
Iter: 26 loss: 324.45946650975395
149065.48021160049
Iter: 27 loss: 324.43601024228491
149055.24270514847
Iter: 28 loss: 324.43328034251675
149052.84668946613
Iter: 29 loss: 324.42917309204205
149043.27612797893
Iter: 30 loss: 324.41466282946459
149005.27636067945
Iter: 31 loss: 324.30223209392494
148955.09713526483
Iter: 32 loss: 324.03645222906795
148905.4078513069
Iter: 33 loss: 323.47486262900628
148901.86853057615
Iter: 34 loss: 322.6245111123697
148981.01864600633
Iter: 35 loss: 321.82206718339114
149101.40760826855
Iter: 36 loss: 321.4027691512112
149166.21336844374
Iter: 37 loss: 321.32158676823718
149177.24181134469
Iter: 38 loss: 321.31247658884695
-3842182.5994367097
Iter: 1 loss: 233796194.26113492
535623448.74711895
Iter: 2 loss: 11134870039324.453
-2408166.5284946589
Iter: 3 loss: 64244334.143364668
-2256782.7650915938
Iter: 4 loss: 52611022.407827504
-1985649.2265565575
Iter: 5 loss: 34950473.11104735
-1883094.005377088
Iter: 6 loss: 29732753.199834418
-1847477.3102081858
Iter: 7 loss: 28556207.064230978
-1843757.876133342
Iter: 8 loss: 28524456.569390297
-1843323.2033779044
Iter: 9 loss: 28519236.008015525
-1841656.8953543063
Iter: 10 loss: 28503209.726687811
-1837950.1314362413
Iter: 11 loss: 28438007.174998295
-1824124.7320643982
Iter: 12 loss: 28147364.623576015
-1800252.7096308819
Iter: 13 loss: 27553575.953730095
-1752425.8970460817
Iter: 14 loss: 26134057.543926902
-1684211.0132587985
Iter: 15 loss: 23600032.658285148
-1632933.4795459276
Iter: 16 loss: 20397839.998236127
-1678358.3637154119
Iter: 17 loss: 18569318.353770021
-1710463.5590475805
Iter: 18 loss: 18499187.01256888
-1703108.2827220447
Iter: 19 loss: 18481546.662841246
-1690439.7830773918
Iter: 20 loss: 18423324.487042524
-1682827.1122667608
Iter: 21 loss: 18372992.578569353
-1682303.1102417049
Iter: 22 loss: 18340876.755040549
-1684558.036671557
Iter: 23 loss: 18264376.101309244
-1688929.182814999
Iter: 24 loss: 18141508.456346236
-1693038.951128568
Iter: 25 loss: 17948997.125972293
-1688661.6412406357
Iter: 26 loss: 17450000.870676085
-1678661.7060226586
Iter: 27 loss: 15807374.267141413
-1670937.8719174685
Iter: 28 loss: 15092817.641747922
-1630713.9070705285
Iter: 29 loss: 14635523.753507331
-1609543.9850688567
Iter: 30 loss: 14450552.808198843
-1604514.8375666058
Iter: 31 loss: 14434487.029569739
-1604252.2630764232
Iter: 32 loss: 14433850.085052356
-1604376.9635908115
Iter: 33 loss: 14433544.19812781
Iter: 1 loss: 0.0002024565962716461
Iter: 2 loss: 0.056620909189697789
Iter: 3 loss: 0.00020228103559346875
452575.19900823641
Iter: 1 loss: 3038630.6554856841
14537069.096236387
Iter: 2 loss: 7133153868.28315
12700016.804513469
Iter: 3 loss: 4131280002.7136755
229092868.59792584
Iter: 4 loss: 1099705703253.1602
438132.67631990032
Iter: 5 loss: 2712432.1047667945
368971.40414214169
Iter: 6 loss: 1421020.0189339307
333783.63339838723
Iter: 7 loss: 933417.04207308986
300091.36451667594
Iter: 8 loss: 570773.46656568279
274898.30340787134
Iter: 9 loss: 364080.75570161146
254012.24316298525
Iter: 10 loss: 232660.49723625387
237184.87566406064
Iter: 11 loss: 151603.92564035041
223317.23196418904
Iter: 12 loss: 100264.15950474616
211881.4592925231
Iter: 13 loss: 67559.420917955358
202437.87911768138
Iter: 14 loss: 46541.660646023847
194782.17874170712
Iter: 15 loss: 33225.702960277551
188917.208097575
Iter: 16 loss: 25391.396155128714
185014.15962572885
Iter: 17 loss: 21790.081579867496
183020.61968473677
Iter: 18 loss: 20848.472153033927
182061.63830645615
Iter: 19 loss: 20546.786332582244
179747.11285952947
Iter: 20 loss: 19808.86930657176
174738.73153977227
Iter: 21 loss: 18324.945567086645
167876.38460602751
Iter: 22 loss: 16486.774367330836
164465.54442767089
Iter: 23 loss: 14410.705960186568
162589.30967843015
Iter: 24 loss: 12866.045954948979
159663.68690590057
Iter: 25 loss: 12094.472275929747
154214.72767839633
Iter: 26 loss: 11156.299275076552
-3035495.4425742067
Iter: 27 loss: 489821547.7483201
143352.97520887354
Iter: 28 loss: 9812.4931866506631
149859.6942952713
Iter: 29 loss: 9894.9749313796074
146155.17279291587
Iter: 30 loss: 9678.7564626370913
139108.23212281376
Iter: 31 loss: 12943.524541723866
146157.15769216168
Iter: 32 loss: 9230.8920205050053
146420.95976179384
Iter: 33 loss: 9193.5190966977425
147258.39612850585
Iter: 34 loss: 9190.3004609152667
146910.20454465671
Iter: 35 loss: 9164.1377612593551
145341.43258600717
Iter: 36 loss: 9071.6781249145661
145538.7222686029
Iter: 37 loss: 8936.81935725137
152296.48379487882
Iter: 38 loss: 10388.928771727102
146271.56546162709
Iter: 39 loss: 8579.9709501734687
-28957850.899847586
Iter: 1 loss: 31660629837.457428
32547032.843559522
Iter: 2 loss: 6448666154.421813
4230563.4519763319
Iter: 3 loss: 124695938.44832914
-2308712.7763642096
Iter: 4 loss: 173211027.48027545
-9041205467.2124043
Iter: 5 loss: 3990786408396698.5
-28807018.498036955
Iter: 6 loss: 31288681950.608826
-21111665.774272848
Iter: 7 loss: 15237778493.59882
-17753421.576494418
Iter: 8 loss: 10027943842.144718
-14398920.512003504
Iter: 9 loss: 5908053077.0186892
-12051164.784728393
Iter: 10 loss: 3666331608.7178831
-10202633.939380042
Iter: 11 loss: 2271301328.4735947
-8857516.4546209238
Iter: 12 loss: 1460678976.1828327
-7919902.397921348
Iter: 13 loss: 998792646.79758322
-7360895.83768786
Iter: 14 loss: 767230991.70244479
-7122571.8748665871
Iter: 15 loss: 683976768.03608441
-7059815.2538791411
Iter: 16 loss: 667788062.35291731
-7029512.7104428066
Iter: 17 loss: 661099328.80711114
-6930672.5833922606
Iter: 18 loss: 638921345.05476475
-6718842.0680947378
Iter: 19 loss: 589164109.22486758
-6314524.7551843412
Iter: 20 loss: 483046775.803264
-5933626.4330801833
Iter: 21 loss: 346746218.735221
-5940041.0108653717
Iter: 22 loss: 304109657.08748132
-5863894.3912711693
Iter: 23 loss: 281826239.74175686
-5720428.2778920736
Iter: 24 loss: 255100707.71326846
-5726948.3097238094
Iter: 25 loss: 252382821.42135209
-5743719.3270943612
Iter: 26 loss: 251857245.79805145
-5751748.8150044009
Iter: 27 loss: 251237264.65240702
-5754447.7799419593
Iter: 28 loss: 246451019.43779474
-5703077.0490880609
Iter: 29 loss: 233445499.50449198
-5575659.0859141164
Iter: 30 loss: 218179500.71061245
-5340617.6539082211
Iter: 31 loss: 200989802.92161363
-5087998.0867482191
Iter: 32 loss: 189705665.85751173
-5036617.5929311682
Iter: 33 loss: 188389896.00686795
-4880433.6514199618
Iter: 34 loss: 177816959.27245706
-4174774.2135881819
Iter: 35 loss: 133017949.002956
-3677412.805966394
Iter: 36 loss: 106689809.45472193
Iter: 1 loss: 0.00020344051257714215
Iter: 2 loss: 0.017609916342264269
Iter: 3 loss: 0.00020769808718995873
Iter: 4 loss: 0.00020338885055273936
184689.51759200389
Iter: 1 loss: 234388.11313256156
415391.544044108
Iter: 2 loss: 440888.56459420547
6929480.5710055418
Iter: 3 loss: 1615782841.1646342
162400.08059946948
Iter: 4 loss: 160277.70843784732
150753.00185374933
Iter: 5 loss: 144204.31351997104
145261.56518184397
Iter: 6 loss: 142016.9851240534
144648.19380609115
Iter: 7 loss: 141795.35564620554
141970.22315315274
Iter: 8 loss: 140269.40180949832
138821.79324222173
Iter: 9 loss: 137196.84636734551
133882.63525846251
Iter: 10 loss: 128522.34735827686
128776.96162481752
Iter: 11 loss: 109072.3828093067
126606.30714853544
Iter: 12 loss: 75628.718338146718
128323.27004826828
Iter: 13 loss: 44192.422371429449
131037.59757743723
Iter: 14 loss: 24377.774612637026
133192.37606390039
Iter: 15 loss: 13431.899862223712
133572.56097704225
Iter: 16 loss: 8797.7942475308664
133059.75085951292
Iter: 17 loss: 8277.4032011913459
177764.88946073523
Iter: 18 loss: 22696.437184672839
144562.87265386144
Iter: 19 loss: 2906.3880280289
459724.00271190132
Iter: 20 loss: 4314552.9602891663
157300.39232296031
Iter: 21 loss: 3315.8493808136473
149743.80749547351
Iter: 22 loss: 2051.8533425758715
151598.27005818352
Iter: 23 loss: 2031.24103531539
150520.02969520586
Iter: 24 loss: 1972.9900111156498
149525.29973542941
Iter: 25 loss: 1897.8339209300811
146600.27605953749
Iter: 26 loss: 1905.5868047572906
148252.8205479641
Iter: 27 loss: 1814.6405082077895
148019.71369063837
Iter: 28 loss: 1694.45758594915
154000.17276544898
Iter: 29 loss: 2038.7809052238531
148551.94268756645
Iter: 30 loss: 1552.8410188354551
156615.71535605614
Iter: 31 loss: 4130.6332020428845
149281.74272093474
Iter: 32 loss: 1486.0649564978271
483901.94665594626
Iter: 33 loss: 5483069.86529492
149281.74344597757
Iter: 34 loss: 1486.0648418258402
149281.7678998998
Iter: 35 loss: 1486.060974757625
153344.90720033564
Iter: 36 loss: 2292.5016112463572
149660.04597811546
Iter: 37 loss: 1456.9587212072638
-1238974.8445608336
Iter: 38 loss: 94015775.243438914
149660.04596941808
Iter: 39 loss: 1456.9587183710644
149660.04596069281
Iter: 40 loss: 1456.9587155316526
147730.37211425192
Iter: 41 loss: 1377.8223921197184
149552.94062376191
Iter: 42 loss: 1428.2303424400857
148768.86468562478
Iter: 43 loss: 1348.1110699195906
147585.34102665397
Iter: 44 loss: 1016.1088450377032
147249.35163999686
Iter: 45 loss: 891.53419466511878
147108.46395856267
Iter: 46 loss: 882.09022497382193
146920.05179870059
Iter: 47 loss: 875.01057679753978
146820.61985652291
Iter: 48 loss: 870.95060234558912
146600.70797913964
Iter: 49 loss: 858.83704585628254
-2484450.2015363788
Iter: 1 loss: 64678154.462495804
52977935.909289762
Iter: 2 loss: 31637994948.506676
3205451.8418293325
Iter: 3 loss: 714715094.38552415
-6387904.3939264
Iter: 4 loss: 624021172.91600513
-658661196.926681
Iter: 5 loss: 8446542635321
-2483904.4819139941
Iter: 6 loss: 64646562.591964975
-2342929.8904532557
Iter: 7 loss: 58510086.118418813
-2330874.492459042
Iter: 8 loss: 58199690.254693642
-2293206.0476155318
Iter: 9 loss: 57026144.7164609
-2229440.0611232389
Iter: 10 loss: 54624602.07163997
-2106039.4863725118
Iter: 11 loss: 49163029.774912991
-1958086.6679900563
Iter: 12 loss: 41700486.573426753
-1888107.8524954384
Iter: 13 loss: 38972446.887816235
-1872319.3096572335
Iter: 14 loss: 38730375.114322171
-1866973.0497202035
Iter: 15 loss: 38681624.040243492
-1850815.6951003433
Iter: 16 loss: 38372929.791227378
-1834183.5933395848
Iter: 17 loss: 37995106.853023671
-1829906.3099529208
Iter: 18 loss: 37768885.148465425
-1829855.8706322131
Iter: 19 loss: 37214371.981694423
-1840667.5368114419
Iter: 20 loss: 36483722.408764809
-1863796.1326404368
Iter: 21 loss: 35661579.759297892
-1867960.8149820659
Iter: 22 loss: 35529694.86754135
-1864789.9360319274
Iter: 23 loss: 35490342.781632274
-1863975.9048045068
Iter: 24 loss: 35484977.743692271
-1863716.8902265481
Iter: 25 loss: 35481403.529006377
-1862130.1423693178
Iter: 26 loss: 35454263.043560289
-1858742.8096081447
Iter: 27 loss: 35390228.832638457
-1849888.5881907039
Iter: 28 loss: 35210809.276575543
-1828919.3633227153
Iter: 29 loss: 34753292.783247337
-1779563.9789747749
Iter: 30 loss: 33562105.805466667
-1674544.6164210106
Iter: 31 loss: 30653890.238151778
-1504630.2581863764
Iter: 32 loss: 25171924.488084693
-1831952.615256907
Iter: 33 loss: 33332869.700835131
-1448371.151633102
Iter: 34 loss: 22477869.628962107
-26205155.0430948
Iter: 35 loss: 30449232185.379711
-1455529.2313583128
Iter: 36 loss: 20975054.8400788
-1408831.1432252652
Iter: 37 loss: 18503156.272520225
-1314637.3136667141
Iter: 38 loss: 16267906.350415522
Iter: 1 loss: 0.00020618039691679214
Iter: 2 loss: 0.013624946326152876
Iter: 3 loss: 0.0002054401257768485
168883.13657954495
Iter: 1 loss: 16043.459802314459
87594100.621835858
Iter: 2 loss: 331811243236.5036
168881.81362612016
Iter: 3 loss: 16042.014618915675
168243.87306919275
Iter: 4 loss: 15450.330612405965
167678.95348212862
Iter: 5 loss: 15101.753071257792
167143.99157024926
Iter: 6 loss: 14785.889710046216
165512.17829820167
Iter: 7 loss: 13784.961244892922
162087.0830475098
Iter: 8 loss: 11654.973384865571
155915.0538445047
Iter: 9 loss: 7948.8113917679393
150135.00625684496
Iter: 10 loss: 5005.5762715938235
145737.27711559378
Iter: 11 loss: 3410.0002647195397
142450.64140704155
Iter: 12 loss: 2526.0400936418023
140251.39458367485
Iter: 13 loss: 1991.8902565467092
138992.54139753844
Iter: 14 loss: 1586.0640456773551
138537.58148247632
Iter: 15 loss: 1236.2474491219818
138799.03750729508
Iter: 16 loss: 940.34067325996273
139613.36629885386
Iter: 17 loss: 697.80796717328826
140774.42686366994
Iter: 18 loss: 516.36515943992322
142076.47598344414
Iter: 19 loss: 400.77194459813563
143357.01029628384
Iter: 20 loss: 342.42670172102305
144422.83517849451
Iter: 21 loss: 322.19559924402682
145078.81141621436
Iter: 22 loss: 316.60098493132057
145652.51348593374
Iter: 23 loss: 311.0831534553555
146628.37282955376
Iter: 24 loss: 295.82734627939664
147432.72701974702
Iter: 25 loss: 274.72474590097579
147860.7368642154
Iter: 26 loss: 257.98935493056479
147431.98709190072
Iter: 27 loss: 247.5581469120645
147981.30018479243
Iter: 28 loss: 246.72088272814054
147511.61420812685
Iter: 29 loss: 244.6751659727407
146591.22536852834
Iter: 30 loss: 254.02750379308128
147243.02659175615
Iter: 31 loss: 239.31614259734715
223515.45658798126
Iter: 32 loss: 281062.3860282391
147698.59514226828
Iter: 33 loss: 239.37006109373465
147424.76867660525
Iter: 34 loss: 237.12963003204032
147842.75433784511
Iter: 35 loss: 245.84221347052244
147461.68395425554
Iter: 36 loss: 236.2751708755531
146883.68676284852
Iter: 37 loss: 242.36360096506692
147349.91396872461
Iter: 38 loss: 235.22385295123485
147165.47481466582
Iter: 39 loss: 235.29202636272649
147278.29049997934
Iter: 40 loss: 234.79790926401242
-6993700.7170219934
Iter: 1 loss: 2030667171.5920997
-26081.95527106119
Iter: 2 loss: 647.72507455832238
8497252.28913392
Iter: 3 loss: 2920901145.3593621
-62530183.386285789
Iter: 4 loss: 182813600498.24615
-92631917.61498329
Iter: 5 loss: 135343895586.19756
-5881804.5473496085
Iter: 6 loss: 1392148460.7486851
-4582398.1844263058
Iter: 7 loss: 798526363.36545873
-3708454.4900210565
Iter: 8 loss: 491665889.54442996
-2989807.2336346181
Iter: 9 loss: 294914358.38120723
-2444277.3831494474
Iter: 10 loss: 178976118.67944342
-2018183.8695962902
Iter: 11 loss: 108419371.87960973
-1690436.2142541038
Iter: 12 loss: 66031377.203257717
-1438950.3351165312
Iter: 13 loss: 40469982.231683075
-1248923.5004192442
Iter: 14 loss: 25127215.581532039
-1109090.2401933752
Iter: 15 loss: 15978132.557773879
-1011891.056039947
Iter: 16 loss: 10627038.053847888
-952396.442324403
Iter: 17 loss: 7651669.4313964564
-926007.59586885467
Iter: 18 loss: 6202963.3310931418
-922444.14838304685
Iter: 19 loss: 5680324.3268095395
-924275.80362399726
Iter: 20 loss: 5533108.3422660353
-923340.19554161245
Iter: 21 loss: 5418897.788919556
-915180.91854985792
Iter: 22 loss: 5150615.3884301251
-895045.39775082446
Iter: 23 loss: 4754281.0800512079
-859652.23169725144
Iter: 24 loss: 4289698.4558494529
-827241.22237305506
Iter: 25 loss: 3963761.1159766084
-810897.53184853971
Iter: 26 loss: 3846451.5406918838
-805292.97571481636
Iter: 27 loss: 3821447.3807092672
-803339.235720365
Iter: 28 loss: 3812788.0345531432
-797908.43074851111
Iter: 29 loss: 3772885.27347764
-779002.85685508628
Iter: 30 loss: 3601978.3605968887
-754781.46200269274
Iter: 31 loss: 3337689.9278761018
-717236.02212586021
Iter: 32 loss: 2940448.5375843192
-672541.61343648983
Iter: 33 loss: 2564801.1745802183
-628076.53176825575
Iter: 34 loss: 2251725.5669414224
-575442.16322988016
Iter: 35 loss: 1878017.6498788898
Iter: 1 loss: 0.00019842113535603004
Iter: 2 loss: 0.21706385620013302
Iter: 3 loss: 0.00019816485390118798
18764894.515001908
Iter: 1 loss: 16901938942.392263
6513501.1010827776
Iter: 2 loss: 1224876373.6507726
908033.42812480475
Iter: 3 loss: 2724760.69814875
219700.39086006029
Iter: 4 loss: 2256120.6399105811
12947.607615143468
Iter: 5 loss: 289915.346856278
-250051.10375421282
Iter: 6 loss: 8100013.4357072888
-143545.06654328405
Iter: 7 loss: 2855347.6877636267
147157.14133852441
Iter: 8 loss: 515.46713631268983
147157.14133812566
Iter: 9 loss: 515.46713580109224
147157.14133654346
Iter: 10 loss: 515.46713375387935
147157.14133017752
Iter: 11 loss: 515.46712555593137
147157.14130478978
Iter: 12 loss: 515.467092766902
147157.14120317588
Iter: 13 loss: 515.46696161198474
147157.14079676557
Iter: 14 loss: 515.46643700015079
147157.13917104763
Iter: 15 loss: 515.464338552763
147157.13266807381
Iter: 16 loss: 515.45594492480336
147157.10665358938
Iter: 17 loss: 515.42237287627847
147157.00255487027
Iter: 18 loss: 515.28812415864172
147156.58550813736
Iter: 19 loss: 514.75176015898694
147154.9069405325
Iter: 20 loss: 512.61635723886059
147148.02970394818
Iter: 21 loss: 504.23302045357178
147118.10032468798
Iter: 22 loss: 473.07695796337657
146779.52096918257
Iter: 23 loss: 319.44031955272425
146465.75202412787
Iter: 24 loss: 263.70938470508435
146090.26202055963
Iter: 25 loss: 231.44925488050794
145899.36154333688
Iter: 26 loss: 222.07541253261115
145960.36162119728
Iter: 27 loss: 218.70949332395634
146357.52386952064
Iter: 28 loss: 213.16413645092962
147628.00049786511
Iter: 29 loss: 203.11770463155841
149013.54228514427
Iter: 30 loss: 197.67838536240561
148978.27749760443
Iter: 31 loss: 197.19005637545268
148838.71194871157
Iter: 32 loss: 195.49680246347961
148357.1604250794
Iter: 33 loss: 187.39660852127616
147888.49767064891
Iter: 34 loss: 177.98754106544695
148390.57644515409
Iter: 35 loss: 174.06255768077767
148079.43076683441
Iter: 36 loss: 172.78985630323649
147050.4178168436
Iter: 37 loss: 166.06323960300278
146850.52343999263
Iter: 38 loss: 161.85205298080695
146768.480551822
Iter: 39 loss: 161.66624515970926
146557.00643061951
Iter: 40 loss: 161.47128560225067
146427.62112172844
Iter: 41 loss: 161.19093400169854
145242.91036286461
Iter: 42 loss: 158.52440482690355
142981.28362301725
Iter: 43 loss: 153.01859381609924
132977.41204664786
Iter: 44 loss: 138.13050664936208
132961.21026663706
Iter: 45 loss: 133.48616668710906
133408.70785618722
Iter: 46 loss: 129.36715607403758
132926.93886327988
Iter: 47 loss: 128.74853780822474
133420.65286069873
Iter: 48 loss: 128.417040093163
132980.61800962756
Iter: 49 loss: 128.3371280499251
132892.12269726262
Iter: 50 loss: 128.2193084359597
132444.21414478176
Iter: 51 loss: 127.37150481078751
132023.85659430467
Iter: 52 loss: 126.37014983781424
-540153.04427680164
Iter: 1 loss: 1539031.9811348182
-48070.78845395668
Iter: 2 loss: 13381.964285819446
-1738860.3074309179
Iter: 3 loss: 135242474.88397825
-3139032.7831177046
Iter: 4 loss: 99076668.07490249
-539491.11918584886
Iter: 5 loss: 1528411.7340167037
-536406.68886403926
Iter: 6 loss: 1453559.6347551246
-536102.71891640837
Iter: 7 loss: 1448066.7901786
-533441.36765330215
Iter: 8 loss: 1421050.7269973997
-526994.65971654886
Iter: 9 loss: 1372215.3994035036
-511411.87392974162
Iter: 10 loss: 1269326.4879389966
-490732.4365577189
Iter: 11 loss: 1135040.3009403171
-469358.484276868
Iter: 12 loss: 971522.7669351697
-468388.41916041588
Iter: 13 loss: 961908.29422198643
-467837.85454521864
Iter: 14 loss: 958966.4129475489
-467055.45758609741
Iter: 15 loss: 955709.38656098093
-465630.95962428849
Iter: 16 loss: 950145.98871011776
-461861.69406939123
Iter: 17 loss: 935665.05285345425
-456212.4497238911
Iter: 18 loss: 913463.86576772877
-444364.7352019595
Iter: 19 loss: 858289.44839830534
-428283.666544516
Iter: 20 loss: 787882.65100428427
-419674.81334782264
Iter: 21 loss: 753987.18971508765
-414294.99680766539
Iter: 22 loss: 733906.30846330861
-409770.73133087868
Iter: 23 loss: 715858.18277575832
-403435.42547044589
Iter: 24 loss: 687740.78594285
-396344.53490509256
Iter: 25 loss: 651281.53043981246
-384040.44771598896
Iter: 26 loss: 596773.27011787554
-382653.44777114631
Iter: 27 loss: 587543.40996913332
-382173.43109058531
Iter: 28 loss: 586549.96811753907
-381084.78833559284
Iter: 29 loss: 584843.98794547981
-376540.61398980027
Iter: 30 loss: 569844.13054527692
-352704.66055424686
Iter: 31 loss: 493974.13690768584
-346006.13566320075
Iter: 32 loss: 471711.22551604745
-342049.38212746033
Iter: 33 loss: 458262.96790519543
-341109.8868180404
Iter: 34 loss: 453713.41862355795
-341088.59985722031
Iter: 35 loss: 453341.260589938
Iter: 1 loss: 0.00020089178662317702
Iter: 2 loss: 0.019635847235347729
Iter: 3 loss: 0.00036693695544567364
Iter: 4 loss: 0.00020043611845161686
720447.982712582
Iter: 1 loss: 16356658.33656981
118839152.92245528
Iter: 2 loss: 664149626953.439
156527.45245405339
Iter: 3 loss: 7749.3625481447843
156526.61206828116
Iter: 4 loss: 7748.3737044672862
156523.25478931778
Iter: 5 loss: 7744.424112322471
156509.89384206029
Iter: 6 loss: 7728.718105971202
156457.53704805882
Iter: 7 loss: 7667.36167505535
156265.27789968418
Iter: 8 loss: 7444.8021349090068
155314.8400228656
Iter: 9 loss: 6659.65488622098
154667.82851164171
Iter: 10 loss: 6388.8824352087049
151743.81344124355
Iter: 11 loss: 5373.1259815715011
142428.67017122888
Iter: 12 loss: 2618.7468255143185
-86095.61458108724
Iter: 13 loss: 2066229.6708913804
142416.53908948472
Iter: 14 loss: 2615.8194580590957
131704.953722573
Iter: 15 loss: 2134.0938650638882
139183.44553884352
Iter: 16 loss: 1963.3422546863935
116101.38778461597
Iter: 17 loss: 15652.696265924513
135760.89728049177
Iter: 18 loss: 1650.3047024852428
135412.91962534608
Iter: 19 loss: 1602.9278162635496
135306.05623753427
Iter: 20 loss: 1340.50049001662
139092.4738203946
Iter: 21 loss: 1136.8073097033594
136439.5831154029
Iter: 22 loss: 1092.180169518213
137735.92752015265
Iter: 23 loss: 1028.8327145236872
138961.9435695156
Iter: 24 loss: 1011.549941051159
138294.32059668592
Iter: 25 loss: 1005.1036151603575
138145.38769685468
Iter: 26 loss: 977.23749994475986
138587.91432624479
Iter: 27 loss: 976.11935825774458
138388.29522165266
Iter: 28 loss: 974.86316796864594
138427.79562509625
Iter: 29 loss: 974.79850661358091
138433.86276538103
Iter: 30 loss: 974.79518205781892
138434.02784616931
Iter: 31 loss: 974.56007549534627
138434.70717943934
Iter: 32 loss: 973.62213681361322
138437.73852776003
Iter: 33 loss: 969.91004152702169
138455.62229039823
Iter: 34 loss: 955.690387006395
138717.68710170782
Iter: 35 loss: 911.234236938238
136726.97312118876
Iter: 36 loss: 761.22323579007957
134013.28016796158
Iter: 37 loss: 708.08046057806428
136974.74727954995
Iter: 38 loss: 440.7610760957532
135045.07053376
Iter: 39 loss: 472.50196223552649
136279.13398321316
Iter: 40 loss: 374.59724651102425
136027.20968664106
Iter: 41 loss: 373.96316480223663
136158.34461889029
Iter: 42 loss: 372.75478495861091
136147.43652712641
Iter: 43 loss: 371.77099581072338
136183.09727500894
Iter: 44 loss: 363.75595964032061
136519.09173651697
Iter: 45 loss: 360.8910680841974
136346.88444780029
Iter: 46 loss: 360.08482775274973
136404.86860633752
Iter: 47 loss: 359.83241630271175
136429.91267833358
Iter: 48 loss: 359.76476954790695
136427.9964072702
Iter: 49 loss: 359.62604997139294
136419.69417245485
Iter: 50 loss: 359.10936548392931
-10314798.676413797
Iter: 1 loss: 2876507097.66421
20972984.811229255
Iter: 2 loss: 120816376.64082587
-48872218.775340796
Iter: 3 loss: 123168353380.07011
-219507270.14726657
Iter: 4 loss: 2295918516706.3545
-10803159263.174177
Iter: 5 loss: 5639908806548078
-437331053.96771383
Iter: 6 loss: 9267325356180.4219
-10297253.640906245
Iter: 7 loss: 2862084836.7958193
-8656425.1561564878
Iter: 8 loss: 1643617498.6307838
-8176256.6502645751
Iter: 9 loss: 1332525580.1484413
-7954828.1307242028
Iter: 10 loss: 1191643960.3979695
-7912724.4739576261
Iter: 11 loss: 1167688775.1670909
-7869772.1452936055
Iter: 12 loss: 1151553968.665792
-7698233.5838486981
Iter: 13 loss: 1096797873.1060543
-7287347.9562759753
Iter: 14 loss: 975231746.36758113
-6440943.7283022953
Iter: 15 loss: 733442765.59180772
-5119353.0778541714
Iter: 16 loss: 388749168.31534183
-4633300.04818545
Iter: 17 loss: 291392162.50063145
-4197204.1089511625
Iter: 18 loss: 215077169.13924527
-4013506.9449929586
Iter: 19 loss: 190282708.60940883
-3799063.9719094671
Iter: 20 loss: 168818216.96450824
-3555202.5101253092
Iter: 21 loss: 148822475.9927606
-3376045.1586758839
Iter: 22 loss: 136647622.2122398
-3232873.7857333971
Iter: 23 loss: 127467230.64503813
-3125856.8749247235
Iter: 24 loss: 118546379.26182604
-3118210.4770755572
Iter: 25 loss: 106129244.60197841
-3399829.0216271076
Iter: 26 loss: 105203529.83282216
-3178185.945803416
Iter: 27 loss: 103553217.58455805
-3197922.5848849015
Iter: 28 loss: 97958490.790272579
-3005806.9873357471
Iter: 29 loss: 77637837.427122921
-2574034.0442889053
Iter: 30 loss: 52503406.403473236
-2296724.3962726137
Iter: 31 loss: 37569757.245223016
-2121736.9833508409
Iter: 32 loss: 27802134.574960351
-2074585.7092372118
Iter: 33 loss: 26188293.811421096
-2016700.7978278582
Iter: 34 loss: 24962753.804291554
-1942599.9974381903
Iter: 35 loss: 23569439.853474267
-1935189.2943187091
Iter: 36 loss: 23476930.58541476
-1910262.7685355046
Iter: 37 loss: 23057796.146481562
-1849812.2451249086
Iter: 38 loss: 21974524.781488042
Iter: 1 loss: 0.00019728052821714107
Iter: 2 loss: 0.25317449025157934
Iter: 3 loss: 0.00019707600728084313
282431.04468156147
Iter: 1 loss: 874776.59552897769
1907134.9483026238
Iter: 2 loss: 26472898.711832896
155561.95517755407
Iter: 3 loss: 2081.6546723306137
-21075538.820899896
Iter: 4 loss: 11420077326.428356
53761.805833099
Iter: 5 loss: 162344.12574194439
-14758017.66502627
Iter: 6 loss: 10529382334.21961
53762.045665961145
Iter: 7 loss: 162342.838967447
54551.406734733886
Iter: 8 loss: 158133.70189822596
-8370299342.1715841
Iter: 9 loss: 3421252273433709.5
54551.40673470281
Iter: 10 loss: 158133.70189824465
54551.406734734206
Iter: 11 loss: 158133.70189822547
71002.66889437694
Iter: 12 loss: 82323.15461052084
77587.71718751869
Iter: 13 loss: 58454.65020807476
82824.877206906385
Iter: 14 loss: 42365.5124870758
85106.29685050399
Iter: 15 loss: 36537.343649543276
85813.08473570802
Iter: 16 loss: 35298.89759220602
86008.648734145332
Iter: 17 loss: 35165.631758228781
86310.275277467968
Iter: 18 loss: 35003.280351384477
87443.488780021027
Iter: 19 loss: 34454.898003475369
90319.956436030581
Iter: 20 loss: 33200.591465105608
97988.559287325275
Iter: 21 loss: 30439.166009021661
110295.52224475981
Iter: 22 loss: 27381.327704540065
116298.36632467102
Iter: 23 loss: 24232.74521140282
120020.7224673849
Iter: 24 loss: 22072.246336008411
120401.08244053251
Iter: 25 loss: 21960.158814342536
120577.52913986216
Iter: 26 loss: 21867.884643907579
121381.38328855723
Iter: 27 loss: 21552.195647270557
123689.22879448967
Iter: 28 loss: 20713.654380579119
131956.87858046417
Iter: 29 loss: 17453.734885449
183777.18578497565
Iter: 30 loss: 31891.351293880976
146352.50595773754
Iter: 31 loss: 11754.154163911997
159135.02682713012
Iter: 32 loss: 9962.7413237593537
142472.07442303339
Iter: 33 loss: 9570.836755402077
148738.68413946306
Iter: 34 loss: 5118.4483226783705
167022.87140591611
Iter: 35 loss: 13112.374394829816
152044.6656638183
Iter: 36 loss: 4237.000784179063
149263.90302570758
Iter: 37 loss: 2789.6160486203362
146251.40695629493
Iter: 38 loss: 1861.129661851714
150556.69018802032
Iter: 39 loss: 1887.7651948651117
147846.85340498204
Iter: 40 loss: 1576.9694173240998
145682.68299753658
Iter: 41 loss: 1419.1519820225487
147323.48420912219
Iter: 42 loss: 1388.7280839004748
146702.25030353502
Iter: 43 loss: 1377.973554839308
146718.3325586117
Iter: 44 loss: 1376.9273440635795
-9817555.78320521
Iter: 1 loss: 3352414296.0271282
28338211.369292077
Iter: 2 loss: 954646274.65837991
2633893.6705201762
Iter: 3 loss: 82499123.3743091
-956142.99913465045
Iter: 4 loss: 40575859.44978644
-67528856.9543617
Iter: 5 loss: 218232072406.73175
-25027915.932065893
Iter: 6 loss: 19072685092.586494
-2571674.8327444997
Iter: 7 loss: 176638938.97578681
-3620828.8530420777
Iter: 8 loss: 78687476.675622776
-7557915.4647172457
Iter: 9 loss: 1120064516.2441704
-2922577.2889180845
Iter: 10 loss: 71116301.082089469
-2809203.350348657
Iter: 11 loss: 57557899.839761831
-2798112.594159259
Iter: 12 loss: 55536610.401719987
-2796274.801158845
Iter: 13 loss: 55095157.977557875
-2789937.7374089658
Iter: 14 loss: 54542521.441798568
-2762230.28285317
Iter: 15 loss: 52817236.034728363
-2693072.4424519497
Iter: 16 loss: 49235508.160538927
-2561070.5741339913
Iter: 17 loss: 43059450.881782137
-2365790.2269254019
Iter: 18 loss: 33469637.054263722
-2265804.9533389183
Iter: 19 loss: 27774164.882092662
-2260878.7461359277
Iter: 20 loss: 27079290.102912433
-2250768.9079814982
Iter: 21 loss: 26435737.281003319
-2236616.8471619515
Iter: 22 loss: 25806309.096713766
-2230131.2125889109
Iter: 23 loss: 25608695.352206975
-2206071.5185892554
Iter: 24 loss: 24947357.35352087
-2156216.7187735322
Iter: 25 loss: 23740328.662005447
-2143566.3776422618
Iter: 26 loss: 23542005.62750382
-2139813.75949094
Iter: 27 loss: 23485162.259475537
-2138243.9632789064
Iter: 28 loss: 23454853.826839596
-2134060.8863123474
Iter: 29 loss: 23373129.410821587
-2119945.2058386933
Iter: 30 loss: 23115864.810963698
-2086390.6375545629
Iter: 31 loss: 22537617.251563184
-2011017.8815325531
Iter: 32 loss: 21279768.232052259
-1889492.152848064
Iter: 33 loss: 19231455.886781722
-1740428.7393587944
Iter: 34 loss: 16558861.685037076
-1663981.0674570515
Iter: 35 loss: 14293134.098757779
-1630395.6368119633
Iter: 36 loss: 13747694.203672776
-1611191.9551426063
Iter: 37 loss: 12962698.975410733
-1586141.0554255559
Iter: 38 loss: 11765320.807449875
-1581409.087476972
Iter: 39 loss: 11484637.277424816
Iter: 1 loss: 0.00019986491240248837
Iter: 2 loss: 0.019249720537920546
Iter: 3 loss: 0.00029763952765798543
Iter: 4 loss: 0.0001994456427093289
147106.84088266565
Iter: 1 loss: 3089.904045243743
2944037.5996992444
Iter: 2 loss: 96277219.062778428
146755.14844842118
Iter: 3 loss: 2867.02113295893
144175.12461462873
Iter: 4 loss: 1521.0144012674518
142971.95747575135
Iter: 5 loss: 1063.9384064556552
141678.2666133201
Iter: 6 loss: 686.91971476111166
140739.29016692616
Iter: 7 loss: 485.227222855093
139931.552898682
Iter: 8 loss: 361.16270899314952
139208.44099693792
Iter: 9 loss: 292.84084873810747
138382.07244583411
Iter: 10 loss: 260.23427166587305
137755.84335927342
Iter: 11 loss: 255.97238114148641
137811.673427807
Iter: 12 loss: 254.95285898862895
137708.78657839756
Iter: 13 loss: 253.64296713438225
137466.30588340861
Iter: 14 loss: 252.38355688611335
137239.71209974197
Iter: 15 loss: 251.15315076972144
136830.93184240937
Iter: 16 loss: 247.77451834361545
136167.56379015133
Iter: 17 loss: 239.25325790895619
135298.87350507476
Iter: 18 loss: 225.97930408561041
135296.01469248126
Iter: 19 loss: 216.45221826679455
135868.52615152905
Iter: 20 loss: 208.66504691647015
137079.9638958599
Iter: 21 loss: 205.36319606396168
136644.73311903479
Iter: 22 loss: 204.44706759526
136722.78008054706
Iter: 23 loss: 203.86132672868712
136881.3630569232
Iter: 24 loss: 203.57440107891463
136996.03409188997
Iter: 25 loss: 203.15608186642203
137220.04641011648
Iter: 26 loss: 201.92474834988698
137383.21547876121
Iter: 27 loss: 200.26835452023494
137592.02524350153
Iter: 28 loss: 196.71319509611681
137687.01269767829
Iter: 29 loss: 192.6144090167098
137542.55384854961
Iter: 30 loss: 188.94625828789927
137376.83046871924
Iter: 31 loss: 186.5079115808075
137601.8526454175
Iter: 32 loss: 185.74179716255907
137673.68397678857
Iter: 33 loss: 185.37595956165197
