Iteration 0
Elapsed time for kappa 124.1944 sec
Elapsed time for experts 48.3398 sec
Elapsed time for households 41.5775 sec
Iteration 1
Elapsed time for kappa 93.8761 sec
Elapsed time for experts 15.1311 sec
Elapsed time for households 41.6316 sec
Iteration 2
Elapsed time for kappa 94.7996 sec
Elapsed time for experts 40.0085 sec
Elapsed time for households 41.6586 sec
Iteration 3
Elapsed time for kappa 92.4551 sec
Elapsed time for experts 43.4822 sec
Elapsed time for households 37.4003 sec
Iteration 4
Elapsed time for kappa 96.8765 sec
Elapsed time for experts 12.3931 sec
Elapsed time for households 39.5193 sec
Iteration 5
Elapsed time for kappa 94.1884 sec
Elapsed time for experts 43.4498 sec
Elapsed time for households 38.3448 sec
Iteration 6
Elapsed time for kappa 92.9729 sec
Elapsed time for experts 14.5821 sec
Elapsed time for households 38.6350 sec
Iteration 7
Elapsed time for kappa 93.8485 sec
Elapsed time for experts 48.8204 sec
Elapsed time for households 42.5615 sec
Iteration 8
Elapsed time for kappa 94.2685 sec
Elapsed time for experts 41.5386 sec
Elapsed time for households 37.0723 sec
Iteration 9
Elapsed time for kappa 96.9943 sec
Elapsed time for experts 43.3017 sec
Elapsed time for households 36.1826 sec
Iteration 10
Elapsed time for kappa 97.5915 sec
Elapsed time for experts 43.7665 sec
Elapsed time for households 39.6598 sec
Iteration 11
Elapsed time for kappa 97.2201 sec
Elapsed time for experts 44.9947 sec
Elapsed time for households 38.3167 sec
Iteration 12
Elapsed time for kappa 92.9429 sec
Elapsed time for experts 46.8722 sec
Elapsed time for households 38.6031 sec
Iteration 13
Elapsed time for kappa 99.5769 sec
Elapsed time for experts 48.1461 sec
Elapsed time for households 38.8614 sec
Iteration 14
Elapsed time for kappa 92.5615 sec
Elapsed time for experts 44.7618 sec
Elapsed time for households 41.9773 sec
Iteration 15
Elapsed time for kappa 93.6930 sec
Elapsed time for experts 38.8528 sec
Elapsed time for households 41.4324 sec
Iteration 16
Elapsed time for kappa 95.8958 sec
Elapsed time for experts 43.2522 sec
Elapsed time for households 34.9727 sec
Iteration 17
Elapsed time for kappa 98.5689 sec
Elapsed time for experts 44.0458 sec
Elapsed time for households 36.3699 sec
Iteration 18
Elapsed time for kappa 99.2948 sec
Elapsed time for experts 43.6153 sec
Elapsed time for households 47.0305 sec
Iteration 19
Elapsed time for kappa 98.0993 sec
Elapsed time for experts 43.9422 sec
Elapsed time for households 38.9132 sec
Elapsed time for training 3525.0987 sec
