Iteration 0
Elapsed time for kappa 71.7631 sec
Elapsed time for experts 18.9624 sec
Elapsed time for households 15.7339 sec
Iteration 1
Elapsed time for kappa 33.7445 sec
Elapsed time for experts 14.7300 sec
Elapsed time for households 13.0120 sec
Iteration 2
Elapsed time for kappa 34.6498 sec
Elapsed time for experts 14.1210 sec
Elapsed time for households 13.2725 sec
Iteration 3
Elapsed time for kappa 33.7185 sec
Elapsed time for experts 14.3714 sec
Elapsed time for households 13.1089 sec
Iteration 4
Elapsed time for kappa 34.4082 sec
Elapsed time for experts 14.3809 sec
Elapsed time for households 13.1717 sec
Iteration 5
Elapsed time for kappa 34.2281 sec
Elapsed time for experts 14.4338 sec
Elapsed time for households 13.2560 sec
Iteration 6
Elapsed time for kappa 34.2537 sec
Elapsed time for experts 14.3321 sec
Elapsed time for households 12.6293 sec
Iteration 7
Elapsed time for kappa 34.1070 sec
Elapsed time for experts 13.9573 sec
Elapsed time for households 12.3404 sec
Iteration 8
Elapsed time for kappa 40.5936 sec
Elapsed time for experts 15.1648 sec
Elapsed time for households 11.5152 sec
Iteration 9
Elapsed time for kappa 34.5529 sec
Elapsed time for experts 14.6838 sec
Elapsed time for households 13.1845 sec
Iteration 10
Elapsed time for kappa 34.5843 sec
Elapsed time for experts 15.4929 sec
Elapsed time for households 11.9521 sec
Iteration 11
Elapsed time for kappa 34.8714 sec
Elapsed time for experts 15.9231 sec
Elapsed time for households 12.4835 sec
Iteration 12
Elapsed time for kappa 32.9947 sec
Elapsed time for experts 14.5659 sec
Elapsed time for households 13.6537 sec
Iteration 13
Elapsed time for kappa 34.2666 sec
Elapsed time for experts 14.5584 sec
Elapsed time for households 18.6876 sec
Iteration 14
Elapsed time for kappa 33.8627 sec
Elapsed time for experts 13.0185 sec
Elapsed time for households 11.5542 sec
Iteration 15
Elapsed time for kappa 33.7058 sec
Elapsed time for experts 13.7763 sec
Elapsed time for households 11.2046 sec
Iteration 16
Elapsed time for kappa 34.0262 sec
Elapsed time for experts 15.1816 sec
Elapsed time for households 11.1396 sec
Iteration 17
Elapsed time for kappa 34.8580 sec
Elapsed time for experts 15.5175 sec
Elapsed time for households 10.1167 sec
Iteration 18
Elapsed time for kappa 33.7637 sec
Elapsed time for experts 16.1743 sec
Elapsed time for households 13.2147 sec
Iteration 19
Elapsed time for kappa 33.5963 sec
Elapsed time for experts 13.6772 sec
Elapsed time for households 13.0090 sec
Iteration 20
Elapsed time for kappa 42.8360 sec
Elapsed time for experts 15.0394 sec
Elapsed time for households 13.5292 sec
Iteration 21
Elapsed time for kappa 34.9491 sec
Elapsed time for experts 14.6282 sec
Elapsed time for households 11.2792 sec
Iteration 22
Elapsed time for kappa 35.2143 sec
Elapsed time for experts 14.7531 sec
Elapsed time for households 10.9001 sec
Iteration 23
Elapsed time for kappa 33.6986 sec
Elapsed time for experts 15.0659 sec
Elapsed time for households 10.8870 sec
Iteration 24
Elapsed time for kappa 33.7117 sec
Elapsed time for experts 15.3108 sec
Elapsed time for households 11.8930 sec
Iteration 25
Elapsed time for kappa 33.1175 sec
Elapsed time for experts 15.4477 sec
Elapsed time for households 18.0756 sec
Iteration 26
Elapsed time for kappa 33.4359 sec
Elapsed time for experts 15.5487 sec
Elapsed time for households 11.6295 sec
Iteration 27
Elapsed time for kappa 33.5435 sec
Elapsed time for experts 14.9291 sec
Elapsed time for households 13.8292 sec
Iteration 28
Elapsed time for kappa 33.8627 sec
Elapsed time for experts 14.5925 sec
Elapsed time for households 12.6399 sec
Iteration 29
Elapsed time for kappa 31.9536 sec
Elapsed time for experts 13.6297 sec
Elapsed time for households 12.0828 sec
Iteration 30
Elapsed time for kappa 35.0786 sec
Elapsed time for experts 15.2481 sec
Elapsed time for households 12.3050 sec
Iteration 31
Elapsed time for kappa 33.8724 sec
Elapsed time for experts 22.1599 sec
Elapsed time for households 13.0470 sec
Iteration 32
Elapsed time for kappa 33.2343 sec
Elapsed time for experts 15.3613 sec
Elapsed time for households 13.0102 sec
Iteration 33
Elapsed time for kappa 33.9603 sec
Elapsed time for experts 15.0667 sec
Elapsed time for households 12.4834 sec
Iteration 34
Elapsed time for kappa 31.4959 sec
Elapsed time for experts 14.0297 sec
Elapsed time for households 12.5607 sec
Iteration 35
Elapsed time for kappa 33.5995 sec
Elapsed time for experts 13.4096 sec
Elapsed time for households 11.0888 sec
Iteration 36
Elapsed time for kappa 33.4136 sec
Elapsed time for experts 13.5572 sec
Elapsed time for households 11.6772 sec
Iteration 37
Elapsed time for kappa 31.8172 sec
Elapsed time for experts 22.5366 sec
Elapsed time for households 13.4060 sec
Iteration 38
Elapsed time for kappa 33.9032 sec
Elapsed time for experts 14.9827 sec
Elapsed time for households 11.9729 sec
Iteration 39
Elapsed time for kappa 31.6689 sec
Elapsed time for experts 14.9338 sec
Elapsed time for households 11.7096 sec
Iteration 40
Elapsed time for kappa 33.5547 sec
Elapsed time for experts 14.6880 sec
Elapsed time for households 11.0889 sec
Iteration 41
Elapsed time for kappa 33.9191 sec
Elapsed time for experts 14.1411 sec
Elapsed time for households 12.7093 sec
Iteration 42
Elapsed time for kappa 33.9064 sec
Elapsed time for experts 13.4004 sec
Elapsed time for households 11.2326 sec
Iteration 43
Elapsed time for kappa 33.7595 sec
Elapsed time for experts 21.6570 sec
Elapsed time for households 12.8993 sec
Iteration 44
Elapsed time for kappa 34.9563 sec
Elapsed time for experts 15.2239 sec
Elapsed time for households 11.7645 sec
Iteration 45
Elapsed time for kappa 31.7696 sec
Elapsed time for experts 14.5710 sec
Elapsed time for households 11.7199 sec
Iteration 46
Elapsed time for kappa 34.1045 sec
Elapsed time for experts 14.5506 sec
Elapsed time for households 13.3405 sec
Iteration 47
Elapsed time for kappa 33.6796 sec
Elapsed time for experts 14.5375 sec
Elapsed time for households 14.1282 sec
Iteration 48
Elapsed time for kappa 33.2104 sec
Elapsed time for experts 14.1099 sec
Elapsed time for households 10.7216 sec
Iteration 49
Elapsed time for kappa 35.0523 sec
Elapsed time for experts 21.7038 sec
Elapsed time for households 12.9860 sec
Iteration 50
Elapsed time for kappa 35.6228 sec
Elapsed time for experts 14.7525 sec
Elapsed time for households 11.1132 sec
Iteration 51
Elapsed time for kappa 32.1611 sec
Elapsed time for experts 14.2740 sec
Elapsed time for households 13.1652 sec
Iteration 52
Elapsed time for kappa 31.7570 sec
Elapsed time for experts 13.9078 sec
Elapsed time for households 12.2842 sec
Iteration 53
Elapsed time for kappa 33.4829 sec
Elapsed time for experts 14.0219 sec
Elapsed time for households 13.5962 sec
Iteration 54
Elapsed time for kappa 33.9569 sec
Elapsed time for experts 14.2876 sec
Elapsed time for households 12.7459 sec
Iteration 55
Elapsed time for kappa 41.2166 sec
Elapsed time for experts 14.4720 sec
Elapsed time for households 11.7759 sec
Iteration 56
Elapsed time for kappa 33.7179 sec
Elapsed time for experts 13.4098 sec
Elapsed time for households 11.1452 sec
Iteration 57
Elapsed time for kappa 33.5125 sec
Elapsed time for experts 15.1118 sec
Elapsed time for households 12.8213 sec
Iteration 58
Elapsed time for kappa 32.2619 sec
Elapsed time for experts 14.9623 sec
Elapsed time for households 11.9663 sec
Iteration 59
Elapsed time for kappa 32.0287 sec
Elapsed time for experts 14.2226 sec
Elapsed time for households 13.0158 sec
Iteration 60
Elapsed time for kappa 32.5497 sec
Elapsed time for experts 14.0670 sec
Elapsed time for households 12.3378 sec
Iteration 61
Elapsed time for kappa 38.0346 sec
Elapsed time for experts 13.6699 sec
Elapsed time for households 11.5129 sec
Iteration 62
Elapsed time for kappa 32.8501 sec
Elapsed time for experts 14.5371 sec
Elapsed time for households 12.7925 sec
Iteration 63
Elapsed time for kappa 32.0308 sec
Elapsed time for experts 13.4307 sec
Elapsed time for households 12.1053 sec
Iteration 64
Elapsed time for kappa 32.4489 sec
Elapsed time for experts 14.3132 sec
Elapsed time for households 12.3935 sec
Iteration 65
Elapsed time for kappa 31.7520 sec
Elapsed time for experts 14.6548 sec
Elapsed time for households 11.4344 sec
Iteration 66
Elapsed time for kappa 30.1589 sec
Elapsed time for experts 13.9938 sec
Elapsed time for households 12.5497 sec
Iteration 67
Elapsed time for kappa 39.0619 sec
Elapsed time for experts 14.5662 sec
Elapsed time for households 12.3355 sec
Iteration 68
Elapsed time for kappa 31.6472 sec
Elapsed time for experts 14.2511 sec
Elapsed time for households 12.7467 sec
Iteration 69
Elapsed time for kappa 31.7193 sec
Elapsed time for experts 13.3419 sec
Elapsed time for households 11.7142 sec
Iteration 70
Elapsed time for kappa 31.4950 sec
Elapsed time for experts 12.4872 sec
Elapsed time for households 11.1470 sec
Iteration 71
Elapsed time for kappa 31.1266 sec
Elapsed time for experts 14.2082 sec
Elapsed time for households 12.3755 sec
Iteration 72
Elapsed time for kappa 31.9866 sec
Elapsed time for experts 14.1662 sec
Elapsed time for households 12.3156 sec
Iteration 73
Elapsed time for kappa 39.3202 sec
Elapsed time for experts 15.2450 sec
Elapsed time for households 12.6537 sec
Iteration 74
Elapsed time for kappa 31.9482 sec
Elapsed time for experts 13.6429 sec
Elapsed time for households 11.6807 sec
Iteration 75
Elapsed time for kappa 31.7126 sec
Elapsed time for experts 14.1718 sec
Elapsed time for households 12.9175 sec
Iteration 76
Elapsed time for kappa 30.7226 sec
Elapsed time for experts 13.1919 sec
Elapsed time for households 11.1328 sec
Iteration 77
Elapsed time for kappa 30.0828 sec
Elapsed time for experts 13.5907 sec
Elapsed time for households 10.6876 sec
Iteration 78
Elapsed time for kappa 30.6181 sec
Elapsed time for experts 14.6571 sec
Elapsed time for households 12.6851 sec
Iteration 79
Elapsed time for kappa 38.7833 sec
Elapsed time for experts 15.3192 sec
Elapsed time for households 11.9203 sec
Iteration 80
Elapsed time for kappa 31.2973 sec
Elapsed time for experts 14.7254 sec
Elapsed time for households 12.8892 sec
Iteration 81
Elapsed time for kappa 31.1737 sec
Elapsed time for experts 13.9220 sec
Elapsed time for households 12.6314 sec
Iteration 82
Elapsed time for kappa 31.6572 sec
Elapsed time for experts 13.9794 sec
Elapsed time for households 12.4185 sec
Iteration 83
Elapsed time for kappa 31.0370 sec
Elapsed time for experts 13.8518 sec
Elapsed time for households 11.9667 sec
Iteration 84
Elapsed time for kappa 31.8526 sec
Elapsed time for experts 14.2271 sec
Elapsed time for households 12.3845 sec
Iteration 85
Elapsed time for kappa 39.0803 sec
Elapsed time for experts 14.7054 sec
Elapsed time for households 12.6528 sec
Iteration 86
Elapsed time for kappa 32.3081 sec
Elapsed time for experts 14.5355 sec
Elapsed time for households 12.6029 sec
Iteration 87
Elapsed time for kappa 31.5122 sec
Elapsed time for experts 14.9006 sec
Elapsed time for households 12.4598 sec
Iteration 88
Elapsed time for kappa 29.0682 sec
Elapsed time for experts 13.6733 sec
Elapsed time for households 12.0758 sec
Iteration 89
Elapsed time for kappa 30.5404 sec
Elapsed time for experts 13.7479 sec
Elapsed time for households 12.2376 sec
Iteration 90
Elapsed time for kappa 31.1028 sec
Elapsed time for experts 13.6172 sec
Elapsed time for households 17.4164 sec
Iteration 91
Elapsed time for kappa 31.2741 sec
Elapsed time for experts 14.5760 sec
Elapsed time for households 11.0564 sec
Iteration 92
Elapsed time for kappa 30.4856 sec
Elapsed time for experts 13.7260 sec
Elapsed time for households 12.0997 sec
Iteration 93
Elapsed time for kappa 28.7818 sec
Elapsed time for experts 13.4084 sec
Elapsed time for households 11.7833 sec
Iteration 94
Elapsed time for kappa 30.3781 sec
Elapsed time for experts 13.8407 sec
Elapsed time for households 12.2268 sec
Iteration 95
Elapsed time for kappa 30.9131 sec
Elapsed time for experts 13.9524 sec
Elapsed time for households 12.0206 sec
Iteration 96
Elapsed time for kappa 31.1743 sec
Elapsed time for experts 20.1713 sec
Elapsed time for households 12.4498 sec
Iteration 97
Elapsed time for kappa 31.4144 sec
Elapsed time for experts 14.7862 sec
Elapsed time for households 11.6273 sec
Iteration 98
Elapsed time for kappa 30.8166 sec
Elapsed time for experts 14.7832 sec
Elapsed time for households 12.1916 sec
Iteration 99
Elapsed time for kappa 28.4986 sec
Elapsed time for experts 13.4228 sec
Elapsed time for households 12.3320 sec
Iteration 100
Elapsed time for kappa 30.8239 sec
Elapsed time for experts 13.6072 sec
Elapsed time for households 11.0921 sec
Iteration 101
Elapsed time for kappa 30.2820 sec
Elapsed time for experts 13.5188 sec
Elapsed time for households 10.5903 sec
Iteration 102
Elapsed time for kappa 29.2790 sec
Elapsed time for experts 13.8924 sec
Elapsed time for households 18.1579 sec
Iteration 103
Elapsed time for kappa 31.7263 sec
Elapsed time for experts 13.7112 sec
Elapsed time for households 12.3973 sec
Iteration 104
Elapsed time for kappa 31.0275 sec
Elapsed time for experts 14.4769 sec
Elapsed time for households 12.3417 sec
Iteration 105
Elapsed time for kappa 30.2800 sec
Elapsed time for experts 14.0554 sec
Elapsed time for households 11.9286 sec
Iteration 106
Elapsed time for kappa 30.3680 sec
Elapsed time for experts 13.9235 sec
Elapsed time for households 10.4715 sec
Iteration 107
Elapsed time for kappa 30.2268 sec
Elapsed time for experts 13.7142 sec
Elapsed time for households 11.0816 sec
Iteration 108
Elapsed time for kappa 29.2934 sec
Elapsed time for experts 13.4665 sec
Elapsed time for households 17.9806 sec
Iteration 109
Elapsed time for kappa 31.8095 sec
Elapsed time for experts 14.9352 sec
Elapsed time for households 12.2957 sec
Iteration 110
Elapsed time for kappa 30.7219 sec
Elapsed time for experts 14.2171 sec
Elapsed time for households 12.3324 sec
Iteration 111
Elapsed time for kappa 30.5801 sec
Elapsed time for experts 14.1032 sec
Elapsed time for households 12.1848 sec
Iteration 112
Elapsed time for kappa 30.2225 sec
Elapsed time for experts 13.8810 sec
Elapsed time for households 12.5287 sec
Iteration 113
Elapsed time for kappa 29.9418 sec
Elapsed time for experts 13.5970 sec
Elapsed time for households 10.9591 sec
Iteration 114
Elapsed time for kappa 30.8847 sec
Elapsed time for experts 13.5639 sec
Elapsed time for households 10.8729 sec
Iteration 115
Elapsed time for kappa 36.2626 sec
Elapsed time for experts 14.2765 sec
Elapsed time for households 11.1323 sec
Iteration 116
Elapsed time for kappa 30.9095 sec
Elapsed time for experts 13.7169 sec
Elapsed time for households 12.6653 sec
Iteration 117
Elapsed time for kappa 29.5954 sec
Elapsed time for experts 13.4893 sec
Elapsed time for households 11.8911 sec
Iteration 118
Elapsed time for kappa 31.3271 sec
Elapsed time for experts 13.8111 sec
Elapsed time for households 11.4531 sec
Iteration 119
Elapsed time for kappa 29.8892 sec
Elapsed time for experts 14.1726 sec
Elapsed time for households 11.3279 sec
Iteration 120
Elapsed time for kappa 29.4634 sec
Elapsed time for experts 14.2784 sec
Elapsed time for households 17.2398 sec
Iteration 121
Elapsed time for kappa 32.0548 sec
Elapsed time for experts 14.8726 sec
Elapsed time for households 12.3896 sec
Iteration 122
Elapsed time for kappa 30.7740 sec
Elapsed time for experts 14.2635 sec
Elapsed time for households 11.9081 sec
Iteration 123
Elapsed time for kappa 30.7521 sec
Elapsed time for experts 13.8301 sec
Elapsed time for households 10.7285 sec
Iteration 124
Elapsed time for kappa 30.6243 sec
Elapsed time for experts 13.5875 sec
Elapsed time for households 10.4092 sec
Iteration 125
Elapsed time for kappa 29.5290 sec
Elapsed time for experts 13.8035 sec
Elapsed time for households 11.3771 sec
Iteration 126
Elapsed time for kappa 28.2874 sec
Elapsed time for experts 13.3829 sec
Elapsed time for households 11.4317 sec
Iteration 127
Elapsed time for kappa 36.5128 sec
Elapsed time for experts 13.6100 sec
Elapsed time for households 10.7255 sec
Iteration 128
Elapsed time for kappa 30.7935 sec
Elapsed time for experts 14.6390 sec
Elapsed time for households 13.0130 sec
Iteration 129
Elapsed time for kappa 30.7970 sec
Elapsed time for experts 13.8324 sec
Elapsed time for households 12.1478 sec
Iteration 130
Elapsed time for kappa 29.1136 sec
Elapsed time for experts 13.7865 sec
Elapsed time for households 10.0799 sec
Iteration 131
Elapsed time for kappa 28.4173 sec
Elapsed time for experts 13.8809 sec
Elapsed time for households 11.8081 sec
Iteration 132
Elapsed time for kappa 28.3696 sec
Elapsed time for experts 13.2758 sec
Elapsed time for households 11.5160 sec
Iteration 133
Elapsed time for kappa 36.2717 sec
Elapsed time for experts 13.5825 sec
Elapsed time for households 11.9021 sec
Iteration 134
Elapsed time for kappa 31.6912 sec
Elapsed time for experts 14.2270 sec
Elapsed time for households 11.0788 sec
Iteration 135
Elapsed time for kappa 31.5146 sec
Elapsed time for experts 14.2712 sec
Elapsed time for households 10.4297 sec
Iteration 136
Elapsed time for kappa 31.1332 sec
Elapsed time for experts 13.3931 sec
Elapsed time for households 10.5225 sec
Iteration 137
Elapsed time for kappa 29.8354 sec
Elapsed time for experts 13.8862 sec
Elapsed time for households 9.8865 sec
Iteration 138
Elapsed time for kappa 28.7130 sec
Elapsed time for experts 18.8326 sec
Elapsed time for households 11.4411 sec
Iteration 139
Elapsed time for kappa 32.9664 sec
Elapsed time for experts 14.1446 sec
Elapsed time for households 11.3338 sec
Iteration 140
Elapsed time for kappa 31.4686 sec
Elapsed time for experts 13.2348 sec
Elapsed time for households 10.3066 sec
Iteration 141
Elapsed time for kappa 30.9238 sec
Elapsed time for experts 14.2669 sec
Elapsed time for households 12.0052 sec
Iteration 142
Elapsed time for kappa 30.8299 sec
Elapsed time for experts 14.4222 sec
Elapsed time for households 10.8551 sec
Iteration 143
Elapsed time for kappa 29.9455 sec
Elapsed time for experts 13.7976 sec
Elapsed time for households 11.0191 sec
Iteration 144
Elapsed time for kappa 29.9913 sec
Elapsed time for experts 13.5494 sec
Elapsed time for households 18.4240 sec
Iteration 145
Elapsed time for kappa 31.9779 sec
Elapsed time for experts 14.1823 sec
Elapsed time for households 11.3247 sec
Iteration 146
Elapsed time for kappa 31.8454 sec
Elapsed time for experts 14.0917 sec
Elapsed time for households 11.3455 sec
Iteration 147
Elapsed time for kappa 31.5087 sec
Elapsed time for experts 14.0031 sec
Elapsed time for households 11.3754 sec
Iteration 148
Elapsed time for kappa 30.8410 sec
Elapsed time for experts 13.8359 sec
Elapsed time for households 10.5986 sec
Iteration 149
Elapsed time for kappa 30.5692 sec
Elapsed time for experts 13.1131 sec
Elapsed time for households 10.3995 sec
Iteration 150
Elapsed time for kappa 28.3263 sec
Elapsed time for experts 14.0224 sec
Elapsed time for households 18.8970 sec
Iteration 151
Elapsed time for kappa 31.5882 sec
Elapsed time for experts 14.9514 sec
Elapsed time for households 12.2225 sec
Iteration 152
Elapsed time for kappa 31.3531 sec
Elapsed time for experts 14.4734 sec
Elapsed time for households 11.5783 sec
Iteration 153
Elapsed time for kappa 30.7573 sec
Elapsed time for experts 14.2149 sec
Elapsed time for households 12.3768 sec
Iteration 154
Elapsed time for kappa 29.5142 sec
Elapsed time for experts 12.9702 sec
Elapsed time for households 10.4970 sec
Iteration 155
Elapsed time for kappa 29.7227 sec
Elapsed time for experts 13.3838 sec
Elapsed time for households 11.7932 sec
Iteration 156
Elapsed time for kappa 29.6875 sec
Elapsed time for experts 13.7412 sec
Elapsed time for households 11.5275 sec
Iteration 157
Elapsed time for kappa 39.1468 sec
Elapsed time for experts 14.3810 sec
Elapsed time for households 10.5860 sec
Iteration 158
Elapsed time for kappa 29.9223 sec
Elapsed time for experts 13.4942 sec
Elapsed time for households 11.3684 sec
Iteration 159
Elapsed time for kappa 30.9009 sec
Elapsed time for experts 14.0332 sec
Elapsed time for households 11.3132 sec
Iteration 160
Elapsed time for kappa 30.1096 sec
Elapsed time for experts 13.1949 sec
Elapsed time for households 10.1838 sec
Iteration 161
Elapsed time for kappa 30.7032 sec
Elapsed time for experts 13.9884 sec
Elapsed time for households 10.6418 sec
Iteration 162
Elapsed time for kappa 30.8124 sec
Elapsed time for experts 13.8054 sec
Elapsed time for households 10.0687 sec
Iteration 163
Elapsed time for kappa 36.2868 sec
Elapsed time for experts 14.8208 sec
Elapsed time for households 11.2546 sec
Iteration 164
Elapsed time for kappa 31.5961 sec
Elapsed time for experts 14.6865 sec
Elapsed time for households 10.6374 sec
Iteration 165
Elapsed time for kappa 30.7911 sec
Elapsed time for experts 14.1389 sec
Elapsed time for households 12.0644 sec
Iteration 166
Elapsed time for kappa 30.3845 sec
Elapsed time for experts 13.9023 sec
Elapsed time for households 11.4792 sec
Iteration 167
Elapsed time for kappa 31.0175 sec
Elapsed time for experts 13.8271 sec
Elapsed time for households 10.7913 sec
Iteration 168
Elapsed time for kappa 30.9311 sec
Elapsed time for experts 13.6685 sec
Elapsed time for households 16.9116 sec
Iteration 169
Elapsed time for kappa 32.6455 sec
Elapsed time for experts 14.4015 sec
Elapsed time for households 10.7625 sec
Iteration 170
Elapsed time for kappa 31.7486 sec
Elapsed time for experts 14.5679 sec
Elapsed time for households 10.9673 sec
Iteration 171
Elapsed time for kappa 31.0458 sec
Elapsed time for experts 14.5703 sec
Elapsed time for households 10.8822 sec
Iteration 172
Elapsed time for kappa 30.4552 sec
Elapsed time for experts 14.5698 sec
Elapsed time for households 11.0305 sec
Iteration 173
Elapsed time for kappa 29.9963 sec
Elapsed time for experts 13.4072 sec
Elapsed time for households 11.5414 sec
Iteration 174
Elapsed time for kappa 28.6395 sec
Elapsed time for experts 12.8172 sec
Elapsed time for households 9.9471 sec
Iteration 175
Elapsed time for kappa 38.6932 sec
Elapsed time for experts 14.4546 sec
Elapsed time for households 11.6125 sec
Iteration 176
Elapsed time for kappa 31.2514 sec
Elapsed time for experts 13.4569 sec
Elapsed time for households 11.8430 sec
Iteration 177
Elapsed time for kappa 31.8186 sec
Elapsed time for experts 13.9515 sec
Elapsed time for households 11.9039 sec
Iteration 178
Elapsed time for kappa 30.4489 sec
Elapsed time for experts 14.2470 sec
Elapsed time for households 11.4781 sec
Iteration 179
Elapsed time for kappa 30.5684 sec
Elapsed time for experts 14.4545 sec
Elapsed time for households 10.7169 sec
Iteration 180
Elapsed time for kappa 30.0311 sec
Elapsed time for experts 13.5333 sec
Elapsed time for households 16.2834 sec
Iteration 181
Elapsed time for kappa 31.8455 sec
Elapsed time for experts 14.3710 sec
Elapsed time for households 11.6597 sec
Iteration 182
Elapsed time for kappa 31.6518 sec
Elapsed time for experts 13.6332 sec
Elapsed time for households 11.8743 sec
Iteration 183
Elapsed time for kappa 29.7391 sec
Elapsed time for experts 13.4206 sec
Elapsed time for households 10.0371 sec
Iteration 184
Elapsed time for kappa 29.8839 sec
Elapsed time for experts 13.0691 sec
Elapsed time for households 10.5778 sec
Iteration 185
Elapsed time for kappa 30.5069 sec
Elapsed time for experts 13.5708 sec
Elapsed time for households 10.5299 sec
Iteration 186
Elapsed time for kappa 30.8503 sec
Elapsed time for experts 13.8804 sec
Elapsed time for households 10.5162 sec
Iteration 187
Elapsed time for kappa 38.0358 sec
Elapsed time for experts 14.7401 sec
Elapsed time for households 11.4445 sec
Iteration 188
Elapsed time for kappa 32.3061 sec
Elapsed time for experts 14.6043 sec
Elapsed time for households 11.7669 sec
Iteration 189
Elapsed time for kappa 32.3425 sec
Elapsed time for experts 14.6249 sec
Elapsed time for households 11.6452 sec
Iteration 190
Elapsed time for kappa 31.6072 sec
Elapsed time for experts 14.5047 sec
Elapsed time for households 11.3670 sec
Iteration 191
Elapsed time for kappa 31.0666 sec
Elapsed time for experts 13.1055 sec
Elapsed time for households 10.5253 sec
Iteration 192
Elapsed time for kappa 28.5814 sec
Elapsed time for experts 12.9280 sec
Elapsed time for households 17.2683 sec
Iteration 193
Elapsed time for kappa 32.1461 sec
Elapsed time for experts 13.8229 sec
Elapsed time for households 11.7791 sec
Iteration 194
Elapsed time for kappa 31.8837 sec
Elapsed time for experts 14.5636 sec
Elapsed time for households 11.9984 sec
Iteration 195
Elapsed time for kappa 31.4342 sec
Elapsed time for experts 14.5709 sec
Elapsed time for households 11.3511 sec
Iteration 196
Elapsed time for kappa 30.4915 sec
Elapsed time for experts 14.1180 sec
Elapsed time for households 11.1384 sec
Iteration 197
Elapsed time for kappa 30.6186 sec
Elapsed time for experts 13.8664 sec
Elapsed time for households 10.5449 sec
Iteration 198
Elapsed time for kappa 30.2881 sec
Elapsed time for experts 12.9095 sec
Elapsed time for households 10.4011 sec
Iteration 199
Elapsed time for kappa 38.3759 sec
Elapsed time for experts 14.6615 sec
Elapsed time for households 11.2997 sec
Iteration 200
Elapsed time for kappa 31.3794 sec
Elapsed time for experts 14.2971 sec
Elapsed time for households 10.9141 sec
Iteration 201
Elapsed time for kappa 31.8093 sec
Elapsed time for experts 13.7756 sec
Elapsed time for households 11.0902 sec
Iteration 202
Elapsed time for kappa 31.2838 sec
Elapsed time for experts 13.5609 sec
Elapsed time for households 10.5038 sec
Iteration 203
Elapsed time for kappa 28.9448 sec
Elapsed time for experts 13.9580 sec
Elapsed time for households 10.9295 sec
Iteration 204
Elapsed time for kappa 30.0718 sec
Elapsed time for experts 14.0068 sec
Elapsed time for households 11.4594 sec
Iteration 205
Elapsed time for kappa 38.4591 sec
Elapsed time for experts 14.8763 sec
Elapsed time for households 12.7284 sec
Iteration 206
Elapsed time for kappa 31.9419 sec
Elapsed time for experts 14.3717 sec
Elapsed time for households 12.5413 sec
Iteration 207
Elapsed time for kappa 29.9726 sec
Elapsed time for experts 13.7956 sec
Elapsed time for households 11.5375 sec
Iteration 208
Elapsed time for kappa 30.5182 sec
Elapsed time for experts 13.1306 sec
Elapsed time for households 10.0797 sec
Iteration 209
Elapsed time for kappa 30.4921 sec
Elapsed time for experts 13.0824 sec
Elapsed time for households 11.0372 sec
Iteration 210
Elapsed time for kappa 29.1744 sec
Elapsed time for experts 13.7613 sec
Elapsed time for households 16.9774 sec
Iteration 211
Elapsed time for kappa 32.7885 sec
Elapsed time for experts 15.0270 sec
Elapsed time for households 11.2201 sec
Iteration 212
Elapsed time for kappa 32.5366 sec
Elapsed time for experts 14.2484 sec
Elapsed time for households 10.4169 sec
Iteration 213
Elapsed time for kappa 29.2878 sec
Elapsed time for experts 13.9630 sec
Elapsed time for households 10.6393 sec
Iteration 214
Elapsed time for kappa 29.1935 sec
Elapsed time for experts 14.1483 sec
Elapsed time for households 10.9630 sec
Iteration 215
Elapsed time for kappa 30.3117 sec
Elapsed time for experts 13.9669 sec
Elapsed time for households 11.0203 sec
Iteration 216
Elapsed time for kappa 30.2096 sec
Elapsed time for experts 13.9085 sec
Elapsed time for households 11.0049 sec
Iteration 217
Elapsed time for kappa 39.0235 sec
Elapsed time for experts 14.1912 sec
Elapsed time for households 11.7504 sec
Iteration 218
Elapsed time for kappa 31.7597 sec
Elapsed time for experts 14.6896 sec
Elapsed time for households 11.6446 sec
Iteration 219
Elapsed time for kappa 31.2962 sec
Elapsed time for experts 14.5343 sec
Elapsed time for households 11.3549 sec
Iteration 220
Elapsed time for kappa 31.2179 sec
Elapsed time for experts 14.4001 sec
Elapsed time for households 11.7342 sec
Iteration 221
Elapsed time for kappa 30.8836 sec
Elapsed time for experts 14.2062 sec
Elapsed time for households 11.7356 sec
Iteration 222
Elapsed time for kappa 30.0698 sec
Elapsed time for experts 14.0004 sec
Elapsed time for households 18.0415 sec
Iteration 223
Elapsed time for kappa 32.2677 sec
Elapsed time for experts 14.7549 sec
Elapsed time for households 11.5104 sec
Iteration 224
Elapsed time for kappa 31.4578 sec
Elapsed time for experts 13.7344 sec
Elapsed time for households 11.4119 sec
Iteration 225
Elapsed time for kappa 31.1482 sec
Elapsed time for experts 14.7077 sec
Elapsed time for households 11.3782 sec
Iteration 226
Elapsed time for kappa 30.6353 sec
Elapsed time for experts 14.4895 sec
Elapsed time for households 11.9521 sec
Iteration 227
Elapsed time for kappa 30.3704 sec
Elapsed time for experts 13.6675 sec
Elapsed time for households 9.8182 sec
Iteration 228
Elapsed time for kappa 30.7993 sec
Elapsed time for experts 13.6878 sec
Elapsed time for households 10.4547 sec
Iteration 229
Elapsed time for kappa 39.4342 sec
Elapsed time for experts 14.8293 sec
Elapsed time for households 12.1991 sec
Iteration 230
Elapsed time for kappa 31.3396 sec
Elapsed time for experts 13.2020 sec
Elapsed time for households 11.2176 sec
Iteration 231
Elapsed time for kappa 31.2827 sec
Elapsed time for experts 14.4368 sec
Elapsed time for households 11.2058 sec
Iteration 232
Elapsed time for kappa 31.9711 sec
Elapsed time for experts 13.3244 sec
Elapsed time for households 10.6789 sec
Iteration 233
Elapsed time for kappa 30.5637 sec
Elapsed time for experts 14.0720 sec
Elapsed time for households 10.8771 sec
Iteration 234
Elapsed time for kappa 30.9308 sec
Elapsed time for experts 13.6772 sec
Elapsed time for households 10.2293 sec
Iteration 235
Elapsed time for kappa 39.0202 sec
Elapsed time for experts 14.7290 sec
Elapsed time for households 11.2988 sec
Iteration 236
Elapsed time for kappa 32.1231 sec
Elapsed time for experts 13.0185 sec
Elapsed time for households 10.9514 sec
Iteration 237
Elapsed time for kappa 32.3060 sec
Elapsed time for experts 14.7453 sec
Elapsed time for households 11.8929 sec
Iteration 238
Elapsed time for kappa 31.5032 sec
Elapsed time for experts 13.6076 sec
Elapsed time for households 10.8562 sec
Iteration 239
Elapsed time for kappa 28.8882 sec
Elapsed time for experts 13.4268 sec
Elapsed time for households 10.7526 sec
Iteration 240
Elapsed time for kappa 30.3071 sec
Elapsed time for experts 14.4316 sec
Elapsed time for households 16.8485 sec
Iteration 241
Elapsed time for kappa 30.6652 sec
Elapsed time for experts 14.0386 sec
Elapsed time for households 10.9127 sec
Iteration 242
Elapsed time for kappa 31.4239 sec
Elapsed time for experts 13.7765 sec
Elapsed time for households 12.0250 sec
Iteration 243
Elapsed time for kappa 31.3959 sec
Elapsed time for experts 12.9965 sec
Elapsed time for households 11.2569 sec
Iteration 244
Elapsed time for kappa 31.5989 sec
Elapsed time for experts 13.2355 sec
Elapsed time for households 10.3473 sec
Iteration 245
Elapsed time for kappa 30.0522 sec
Elapsed time for experts 13.2590 sec
Elapsed time for households 10.6262 sec
Iteration 246
Elapsed time for kappa 30.7035 sec
Elapsed time for experts 13.4210 sec
Elapsed time for households 10.2243 sec
Iteration 247
Elapsed time for kappa 40.0004 sec
Elapsed time for experts 13.9893 sec
Elapsed time for households 10.2904 sec
Iteration 248
Elapsed time for kappa 30.9004 sec
Elapsed time for experts 14.6273 sec
Elapsed time for households 11.1630 sec
Iteration 249
Elapsed time for kappa 31.1521 sec
Elapsed time for experts 13.1491 sec
Elapsed time for households 11.1275 sec
Iteration 250
Elapsed time for kappa 29.6959 sec
Elapsed time for experts 14.1934 sec
Elapsed time for households 10.5406 sec
Iteration 251
Elapsed time for kappa 30.3869 sec
Elapsed time for experts 13.5960 sec
Elapsed time for households 11.6835 sec
Iteration 252
Elapsed time for kappa 30.2855 sec
Elapsed time for experts 13.8138 sec
Elapsed time for households 16.8956 sec
Iteration 253
Elapsed time for kappa 32.4297 sec
Elapsed time for experts 14.7075 sec
Elapsed time for households 11.8373 sec
Iteration 254
Elapsed time for kappa 31.6102 sec
Elapsed time for experts 14.0445 sec
Elapsed time for households 11.3026 sec
Iteration 255
Elapsed time for kappa 31.3825 sec
Elapsed time for experts 14.4822 sec
Elapsed time for households 11.6296 sec
Iteration 256
Elapsed time for kappa 31.3529 sec
Elapsed time for experts 14.1053 sec
Elapsed time for households 10.4997 sec
Iteration 257
Elapsed time for kappa 29.5307 sec
Elapsed time for experts 13.8733 sec
Elapsed time for households 10.5845 sec
Iteration 258
Elapsed time for kappa 30.4873 sec
Elapsed time for experts 12.9957 sec
Elapsed time for households 10.0190 sec
Iteration 259
Elapsed time for kappa 38.0978 sec
Elapsed time for experts 14.1276 sec
Elapsed time for households 11.1877 sec
Iteration 260
Elapsed time for kappa 32.5840 sec
Elapsed time for experts 13.3788 sec
Elapsed time for households 10.8798 sec
Iteration 261
Elapsed time for kappa 31.9635 sec
Elapsed time for experts 14.1057 sec
Elapsed time for households 11.2884 sec
Iteration 262
Elapsed time for kappa 31.6648 sec
Elapsed time for experts 13.7076 sec
Elapsed time for households 11.0184 sec
Iteration 263
Elapsed time for kappa 30.1159 sec
Elapsed time for experts 13.8889 sec
Elapsed time for households 9.9930 sec
Iteration 264
Elapsed time for kappa 28.8725 sec
Elapsed time for experts 13.1647 sec
Elapsed time for households 17.0220 sec
Iteration 265
Elapsed time for kappa 32.7705 sec
Elapsed time for experts 15.0075 sec
Elapsed time for households 10.7343 sec
Iteration 266
Elapsed time for kappa 31.4777 sec
Elapsed time for experts 14.4150 sec
Elapsed time for households 11.5952 sec
Iteration 267
Elapsed time for kappa 31.7204 sec
Elapsed time for experts 13.5816 sec
Elapsed time for households 10.3956 sec
Iteration 268
Elapsed time for kappa 29.1912 sec
Elapsed time for experts 13.5022 sec
Elapsed time for households 11.2513 sec
Iteration 269
Elapsed time for kappa 30.5245 sec
Elapsed time for experts 13.8157 sec
Elapsed time for households 11.0457 sec
Iteration 270
Elapsed time for kappa 31.0016 sec
Elapsed time for experts 13.8476 sec
Elapsed time for households 10.6427 sec
Iteration 271
Elapsed time for kappa 40.4831 sec
Elapsed time for experts 14.7310 sec
Elapsed time for households 11.4393 sec
Iteration 272
Elapsed time for kappa 32.0164 sec
Elapsed time for experts 14.3135 sec
Elapsed time for households 11.0443 sec
Iteration 273
Elapsed time for kappa 32.4782 sec
Elapsed time for experts 14.3641 sec
Elapsed time for households 10.9737 sec
Iteration 274
Elapsed time for kappa 31.4881 sec
Elapsed time for experts 13.4188 sec
Elapsed time for households 10.7885 sec
Iteration 275
Elapsed time for kappa 31.3731 sec
Elapsed time for experts 13.4219 sec
Elapsed time for households 10.1991 sec
Iteration 276
Elapsed time for kappa 29.4821 sec
Elapsed time for experts 13.4750 sec
Elapsed time for households 10.2687 sec
Iteration 277
Elapsed time for kappa 37.4212 sec
Elapsed time for experts 15.4353 sec
Elapsed time for households 11.4941 sec
Iteration 278
Elapsed time for kappa 32.1827 sec
Elapsed time for experts 14.9424 sec
Elapsed time for households 11.0243 sec
Iteration 279
Elapsed time for kappa 32.0325 sec
Elapsed time for experts 14.2852 sec
Elapsed time for households 11.5606 sec
Iteration 280
Elapsed time for kappa 31.7610 sec
Elapsed time for experts 13.4161 sec
Elapsed time for households 10.9734 sec
Iteration 281
Elapsed time for kappa 29.6865 sec
Elapsed time for experts 13.2971 sec
Elapsed time for households 11.3732 sec
Iteration 282
Elapsed time for kappa 30.3808 sec
Elapsed time for experts 14.2261 sec
Elapsed time for households 17.7638 sec
Iteration 283
Elapsed time for kappa 30.9041 sec
Elapsed time for experts 14.4673 sec
Elapsed time for households 11.2521 sec
Iteration 284
Elapsed time for kappa 30.6595 sec
Elapsed time for experts 12.3152 sec
Elapsed time for households 10.6017 sec
Iteration 285
Elapsed time for kappa 31.1639 sec
Elapsed time for experts 14.3754 sec
Elapsed time for households 10.7864 sec
Iteration 286
Elapsed time for kappa 31.5895 sec
Elapsed time for experts 14.4103 sec
Elapsed time for households 10.6535 sec
Iteration 287
Elapsed time for kappa 30.1126 sec
Elapsed time for experts 12.5152 sec
Elapsed time for households 10.0567 sec
Iteration 288
Elapsed time for kappa 28.7260 sec
Elapsed time for experts 13.6275 sec
Elapsed time for households 10.8269 sec
Iteration 289
Elapsed time for kappa 40.0440 sec
Elapsed time for experts 15.4488 sec
Elapsed time for households 11.2235 sec
Iteration 290
Elapsed time for kappa 30.9519 sec
Elapsed time for experts 14.6967 sec
Elapsed time for households 11.7504 sec
Iteration 291
Elapsed time for kappa 30.3289 sec
Elapsed time for experts 13.5288 sec
Elapsed time for households 11.0754 sec
Iteration 292
Elapsed time for kappa 31.1476 sec
Elapsed time for experts 14.2472 sec
Elapsed time for households 11.5411 sec
Iteration 293
Elapsed time for kappa 31.0823 sec
Elapsed time for experts 14.2245 sec
Elapsed time for households 10.1820 sec
Iteration 294
Elapsed time for kappa 30.5365 sec
Elapsed time for experts 13.7248 sec
Elapsed time for households 17.5630 sec
Iteration 295
Elapsed time for kappa 33.2132 sec
Elapsed time for experts 14.6986 sec
Elapsed time for households 11.3225 sec
Iteration 296
Elapsed time for kappa 31.8592 sec
Elapsed time for experts 13.6842 sec
Elapsed time for households 10.2558 sec
Iteration 297
Elapsed time for kappa 31.7524 sec
Elapsed time for experts 13.7071 sec
Elapsed time for households 10.1469 sec
Iteration 298
Elapsed time for kappa 29.2994 sec
Elapsed time for experts 14.5197 sec
Elapsed time for households 11.1282 sec
Iteration 299
Elapsed time for kappa 30.3304 sec
Elapsed time for experts 13.7794 sec
Elapsed time for households 9.7915 sec
Elapsed time for training 17516.7918 sec
