Iteration 0
Elapsed time for kappa 118.5103 sec
Elapsed time for experts 47.1853 sec
Elapsed time for households 39.5750 sec
Iteration 1
Elapsed time for kappa 87.0853 sec
Elapsed time for experts 40.1586 sec
Elapsed time for households 37.1779 sec
Iteration 2
Elapsed time for kappa 90.4741 sec
Elapsed time for experts 40.4428 sec
Elapsed time for households 36.5525 sec
Iteration 3
Elapsed time for kappa 85.8379 sec
Elapsed time for experts 40.0402 sec
Elapsed time for households 36.2474 sec
Iteration 4
Elapsed time for kappa 86.9255 sec
Elapsed time for experts 40.5038 sec
Elapsed time for households 35.4451 sec
Iteration 5
Elapsed time for kappa 83.5714 sec
Elapsed time for experts 39.2938 sec
Elapsed time for households 35.6562 sec
Iteration 6
Elapsed time for kappa 86.7345 sec
Elapsed time for experts 41.2691 sec
Elapsed time for households 35.6924 sec
Iteration 7
Elapsed time for kappa 88.0316 sec
Elapsed time for experts 47.2547 sec
Elapsed time for households 37.2428 sec
Iteration 8
Elapsed time for kappa 90.7737 sec
Elapsed time for experts 41.2911 sec
Elapsed time for households 36.7949 sec
Iteration 9
Elapsed time for kappa 85.3548 sec
Elapsed time for experts 39.4577 sec
Elapsed time for households 35.8925 sec
Iteration 10
Elapsed time for kappa 84.7775 sec
Elapsed time for experts 39.8040 sec
Elapsed time for households 35.2822 sec
Iteration 11
Elapsed time for kappa 83.9099 sec
Elapsed time for experts 39.7620 sec
Elapsed time for households 9.7166 sec
Iteration 12
Elapsed time for kappa 84.1523 sec
Elapsed time for experts 10.9326 sec
Elapsed time for households 34.8726 sec
Iteration 13
Elapsed time for kappa 89.9016 sec
Elapsed time for experts 39.7876 sec
Elapsed time for households 35.4945 sec
Iteration 14
Elapsed time for kappa 84.3024 sec
Elapsed time for experts 39.5508 sec
Elapsed time for households 35.8701 sec
Elapsed time for training 2435.5025 sec
