Iteration 0
Elapsed time for kappa 67.5450 sec
Elapsed time for experts 19.0347 sec
Elapsed time for households 16.3428 sec
Iteration 1
Elapsed time for kappa 31.3600 sec
Elapsed time for experts 13.7160 sec
Elapsed time for households 10.4501 sec
Iteration 2
Elapsed time for kappa 31.5644 sec
Elapsed time for experts 12.4690 sec
Elapsed time for households 15.2310 sec
Iteration 3
Elapsed time for kappa 31.6572 sec
Elapsed time for experts 13.8899 sec
Elapsed time for households 12.6191 sec
Iteration 4
Elapsed time for kappa 31.1404 sec
Elapsed time for experts 13.3172 sec
Elapsed time for households 12.4344 sec
Iteration 5
Elapsed time for kappa 31.1512 sec
Elapsed time for experts 11.2254 sec
Elapsed time for households 10.3280 sec
Iteration 6
Elapsed time for kappa 31.2847 sec
Elapsed time for experts 12.1803 sec
Elapsed time for households 10.3832 sec
Iteration 7
Elapsed time for kappa 31.5820 sec
Elapsed time for experts 12.2174 sec
Elapsed time for households 12.5685 sec
Iteration 8
Elapsed time for kappa 31.2666 sec
Elapsed time for experts 11.7223 sec
Elapsed time for households 12.5146 sec
Iteration 9
Elapsed time for kappa 38.7640 sec
Elapsed time for experts 11.8703 sec
Elapsed time for households 12.5502 sec
Iteration 10
Elapsed time for kappa 31.2137 sec
Elapsed time for experts 11.3642 sec
Elapsed time for households 10.3630 sec
Iteration 11
Elapsed time for kappa 31.1478 sec
Elapsed time for experts 11.3132 sec
Elapsed time for households 10.2715 sec
Iteration 12
Elapsed time for kappa 31.1451 sec
Elapsed time for experts 11.7340 sec
Elapsed time for households 10.3335 sec
Iteration 13
Elapsed time for kappa 31.4207 sec
Elapsed time for experts 11.7927 sec
Elapsed time for households 10.4009 sec
Iteration 14
Elapsed time for kappa 30.8978 sec
Elapsed time for experts 11.7237 sec
Elapsed time for households 16.2171 sec
Iteration 15
Elapsed time for kappa 31.2571 sec
Elapsed time for experts 11.6655 sec
Elapsed time for households 13.0396 sec
Iteration 16
Elapsed time for kappa 30.8949 sec
Elapsed time for experts 11.6772 sec
Elapsed time for households 10.5794 sec
Iteration 17
Elapsed time for kappa 31.1065 sec
Elapsed time for experts 12.4384 sec
Elapsed time for households 11.4911 sec
Iteration 18
Elapsed time for kappa 33.8636 sec
Elapsed time for experts 11.9897 sec
Elapsed time for households 10.9029 sec
Iteration 19
Elapsed time for kappa 30.9601 sec
Elapsed time for experts 11.8917 sec
Elapsed time for households 9.9188 sec
Iteration 20
Elapsed time for kappa 31.0079 sec
Elapsed time for experts 18.7421 sec
Elapsed time for households 11.3347 sec
Iteration 21
Elapsed time for kappa 31.4536 sec
Elapsed time for experts 11.4059 sec
Elapsed time for households 10.8379 sec
Iteration 22
Elapsed time for kappa 31.0554 sec
Elapsed time for experts 11.4151 sec
Elapsed time for households 10.8792 sec
Iteration 23
Elapsed time for kappa 30.6601 sec
Elapsed time for experts 11.5763 sec
Elapsed time for households 10.5639 sec
Iteration 24
Elapsed time for kappa 31.2929 sec
Elapsed time for experts 11.5990 sec
Elapsed time for households 9.9381 sec
Iteration 25
Elapsed time for kappa 31.2744 sec
Elapsed time for experts 11.7836 sec
Elapsed time for households 12.1567 sec
Iteration 26
Elapsed time for kappa 30.9943 sec
Elapsed time for experts 18.1326 sec
Elapsed time for households 10.5098 sec
Iteration 27
Elapsed time for kappa 31.2082 sec
Elapsed time for experts 11.7365 sec
Elapsed time for households 12.6654 sec
Iteration 28
Elapsed time for kappa 31.0034 sec
Elapsed time for experts 11.2431 sec
Elapsed time for households 10.8235 sec
Iteration 29
Elapsed time for kappa 30.9050 sec
Elapsed time for experts 11.4393 sec
Elapsed time for households 12.2239 sec
Iteration 30
Elapsed time for kappa 30.9915 sec
Elapsed time for experts 12.6627 sec
Elapsed time for households 10.2143 sec
Iteration 31
Elapsed time for kappa 31.0701 sec
Elapsed time for experts 11.0813 sec
Elapsed time for households 10.2013 sec
Iteration 32
Elapsed time for kappa 31.3240 sec
Elapsed time for experts 18.3689 sec
Elapsed time for households 10.8860 sec
Iteration 33
Elapsed time for kappa 30.9330 sec
Elapsed time for experts 11.3702 sec
Elapsed time for households 10.3822 sec
Iteration 34
Elapsed time for kappa 30.4079 sec
Elapsed time for experts 11.3829 sec
Elapsed time for households 12.4941 sec
Iteration 35
Elapsed time for kappa 30.2479 sec
Elapsed time for experts 11.8852 sec
Elapsed time for households 10.7531 sec
Iteration 36
Elapsed time for kappa 33.3234 sec
Elapsed time for experts 12.3121 sec
Elapsed time for households 10.0586 sec
Iteration 37
Elapsed time for kappa 30.7706 sec
Elapsed time for experts 11.1793 sec
Elapsed time for households 10.5178 sec
Iteration 38
Elapsed time for kappa 30.9059 sec
Elapsed time for experts 17.7393 sec
Elapsed time for households 10.7631 sec
Iteration 39
Elapsed time for kappa 30.4199 sec
Elapsed time for experts 11.1868 sec
Elapsed time for households 10.7306 sec
Iteration 40
Elapsed time for kappa 30.2587 sec
Elapsed time for experts 11.7219 sec
Elapsed time for households 10.7751 sec
Iteration 41
Elapsed time for kappa 30.2557 sec
Elapsed time for experts 11.7593 sec
Elapsed time for households 10.6634 sec
Iteration 42
Elapsed time for kappa 30.2454 sec
Elapsed time for experts 11.6319 sec
Elapsed time for households 10.4817 sec
Iteration 43
Elapsed time for kappa 30.6374 sec
Elapsed time for experts 12.5508 sec
Elapsed time for households 11.2861 sec
Iteration 44
Elapsed time for kappa 40.0687 sec
Elapsed time for experts 13.0689 sec
Elapsed time for households 10.3959 sec
Iteration 45
Elapsed time for kappa 30.5882 sec
Elapsed time for experts 11.6738 sec
Elapsed time for households 10.1610 sec
Iteration 46
Elapsed time for kappa 30.0989 sec
Elapsed time for experts 11.5133 sec
Elapsed time for households 10.7953 sec
Iteration 47
Elapsed time for kappa 29.7226 sec
Elapsed time for experts 10.9379 sec
Elapsed time for households 10.2546 sec
Iteration 48
Elapsed time for kappa 29.7048 sec
Elapsed time for experts 11.0710 sec
Elapsed time for households 10.5792 sec
Iteration 49
Elapsed time for kappa 30.2038 sec
Elapsed time for experts 11.4295 sec
Elapsed time for households 11.3551 sec
Iteration 50
Elapsed time for kappa 36.9919 sec
Elapsed time for experts 11.8565 sec
Elapsed time for households 11.6081 sec
Iteration 51
Elapsed time for kappa 30.2930 sec
Elapsed time for experts 11.6420 sec
Elapsed time for households 10.4401 sec
Iteration 52
Elapsed time for kappa 29.9548 sec
Elapsed time for experts 12.0116 sec
Elapsed time for households 11.6534 sec
Iteration 53
Elapsed time for kappa 29.5185 sec
Elapsed time for experts 11.7164 sec
Elapsed time for households 10.0645 sec
Iteration 54
Elapsed time for kappa 29.2044 sec
Elapsed time for experts 11.8514 sec
Elapsed time for households 11.0735 sec
Iteration 55
Elapsed time for kappa 30.2354 sec
Elapsed time for experts 11.0048 sec
Elapsed time for households 9.7932 sec
Iteration 56
Elapsed time for kappa 36.3900 sec
Elapsed time for experts 12.2676 sec
Elapsed time for households 10.6567 sec
Iteration 57
Elapsed time for kappa 29.9930 sec
Elapsed time for experts 11.2298 sec
Elapsed time for households 10.6340 sec
Iteration 58
Elapsed time for kappa 29.2393 sec
Elapsed time for experts 13.3618 sec
Elapsed time for households 10.0256 sec
Iteration 59
Elapsed time for kappa 29.3578 sec
Elapsed time for experts 12.1122 sec
Elapsed time for households 10.7037 sec
Iteration 60
Elapsed time for kappa 32.2574 sec
Elapsed time for experts 10.9215 sec
Elapsed time for households 9.8589 sec
Iteration 61
Elapsed time for kappa 29.6033 sec
Elapsed time for experts 11.9134 sec
Elapsed time for households 9.6345 sec
Iteration 62
Elapsed time for kappa 35.9916 sec
Elapsed time for experts 11.7979 sec
Elapsed time for households 10.7398 sec
Iteration 63
Elapsed time for kappa 29.9971 sec
Elapsed time for experts 11.1574 sec
Elapsed time for households 10.7503 sec
Iteration 64
Elapsed time for kappa 32.4630 sec
Elapsed time for experts 11.8358 sec
Elapsed time for households 11.7922 sec
Iteration 65
Elapsed time for kappa 29.1143 sec
Elapsed time for experts 11.0104 sec
Elapsed time for households 11.1581 sec
Iteration 66
Elapsed time for kappa 29.0102 sec
Elapsed time for experts 11.3364 sec
Elapsed time for households 10.0054 sec
Iteration 67
Elapsed time for kappa 29.3527 sec
Elapsed time for experts 11.2955 sec
Elapsed time for households 10.3534 sec
Iteration 68
Elapsed time for kappa 35.7224 sec
Elapsed time for experts 12.2310 sec
Elapsed time for households 10.5903 sec
Iteration 69
Elapsed time for kappa 29.5639 sec
Elapsed time for experts 11.5859 sec
Elapsed time for households 11.6017 sec
Iteration 70
Elapsed time for kappa 28.9407 sec
Elapsed time for experts 11.0608 sec
Elapsed time for households 9.8179 sec
Iteration 71
Elapsed time for kappa 28.8699 sec
Elapsed time for experts 11.5774 sec
Elapsed time for households 10.4037 sec
Iteration 72
Elapsed time for kappa 29.0346 sec
Elapsed time for experts 10.8017 sec
Elapsed time for households 9.8011 sec
Iteration 73
Elapsed time for kappa 28.6837 sec
Elapsed time for experts 11.2155 sec
Elapsed time for households 9.8856 sec
Iteration 74
Elapsed time for kappa 35.4972 sec
Elapsed time for experts 11.9563 sec
Elapsed time for households 11.3821 sec
Iteration 75
Elapsed time for kappa 29.2271 sec
Elapsed time for experts 11.5824 sec
Elapsed time for households 10.1809 sec
Iteration 76
Elapsed time for kappa 28.8760 sec
Elapsed time for experts 11.9948 sec
Elapsed time for households 10.1299 sec
Iteration 77
Elapsed time for kappa 28.7769 sec
Elapsed time for experts 10.9452 sec
Elapsed time for households 10.1454 sec
Iteration 78
Elapsed time for kappa 28.5997 sec
Elapsed time for experts 10.7920 sec
Elapsed time for households 10.0711 sec
Iteration 79
Elapsed time for kappa 28.5771 sec
Elapsed time for experts 10.7688 sec
Elapsed time for households 15.4310 sec
Iteration 80
Elapsed time for kappa 29.8667 sec
Elapsed time for experts 11.2968 sec
Elapsed time for households 11.1405 sec
Iteration 81
Elapsed time for kappa 29.1415 sec
Elapsed time for experts 12.0030 sec
Elapsed time for households 10.1638 sec
Iteration 82
Elapsed time for kappa 28.9087 sec
Elapsed time for experts 11.0177 sec
Elapsed time for households 10.0080 sec
Iteration 83
Elapsed time for kappa 28.4289 sec
Elapsed time for experts 11.3422 sec
Elapsed time for households 10.3938 sec
Iteration 84
Elapsed time for kappa 28.2253 sec
Elapsed time for experts 11.7551 sec
Elapsed time for households 10.1105 sec
Iteration 85
Elapsed time for kappa 28.2311 sec
Elapsed time for experts 17.6201 sec
Elapsed time for households 10.3113 sec
Iteration 86
Elapsed time for kappa 29.3298 sec
Elapsed time for experts 11.9109 sec
Elapsed time for households 11.6157 sec
Iteration 87
Elapsed time for kappa 29.1171 sec
Elapsed time for experts 11.2949 sec
Elapsed time for households 10.8757 sec
Iteration 88
Elapsed time for kappa 28.4213 sec
Elapsed time for experts 11.3408 sec
Elapsed time for households 10.0823 sec
Iteration 89
Elapsed time for kappa 28.3701 sec
Elapsed time for experts 11.8911 sec
Elapsed time for households 10.8041 sec
Iteration 90
Elapsed time for kappa 28.0751 sec
Elapsed time for experts 11.3303 sec
Elapsed time for households 9.9280 sec
Iteration 91
Elapsed time for kappa 28.2099 sec
Elapsed time for experts 16.8247 sec
Elapsed time for households 10.4683 sec
Iteration 92
Elapsed time for kappa 29.2959 sec
Elapsed time for experts 11.4512 sec
Elapsed time for households 10.8335 sec
Iteration 93
Elapsed time for kappa 28.9455 sec
Elapsed time for experts 11.9215 sec
Elapsed time for households 11.1135 sec
Iteration 94
Elapsed time for kappa 28.4964 sec
Elapsed time for experts 10.8553 sec
Elapsed time for households 9.9620 sec
Iteration 95
Elapsed time for kappa 28.1004 sec
Elapsed time for experts 11.5767 sec
Elapsed time for households 10.0287 sec
Iteration 96
Elapsed time for kappa 28.2672 sec
Elapsed time for experts 11.2313 sec
Elapsed time for households 10.9212 sec
Iteration 97
Elapsed time for kappa 31.0497 sec
Elapsed time for experts 18.4630 sec
Elapsed time for households 10.7572 sec
Iteration 98
Elapsed time for kappa 29.3232 sec
Elapsed time for experts 12.8453 sec
Elapsed time for households 10.1003 sec
Iteration 99
Elapsed time for kappa 28.9738 sec
Elapsed time for experts 11.3524 sec
Elapsed time for households 10.3927 sec
Iteration 100
Elapsed time for kappa 28.3999 sec
Elapsed time for experts 10.8450 sec
Elapsed time for households 10.3543 sec
Iteration 101
Elapsed time for kappa 31.2893 sec
Elapsed time for experts 11.8862 sec
Elapsed time for households 12.0344 sec
Iteration 102
Elapsed time for kappa 28.3147 sec
Elapsed time for experts 11.8007 sec
Elapsed time for households 11.4243 sec
Iteration 103
Elapsed time for kappa 28.3651 sec
Elapsed time for experts 16.9847 sec
Elapsed time for households 10.5140 sec
Iteration 104
Elapsed time for kappa 29.7363 sec
Elapsed time for experts 11.3227 sec
Elapsed time for households 10.6341 sec
Iteration 105
Elapsed time for kappa 29.0226 sec
Elapsed time for experts 11.5616 sec
Elapsed time for households 10.2429 sec
Iteration 106
Elapsed time for kappa 28.6903 sec
Elapsed time for experts 11.0152 sec
Elapsed time for households 11.0963 sec
Iteration 107
Elapsed time for kappa 31.3048 sec
Elapsed time for experts 11.9529 sec
Elapsed time for households 11.0758 sec
Iteration 108
Elapsed time for kappa 28.1048 sec
Elapsed time for experts 10.9882 sec
Elapsed time for households 10.5109 sec
Iteration 109
Elapsed time for kappa 35.7947 sec
Elapsed time for experts 11.8310 sec
Elapsed time for households 10.4593 sec
Iteration 110
Elapsed time for kappa 29.0087 sec
Elapsed time for experts 11.2186 sec
Elapsed time for households 11.7353 sec
Iteration 111
Elapsed time for kappa 28.9923 sec
Elapsed time for experts 11.1381 sec
Elapsed time for households 11.1509 sec
Iteration 112
Elapsed time for kappa 28.7209 sec
Elapsed time for experts 12.0531 sec
Elapsed time for households 10.4486 sec
Iteration 113
Elapsed time for kappa 28.1563 sec
Elapsed time for experts 11.3120 sec
Elapsed time for households 9.8130 sec
Iteration 114
Elapsed time for kappa 28.2624 sec
Elapsed time for experts 11.4130 sec
Elapsed time for households 9.9431 sec
Iteration 115
Elapsed time for kappa 35.5162 sec
Elapsed time for experts 12.1964 sec
Elapsed time for households 10.8327 sec
Iteration 116
Elapsed time for kappa 29.4803 sec
Elapsed time for experts 11.3404 sec
Elapsed time for households 11.1920 sec
Iteration 117
Elapsed time for kappa 31.9483 sec
Elapsed time for experts 11.3181 sec
Elapsed time for households 10.1349 sec
Iteration 118
Elapsed time for kappa 28.6628 sec
Elapsed time for experts 11.7890 sec
Elapsed time for households 10.3583 sec
Iteration 119
Elapsed time for kappa 28.1948 sec
Elapsed time for experts 10.9243 sec
Elapsed time for households 9.8320 sec
Iteration 120
Elapsed time for kappa 28.3056 sec
Elapsed time for experts 12.0818 sec
Elapsed time for households 10.6497 sec
Iteration 121
Elapsed time for kappa 35.4259 sec
Elapsed time for experts 11.6375 sec
Elapsed time for households 10.7397 sec
Iteration 122
Elapsed time for kappa 29.5410 sec
Elapsed time for experts 11.6206 sec
Elapsed time for households 10.7565 sec
Iteration 123
Elapsed time for kappa 29.0969 sec
Elapsed time for experts 11.9436 sec
Elapsed time for households 12.4726 sec
Iteration 124
Elapsed time for kappa 31.5855 sec
Elapsed time for experts 10.8873 sec
Elapsed time for households 9.9659 sec
Iteration 125
Elapsed time for kappa 28.4573 sec
Elapsed time for experts 10.8199 sec
Elapsed time for households 9.7731 sec
Iteration 126
Elapsed time for kappa 28.2917 sec
Elapsed time for experts 10.7252 sec
Elapsed time for households 10.9224 sec
Iteration 127
Elapsed time for kappa 35.3913 sec
Elapsed time for experts 11.8411 sec
Elapsed time for households 10.6852 sec
Iteration 128
Elapsed time for kappa 29.5899 sec
Elapsed time for experts 11.2457 sec
Elapsed time for households 10.1609 sec
Iteration 129
Elapsed time for kappa 29.0202 sec
Elapsed time for experts 11.6068 sec
Elapsed time for households 9.8100 sec
Iteration 130
Elapsed time for kappa 31.6247 sec
Elapsed time for experts 11.5755 sec
Elapsed time for households 11.3109 sec
Iteration 131
Elapsed time for kappa 28.2473 sec
Elapsed time for experts 11.2271 sec
Elapsed time for households 11.7163 sec
Iteration 132
Elapsed time for kappa 28.4120 sec
Elapsed time for experts 11.0108 sec
Elapsed time for households 9.8216 sec
Iteration 133
Elapsed time for kappa 35.3529 sec
Elapsed time for experts 11.3767 sec
Elapsed time for households 10.8759 sec
Iteration 134
Elapsed time for kappa 32.3910 sec
Elapsed time for experts 11.3154 sec
Elapsed time for households 10.3352 sec
Iteration 135
Elapsed time for kappa 28.9178 sec
Elapsed time for experts 11.6633 sec
Elapsed time for households 10.8727 sec
Iteration 136
Elapsed time for kappa 28.8485 sec
Elapsed time for experts 11.0977 sec
Elapsed time for households 10.5853 sec
Iteration 137
Elapsed time for kappa 28.1830 sec
Elapsed time for experts 10.7491 sec
Elapsed time for households 10.7834 sec
Iteration 138
Elapsed time for kappa 27.9413 sec
Elapsed time for experts 10.6662 sec
Elapsed time for households 9.7577 sec
Iteration 139
Elapsed time for kappa 35.2417 sec
Elapsed time for experts 11.5568 sec
Elapsed time for households 10.3622 sec
Iteration 140
Elapsed time for kappa 29.5098 sec
Elapsed time for experts 11.4183 sec
Elapsed time for households 10.9144 sec
Iteration 141
Elapsed time for kappa 29.0626 sec
Elapsed time for experts 11.5941 sec
Elapsed time for households 10.1343 sec
Iteration 142
Elapsed time for kappa 28.6038 sec
Elapsed time for experts 11.1757 sec
Elapsed time for households 10.9831 sec
Iteration 143
Elapsed time for kappa 28.4558 sec
Elapsed time for experts 10.8884 sec
Elapsed time for households 10.9428 sec
Iteration 144
Elapsed time for kappa 28.2625 sec
Elapsed time for experts 12.0762 sec
Elapsed time for households 10.6781 sec
Iteration 145
Elapsed time for kappa 35.3905 sec
Elapsed time for experts 11.6716 sec
Elapsed time for households 10.0637 sec
Iteration 146
Elapsed time for kappa 29.6784 sec
Elapsed time for experts 11.3631 sec
Elapsed time for households 10.5394 sec
Iteration 147
Elapsed time for kappa 29.1097 sec
Elapsed time for experts 11.1792 sec
Elapsed time for households 10.2239 sec
Iteration 148
Elapsed time for kappa 28.8606 sec
Elapsed time for experts 11.8211 sec
Elapsed time for households 10.1446 sec
Iteration 149
Elapsed time for kappa 28.3827 sec
Elapsed time for experts 11.4631 sec
Elapsed time for households 11.8009 sec
Iteration 150
Elapsed time for kappa 28.3271 sec
Elapsed time for experts 17.2063 sec
Elapsed time for households 10.2894 sec
Iteration 151
Elapsed time for kappa 29.6790 sec
Elapsed time for experts 11.6968 sec
Elapsed time for households 10.3119 sec
Iteration 152
Elapsed time for kappa 29.2737 sec
Elapsed time for experts 11.5743 sec
Elapsed time for households 12.2200 sec
Iteration 153
Elapsed time for kappa 28.8132 sec
Elapsed time for experts 10.8633 sec
Elapsed time for households 10.0234 sec
Iteration 154
Elapsed time for kappa 28.2675 sec
Elapsed time for experts 12.0704 sec
Elapsed time for households 10.6921 sec
Iteration 155
Elapsed time for kappa 31.1886 sec
Elapsed time for experts 11.9861 sec
Elapsed time for households 10.1673 sec
Iteration 156
Elapsed time for kappa 28.2254 sec
Elapsed time for experts 10.9638 sec
Elapsed time for households 16.2727 sec
Iteration 157
Elapsed time for kappa 30.0578 sec
Elapsed time for experts 12.1606 sec
Elapsed time for households 10.0301 sec
Iteration 158
Elapsed time for kappa 32.3440 sec
Elapsed time for experts 13.0541 sec
Elapsed time for households 10.3398 sec
Iteration 159
Elapsed time for kappa 29.0630 sec
Elapsed time for experts 11.2429 sec
Elapsed time for households 11.3152 sec
Iteration 160
Elapsed time for kappa 28.7421 sec
Elapsed time for experts 11.2097 sec
Elapsed time for households 10.5235 sec
Iteration 161
Elapsed time for kappa 28.2459 sec
Elapsed time for experts 10.9360 sec
Elapsed time for households 11.4734 sec
Iteration 162
Elapsed time for kappa 28.0473 sec
Elapsed time for experts 11.2507 sec
Elapsed time for households 16.1680 sec
Iteration 163
Elapsed time for kappa 29.9652 sec
Elapsed time for experts 11.5467 sec
Elapsed time for households 10.5196 sec
Iteration 164
Elapsed time for kappa 32.3600 sec
Elapsed time for experts 12.5812 sec
Elapsed time for households 10.8710 sec
Iteration 165
Elapsed time for kappa 28.9496 sec
Elapsed time for experts 11.2615 sec
Elapsed time for households 9.7336 sec
Iteration 166
Elapsed time for kappa 28.4535 sec
Elapsed time for experts 11.1790 sec
Elapsed time for households 9.7562 sec
Iteration 167
Elapsed time for kappa 28.2312 sec
Elapsed time for experts 10.7329 sec
Elapsed time for households 9.8380 sec
Iteration 168
Elapsed time for kappa 27.8883 sec
Elapsed time for experts 10.7637 sec
Elapsed time for households 11.0708 sec
Iteration 169
Elapsed time for kappa 36.4184 sec
Elapsed time for experts 12.0641 sec
Elapsed time for households 10.2066 sec
Iteration 170
Elapsed time for kappa 29.7279 sec
Elapsed time for experts 11.2104 sec
Elapsed time for households 11.6000 sec
Iteration 171
Elapsed time for kappa 29.2701 sec
Elapsed time for experts 13.1154 sec
Elapsed time for households 10.8866 sec
Iteration 172
Elapsed time for kappa 28.6307 sec
Elapsed time for experts 10.8944 sec
Elapsed time for households 10.0548 sec
Iteration 173
Elapsed time for kappa 28.6231 sec
Elapsed time for experts 11.5375 sec
Elapsed time for households 10.6026 sec
Iteration 174
Elapsed time for kappa 28.1934 sec
Elapsed time for experts 11.2371 sec
Elapsed time for households 16.3117 sec
Iteration 175
Elapsed time for kappa 29.5653 sec
Elapsed time for experts 12.1258 sec
Elapsed time for households 10.8639 sec
Iteration 176
Elapsed time for kappa 29.5154 sec
Elapsed time for experts 11.7080 sec
Elapsed time for households 10.7306 sec
Iteration 177
Elapsed time for kappa 32.0265 sec
Elapsed time for experts 12.4976 sec
Elapsed time for households 10.1624 sec
Iteration 178
Elapsed time for kappa 28.5361 sec
Elapsed time for experts 11.3215 sec
Elapsed time for households 10.4114 sec
Iteration 179
Elapsed time for kappa 28.3461 sec
Elapsed time for experts 11.3622 sec
Elapsed time for households 9.7212 sec
Iteration 180
Elapsed time for kappa 28.1502 sec
Elapsed time for experts 18.1074 sec
Elapsed time for households 12.0209 sec
Iteration 181
Elapsed time for kappa 29.7840 sec
Elapsed time for experts 11.4980 sec
Elapsed time for households 10.3417 sec
Iteration 182
Elapsed time for kappa 29.3023 sec
Elapsed time for experts 12.1372 sec
Elapsed time for households 9.9781 sec
Iteration 183
Elapsed time for kappa 28.9782 sec
Elapsed time for experts 11.1224 sec
Elapsed time for households 10.7990 sec
Iteration 184
Elapsed time for kappa 28.7573 sec
Elapsed time for experts 11.3239 sec
Elapsed time for households 10.3399 sec
Iteration 185
Elapsed time for kappa 28.1069 sec
Elapsed time for experts 11.0764 sec
Elapsed time for households 11.4988 sec
Iteration 186
Elapsed time for kappa 28.2588 sec
Elapsed time for experts 11.2073 sec
Elapsed time for households 17.8766 sec
Iteration 187
Elapsed time for kappa 29.9876 sec
Elapsed time for experts 11.8691 sec
Elapsed time for households 10.4407 sec
Iteration 188
Elapsed time for kappa 29.4856 sec
Elapsed time for experts 11.3326 sec
Elapsed time for households 10.8206 sec
Iteration 189
Elapsed time for kappa 29.2959 sec
Elapsed time for experts 11.8770 sec
Elapsed time for households 10.6471 sec
Iteration 190
Elapsed time for kappa 28.6804 sec
Elapsed time for experts 11.3682 sec
Elapsed time for households 10.1741 sec
Iteration 191
Elapsed time for kappa 28.4586 sec
Elapsed time for experts 11.1087 sec
Elapsed time for households 11.1230 sec
Iteration 192
Elapsed time for kappa 31.0566 sec
Elapsed time for experts 11.0112 sec
Elapsed time for households 16.4493 sec
Iteration 193
Elapsed time for kappa 29.9282 sec
Elapsed time for experts 11.4525 sec
Elapsed time for households 10.4426 sec
Iteration 194
Elapsed time for kappa 29.5245 sec
Elapsed time for experts 11.2939 sec
Elapsed time for households 12.5916 sec
Iteration 195
Elapsed time for kappa 29.1531 sec
Elapsed time for experts 11.0528 sec
Elapsed time for households 10.0764 sec
Iteration 196
Elapsed time for kappa 28.6672 sec
Elapsed time for experts 11.4302 sec
Elapsed time for households 11.1050 sec
Iteration 197
Elapsed time for kappa 28.4221 sec
Elapsed time for experts 11.2468 sec
Elapsed time for households 10.9271 sec
Iteration 198
Elapsed time for kappa 28.1775 sec
Elapsed time for experts 11.1682 sec
Elapsed time for households 10.7433 sec
Iteration 199
Elapsed time for kappa 36.2955 sec
Elapsed time for experts 11.6421 sec
Elapsed time for households 11.0403 sec
Iteration 200
Elapsed time for kappa 29.7631 sec
Elapsed time for experts 11.2812 sec
Elapsed time for households 11.6959 sec
Iteration 201
Elapsed time for kappa 29.5391 sec
Elapsed time for experts 12.1262 sec
Elapsed time for households 11.2937 sec
Iteration 202
Elapsed time for kappa 29.0076 sec
Elapsed time for experts 11.1185 sec
Elapsed time for households 12.1565 sec
Iteration 203
Elapsed time for kappa 28.4581 sec
Elapsed time for experts 11.2296 sec
Elapsed time for households 10.4736 sec
Iteration 204
Elapsed time for kappa 28.2114 sec
Elapsed time for experts 11.2311 sec
Elapsed time for households 16.2227 sec
Iteration 205
Elapsed time for kappa 29.9343 sec
Elapsed time for experts 11.4626 sec
Elapsed time for households 11.3683 sec
Iteration 206
Elapsed time for kappa 29.8352 sec
Elapsed time for experts 11.1825 sec
Elapsed time for households 10.3095 sec
Iteration 207
Elapsed time for kappa 29.3865 sec
Elapsed time for experts 11.6018 sec
Elapsed time for households 11.7536 sec
Iteration 208
Elapsed time for kappa 31.6386 sec
Elapsed time for experts 12.1879 sec
Elapsed time for households 10.4438 sec
Iteration 209
Elapsed time for kappa 28.5689 sec
Elapsed time for experts 10.8074 sec
Elapsed time for households 10.3838 sec
Iteration 210
Elapsed time for kappa 28.1914 sec
Elapsed time for experts 11.1641 sec
Elapsed time for households 10.5324 sec
Iteration 211
Elapsed time for kappa 36.5626 sec
Elapsed time for experts 11.5695 sec
Elapsed time for households 10.9323 sec
Iteration 212
Elapsed time for kappa 29.5438 sec
Elapsed time for experts 12.0208 sec
Elapsed time for households 10.3958 sec
Iteration 213
Elapsed time for kappa 29.6828 sec
Elapsed time for experts 12.2167 sec
Elapsed time for households 10.6540 sec
Iteration 214
Elapsed time for kappa 28.7294 sec
Elapsed time for experts 11.1380 sec
Elapsed time for households 10.5549 sec
Iteration 215
Elapsed time for kappa 28.4296 sec
Elapsed time for experts 11.4828 sec
Elapsed time for households 9.8433 sec
Iteration 216
Elapsed time for kappa 28.3815 sec
Elapsed time for experts 11.3842 sec
Elapsed time for households 9.7324 sec
Iteration 217
Elapsed time for kappa 35.7778 sec
Elapsed time for experts 12.8260 sec
Elapsed time for households 11.9366 sec
Iteration 218
Elapsed time for kappa 32.8414 sec
Elapsed time for experts 11.2911 sec
Elapsed time for households 10.1331 sec
Iteration 219
Elapsed time for kappa 29.4672 sec
Elapsed time for experts 11.6684 sec
Elapsed time for households 10.2707 sec
Iteration 220
Elapsed time for kappa 28.9055 sec
Elapsed time for experts 11.0953 sec
Elapsed time for households 10.4078 sec
Iteration 221
Elapsed time for kappa 28.5771 sec
Elapsed time for experts 10.9529 sec
Elapsed time for households 9.9757 sec
Iteration 222
Elapsed time for kappa 28.1587 sec
Elapsed time for experts 10.7271 sec
Elapsed time for households 16.2296 sec
Iteration 223
Elapsed time for kappa 29.9904 sec
Elapsed time for experts 12.1122 sec
Elapsed time for households 11.1805 sec
Iteration 224
Elapsed time for kappa 29.8231 sec
Elapsed time for experts 11.7769 sec
Elapsed time for households 10.6575 sec
Iteration 225
Elapsed time for kappa 29.4837 sec
Elapsed time for experts 11.3198 sec
Elapsed time for households 10.3412 sec
Iteration 226
Elapsed time for kappa 29.0452 sec
Elapsed time for experts 11.7549 sec
Elapsed time for households 9.9118 sec
Iteration 227
Elapsed time for kappa 28.4284 sec
Elapsed time for experts 11.4085 sec
Elapsed time for households 12.3121 sec
Iteration 228
Elapsed time for kappa 28.2238 sec
Elapsed time for experts 11.2464 sec
Elapsed time for households 10.0776 sec
Iteration 229
Elapsed time for kappa 36.2987 sec
Elapsed time for experts 11.5172 sec
Elapsed time for households 10.4903 sec
Iteration 230
Elapsed time for kappa 29.8013 sec
Elapsed time for experts 11.7109 sec
Elapsed time for households 11.8927 sec
Iteration 231
Elapsed time for kappa 32.3853 sec
Elapsed time for experts 12.5806 sec
Elapsed time for households 11.4585 sec
Iteration 232
Elapsed time for kappa 29.2600 sec
Elapsed time for experts 11.0888 sec
Elapsed time for households 10.5092 sec
Iteration 233
Elapsed time for kappa 28.6113 sec
Elapsed time for experts 10.9165 sec
Elapsed time for households 10.0401 sec
Iteration 234
Elapsed time for kappa 28.2920 sec
Elapsed time for experts 11.1853 sec
Elapsed time for households 16.6882 sec
Iteration 235
Elapsed time for kappa 30.0113 sec
Elapsed time for experts 12.0019 sec
Elapsed time for households 11.4262 sec
Iteration 236
Elapsed time for kappa 29.8259 sec
Elapsed time for experts 11.4396 sec
Elapsed time for households 11.5299 sec
Iteration 237
Elapsed time for kappa 29.4555 sec
Elapsed time for experts 11.9171 sec
Elapsed time for households 11.3126 sec
Iteration 238
Elapsed time for kappa 31.8249 sec
Elapsed time for experts 11.7165 sec
Elapsed time for households 11.1367 sec
Iteration 239
Elapsed time for kappa 28.3719 sec
Elapsed time for experts 11.6260 sec
Elapsed time for households 10.2117 sec
Iteration 240
Elapsed time for kappa 28.4125 sec
Elapsed time for experts 10.6407 sec
Elapsed time for households 10.0054 sec
Iteration 241
Elapsed time for kappa 36.5268 sec
Elapsed time for experts 12.0542 sec
Elapsed time for households 10.5901 sec
Iteration 242
Elapsed time for kappa 29.7154 sec
Elapsed time for experts 11.4000 sec
Elapsed time for households 10.0165 sec
Iteration 243
Elapsed time for kappa 29.5417 sec
Elapsed time for experts 11.3510 sec
Elapsed time for households 11.4510 sec
Iteration 244
Elapsed time for kappa 32.1036 sec
Elapsed time for experts 12.4712 sec
Elapsed time for households 10.1385 sec
Iteration 245
Elapsed time for kappa 28.7666 sec
Elapsed time for experts 11.5411 sec
Elapsed time for households 10.0588 sec
Iteration 246
Elapsed time for kappa 28.4380 sec
Elapsed time for experts 10.8983 sec
Elapsed time for households 16.8414 sec
Iteration 247
Elapsed time for kappa 30.2594 sec
Elapsed time for experts 11.3253 sec
Elapsed time for households 10.0439 sec
Iteration 248
Elapsed time for kappa 29.6468 sec
Elapsed time for experts 11.9447 sec
Elapsed time for households 12.6197 sec
Iteration 249
Elapsed time for kappa 29.3857 sec
Elapsed time for experts 11.2841 sec
Elapsed time for households 11.8134 sec
Iteration 250
Elapsed time for kappa 28.9921 sec
Elapsed time for experts 11.1855 sec
Elapsed time for households 9.9004 sec
Iteration 251
Elapsed time for kappa 28.7347 sec
Elapsed time for experts 10.9639 sec
Elapsed time for households 10.8144 sec
Iteration 252
Elapsed time for kappa 28.2812 sec
Elapsed time for experts 11.1242 sec
Elapsed time for households 9.9196 sec
Iteration 253
Elapsed time for kappa 36.8614 sec
Elapsed time for experts 12.3553 sec
Elapsed time for households 11.1038 sec
Iteration 254
Elapsed time for kappa 29.8170 sec
Elapsed time for experts 11.3689 sec
Elapsed time for households 11.0482 sec
Iteration 255
Elapsed time for kappa 29.7865 sec
Elapsed time for experts 11.4611 sec
Elapsed time for households 11.6036 sec
Iteration 256
Elapsed time for kappa 29.0371 sec
Elapsed time for experts 11.2442 sec
Elapsed time for households 10.2502 sec
Iteration 257
Elapsed time for kappa 28.6668 sec
Elapsed time for experts 11.7688 sec
Elapsed time for households 10.3548 sec
Iteration 258
Elapsed time for kappa 28.5015 sec
Elapsed time for experts 10.8486 sec
Elapsed time for households 10.3698 sec
Iteration 259
Elapsed time for kappa 35.7661 sec
Elapsed time for experts 12.0790 sec
Elapsed time for households 10.9123 sec
Iteration 260
Elapsed time for kappa 29.4737 sec
Elapsed time for experts 11.8550 sec
Elapsed time for households 10.7998 sec
Iteration 261
Elapsed time for kappa 29.2845 sec
Elapsed time for experts 11.1790 sec
Elapsed time for households 10.2264 sec
Iteration 262
Elapsed time for kappa 28.9789 sec
Elapsed time for experts 11.8483 sec
Elapsed time for households 10.5723 sec
Iteration 263
Elapsed time for kappa 28.8356 sec
Elapsed time for experts 11.4806 sec
Elapsed time for households 10.4738 sec
Iteration 264
Elapsed time for kappa 28.6296 sec
Elapsed time for experts 10.8155 sec
Elapsed time for households 16.3839 sec
Iteration 265
Elapsed time for kappa 33.2769 sec
Elapsed time for experts 12.8357 sec
Elapsed time for households 12.3974 sec
Iteration 266
Elapsed time for kappa 29.4948 sec
Elapsed time for experts 11.1350 sec
Elapsed time for households 10.0028 sec
Iteration 267
Elapsed time for kappa 29.2023 sec
Elapsed time for experts 11.1458 sec
Elapsed time for households 11.4523 sec
Iteration 268
Elapsed time for kappa 29.1667 sec
Elapsed time for experts 11.0951 sec
Elapsed time for households 11.2451 sec
Iteration 269
Elapsed time for kappa 28.5883 sec
Elapsed time for experts 11.8132 sec
Elapsed time for households 10.4268 sec
Iteration 270
Elapsed time for kappa 28.4404 sec
Elapsed time for experts 10.7043 sec
Elapsed time for households 10.7738 sec
Iteration 271
Elapsed time for kappa 36.9859 sec
Elapsed time for experts 11.7870 sec
Elapsed time for households 10.3142 sec
Iteration 272
Elapsed time for kappa 29.6156 sec
Elapsed time for experts 11.2952 sec
Elapsed time for households 10.5773 sec
Iteration 273
Elapsed time for kappa 29.6981 sec
Elapsed time for experts 11.3257 sec
Elapsed time for households 11.3774 sec
Iteration 274
Elapsed time for kappa 29.1865 sec
Elapsed time for experts 11.2410 sec
Elapsed time for households 10.3777 sec
Iteration 275
Elapsed time for kappa 28.8671 sec
Elapsed time for experts 11.5196 sec
Elapsed time for households 10.2021 sec
Iteration 276
Elapsed time for kappa 28.7076 sec
Elapsed time for experts 11.0122 sec
Elapsed time for households 17.7271 sec
Iteration 277
Elapsed time for kappa 30.0494 sec
Elapsed time for experts 11.3518 sec
Elapsed time for households 10.5703 sec
Iteration 278
Elapsed time for kappa 29.7365 sec
Elapsed time for experts 11.2485 sec
Elapsed time for households 10.1802 sec
Iteration 279
Elapsed time for kappa 29.5427 sec
Elapsed time for experts 11.2617 sec
Elapsed time for households 10.1859 sec
Iteration 280
Elapsed time for kappa 31.9539 sec
Elapsed time for experts 11.0977 sec
Elapsed time for households 11.0860 sec
Iteration 281
Elapsed time for kappa 28.5926 sec
Elapsed time for experts 10.9207 sec
Elapsed time for households 10.9050 sec
Iteration 282
Elapsed time for kappa 28.2176 sec
Elapsed time for experts 10.7996 sec
Elapsed time for households 11.4793 sec
Iteration 283
Elapsed time for kappa 37.3263 sec
Elapsed time for experts 11.7854 sec
Elapsed time for households 10.7427 sec
Iteration 284
Elapsed time for kappa 29.9793 sec
Elapsed time for experts 12.0356 sec
Elapsed time for households 10.7266 sec
Iteration 285
Elapsed time for kappa 29.5799 sec
Elapsed time for experts 11.6206 sec
Elapsed time for households 10.8428 sec
Iteration 286
Elapsed time for kappa 29.5229 sec
Elapsed time for experts 11.3794 sec
Elapsed time for households 10.3990 sec
Iteration 287
Elapsed time for kappa 29.1642 sec
Elapsed time for experts 11.4446 sec
Elapsed time for households 11.8417 sec
Iteration 288
Elapsed time for kappa 28.3401 sec
Elapsed time for experts 11.5586 sec
Elapsed time for households 10.0287 sec
Iteration 289
Elapsed time for kappa 35.9650 sec
Elapsed time for experts 11.5770 sec
Elapsed time for households 10.4898 sec
Iteration 290
Elapsed time for kappa 29.6410 sec
Elapsed time for experts 12.1001 sec
Elapsed time for households 12.5863 sec
Iteration 291
Elapsed time for kappa 29.8213 sec
Elapsed time for experts 11.2649 sec
Elapsed time for households 10.8766 sec
Iteration 292
Elapsed time for kappa 29.5022 sec
Elapsed time for experts 11.9414 sec
Elapsed time for households 9.8447 sec
Iteration 293
Elapsed time for kappa 28.7556 sec
Elapsed time for experts 11.6640 sec
Elapsed time for households 11.5170 sec
Iteration 294
Elapsed time for kappa 28.6759 sec
Elapsed time for experts 10.9332 sec
Elapsed time for households 16.2081 sec
Iteration 295
Elapsed time for kappa 30.6894 sec
Elapsed time for experts 12.1037 sec
Elapsed time for households 10.5840 sec
Iteration 296
Elapsed time for kappa 29.9399 sec
Elapsed time for experts 11.8007 sec
Elapsed time for households 10.3694 sec
Iteration 297
Elapsed time for kappa 29.6626 sec
Elapsed time for experts 11.6856 sec
Elapsed time for households 12.2857 sec
Iteration 298
Elapsed time for kappa 32.2190 sec
Elapsed time for experts 13.0871 sec
Elapsed time for households 11.5816 sec
Iteration 299
Elapsed time for kappa 28.5940 sec
Elapsed time for experts 11.5791 sec
Elapsed time for households 10.1534 sec
Elapsed time for training 15943.9787 sec
90000 90000 90000 90000
