Iteration 0
Elapsed time for kappa 128.2946 sec
Elapsed time for experts 49.7872 sec
Elapsed time for households 42.5309 sec
Iteration 1
Elapsed time for kappa 95.1689 sec
Elapsed time for experts 44.0022 sec
Elapsed time for households 43.0978 sec
Iteration 2
Elapsed time for kappa 93.9147 sec
Elapsed time for experts 43.0692 sec
Elapsed time for households 39.6307 sec
Iteration 3
Elapsed time for kappa 95.2047 sec
Elapsed time for experts 43.2908 sec
Elapsed time for households 40.4269 sec
Iteration 4
Elapsed time for kappa 94.3693 sec
Elapsed time for experts 42.8480 sec
Elapsed time for households 38.9973 sec
Iteration 5
Elapsed time for kappa 96.4660 sec
Elapsed time for experts 43.3260 sec
Elapsed time for households 39.5473 sec
Iteration 6
Elapsed time for kappa 97.4286 sec
Elapsed time for experts 44.0350 sec
Elapsed time for households 39.7067 sec
Iteration 7
Elapsed time for kappa 103.5425 sec
Elapsed time for experts 44.9708 sec
Elapsed time for households 40.4213 sec
Iteration 8
Elapsed time for kappa 96.1080 sec
Elapsed time for experts 43.2661 sec
Elapsed time for households 39.7202 sec
Iteration 9
Elapsed time for kappa 96.2163 sec
Elapsed time for experts 43.0357 sec
Elapsed time for households 40.1779 sec
Iteration 10
Elapsed time for kappa 95.3716 sec
Elapsed time for experts 43.3544 sec
Elapsed time for households 39.9015 sec
Iteration 11
Elapsed time for kappa 97.1209 sec
Elapsed time for experts 42.5046 sec
Elapsed time for households 40.5969 sec
Iteration 12
Elapsed time for kappa 96.3313 sec
Elapsed time for experts 42.6989 sec
Elapsed time for households 39.3860 sec
Iteration 13
Elapsed time for kappa 104.3724 sec
Elapsed time for experts 43.2114 sec
Elapsed time for households 39.9595 sec
Iteration 14
Elapsed time for kappa 95.9905 sec
Elapsed time for experts 42.8483 sec
Elapsed time for households 39.7913 sec
Elapsed time for training 2746.9338 sec
