Iteration 0
Elapsed time for kappa 71.7067 sec
Elapsed time for experts 21.5573 sec
Elapsed time for households 17.9911 sec
Iteration 1
Elapsed time for kappa 34.6251 sec
Elapsed time for experts 14.8161 sec
Elapsed time for households 13.4822 sec
Iteration 2
Elapsed time for kappa 37.8307 sec
Elapsed time for experts 15.1701 sec
Elapsed time for households 13.7599 sec
Iteration 3
Elapsed time for kappa 34.2991 sec
Elapsed time for experts 15.5378 sec
Elapsed time for households 11.7742 sec
Iteration 4
Elapsed time for kappa 33.1478 sec
Elapsed time for experts 13.0106 sec
Elapsed time for households 11.6488 sec
Iteration 5
Elapsed time for kappa 34.3756 sec
Elapsed time for experts 14.7668 sec
Elapsed time for households 11.7827 sec
Iteration 6
Elapsed time for kappa 34.3254 sec
Elapsed time for experts 15.2859 sec
Elapsed time for households 11.9307 sec
Iteration 7
Elapsed time for kappa 34.4867 sec
Elapsed time for experts 14.9866 sec
Elapsed time for households 20.3815 sec
Iteration 8
Elapsed time for kappa 34.2594 sec
Elapsed time for experts 14.5110 sec
Elapsed time for households 11.9487 sec
Iteration 9
Elapsed time for kappa 33.7533 sec
Elapsed time for experts 15.9350 sec
Elapsed time for households 13.4398 sec
Iteration 10
Elapsed time for kappa 34.1514 sec
Elapsed time for experts 15.9613 sec
Elapsed time for households 12.6650 sec
Iteration 11
Elapsed time for kappa 37.0178 sec
Elapsed time for experts 16.2259 sec
Elapsed time for households 11.8181 sec
Iteration 12
Elapsed time for kappa 35.7716 sec
Elapsed time for experts 16.3680 sec
Elapsed time for households 15.0173 sec
Iteration 13
Elapsed time for kappa 35.1249 sec
Elapsed time for experts 16.6355 sec
Elapsed time for households 21.0856 sec
Iteration 14
Elapsed time for kappa 38.5353 sec
Elapsed time for experts 16.1628 sec
Elapsed time for households 13.2963 sec
Iteration 15
Elapsed time for kappa 34.7641 sec
Elapsed time for experts 12.9766 sec
Elapsed time for households 12.3169 sec
Iteration 16
Elapsed time for kappa 33.6265 sec
Elapsed time for experts 14.1459 sec
Elapsed time for households 11.7160 sec
Iteration 17
Elapsed time for kappa 34.2365 sec
Elapsed time for experts 14.1398 sec
Elapsed time for households 12.9384 sec
Iteration 18
Elapsed time for kappa 33.9768 sec
Elapsed time for experts 12.6124 sec
Elapsed time for households 12.1220 sec
Iteration 19
Elapsed time for kappa 37.9792 sec
Elapsed time for experts 22.7488 sec
Elapsed time for households 14.4749 sec
Iteration 20
Elapsed time for kappa 34.1532 sec
Elapsed time for experts 14.4653 sec
Elapsed time for households 13.6651 sec
Iteration 21
Elapsed time for kappa 38.9707 sec
Elapsed time for experts 12.8765 sec
Elapsed time for households 13.4850 sec
Iteration 22
Elapsed time for kappa 35.6016 sec
Elapsed time for experts 16.8395 sec
Elapsed time for households 12.4302 sec
Iteration 23
Elapsed time for kappa 35.0237 sec
Elapsed time for experts 14.3116 sec
Elapsed time for households 11.1501 sec
Iteration 24
Elapsed time for kappa 33.7877 sec
Elapsed time for experts 14.6703 sec
Elapsed time for households 13.7931 sec
Iteration 25
Elapsed time for kappa 34.3899 sec
Elapsed time for experts 24.0891 sec
Elapsed time for households 15.4719 sec
Iteration 26
Elapsed time for kappa 36.6036 sec
Elapsed time for experts 16.1085 sec
Elapsed time for households 13.1630 sec
Iteration 27
Elapsed time for kappa 35.7358 sec
Elapsed time for experts 13.6377 sec
Elapsed time for households 13.3404 sec
Iteration 28
Elapsed time for kappa 36.6227 sec
Elapsed time for experts 13.2870 sec
Elapsed time for households 11.8594 sec
Iteration 29
Elapsed time for kappa 34.5206 sec
Elapsed time for experts 14.6988 sec
Elapsed time for households 12.2540 sec
Iteration 30
Elapsed time for kappa 33.8734 sec
Elapsed time for experts 13.7669 sec
Elapsed time for households 11.6042 sec
Iteration 31
Elapsed time for kappa 33.1118 sec
Elapsed time for experts 24.7672 sec
Elapsed time for households 14.3604 sec
Iteration 32
Elapsed time for kappa 36.6751 sec
Elapsed time for experts 14.9965 sec
Elapsed time for households 12.1401 sec
Iteration 33
Elapsed time for kappa 33.8729 sec
Elapsed time for experts 12.9358 sec
Elapsed time for households 11.5446 sec
Iteration 34
Elapsed time for kappa 33.5336 sec
Elapsed time for experts 14.6107 sec
Elapsed time for households 11.7795 sec
Iteration 35
Elapsed time for kappa 33.7025 sec
Elapsed time for experts 14.8293 sec
Elapsed time for households 11.5661 sec
Iteration 36
Elapsed time for kappa 33.1530 sec
Elapsed time for experts 13.0703 sec
Elapsed time for households 11.9898 sec
Iteration 37
Elapsed time for kappa 42.9307 sec
Elapsed time for experts 15.7830 sec
Elapsed time for households 12.3064 sec
Iteration 38
Elapsed time for kappa 34.9149 sec
Elapsed time for experts 15.1150 sec
Elapsed time for households 12.2173 sec
Iteration 39
Elapsed time for kappa 34.4481 sec
Elapsed time for experts 14.5682 sec
Elapsed time for households 11.3626 sec
Iteration 40
Elapsed time for kappa 33.8042 sec
Elapsed time for experts 14.2334 sec
Elapsed time for households 11.3777 sec
Iteration 41
Elapsed time for kappa 33.7384 sec
Elapsed time for experts 14.7349 sec
Elapsed time for households 12.1103 sec
Iteration 42
Elapsed time for kappa 34.4422 sec
Elapsed time for experts 13.4804 sec
Elapsed time for households 12.7504 sec
Iteration 43
Elapsed time for kappa 43.1831 sec
Elapsed time for experts 14.6936 sec
Elapsed time for households 11.7782 sec
Iteration 44
Elapsed time for kappa 35.0987 sec
Elapsed time for experts 14.7319 sec
Elapsed time for households 11.4724 sec
Iteration 45
Elapsed time for kappa 34.5945 sec
Elapsed time for experts 14.2176 sec
Elapsed time for households 11.8380 sec
Iteration 46
Elapsed time for kappa 35.1974 sec
Elapsed time for experts 15.0240 sec
Elapsed time for households 11.6191 sec
Iteration 47
Elapsed time for kappa 33.7538 sec
Elapsed time for experts 13.0089 sec
Elapsed time for households 11.4109 sec
Iteration 48
Elapsed time for kappa 33.3034 sec
Elapsed time for experts 13.9935 sec
Elapsed time for households 11.5216 sec
Iteration 49
Elapsed time for kappa 42.9935 sec
Elapsed time for experts 15.9303 sec
Elapsed time for households 11.9855 sec
Iteration 50
Elapsed time for kappa 35.1718 sec
Elapsed time for experts 15.0849 sec
Elapsed time for households 12.1600 sec
Iteration 51
Elapsed time for kappa 35.0459 sec
Elapsed time for experts 14.9903 sec
Elapsed time for households 11.7361 sec
Iteration 52
Elapsed time for kappa 34.8380 sec
Elapsed time for experts 15.0411 sec
Elapsed time for households 11.1801 sec
Iteration 53
Elapsed time for kappa 33.5798 sec
Elapsed time for experts 15.9939 sec
Elapsed time for households 11.4246 sec
Iteration 54
Elapsed time for kappa 33.9471 sec
Elapsed time for experts 15.0431 sec
Elapsed time for households 12.4306 sec
Iteration 55
Elapsed time for kappa 43.9992 sec
Elapsed time for experts 15.9690 sec
Elapsed time for households 13.1441 sec
Iteration 56
Elapsed time for kappa 35.6100 sec
Elapsed time for experts 13.9220 sec
Elapsed time for households 11.6920 sec
Iteration 57
Elapsed time for kappa 34.7580 sec
Elapsed time for experts 13.6811 sec
Elapsed time for households 12.0510 sec
Iteration 58
Elapsed time for kappa 34.9381 sec
Elapsed time for experts 14.2199 sec
Elapsed time for households 11.7231 sec
Iteration 59
Elapsed time for kappa 34.2979 sec
Elapsed time for experts 14.0304 sec
Elapsed time for households 11.7533 sec
Iteration 60
Elapsed time for kappa 34.0566 sec
Elapsed time for experts 14.5357 sec
Elapsed time for households 11.6377 sec
Iteration 61
Elapsed time for kappa 44.8363 sec
Elapsed time for experts 15.7456 sec
Elapsed time for households 12.7100 sec
Iteration 62
Elapsed time for kappa 35.9633 sec
Elapsed time for experts 14.5261 sec
Elapsed time for households 12.1267 sec
Iteration 63
Elapsed time for kappa 35.1401 sec
Elapsed time for experts 14.4933 sec
Elapsed time for households 11.8847 sec
Iteration 64
Elapsed time for kappa 34.7642 sec
Elapsed time for experts 14.3268 sec
Elapsed time for households 11.3527 sec
Iteration 65
Elapsed time for kappa 34.4771 sec
Elapsed time for experts 14.2993 sec
Elapsed time for households 11.4212 sec
Iteration 66
Elapsed time for kappa 34.6630 sec
Elapsed time for experts 13.1062 sec
Elapsed time for households 11.2007 sec
Iteration 67
Elapsed time for kappa 43.6977 sec
Elapsed time for experts 14.2695 sec
Elapsed time for households 14.5041 sec
Iteration 68
Elapsed time for kappa 35.2704 sec
Elapsed time for experts 14.9183 sec
Elapsed time for households 11.9431 sec
Iteration 69
Elapsed time for kappa 34.6608 sec
Elapsed time for experts 14.0683 sec
Elapsed time for households 11.6459 sec
Iteration 70
Elapsed time for kappa 34.5066 sec
Elapsed time for experts 12.4778 sec
Elapsed time for households 11.4468 sec
Iteration 71
Elapsed time for kappa 34.5364 sec
Elapsed time for experts 13.2687 sec
Elapsed time for households 11.5896 sec
Iteration 72
Elapsed time for kappa 34.1322 sec
Elapsed time for experts 13.7244 sec
Elapsed time for households 19.4850 sec
Iteration 73
Elapsed time for kappa 36.1087 sec
Elapsed time for experts 15.4090 sec
Elapsed time for households 12.4971 sec
Iteration 74
Elapsed time for kappa 35.9350 sec
Elapsed time for experts 13.6764 sec
Elapsed time for households 11.8236 sec
Iteration 75
Elapsed time for kappa 35.1252 sec
Elapsed time for experts 14.9738 sec
Elapsed time for households 11.8709 sec
Iteration 76
Elapsed time for kappa 34.7675 sec
Elapsed time for experts 15.4092 sec
Elapsed time for households 11.9242 sec
Iteration 77
Elapsed time for kappa 34.1686 sec
Elapsed time for experts 13.7976 sec
Elapsed time for households 11.7693 sec
Iteration 78
Elapsed time for kappa 33.2436 sec
Elapsed time for experts 12.2527 sec
Elapsed time for households 20.2100 sec
Iteration 79
Elapsed time for kappa 36.3938 sec
Elapsed time for experts 13.6786 sec
Elapsed time for households 12.6861 sec
Iteration 80
Elapsed time for kappa 35.1769 sec
Elapsed time for experts 14.4838 sec
Elapsed time for households 12.8340 sec
Iteration 81
Elapsed time for kappa 34.3750 sec
Elapsed time for experts 14.3205 sec
Elapsed time for households 12.4751 sec
Iteration 82
Elapsed time for kappa 34.5249 sec
Elapsed time for experts 14.1046 sec
Elapsed time for households 11.7461 sec
Iteration 83
Elapsed time for kappa 34.2279 sec
Elapsed time for experts 13.3973 sec
Elapsed time for households 11.5993 sec
Iteration 84
Elapsed time for kappa 34.2865 sec
Elapsed time for experts 14.3468 sec
Elapsed time for households 11.5335 sec
Iteration 85
Elapsed time for kappa 44.8814 sec
Elapsed time for experts 16.2188 sec
Elapsed time for households 13.2891 sec
Iteration 86
Elapsed time for kappa 35.4341 sec
Elapsed time for experts 15.6700 sec
Elapsed time for households 12.3262 sec
Iteration 87
Elapsed time for kappa 35.1674 sec
Elapsed time for experts 14.5441 sec
Elapsed time for households 12.0543 sec
Iteration 88
Elapsed time for kappa 34.5943 sec
Elapsed time for experts 13.8107 sec
Elapsed time for households 11.9690 sec
Iteration 89
Elapsed time for kappa 34.0557 sec
Elapsed time for experts 14.0897 sec
Elapsed time for households 11.4260 sec
Iteration 90
Elapsed time for kappa 33.4439 sec
Elapsed time for experts 13.8524 sec
Elapsed time for households 19.4616 sec
Iteration 91
Elapsed time for kappa 36.1698 sec
Elapsed time for experts 15.7208 sec
Elapsed time for households 12.2722 sec
Iteration 92
Elapsed time for kappa 35.1163 sec
Elapsed time for experts 14.4649 sec
Elapsed time for households 14.3302 sec
Iteration 93
Elapsed time for kappa 34.8407 sec
Elapsed time for experts 15.1351 sec
Elapsed time for households 12.1129 sec
Iteration 94
Elapsed time for kappa 34.5944 sec
Elapsed time for experts 14.2900 sec
Elapsed time for households 11.6748 sec
Iteration 95
Elapsed time for kappa 33.7863 sec
Elapsed time for experts 14.3574 sec
Elapsed time for households 13.7616 sec
Iteration 96
Elapsed time for kappa 33.5956 sec
Elapsed time for experts 23.2307 sec
Elapsed time for households 13.8191 sec
Iteration 97
Elapsed time for kappa 36.2904 sec
Elapsed time for experts 14.6202 sec
Elapsed time for households 12.2831 sec
Iteration 98
Elapsed time for kappa 35.1984 sec
Elapsed time for experts 14.0731 sec
Elapsed time for households 12.3637 sec
Iteration 99
Elapsed time for kappa 34.9892 sec
Elapsed time for experts 14.1365 sec
Elapsed time for households 11.5543 sec
Iteration 100
Elapsed time for kappa 34.1611 sec
Elapsed time for experts 12.8558 sec
Elapsed time for households 12.2031 sec
Iteration 101
Elapsed time for kappa 33.5299 sec
Elapsed time for experts 14.1342 sec
Elapsed time for households 11.7868 sec
Iteration 102
Elapsed time for kappa 33.1950 sec
Elapsed time for experts 23.3443 sec
Elapsed time for households 12.9240 sec
Iteration 103
Elapsed time for kappa 36.3444 sec
Elapsed time for experts 14.9810 sec
Elapsed time for households 13.1048 sec
Iteration 104
Elapsed time for kappa 35.6493 sec
Elapsed time for experts 14.8702 sec
Elapsed time for households 11.9560 sec
Iteration 105
Elapsed time for kappa 34.5153 sec
Elapsed time for experts 14.4936 sec
Elapsed time for households 11.7468 sec
Iteration 106
Elapsed time for kappa 34.2225 sec
Elapsed time for experts 13.5066 sec
Elapsed time for households 12.1787 sec
Iteration 107
Elapsed time for kappa 34.0051 sec
Elapsed time for experts 13.2546 sec
Elapsed time for households 11.5608 sec
Iteration 108
Elapsed time for kappa 33.3933 sec
Elapsed time for experts 22.4476 sec
Elapsed time for households 12.8905 sec
Iteration 109
Elapsed time for kappa 36.2247 sec
Elapsed time for experts 15.4690 sec
Elapsed time for households 12.5995 sec
Iteration 110
Elapsed time for kappa 35.3924 sec
Elapsed time for experts 14.3666 sec
Elapsed time for households 12.6514 sec
Iteration 111
Elapsed time for kappa 34.7355 sec
Elapsed time for experts 13.9159 sec
Elapsed time for households 11.8587 sec
Iteration 112
Elapsed time for kappa 34.2298 sec
Elapsed time for experts 14.7202 sec
Elapsed time for households 12.0459 sec
Iteration 113
Elapsed time for kappa 34.1038 sec
Elapsed time for experts 12.9895 sec
Elapsed time for households 14.3969 sec
Iteration 114
Elapsed time for kappa 33.4356 sec
Elapsed time for experts 21.8405 sec
Elapsed time for households 12.9096 sec
Iteration 115
Elapsed time for kappa 35.9832 sec
Elapsed time for experts 15.1085 sec
Elapsed time for households 12.9397 sec
Iteration 116
Elapsed time for kappa 35.3399 sec
Elapsed time for experts 15.2440 sec
Elapsed time for households 11.9142 sec
Iteration 117
Elapsed time for kappa 34.4569 sec
Elapsed time for experts 14.6237 sec
Elapsed time for households 11.6442 sec
Iteration 118
Elapsed time for kappa 34.1324 sec
Elapsed time for experts 14.5507 sec
Elapsed time for households 12.2358 sec
Iteration 119
Elapsed time for kappa 34.0778 sec
Elapsed time for experts 13.8753 sec
Elapsed time for households 12.1418 sec
Iteration 120
Elapsed time for kappa 45.1338 sec
Elapsed time for experts 14.3916 sec
Elapsed time for households 12.0172 sec
Iteration 121
Elapsed time for kappa 36.5110 sec
Elapsed time for experts 15.7963 sec
Elapsed time for households 12.6817 sec
Iteration 122
Elapsed time for kappa 36.0777 sec
Elapsed time for experts 15.6958 sec
Elapsed time for households 11.9028 sec
Iteration 123
Elapsed time for kappa 34.6480 sec
Elapsed time for experts 14.5743 sec
Elapsed time for households 11.9145 sec
Iteration 124
Elapsed time for kappa 33.7539 sec
Elapsed time for experts 13.1186 sec
Elapsed time for households 12.1143 sec
Iteration 125
Elapsed time for kappa 34.2175 sec
Elapsed time for experts 13.6443 sec
Elapsed time for households 11.5764 sec
Iteration 126
Elapsed time for kappa 44.8005 sec
Elapsed time for experts 15.3222 sec
Elapsed time for households 12.4674 sec
Iteration 127
Elapsed time for kappa 36.9878 sec
Elapsed time for experts 14.5934 sec
Elapsed time for households 12.7680 sec
Iteration 128
Elapsed time for kappa 36.1706 sec
Elapsed time for experts 14.0150 sec
Elapsed time for households 11.8327 sec
Iteration 129
Elapsed time for kappa 35.2013 sec
Elapsed time for experts 14.6761 sec
Elapsed time for households 13.6282 sec
Iteration 130
Elapsed time for kappa 35.1238 sec
Elapsed time for experts 13.6815 sec
Elapsed time for households 11.4470 sec
Iteration 131
Elapsed time for kappa 34.4636 sec
Elapsed time for experts 13.3375 sec
Elapsed time for households 11.2582 sec
Iteration 132
Elapsed time for kappa 44.7558 sec
Elapsed time for experts 14.7516 sec
Elapsed time for households 14.3028 sec
Iteration 133
Elapsed time for kappa 36.8275 sec
Elapsed time for experts 14.8875 sec
Elapsed time for households 12.7055 sec
Iteration 134
Elapsed time for kappa 36.2888 sec
Elapsed time for experts 15.3317 sec
Elapsed time for households 12.0868 sec
Iteration 135
Elapsed time for kappa 35.1228 sec
Elapsed time for experts 13.7868 sec
Elapsed time for households 12.3827 sec
Iteration 136
Elapsed time for kappa 35.0435 sec
Elapsed time for experts 13.9295 sec
Elapsed time for households 11.7079 sec
Iteration 137
Elapsed time for kappa 34.4125 sec
Elapsed time for experts 13.8640 sec
Elapsed time for households 11.4614 sec
Iteration 138
Elapsed time for kappa 46.4883 sec
Elapsed time for experts 14.4095 sec
Elapsed time for households 12.9825 sec
Iteration 139
Elapsed time for kappa 35.7534 sec
Elapsed time for experts 17.1906 sec
Elapsed time for households 12.8420 sec
Iteration 140
Elapsed time for kappa 35.7058 sec
Elapsed time for experts 15.8422 sec
Elapsed time for households 12.7482 sec
Iteration 141
Elapsed time for kappa 35.2166 sec
Elapsed time for experts 14.7137 sec
Elapsed time for households 12.1714 sec
Iteration 142
Elapsed time for kappa 35.0045 sec
Elapsed time for experts 14.7139 sec
Elapsed time for households 12.1176 sec
Iteration 143
Elapsed time for kappa 34.0422 sec
Elapsed time for experts 14.9166 sec
Elapsed time for households 11.8374 sec
Iteration 144
Elapsed time for kappa 45.4533 sec
Elapsed time for experts 15.9729 sec
Elapsed time for households 12.3493 sec
Iteration 145
Elapsed time for kappa 36.7688 sec
Elapsed time for experts 15.6821 sec
Elapsed time for households 13.1706 sec
Iteration 146
Elapsed time for kappa 36.0345 sec
Elapsed time for experts 14.3663 sec
Elapsed time for households 11.8117 sec
Iteration 147
Elapsed time for kappa 35.4393 sec
Elapsed time for experts 14.5192 sec
Elapsed time for households 11.7223 sec
Iteration 148
Elapsed time for kappa 35.3479 sec
Elapsed time for experts 14.4247 sec
Elapsed time for households 12.3476 sec
Iteration 149
Elapsed time for kappa 34.3267 sec
Elapsed time for experts 14.9336 sec
Elapsed time for households 12.2235 sec
Iteration 150
Elapsed time for kappa 45.4533 sec
Elapsed time for experts 15.0415 sec
Elapsed time for households 13.1965 sec
Iteration 151
Elapsed time for kappa 36.4403 sec
Elapsed time for experts 15.6113 sec
Elapsed time for households 13.1595 sec
Iteration 152
Elapsed time for kappa 36.0978 sec
Elapsed time for experts 13.9335 sec
Elapsed time for households 12.0699 sec
Iteration 153
Elapsed time for kappa 35.0941 sec
Elapsed time for experts 14.6114 sec
Elapsed time for households 12.2489 sec
Iteration 154
Elapsed time for kappa 34.3621 sec
Elapsed time for experts 15.1995 sec
Elapsed time for households 12.0253 sec
Iteration 155
Elapsed time for kappa 33.8966 sec
Elapsed time for experts 13.4641 sec
Elapsed time for households 11.0998 sec
Iteration 156
Elapsed time for kappa 44.6624 sec
Elapsed time for experts 14.5651 sec
Elapsed time for households 12.0610 sec
Iteration 157
Elapsed time for kappa 36.8783 sec
Elapsed time for experts 15.4596 sec
Elapsed time for households 12.4333 sec
Iteration 158
Elapsed time for kappa 36.5348 sec
Elapsed time for experts 14.1203 sec
Elapsed time for households 12.0992 sec
Iteration 159
Elapsed time for kappa 35.4685 sec
Elapsed time for experts 14.4755 sec
Elapsed time for households 11.9069 sec
Iteration 160
Elapsed time for kappa 35.1665 sec
Elapsed time for experts 13.6454 sec
Elapsed time for households 12.4491 sec
Iteration 161
Elapsed time for kappa 34.4203 sec
Elapsed time for experts 22.4885 sec
Elapsed time for households 13.3224 sec
Iteration 162
Elapsed time for kappa 36.3475 sec
Elapsed time for experts 15.9602 sec
Elapsed time for households 12.5285 sec
Iteration 163
Elapsed time for kappa 36.0571 sec
Elapsed time for experts 14.1778 sec
Elapsed time for households 12.3643 sec
Iteration 164
Elapsed time for kappa 35.6301 sec
Elapsed time for experts 14.5294 sec
Elapsed time for households 13.5115 sec
Iteration 165
Elapsed time for kappa 34.7482 sec
Elapsed time for experts 14.3253 sec
Elapsed time for households 12.0330 sec
Iteration 166
Elapsed time for kappa 34.4920 sec
Elapsed time for experts 14.8181 sec
Elapsed time for households 11.9443 sec
Iteration 167
Elapsed time for kappa 34.2736 sec
Elapsed time for experts 13.9822 sec
Elapsed time for households 21.5826 sec
Iteration 168
Elapsed time for kappa 36.7438 sec
Elapsed time for experts 14.9614 sec
Elapsed time for households 12.5430 sec
Iteration 169
Elapsed time for kappa 36.2235 sec
Elapsed time for experts 15.5811 sec
Elapsed time for households 12.7047 sec
Iteration 170
Elapsed time for kappa 36.1715 sec
Elapsed time for experts 13.6991 sec
Elapsed time for households 12.4268 sec
Iteration 171
Elapsed time for kappa 34.1308 sec
Elapsed time for experts 15.0314 sec
Elapsed time for households 11.9903 sec
Iteration 172
Elapsed time for kappa 34.9945 sec
Elapsed time for experts 13.3416 sec
Elapsed time for households 11.5795 sec
Iteration 173
Elapsed time for kappa 33.9823 sec
Elapsed time for experts 13.8862 sec
Elapsed time for households 21.0615 sec
Iteration 174
Elapsed time for kappa 37.7426 sec
Elapsed time for experts 14.9258 sec
Elapsed time for households 12.7733 sec
Iteration 175
Elapsed time for kappa 36.6968 sec
Elapsed time for experts 15.9834 sec
Elapsed time for households 12.6372 sec
Iteration 176
Elapsed time for kappa 36.1795 sec
Elapsed time for experts 15.0835 sec
Elapsed time for households 12.7262 sec
Iteration 177
Elapsed time for kappa 35.2945 sec
Elapsed time for experts 15.0601 sec
Elapsed time for households 12.5792 sec
Iteration 178
Elapsed time for kappa 33.6644 sec
Elapsed time for experts 14.9720 sec
Elapsed time for households 12.2400 sec
Iteration 179
Elapsed time for kappa 33.4954 sec
Elapsed time for experts 13.7324 sec
Elapsed time for households 13.5132 sec
Iteration 180
Elapsed time for kappa 47.4467 sec
Elapsed time for experts 16.1120 sec
Elapsed time for households 12.6661 sec
Iteration 181
Elapsed time for kappa 36.5653 sec
Elapsed time for experts 15.1952 sec
Elapsed time for households 12.7156 sec
Iteration 182
Elapsed time for kappa 36.5377 sec
Elapsed time for experts 14.2166 sec
Elapsed time for households 12.9954 sec
Iteration 183
Elapsed time for kappa 35.1189 sec
Elapsed time for experts 14.0110 sec
Elapsed time for households 12.2951 sec
Iteration 184
Elapsed time for kappa 34.5198 sec
Elapsed time for experts 15.0684 sec
Elapsed time for households 12.2709 sec
Iteration 185
Elapsed time for kappa 34.0299 sec
Elapsed time for experts 14.4463 sec
Elapsed time for households 13.3174 sec
Iteration 186
Elapsed time for kappa 45.4087 sec
Elapsed time for experts 15.3544 sec
Elapsed time for households 12.1332 sec
Iteration 187
Elapsed time for kappa 37.0898 sec
Elapsed time for experts 14.5690 sec
Elapsed time for households 12.3810 sec
Iteration 188
Elapsed time for kappa 36.2086 sec
Elapsed time for experts 14.1513 sec
Elapsed time for households 12.7343 sec
Iteration 189
Elapsed time for kappa 35.2458 sec
Elapsed time for experts 15.6345 sec
Elapsed time for households 12.4339 sec
Iteration 190
Elapsed time for kappa 34.6644 sec
Elapsed time for experts 14.7973 sec
Elapsed time for households 12.3315 sec
Iteration 191
Elapsed time for kappa 34.3917 sec
Elapsed time for experts 14.5436 sec
Elapsed time for households 21.0011 sec
Iteration 192
Elapsed time for kappa 37.6784 sec
Elapsed time for experts 14.5795 sec
Elapsed time for households 12.1828 sec
Iteration 193
Elapsed time for kappa 36.6975 sec
Elapsed time for experts 15.4448 sec
Elapsed time for households 12.5474 sec
Iteration 194
Elapsed time for kappa 36.1113 sec
Elapsed time for experts 14.3546 sec
Elapsed time for households 12.1123 sec
Iteration 195
Elapsed time for kappa 35.4659 sec
Elapsed time for experts 15.2759 sec
Elapsed time for households 12.0918 sec
Iteration 196
Elapsed time for kappa 34.5104 sec
Elapsed time for experts 14.2373 sec
Elapsed time for households 12.0939 sec
Iteration 197
Elapsed time for kappa 33.2607 sec
Elapsed time for experts 14.3903 sec
Elapsed time for households 11.7417 sec
Iteration 198
Elapsed time for kappa 46.1300 sec
Elapsed time for experts 17.3323 sec
Elapsed time for households 12.5139 sec
Iteration 199
Elapsed time for kappa 36.5187 sec
Elapsed time for experts 14.8280 sec
Elapsed time for households 12.3294 sec
Iteration 200
Elapsed time for kappa 36.3040 sec
Elapsed time for experts 15.3981 sec
Elapsed time for households 11.9570 sec
Iteration 201
Elapsed time for kappa 35.9577 sec
Elapsed time for experts 14.1922 sec
Elapsed time for households 12.1938 sec
Iteration 202
Elapsed time for kappa 35.1415 sec
Elapsed time for experts 13.6249 sec
Elapsed time for households 11.6913 sec
Iteration 203
Elapsed time for kappa 34.4175 sec
Elapsed time for experts 14.4025 sec
Elapsed time for households 22.8931 sec
Iteration 204
Elapsed time for kappa 37.6040 sec
Elapsed time for experts 16.0848 sec
Elapsed time for households 14.2956 sec
Iteration 205
Elapsed time for kappa 36.7440 sec
Elapsed time for experts 15.3527 sec
Elapsed time for households 12.2411 sec
Iteration 206
Elapsed time for kappa 35.7760 sec
Elapsed time for experts 15.0228 sec
Elapsed time for households 12.0988 sec
Iteration 207
Elapsed time for kappa 35.4450 sec
Elapsed time for experts 14.4661 sec
Elapsed time for households 13.6459 sec
Iteration 208
Elapsed time for kappa 34.8413 sec
Elapsed time for experts 13.7147 sec
Elapsed time for households 12.0530 sec
Iteration 209
Elapsed time for kappa 33.7512 sec
Elapsed time for experts 14.6855 sec
Elapsed time for households 21.7673 sec
Iteration 210
Elapsed time for kappa 37.4349 sec
Elapsed time for experts 14.8747 sec
Elapsed time for households 12.5917 sec
Iteration 211
Elapsed time for kappa 36.9569 sec
Elapsed time for experts 15.4688 sec
Elapsed time for households 12.2618 sec
Iteration 212
Elapsed time for kappa 35.6072 sec
Elapsed time for experts 15.4050 sec
Elapsed time for households 12.5184 sec
Iteration 213
Elapsed time for kappa 35.1869 sec
Elapsed time for experts 14.9843 sec
Elapsed time for households 14.0067 sec
Iteration 214
Elapsed time for kappa 35.1693 sec
Elapsed time for experts 14.6197 sec
Elapsed time for households 11.7809 sec
Iteration 215
Elapsed time for kappa 34.2584 sec
Elapsed time for experts 14.5508 sec
Elapsed time for households 21.7432 sec
Iteration 216
Elapsed time for kappa 37.6914 sec
Elapsed time for experts 16.4515 sec
Elapsed time for households 12.4654 sec
Iteration 217
Elapsed time for kappa 36.4230 sec
Elapsed time for experts 14.5709 sec
Elapsed time for households 12.0835 sec
Iteration 218
Elapsed time for kappa 35.7825 sec
Elapsed time for experts 14.9698 sec
Elapsed time for households 11.7747 sec
Iteration 219
Elapsed time for kappa 34.9258 sec
Elapsed time for experts 15.1130 sec
Elapsed time for households 11.6489 sec
Iteration 220
Elapsed time for kappa 34.7265 sec
Elapsed time for experts 12.7885 sec
Elapsed time for households 11.5697 sec
Iteration 221
Elapsed time for kappa 33.7886 sec
Elapsed time for experts 12.2840 sec
Elapsed time for households 13.6267 sec
Iteration 222
Elapsed time for kappa 46.7053 sec
Elapsed time for experts 15.9419 sec
Elapsed time for households 12.8304 sec
Iteration 223
Elapsed time for kappa 36.1689 sec
Elapsed time for experts 14.5752 sec
Elapsed time for households 12.2106 sec
Iteration 224
Elapsed time for kappa 35.8695 sec
Elapsed time for experts 14.0347 sec
Elapsed time for households 12.9761 sec
Iteration 225
Elapsed time for kappa 34.7049 sec
Elapsed time for experts 14.9757 sec
Elapsed time for households 12.0151 sec
Iteration 226
Elapsed time for kappa 34.0497 sec
Elapsed time for experts 14.0365 sec
Elapsed time for households 11.7630 sec
Iteration 227
Elapsed time for kappa 33.5062 sec
Elapsed time for experts 14.6687 sec
Elapsed time for households 11.2741 sec
Iteration 228
Elapsed time for kappa 44.2990 sec
Elapsed time for experts 15.0645 sec
Elapsed time for households 12.9076 sec
Iteration 229
Elapsed time for kappa 35.7698 sec
Elapsed time for experts 14.8573 sec
Elapsed time for households 12.0180 sec
Iteration 230
Elapsed time for kappa 35.0842 sec
Elapsed time for experts 13.2644 sec
Elapsed time for households 12.5552 sec
Iteration 231
Elapsed time for kappa 34.2630 sec
Elapsed time for experts 12.9521 sec
Elapsed time for households 11.8605 sec
Iteration 232
Elapsed time for kappa 33.3815 sec
Elapsed time for experts 12.7768 sec
Elapsed time for households 11.3555 sec
Iteration 233
Elapsed time for kappa 33.1219 sec
Elapsed time for experts 14.0256 sec
Elapsed time for households 19.9805 sec
Iteration 234
Elapsed time for kappa 36.1442 sec
Elapsed time for experts 15.0877 sec
Elapsed time for households 12.0902 sec
Iteration 235
Elapsed time for kappa 35.7049 sec
Elapsed time for experts 14.2345 sec
Elapsed time for households 12.9891 sec
Iteration 236
Elapsed time for kappa 35.0678 sec
Elapsed time for experts 14.8217 sec
Elapsed time for households 11.6994 sec
Iteration 237
Elapsed time for kappa 34.1876 sec
Elapsed time for experts 12.5337 sec
Elapsed time for households 11.3177 sec
Iteration 238
Elapsed time for kappa 33.4722 sec
Elapsed time for experts 12.9417 sec
Elapsed time for households 11.1769 sec
Iteration 239
Elapsed time for kappa 33.4371 sec
Elapsed time for experts 12.9351 sec
Elapsed time for households 11.8157 sec
Iteration 240
Elapsed time for kappa 43.5666 sec
Elapsed time for experts 15.3916 sec
Elapsed time for households 12.3579 sec
Iteration 241
Elapsed time for kappa 35.0135 sec
Elapsed time for experts 14.9939 sec
Elapsed time for households 12.0266 sec
Iteration 242
Elapsed time for kappa 34.5280 sec
Elapsed time for experts 15.3873 sec
Elapsed time for households 12.3433 sec
Iteration 243
Elapsed time for kappa 33.2530 sec
Elapsed time for experts 14.6572 sec
Elapsed time for households 11.5569 sec
Iteration 244
Elapsed time for kappa 32.9055 sec
Elapsed time for experts 14.5094 sec
Elapsed time for households 11.1159 sec
Iteration 245
Elapsed time for kappa 32.4326 sec
Elapsed time for experts 12.3332 sec
Elapsed time for households 18.3206 sec
Iteration 246
Elapsed time for kappa 34.5634 sec
Elapsed time for experts 14.4967 sec
Elapsed time for households 11.6332 sec
Iteration 247
Elapsed time for kappa 34.4466 sec
Elapsed time for experts 14.9130 sec
Elapsed time for households 11.1490 sec
Iteration 248
Elapsed time for kappa 33.8933 sec
Elapsed time for experts 14.7626 sec
Elapsed time for households 11.6197 sec
Iteration 249
Elapsed time for kappa 33.3554 sec
Elapsed time for experts 13.2482 sec
Elapsed time for households 11.1623 sec
Iteration 250
Elapsed time for kappa 33.6147 sec
Elapsed time for experts 12.1938 sec
Elapsed time for households 11.2544 sec
Iteration 251
Elapsed time for kappa 32.4529 sec
Elapsed time for experts 13.6250 sec
Elapsed time for households 11.8360 sec
Iteration 252
Elapsed time for kappa 42.2093 sec
Elapsed time for experts 15.1215 sec
Elapsed time for households 12.1775 sec
Iteration 253
Elapsed time for kappa 33.7482 sec
Elapsed time for experts 13.8991 sec
Elapsed time for households 12.7560 sec
Iteration 254
Elapsed time for kappa 32.7839 sec
Elapsed time for experts 13.5522 sec
Elapsed time for households 13.7339 sec
Iteration 255
Elapsed time for kappa 33.4896 sec
Elapsed time for experts 13.0046 sec
Elapsed time for households 12.0383 sec
Iteration 256
Elapsed time for kappa 34.4621 sec
Elapsed time for experts 14.9557 sec
Elapsed time for households 11.5700 sec
Iteration 257
Elapsed time for kappa 31.8383 sec
Elapsed time for experts 14.1869 sec
Elapsed time for households 11.0722 sec
Iteration 258
Elapsed time for kappa 41.0124 sec
Elapsed time for experts 14.2011 sec
Elapsed time for households 11.6731 sec
Iteration 259
Elapsed time for kappa 33.6465 sec
Elapsed time for experts 13.9489 sec
Elapsed time for households 11.3389 sec
Iteration 260
Elapsed time for kappa 32.3956 sec
Elapsed time for experts 14.2590 sec
Elapsed time for households 12.7165 sec
Iteration 261
Elapsed time for kappa 33.6219 sec
Elapsed time for experts 13.2440 sec
Elapsed time for households 10.7755 sec
Iteration 262
Elapsed time for kappa 30.5260 sec
Elapsed time for experts 12.1674 sec
Elapsed time for households 10.7104 sec
Iteration 263
Elapsed time for kappa 30.6410 sec
Elapsed time for experts 11.7057 sec
Elapsed time for households 17.0524 sec
Iteration 264
Elapsed time for kappa 31.6756 sec
Elapsed time for experts 11.8231 sec
Elapsed time for households 12.9551 sec
Iteration 265
Elapsed time for kappa 30.9639 sec
Elapsed time for experts 12.2770 sec
Elapsed time for households 12.2721 sec
Iteration 266
Elapsed time for kappa 30.3645 sec
Elapsed time for experts 12.8151 sec
Elapsed time for households 10.5006 sec
Iteration 267
Elapsed time for kappa 29.8300 sec
Elapsed time for experts 12.5062 sec
Elapsed time for households 10.4909 sec
Iteration 268
Elapsed time for kappa 29.5196 sec
Elapsed time for experts 12.1391 sec
Elapsed time for households 10.0063 sec
Iteration 269
Elapsed time for kappa 30.2718 sec
Elapsed time for experts 11.0095 sec
Elapsed time for households 10.1955 sec
Iteration 270
Elapsed time for kappa 38.0497 sec
Elapsed time for experts 12.9616 sec
Elapsed time for households 10.6375 sec
Iteration 271
Elapsed time for kappa 30.2970 sec
Elapsed time for experts 13.4409 sec
Elapsed time for households 10.9228 sec
Iteration 272
Elapsed time for kappa 30.2909 sec
Elapsed time for experts 12.3298 sec
Elapsed time for households 10.4072 sec
Iteration 273
Elapsed time for kappa 29.9256 sec
Elapsed time for experts 12.8600 sec
Elapsed time for households 10.3329 sec
Iteration 274
Elapsed time for kappa 29.4273 sec
Elapsed time for experts 12.4736 sec
Elapsed time for households 10.1487 sec
Iteration 275
Elapsed time for kappa 28.9306 sec
Elapsed time for experts 11.9952 sec
Elapsed time for households 16.2425 sec
Iteration 276
Elapsed time for kappa 30.8605 sec
Elapsed time for experts 11.6548 sec
Elapsed time for households 10.4639 sec
Iteration 277
Elapsed time for kappa 29.8839 sec
Elapsed time for experts 12.2046 sec
Elapsed time for households 10.2811 sec
Iteration 278
Elapsed time for kappa 29.8065 sec
Elapsed time for experts 11.4198 sec
Elapsed time for households 10.3440 sec
Iteration 279
Elapsed time for kappa 29.4903 sec
Elapsed time for experts 12.7889 sec
Elapsed time for households 10.1350 sec
Iteration 280
Elapsed time for kappa 28.7330 sec
Elapsed time for experts 11.7252 sec
Elapsed time for households 9.8631 sec
Iteration 281
Elapsed time for kappa 29.8375 sec
Elapsed time for experts 10.8077 sec
Elapsed time for households 10.1178 sec
Iteration 282
Elapsed time for kappa 37.7604 sec
Elapsed time for experts 12.9324 sec
Elapsed time for households 12.8395 sec
Iteration 283
Elapsed time for kappa 34.2511 sec
Elapsed time for experts 11.3953 sec
Elapsed time for households 10.3358 sec
Iteration 284
Elapsed time for kappa 29.9977 sec
Elapsed time for experts 11.2193 sec
Elapsed time for households 10.3679 sec
Iteration 285
Elapsed time for kappa 29.5700 sec
Elapsed time for experts 11.2426 sec
Elapsed time for households 10.1044 sec
Iteration 286
Elapsed time for kappa 28.5857 sec
Elapsed time for experts 11.0832 sec
Elapsed time for households 9.9339 sec
Iteration 287
Elapsed time for kappa 28.3762 sec
Elapsed time for experts 12.8976 sec
Elapsed time for households 16.6369 sec
Iteration 288
Elapsed time for kappa 30.6336 sec
Elapsed time for experts 13.5654 sec
Elapsed time for households 10.6252 sec
Iteration 289
Elapsed time for kappa 29.3298 sec
Elapsed time for experts 12.8709 sec
Elapsed time for households 11.1099 sec
Iteration 290
Elapsed time for kappa 33.5118 sec
Elapsed time for experts 12.8529 sec
Elapsed time for households 12.7610 sec
Iteration 291
Elapsed time for kappa 32.8247 sec
Elapsed time for experts 16.3885 sec
Elapsed time for households 13.4623 sec
Iteration 292
Elapsed time for kappa 34.0425 sec
Elapsed time for experts 11.7160 sec
Elapsed time for households 12.6933 sec
Iteration 293
Elapsed time for kappa 30.0951 sec
Elapsed time for experts 11.1744 sec
Elapsed time for households 12.0443 sec
Iteration 294
Elapsed time for kappa 40.3349 sec
Elapsed time for experts 15.5170 sec
Elapsed time for households 13.6695 sec
Iteration 295
Elapsed time for kappa 42.1981 sec
Elapsed time for experts 13.4273 sec
Elapsed time for households 10.8146 sec
Iteration 296
Elapsed time for kappa 29.9676 sec
Elapsed time for experts 12.5265 sec
Elapsed time for households 12.0938 sec
Iteration 297
Elapsed time for kappa 29.7704 sec
Elapsed time for experts 12.8527 sec
Elapsed time for households 10.1570 sec
Iteration 298
Elapsed time for kappa 29.0934 sec
Elapsed time for experts 13.1141 sec
Elapsed time for households 12.8218 sec
Iteration 299
Elapsed time for kappa 30.8074 sec
Elapsed time for experts 12.7846 sec
Elapsed time for households 10.0586 sec
Elapsed time for training 18734.1187 sec
90000 90000 90000 90000
